ARM GAS  C:\DOCUME~1\ADMINI~1\LOCALS~1\Temp\ccn8QGi5.s 			page 1


   1              		.syntax unified
   2              		.cpu cortex-m3
   3              		.fpu softvfp
   4              		.eabi_attribute 20, 1
   5              		.eabi_attribute 21, 1
   6              		.eabi_attribute 23, 3
   7              		.eabi_attribute 24, 1
   8              		.eabi_attribute 25, 1
   9              		.eabi_attribute 26, 1
  10              		.eabi_attribute 30, 6
  11              		.eabi_attribute 18, 4
  12              		.thumb
  13              		.file	"Application.c"
  14              		.section	.debug_abbrev,"",%progbits
  15              	.Ldebug_abbrev0:
  16              		.section	.debug_info,"",%progbits
  17              	.Ldebug_info0:
  18              		.section	.debug_line,"",%progbits
  19              	.Ldebug_line0:
  20 0000 BF000000 		.text
  20      02005A00 
  20      00000201 
  20      FB0E0D00 
  20      01010101 
  21              	.Ltext0:
  22              		.cfi_sections	.debug_frame
  23              		.global	buttonStatus
  24              		.bss
  25              		.type	buttonStatus, %object
  26              		.size	buttonStatus, 1
  27              	buttonStatus:
  28 0000 00       		.space	1
  29              		.comm	buttonMask,4,4
  30              		.global	applicationInitiate
  31              		.data
  32              		.type	applicationInitiate, %object
  33              		.size	applicationInitiate, 1
  34              	applicationInitiate:
  35 0000 01       		.byte	1
  36              		.global	playlistControlReport
  37              		.bss
  38              		.type	playlistControlReport, %object
  39              		.size	playlistControlReport, 1
  40              	playlistControlReport:
  41 0001 00       		.space	1
  42              		.global	prevReport
  43              		.type	prevReport, %object
  44              		.size	prevReport, 1
  45              	prevReport:
  46 0002 00       		.space	1
  47              		.global	switchDebounceTimer
  48              		.type	switchDebounceTimer, %object
  49              		.size	switchDebounceTimer, 1
  50              	switchDebounceTimer:
  51 0003 00       		.space	1
  52              		.section	.text.ConfigureApplication,"ax",%progbits
  53              		.align	2
ARM GAS  C:\DOCUME~1\ADMINI~1\LOCALS~1\Temp\ccn8QGi5.s 			page 2


  54              		.global	ConfigureApplication
  55              		.thumb
  56              		.thumb_func
  57              		.type	ConfigureApplication, %function
  58              	ConfigureApplication:
  59              	.LFB29:
  60              		.file 1 ".\\Application.c"
   1:.\Application.c **** /*******************************************************************************
   2:.\Application.c **** * File Name: Application.c
   3:.\Application.c **** *
   4:.\Application.c **** * Version 1.0
   5:.\Application.c **** *
   6:.\Application.c **** *  Description: This file contains all the application layer code for
   7:.\Application.c **** *               user interface handling routines
   8:.\Application.c **** *
   9:.\Application.c **** ********************************************************************************
  10:.\Application.c **** * Copyright (2008-2013), Cypress Semiconductor Corporation.
  11:.\Application.c **** ********************************************************************************
  12:.\Application.c **** * This software is owned by Cypress Semiconductor Corporation (Cypress) and is
  13:.\Application.c **** * protected by and subject to worldwide patent protection (United States and
  14:.\Application.c **** * foreign), United States copyright laws and international treaty provisions.
  15:.\Application.c **** * Cypress hereby grants to licensee a personal, non-exclusive, non-transferable
  16:.\Application.c **** * license to copy, use, modify, create derivative works of, and compile the
  17:.\Application.c **** * Cypress Source Code and derivative works for the sole purpose of creating
  18:.\Application.c **** * custom software in support of licensee product to be used only in conjunction
  19:.\Application.c **** * with a Cypress integrated circuit as specified in the applicable agreement.
  20:.\Application.c **** * Any reproduction, modification, translation, compilation, or representation of
  21:.\Application.c **** * this software except as specified above is prohibited without the express
  22:.\Application.c **** * written permission of Cypress.
  23:.\Application.c **** *
  24:.\Application.c **** * Disclaimer: CYPRESS MAKES NO WARRANTY OF ANY KIND, EXPRESS OR IMPLIED, WITH
  25:.\Application.c **** * REGARD TO THIS MATERIAL, INCLUDING, BUT NOT LIMITED TO, THE IMPLIED
  26:.\Application.c **** * WARRANTIES OF MERCHANTABILITY AND FITNESS FOR A PARTICULAR PURPOSE.
  27:.\Application.c **** * Cypress reserves the right to make changes without further notice to the
  28:.\Application.c **** * materials described herein. Cypress does not assume any liability arising out
  29:.\Application.c **** * of the application or use of any product or circuit described herein. Cypress
  30:.\Application.c **** * does not authorize its products for use as critical components in life-support
  31:.\Application.c **** * systems where a malfunction or failure may reasonably be expected to result in
  32:.\Application.c **** * significant injury to the user. The inclusion of Cypress' product in a life-
  33:.\Application.c **** * support systems application implies that the manufacturer assumes all risk of
  34:.\Application.c **** * such use and in doing so indemnifies Cypress against all charges. Use may be
  35:.\Application.c **** * limited by and subject to the applicable Cypress software license agreement.
  36:.\Application.c **** *******************************************************************************/
  37:.\Application.c **** #include <Application.h>
  38:.\Application.c **** #include <AudioControl.h>
  39:.\Application.c **** #include <Configuration.h>
  40:.\Application.c **** #include <codec.h>		
  41:.\Application.c **** #include <device.h>
  42:.\Application.c **** #include <Interrupts.h>
  43:.\Application.c **** #include <stdio.h>
  44:.\Application.c **** #include <USBInterface.h>
  45:.\Application.c **** #include <VolumeControl.h>
  46:.\Application.c **** 
  47:.\Application.c **** /* function declaration */
  48:.\Application.c **** static void HandleUserInputs(void);
  49:.\Application.c **** static void CheckPlayPauseButton(void);
  50:.\Application.c **** 
ARM GAS  C:\DOCUME~1\ADMINI~1\LOCALS~1\Temp\ccn8QGi5.s 			page 3


  51:.\Application.c **** /* Extern declarations */
  52:.\Application.c **** extern uint8 USBFS_initVar;
  53:.\Application.c **** extern volatile uint8 USBFS_currentVolume[];
  54:.\Application.c **** extern volatile uint8 USBFS_currentMute;
  55:.\Application.c **** 
  56:.\Application.c **** extern CYBIT codecInit;
  57:.\Application.c **** extern CYBIT outPlaying;
  58:.\Application.c **** 
  59:.\Application.c **** /* Global variables used for playlist-control buttons */
  60:.\Application.c **** uint8 buttonStatus = 0;
  61:.\Application.c **** uint32 buttonMask;
  62:.\Application.c **** CYBIT applicationInitiate = TRUE;
  63:.\Application.c **** uint8 playlistControlReport = 0;
  64:.\Application.c **** uint8 prevReport = 0;
  65:.\Application.c **** 
  66:.\Application.c **** /* Global variables used for the switch "PSOC_SW", which is used for Play/Pause */
  67:.\Application.c **** uint8 switchDebounceTimer = 0;
  68:.\Application.c **** 
  69:.\Application.c **** /*******************************************************************************
  70:.\Application.c **** * Function Name: ConfigureApplication
  71:.\Application.c **** ********************************************************************************
  72:.\Application.c **** * Summary:
  73:.\Application.c **** *        This function configures the application layer hardware modules and
  74:.\Application.c **** *        clocks to be in sync with the audio clock updates done in 
  75:.\Application.c **** *        ConfigureAudioPath API
  76:.\Application.c **** *
  77:.\Application.c **** * Parameters:
  78:.\Application.c **** *  void
  79:.\Application.c **** *
  80:.\Application.c **** * Return:
  81:.\Application.c **** *  void
  82:.\Application.c **** *
  83:.\Application.c **** *******************************************************************************/
  84:.\Application.c **** void ConfigureApplication(void)
  85:.\Application.c **** {
  61              		.loc 1 85 0
  62              		.cfi_startproc
  63              		@ args = 0, pretend = 0, frame = 0
  64              		@ frame_needed = 1, uses_anonymous_args = 0
  65 0000 80B5     		push	{r7, lr}
  66              	.LCFI0:
  67              		.cfi_def_cfa_offset 8
  68 0002 00AF     		add	r7, sp, #0
  69              		.cfi_offset 14, -4
  70              		.cfi_offset 7, -8
  71              	.LCFI1:
  72              		.cfi_def_cfa_register 7
  86:.\Application.c ****     CYGlobalIntEnable;
  73              		.loc 1 86 0
  74              	@ 86 ".\Application.c" 1
  75 0004 62B6     		CPSIE   i
  76              	@ 0 "" 2
  87:.\Application.c **** 	
  88:.\Application.c ****     /* Configure the I2C clock speed for 400kHz operation */
  89:.\Application.c **** 	#ifdef CODEC_I2C_SUPPORTED
  90:.\Application.c **** 	I2C_Master_CLKDIV1_REG = I2C_DIVIDER_400KHZ_OPERATION;
  91:.\Application.c **** 	#endif
ARM GAS  C:\DOCUME~1\ADMINI~1\LOCALS~1\Temp\ccn8QGi5.s 			page 4


  92:.\Application.c ****             
  93:.\Application.c ****     /* Enable 8ms tick sleep ISR */
  94:.\Application.c ****     SystemTickTimer_Start();
  77              		.loc 1 94 0
  78              		.thumb
  79 0006 FFF7FEFF 		bl	SystemTickTimer_Start
  95:.\Application.c ****     isr_Tick_StartEx(Tick_Interrupt);
  80              		.loc 1 95 0
  81 000a 40F20000 		movw	r0, #:lower16:Tick_Interrupt
  82 000e C0F20000 		movt	r0, #:upper16:Tick_Interrupt
  83 0012 FFF7FEFF 		bl	isr_Tick_StartEx
  96:.\Application.c ****     
  97:.\Application.c ****     #ifdef ENABLE_WATCHDOG
  98:.\Application.c ****     /* Watchdog timer is clocked from internal 1KHz ILO, for USB Operation 100KHz ILO is selected i
  99:.\Application.c ****      * configuration wizard, explicitly enable 1KHz ILO for WDT */
 100:.\Application.c ****     CyILO_Start1K();
  84              		.loc 1 100 0
  85 0016 FFF7FEFF 		bl	CyILO_Start1K
 101:.\Application.c ****     
 102:.\Application.c ****     /* Enable Watchdog for recovering from unresponsive system, The time for WDT is set to two 1sec
 103:.\Application.c ****     CyWdtStart(CYWDT_1024_TICKS, CYWDT_LPMODE_DISABLED);
  86              		.loc 1 103 0
  87 001a 4FF00300 		mov	r0, #3
  88 001e 4FF00301 		mov	r1, #3
  89 0022 FFF7FEFF 		bl	CyWdtStart
 104:.\Application.c ****     #endif
 105:.\Application.c ****     
 106:.\Application.c ****     /* USER_CODE: [Accessory Initialization] Placeholder for initializing additional user added com
 107:.\Application.c ****      * external peripherals. This block of code is called once after accessory reset event and the 
 108:.\Application.c ****      * will be in idle mode (See TopDesign.cysch for idle mode clock details) */
 109:.\Application.c **** }
  90              		.loc 1 109 0
  91 0026 80BD     		pop	{r7, pc}
  92              		.cfi_endproc
  93              	.LFE29:
  94              		.size	ConfigureApplication, .-ConfigureApplication
  95              		.section	.text.HandleApplicationInterface,"ax",%progbits
  96              		.align	2
  97              		.global	HandleApplicationInterface
  98              		.thumb
  99              		.thumb_func
 100              		.type	HandleApplicationInterface, %function
 101              	HandleApplicationInterface:
 102              	.LFB30:
 110:.\Application.c **** 
 111:.\Application.c **** /*******************************************************************************
 112:.\Application.c **** * Function Name: HandleApplicationInterface
 113:.\Application.c **** ********************************************************************************
 114:.\Application.c **** * Summary:
 115:.\Application.c **** *        This function handles all the application layer related firmware code
 116:.\Application.c **** *        related to user inputs
 117:.\Application.c **** *
 118:.\Application.c **** * Parameters:
 119:.\Application.c **** *  void
 120:.\Application.c **** *
 121:.\Application.c **** * Return:
 122:.\Application.c **** *  void
ARM GAS  C:\DOCUME~1\ADMINI~1\LOCALS~1\Temp\ccn8QGi5.s 			page 5


 123:.\Application.c **** *
 124:.\Application.c **** *******************************************************************************/
 125:.\Application.c **** void HandleApplicationInterface(void)
 126:.\Application.c **** {
 103              		.loc 1 126 0
 104              		.cfi_startproc
 105              		@ args = 0, pretend = 0, frame = 0
 106              		@ frame_needed = 1, uses_anonymous_args = 0
 107 0000 80B5     		push	{r7, lr}
 108              	.LCFI2:
 109              		.cfi_def_cfa_offset 8
 110 0002 00AF     		add	r7, sp, #0
 111              		.cfi_offset 14, -4
 112              		.cfi_offset 7, -8
 113              	.LCFI3:
 114              		.cfi_def_cfa_register 7
 127:.\Application.c ****    
 128:.\Application.c **** 	HandleUserInputs(); /* Handle play/pause button user inputs */
 115              		.loc 1 128 0
 116 0004 FFF7FEFF 		bl	HandleUserInputs
 129:.\Application.c ****     
 130:.\Application.c **** 	/* Turning ON the STATUS LED consumes ~4 mA. Comment out the below line if LED indication while au
 131:.\Application.c **** 	 * is not needed */
 132:.\Application.c **** 	UpdateAudioStatusUI(); /* Update the Status LED depending on the audio streaming mode */
 117              		.loc 1 132 0
 118 0008 FFF7FEFF 		bl	UpdateAudioStatusUI
 133:.\Application.c **** 		
 134:.\Application.c **** 	#ifdef ENABLE_VOLUME_CONTROL
 135:.\Application.c ****     HandleUSBVolumeUpdate(); /* Update the codec volume as per the volume update from the host */
 136:.\Application.c ****     #endif 
 137:.\Application.c **** 	
 138:.\Application.c **** }
 119              		.loc 1 138 0
 120 000c 80BD     		pop	{r7, pc}
 121              		.cfi_endproc
 122              	.LFE30:
 123              		.size	HandleApplicationInterface, .-HandleApplicationInterface
 124 000e 00BF     		.section	.text.HandleUserInputs,"ax",%progbits
 125              		.align	2
 126              		.thumb
 127              		.thumb_func
 128              		.type	HandleUserInputs, %function
 129              	HandleUserInputs:
 130              	.LFB31:
 139:.\Application.c **** 
 140:.\Application.c **** /*******************************************************************************
 141:.\Application.c **** * Function Name: HandleUserInputs
 142:.\Application.c **** ********************************************************************************
 143:.\Application.c **** * Summary:  Handles play/pause button user inputs for play track 
 144:.\Application.c **** *           functions.
 145:.\Application.c **** *
 146:.\Application.c **** * Parameters:
 147:.\Application.c **** *  void
 148:.\Application.c **** *
 149:.\Application.c **** * Return:
 150:.\Application.c **** *  void
 151:.\Application.c **** *
ARM GAS  C:\DOCUME~1\ADMINI~1\LOCALS~1\Temp\ccn8QGi5.s 			page 6


 152:.\Application.c **** *******************************************************************************/
 153:.\Application.c **** static void HandleUserInputs(void)
 154:.\Application.c **** {
 131              		.loc 1 154 0
 132              		.cfi_startproc
 133              		@ args = 0, pretend = 0, frame = 0
 134              		@ frame_needed = 1, uses_anonymous_args = 0
 135 0000 80B5     		push	{r7, lr}
 136              	.LCFI4:
 137              		.cfi_def_cfa_offset 8
 138 0002 00AF     		add	r7, sp, #0
 139              		.cfi_offset 14, -4
 140              		.cfi_offset 7, -8
 141              	.LCFI5:
 142              		.cfi_def_cfa_register 7
 155:.\Application.c ****      CheckPlayPauseButton();
 143              		.loc 1 155 0
 144 0004 FFF7FEFF 		bl	CheckPlayPauseButton
 156:.\Application.c **** 	 
 157:.\Application.c **** 	if(IS_MAC_PC_PLAYLIST_CONTROL_NEEDED())
 145              		.loc 1 157 0
 146 0008 FFF7FEFF 		bl	USBFS_GetConfiguration
 147 000c 0346     		mov	r3, r0
 148 000e 002B     		cmp	r3, #0
 149 0010 24D0     		beq	.L7
 150 0012 4FF00400 		mov	r0, #4
 151 0016 FFF7FEFF 		bl	USBFS_GetEPState
 152 001a 0346     		mov	r3, r0
 153 001c 012B     		cmp	r3, #1
 154 001e 1DD1     		bne	.L7
 155 0020 40F20003 		movw	r3, #:lower16:prevReport
 156 0024 C0F20003 		movt	r3, #:upper16:prevReport
 157 0028 1A78     		ldrb	r2, [r3, #0]	@ zero_extendqisi2
 158 002a 40F20003 		movw	r3, #:lower16:playlistControlReport
 159 002e C0F20003 		movt	r3, #:upper16:playlistControlReport
 160 0032 1B78     		ldrb	r3, [r3, #0]	@ zero_extendqisi2
 161 0034 9A42     		cmp	r2, r3
 162 0036 11D0     		beq	.L7
 158:.\Application.c ****     {
 159:.\Application.c ****         prevReport = playlistControlReport;
 163              		.loc 1 159 0
 164 0038 40F20003 		movw	r3, #:lower16:playlistControlReport
 165 003c C0F20003 		movt	r3, #:upper16:playlistControlReport
 166 0040 1A78     		ldrb	r2, [r3, #0]	@ zero_extendqisi2
 167 0042 40F20003 		movw	r3, #:lower16:prevReport
 168 0046 C0F20003 		movt	r3, #:upper16:prevReport
 169 004a 1A70     		strb	r2, [r3, #0]
 160:.\Application.c ****         USBFS_LoadInEP(MAC_PC_HID_CONTROL_ENDPOINT, USBFS_NULL, sizeof(playlistControlReport));
 170              		.loc 1 160 0
 171 004c 4FF00400 		mov	r0, #4
 172 0050 4FF00001 		mov	r1, #0
 173 0054 4FF00102 		mov	r2, #1
 174 0058 FFF7FEFF 		bl	USBFS_LoadInEP
 175              	.L7:
 161:.\Application.c ****     }
 162:.\Application.c **** 	
 163:.\Application.c **** }
ARM GAS  C:\DOCUME~1\ADMINI~1\LOCALS~1\Temp\ccn8QGi5.s 			page 7


 176              		.loc 1 163 0
 177 005c 80BD     		pop	{r7, pc}
 178              		.cfi_endproc
 179              	.LFE31:
 180              		.size	HandleUserInputs, .-HandleUserInputs
 181 005e 00BF     		.section	.text.CheckPlayPauseButton,"ax",%progbits
 182              		.align	2
 183              		.thumb
 184              		.thumb_func
 185              		.type	CheckPlayPauseButton, %function
 186              	CheckPlayPauseButton:
 187              	.LFB32:
 164:.\Application.c **** 
 165:.\Application.c **** /*******************************************************************************
 166:.\Application.c **** * Function Name: CheckPlayPauseButton
 167:.\Application.c **** ********************************************************************************
 168:.\Application.c **** * Summary: Check whether Play/Pause button is pressed and take necessary action
 169:.\Application.c **** *
 170:.\Application.c **** * Parameters:
 171:.\Application.c **** *  void
 172:.\Application.c **** *
 173:.\Application.c **** * Return:
 174:.\Application.c **** *  void
 175:.\Application.c **** *
 176:.\Application.c **** *******************************************************************************/
 177:.\Application.c **** static void CheckPlayPauseButton(void)
 178:.\Application.c **** {   
 188              		.loc 1 178 0
 189              		.cfi_startproc
 190              		@ args = 0, pretend = 0, frame = 0
 191              		@ frame_needed = 1, uses_anonymous_args = 0
 192 0000 80B5     		push	{r7, lr}
 193              	.LCFI6:
 194              		.cfi_def_cfa_offset 8
 195 0002 00AF     		add	r7, sp, #0
 196              		.cfi_offset 14, -4
 197              		.cfi_offset 7, -8
 198              	.LCFI7:
 199              		.cfi_def_cfa_register 7
 179:.\Application.c ****     /* Check if PSOC_SW is pressed */
 180:.\Application.c ****    
 181:.\Application.c **** 	if(PSOC_SW_Read() == FALSE)
 200              		.loc 1 181 0
 201 0004 FFF7FEFF 		bl	PSOC_SW_Read
 202 0008 0346     		mov	r3, r0
 203 000a 002B     		cmp	r3, #0
 204 000c 3BD1     		bne	.L9
 182:.\Application.c ****     {
 183:.\Application.c ****      	/* Register the button press for the first time and check if button debouncing is completed *
 184:.\Application.c **** 		if(!(buttonStatus & PLAY_PAUSE_MASK)) 
 205              		.loc 1 184 0
 206 000e 40F20003 		movw	r3, #:lower16:buttonStatus
 207 0012 C0F20003 		movt	r3, #:upper16:buttonStatus
 208 0016 1B78     		ldrb	r3, [r3, #0]	@ zero_extendqisi2
 209 0018 03F00403 		and	r3, r3, #4
 210 001c 002B     		cmp	r3, #0
 211 001e 14D1     		bne	.L10
ARM GAS  C:\DOCUME~1\ADMINI~1\LOCALS~1\Temp\ccn8QGi5.s 			page 8


 185:.\Application.c ****         {
 186:.\Application.c ****             buttonStatus = buttonStatus | PLAY_PAUSE_MASK; /* register button press event */
 212              		.loc 1 186 0
 213 0020 40F20003 		movw	r3, #:lower16:buttonStatus
 214 0024 C0F20003 		movt	r3, #:upper16:buttonStatus
 215 0028 1B78     		ldrb	r3, [r3, #0]	@ zero_extendqisi2
 216 002a 43F00403 		orr	r3, r3, #4
 217 002e DAB2     		uxtb	r2, r3
 218 0030 40F20003 		movw	r3, #:lower16:buttonStatus
 219 0034 C0F20003 		movt	r3, #:upper16:buttonStatus
 220 0038 1A70     		strb	r2, [r3, #0]
 187:.\Application.c ****             switchDebounceTimer = SWITCH_DEBOUNCE_DELAY;
 221              		.loc 1 187 0
 222 003a 40F20003 		movw	r3, #:lower16:switchDebounceTimer
 223 003e C0F20003 		movt	r3, #:upper16:switchDebounceTimer
 224 0042 4FF00402 		mov	r2, #4
 225 0046 1A70     		strb	r2, [r3, #0]
 188:.\Application.c **** 		}
 189:.\Application.c **** 		/* If the button status is pressed and switch debounce is complete update the PlaylistControlRepo
 190:.\Application.c ****         else if ((buttonStatus & PLAY_PAUSE_MASK) && (switchDebounceTimer == 0))
 191:.\Application.c **** 		{
 192:.\Application.c **** 			playlistControlReport = playlistControlReport | MAC_PC_PLAY_PAUSE_MASK;
 226              		.loc 1 192 0
 227 0048 44E0     		b	.L13
 228              	.L10:
 229              		.loc 1 190 0
 230 004a 40F20003 		movw	r3, #:lower16:buttonStatus
 231 004e C0F20003 		movt	r3, #:upper16:buttonStatus
 232 0052 1B78     		ldrb	r3, [r3, #0]	@ zero_extendqisi2
 233 0054 03F00403 		and	r3, r3, #4
 234 0058 002B     		cmp	r3, #0
 235 005a 38D0     		beq	.L14
 236 005c 40F20003 		movw	r3, #:lower16:switchDebounceTimer
 237 0060 C0F20003 		movt	r3, #:upper16:switchDebounceTimer
 238 0064 1B78     		ldrb	r3, [r3, #0]	@ zero_extendqisi2
 239 0066 002B     		cmp	r3, #0
 240 0068 33D1     		bne	.L15
 241              		.loc 1 192 0
 242 006a 40F20003 		movw	r3, #:lower16:playlistControlReport
 243 006e C0F20003 		movt	r3, #:upper16:playlistControlReport
 244 0072 1B78     		ldrb	r3, [r3, #0]	@ zero_extendqisi2
 245 0074 43F00103 		orr	r3, r3, #1
 246 0078 DAB2     		uxtb	r2, r3
 247 007a 40F20003 		movw	r3, #:lower16:playlistControlReport
 248 007e C0F20003 		movt	r3, #:upper16:playlistControlReport
 249 0082 1A70     		strb	r2, [r3, #0]
 250 0084 26E0     		b	.L13
 251              	.L9:
 193:.\Application.c **** 		}
 194:.\Application.c ****     	
 195:.\Application.c ****     }
 196:.\Application.c **** 	/* If the button is released, clear the button status and update the button release status in Play
 197:.\Application.c ****     else 
 198:.\Application.c **** 	{
 199:.\Application.c **** 		if((buttonStatus & PLAY_PAUSE_MASK))
 252              		.loc 1 199 0
 253 0086 40F20003 		movw	r3, #:lower16:buttonStatus
ARM GAS  C:\DOCUME~1\ADMINI~1\LOCALS~1\Temp\ccn8QGi5.s 			page 9


 254 008a C0F20003 		movt	r3, #:upper16:buttonStatus
 255 008e 1B78     		ldrb	r3, [r3, #0]	@ zero_extendqisi2
 256 0090 03F00403 		and	r3, r3, #4
 257 0094 002B     		cmp	r3, #0
 258 0096 1DD0     		beq	.L13
 200:.\Application.c **** 	    {
 201:.\Application.c **** 	        buttonStatus = buttonStatus & (~PLAY_PAUSE_MASK);
 259              		.loc 1 201 0
 260 0098 40F20003 		movw	r3, #:lower16:buttonStatus
 261 009c C0F20003 		movt	r3, #:upper16:buttonStatus
 262 00a0 1B78     		ldrb	r3, [r3, #0]	@ zero_extendqisi2
 263 00a2 1A46     		mov	r2, r3
 264 00a4 02F0FB02 		and	r2, r2, #251
 265 00a8 40F20003 		movw	r3, #:lower16:buttonStatus
 266 00ac C0F20003 		movt	r3, #:upper16:buttonStatus
 267 00b0 1A70     		strb	r2, [r3, #0]
 202:.\Application.c **** 	        playlistControlReport = playlistControlReport & (~MAC_PC_PLAY_PAUSE_MASK);
 268              		.loc 1 202 0
 269 00b2 40F20003 		movw	r3, #:lower16:playlistControlReport
 270 00b6 C0F20003 		movt	r3, #:upper16:playlistControlReport
 271 00ba 1B78     		ldrb	r3, [r3, #0]	@ zero_extendqisi2
 272 00bc 1A46     		mov	r2, r3
 273 00be 02F0FE02 		and	r2, r2, #254
 274 00c2 40F20003 		movw	r3, #:lower16:playlistControlReport
 275 00c6 C0F20003 		movt	r3, #:upper16:playlistControlReport
 276 00ca 1A70     		strb	r2, [r3, #0]
 277 00cc 02E0     		b	.L13
 278              	.L14:
 279              		.loc 1 192 0
 280 00ce 00BF     		nop
 281 00d0 00E0     		b	.L13
 282              	.L15:
 283 00d2 00BF     		nop
 284              	.L13:
 203:.\Application.c **** 	    }
 204:.\Application.c **** 	}
 205:.\Application.c **** }
 285              		.loc 1 205 0
 286 00d4 80BD     		pop	{r7, pc}
 287              		.cfi_endproc
 288              	.LFE32:
 289              		.size	CheckPlayPauseButton, .-CheckPlayPauseButton
 290 00d6 00BF     		.text
 291              	.Letext0:
 292              		.section	.debug_loc,"",%progbits
 293              	.Ldebug_loc0:
 294              	.LLST0:
 295 0000 00000000 		.4byte	.LFB29
 296 0004 02000000 		.4byte	.LCFI0
 297 0008 0100     		.2byte	0x1
 298 000a 5D       		.byte	0x5d
 299 000b 02000000 		.4byte	.LCFI0
 300 000f 04000000 		.4byte	.LCFI1
 301 0013 0200     		.2byte	0x2
 302 0015 7D       		.byte	0x7d
 303 0016 08       		.sleb128 8
 304 0017 04000000 		.4byte	.LCFI1
ARM GAS  C:\DOCUME~1\ADMINI~1\LOCALS~1\Temp\ccn8QGi5.s 			page 10


 305 001b 28000000 		.4byte	.LFE29
 306 001f 0200     		.2byte	0x2
 307 0021 77       		.byte	0x77
 308 0022 08       		.sleb128 8
 309 0023 00000000 		.4byte	0x0
 310 0027 00000000 		.4byte	0x0
 311              	.LLST1:
 312 002b 00000000 		.4byte	.LFB30
 313 002f 02000000 		.4byte	.LCFI2
 314 0033 0100     		.2byte	0x1
 315 0035 5D       		.byte	0x5d
 316 0036 02000000 		.4byte	.LCFI2
 317 003a 04000000 		.4byte	.LCFI3
 318 003e 0200     		.2byte	0x2
 319 0040 7D       		.byte	0x7d
 320 0041 08       		.sleb128 8
 321 0042 04000000 		.4byte	.LCFI3
 322 0046 0E000000 		.4byte	.LFE30
 323 004a 0200     		.2byte	0x2
 324 004c 77       		.byte	0x77
 325 004d 08       		.sleb128 8
 326 004e 00000000 		.4byte	0x0
 327 0052 00000000 		.4byte	0x0
 328              	.LLST2:
 329 0056 00000000 		.4byte	.LFB31
 330 005a 02000000 		.4byte	.LCFI4
 331 005e 0100     		.2byte	0x1
 332 0060 5D       		.byte	0x5d
 333 0061 02000000 		.4byte	.LCFI4
 334 0065 04000000 		.4byte	.LCFI5
 335 0069 0200     		.2byte	0x2
 336 006b 7D       		.byte	0x7d
 337 006c 08       		.sleb128 8
 338 006d 04000000 		.4byte	.LCFI5
 339 0071 5E000000 		.4byte	.LFE31
 340 0075 0200     		.2byte	0x2
 341 0077 77       		.byte	0x77
 342 0078 08       		.sleb128 8
 343 0079 00000000 		.4byte	0x0
 344 007d 00000000 		.4byte	0x0
 345              	.LLST3:
 346 0081 00000000 		.4byte	.LFB32
 347 0085 02000000 		.4byte	.LCFI6
 348 0089 0100     		.2byte	0x1
 349 008b 5D       		.byte	0x5d
 350 008c 02000000 		.4byte	.LCFI6
 351 0090 04000000 		.4byte	.LCFI7
 352 0094 0200     		.2byte	0x2
 353 0096 7D       		.byte	0x7d
 354 0097 08       		.sleb128 8
 355 0098 04000000 		.4byte	.LCFI7
 356 009c D6000000 		.4byte	.LFE32
 357 00a0 0200     		.2byte	0x2
 358 00a2 77       		.byte	0x77
 359 00a3 08       		.sleb128 8
 360 00a4 00000000 		.4byte	0x0
 361 00a8 00000000 		.4byte	0x0
ARM GAS  C:\DOCUME~1\ADMINI~1\LOCALS~1\Temp\ccn8QGi5.s 			page 11


 362              		.file 2 "./Generated_Source/PSoC5/cytypes.h"
 363              		.file 3 "./Generated_Source/PSoC5/core_cm3.h"
 364              		.section	.debug_info
 365 0000 6B010000 		.4byte	0x16b
 366 0004 0200     		.2byte	0x2
 367 0006 00000000 		.4byte	.Ldebug_abbrev0
 368 000a 04       		.byte	0x4
 369 000b 01       		.uleb128 0x1
 370 000c D4000000 		.4byte	.LASF25
 371 0010 01       		.byte	0x1
 372 0011 C9010000 		.4byte	.LASF26
 373 0015 3F010000 		.4byte	.LASF27
 374 0019 00000000 		.4byte	0x0
 375 001d 00000000 		.4byte	0x0
 376 0021 00000000 		.4byte	.Ldebug_ranges0+0x0
 377 0025 00000000 		.4byte	.Ldebug_line0
 378 0029 02       		.uleb128 0x2
 379 002a 01       		.byte	0x1
 380 002b 06       		.byte	0x6
 381 002c B7010000 		.4byte	.LASF0
 382 0030 02       		.uleb128 0x2
 383 0031 01       		.byte	0x1
 384 0032 08       		.byte	0x8
 385 0033 F6000000 		.4byte	.LASF1
 386 0037 02       		.uleb128 0x2
 387 0038 02       		.byte	0x2
 388 0039 05       		.byte	0x5
 389 003a D9010000 		.4byte	.LASF2
 390 003e 02       		.uleb128 0x2
 391 003f 02       		.byte	0x2
 392 0040 07       		.byte	0x7
 393 0041 91000000 		.4byte	.LASF3
 394 0045 02       		.uleb128 0x2
 395 0046 04       		.byte	0x4
 396 0047 05       		.byte	0x5
 397 0048 36010000 		.4byte	.LASF4
 398 004c 02       		.uleb128 0x2
 399 004d 04       		.byte	0x4
 400 004e 07       		.byte	0x7
 401 004f 1D010000 		.4byte	.LASF5
 402 0053 02       		.uleb128 0x2
 403 0054 08       		.byte	0x8
 404 0055 05       		.byte	0x5
 405 0056 00000000 		.4byte	.LASF6
 406 005a 02       		.uleb128 0x2
 407 005b 08       		.byte	0x8
 408 005c 07       		.byte	0x7
 409 005d 7A000000 		.4byte	.LASF7
 410 0061 03       		.uleb128 0x3
 411 0062 04       		.byte	0x4
 412 0063 05       		.byte	0x5
 413 0064 696E7400 		.ascii	"int\000"
 414 0068 02       		.uleb128 0x2
 415 0069 04       		.byte	0x4
 416 006a 07       		.byte	0x7
 417 006b 15000000 		.4byte	.LASF8
 418 006f 04       		.uleb128 0x4
ARM GAS  C:\DOCUME~1\ADMINI~1\LOCALS~1\Temp\ccn8QGi5.s 			page 12


 419 0070 4E000000 		.4byte	.LASF9
 420 0074 02       		.byte	0x2
 421 0075 4C       		.byte	0x4c
 422 0076 30000000 		.4byte	0x30
 423 007a 04       		.uleb128 0x4
 424 007b 0E000000 		.4byte	.LASF10
 425 007f 02       		.byte	0x2
 426 0080 4E       		.byte	0x4e
 427 0081 4C000000 		.4byte	0x4c
 428 0085 02       		.uleb128 0x2
 429 0086 04       		.byte	0x4
 430 0087 04       		.byte	0x4
 431 0088 C3010000 		.4byte	.LASF11
 432 008c 02       		.uleb128 0x2
 433 008d 08       		.byte	0x8
 434 008e 04       		.byte	0x4
 435 008f 2F010000 		.4byte	.LASF12
 436 0093 02       		.uleb128 0x2
 437 0094 01       		.byte	0x1
 438 0095 08       		.byte	0x8
 439 0096 04010000 		.4byte	.LASF13
 440 009a 05       		.uleb128 0x5
 441 009b 04       		.byte	0x4
 442 009c 07       		.byte	0x7
 443 009d 06       		.uleb128 0x6
 444 009e 01       		.byte	0x1
 445 009f A4000000 		.4byte	.LASF14
 446 00a3 01       		.byte	0x1
 447 00a4 54       		.byte	0x54
 448 00a5 01       		.byte	0x1
 449 00a6 00000000 		.4byte	.LFB29
 450 00aa 28000000 		.4byte	.LFE29
 451 00ae 00000000 		.4byte	.LLST0
 452 00b2 06       		.uleb128 0x6
 453 00b3 01       		.byte	0x1
 454 00b4 B9000000 		.4byte	.LASF15
 455 00b8 01       		.byte	0x1
 456 00b9 7D       		.byte	0x7d
 457 00ba 01       		.byte	0x1
 458 00bb 00000000 		.4byte	.LFB30
 459 00bf 0E000000 		.4byte	.LFE30
 460 00c3 2B000000 		.4byte	.LLST1
 461 00c7 07       		.uleb128 0x7
 462 00c8 54000000 		.4byte	.LASF16
 463 00cc 01       		.byte	0x1
 464 00cd 99       		.byte	0x99
 465 00ce 01       		.byte	0x1
 466 00cf 00000000 		.4byte	.LFB31
 467 00d3 5E000000 		.4byte	.LFE31
 468 00d7 56000000 		.4byte	.LLST2
 469 00db 07       		.uleb128 0x7
 470 00dc 65000000 		.4byte	.LASF17
 471 00e0 01       		.byte	0x1
 472 00e1 B1       		.byte	0xb1
 473 00e2 01       		.byte	0x1
 474 00e3 00000000 		.4byte	.LFB32
 475 00e7 D6000000 		.4byte	.LFE32
ARM GAS  C:\DOCUME~1\ADMINI~1\LOCALS~1\Temp\ccn8QGi5.s 			page 13


 476 00eb 81000000 		.4byte	.LLST3
 477 00ef 08       		.uleb128 0x8
 478 00f0 AA010000 		.4byte	.LASF18
 479 00f4 03       		.byte	0x3
 480 00f5 CE06     		.2byte	0x6ce
 481 00f7 FD000000 		.4byte	0xfd
 482 00fb 01       		.byte	0x1
 483 00fc 01       		.byte	0x1
 484 00fd 09       		.uleb128 0x9
 485 00fe 61000000 		.4byte	0x61
 486 0102 0A       		.uleb128 0xa
 487 0103 41000000 		.4byte	.LASF19
 488 0107 01       		.byte	0x1
 489 0108 3C       		.byte	0x3c
 490 0109 6F000000 		.4byte	0x6f
 491 010d 01       		.byte	0x1
 492 010e 05       		.byte	0x5
 493 010f 03       		.byte	0x3
 494 0110 00000000 		.4byte	buttonStatus
 495 0114 0A       		.uleb128 0xa
 496 0115 22000000 		.4byte	.LASF20
 497 0119 01       		.byte	0x1
 498 011a 3D       		.byte	0x3d
 499 011b 7A000000 		.4byte	0x7a
 500 011f 01       		.byte	0x1
 501 0120 05       		.byte	0x5
 502 0121 03       		.byte	0x3
 503 0122 00000000 		.4byte	buttonMask
 504 0126 0A       		.uleb128 0xa
 505 0127 09010000 		.4byte	.LASF21
 506 012b 01       		.byte	0x1
 507 012c 3E       		.byte	0x3e
 508 012d 6F000000 		.4byte	0x6f
 509 0131 01       		.byte	0x1
 510 0132 05       		.byte	0x5
 511 0133 03       		.byte	0x3
 512 0134 00000000 		.4byte	applicationInitiate
 513 0138 0A       		.uleb128 0xa
 514 0139 E0000000 		.4byte	.LASF22
 515 013d 01       		.byte	0x1
 516 013e 3F       		.byte	0x3f
 517 013f 6F000000 		.4byte	0x6f
 518 0143 01       		.byte	0x1
 519 0144 05       		.byte	0x5
 520 0145 03       		.byte	0x3
 521 0146 00000000 		.4byte	playlistControlReport
 522 014a 0A       		.uleb128 0xa
 523 014b 9F010000 		.4byte	.LASF23
 524 014f 01       		.byte	0x1
 525 0150 40       		.byte	0x40
 526 0151 6F000000 		.4byte	0x6f
 527 0155 01       		.byte	0x1
 528 0156 05       		.byte	0x5
 529 0157 03       		.byte	0x3
 530 0158 00000000 		.4byte	prevReport
 531 015c 0A       		.uleb128 0xa
 532 015d 2D000000 		.4byte	.LASF24
ARM GAS  C:\DOCUME~1\ADMINI~1\LOCALS~1\Temp\ccn8QGi5.s 			page 14


 533 0161 01       		.byte	0x1
 534 0162 43       		.byte	0x43
 535 0163 6F000000 		.4byte	0x6f
 536 0167 01       		.byte	0x1
 537 0168 05       		.byte	0x5
 538 0169 03       		.byte	0x3
 539 016a 00000000 		.4byte	switchDebounceTimer
 540 016e 00       		.byte	0x0
 541              		.section	.debug_abbrev
 542 0000 01       		.uleb128 0x1
 543 0001 11       		.uleb128 0x11
 544 0002 01       		.byte	0x1
 545 0003 25       		.uleb128 0x25
 546 0004 0E       		.uleb128 0xe
 547 0005 13       		.uleb128 0x13
 548 0006 0B       		.uleb128 0xb
 549 0007 03       		.uleb128 0x3
 550 0008 0E       		.uleb128 0xe
 551 0009 1B       		.uleb128 0x1b
 552 000a 0E       		.uleb128 0xe
 553 000b 11       		.uleb128 0x11
 554 000c 01       		.uleb128 0x1
 555 000d 52       		.uleb128 0x52
 556 000e 01       		.uleb128 0x1
 557 000f 55       		.uleb128 0x55
 558 0010 06       		.uleb128 0x6
 559 0011 10       		.uleb128 0x10
 560 0012 06       		.uleb128 0x6
 561 0013 00       		.byte	0x0
 562 0014 00       		.byte	0x0
 563 0015 02       		.uleb128 0x2
 564 0016 24       		.uleb128 0x24
 565 0017 00       		.byte	0x0
 566 0018 0B       		.uleb128 0xb
 567 0019 0B       		.uleb128 0xb
 568 001a 3E       		.uleb128 0x3e
 569 001b 0B       		.uleb128 0xb
 570 001c 03       		.uleb128 0x3
 571 001d 0E       		.uleb128 0xe
 572 001e 00       		.byte	0x0
 573 001f 00       		.byte	0x0
 574 0020 03       		.uleb128 0x3
 575 0021 24       		.uleb128 0x24
 576 0022 00       		.byte	0x0
 577 0023 0B       		.uleb128 0xb
 578 0024 0B       		.uleb128 0xb
 579 0025 3E       		.uleb128 0x3e
 580 0026 0B       		.uleb128 0xb
 581 0027 03       		.uleb128 0x3
 582 0028 08       		.uleb128 0x8
 583 0029 00       		.byte	0x0
 584 002a 00       		.byte	0x0
 585 002b 04       		.uleb128 0x4
 586 002c 16       		.uleb128 0x16
 587 002d 00       		.byte	0x0
 588 002e 03       		.uleb128 0x3
 589 002f 0E       		.uleb128 0xe
ARM GAS  C:\DOCUME~1\ADMINI~1\LOCALS~1\Temp\ccn8QGi5.s 			page 15


 590 0030 3A       		.uleb128 0x3a
 591 0031 0B       		.uleb128 0xb
 592 0032 3B       		.uleb128 0x3b
 593 0033 0B       		.uleb128 0xb
 594 0034 49       		.uleb128 0x49
 595 0035 13       		.uleb128 0x13
 596 0036 00       		.byte	0x0
 597 0037 00       		.byte	0x0
 598 0038 05       		.uleb128 0x5
 599 0039 24       		.uleb128 0x24
 600 003a 00       		.byte	0x0
 601 003b 0B       		.uleb128 0xb
 602 003c 0B       		.uleb128 0xb
 603 003d 3E       		.uleb128 0x3e
 604 003e 0B       		.uleb128 0xb
 605 003f 00       		.byte	0x0
 606 0040 00       		.byte	0x0
 607 0041 06       		.uleb128 0x6
 608 0042 2E       		.uleb128 0x2e
 609 0043 00       		.byte	0x0
 610 0044 3F       		.uleb128 0x3f
 611 0045 0C       		.uleb128 0xc
 612 0046 03       		.uleb128 0x3
 613 0047 0E       		.uleb128 0xe
 614 0048 3A       		.uleb128 0x3a
 615 0049 0B       		.uleb128 0xb
 616 004a 3B       		.uleb128 0x3b
 617 004b 0B       		.uleb128 0xb
 618 004c 27       		.uleb128 0x27
 619 004d 0C       		.uleb128 0xc
 620 004e 11       		.uleb128 0x11
 621 004f 01       		.uleb128 0x1
 622 0050 12       		.uleb128 0x12
 623 0051 01       		.uleb128 0x1
 624 0052 40       		.uleb128 0x40
 625 0053 06       		.uleb128 0x6
 626 0054 00       		.byte	0x0
 627 0055 00       		.byte	0x0
 628 0056 07       		.uleb128 0x7
 629 0057 2E       		.uleb128 0x2e
 630 0058 00       		.byte	0x0
 631 0059 03       		.uleb128 0x3
 632 005a 0E       		.uleb128 0xe
 633 005b 3A       		.uleb128 0x3a
 634 005c 0B       		.uleb128 0xb
 635 005d 3B       		.uleb128 0x3b
 636 005e 0B       		.uleb128 0xb
 637 005f 27       		.uleb128 0x27
 638 0060 0C       		.uleb128 0xc
 639 0061 11       		.uleb128 0x11
 640 0062 01       		.uleb128 0x1
 641 0063 12       		.uleb128 0x12
 642 0064 01       		.uleb128 0x1
 643 0065 40       		.uleb128 0x40
 644 0066 06       		.uleb128 0x6
 645 0067 00       		.byte	0x0
 646 0068 00       		.byte	0x0
ARM GAS  C:\DOCUME~1\ADMINI~1\LOCALS~1\Temp\ccn8QGi5.s 			page 16


 647 0069 08       		.uleb128 0x8
 648 006a 34       		.uleb128 0x34
 649 006b 00       		.byte	0x0
 650 006c 03       		.uleb128 0x3
 651 006d 0E       		.uleb128 0xe
 652 006e 3A       		.uleb128 0x3a
 653 006f 0B       		.uleb128 0xb
 654 0070 3B       		.uleb128 0x3b
 655 0071 05       		.uleb128 0x5
 656 0072 49       		.uleb128 0x49
 657 0073 13       		.uleb128 0x13
 658 0074 3F       		.uleb128 0x3f
 659 0075 0C       		.uleb128 0xc
 660 0076 3C       		.uleb128 0x3c
 661 0077 0C       		.uleb128 0xc
 662 0078 00       		.byte	0x0
 663 0079 00       		.byte	0x0
 664 007a 09       		.uleb128 0x9
 665 007b 35       		.uleb128 0x35
 666 007c 00       		.byte	0x0
 667 007d 49       		.uleb128 0x49
 668 007e 13       		.uleb128 0x13
 669 007f 00       		.byte	0x0
 670 0080 00       		.byte	0x0
 671 0081 0A       		.uleb128 0xa
 672 0082 34       		.uleb128 0x34
 673 0083 00       		.byte	0x0
 674 0084 03       		.uleb128 0x3
 675 0085 0E       		.uleb128 0xe
 676 0086 3A       		.uleb128 0x3a
 677 0087 0B       		.uleb128 0xb
 678 0088 3B       		.uleb128 0x3b
 679 0089 0B       		.uleb128 0xb
 680 008a 49       		.uleb128 0x49
 681 008b 13       		.uleb128 0x13
 682 008c 3F       		.uleb128 0x3f
 683 008d 0C       		.uleb128 0xc
 684 008e 02       		.uleb128 0x2
 685 008f 0A       		.uleb128 0xa
 686 0090 00       		.byte	0x0
 687 0091 00       		.byte	0x0
 688 0092 00       		.byte	0x0
 689              		.section	.debug_pubnames,"",%progbits
 690 0000 BF000000 		.4byte	0xbf
 691 0004 0200     		.2byte	0x2
 692 0006 00000000 		.4byte	.Ldebug_info0
 693 000a 6F010000 		.4byte	0x16f
 694 000e 9D000000 		.4byte	0x9d
 695 0012 436F6E66 		.ascii	"ConfigureApplication\000"
 695      69677572 
 695      65417070 
 695      6C696361 
 695      74696F6E 
 696 0027 B2000000 		.4byte	0xb2
 697 002b 48616E64 		.ascii	"HandleApplicationInterface\000"
 697      6C654170 
 697      706C6963 
ARM GAS  C:\DOCUME~1\ADMINI~1\LOCALS~1\Temp\ccn8QGi5.s 			page 17


 697      6174696F 
 697      6E496E74 
 698 0046 02010000 		.4byte	0x102
 699 004a 62757474 		.ascii	"buttonStatus\000"
 699      6F6E5374 
 699      61747573 
 699      00
 700 0057 14010000 		.4byte	0x114
 701 005b 62757474 		.ascii	"buttonMask\000"
 701      6F6E4D61 
 701      736B00
 702 0066 26010000 		.4byte	0x126
 703 006a 6170706C 		.ascii	"applicationInitiate\000"
 703      69636174 
 703      696F6E49 
 703      6E697469 
 703      61746500 
 704 007e 38010000 		.4byte	0x138
 705 0082 706C6179 		.ascii	"playlistControlReport\000"
 705      6C697374 
 705      436F6E74 
 705      726F6C52 
 705      65706F72 
 706 0098 4A010000 		.4byte	0x14a
 707 009c 70726576 		.ascii	"prevReport\000"
 707      5265706F 
 707      727400
 708 00a7 5C010000 		.4byte	0x15c
 709 00ab 73776974 		.ascii	"switchDebounceTimer\000"
 709      63684465 
 709      626F756E 
 709      63655469 
 709      6D657200 
 710 00bf 00000000 		.4byte	0x0
 711              		.section	.debug_aranges,"",%progbits
 712 0000 34000000 		.4byte	0x34
 713 0004 0200     		.2byte	0x2
 714 0006 00000000 		.4byte	.Ldebug_info0
 715 000a 04       		.byte	0x4
 716 000b 00       		.byte	0x0
 717 000c 0000     		.2byte	0x0
 718 000e 0000     		.2byte	0x0
 719 0010 00000000 		.4byte	.LFB29
 720 0014 28000000 		.4byte	.LFE29-.LFB29
 721 0018 00000000 		.4byte	.LFB30
 722 001c 0E000000 		.4byte	.LFE30-.LFB30
 723 0020 00000000 		.4byte	.LFB31
 724 0024 5E000000 		.4byte	.LFE31-.LFB31
 725 0028 00000000 		.4byte	.LFB32
 726 002c D6000000 		.4byte	.LFE32-.LFB32
 727 0030 00000000 		.4byte	0x0
 728 0034 00000000 		.4byte	0x0
 729              		.section	.debug_ranges,"",%progbits
 730              	.Ldebug_ranges0:
 731 0000 00000000 		.4byte	.Ltext0
 732 0004 00000000 		.4byte	.Letext0
 733 0008 00000000 		.4byte	.LFB29
ARM GAS  C:\DOCUME~1\ADMINI~1\LOCALS~1\Temp\ccn8QGi5.s 			page 18


 734 000c 28000000 		.4byte	.LFE29
 735 0010 00000000 		.4byte	.LFB30
 736 0014 0E000000 		.4byte	.LFE30
 737 0018 00000000 		.4byte	.LFB31
 738 001c 5E000000 		.4byte	.LFE31
 739 0020 00000000 		.4byte	.LFB32
 740 0024 D6000000 		.4byte	.LFE32
 741 0028 00000000 		.4byte	0x0
 742 002c 00000000 		.4byte	0x0
 743              		.section	.debug_str,"MS",%progbits,1
 744              	.LASF6:
 745 0000 6C6F6E67 		.ascii	"long long int\000"
 745      206C6F6E 
 745      6720696E 
 745      7400
 746              	.LASF10:
 747 000e 75696E74 		.ascii	"uint32\000"
 747      333200
 748              	.LASF8:
 749 0015 756E7369 		.ascii	"unsigned int\000"
 749      676E6564 
 749      20696E74 
 749      00
 750              	.LASF20:
 751 0022 62757474 		.ascii	"buttonMask\000"
 751      6F6E4D61 
 751      736B00
 752              	.LASF24:
 753 002d 73776974 		.ascii	"switchDebounceTimer\000"
 753      63684465 
 753      626F756E 
 753      63655469 
 753      6D657200 
 754              	.LASF19:
 755 0041 62757474 		.ascii	"buttonStatus\000"
 755      6F6E5374 
 755      61747573 
 755      00
 756              	.LASF9:
 757 004e 75696E74 		.ascii	"uint8\000"
 757      3800
 758              	.LASF16:
 759 0054 48616E64 		.ascii	"HandleUserInputs\000"
 759      6C655573 
 759      6572496E 
 759      70757473 
 759      00
 760              	.LASF17:
 761 0065 43686563 		.ascii	"CheckPlayPauseButton\000"
 761      6B506C61 
 761      79506175 
 761      73654275 
 761      74746F6E 
 762              	.LASF7:
 763 007a 6C6F6E67 		.ascii	"long long unsigned int\000"
 763      206C6F6E 
 763      6720756E 
ARM GAS  C:\DOCUME~1\ADMINI~1\LOCALS~1\Temp\ccn8QGi5.s 			page 19


 763      7369676E 
 763      65642069 
 764              	.LASF3:
 765 0091 73686F72 		.ascii	"short unsigned int\000"
 765      7420756E 
 765      7369676E 
 765      65642069 
 765      6E7400
 766              	.LASF14:
 767 00a4 436F6E66 		.ascii	"ConfigureApplication\000"
 767      69677572 
 767      65417070 
 767      6C696361 
 767      74696F6E 
 768              	.LASF15:
 769 00b9 48616E64 		.ascii	"HandleApplicationInterface\000"
 769      6C654170 
 769      706C6963 
 769      6174696F 
 769      6E496E74 
 770              	.LASF25:
 771 00d4 474E5520 		.ascii	"GNU C 4.4.1\000"
 771      4320342E 
 771      342E3100 
 772              	.LASF22:
 773 00e0 706C6179 		.ascii	"playlistControlReport\000"
 773      6C697374 
 773      436F6E74 
 773      726F6C52 
 773      65706F72 
 774              	.LASF1:
 775 00f6 756E7369 		.ascii	"unsigned char\000"
 775      676E6564 
 775      20636861 
 775      7200
 776              	.LASF13:
 777 0104 63686172 		.ascii	"char\000"
 777      00
 778              	.LASF21:
 779 0109 6170706C 		.ascii	"applicationInitiate\000"
 779      69636174 
 779      696F6E49 
 779      6E697469 
 779      61746500 
 780              	.LASF5:
 781 011d 6C6F6E67 		.ascii	"long unsigned int\000"
 781      20756E73 
 781      69676E65 
 781      6420696E 
 781      7400
 782              	.LASF12:
 783 012f 646F7562 		.ascii	"double\000"
 783      6C6500
 784              	.LASF4:
 785 0136 6C6F6E67 		.ascii	"long int\000"
 785      20696E74 
 785      00
ARM GAS  C:\DOCUME~1\ADMINI~1\LOCALS~1\Temp\ccn8QGi5.s 			page 20


 786              	.LASF27:
 787 013f 5C5C7073 		.ascii	"\\\\psf\\Home\\Desktop\\USB-audio\\Firmware\\Pionee"
 787      665C486F 
 787      6D655C44 
 787      65736B74 
 787      6F705C55 
 788 016b 724B6974 		.ascii	"rKit_P5LP_USB_Audio\\PioneerKit_P5LP_USB_Audio.cyds"
 788      5F50354C 
 788      505F5553 
 788      425F4175 
 788      64696F5C 
 789 019d 6E00     		.ascii	"n\000"
 790              	.LASF23:
 791 019f 70726576 		.ascii	"prevReport\000"
 791      5265706F 
 791      727400
 792              	.LASF18:
 793 01aa 49544D5F 		.ascii	"ITM_RxBuffer\000"
 793      52784275 
 793      66666572 
 793      00
 794              	.LASF0:
 795 01b7 7369676E 		.ascii	"signed char\000"
 795      65642063 
 795      68617200 
 796              	.LASF11:
 797 01c3 666C6F61 		.ascii	"float\000"
 797      7400
 798              	.LASF26:
 799 01c9 2E5C4170 		.ascii	".\\Application.c\000"
 799      706C6963 
 799      6174696F 
 799      6E2E6300 
 800              	.LASF2:
 801 01d9 73686F72 		.ascii	"short int\000"
 801      7420696E 
 801      7400
 802              		.ident	"GCC: (Sourcery G++ Lite 2010q1-188) 4.4.1"
