ARM GAS  C:\DOCUME~1\ADMINI~1\LOCALS~1\Temp\cc2nZwut.s 			page 1


   1              		.syntax unified
   2              		.cpu cortex-m3
   3              		.fpu softvfp
   4              		.eabi_attribute 20, 1
   5              		.eabi_attribute 21, 1
   6              		.eabi_attribute 23, 3
   7              		.eabi_attribute 24, 1
   8              		.eabi_attribute 25, 1
   9              		.eabi_attribute 26, 1
  10              		.eabi_attribute 30, 6
  11              		.eabi_attribute 18, 4
  12              		.thumb
  13              		.file	"Droop_Filter_RAM_Data.c"
  14              		.section	.debug_abbrev,"",%progbits
  15              	.Ldebug_abbrev0:
  16              		.section	.debug_info,"",%progbits
  17              	.Ldebug_info0:
  18              		.section	.debug_line,"",%progbits
  19              	.Ldebug_line0:
  20 0000 74000000 		.text
  20      02006E00 
  20      00000201 
  20      FB0E0D00 
  20      01010101 
  21              	.Ltext0:
  22              		.cfi_sections	.debug_frame
  23              		.global	Droop_Filter_control
  24              		.section	.rodata
  25              		.align	2
  26              		.type	Droop_Filter_control, %object
  27              		.size	Droop_Filter_control, 256
  28              	Droop_Filter_control:
  29 0000 20130025 		.word	620761888
  30 0004 61178026 		.word	645928801
  31 0008 01008026 		.word	645922817
  32 000c 01008026 		.word	645922817
  33 0010 00048026 		.word	645923840
  34 0014 65098026 		.word	645925221
  35 0018 01008026 		.word	645922817
  36 001c 00048026 		.word	645923840
  37 0020 71098026 		.word	645925233
  38 0024 01008026 		.word	645922817
  39 0028 E00E8026 		.word	645926624
  40 002c C20C8026 		.word	645926082
  41 0030 02008006 		.word	109051906
  42 0034 6587186D 		.word	1830324069
  43 0038 2102187F 		.word	2132279841
  44 003c 6409183E 		.word	1041762660
  45 0040 00008026 		.word	645922816
  46 0044 03008026 		.word	645922819
  47 0048 20138026 		.word	645927712
  48 004c C80C8026 		.word	645926088
  49 0050 E60E8026 		.word	645926630
  50 0054 AA0A8026 		.word	645925546
  51 0058 61178026 		.word	645928801
  52 005c 98088026 		.word	645925016
  53 0060 7A06806D 		.word	1837106810
ARM GAS  C:\DOCUME~1\ADMINI~1\LOCALS~1\Temp\cc2nZwut.s 			page 2


  54 0064 7806802F 		.word	796919416
  55 0068 2002106F 		.word	1863320096
  56 006c 00808026 		.word	645955584
  57 0070 2002806F 		.word	1870660128
  58 0074 00808026 		.word	645955584
  59 0078 2002806F 		.word	1870660128
  60 007c 2002806F 		.word	1870660128
  61 0080 211A40FE 		.word	-29353439
  62 0084 00008626 		.word	646316032
  63 0088 02221066 		.word	1712333314
  64 008c 0080106E 		.word	1846575104
  65 0090 01828026 		.word	645956097
  66 0094 EC0E8026 		.word	645926636
  67 0098 CE0C8026 		.word	645926094
  68 009c 00008006 		.word	109051904
  69 00a0 7187186D 		.word	1830324081
  70 00a4 2102187F 		.word	2132279841
  71 00a8 7009183E 		.word	1041762672
  72 00ac 00008026 		.word	645922816
  73 00b0 01008026 		.word	645922817
  74 00b4 20138026 		.word	645927712
  75 00b8 D40C8026 		.word	645926100
  76 00bc F20E8026 		.word	645926642
  77 00c0 B60A8026 		.word	645925558
  78 00c4 61178026 		.word	645928801
  79 00c8 98088026 		.word	645925016
  80 00cc 7A06806D 		.word	1837106810
  81 00d0 7806802F 		.word	796919416
  82 00d4 2002106F 		.word	1863320096
  83 00d8 00808026 		.word	645955584
  84 00dc 2002806F 		.word	1870660128
  85 00e0 00808026 		.word	645955584
  86 00e4 2002806F 		.word	1870660128
  87 00e8 2002806F 		.word	1870660128
  88 00ec 211A40FE 		.word	-29353439
  89 00f0 00008626 		.word	646316032
  90 00f4 02221066 		.word	1712333314
  91 00f8 0080106E 		.word	1846575104
  92 00fc 01828026 		.word	645956097
  93              		.global	Droop_Filter_data_a
  94              		.align	2
  95              		.type	Droop_Filter_data_a, %object
  96              		.size	Droop_Filter_data_a, 512
  97              	Droop_Filter_data_a:
  98 0100 00000000 		.word	0
  99 0104 00000000 		.word	0
 100 0108 00000000 		.word	0
 101 010c 00000000 		.word	0
 102 0110 00000000 		.word	0
 103 0114 00000000 		.word	0
 104 0118 00000000 		.word	0
 105 011c 00000000 		.word	0
 106 0120 00000000 		.word	0
 107 0124 00000000 		.word	0
 108 0128 00000000 		.word	0
 109 012c 00000000 		.word	0
 110 0130 00000000 		.word	0
ARM GAS  C:\DOCUME~1\ADMINI~1\LOCALS~1\Temp\cc2nZwut.s 			page 3


 111 0134 00000000 		.word	0
 112 0138 00000000 		.word	0
 113 013c 00000000 		.word	0
 114 0140 00000000 		.word	0
 115 0144 00000000 		.word	0
 116 0148 00000000 		.word	0
 117 014c 00000000 		.word	0
 118 0150 00000000 		.word	0
 119 0154 00000000 		.word	0
 120 0158 00000000 		.word	0
 121 015c 00000000 		.word	0
 122 0160 00000000 		.word	0
 123 0164 00000000 		.word	0
 124 0168 00000000 		.word	0
 125 016c 00000000 		.word	0
 126 0170 00000000 		.word	0
 127 0174 00000000 		.word	0
 128 0178 00000000 		.word	0
 129 017c 00000000 		.word	0
 130 0180 00000000 		.word	0
 131 0184 00000000 		.word	0
 132 0188 00000000 		.word	0
 133 018c 00000000 		.word	0
 134 0190 00000000 		.word	0
 135 0194 00000000 		.word	0
 136 0198 00000000 		.word	0
 137 019c 00000000 		.word	0
 138 01a0 00000000 		.word	0
 139 01a4 00000000 		.word	0
 140 01a8 00000000 		.word	0
 141 01ac 00000000 		.word	0
 142 01b0 00000000 		.word	0
 143 01b4 00000000 		.word	0
 144 01b8 00000000 		.word	0
 145 01bc 00000000 		.word	0
 146 01c0 00000000 		.word	0
 147 01c4 00000000 		.word	0
 148 01c8 00000000 		.word	0
 149 01cc 00000000 		.word	0
 150 01d0 00000000 		.word	0
 151 01d4 00000000 		.word	0
 152 01d8 00000000 		.word	0
 153 01dc 00000000 		.word	0
 154 01e0 00000000 		.word	0
 155 01e4 00000000 		.word	0
 156 01e8 00000000 		.word	0
 157 01ec 00000000 		.word	0
 158 01f0 00000000 		.word	0
 159 01f4 00000000 		.word	0
 160 01f8 00000000 		.word	0
 161 01fc 00000000 		.word	0
 162 0200 00000000 		.word	0
 163 0204 00000000 		.word	0
 164 0208 00000000 		.word	0
 165 020c 00000000 		.word	0
 166 0210 00000000 		.word	0
 167 0214 00000000 		.word	0
ARM GAS  C:\DOCUME~1\ADMINI~1\LOCALS~1\Temp\cc2nZwut.s 			page 4


 168 0218 00000000 		.word	0
 169 021c 00000000 		.word	0
 170 0220 00000000 		.word	0
 171 0224 00000000 		.word	0
 172 0228 00000000 		.word	0
 173 022c 00000000 		.word	0
 174 0230 00000000 		.word	0
 175 0234 00000000 		.word	0
 176 0238 00000000 		.word	0
 177 023c 00000000 		.word	0
 178 0240 00000000 		.word	0
 179 0244 00000000 		.word	0
 180 0248 00000000 		.word	0
 181 024c 00000000 		.word	0
 182 0250 00000000 		.word	0
 183 0254 00000000 		.word	0
 184 0258 00000000 		.word	0
 185 025c 00000000 		.word	0
 186 0260 00000000 		.word	0
 187 0264 00000000 		.word	0
 188 0268 00000000 		.word	0
 189 026c 00000000 		.word	0
 190 0270 00000000 		.word	0
 191 0274 00000000 		.word	0
 192 0278 00000000 		.word	0
 193 027c 00000000 		.word	0
 194 0280 00000000 		.word	0
 195 0284 00000000 		.word	0
 196 0288 00000000 		.word	0
 197 028c 00000000 		.word	0
 198 0290 00000000 		.word	0
 199 0294 00000000 		.word	0
 200 0298 00000000 		.word	0
 201 029c 00000000 		.word	0
 202 02a0 00000000 		.word	0
 203 02a4 00000000 		.word	0
 204 02a8 00000000 		.word	0
 205 02ac 00000000 		.word	0
 206 02b0 00000000 		.word	0
 207 02b4 00000000 		.word	0
 208 02b8 00000000 		.word	0
 209 02bc 00000000 		.word	0
 210 02c0 00000000 		.word	0
 211 02c4 00000000 		.word	0
 212 02c8 00000000 		.word	0
 213 02cc 00000000 		.word	0
 214 02d0 00000000 		.word	0
 215 02d4 00000000 		.word	0
 216 02d8 00000000 		.word	0
 217 02dc 00000000 		.word	0
 218 02e0 00000000 		.word	0
 219 02e4 00000000 		.word	0
 220 02e8 00000000 		.word	0
 221 02ec 00000000 		.word	0
 222 02f0 00000000 		.word	0
 223 02f4 00000000 		.word	0
 224 02f8 00000000 		.word	0
ARM GAS  C:\DOCUME~1\ADMINI~1\LOCALS~1\Temp\cc2nZwut.s 			page 5


 225 02fc 00080000 		.word	2048
 226              		.global	Droop_Filter_data_b
 227              		.align	2
 228              		.type	Droop_Filter_data_b, %object
 229              		.size	Droop_Filter_data_b, 512
 230              	Droop_Filter_data_b:
 231 0300 93F2FF00 		.word	16773779
 232 0304 AEEEFF00 		.word	16772782
 233 0308 F50C0000 		.word	3317
 234 030c 0D1B0000 		.word	6925
 235 0310 03EEFF00 		.word	16772611
 236 0314 9CD0FF00 		.word	16765084
 237 0318 6A190000 		.word	6506
 238 031c BD4A0000 		.word	19133
 239 0320 0CE0FF00 		.word	16769036
 240 0324 278EFF00 		.word	16748071
 241 0328 A9270000 		.word	10153
 242 032c 82A50000 		.word	42370
 243 0330 16D2FF00 		.word	16765462
 244 0334 0F15FF00 		.word	16717071
 245 0338 DE320000 		.word	13022
 246 033c A3460100 		.word	83619
 247 0340 2ECCFF00 		.word	16763950
 248 0344 953DFE00 		.word	16661909
 249 0348 132E0000 		.word	11795
 250 034c EA6D0200 		.word	159210
 251 0350 D2E5FF00 		.word	16770514
 252 0354 AB94FC00 		.word	16553131
 253 0358 39E6FF00 		.word	16770617
 254 035c 300C0500 		.word	330800
 255 0360 3FAC0000 		.word	44095
 256 0364 F0ADF700 		.word	16231920
 257 0368 B50EFD00 		.word	16584373
 258 036c 126C1200 		.word	1207314
 259 0370 04121F00 		.word	2036228
 260 0374 126C1200 		.word	1207314
 261 0378 B50EFD00 		.word	16584373
 262 037c F0ADF700 		.word	16231920
 263 0380 3FAC0000 		.word	44095
 264 0384 300C0500 		.word	330800
 265 0388 39E6FF00 		.word	16770617
 266 038c AB94FC00 		.word	16553131
 267 0390 D2E5FF00 		.word	16770514
 268 0394 EA6D0200 		.word	159210
 269 0398 132E0000 		.word	11795
 270 039c 953DFE00 		.word	16661909
 271 03a0 2ECCFF00 		.word	16763950
 272 03a4 A3460100 		.word	83619
 273 03a8 DE320000 		.word	13022
 274 03ac 0F15FF00 		.word	16717071
 275 03b0 16D2FF00 		.word	16765462
 276 03b4 82A50000 		.word	42370
 277 03b8 A9270000 		.word	10153
 278 03bc 278EFF00 		.word	16748071
 279 03c0 0CE0FF00 		.word	16769036
 280 03c4 BD4A0000 		.word	19133
 281 03c8 6A190000 		.word	6506
ARM GAS  C:\DOCUME~1\ADMINI~1\LOCALS~1\Temp\cc2nZwut.s 			page 6


 282 03cc 9CD0FF00 		.word	16765084
 283 03d0 03EEFF00 		.word	16772611
 284 03d4 0D1B0000 		.word	6925
 285 03d8 F50C0000 		.word	3317
 286 03dc AEEEFF00 		.word	16772782
 287 03e0 93F2FF00 		.word	16773779
 288 03e4 1D074E00 		.word	5113629
 289 03e8 E3F8B100 		.word	11663587
 290 03ec 00000000 		.word	0
 291 03f0 DDDF3F00 		.word	4186077
 292 03f4 00000000 		.word	0
 293 03f8 93F2FF00 		.word	16773779
 294 03fc AEEEFF00 		.word	16772782
 295 0400 F50C0000 		.word	3317
 296 0404 0D1B0000 		.word	6925
 297 0408 03EEFF00 		.word	16772611
 298 040c 9CD0FF00 		.word	16765084
 299 0410 6A190000 		.word	6506
 300 0414 BD4A0000 		.word	19133
 301 0418 0CE0FF00 		.word	16769036
 302 041c 278EFF00 		.word	16748071
 303 0420 A9270000 		.word	10153
 304 0424 82A50000 		.word	42370
 305 0428 16D2FF00 		.word	16765462
 306 042c 0F15FF00 		.word	16717071
 307 0430 DE320000 		.word	13022
 308 0434 A3460100 		.word	83619
 309 0438 2ECCFF00 		.word	16763950
 310 043c 953DFE00 		.word	16661909
 311 0440 132E0000 		.word	11795
 312 0444 EA6D0200 		.word	159210
 313 0448 D2E5FF00 		.word	16770514
 314 044c AB94FC00 		.word	16553131
 315 0450 39E6FF00 		.word	16770617
 316 0454 300C0500 		.word	330800
 317 0458 3FAC0000 		.word	44095
 318 045c F0ADF700 		.word	16231920
 319 0460 B50EFD00 		.word	16584373
 320 0464 126C1200 		.word	1207314
 321 0468 04121F00 		.word	2036228
 322 046c 126C1200 		.word	1207314
 323 0470 B50EFD00 		.word	16584373
 324 0474 F0ADF700 		.word	16231920
 325 0478 3FAC0000 		.word	44095
 326 047c 300C0500 		.word	330800
 327 0480 39E6FF00 		.word	16770617
 328 0484 AB94FC00 		.word	16553131
 329 0488 D2E5FF00 		.word	16770514
 330 048c EA6D0200 		.word	159210
 331 0490 132E0000 		.word	11795
 332 0494 953DFE00 		.word	16661909
 333 0498 2ECCFF00 		.word	16763950
 334 049c A3460100 		.word	83619
 335 04a0 DE320000 		.word	13022
 336 04a4 0F15FF00 		.word	16717071
 337 04a8 16D2FF00 		.word	16765462
 338 04ac 82A50000 		.word	42370
ARM GAS  C:\DOCUME~1\ADMINI~1\LOCALS~1\Temp\cc2nZwut.s 			page 7


 339 04b0 A9270000 		.word	10153
 340 04b4 278EFF00 		.word	16748071
 341 04b8 0CE0FF00 		.word	16769036
 342 04bc BD4A0000 		.word	19133
 343 04c0 6A190000 		.word	6506
 344 04c4 9CD0FF00 		.word	16765084
 345 04c8 03EEFF00 		.word	16772611
 346 04cc 0D1B0000 		.word	6925
 347 04d0 F50C0000 		.word	3317
 348 04d4 AEEEFF00 		.word	16772782
 349 04d8 93F2FF00 		.word	16773779
 350 04dc 1D074E00 		.word	5113629
 351 04e0 E3F8B100 		.word	11663587
 352 04e4 00000000 		.word	0
 353 04e8 DDDF3F00 		.word	4186077
 354 04ec 00000000 		.word	0
 355 04f0 00000000 		.word	0
 356 04f4 00000000 		.word	0
 357 04f8 00000000 		.word	0
 358 04fc 00080000 		.word	2048
 359              		.global	Droop_Filter_acu
 360              		.align	2
 361              		.type	Droop_Filter_acu, %object
 362              		.size	Droop_Filter_acu, 56
 363              	Droop_Filter_acu:
 364 0500 381C0000 		.word	7224
 365 0504 00000000 		.word	0
 366 0508 00000000 		.word	0
 367 050c BD1E0000 		.word	7869
 368 0510 B91C0000 		.word	7353
 369 0514 02010000 		.word	258
 370 0518 763B0000 		.word	15222
 371 051c 3E1F0000 		.word	7998
 372 0520 3E1F0000 		.word	7998
 373 0524 FB3D0000 		.word	15867
 374 0528 F73B0000 		.word	15351
 375 052c 02010000 		.word	258
 376 0530 7E3F0000 		.word	16254
 377 0534 FF3F0000 		.word	16383
 378              		.global	Droop_Filter_cfsm
 379              		.align	2
 380              		.type	Droop_Filter_cfsm, %object
 381              		.size	Droop_Filter_cfsm, 88
 382              	Droop_Filter_cfsm:
 383 0538 21F80501 		.word	17168417
 384 053c 421086C0 		.word	-1064955838
 385 0540 67F81501 		.word	18217063
 386 0544 8DF84B01 		.word	21756045
 387 0548 C5308EC0 		.word	-1064423227
 388 054c D3F81501 		.word	18217171
 389 0550 F4F84B01 		.word	21756148
 390 0554 43698801 		.word	25717059
 391 0558 C9719E21 		.word	564031945
 392 055c 4AF92501 		.word	19265866
 393 0560 6BF92F01 		.word	19921259
 394 0564 EC02C320 		.word	549651180
 395 0568 A6F91301 		.word	18086310
ARM GAS  C:\DOCUME~1\ADMINI~1\LOCALS~1\Temp\cc2nZwut.s 			page 8


 396 056c A4448D01 		.word	26035364
 397 0570 2F4DD521 		.word	567627055
 398 0574 10FA5B01 		.word	22805008
 399 0578 31FA6501 		.word	23460401
 400 057c 52DEF920 		.word	553246290
 401 0580 01F80501 		.word	17168385
 402 0584 48699C01 		.word	27027784
 403 0588 AE44D301 		.word	30622894
 404 058c 00000000 		.word	0
 405              		.text
 406              	.Letext0:
 407              		.file 1 ".\\Generated_Source\\PSoC5\\Droop_Filter_RAM_Data.c"
 408              		.file 2 ".\\Generated_Source\\PSoC5\\/cytypes.h"
 409              		.section	.debug_info
 410 0000 3E010000 		.4byte	0x13e
 411 0004 0200     		.2byte	0x2
 412 0006 00000000 		.4byte	.Ldebug_abbrev0
 413 000a 04       		.byte	0x4
 414 000b 01       		.uleb128 0x1
 415 000c 5F000000 		.4byte	.LASF17
 416 0010 01       		.byte	0x1
 417 0011 90000000 		.4byte	.LASF18
 418 0015 E5000000 		.4byte	.LASF19
 419 0019 00000000 		.4byte	.Ltext0
 420 001d 00000000 		.4byte	.Letext0
 421 0021 00000000 		.4byte	.Ldebug_line0
 422 0025 02       		.uleb128 0x2
 423 0026 01       		.byte	0x1
 424 0027 06       		.byte	0x6
 425 0028 58010000 		.4byte	.LASF0
 426 002c 02       		.uleb128 0x2
 427 002d 01       		.byte	0x1
 428 002e 08       		.byte	0x8
 429 002f 6B000000 		.4byte	.LASF1
 430 0033 02       		.uleb128 0x2
 431 0034 02       		.byte	0x2
 432 0035 05       		.byte	0x5
 433 0036 7F010000 		.4byte	.LASF2
 434 003a 02       		.uleb128 0x2
 435 003b 02       		.byte	0x2
 436 003c 07       		.byte	0x7
 437 003d 45010000 		.4byte	.LASF3
 438 0041 02       		.uleb128 0x2
 439 0042 04       		.byte	0x4
 440 0043 05       		.byte	0x5
 441 0044 D5000000 		.4byte	.LASF4
 442 0048 02       		.uleb128 0x2
 443 0049 04       		.byte	0x4
 444 004a 07       		.byte	0x7
 445 004b 36000000 		.4byte	.LASF5
 446 004f 02       		.uleb128 0x2
 447 0050 08       		.byte	0x8
 448 0051 05       		.byte	0x5
 449 0052 00000000 		.4byte	.LASF6
 450 0056 02       		.uleb128 0x2
 451 0057 08       		.byte	0x8
 452 0058 07       		.byte	0x7
ARM GAS  C:\DOCUME~1\ADMINI~1\LOCALS~1\Temp\cc2nZwut.s 			page 9


 453 0059 48000000 		.4byte	.LASF7
 454 005d 03       		.uleb128 0x3
 455 005e 04       		.byte	0x4
 456 005f 05       		.byte	0x5
 457 0060 696E7400 		.ascii	"int\000"
 458 0064 02       		.uleb128 0x2
 459 0065 04       		.byte	0x4
 460 0066 07       		.byte	0x7
 461 0067 29000000 		.4byte	.LASF8
 462 006b 04       		.uleb128 0x4
 463 006c 0E000000 		.4byte	.LASF20
 464 0070 02       		.byte	0x2
 465 0071 4E       		.byte	0x4e
 466 0072 48000000 		.4byte	0x48
 467 0076 02       		.uleb128 0x2
 468 0077 04       		.byte	0x4
 469 0078 04       		.byte	0x4
 470 0079 79010000 		.4byte	.LASF9
 471 007d 02       		.uleb128 0x2
 472 007e 08       		.byte	0x8
 473 007f 04       		.byte	0x4
 474 0080 DE000000 		.4byte	.LASF10
 475 0084 02       		.uleb128 0x2
 476 0085 01       		.byte	0x1
 477 0086 08       		.byte	0x8
 478 0087 8B000000 		.4byte	.LASF11
 479 008b 05       		.uleb128 0x5
 480 008c 04       		.byte	0x4
 481 008d 07       		.byte	0x7
 482 008e 06       		.uleb128 0x6
 483 008f 6B000000 		.4byte	0x6b
 484 0093 9E000000 		.4byte	0x9e
 485 0097 07       		.uleb128 0x7
 486 0098 8B000000 		.4byte	0x8b
 487 009c 3F       		.byte	0x3f
 488 009d 00       		.byte	0x0
 489 009e 08       		.uleb128 0x8
 490 009f 64010000 		.4byte	.LASF12
 491 00a3 01       		.byte	0x1
 492 00a4 04       		.byte	0x4
 493 00a5 B0000000 		.4byte	0xb0
 494 00a9 01       		.byte	0x1
 495 00aa 05       		.byte	0x5
 496 00ab 03       		.byte	0x3
 497 00ac 00000000 		.4byte	Droop_Filter_control
 498 00b0 09       		.uleb128 0x9
 499 00b1 8E000000 		.4byte	0x8e
 500 00b5 06       		.uleb128 0x6
 501 00b6 6B000000 		.4byte	0x6b
 502 00ba C5000000 		.4byte	0xc5
 503 00be 07       		.uleb128 0x7
 504 00bf 8B000000 		.4byte	0x8b
 505 00c3 7F       		.byte	0x7f
 506 00c4 00       		.byte	0x0
 507 00c5 08       		.uleb128 0x8
 508 00c6 15000000 		.4byte	.LASF13
 509 00ca 01       		.byte	0x1
ARM GAS  C:\DOCUME~1\ADMINI~1\LOCALS~1\Temp\cc2nZwut.s 			page 10


 510 00cb 19       		.byte	0x19
 511 00cc D7000000 		.4byte	0xd7
 512 00d0 01       		.byte	0x1
 513 00d1 05       		.byte	0x5
 514 00d2 03       		.byte	0x3
 515 00d3 00000000 		.4byte	Droop_Filter_data_a
 516 00d7 09       		.uleb128 0x9
 517 00d8 B5000000 		.4byte	0xb5
 518 00dc 08       		.uleb128 0x8
 519 00dd C1000000 		.4byte	.LASF14
 520 00e1 01       		.byte	0x1
 521 00e2 3E       		.byte	0x3e
 522 00e3 EE000000 		.4byte	0xee
 523 00e7 01       		.byte	0x1
 524 00e8 05       		.byte	0x5
 525 00e9 03       		.byte	0x3
 526 00ea 00000000 		.4byte	Droop_Filter_data_b
 527 00ee 09       		.uleb128 0x9
 528 00ef B5000000 		.4byte	0xb5
 529 00f3 06       		.uleb128 0x6
 530 00f4 6B000000 		.4byte	0x6b
 531 00f8 03010000 		.4byte	0x103
 532 00fc 07       		.uleb128 0x7
 533 00fd 8B000000 		.4byte	0x8b
 534 0101 15       		.byte	0x15
 535 0102 00       		.byte	0x0
 536 0103 08       		.uleb128 0x8
 537 0104 79000000 		.4byte	.LASF15
 538 0108 01       		.byte	0x1
 539 0109 6B       		.byte	0x6b
 540 010a 15010000 		.4byte	0x115
 541 010e 01       		.byte	0x1
 542 010f 05       		.byte	0x5
 543 0110 03       		.byte	0x3
 544 0111 00000000 		.4byte	Droop_Filter_cfsm
 545 0115 09       		.uleb128 0x9
 546 0116 F3000000 		.4byte	0xf3
 547 011a 06       		.uleb128 0x6
 548 011b 6B000000 		.4byte	0x6b
 549 011f 2A010000 		.4byte	0x12a
 550 0123 07       		.uleb128 0x7
 551 0124 8B000000 		.4byte	0x8b
 552 0128 0D       		.byte	0xd
 553 0129 00       		.byte	0x0
 554 012a 08       		.uleb128 0x8
 555 012b 89010000 		.4byte	.LASF16
 556 012f 01       		.byte	0x1
 557 0130 63       		.byte	0x63
 558 0131 3C010000 		.4byte	0x13c
 559 0135 01       		.byte	0x1
 560 0136 05       		.byte	0x5
 561 0137 03       		.byte	0x3
 562 0138 00000000 		.4byte	Droop_Filter_acu
 563 013c 09       		.uleb128 0x9
 564 013d 1A010000 		.4byte	0x11a
 565 0141 00       		.byte	0x0
 566              		.section	.debug_abbrev
ARM GAS  C:\DOCUME~1\ADMINI~1\LOCALS~1\Temp\cc2nZwut.s 			page 11


 567 0000 01       		.uleb128 0x1
 568 0001 11       		.uleb128 0x11
 569 0002 01       		.byte	0x1
 570 0003 25       		.uleb128 0x25
 571 0004 0E       		.uleb128 0xe
 572 0005 13       		.uleb128 0x13
 573 0006 0B       		.uleb128 0xb
 574 0007 03       		.uleb128 0x3
 575 0008 0E       		.uleb128 0xe
 576 0009 1B       		.uleb128 0x1b
 577 000a 0E       		.uleb128 0xe
 578 000b 11       		.uleb128 0x11
 579 000c 01       		.uleb128 0x1
 580 000d 12       		.uleb128 0x12
 581 000e 01       		.uleb128 0x1
 582 000f 10       		.uleb128 0x10
 583 0010 06       		.uleb128 0x6
 584 0011 00       		.byte	0x0
 585 0012 00       		.byte	0x0
 586 0013 02       		.uleb128 0x2
 587 0014 24       		.uleb128 0x24
 588 0015 00       		.byte	0x0
 589 0016 0B       		.uleb128 0xb
 590 0017 0B       		.uleb128 0xb
 591 0018 3E       		.uleb128 0x3e
 592 0019 0B       		.uleb128 0xb
 593 001a 03       		.uleb128 0x3
 594 001b 0E       		.uleb128 0xe
 595 001c 00       		.byte	0x0
 596 001d 00       		.byte	0x0
 597 001e 03       		.uleb128 0x3
 598 001f 24       		.uleb128 0x24
 599 0020 00       		.byte	0x0
 600 0021 0B       		.uleb128 0xb
 601 0022 0B       		.uleb128 0xb
 602 0023 3E       		.uleb128 0x3e
 603 0024 0B       		.uleb128 0xb
 604 0025 03       		.uleb128 0x3
 605 0026 08       		.uleb128 0x8
 606 0027 00       		.byte	0x0
 607 0028 00       		.byte	0x0
 608 0029 04       		.uleb128 0x4
 609 002a 16       		.uleb128 0x16
 610 002b 00       		.byte	0x0
 611 002c 03       		.uleb128 0x3
 612 002d 0E       		.uleb128 0xe
 613 002e 3A       		.uleb128 0x3a
 614 002f 0B       		.uleb128 0xb
 615 0030 3B       		.uleb128 0x3b
 616 0031 0B       		.uleb128 0xb
 617 0032 49       		.uleb128 0x49
 618 0033 13       		.uleb128 0x13
 619 0034 00       		.byte	0x0
 620 0035 00       		.byte	0x0
 621 0036 05       		.uleb128 0x5
 622 0037 24       		.uleb128 0x24
 623 0038 00       		.byte	0x0
ARM GAS  C:\DOCUME~1\ADMINI~1\LOCALS~1\Temp\cc2nZwut.s 			page 12


 624 0039 0B       		.uleb128 0xb
 625 003a 0B       		.uleb128 0xb
 626 003b 3E       		.uleb128 0x3e
 627 003c 0B       		.uleb128 0xb
 628 003d 00       		.byte	0x0
 629 003e 00       		.byte	0x0
 630 003f 06       		.uleb128 0x6
 631 0040 01       		.uleb128 0x1
 632 0041 01       		.byte	0x1
 633 0042 49       		.uleb128 0x49
 634 0043 13       		.uleb128 0x13
 635 0044 01       		.uleb128 0x1
 636 0045 13       		.uleb128 0x13
 637 0046 00       		.byte	0x0
 638 0047 00       		.byte	0x0
 639 0048 07       		.uleb128 0x7
 640 0049 21       		.uleb128 0x21
 641 004a 00       		.byte	0x0
 642 004b 49       		.uleb128 0x49
 643 004c 13       		.uleb128 0x13
 644 004d 2F       		.uleb128 0x2f
 645 004e 0B       		.uleb128 0xb
 646 004f 00       		.byte	0x0
 647 0050 00       		.byte	0x0
 648 0051 08       		.uleb128 0x8
 649 0052 34       		.uleb128 0x34
 650 0053 00       		.byte	0x0
 651 0054 03       		.uleb128 0x3
 652 0055 0E       		.uleb128 0xe
 653 0056 3A       		.uleb128 0x3a
 654 0057 0B       		.uleb128 0xb
 655 0058 3B       		.uleb128 0x3b
 656 0059 0B       		.uleb128 0xb
 657 005a 49       		.uleb128 0x49
 658 005b 13       		.uleb128 0x13
 659 005c 3F       		.uleb128 0x3f
 660 005d 0C       		.uleb128 0xc
 661 005e 02       		.uleb128 0x2
 662 005f 0A       		.uleb128 0xa
 663 0060 00       		.byte	0x0
 664 0061 00       		.byte	0x0
 665 0062 09       		.uleb128 0x9
 666 0063 26       		.uleb128 0x26
 667 0064 00       		.byte	0x0
 668 0065 49       		.uleb128 0x49
 669 0066 13       		.uleb128 0x13
 670 0067 00       		.byte	0x0
 671 0068 00       		.byte	0x0
 672 0069 00       		.byte	0x0
 673              		.section	.debug_pubnames,"",%progbits
 674 0000 82000000 		.4byte	0x82
 675 0004 0200     		.2byte	0x2
 676 0006 00000000 		.4byte	.Ldebug_info0
 677 000a 42010000 		.4byte	0x142
 678 000e 9E000000 		.4byte	0x9e
 679 0012 44726F6F 		.ascii	"Droop_Filter_control\000"
 679      705F4669 
ARM GAS  C:\DOCUME~1\ADMINI~1\LOCALS~1\Temp\cc2nZwut.s 			page 13


 679      6C746572 
 679      5F636F6E 
 679      74726F6C 
 680 0027 C5000000 		.4byte	0xc5
 681 002b 44726F6F 		.ascii	"Droop_Filter_data_a\000"
 681      705F4669 
 681      6C746572 
 681      5F646174 
 681      615F6100 
 682 003f DC000000 		.4byte	0xdc
 683 0043 44726F6F 		.ascii	"Droop_Filter_data_b\000"
 683      705F4669 
 683      6C746572 
 683      5F646174 
 683      615F6200 
 684 0057 03010000 		.4byte	0x103
 685 005b 44726F6F 		.ascii	"Droop_Filter_cfsm\000"
 685      705F4669 
 685      6C746572 
 685      5F636673 
 685      6D00
 686 006d 2A010000 		.4byte	0x12a
 687 0071 44726F6F 		.ascii	"Droop_Filter_acu\000"
 687      705F4669 
 687      6C746572 
 687      5F616375 
 687      00
 688 0082 00000000 		.4byte	0x0
 689              		.section	.debug_str,"MS",%progbits,1
 690              	.LASF6:
 691 0000 6C6F6E67 		.ascii	"long long int\000"
 691      206C6F6E 
 691      6720696E 
 691      7400
 692              	.LASF20:
 693 000e 75696E74 		.ascii	"uint32\000"
 693      333200
 694              	.LASF13:
 695 0015 44726F6F 		.ascii	"Droop_Filter_data_a\000"
 695      705F4669 
 695      6C746572 
 695      5F646174 
 695      615F6100 
 696              	.LASF8:
 697 0029 756E7369 		.ascii	"unsigned int\000"
 697      676E6564 
 697      20696E74 
 697      00
 698              	.LASF5:
 699 0036 6C6F6E67 		.ascii	"long unsigned int\000"
 699      20756E73 
 699      69676E65 
 699      6420696E 
 699      7400
 700              	.LASF7:
 701 0048 6C6F6E67 		.ascii	"long long unsigned int\000"
 701      206C6F6E 
ARM GAS  C:\DOCUME~1\ADMINI~1\LOCALS~1\Temp\cc2nZwut.s 			page 14


 701      6720756E 
 701      7369676E 
 701      65642069 
 702              	.LASF17:
 703 005f 474E5520 		.ascii	"GNU C 4.4.1\000"
 703      4320342E 
 703      342E3100 
 704              	.LASF1:
 705 006b 756E7369 		.ascii	"unsigned char\000"
 705      676E6564 
 705      20636861 
 705      7200
 706              	.LASF15:
 707 0079 44726F6F 		.ascii	"Droop_Filter_cfsm\000"
 707      705F4669 
 707      6C746572 
 707      5F636673 
 707      6D00
 708              	.LASF11:
 709 008b 63686172 		.ascii	"char\000"
 709      00
 710              	.LASF18:
 711 0090 2E5C4765 		.ascii	".\\Generated_Source\\PSoC5\\Droop_Filter_RAM_Data.c"
 711      6E657261 
 711      7465645F 
 711      536F7572 
 711      63655C50 
 712 00c0 00       		.ascii	"\000"
 713              	.LASF14:
 714 00c1 44726F6F 		.ascii	"Droop_Filter_data_b\000"
 714      705F4669 
 714      6C746572 
 714      5F646174 
 714      615F6200 
 715              	.LASF4:
 716 00d5 6C6F6E67 		.ascii	"long int\000"
 716      20696E74 
 716      00
 717              	.LASF10:
 718 00de 646F7562 		.ascii	"double\000"
 718      6C6500
 719              	.LASF19:
 720 00e5 5C5C7073 		.ascii	"\\\\psf\\Home\\Desktop\\USB-audio\\Firmware\\Pionee"
 720      665C486F 
 720      6D655C44 
 720      65736B74 
 720      6F705C55 
 721 0111 724B6974 		.ascii	"rKit_P5LP_USB_Audio\\PioneerKit_P5LP_USB_Audio.cyds"
 721      5F50354C 
 721      505F5553 
 721      425F4175 
 721      64696F5C 
 722 0143 6E00     		.ascii	"n\000"
 723              	.LASF3:
 724 0145 73686F72 		.ascii	"short unsigned int\000"
 724      7420756E 
 724      7369676E 
ARM GAS  C:\DOCUME~1\ADMINI~1\LOCALS~1\Temp\cc2nZwut.s 			page 15


 724      65642069 
 724      6E7400
 725              	.LASF0:
 726 0158 7369676E 		.ascii	"signed char\000"
 726      65642063 
 726      68617200 
 727              	.LASF12:
 728 0164 44726F6F 		.ascii	"Droop_Filter_control\000"
 728      705F4669 
 728      6C746572 
 728      5F636F6E 
 728      74726F6C 
 729              	.LASF9:
 730 0179 666C6F61 		.ascii	"float\000"
 730      7400
 731              	.LASF2:
 732 017f 73686F72 		.ascii	"short int\000"
 732      7420696E 
 732      7400
 733              	.LASF16:
 734 0189 44726F6F 		.ascii	"Droop_Filter_acu\000"
 734      705F4669 
 734      6C746572 
 734      5F616375 
 734      00
 735              		.ident	"GCC: (Sourcery G++ Lite 2010q1-188) 4.4.1"
