ARM GAS  C:\DOCUME~1\ADMINI~1\LOCALS~1\Temp\ccrHJVzv.s 			page 1


   1              		.syntax unified
   2              		.cpu cortex-m3
   3              		.fpu softvfp
   4              		.eabi_attribute 20, 1
   5              		.eabi_attribute 21, 1
   6              		.eabi_attribute 23, 3
   7              		.eabi_attribute 24, 1
   8              		.eabi_attribute 25, 1
   9              		.eabi_attribute 26, 1
  10              		.eabi_attribute 30, 4
  11              		.eabi_attribute 18, 4
  12              		.thumb
  13              		.file	"main.c"
  14              		.section	.debug_abbrev,"",%progbits
  15              	.Ldebug_abbrev0:
  16              		.section	.debug_info,"",%progbits
  17              	.Ldebug_info0:
  18              		.section	.debug_line,"",%progbits
  19              	.Ldebug_line0:
  20 0000 94000000 		.text
  20      02005300 
  20      00000201 
  20      FB0E0D00 
  20      01010101 
  21              	.Ltext0:
  22              		.cfi_sections	.debug_frame
  23              		.section	.text.ValidateBootloader,"ax",%progbits
  24              		.align	1
  25              		.global	ValidateBootloader
  26              		.thumb
  27              		.thumb_func
  28              		.type	ValidateBootloader, %function
  29              	ValidateBootloader:
  30              	.LFB30:
  31              		.file 1 ".\\main.c"
   1:.\main.c      **** /*****************************************************************************
   2:.\main.c      **** * File Name: main.c
   3:.\main.c      **** * Version 2.02
   4:.\main.c      **** *
   5:.\main.c      **** * Description:
   6:.\main.c      **** *  This file provides the source code to handle bootloader for PSoC 5LP.
   7:.\main.c      **** *
   8:.\main.c      **** * Owner:
   9:.\main.c      **** *	Anu MD, Applications Engineer Senior (anmd@cypress.com)
  10:.\main.c      **** *
  11:.\main.c      **** * Related Document:
  12:.\main.c      **** * 	001-85925 - CY8CKIT-042 PSoC 4 Pioneer Kit IROS
  13:.\main.c      **** *
  14:.\main.c      **** * Hardware Dependency:
  15:.\main.c      **** * 	CY8CKIT-042 (KitProg) 
  16:.\main.c      **** *
  17:.\main.c      **** * Code Tested With:
  18:.\main.c      **** * 	Creator 2.2
  19:.\main.c      **** *	GCC1 4.4.1
  20:.\main.c      **** *	CY8CKIT-042 Rev 1
  21:.\main.c      **** *
  22:.\main.c      **** ******************************************************************************
ARM GAS  C:\DOCUME~1\ADMINI~1\LOCALS~1\Temp\ccrHJVzv.s 			page 2


  23:.\main.c      **** * Copyright (2013), Cypress Semiconductor Corporation.
  24:.\main.c      **** ******************************************************************************
  25:.\main.c      **** * This software is owned by Cypress Semiconductor Corporation (Cypress) and is
  26:.\main.c      **** * protected by and subject to worldwide patent protection (United States and
  27:.\main.c      **** * foreign), United States copyright laws and international treaty provisions.
  28:.\main.c      **** * Cypress hereby grants to licensee a personal, non-exclusive, non-transferable
  29:.\main.c      **** * license to copy, use, modify, create derivative works of, and compile the
  30:.\main.c      **** * Cypress Source Code and derivative works for the sole purpose of creating
  31:.\main.c      **** * custom software in support of licensee product to be used only in conjunction
  32:.\main.c      **** * with a Cypress integrated circuit as specified in the applicable agreement.
  33:.\main.c      **** * Any reproduction, modification, translation, compilation, or representation of
  34:.\main.c      **** * this software except as specified above is prohibited without the express
  35:.\main.c      **** * written permission of Cypress.
  36:.\main.c      **** *
  37:.\main.c      **** * Disclaimer: CYPRESS MAKES NO WARRANTY OF ANY KIND, EXPRESS OR IMPLIED, WITH
  38:.\main.c      **** * REGARD TO THIS MATERIAL, INCLUDING, BUT NOT LIMITED TO, THE IMPLIED
  39:.\main.c      **** * WARRANTIES OF MERCHANTABILITY AND FITNESS FOR A PARTICULAR PURPOSE.
  40:.\main.c      **** * Cypress reserves the right to make changes without further notice to the
  41:.\main.c      **** * materials described herein. Cypress does not assume any liability arising out
  42:.\main.c      **** * of the application or use of any product or circuit described herein. Cypress
  43:.\main.c      **** * does not authorize its products for use as critical components in life-support
  44:.\main.c      **** * systems where a malfunction or failure may reasonably be expected to result in
  45:.\main.c      **** * significant injury to the user. The inclusion of Cypress' product in a life-
  46:.\main.c      **** * support systems application implies that the manufacturer assumes all risk of
  47:.\main.c      **** * such use and in doing so indemnifies Cypress against all charges. Use may be
  48:.\main.c      **** * limited by and subject to the applicable Cypress software license agreement.
  49:.\main.c      **** *****************************************************************************/
  50:.\main.c      **** #include <device.h>
  51:.\main.c      **** #include "Bootloader.h"
  52:.\main.c      **** 
  53:.\main.c      **** /* Defines for Bootloader checksum validation */
  54:.\main.c      **** #define Bootloader_BL_LAST_ROW            (*Bootloader_MD_PTR_LAST_BLDR_ROW    )
  55:.\main.c      **** #define Bootloader_FLASH_NUMBER_SECTORS   (CY_FLASH_NUMBER_ARRAYS)
  56:.\main.c      **** #define Bootloader_CHECKSUM_START         0    /* The bootloader always starts at 0 in flash */
  57:.\main.c      **** #define Bootloader_FROW_SIZE          ((CYDEV_FLS_ROW_SIZE) + (CYDEV_ECC_ROW_SIZE))
  58:.\main.c      **** 
  59:.\main.c      **** /* Function Delaration */
  60:.\main.c      **** void ValidateBootloader(void);
  61:.\main.c      **** uint8   Bootloader_Calc8BitFlashSum(uint32 start, uint32 size) CYSMALL ;
  62:.\main.c      **** 
  63:.\main.c      **** void main()
  64:.\main.c      **** {
  65:.\main.c      **** 	uint16 counter = 0;
  66:.\main.c      **** 
  67:.\main.c      **** 	/* Check the validity of bootloader by verifying the Bootloader checksum */
  68:.\main.c      **** 	ValidateBootloader();
  69:.\main.c      **** 	
  70:.\main.c      **** 	/* Initialize PWM component for LED status control*/
  71:.\main.c      ****     PWM_Init();
  72:.\main.c      **** 
  73:.\main.c      **** 	/* If the there is a valid application, check if PSoC 4 reset switch is pressed for more than 100m
  74:.\main.c      **** 	 * If yes, blink the LED slowly(ON Time = 1.5s, OFF Time = 1.5s) to indicate that the device is in
  75:.\main.c      **** 	if(Bootloader_ValidateApplication() == CYRET_SUCCESS)
  76:.\main.c      **** 	{
  77:.\main.c      **** 		/* If PSoC 4A XRES pin is pulled low during reset */
  78:.\main.c      **** 		if(Pin_PSoC4A_XRES_Read() == 0)
  79:.\main.c      **** 		{
ARM GAS  C:\DOCUME~1\ADMINI~1\LOCALS~1\Temp\ccrHJVzv.s 			page 3


  80:.\main.c      **** 			for(counter = 0; counter <= 100; counter++)
  81:.\main.c      **** 			{
  82:.\main.c      **** 				CyDelay(1);
  83:.\main.c      **** 				
  84:.\main.c      **** 				/* If the swicth is released before specified time, do not enter bootloader */
  85:.\main.c      **** 				if(Pin_PSoC4A_XRES_Read() != 0)
  86:.\main.c      **** 					break;
  87:.\main.c      **** 			}
  88:.\main.c      **** 						 
  89:.\main.c      **** 			/* If the reset switch was pressed for more than 100 millisecond counter value will be 100 
  90:.\main.c      **** 			 * If so, set the flash run type as bootloader to wait for a bootload operation */
  91:.\main.c      **** 			if(counter >= 100)
  92:.\main.c      **** 			{
  93:.\main.c      **** 				/* Set the reset SR0 switch to indicate the */
  94:.\main.c      **** 				Bootloader_SET_RUN_TYPE (Bootloader_START_BTLDR);
  95:.\main.c      **** 				
  96:.\main.c      **** 				/*Indicate that you have entered the bootloader mode.*/
  97:.\main.c      **** 				PWM_WritePeriod(30000);
  98:.\main.c      **** 				PWM_WriteCompare(15000);
  99:.\main.c      **** 			}
 100:.\main.c      **** 		}
 101:.\main.c      **** 	}
 102:.\main.c      **** 	else
 103:.\main.c      **** 	{
 104:.\main.c      **** 		/* If the application is not valid 
 105:.\main.c      **** 		 * Blink the LED very fast (ON Time = 0.25s, OFF Time = 0.25s)*/
 106:.\main.c      **** 		PWM_WritePeriod(5000);
 107:.\main.c      **** 		PWM_WriteCompare(2500);
 108:.\main.c      **** 	}
 109:.\main.c      **** 	/* Enable the PWM */
 110:.\main.c      **** 	PWM_Enable();
 111:.\main.c      **** 
 112:.\main.c      **** 	/* Start Bootloader */
 113:.\main.c      **** 	Bootloader_Start();
 114:.\main.c      ****     for(;;)
 115:.\main.c      ****     {
 116:.\main.c      ****         
 117:.\main.c      ****     }
 118:.\main.c      **** }
 119:.\main.c      **** 
 120:.\main.c      **** /*******************************************************************************
 121:.\main.c      **** * Function Name: ValidateBootloader
 122:.\main.c      **** ********************************************************************************
 123:.\main.c      **** *
 124:.\main.c      **** * Summary:
 125:.\main.c      **** *  Function to validate the bootloader bye verifying the bootloader checksum. 
 126:.\main.c      **** *  The CPU execution is halted if Bootloader is not valid.
 127:.\main.c      **** *
 128:.\main.c      **** * Parameters:
 129:.\main.c      **** *  None
 130:.\main.c      **** *
 131:.\main.c      **** * Return:
 132:.\main.c      **** *  None
 133:.\main.c      **** *
 134:.\main.c      **** *******************************************************************************/
 135:.\main.c      **** void ValidateBootloader(void)
 136:.\main.c      **** {
ARM GAS  C:\DOCUME~1\ADMINI~1\LOCALS~1\Temp\ccrHJVzv.s 			page 4


  32              		.loc 1 136 0
  33              		.cfi_startproc
  34              		@ args = 0, pretend = 0, frame = 0
  35              		@ frame_needed = 0, uses_anonymous_args = 0
 137:.\main.c      ****     extern uint8  *Bootloader_ChecksumAccess;
 138:.\main.c      **** 	extern uint32 *Bootloader_SizeBytesAccess;
 139:.\main.c      **** 	uint8 CYDATA calcedChecksum;
 140:.\main.c      **** 	calcedChecksum = Bootloader_Calc8BitFlashSum(Bootloader_CHECKSUM_START,
  36              		.loc 1 140 0
  37 0000 094B     		ldr	r3, .L5
  38 0002 0020     		movs	r0, #0
  39 0004 1B68     		ldr	r3, [r3, #0]
  40              		.loc 1 136 0
  41 0006 10B5     		push	{r4, lr}
  42              	.LCFI0:
  43              		.cfi_def_cfa_offset 8
  44              		.loc 1 140 0
  45 0008 1968     		ldr	r1, [r3, #0]
  46              		.cfi_offset 14, -4
  47              		.cfi_offset 4, -8
  48 000a FFF7FEFF 		bl	Bootloader_Calc8BitFlashSum
 141:.\main.c      ****                 	*Bootloader_SizeBytesAccess - Bootloader_CHECKSUM_START);
 142:.\main.c      **** 
 143:.\main.c      **** 	/* we actually included the checksum, so remove it */
 144:.\main.c      **** 	calcedChecksum -= *Bootloader_ChecksumAccess;
  49              		.loc 1 144 0
  50 000e 074B     		ldr	r3, .L5+4
  51 0010 1B68     		ldr	r3, [r3, #0]
  52 0012 1B78     		ldrb	r3, [r3, #0]	@ zero_extendqisi2
 145:.\main.c      **** 	calcedChecksum = 1 + ~calcedChecksum;
  53              		.loc 1 145 0
  54 0014 181A     		subs	r0, r3, r0
 146:.\main.c      **** 
 147:.\main.c      **** 	/* Halt device if bootloader application is invalid */
 148:.\main.c      **** 	if((calcedChecksum != *Bootloader_ChecksumAccess))
  55              		.loc 1 148 0
  56 0016 C0B2     		uxtb	r0, r0
  57 0018 9842     		cmp	r0, r3
  58 001a 04D0     		beq	.L3
 149:.\main.c      **** 	{
 150:.\main.c      **** 	    CyHalt(0x00u);
  59              		.loc 1 150 0
  60 001c 0020     		movs	r0, #0
 151:.\main.c      **** 	}
 152:.\main.c      **** }
  61              		.loc 1 152 0
  62 001e BDE81040 		pop	{r4, lr}
  63              		.loc 1 150 0
  64 0022 FFF7FEBF 		b	CyHalt
  65              	.L3:
  66 0026 10BD     		pop	{r4, pc}
  67              	.L6:
  68              		.align	2
  69              	.L5:
  70 0028 00000000 		.word	Bootloader_SizeBytesAccess
  71 002c 00000000 		.word	Bootloader_ChecksumAccess
  72              		.cfi_endproc
ARM GAS  C:\DOCUME~1\ADMINI~1\LOCALS~1\Temp\ccrHJVzv.s 			page 5


  73              	.LFE30:
  74              		.size	ValidateBootloader, .-ValidateBootloader
  75              		.section	.text.main,"ax",%progbits
  76              		.align	1
  77              		.global	main
  78              		.thumb
  79              		.thumb_func
  80              		.type	main, %function
  81              	main:
  82              	.LFB29:
  83              		.loc 1 64 0
  84              		.cfi_startproc
  85              		@ args = 0, pretend = 0, frame = 0
  86              		@ frame_needed = 0, uses_anonymous_args = 0
  87 0000 10B5     		push	{r4, lr}
  88              	.LCFI1:
  89              		.cfi_def_cfa_offset 8
  90              		.loc 1 68 0
  91              		.cfi_offset 14, -4
  92              		.cfi_offset 4, -8
  93 0002 FFF7FEFF 		bl	ValidateBootloader
  94              		.loc 1 71 0
  95 0006 FFF7FEFF 		bl	PWM_Init
  96              		.loc 1 75 0
  97 000a FFF7FEFF 		bl	Bootloader_ValidateApplication
  98 000e D0B9     		cbnz	r0, .L8
  99              		.loc 1 78 0
 100 0010 FFF7FEFF 		bl	Pin_PSoC4A_XRES_Read
 101 0014 0446     		mov	r4, r0
 102 0016 F0B9     		cbnz	r0, .L9
 103              	.LVL0:
 104              	.L11:
 105              		.loc 1 82 0
 106 0018 0120     		movs	r0, #1
 107 001a FFF7FEFF 		bl	CyDelay
 108              		.loc 1 85 0
 109 001e FFF7FEFF 		bl	Pin_PSoC4A_XRES_Read
 110 0022 20B9     		cbnz	r0, .L10
 111              		.loc 1 80 0
 112 0024 0134     		adds	r4, r4, #1
 113              	.LVL1:
 114 0026 A4B2     		uxth	r4, r4
 115              	.LVL2:
 116 0028 652C     		cmp	r4, #101
 117 002a F5D1     		bne	.L11
 118 002c 01E0     		b	.L12
 119              	.L10:
 120              		.loc 1 91 0
 121 002e 632C     		cmp	r4, #99
 122 0030 11D9     		bls	.L9
 123              	.L12:
 124              		.loc 1 94 0
 125 0032 0B4B     		ldr	r3, .L16
 126 0034 4022     		movs	r2, #64
 127              		.loc 1 97 0
 128 0036 47F23050 		movw	r0, #30000
 129              		.loc 1 94 0
ARM GAS  C:\DOCUME~1\ADMINI~1\LOCALS~1\Temp\ccrHJVzv.s 			page 6


 130 003a 1A70     		strb	r2, [r3, #0]
 131              		.loc 1 97 0
 132 003c FFF7FEFF 		bl	PWM_WritePeriod
 133              		.loc 1 98 0
 134 0040 43F69820 		movw	r0, #15000
 135 0044 05E0     		b	.L15
 136              	.LVL3:
 137              	.L8:
 138              		.loc 1 106 0
 139 0046 41F28830 		movw	r0, #5000
 140 004a FFF7FEFF 		bl	PWM_WritePeriod
 141              		.loc 1 107 0
 142 004e 40F6C410 		movw	r0, #2500
 143              	.LVL4:
 144              	.L15:
 145 0052 FFF7FEFF 		bl	PWM_WriteCompare
 146              	.L9:
 147              		.loc 1 110 0
 148 0056 FFF7FEFF 		bl	PWM_Enable
 149              		.loc 1 113 0
 150 005a FFF7FEFF 		bl	Bootloader_Start
 151              	.L13:
 152 005e FEE7     		b	.L13
 153              	.L17:
 154              		.align	2
 155              	.L16:
 156 0060 FA460040 		.word	1073759994
 157              		.cfi_endproc
 158              	.LFE29:
 159              		.size	main, .-main
 160              		.text
 161              	.Letext0:
 162              		.section	.debug_loc,"",%progbits
 163              	.Ldebug_loc0:
 164              	.LLST0:
 165 0000 00000000 		.4byte	.LFB30
 166 0004 08000000 		.4byte	.LCFI0
 167 0008 0100     		.2byte	0x1
 168 000a 5D       		.byte	0x5d
 169 000b 08000000 		.4byte	.LCFI0
 170 000f 30000000 		.4byte	.LFE30
 171 0013 0200     		.2byte	0x2
 172 0015 7D       		.byte	0x7d
 173 0016 08       		.sleb128 8
 174 0017 00000000 		.4byte	0x0
 175 001b 00000000 		.4byte	0x0
 176              	.LLST1:
 177 001f 00000000 		.4byte	.LFB29
 178 0023 02000000 		.4byte	.LCFI1
 179 0027 0100     		.2byte	0x1
 180 0029 5D       		.byte	0x5d
 181 002a 02000000 		.4byte	.LCFI1
 182 002e 64000000 		.4byte	.LFE29
 183 0032 0200     		.2byte	0x2
 184 0034 7D       		.byte	0x7d
 185 0035 08       		.sleb128 8
 186 0036 00000000 		.4byte	0x0
ARM GAS  C:\DOCUME~1\ADMINI~1\LOCALS~1\Temp\ccrHJVzv.s 			page 7


 187 003a 00000000 		.4byte	0x0
 188              	.LLST2:
 189 003e 18000000 		.4byte	.LVL0
 190 0042 26000000 		.4byte	.LVL1
 191 0046 0100     		.2byte	0x1
 192 0048 54       		.byte	0x54
 193 0049 28000000 		.4byte	.LVL2
 194 004d 46000000 		.4byte	.LVL3
 195 0051 0100     		.2byte	0x1
 196 0053 54       		.byte	0x54
 197 0054 52000000 		.4byte	.LVL4
 198 0058 64000000 		.4byte	.LFE29
 199 005c 0100     		.2byte	0x1
 200 005e 54       		.byte	0x54
 201 005f 00000000 		.4byte	0x0
 202 0063 00000000 		.4byte	0x0
 203              		.file 2 "./Generated_Source/PSoC5/cytypes.h"
 204              		.file 3 "./Generated_Source/PSoC5/core_cm3.h"
 205              		.section	.debug_info
 206 0000 2B010000 		.4byte	0x12b
 207 0004 0200     		.2byte	0x2
 208 0006 00000000 		.4byte	.Ldebug_abbrev0
 209 000a 04       		.byte	0x4
 210 000b 01       		.uleb128 0x1
 211 000c C1000000 		.4byte	.LASF18
 212 0010 01       		.byte	0x1
 213 0011 04010000 		.4byte	.LASF19
 214 0015 31000000 		.4byte	.LASF20
 215 0019 00000000 		.4byte	0x0
 216 001d 00000000 		.4byte	0x0
 217 0021 00000000 		.4byte	.Ldebug_ranges0+0x0
 218 0025 00000000 		.4byte	.Ldebug_line0
 219 0029 02       		.uleb128 0x2
 220 002a 01       		.byte	0x1
 221 002b 06       		.byte	0x6
 222 002c 43010000 		.4byte	.LASF0
 223 0030 02       		.uleb128 0x2
 224 0031 01       		.byte	0x1
 225 0032 08       		.byte	0x8
 226 0033 CD000000 		.4byte	.LASF1
 227 0037 02       		.uleb128 0x2
 228 0038 02       		.byte	0x2
 229 0039 05       		.byte	0x5
 230 003a 55010000 		.4byte	.LASF2
 231 003e 02       		.uleb128 0x2
 232 003f 02       		.byte	0x2
 233 0040 07       		.byte	0x7
 234 0041 AE000000 		.4byte	.LASF3
 235 0045 02       		.uleb128 0x2
 236 0046 04       		.byte	0x4
 237 0047 05       		.byte	0x5
 238 0048 FB000000 		.4byte	.LASF4
 239 004c 02       		.uleb128 0x2
 240 004d 04       		.byte	0x4
 241 004e 07       		.byte	0x7
 242 004f 85000000 		.4byte	.LASF5
 243 0053 02       		.uleb128 0x2
ARM GAS  C:\DOCUME~1\ADMINI~1\LOCALS~1\Temp\ccrHJVzv.s 			page 8


 244 0054 08       		.byte	0x8
 245 0055 05       		.byte	0x5
 246 0056 00000000 		.4byte	.LASF6
 247 005a 02       		.uleb128 0x2
 248 005b 08       		.byte	0x8
 249 005c 07       		.byte	0x7
 250 005d 97000000 		.4byte	.LASF7
 251 0061 03       		.uleb128 0x3
 252 0062 04       		.byte	0x4
 253 0063 05       		.byte	0x5
 254 0064 696E7400 		.ascii	"int\000"
 255 0068 02       		.uleb128 0x2
 256 0069 04       		.byte	0x4
 257 006a 07       		.byte	0x7
 258 006b 24000000 		.4byte	.LASF8
 259 006f 04       		.uleb128 0x4
 260 0070 7F000000 		.4byte	.LASF9
 261 0074 02       		.byte	0x2
 262 0075 4C       		.byte	0x4c
 263 0076 30000000 		.4byte	0x30
 264 007a 04       		.uleb128 0x4
 265 007b 5F010000 		.4byte	.LASF10
 266 007f 02       		.byte	0x2
 267 0080 4D       		.byte	0x4d
 268 0081 3E000000 		.4byte	0x3e
 269 0085 04       		.uleb128 0x4
 270 0086 0E000000 		.4byte	.LASF11
 271 008a 02       		.byte	0x2
 272 008b 4E       		.byte	0x4e
 273 008c 4C000000 		.4byte	0x4c
 274 0090 02       		.uleb128 0x2
 275 0091 04       		.byte	0x4
 276 0092 04       		.byte	0x4
 277 0093 4F010000 		.4byte	.LASF12
 278 0097 02       		.uleb128 0x2
 279 0098 08       		.byte	0x8
 280 0099 04       		.byte	0x4
 281 009a 0D010000 		.4byte	.LASF13
 282 009e 02       		.uleb128 0x2
 283 009f 01       		.byte	0x1
 284 00a0 08       		.byte	0x8
 285 00a1 DB000000 		.4byte	.LASF14
 286 00a5 05       		.uleb128 0x5
 287 00a6 04       		.byte	0x4
 288 00a7 07       		.byte	0x7
 289 00a8 06       		.uleb128 0x6
 290 00a9 01       		.byte	0x1
 291 00aa 66010000 		.4byte	.LASF21
 292 00ae 01       		.byte	0x1
 293 00af 87       		.byte	0x87
 294 00b0 01       		.byte	0x1
 295 00b1 00000000 		.4byte	.LFB30
 296 00b5 30000000 		.4byte	.LFE30
 297 00b9 00000000 		.4byte	.LLST0
 298 00bd CD000000 		.4byte	0xcd
 299 00c1 07       		.uleb128 0x7
 300 00c2 15000000 		.4byte	.LASF22
ARM GAS  C:\DOCUME~1\ADMINI~1\LOCALS~1\Temp\ccrHJVzv.s 			page 9


 301 00c6 01       		.byte	0x1
 302 00c7 8B       		.byte	0x8b
 303 00c8 6F000000 		.4byte	0x6f
 304 00cc 00       		.byte	0x0
 305 00cd 08       		.uleb128 0x8
 306 00ce 01       		.byte	0x1
 307 00cf 7A000000 		.4byte	.LASF23
 308 00d3 01       		.byte	0x1
 309 00d4 3F       		.byte	0x3f
 310 00d5 00000000 		.4byte	.LFB29
 311 00d9 64000000 		.4byte	.LFE29
 312 00dd 1F000000 		.4byte	.LLST1
 313 00e1 F5000000 		.4byte	0xf5
 314 00e5 09       		.uleb128 0x9
 315 00e6 2E010000 		.4byte	.LASF24
 316 00ea 01       		.byte	0x1
 317 00eb 41       		.byte	0x41
 318 00ec 7A000000 		.4byte	0x7a
 319 00f0 3E000000 		.4byte	.LLST2
 320 00f4 00       		.byte	0x0
 321 00f5 0A       		.uleb128 0xa
 322 00f6 36010000 		.4byte	.LASF15
 323 00fa 03       		.byte	0x3
 324 00fb CE06     		.2byte	0x6ce
 325 00fd 03010000 		.4byte	0x103
 326 0101 01       		.byte	0x1
 327 0102 01       		.byte	0x1
 328 0103 0B       		.uleb128 0xb
 329 0104 61000000 		.4byte	0x61
 330 0108 0C       		.uleb128 0xc
 331 0109 14010000 		.4byte	.LASF16
 332 010d 01       		.byte	0x1
 333 010e 89       		.byte	0x89
 334 010f 15010000 		.4byte	0x115
 335 0113 01       		.byte	0x1
 336 0114 01       		.byte	0x1
 337 0115 0D       		.uleb128 0xd
 338 0116 04       		.byte	0x4
 339 0117 6F000000 		.4byte	0x6f
 340 011b 0C       		.uleb128 0xc
 341 011c E0000000 		.4byte	.LASF17
 342 0120 01       		.byte	0x1
 343 0121 8A       		.byte	0x8a
 344 0122 28010000 		.4byte	0x128
 345 0126 01       		.byte	0x1
 346 0127 01       		.byte	0x1
 347 0128 0D       		.uleb128 0xd
 348 0129 04       		.byte	0x4
 349 012a 85000000 		.4byte	0x85
 350 012e 00       		.byte	0x0
 351              		.section	.debug_abbrev
 352 0000 01       		.uleb128 0x1
 353 0001 11       		.uleb128 0x11
 354 0002 01       		.byte	0x1
 355 0003 25       		.uleb128 0x25
 356 0004 0E       		.uleb128 0xe
 357 0005 13       		.uleb128 0x13
ARM GAS  C:\DOCUME~1\ADMINI~1\LOCALS~1\Temp\ccrHJVzv.s 			page 10


 358 0006 0B       		.uleb128 0xb
 359 0007 03       		.uleb128 0x3
 360 0008 0E       		.uleb128 0xe
 361 0009 1B       		.uleb128 0x1b
 362 000a 0E       		.uleb128 0xe
 363 000b 11       		.uleb128 0x11
 364 000c 01       		.uleb128 0x1
 365 000d 52       		.uleb128 0x52
 366 000e 01       		.uleb128 0x1
 367 000f 55       		.uleb128 0x55
 368 0010 06       		.uleb128 0x6
 369 0011 10       		.uleb128 0x10
 370 0012 06       		.uleb128 0x6
 371 0013 00       		.byte	0x0
 372 0014 00       		.byte	0x0
 373 0015 02       		.uleb128 0x2
 374 0016 24       		.uleb128 0x24
 375 0017 00       		.byte	0x0
 376 0018 0B       		.uleb128 0xb
 377 0019 0B       		.uleb128 0xb
 378 001a 3E       		.uleb128 0x3e
 379 001b 0B       		.uleb128 0xb
 380 001c 03       		.uleb128 0x3
 381 001d 0E       		.uleb128 0xe
 382 001e 00       		.byte	0x0
 383 001f 00       		.byte	0x0
 384 0020 03       		.uleb128 0x3
 385 0021 24       		.uleb128 0x24
 386 0022 00       		.byte	0x0
 387 0023 0B       		.uleb128 0xb
 388 0024 0B       		.uleb128 0xb
 389 0025 3E       		.uleb128 0x3e
 390 0026 0B       		.uleb128 0xb
 391 0027 03       		.uleb128 0x3
 392 0028 08       		.uleb128 0x8
 393 0029 00       		.byte	0x0
 394 002a 00       		.byte	0x0
 395 002b 04       		.uleb128 0x4
 396 002c 16       		.uleb128 0x16
 397 002d 00       		.byte	0x0
 398 002e 03       		.uleb128 0x3
 399 002f 0E       		.uleb128 0xe
 400 0030 3A       		.uleb128 0x3a
 401 0031 0B       		.uleb128 0xb
 402 0032 3B       		.uleb128 0x3b
 403 0033 0B       		.uleb128 0xb
 404 0034 49       		.uleb128 0x49
 405 0035 13       		.uleb128 0x13
 406 0036 00       		.byte	0x0
 407 0037 00       		.byte	0x0
 408 0038 05       		.uleb128 0x5
 409 0039 24       		.uleb128 0x24
 410 003a 00       		.byte	0x0
 411 003b 0B       		.uleb128 0xb
 412 003c 0B       		.uleb128 0xb
 413 003d 3E       		.uleb128 0x3e
 414 003e 0B       		.uleb128 0xb
ARM GAS  C:\DOCUME~1\ADMINI~1\LOCALS~1\Temp\ccrHJVzv.s 			page 11


 415 003f 00       		.byte	0x0
 416 0040 00       		.byte	0x0
 417 0041 06       		.uleb128 0x6
 418 0042 2E       		.uleb128 0x2e
 419 0043 01       		.byte	0x1
 420 0044 3F       		.uleb128 0x3f
 421 0045 0C       		.uleb128 0xc
 422 0046 03       		.uleb128 0x3
 423 0047 0E       		.uleb128 0xe
 424 0048 3A       		.uleb128 0x3a
 425 0049 0B       		.uleb128 0xb
 426 004a 3B       		.uleb128 0x3b
 427 004b 0B       		.uleb128 0xb
 428 004c 27       		.uleb128 0x27
 429 004d 0C       		.uleb128 0xc
 430 004e 11       		.uleb128 0x11
 431 004f 01       		.uleb128 0x1
 432 0050 12       		.uleb128 0x12
 433 0051 01       		.uleb128 0x1
 434 0052 40       		.uleb128 0x40
 435 0053 06       		.uleb128 0x6
 436 0054 01       		.uleb128 0x1
 437 0055 13       		.uleb128 0x13
 438 0056 00       		.byte	0x0
 439 0057 00       		.byte	0x0
 440 0058 07       		.uleb128 0x7
 441 0059 34       		.uleb128 0x34
 442 005a 00       		.byte	0x0
 443 005b 03       		.uleb128 0x3
 444 005c 0E       		.uleb128 0xe
 445 005d 3A       		.uleb128 0x3a
 446 005e 0B       		.uleb128 0xb
 447 005f 3B       		.uleb128 0x3b
 448 0060 0B       		.uleb128 0xb
 449 0061 49       		.uleb128 0x49
 450 0062 13       		.uleb128 0x13
 451 0063 00       		.byte	0x0
 452 0064 00       		.byte	0x0
 453 0065 08       		.uleb128 0x8
 454 0066 2E       		.uleb128 0x2e
 455 0067 01       		.byte	0x1
 456 0068 3F       		.uleb128 0x3f
 457 0069 0C       		.uleb128 0xc
 458 006a 03       		.uleb128 0x3
 459 006b 0E       		.uleb128 0xe
 460 006c 3A       		.uleb128 0x3a
 461 006d 0B       		.uleb128 0xb
 462 006e 3B       		.uleb128 0x3b
 463 006f 0B       		.uleb128 0xb
 464 0070 11       		.uleb128 0x11
 465 0071 01       		.uleb128 0x1
 466 0072 12       		.uleb128 0x12
 467 0073 01       		.uleb128 0x1
 468 0074 40       		.uleb128 0x40
 469 0075 06       		.uleb128 0x6
 470 0076 01       		.uleb128 0x1
 471 0077 13       		.uleb128 0x13
ARM GAS  C:\DOCUME~1\ADMINI~1\LOCALS~1\Temp\ccrHJVzv.s 			page 12


 472 0078 00       		.byte	0x0
 473 0079 00       		.byte	0x0
 474 007a 09       		.uleb128 0x9
 475 007b 34       		.uleb128 0x34
 476 007c 00       		.byte	0x0
 477 007d 03       		.uleb128 0x3
 478 007e 0E       		.uleb128 0xe
 479 007f 3A       		.uleb128 0x3a
 480 0080 0B       		.uleb128 0xb
 481 0081 3B       		.uleb128 0x3b
 482 0082 0B       		.uleb128 0xb
 483 0083 49       		.uleb128 0x49
 484 0084 13       		.uleb128 0x13
 485 0085 02       		.uleb128 0x2
 486 0086 06       		.uleb128 0x6
 487 0087 00       		.byte	0x0
 488 0088 00       		.byte	0x0
 489 0089 0A       		.uleb128 0xa
 490 008a 34       		.uleb128 0x34
 491 008b 00       		.byte	0x0
 492 008c 03       		.uleb128 0x3
 493 008d 0E       		.uleb128 0xe
 494 008e 3A       		.uleb128 0x3a
 495 008f 0B       		.uleb128 0xb
 496 0090 3B       		.uleb128 0x3b
 497 0091 05       		.uleb128 0x5
 498 0092 49       		.uleb128 0x49
 499 0093 13       		.uleb128 0x13
 500 0094 3F       		.uleb128 0x3f
 501 0095 0C       		.uleb128 0xc
 502 0096 3C       		.uleb128 0x3c
 503 0097 0C       		.uleb128 0xc
 504 0098 00       		.byte	0x0
 505 0099 00       		.byte	0x0
 506 009a 0B       		.uleb128 0xb
 507 009b 35       		.uleb128 0x35
 508 009c 00       		.byte	0x0
 509 009d 49       		.uleb128 0x49
 510 009e 13       		.uleb128 0x13
 511 009f 00       		.byte	0x0
 512 00a0 00       		.byte	0x0
 513 00a1 0C       		.uleb128 0xc
 514 00a2 34       		.uleb128 0x34
 515 00a3 00       		.byte	0x0
 516 00a4 03       		.uleb128 0x3
 517 00a5 0E       		.uleb128 0xe
 518 00a6 3A       		.uleb128 0x3a
 519 00a7 0B       		.uleb128 0xb
 520 00a8 3B       		.uleb128 0x3b
 521 00a9 0B       		.uleb128 0xb
 522 00aa 49       		.uleb128 0x49
 523 00ab 13       		.uleb128 0x13
 524 00ac 3F       		.uleb128 0x3f
 525 00ad 0C       		.uleb128 0xc
 526 00ae 3C       		.uleb128 0x3c
 527 00af 0C       		.uleb128 0xc
 528 00b0 00       		.byte	0x0
ARM GAS  C:\DOCUME~1\ADMINI~1\LOCALS~1\Temp\ccrHJVzv.s 			page 13


 529 00b1 00       		.byte	0x0
 530 00b2 0D       		.uleb128 0xd
 531 00b3 0F       		.uleb128 0xf
 532 00b4 00       		.byte	0x0
 533 00b5 0B       		.uleb128 0xb
 534 00b6 0B       		.uleb128 0xb
 535 00b7 49       		.uleb128 0x49
 536 00b8 13       		.uleb128 0x13
 537 00b9 00       		.byte	0x0
 538 00ba 00       		.byte	0x0
 539 00bb 00       		.byte	0x0
 540              		.section	.debug_pubnames,"",%progbits
 541 0000 2E000000 		.4byte	0x2e
 542 0004 0200     		.2byte	0x2
 543 0006 00000000 		.4byte	.Ldebug_info0
 544 000a 2F010000 		.4byte	0x12f
 545 000e A8000000 		.4byte	0xa8
 546 0012 56616C69 		.ascii	"ValidateBootloader\000"
 546      64617465 
 546      426F6F74 
 546      6C6F6164 
 546      657200
 547 0025 CD000000 		.4byte	0xcd
 548 0029 6D61696E 		.ascii	"main\000"
 548      00
 549 002e 00000000 		.4byte	0x0
 550              		.section	.debug_aranges,"",%progbits
 551 0000 24000000 		.4byte	0x24
 552 0004 0200     		.2byte	0x2
 553 0006 00000000 		.4byte	.Ldebug_info0
 554 000a 04       		.byte	0x4
 555 000b 00       		.byte	0x0
 556 000c 0000     		.2byte	0x0
 557 000e 0000     		.2byte	0x0
 558 0010 00000000 		.4byte	.LFB30
 559 0014 30000000 		.4byte	.LFE30-.LFB30
 560 0018 00000000 		.4byte	.LFB29
 561 001c 64000000 		.4byte	.LFE29-.LFB29
 562 0020 00000000 		.4byte	0x0
 563 0024 00000000 		.4byte	0x0
 564              		.section	.debug_ranges,"",%progbits
 565              	.Ldebug_ranges0:
 566 0000 00000000 		.4byte	.Ltext0
 567 0004 00000000 		.4byte	.Letext0
 568 0008 00000000 		.4byte	.LFB30
 569 000c 30000000 		.4byte	.LFE30
 570 0010 00000000 		.4byte	.LFB29
 571 0014 64000000 		.4byte	.LFE29
 572 0018 00000000 		.4byte	0x0
 573 001c 00000000 		.4byte	0x0
 574              		.section	.debug_str,"MS",%progbits,1
 575              	.LASF6:
 576 0000 6C6F6E67 		.ascii	"long long int\000"
 576      206C6F6E 
 576      6720696E 
 576      7400
 577              	.LASF11:
ARM GAS  C:\DOCUME~1\ADMINI~1\LOCALS~1\Temp\ccrHJVzv.s 			page 14


 578 000e 75696E74 		.ascii	"uint32\000"
 578      333200
 579              	.LASF22:
 580 0015 63616C63 		.ascii	"calcedChecksum\000"
 580      65644368 
 580      65636B73 
 580      756D00
 581              	.LASF8:
 582 0024 756E7369 		.ascii	"unsigned int\000"
 582      676E6564 
 582      20696E74 
 582      00
 583              	.LASF20:
 584 0031 5C5C7073 		.ascii	"\\\\psf\\Home\\Desktop\\KitProg version 2_03\\KitPr"
 584      665C486F 
 584      6D655C44 
 584      65736B74 
 584      6F705C4B 
 585 005e 6F675C4B 		.ascii	"og\\KitProg_Bootloader.cydsn\000"
 585      69745072 
 585      6F675F42 
 585      6F6F746C 
 585      6F616465 
 586              	.LASF23:
 587 007a 6D61696E 		.ascii	"main\000"
 587      00
 588              	.LASF9:
 589 007f 75696E74 		.ascii	"uint8\000"
 589      3800
 590              	.LASF5:
 591 0085 6C6F6E67 		.ascii	"long unsigned int\000"
 591      20756E73 
 591      69676E65 
 591      6420696E 
 591      7400
 592              	.LASF7:
 593 0097 6C6F6E67 		.ascii	"long long unsigned int\000"
 593      206C6F6E 
 593      6720756E 
 593      7369676E 
 593      65642069 
 594              	.LASF3:
 595 00ae 73686F72 		.ascii	"short unsigned int\000"
 595      7420756E 
 595      7369676E 
 595      65642069 
 595      6E7400
 596              	.LASF18:
 597 00c1 474E5520 		.ascii	"GNU C 4.4.1\000"
 597      4320342E 
 597      342E3100 
 598              	.LASF1:
 599 00cd 756E7369 		.ascii	"unsigned char\000"
 599      676E6564 
 599      20636861 
 599      7200
 600              	.LASF14:
ARM GAS  C:\DOCUME~1\ADMINI~1\LOCALS~1\Temp\ccrHJVzv.s 			page 15


 601 00db 63686172 		.ascii	"char\000"
 601      00
 602              	.LASF17:
 603 00e0 426F6F74 		.ascii	"Bootloader_SizeBytesAccess\000"
 603      6C6F6164 
 603      65725F53 
 603      697A6542 
 603      79746573 
 604              	.LASF4:
 605 00fb 6C6F6E67 		.ascii	"long int\000"
 605      20696E74 
 605      00
 606              	.LASF19:
 607 0104 2E5C6D61 		.ascii	".\\main.c\000"
 607      696E2E63 
 607      00
 608              	.LASF13:
 609 010d 646F7562 		.ascii	"double\000"
 609      6C6500
 610              	.LASF16:
 611 0114 426F6F74 		.ascii	"Bootloader_ChecksumAccess\000"
 611      6C6F6164 
 611      65725F43 
 611      6865636B 
 611      73756D41 
 612              	.LASF24:
 613 012e 636F756E 		.ascii	"counter\000"
 613      74657200 
 614              	.LASF15:
 615 0136 49544D5F 		.ascii	"ITM_RxBuffer\000"
 615      52784275 
 615      66666572 
 615      00
 616              	.LASF0:
 617 0143 7369676E 		.ascii	"signed char\000"
 617      65642063 
 617      68617200 
 618              	.LASF12:
 619 014f 666C6F61 		.ascii	"float\000"
 619      7400
 620              	.LASF2:
 621 0155 73686F72 		.ascii	"short int\000"
 621      7420696E 
 621      7400
 622              	.LASF10:
 623 015f 75696E74 		.ascii	"uint16\000"
 623      313600
 624              	.LASF21:
 625 0166 56616C69 		.ascii	"ValidateBootloader\000"
 625      64617465 
 625      426F6F74 
 625      6C6F6164 
 625      657200
 626              		.ident	"GCC: (Sourcery G++ Lite 2010q1-188) 4.4.1"
