ARM GAS  C:\DOCUME~1\ADMINI~1\LOCALS~1\Temp\ccNCjIo0.s 			page 1


   1              		.syntax unified
   2              		.cpu cortex-m3
   3              		.fpu softvfp
   4              		.eabi_attribute 20, 1
   5              		.eabi_attribute 21, 1
   6              		.eabi_attribute 23, 3
   7              		.eabi_attribute 24, 1
   8              		.eabi_attribute 25, 1
   9              		.eabi_attribute 26, 1
  10              		.eabi_attribute 30, 4
  11              		.eabi_attribute 18, 4
  12              		.thumb
  13              		.file	"USBFS_episr.c"
  14              		.section	.debug_abbrev,"",%progbits
  15              	.Ldebug_abbrev0:
  16              		.section	.debug_info,"",%progbits
  17              	.Ldebug_info0:
  18              		.section	.debug_line,"",%progbits
  19              	.Ldebug_line0:
  20 0000 CC000000 		.text
  20      02006F00 
  20      00000201 
  20      FB0E0D00 
  20      01010101 
  21              	.Ltext0:
  22              		.cfi_sections	.debug_frame
  23              		.section	.text.USBFS_EP_1_ISR,"ax",%progbits
  24              		.align	1
  25              		.global	USBFS_EP_1_ISR
  26              		.thumb
  27              		.thumb_func
  28              		.type	USBFS_EP_1_ISR, %function
  29              	USBFS_EP_1_ISR:
  30              	.LFB0:
  31              		.file 1 ".\\Generated_Source\\PSoC5\\USBFS_episr.c"
   1:.\Generated_Source\PSoC5/USBFS_episr.c **** /*******************************************************************************
   2:.\Generated_Source\PSoC5/USBFS_episr.c **** * File Name: USBFS_episr.c
   3:.\Generated_Source\PSoC5/USBFS_episr.c **** * Version 2.51
   4:.\Generated_Source\PSoC5/USBFS_episr.c **** *
   5:.\Generated_Source\PSoC5/USBFS_episr.c **** * Description:
   6:.\Generated_Source\PSoC5/USBFS_episr.c **** *  Data endpoint Interrupt Service Routines
   7:.\Generated_Source\PSoC5/USBFS_episr.c **** *
   8:.\Generated_Source\PSoC5/USBFS_episr.c **** * Note:
   9:.\Generated_Source\PSoC5/USBFS_episr.c **** *
  10:.\Generated_Source\PSoC5/USBFS_episr.c **** ********************************************************************************
  11:.\Generated_Source\PSoC5/USBFS_episr.c **** * Copyright 2008-2012, Cypress Semiconductor Corporation.  All rights reserved.
  12:.\Generated_Source\PSoC5/USBFS_episr.c **** * You may use this file only in accordance with the license, terms, conditions,
  13:.\Generated_Source\PSoC5/USBFS_episr.c **** * disclaimers, and limitations in the end user license agreement accompanying
  14:.\Generated_Source\PSoC5/USBFS_episr.c **** * the software package with which this file was provided.
  15:.\Generated_Source\PSoC5/USBFS_episr.c **** *******************************************************************************/
  16:.\Generated_Source\PSoC5/USBFS_episr.c **** 
  17:.\Generated_Source\PSoC5/USBFS_episr.c **** #include "USBFS.h"
  18:.\Generated_Source\PSoC5/USBFS_episr.c **** 
  19:.\Generated_Source\PSoC5/USBFS_episr.c **** 
  20:.\Generated_Source\PSoC5/USBFS_episr.c **** /***************************************
  21:.\Generated_Source\PSoC5/USBFS_episr.c **** * Custom Declarations
  22:.\Generated_Source\PSoC5/USBFS_episr.c **** ***************************************/
ARM GAS  C:\DOCUME~1\ADMINI~1\LOCALS~1\Temp\ccNCjIo0.s 			page 2


  23:.\Generated_Source\PSoC5/USBFS_episr.c **** /* `#START CUSTOM_DECLARATIONS` Place your declaration here */
  24:.\Generated_Source\PSoC5/USBFS_episr.c **** 
  25:.\Generated_Source\PSoC5/USBFS_episr.c **** /* `#END` */
  26:.\Generated_Source\PSoC5/USBFS_episr.c **** 
  27:.\Generated_Source\PSoC5/USBFS_episr.c **** 
  28:.\Generated_Source\PSoC5/USBFS_episr.c **** /***************************************
  29:.\Generated_Source\PSoC5/USBFS_episr.c **** * External function references
  30:.\Generated_Source\PSoC5/USBFS_episr.c **** ***************************************/
  31:.\Generated_Source\PSoC5/USBFS_episr.c **** 
  32:.\Generated_Source\PSoC5/USBFS_episr.c **** void USBFS_InitComponent(uint8 device, uint8 mode) ;
  33:.\Generated_Source\PSoC5/USBFS_episr.c **** void USBFS_ReInitComponent(void) ;
  34:.\Generated_Source\PSoC5/USBFS_episr.c **** #if defined(USBFS_ENABLE_MIDI_STREAMING) && (USBFS_ENABLE_MIDI_API != 0u)
  35:.\Generated_Source\PSoC5/USBFS_episr.c ****     void USBFS_MIDI_OUT_EP_Service(void) ;
  36:.\Generated_Source\PSoC5/USBFS_episr.c **** #endif /* End USBFS_ENABLE_MIDI_STREAMING*/
  37:.\Generated_Source\PSoC5/USBFS_episr.c **** 
  38:.\Generated_Source\PSoC5/USBFS_episr.c **** 
  39:.\Generated_Source\PSoC5/USBFS_episr.c **** /***************************************
  40:.\Generated_Source\PSoC5/USBFS_episr.c **** * External references
  41:.\Generated_Source\PSoC5/USBFS_episr.c **** ***************************************/
  42:.\Generated_Source\PSoC5/USBFS_episr.c **** 
  43:.\Generated_Source\PSoC5/USBFS_episr.c **** extern volatile T_USBFS_EP_CTL_BLOCK USBFS_EP[];
  44:.\Generated_Source\PSoC5/USBFS_episr.c **** extern volatile uint8 USBFS_device;
  45:.\Generated_Source\PSoC5/USBFS_episr.c **** #if defined(USBFS_ENABLE_MIDI_STREAMING) && (USBFS_ENABLE_MIDI_API != 0u)
  46:.\Generated_Source\PSoC5/USBFS_episr.c ****     extern volatile uint8 USBFS_midi_out_ep;
  47:.\Generated_Source\PSoC5/USBFS_episr.c ****     extern volatile uint8 USBFS_midi_in_ep;
  48:.\Generated_Source\PSoC5/USBFS_episr.c ****     #if USBFS_MIDI_IN_BUFF_SIZE >= 256
  49:.\Generated_Source\PSoC5/USBFS_episr.c ****         extern volatile uint16 USBFS_midiInPointer;     /* Input endpoint buffer pointer */
  50:.\Generated_Source\PSoC5/USBFS_episr.c ****     #else
  51:.\Generated_Source\PSoC5/USBFS_episr.c ****         extern volatile uint8 USBFS_midiInPointer;      /* Input endpoint buffer pointer */
  52:.\Generated_Source\PSoC5/USBFS_episr.c ****     #endif /* End USBFS_MIDI_IN_BUFF_SIZE >=256 */    
  53:.\Generated_Source\PSoC5/USBFS_episr.c **** #endif /* End USBFS_ENABLE_MIDI_STREAMING*/
  54:.\Generated_Source\PSoC5/USBFS_episr.c **** 
  55:.\Generated_Source\PSoC5/USBFS_episr.c **** #if(USBFS_EP1_ISR_REMOVE == 0u)
  56:.\Generated_Source\PSoC5/USBFS_episr.c **** 
  57:.\Generated_Source\PSoC5/USBFS_episr.c **** 
  58:.\Generated_Source\PSoC5/USBFS_episr.c ****     /******************************************************************************
  59:.\Generated_Source\PSoC5/USBFS_episr.c ****     * Function Name: USBFS_EP_1_ISR
  60:.\Generated_Source\PSoC5/USBFS_episr.c ****     *******************************************************************************
  61:.\Generated_Source\PSoC5/USBFS_episr.c ****     *
  62:.\Generated_Source\PSoC5/USBFS_episr.c ****     * Summary:
  63:.\Generated_Source\PSoC5/USBFS_episr.c ****     *  Endpoint 1 Interrupt Service Routine
  64:.\Generated_Source\PSoC5/USBFS_episr.c ****     *
  65:.\Generated_Source\PSoC5/USBFS_episr.c ****     * Parameters:
  66:.\Generated_Source\PSoC5/USBFS_episr.c ****     *  None.
  67:.\Generated_Source\PSoC5/USBFS_episr.c ****     *
  68:.\Generated_Source\PSoC5/USBFS_episr.c ****     * Return:
  69:.\Generated_Source\PSoC5/USBFS_episr.c ****     *  None.
  70:.\Generated_Source\PSoC5/USBFS_episr.c ****     *
  71:.\Generated_Source\PSoC5/USBFS_episr.c ****     ******************************************************************************/
  72:.\Generated_Source\PSoC5/USBFS_episr.c ****     CY_ISR(USBFS_EP_1_ISR)
  73:.\Generated_Source\PSoC5/USBFS_episr.c ****     {
  32              		.loc 1 73 0
  33              		.cfi_startproc
  34              		@ args = 0, pretend = 0, frame = 0
  35              		@ frame_needed = 0, uses_anonymous_args = 0
  36              		@ link register save eliminated.
  74:.\Generated_Source\PSoC5/USBFS_episr.c ****         #if defined(USBFS_ENABLE_MIDI_STREAMING) && (USBFS_ENABLE_MIDI_API != 0u) && \
ARM GAS  C:\DOCUME~1\ADMINI~1\LOCALS~1\Temp\ccNCjIo0.s 			page 3


  75:.\Generated_Source\PSoC5/USBFS_episr.c ****             (USBFS_EP_MM == USBFS__EP_DMAAUTO) && (CY_PSOC3)
  76:.\Generated_Source\PSoC5/USBFS_episr.c ****             uint8 int_en;
  77:.\Generated_Source\PSoC5/USBFS_episr.c ****         #endif /* CY_PSOC3 & ENABLE_MIDI_STREAMING */
  78:.\Generated_Source\PSoC5/USBFS_episr.c ****     
  79:.\Generated_Source\PSoC5/USBFS_episr.c ****         /* `#START EP1_USER_CODE` Place your code here */
  80:.\Generated_Source\PSoC5/USBFS_episr.c **** 
  81:.\Generated_Source\PSoC5/USBFS_episr.c ****         /* `#END` */
  82:.\Generated_Source\PSoC5/USBFS_episr.c **** 
  83:.\Generated_Source\PSoC5/USBFS_episr.c ****         #if defined(USBFS_ENABLE_MIDI_STREAMING) && (USBFS_ENABLE_MIDI_API != 0u) && \
  84:.\Generated_Source\PSoC5/USBFS_episr.c ****             (USBFS_EP_MM == USBFS__EP_DMAAUTO) && (CY_PSOC3)
  85:.\Generated_Source\PSoC5/USBFS_episr.c ****             int_en = EA;
  86:.\Generated_Source\PSoC5/USBFS_episr.c ****             CyGlobalIntEnable;  /* Make sure nested interrupt is enabled */
  87:.\Generated_Source\PSoC5/USBFS_episr.c ****         #endif /* CY_PSOC3 & ENABLE_MIDI_STREAMING */
  88:.\Generated_Source\PSoC5/USBFS_episr.c **** 
  89:.\Generated_Source\PSoC5/USBFS_episr.c ****         CY_GET_REG8(USBFS_SIE_EP1_CR0_PTR); /* Must read the mode reg */
  37              		.loc 1 89 0
  38 0000 0A4B     		ldr	r3, .L5
  39 0002 1B78     		ldrb	r3, [r3, #0]	@ zero_extendqisi2
  90:.\Generated_Source\PSoC5/USBFS_episr.c ****         /* Do not toggle ISOC endpoint */
  91:.\Generated_Source\PSoC5/USBFS_episr.c ****         if((USBFS_EP[USBFS_EP1].attrib & USBFS_EP_TYPE_MASK) !=
  40              		.loc 1 91 0
  41 0004 0A4B     		ldr	r3, .L5+4
  42 0006 1A7B     		ldrb	r2, [r3, #12]	@ zero_extendqisi2
  43 0008 02F00302 		and	r2, r2, #3
  44 000c 012A     		cmp	r2, #1
  45 000e 03D0     		beq	.L2
  92:.\Generated_Source\PSoC5/USBFS_episr.c ****                                                                                     USBFS_EP_TYPE_I
  93:.\Generated_Source\PSoC5/USBFS_episr.c ****         {
  94:.\Generated_Source\PSoC5/USBFS_episr.c ****             USBFS_EP[USBFS_EP1].epToggle ^= USBFS_EPX_CNT_DATA_TOGGLE;
  46              		.loc 1 94 0
  47 0010 DA7B     		ldrb	r2, [r3, #15]	@ zero_extendqisi2
  48 0012 82F08002 		eor	r2, r2, #128
  49 0016 DA73     		strb	r2, [r3, #15]
  50              	.L2:
  95:.\Generated_Source\PSoC5/USBFS_episr.c ****         }
  96:.\Generated_Source\PSoC5/USBFS_episr.c ****         USBFS_EP[USBFS_EP1].apiEpState = USBFS_EVENT_PENDING;
  51              		.loc 1 96 0
  52 0018 054B     		ldr	r3, .L5+4
  53 001a 0122     		movs	r2, #1
  54 001c 5A73     		strb	r2, [r3, #13]
  97:.\Generated_Source\PSoC5/USBFS_episr.c ****         CY_SET_REG8(USBFS_SIE_EP_INT_SR_PTR, CY_GET_REG8(USBFS_SIE_EP_INT_SR_PTR)
  55              		.loc 1 97 0
  56 001e 054B     		ldr	r3, .L5+8
  57 0020 1A78     		ldrb	r2, [r3, #0]	@ zero_extendqisi2
  58 0022 02F0FE02 		and	r2, r2, #254
  59 0026 1A70     		strb	r2, [r3, #0]
  98:.\Generated_Source\PSoC5/USBFS_episr.c ****                                                                             & ~USBFS_SIE_EP_INT_EP1
  99:.\Generated_Source\PSoC5/USBFS_episr.c **** 
 100:.\Generated_Source\PSoC5/USBFS_episr.c ****         #if defined(USBFS_ENABLE_MIDI_STREAMING) && (USBFS_ENABLE_MIDI_API != 0u) && \
 101:.\Generated_Source\PSoC5/USBFS_episr.c ****             (USBFS_EP_MM == USBFS__EP_DMAAUTO) 
 102:.\Generated_Source\PSoC5/USBFS_episr.c ****             if(USBFS_midi_out_ep == USBFS_EP1)
 103:.\Generated_Source\PSoC5/USBFS_episr.c ****             {
 104:.\Generated_Source\PSoC5/USBFS_episr.c ****                 USBFS_MIDI_OUT_EP_Service();
 105:.\Generated_Source\PSoC5/USBFS_episr.c ****             }   
 106:.\Generated_Source\PSoC5/USBFS_episr.c ****         #endif /* End USBFS_ENABLE_MIDI_STREAMING*/
 107:.\Generated_Source\PSoC5/USBFS_episr.c **** 
 108:.\Generated_Source\PSoC5/USBFS_episr.c ****         /* `#START EP1_END_USER_CODE` Place your code here */
ARM GAS  C:\DOCUME~1\ADMINI~1\LOCALS~1\Temp\ccNCjIo0.s 			page 4


 109:.\Generated_Source\PSoC5/USBFS_episr.c **** 
 110:.\Generated_Source\PSoC5/USBFS_episr.c ****         /* `#END` */
 111:.\Generated_Source\PSoC5/USBFS_episr.c **** 
 112:.\Generated_Source\PSoC5/USBFS_episr.c ****         #if defined(USBFS_ENABLE_MIDI_STREAMING) && (USBFS_ENABLE_MIDI_API != 0u) && \
 113:.\Generated_Source\PSoC5/USBFS_episr.c ****             (USBFS_EP_MM == USBFS__EP_DMAAUTO) && (CY_PSOC3)
 114:.\Generated_Source\PSoC5/USBFS_episr.c ****             EA = int_en;
 115:.\Generated_Source\PSoC5/USBFS_episr.c ****         #endif /* CY_PSOC3 & ENABLE_MIDI_STREAMING */
 116:.\Generated_Source\PSoC5/USBFS_episr.c ****     }
  60              		.loc 1 116 0
  61 0028 7047     		bx	lr
  62              	.L6:
  63 002a 00BF     		.align	2
  64              	.L5:
  65 002c 0E600040 		.word	1073766414
  66 0030 00000000 		.word	USBFS_EP
  67 0034 0B600040 		.word	1073766411
  68              		.cfi_endproc
  69              	.LFE0:
  70              		.size	USBFS_EP_1_ISR, .-USBFS_EP_1_ISR
  71              		.section	.text.USBFS_EP_2_ISR,"ax",%progbits
  72              		.align	1
  73              		.global	USBFS_EP_2_ISR
  74              		.thumb
  75              		.thumb_func
  76              		.type	USBFS_EP_2_ISR, %function
  77              	USBFS_EP_2_ISR:
  78              	.LFB1:
 117:.\Generated_Source\PSoC5/USBFS_episr.c **** 
 118:.\Generated_Source\PSoC5/USBFS_episr.c **** #endif   /* End USBFS_EP1_ISR_REMOVE */
 119:.\Generated_Source\PSoC5/USBFS_episr.c **** 
 120:.\Generated_Source\PSoC5/USBFS_episr.c **** 
 121:.\Generated_Source\PSoC5/USBFS_episr.c **** #if(USBFS_EP2_ISR_REMOVE == 0u)
 122:.\Generated_Source\PSoC5/USBFS_episr.c **** 
 123:.\Generated_Source\PSoC5/USBFS_episr.c ****     /*******************************************************************************
 124:.\Generated_Source\PSoC5/USBFS_episr.c ****     * Function Name: USBFS_EP_2_ISR
 125:.\Generated_Source\PSoC5/USBFS_episr.c ****     ********************************************************************************
 126:.\Generated_Source\PSoC5/USBFS_episr.c ****     *
 127:.\Generated_Source\PSoC5/USBFS_episr.c ****     * Summary:
 128:.\Generated_Source\PSoC5/USBFS_episr.c ****     *  Endpoint 2 Interrupt Service Routine
 129:.\Generated_Source\PSoC5/USBFS_episr.c ****     *
 130:.\Generated_Source\PSoC5/USBFS_episr.c ****     * Parameters:
 131:.\Generated_Source\PSoC5/USBFS_episr.c ****     *  None.
 132:.\Generated_Source\PSoC5/USBFS_episr.c ****     *
 133:.\Generated_Source\PSoC5/USBFS_episr.c ****     * Return:
 134:.\Generated_Source\PSoC5/USBFS_episr.c ****     *  None.
 135:.\Generated_Source\PSoC5/USBFS_episr.c ****     *
 136:.\Generated_Source\PSoC5/USBFS_episr.c ****     *******************************************************************************/
 137:.\Generated_Source\PSoC5/USBFS_episr.c ****     CY_ISR(USBFS_EP_2_ISR)
 138:.\Generated_Source\PSoC5/USBFS_episr.c ****     {
  79              		.loc 1 138 0
  80              		.cfi_startproc
  81              		@ args = 0, pretend = 0, frame = 0
  82              		@ frame_needed = 0, uses_anonymous_args = 0
  83              		@ link register save eliminated.
 139:.\Generated_Source\PSoC5/USBFS_episr.c ****         #if defined(USBFS_ENABLE_MIDI_STREAMING) && (USBFS_ENABLE_MIDI_API != 0u) && \
 140:.\Generated_Source\PSoC5/USBFS_episr.c ****             (USBFS_EP_MM == USBFS__EP_DMAAUTO) && (CY_PSOC3)
 141:.\Generated_Source\PSoC5/USBFS_episr.c ****             uint8 int_en;
ARM GAS  C:\DOCUME~1\ADMINI~1\LOCALS~1\Temp\ccNCjIo0.s 			page 5


 142:.\Generated_Source\PSoC5/USBFS_episr.c ****         #endif /* CY_PSOC3 & ENABLE_MIDI_STREAMING */
 143:.\Generated_Source\PSoC5/USBFS_episr.c ****     
 144:.\Generated_Source\PSoC5/USBFS_episr.c ****         /* `#START EP2_USER_CODE` Place your code here */
 145:.\Generated_Source\PSoC5/USBFS_episr.c **** 
 146:.\Generated_Source\PSoC5/USBFS_episr.c ****         /* `#END` */
 147:.\Generated_Source\PSoC5/USBFS_episr.c **** 
 148:.\Generated_Source\PSoC5/USBFS_episr.c ****         #if defined(USBFS_ENABLE_MIDI_STREAMING) && (USBFS_ENABLE_MIDI_API != 0u) && \
 149:.\Generated_Source\PSoC5/USBFS_episr.c ****             (USBFS_EP_MM == USBFS__EP_DMAAUTO) && (CY_PSOC3)
 150:.\Generated_Source\PSoC5/USBFS_episr.c ****             int_en = EA;
 151:.\Generated_Source\PSoC5/USBFS_episr.c ****             CyGlobalIntEnable;  /* Make sure nested interrupt is enabled */
 152:.\Generated_Source\PSoC5/USBFS_episr.c ****         #endif /* CY_PSOC3 & ENABLE_MIDI_STREAMING */
 153:.\Generated_Source\PSoC5/USBFS_episr.c **** 
 154:.\Generated_Source\PSoC5/USBFS_episr.c ****         CY_GET_REG8(USBFS_SIE_EP2_CR0_PTR); /* Must read the mode reg */
  84              		.loc 1 154 0
  85 0000 0A4B     		ldr	r3, .L10
  86 0002 1B78     		ldrb	r3, [r3, #0]	@ zero_extendqisi2
 155:.\Generated_Source\PSoC5/USBFS_episr.c ****         /* Do not toggle ISOC endpoint */
 156:.\Generated_Source\PSoC5/USBFS_episr.c ****         if((USBFS_EP[USBFS_EP2].attrib & USBFS_EP_TYPE_MASK) !=
  87              		.loc 1 156 0
  88 0004 0A4B     		ldr	r3, .L10+4
  89 0006 1A7E     		ldrb	r2, [r3, #24]	@ zero_extendqisi2
  90 0008 02F00302 		and	r2, r2, #3
  91 000c 012A     		cmp	r2, #1
  92 000e 03D0     		beq	.L8
 157:.\Generated_Source\PSoC5/USBFS_episr.c ****                                                                                     USBFS_EP_TYPE_I
 158:.\Generated_Source\PSoC5/USBFS_episr.c ****         {
 159:.\Generated_Source\PSoC5/USBFS_episr.c ****             USBFS_EP[USBFS_EP2].epToggle ^= USBFS_EPX_CNT_DATA_TOGGLE;
  93              		.loc 1 159 0
  94 0010 DA7E     		ldrb	r2, [r3, #27]	@ zero_extendqisi2
  95 0012 82F08002 		eor	r2, r2, #128
  96 0016 DA76     		strb	r2, [r3, #27]
  97              	.L8:
 160:.\Generated_Source\PSoC5/USBFS_episr.c ****         }
 161:.\Generated_Source\PSoC5/USBFS_episr.c ****         USBFS_EP[USBFS_EP2].apiEpState = USBFS_EVENT_PENDING;
  98              		.loc 1 161 0
  99 0018 054B     		ldr	r3, .L10+4
 100 001a 0122     		movs	r2, #1
 101 001c 5A76     		strb	r2, [r3, #25]
 162:.\Generated_Source\PSoC5/USBFS_episr.c ****         CY_SET_REG8(USBFS_SIE_EP_INT_SR_PTR, CY_GET_REG8(USBFS_SIE_EP_INT_SR_PTR)
 102              		.loc 1 162 0
 103 001e 054B     		ldr	r3, .L10+8
 104 0020 1A78     		ldrb	r2, [r3, #0]	@ zero_extendqisi2
 105 0022 02F0FD02 		and	r2, r2, #253
 106 0026 1A70     		strb	r2, [r3, #0]
 163:.\Generated_Source\PSoC5/USBFS_episr.c ****                                                                         & ~USBFS_SIE_EP_INT_EP2_MAS
 164:.\Generated_Source\PSoC5/USBFS_episr.c **** 
 165:.\Generated_Source\PSoC5/USBFS_episr.c ****         #if defined(USBFS_ENABLE_MIDI_STREAMING) && (USBFS_ENABLE_MIDI_API != 0u) && \
 166:.\Generated_Source\PSoC5/USBFS_episr.c ****             (USBFS_EP_MM == USBFS__EP_DMAAUTO)
 167:.\Generated_Source\PSoC5/USBFS_episr.c ****             if(USBFS_midi_out_ep == USBFS_EP2)
 168:.\Generated_Source\PSoC5/USBFS_episr.c ****             {
 169:.\Generated_Source\PSoC5/USBFS_episr.c ****                 USBFS_MIDI_OUT_EP_Service();
 170:.\Generated_Source\PSoC5/USBFS_episr.c ****             }   
 171:.\Generated_Source\PSoC5/USBFS_episr.c ****         #endif /* End USBFS_ENABLE_MIDI_STREAMING*/
 172:.\Generated_Source\PSoC5/USBFS_episr.c **** 
 173:.\Generated_Source\PSoC5/USBFS_episr.c ****         /* `#START EP2_END_USER_CODE` Place your code here */
 174:.\Generated_Source\PSoC5/USBFS_episr.c **** 
 175:.\Generated_Source\PSoC5/USBFS_episr.c ****         /* `#END` */
ARM GAS  C:\DOCUME~1\ADMINI~1\LOCALS~1\Temp\ccNCjIo0.s 			page 6


 176:.\Generated_Source\PSoC5/USBFS_episr.c **** 
 177:.\Generated_Source\PSoC5/USBFS_episr.c ****         #if defined(USBFS_ENABLE_MIDI_STREAMING) && (USBFS_ENABLE_MIDI_API != 0u) && \
 178:.\Generated_Source\PSoC5/USBFS_episr.c ****             (USBFS_EP_MM == USBFS__EP_DMAAUTO) && (CY_PSOC3)
 179:.\Generated_Source\PSoC5/USBFS_episr.c ****             EA = int_en;
 180:.\Generated_Source\PSoC5/USBFS_episr.c ****         #endif /* CY_PSOC3 & ENABLE_MIDI_STREAMING */
 181:.\Generated_Source\PSoC5/USBFS_episr.c ****     }
 107              		.loc 1 181 0
 108 0028 7047     		bx	lr
 109              	.L11:
 110 002a 00BF     		.align	2
 111              	.L10:
 112 002c 1E600040 		.word	1073766430
 113 0030 00000000 		.word	USBFS_EP
 114 0034 0B600040 		.word	1073766411
 115              		.cfi_endproc
 116              	.LFE1:
 117              		.size	USBFS_EP_2_ISR, .-USBFS_EP_2_ISR
 118              		.section	.text.USBFS_SOF_ISR,"ax",%progbits
 119              		.align	1
 120              		.global	USBFS_SOF_ISR
 121              		.thumb
 122              		.thumb_func
 123              		.type	USBFS_SOF_ISR, %function
 124              	USBFS_SOF_ISR:
 125              	.LFB2:
 182:.\Generated_Source\PSoC5/USBFS_episr.c **** 
 183:.\Generated_Source\PSoC5/USBFS_episr.c **** #endif   /* End USBFS_EP2_ISR_REMOVE */
 184:.\Generated_Source\PSoC5/USBFS_episr.c **** 
 185:.\Generated_Source\PSoC5/USBFS_episr.c **** 
 186:.\Generated_Source\PSoC5/USBFS_episr.c **** #if(USBFS_EP3_ISR_REMOVE == 0u)
 187:.\Generated_Source\PSoC5/USBFS_episr.c **** 
 188:.\Generated_Source\PSoC5/USBFS_episr.c ****     /*******************************************************************************
 189:.\Generated_Source\PSoC5/USBFS_episr.c ****     * Function Name: USBFS_EP_3_ISR
 190:.\Generated_Source\PSoC5/USBFS_episr.c ****     ********************************************************************************
 191:.\Generated_Source\PSoC5/USBFS_episr.c ****     *
 192:.\Generated_Source\PSoC5/USBFS_episr.c ****     * Summary:
 193:.\Generated_Source\PSoC5/USBFS_episr.c ****     *  Endpoint 3 Interrupt Service Routine
 194:.\Generated_Source\PSoC5/USBFS_episr.c ****     *
 195:.\Generated_Source\PSoC5/USBFS_episr.c ****     * Parameters:
 196:.\Generated_Source\PSoC5/USBFS_episr.c ****     *  None.
 197:.\Generated_Source\PSoC5/USBFS_episr.c ****     *
 198:.\Generated_Source\PSoC5/USBFS_episr.c ****     * Return:
 199:.\Generated_Source\PSoC5/USBFS_episr.c ****     *  None.
 200:.\Generated_Source\PSoC5/USBFS_episr.c ****     *
 201:.\Generated_Source\PSoC5/USBFS_episr.c ****     *******************************************************************************/
 202:.\Generated_Source\PSoC5/USBFS_episr.c ****     CY_ISR(USBFS_EP_3_ISR)
 203:.\Generated_Source\PSoC5/USBFS_episr.c ****     {
 204:.\Generated_Source\PSoC5/USBFS_episr.c ****         #if defined(USBFS_ENABLE_MIDI_STREAMING) && (USBFS_ENABLE_MIDI_API != 0u) && \
 205:.\Generated_Source\PSoC5/USBFS_episr.c ****             (USBFS_EP_MM == USBFS__EP_DMAAUTO) && (CY_PSOC3)
 206:.\Generated_Source\PSoC5/USBFS_episr.c ****             uint8 int_en;
 207:.\Generated_Source\PSoC5/USBFS_episr.c ****         #endif /* CY_PSOC3 & ENABLE_MIDI_STREAMING */
 208:.\Generated_Source\PSoC5/USBFS_episr.c ****     
 209:.\Generated_Source\PSoC5/USBFS_episr.c ****         /* `#START EP3_USER_CODE` Place your code here */
 210:.\Generated_Source\PSoC5/USBFS_episr.c **** 
 211:.\Generated_Source\PSoC5/USBFS_episr.c ****         /* `#END` */
 212:.\Generated_Source\PSoC5/USBFS_episr.c **** 
 213:.\Generated_Source\PSoC5/USBFS_episr.c ****         #if defined(USBFS_ENABLE_MIDI_STREAMING) && (USBFS_ENABLE_MIDI_API != 0u) && \
ARM GAS  C:\DOCUME~1\ADMINI~1\LOCALS~1\Temp\ccNCjIo0.s 			page 7


 214:.\Generated_Source\PSoC5/USBFS_episr.c ****             (USBFS_EP_MM == USBFS__EP_DMAAUTO) && (CY_PSOC3)
 215:.\Generated_Source\PSoC5/USBFS_episr.c ****             int_en = EA;
 216:.\Generated_Source\PSoC5/USBFS_episr.c ****             CyGlobalIntEnable;  /* Make sure nested interrupt is enabled */
 217:.\Generated_Source\PSoC5/USBFS_episr.c ****         #endif /* CY_PSOC3 & ENABLE_MIDI_STREAMING */
 218:.\Generated_Source\PSoC5/USBFS_episr.c **** 
 219:.\Generated_Source\PSoC5/USBFS_episr.c ****         CY_GET_REG8(USBFS_SIE_EP3_CR0_PTR); /* Must read the mode reg */
 220:.\Generated_Source\PSoC5/USBFS_episr.c ****         /* Do not toggle ISOC endpoint */
 221:.\Generated_Source\PSoC5/USBFS_episr.c ****         if((USBFS_EP[USBFS_EP3].attrib & USBFS_EP_TYPE_MASK) !=
 222:.\Generated_Source\PSoC5/USBFS_episr.c ****                                                                                     USBFS_EP_TYPE_I
 223:.\Generated_Source\PSoC5/USBFS_episr.c ****         {
 224:.\Generated_Source\PSoC5/USBFS_episr.c ****             USBFS_EP[USBFS_EP3].epToggle ^= USBFS_EPX_CNT_DATA_TOGGLE;
 225:.\Generated_Source\PSoC5/USBFS_episr.c ****         }
 226:.\Generated_Source\PSoC5/USBFS_episr.c ****         USBFS_EP[USBFS_EP3].apiEpState = USBFS_EVENT_PENDING;
 227:.\Generated_Source\PSoC5/USBFS_episr.c ****         CY_SET_REG8(USBFS_SIE_EP_INT_SR_PTR, CY_GET_REG8(USBFS_SIE_EP_INT_SR_PTR)
 228:.\Generated_Source\PSoC5/USBFS_episr.c ****                                                                         & ~USBFS_SIE_EP_INT_EP3_MAS
 229:.\Generated_Source\PSoC5/USBFS_episr.c **** 
 230:.\Generated_Source\PSoC5/USBFS_episr.c ****         #if defined(USBFS_ENABLE_MIDI_STREAMING) && (USBFS_ENABLE_MIDI_API != 0u) && \
 231:.\Generated_Source\PSoC5/USBFS_episr.c ****             (USBFS_EP_MM == USBFS__EP_DMAAUTO) 
 232:.\Generated_Source\PSoC5/USBFS_episr.c ****             if(USBFS_midi_out_ep == USBFS_EP3)
 233:.\Generated_Source\PSoC5/USBFS_episr.c ****             {
 234:.\Generated_Source\PSoC5/USBFS_episr.c ****                 USBFS_MIDI_OUT_EP_Service();
 235:.\Generated_Source\PSoC5/USBFS_episr.c ****             }   
 236:.\Generated_Source\PSoC5/USBFS_episr.c ****         #endif /* End USBFS_ENABLE_MIDI_STREAMING*/
 237:.\Generated_Source\PSoC5/USBFS_episr.c **** 
 238:.\Generated_Source\PSoC5/USBFS_episr.c ****         /* `#START EP3_END_USER_CODE` Place your code here */
 239:.\Generated_Source\PSoC5/USBFS_episr.c **** 
 240:.\Generated_Source\PSoC5/USBFS_episr.c ****         /* `#END` */
 241:.\Generated_Source\PSoC5/USBFS_episr.c **** 
 242:.\Generated_Source\PSoC5/USBFS_episr.c ****         #if defined(USBFS_ENABLE_MIDI_STREAMING) && (USBFS_ENABLE_MIDI_API != 0u) && \
 243:.\Generated_Source\PSoC5/USBFS_episr.c ****             (USBFS_EP_MM == USBFS__EP_DMAAUTO) && (CY_PSOC3)
 244:.\Generated_Source\PSoC5/USBFS_episr.c ****             EA = int_en;
 245:.\Generated_Source\PSoC5/USBFS_episr.c ****         #endif /* CY_PSOC3 & ENABLE_MIDI_STREAMING */
 246:.\Generated_Source\PSoC5/USBFS_episr.c ****     }
 247:.\Generated_Source\PSoC5/USBFS_episr.c **** 
 248:.\Generated_Source\PSoC5/USBFS_episr.c **** #endif   /* End USBFS_EP3_ISR_REMOVE */
 249:.\Generated_Source\PSoC5/USBFS_episr.c **** 
 250:.\Generated_Source\PSoC5/USBFS_episr.c **** 
 251:.\Generated_Source\PSoC5/USBFS_episr.c **** #if(USBFS_EP4_ISR_REMOVE == 0u)
 252:.\Generated_Source\PSoC5/USBFS_episr.c **** 
 253:.\Generated_Source\PSoC5/USBFS_episr.c ****     /*******************************************************************************
 254:.\Generated_Source\PSoC5/USBFS_episr.c ****     * Function Name: USBFS_EP_4_ISR
 255:.\Generated_Source\PSoC5/USBFS_episr.c ****     ********************************************************************************
 256:.\Generated_Source\PSoC5/USBFS_episr.c ****     *
 257:.\Generated_Source\PSoC5/USBFS_episr.c ****     * Summary:
 258:.\Generated_Source\PSoC5/USBFS_episr.c ****     *  Endpoint 4 Interrupt Service Routine
 259:.\Generated_Source\PSoC5/USBFS_episr.c ****     *
 260:.\Generated_Source\PSoC5/USBFS_episr.c ****     * Parameters:
 261:.\Generated_Source\PSoC5/USBFS_episr.c ****     *  None.
 262:.\Generated_Source\PSoC5/USBFS_episr.c ****     *
 263:.\Generated_Source\PSoC5/USBFS_episr.c ****     * Return:
 264:.\Generated_Source\PSoC5/USBFS_episr.c ****     *  None.
 265:.\Generated_Source\PSoC5/USBFS_episr.c ****     *
 266:.\Generated_Source\PSoC5/USBFS_episr.c ****     *******************************************************************************/
 267:.\Generated_Source\PSoC5/USBFS_episr.c ****     CY_ISR(USBFS_EP_4_ISR)
 268:.\Generated_Source\PSoC5/USBFS_episr.c ****     {
 269:.\Generated_Source\PSoC5/USBFS_episr.c ****         #if defined(USBFS_ENABLE_MIDI_STREAMING) && (USBFS_ENABLE_MIDI_API != 0u) && \
 270:.\Generated_Source\PSoC5/USBFS_episr.c ****             (USBFS_EP_MM == USBFS__EP_DMAAUTO) && (CY_PSOC3)
ARM GAS  C:\DOCUME~1\ADMINI~1\LOCALS~1\Temp\ccNCjIo0.s 			page 8


 271:.\Generated_Source\PSoC5/USBFS_episr.c ****             uint8 int_en;
 272:.\Generated_Source\PSoC5/USBFS_episr.c ****         #endif /* CY_PSOC3 & ENABLE_MIDI_STREAMING */
 273:.\Generated_Source\PSoC5/USBFS_episr.c ****     
 274:.\Generated_Source\PSoC5/USBFS_episr.c ****         /* `#START EP4_USER_CODE` Place your code here */
 275:.\Generated_Source\PSoC5/USBFS_episr.c **** 
 276:.\Generated_Source\PSoC5/USBFS_episr.c ****         /* `#END` */
 277:.\Generated_Source\PSoC5/USBFS_episr.c **** 
 278:.\Generated_Source\PSoC5/USBFS_episr.c ****         #if defined(USBFS_ENABLE_MIDI_STREAMING) && (USBFS_ENABLE_MIDI_API != 0u) && \
 279:.\Generated_Source\PSoC5/USBFS_episr.c ****             (USBFS_EP_MM == USBFS__EP_DMAAUTO) && (CY_PSOC3)
 280:.\Generated_Source\PSoC5/USBFS_episr.c ****             int_en = EA;
 281:.\Generated_Source\PSoC5/USBFS_episr.c ****             CyGlobalIntEnable;  /* Make sure nested interrupt is enabled */
 282:.\Generated_Source\PSoC5/USBFS_episr.c ****         #endif /* CY_PSOC3 & ENABLE_MIDI_STREAMING */
 283:.\Generated_Source\PSoC5/USBFS_episr.c **** 
 284:.\Generated_Source\PSoC5/USBFS_episr.c ****         CY_GET_REG8(USBFS_SIE_EP4_CR0_PTR); /* Must read the mode reg */
 285:.\Generated_Source\PSoC5/USBFS_episr.c ****         /* Do not toggle ISOC endpoint */
 286:.\Generated_Source\PSoC5/USBFS_episr.c ****         if((USBFS_EP[USBFS_EP4].attrib & USBFS_EP_TYPE_MASK) !=
 287:.\Generated_Source\PSoC5/USBFS_episr.c ****                                                                                     USBFS_EP_TYPE_I
 288:.\Generated_Source\PSoC5/USBFS_episr.c ****         {
 289:.\Generated_Source\PSoC5/USBFS_episr.c ****             USBFS_EP[USBFS_EP4].epToggle ^= USBFS_EPX_CNT_DATA_TOGGLE;
 290:.\Generated_Source\PSoC5/USBFS_episr.c ****         }
 291:.\Generated_Source\PSoC5/USBFS_episr.c ****         USBFS_EP[USBFS_EP4].apiEpState = USBFS_EVENT_PENDING;
 292:.\Generated_Source\PSoC5/USBFS_episr.c ****         CY_SET_REG8(USBFS_SIE_EP_INT_SR_PTR, CY_GET_REG8(USBFS_SIE_EP_INT_SR_PTR)
 293:.\Generated_Source\PSoC5/USBFS_episr.c ****                                                                         & ~USBFS_SIE_EP_INT_EP4_MAS
 294:.\Generated_Source\PSoC5/USBFS_episr.c **** 
 295:.\Generated_Source\PSoC5/USBFS_episr.c ****         #if defined(USBFS_ENABLE_MIDI_STREAMING) && (USBFS_ENABLE_MIDI_API != 0u) && \
 296:.\Generated_Source\PSoC5/USBFS_episr.c ****             (USBFS_EP_MM == USBFS__EP_DMAAUTO) 
 297:.\Generated_Source\PSoC5/USBFS_episr.c ****             if(USBFS_midi_out_ep == USBFS_EP4)
 298:.\Generated_Source\PSoC5/USBFS_episr.c ****             {
 299:.\Generated_Source\PSoC5/USBFS_episr.c ****                 USBFS_MIDI_OUT_EP_Service();
 300:.\Generated_Source\PSoC5/USBFS_episr.c ****             }   
 301:.\Generated_Source\PSoC5/USBFS_episr.c ****         #endif /* End USBFS_ENABLE_MIDI_STREAMING*/
 302:.\Generated_Source\PSoC5/USBFS_episr.c **** 
 303:.\Generated_Source\PSoC5/USBFS_episr.c ****         /* `#START EP4_END_USER_CODE` Place your code here */
 304:.\Generated_Source\PSoC5/USBFS_episr.c **** 
 305:.\Generated_Source\PSoC5/USBFS_episr.c ****         /* `#END` */
 306:.\Generated_Source\PSoC5/USBFS_episr.c **** 
 307:.\Generated_Source\PSoC5/USBFS_episr.c ****         #if defined(USBFS_ENABLE_MIDI_STREAMING) && (USBFS_ENABLE_MIDI_API != 0u) && \
 308:.\Generated_Source\PSoC5/USBFS_episr.c ****             (USBFS_EP_MM == USBFS__EP_DMAAUTO) && (CY_PSOC3)
 309:.\Generated_Source\PSoC5/USBFS_episr.c ****             EA = int_en;
 310:.\Generated_Source\PSoC5/USBFS_episr.c ****         #endif /* CY_PSOC3 & ENABLE_MIDI_STREAMING */
 311:.\Generated_Source\PSoC5/USBFS_episr.c ****     }
 312:.\Generated_Source\PSoC5/USBFS_episr.c **** 
 313:.\Generated_Source\PSoC5/USBFS_episr.c **** #endif   /* End USBFS_EP4_ISR_REMOVE */
 314:.\Generated_Source\PSoC5/USBFS_episr.c **** 
 315:.\Generated_Source\PSoC5/USBFS_episr.c **** 
 316:.\Generated_Source\PSoC5/USBFS_episr.c **** #if(USBFS_EP5_ISR_REMOVE == 0u)
 317:.\Generated_Source\PSoC5/USBFS_episr.c **** 
 318:.\Generated_Source\PSoC5/USBFS_episr.c ****     /*******************************************************************************
 319:.\Generated_Source\PSoC5/USBFS_episr.c ****     * Function Name: USBFS_EP_5_ISR
 320:.\Generated_Source\PSoC5/USBFS_episr.c ****     ********************************************************************************
 321:.\Generated_Source\PSoC5/USBFS_episr.c ****     *
 322:.\Generated_Source\PSoC5/USBFS_episr.c ****     * Summary:
 323:.\Generated_Source\PSoC5/USBFS_episr.c ****     *  Endpoint 5 Interrupt Service Routine
 324:.\Generated_Source\PSoC5/USBFS_episr.c ****     *
 325:.\Generated_Source\PSoC5/USBFS_episr.c ****     * Parameters:
 326:.\Generated_Source\PSoC5/USBFS_episr.c ****     *  None.
 327:.\Generated_Source\PSoC5/USBFS_episr.c ****     *
ARM GAS  C:\DOCUME~1\ADMINI~1\LOCALS~1\Temp\ccNCjIo0.s 			page 9


 328:.\Generated_Source\PSoC5/USBFS_episr.c ****     * Return:
 329:.\Generated_Source\PSoC5/USBFS_episr.c ****     *  None.
 330:.\Generated_Source\PSoC5/USBFS_episr.c ****     *
 331:.\Generated_Source\PSoC5/USBFS_episr.c ****     *******************************************************************************/
 332:.\Generated_Source\PSoC5/USBFS_episr.c ****     CY_ISR(USBFS_EP_5_ISR)
 333:.\Generated_Source\PSoC5/USBFS_episr.c ****     {
 334:.\Generated_Source\PSoC5/USBFS_episr.c ****         #if defined(USBFS_ENABLE_MIDI_STREAMING) && (USBFS_ENABLE_MIDI_API != 0u) && \
 335:.\Generated_Source\PSoC5/USBFS_episr.c ****             (USBFS_EP_MM == USBFS__EP_DMAAUTO) && (CY_PSOC3)
 336:.\Generated_Source\PSoC5/USBFS_episr.c ****             uint8 int_en;
 337:.\Generated_Source\PSoC5/USBFS_episr.c ****         #endif /* CY_PSOC3 & ENABLE_MIDI_STREAMING */
 338:.\Generated_Source\PSoC5/USBFS_episr.c ****     
 339:.\Generated_Source\PSoC5/USBFS_episr.c ****         /* `#START EP5_USER_CODE` Place your code here */
 340:.\Generated_Source\PSoC5/USBFS_episr.c **** 
 341:.\Generated_Source\PSoC5/USBFS_episr.c ****         /* `#END` */
 342:.\Generated_Source\PSoC5/USBFS_episr.c **** 
 343:.\Generated_Source\PSoC5/USBFS_episr.c ****         #if defined(USBFS_ENABLE_MIDI_STREAMING) && (USBFS_ENABLE_MIDI_API != 0u) && \
 344:.\Generated_Source\PSoC5/USBFS_episr.c ****             (USBFS_EP_MM == USBFS__EP_DMAAUTO) && (CY_PSOC3)
 345:.\Generated_Source\PSoC5/USBFS_episr.c ****             int_en = EA;
 346:.\Generated_Source\PSoC5/USBFS_episr.c ****             CyGlobalIntEnable;  /* Make sure nested interrupt is enabled */
 347:.\Generated_Source\PSoC5/USBFS_episr.c ****         #endif /* CY_PSOC3 & ENABLE_MIDI_STREAMING */
 348:.\Generated_Source\PSoC5/USBFS_episr.c **** 
 349:.\Generated_Source\PSoC5/USBFS_episr.c ****         CY_GET_REG8(USBFS_SIE_EP5_CR0_PTR); /* Must read the mode reg */
 350:.\Generated_Source\PSoC5/USBFS_episr.c ****         /* Do not toggle ISOC endpoint */
 351:.\Generated_Source\PSoC5/USBFS_episr.c ****         if((USBFS_EP[USBFS_EP5].attrib & USBFS_EP_TYPE_MASK) !=
 352:.\Generated_Source\PSoC5/USBFS_episr.c ****                                                                                     USBFS_EP_TYPE_I
 353:.\Generated_Source\PSoC5/USBFS_episr.c ****         {
 354:.\Generated_Source\PSoC5/USBFS_episr.c ****             USBFS_EP[USBFS_EP5].epToggle ^= USBFS_EPX_CNT_DATA_TOGGLE;
 355:.\Generated_Source\PSoC5/USBFS_episr.c ****         }
 356:.\Generated_Source\PSoC5/USBFS_episr.c ****         USBFS_EP[USBFS_EP5].apiEpState = USBFS_EVENT_PENDING;
 357:.\Generated_Source\PSoC5/USBFS_episr.c ****         CY_SET_REG8(USBFS_SIE_EP_INT_SR_PTR, CY_GET_REG8(USBFS_SIE_EP_INT_SR_PTR)
 358:.\Generated_Source\PSoC5/USBFS_episr.c ****                                                                         & ~USBFS_SIE_EP_INT_EP5_MAS
 359:.\Generated_Source\PSoC5/USBFS_episr.c **** 
 360:.\Generated_Source\PSoC5/USBFS_episr.c ****         #if defined(USBFS_ENABLE_MIDI_STREAMING) && (USBFS_ENABLE_MIDI_API != 0u) && \
 361:.\Generated_Source\PSoC5/USBFS_episr.c ****             (USBFS_EP_MM == USBFS__EP_DMAAUTO) 
 362:.\Generated_Source\PSoC5/USBFS_episr.c ****             if(USBFS_midi_out_ep == USBFS_EP5)
 363:.\Generated_Source\PSoC5/USBFS_episr.c ****             {
 364:.\Generated_Source\PSoC5/USBFS_episr.c ****                 USBFS_MIDI_OUT_EP_Service();
 365:.\Generated_Source\PSoC5/USBFS_episr.c ****             }   
 366:.\Generated_Source\PSoC5/USBFS_episr.c ****         #endif /* End USBFS_ENABLE_MIDI_STREAMING*/
 367:.\Generated_Source\PSoC5/USBFS_episr.c **** 
 368:.\Generated_Source\PSoC5/USBFS_episr.c ****         /* `#START EP5_END_USER_CODE` Place your code here */
 369:.\Generated_Source\PSoC5/USBFS_episr.c **** 
 370:.\Generated_Source\PSoC5/USBFS_episr.c ****         /* `#END` */
 371:.\Generated_Source\PSoC5/USBFS_episr.c **** 
 372:.\Generated_Source\PSoC5/USBFS_episr.c ****         #if defined(USBFS_ENABLE_MIDI_STREAMING) && (USBFS_ENABLE_MIDI_API != 0u) && \
 373:.\Generated_Source\PSoC5/USBFS_episr.c ****             (USBFS_EP_MM == USBFS__EP_DMAAUTO) && (CY_PSOC3)
 374:.\Generated_Source\PSoC5/USBFS_episr.c ****             EA = int_en;
 375:.\Generated_Source\PSoC5/USBFS_episr.c ****         #endif /* CY_PSOC3 & ENABLE_MIDI_STREAMING */
 376:.\Generated_Source\PSoC5/USBFS_episr.c ****     }
 377:.\Generated_Source\PSoC5/USBFS_episr.c **** #endif   /* End USBFS_EP5_ISR_REMOVE */
 378:.\Generated_Source\PSoC5/USBFS_episr.c **** 
 379:.\Generated_Source\PSoC5/USBFS_episr.c **** 
 380:.\Generated_Source\PSoC5/USBFS_episr.c **** #if(USBFS_EP6_ISR_REMOVE == 0u)
 381:.\Generated_Source\PSoC5/USBFS_episr.c **** 
 382:.\Generated_Source\PSoC5/USBFS_episr.c ****     /*******************************************************************************
 383:.\Generated_Source\PSoC5/USBFS_episr.c ****     * Function Name: USBFS_EP_6_ISR
 384:.\Generated_Source\PSoC5/USBFS_episr.c ****     ********************************************************************************
ARM GAS  C:\DOCUME~1\ADMINI~1\LOCALS~1\Temp\ccNCjIo0.s 			page 10


 385:.\Generated_Source\PSoC5/USBFS_episr.c ****     *
 386:.\Generated_Source\PSoC5/USBFS_episr.c ****     * Summary:
 387:.\Generated_Source\PSoC5/USBFS_episr.c ****     *  Endpoint 6 Interrupt Service Routine
 388:.\Generated_Source\PSoC5/USBFS_episr.c ****     *
 389:.\Generated_Source\PSoC5/USBFS_episr.c ****     * Parameters:
 390:.\Generated_Source\PSoC5/USBFS_episr.c ****     *  None.
 391:.\Generated_Source\PSoC5/USBFS_episr.c ****     *
 392:.\Generated_Source\PSoC5/USBFS_episr.c ****     * Return:
 393:.\Generated_Source\PSoC5/USBFS_episr.c ****     *  None.
 394:.\Generated_Source\PSoC5/USBFS_episr.c ****     *
 395:.\Generated_Source\PSoC5/USBFS_episr.c ****     *******************************************************************************/
 396:.\Generated_Source\PSoC5/USBFS_episr.c ****     CY_ISR(USBFS_EP_6_ISR)
 397:.\Generated_Source\PSoC5/USBFS_episr.c ****     {
 398:.\Generated_Source\PSoC5/USBFS_episr.c ****         #if defined(USBFS_ENABLE_MIDI_STREAMING) && (USBFS_ENABLE_MIDI_API != 0u) && \
 399:.\Generated_Source\PSoC5/USBFS_episr.c ****             (USBFS_EP_MM == USBFS__EP_DMAAUTO) && (CY_PSOC3)
 400:.\Generated_Source\PSoC5/USBFS_episr.c ****             uint8 int_en;
 401:.\Generated_Source\PSoC5/USBFS_episr.c ****         #endif /* CY_PSOC3 & ENABLE_MIDI_STREAMING */
 402:.\Generated_Source\PSoC5/USBFS_episr.c ****     
 403:.\Generated_Source\PSoC5/USBFS_episr.c ****         /* `#START EP6_USER_CODE` Place your code here */
 404:.\Generated_Source\PSoC5/USBFS_episr.c **** 
 405:.\Generated_Source\PSoC5/USBFS_episr.c ****         /* `#END` */
 406:.\Generated_Source\PSoC5/USBFS_episr.c **** 
 407:.\Generated_Source\PSoC5/USBFS_episr.c ****         #if defined(USBFS_ENABLE_MIDI_STREAMING) && (USBFS_ENABLE_MIDI_API != 0u) && \
 408:.\Generated_Source\PSoC5/USBFS_episr.c ****             (USBFS_EP_MM == USBFS__EP_DMAAUTO) && (CY_PSOC3)
 409:.\Generated_Source\PSoC5/USBFS_episr.c ****             int_en = EA;
 410:.\Generated_Source\PSoC5/USBFS_episr.c ****             CyGlobalIntEnable;  /* Make sure nested interrupt is enabled */
 411:.\Generated_Source\PSoC5/USBFS_episr.c ****         #endif /* CY_PSOC3 & ENABLE_MIDI_STREAMING */
 412:.\Generated_Source\PSoC5/USBFS_episr.c **** 
 413:.\Generated_Source\PSoC5/USBFS_episr.c ****         CY_GET_REG8(USBFS_SIE_EP6_CR0_PTR); /* Must read the mode reg */
 414:.\Generated_Source\PSoC5/USBFS_episr.c ****         /* Do not toggle ISOC endpoint */
 415:.\Generated_Source\PSoC5/USBFS_episr.c ****         if((USBFS_EP[USBFS_EP6].attrib & USBFS_EP_TYPE_MASK) !=
 416:.\Generated_Source\PSoC5/USBFS_episr.c ****                                                                                     USBFS_EP_TYPE_I
 417:.\Generated_Source\PSoC5/USBFS_episr.c ****         {
 418:.\Generated_Source\PSoC5/USBFS_episr.c ****             USBFS_EP[USBFS_EP6].epToggle ^= USBFS_EPX_CNT_DATA_TOGGLE;
 419:.\Generated_Source\PSoC5/USBFS_episr.c ****         }
 420:.\Generated_Source\PSoC5/USBFS_episr.c ****         USBFS_EP[USBFS_EP6].apiEpState = USBFS_EVENT_PENDING;
 421:.\Generated_Source\PSoC5/USBFS_episr.c ****         CY_SET_REG8(USBFS_SIE_EP_INT_SR_PTR, CY_GET_REG8(USBFS_SIE_EP_INT_SR_PTR)
 422:.\Generated_Source\PSoC5/USBFS_episr.c ****                                                                         & ~USBFS_SIE_EP_INT_EP6_MAS
 423:.\Generated_Source\PSoC5/USBFS_episr.c **** 
 424:.\Generated_Source\PSoC5/USBFS_episr.c ****         #if defined(USBFS_ENABLE_MIDI_STREAMING) && (USBFS_ENABLE_MIDI_API != 0u) && \
 425:.\Generated_Source\PSoC5/USBFS_episr.c ****             (USBFS_EP_MM == USBFS__EP_DMAAUTO) 
 426:.\Generated_Source\PSoC5/USBFS_episr.c ****             if(USBFS_midi_out_ep == USBFS_EP6)
 427:.\Generated_Source\PSoC5/USBFS_episr.c ****             {
 428:.\Generated_Source\PSoC5/USBFS_episr.c ****                 USBFS_MIDI_OUT_EP_Service();
 429:.\Generated_Source\PSoC5/USBFS_episr.c ****             }   
 430:.\Generated_Source\PSoC5/USBFS_episr.c ****         #endif /* End USBFS_ENABLE_MIDI_STREAMING*/
 431:.\Generated_Source\PSoC5/USBFS_episr.c **** 
 432:.\Generated_Source\PSoC5/USBFS_episr.c ****         /* `#START EP6_END_USER_CODE` Place your code here */
 433:.\Generated_Source\PSoC5/USBFS_episr.c **** 
 434:.\Generated_Source\PSoC5/USBFS_episr.c ****         /* `#END` */
 435:.\Generated_Source\PSoC5/USBFS_episr.c **** 
 436:.\Generated_Source\PSoC5/USBFS_episr.c ****         #if defined(USBFS_ENABLE_MIDI_STREAMING) && (USBFS_ENABLE_MIDI_API != 0u) && \
 437:.\Generated_Source\PSoC5/USBFS_episr.c ****             (USBFS_EP_MM == USBFS__EP_DMAAUTO) && (CY_PSOC3)
 438:.\Generated_Source\PSoC5/USBFS_episr.c ****             EA = int_en;
 439:.\Generated_Source\PSoC5/USBFS_episr.c ****         #endif /* CY_PSOC3 & ENABLE_MIDI_STREAMING */
 440:.\Generated_Source\PSoC5/USBFS_episr.c ****     }
 441:.\Generated_Source\PSoC5/USBFS_episr.c **** 
ARM GAS  C:\DOCUME~1\ADMINI~1\LOCALS~1\Temp\ccNCjIo0.s 			page 11


 442:.\Generated_Source\PSoC5/USBFS_episr.c **** #endif   /* End USBFS_EP6_ISR_REMOVE */
 443:.\Generated_Source\PSoC5/USBFS_episr.c **** 
 444:.\Generated_Source\PSoC5/USBFS_episr.c **** 
 445:.\Generated_Source\PSoC5/USBFS_episr.c **** #if(USBFS_EP7_ISR_REMOVE == 0u)
 446:.\Generated_Source\PSoC5/USBFS_episr.c **** 
 447:.\Generated_Source\PSoC5/USBFS_episr.c ****     /*******************************************************************************
 448:.\Generated_Source\PSoC5/USBFS_episr.c ****     * Function Name: USBFS_EP_7_ISR
 449:.\Generated_Source\PSoC5/USBFS_episr.c ****     ********************************************************************************
 450:.\Generated_Source\PSoC5/USBFS_episr.c ****     *
 451:.\Generated_Source\PSoC5/USBFS_episr.c ****     * Summary:
 452:.\Generated_Source\PSoC5/USBFS_episr.c ****     *  Endpoint 7 Interrupt Service Routine
 453:.\Generated_Source\PSoC5/USBFS_episr.c ****     *
 454:.\Generated_Source\PSoC5/USBFS_episr.c ****     * Parameters:
 455:.\Generated_Source\PSoC5/USBFS_episr.c ****     *  None.
 456:.\Generated_Source\PSoC5/USBFS_episr.c ****     *
 457:.\Generated_Source\PSoC5/USBFS_episr.c ****     * Return:
 458:.\Generated_Source\PSoC5/USBFS_episr.c ****     *  None.
 459:.\Generated_Source\PSoC5/USBFS_episr.c ****     *
 460:.\Generated_Source\PSoC5/USBFS_episr.c ****     *******************************************************************************/
 461:.\Generated_Source\PSoC5/USBFS_episr.c ****     CY_ISR(USBFS_EP_7_ISR)
 462:.\Generated_Source\PSoC5/USBFS_episr.c ****     {
 463:.\Generated_Source\PSoC5/USBFS_episr.c ****         #if defined(USBFS_ENABLE_MIDI_STREAMING) && (USBFS_ENABLE_MIDI_API != 0u) && \
 464:.\Generated_Source\PSoC5/USBFS_episr.c ****             (USBFS_EP_MM == USBFS__EP_DMAAUTO) && (CY_PSOC3)
 465:.\Generated_Source\PSoC5/USBFS_episr.c ****             uint8 int_en;
 466:.\Generated_Source\PSoC5/USBFS_episr.c ****         #endif /* CY_PSOC3 & ENABLE_MIDI_STREAMING */
 467:.\Generated_Source\PSoC5/USBFS_episr.c ****     
 468:.\Generated_Source\PSoC5/USBFS_episr.c ****         /* `#START EP7_USER_CODE` Place your code here */
 469:.\Generated_Source\PSoC5/USBFS_episr.c **** 
 470:.\Generated_Source\PSoC5/USBFS_episr.c ****         /* `#END` */
 471:.\Generated_Source\PSoC5/USBFS_episr.c **** 
 472:.\Generated_Source\PSoC5/USBFS_episr.c ****         #if defined(USBFS_ENABLE_MIDI_STREAMING) && (USBFS_ENABLE_MIDI_API != 0u) && \
 473:.\Generated_Source\PSoC5/USBFS_episr.c ****             (USBFS_EP_MM == USBFS__EP_DMAAUTO) && (CY_PSOC3)
 474:.\Generated_Source\PSoC5/USBFS_episr.c ****             int_en = EA;
 475:.\Generated_Source\PSoC5/USBFS_episr.c ****             CyGlobalIntEnable;  /* Make sure nested interrupt is enabled */
 476:.\Generated_Source\PSoC5/USBFS_episr.c ****         #endif /* CY_PSOC3 & ENABLE_MIDI_STREAMING */
 477:.\Generated_Source\PSoC5/USBFS_episr.c **** 
 478:.\Generated_Source\PSoC5/USBFS_episr.c ****         CY_GET_REG8(USBFS_SIE_EP7_CR0_PTR); /* Must read the mode reg */
 479:.\Generated_Source\PSoC5/USBFS_episr.c ****         /* Do not toggle ISOC endpoint */
 480:.\Generated_Source\PSoC5/USBFS_episr.c ****         if((USBFS_EP[USBFS_EP7].attrib & USBFS_EP_TYPE_MASK) !=
 481:.\Generated_Source\PSoC5/USBFS_episr.c ****                                                                                     USBFS_EP_TYPE_I
 482:.\Generated_Source\PSoC5/USBFS_episr.c ****         {
 483:.\Generated_Source\PSoC5/USBFS_episr.c ****             USBFS_EP[USBFS_EP7].epToggle ^= USBFS_EPX_CNT_DATA_TOGGLE;
 484:.\Generated_Source\PSoC5/USBFS_episr.c ****         }
 485:.\Generated_Source\PSoC5/USBFS_episr.c ****         USBFS_EP[USBFS_EP7].apiEpState = USBFS_EVENT_PENDING;
 486:.\Generated_Source\PSoC5/USBFS_episr.c ****         CY_SET_REG8(USBFS_SIE_EP_INT_SR_PTR, CY_GET_REG8(USBFS_SIE_EP_INT_SR_PTR)
 487:.\Generated_Source\PSoC5/USBFS_episr.c ****                                                                         & ~USBFS_SIE_EP_INT_EP7_MAS
 488:.\Generated_Source\PSoC5/USBFS_episr.c **** 
 489:.\Generated_Source\PSoC5/USBFS_episr.c ****         #if defined(USBFS_ENABLE_MIDI_STREAMING) && (USBFS_ENABLE_MIDI_API != 0u) && \
 490:.\Generated_Source\PSoC5/USBFS_episr.c ****             (USBFS_EP_MM == USBFS__EP_DMAAUTO) 
 491:.\Generated_Source\PSoC5/USBFS_episr.c ****             if(USBFS_midi_out_ep == USBFS_EP7)
 492:.\Generated_Source\PSoC5/USBFS_episr.c ****             {
 493:.\Generated_Source\PSoC5/USBFS_episr.c ****                 USBFS_MIDI_OUT_EP_Service();
 494:.\Generated_Source\PSoC5/USBFS_episr.c ****             }   
 495:.\Generated_Source\PSoC5/USBFS_episr.c ****         #endif /* End USBFS_ENABLE_MIDI_STREAMING*/
 496:.\Generated_Source\PSoC5/USBFS_episr.c **** 
 497:.\Generated_Source\PSoC5/USBFS_episr.c ****         /* `#START EP7_END_USER_CODE` Place your code here */
 498:.\Generated_Source\PSoC5/USBFS_episr.c **** 
ARM GAS  C:\DOCUME~1\ADMINI~1\LOCALS~1\Temp\ccNCjIo0.s 			page 12


 499:.\Generated_Source\PSoC5/USBFS_episr.c ****         /* `#END` */
 500:.\Generated_Source\PSoC5/USBFS_episr.c **** 
 501:.\Generated_Source\PSoC5/USBFS_episr.c ****         #if defined(USBFS_ENABLE_MIDI_STREAMING) && (USBFS_ENABLE_MIDI_API != 0u) && \
 502:.\Generated_Source\PSoC5/USBFS_episr.c ****             (USBFS_EP_MM == USBFS__EP_DMAAUTO) && (CY_PSOC3)
 503:.\Generated_Source\PSoC5/USBFS_episr.c ****             EA = int_en;
 504:.\Generated_Source\PSoC5/USBFS_episr.c ****         #endif /* CY_PSOC3 & ENABLE_MIDI_STREAMING */
 505:.\Generated_Source\PSoC5/USBFS_episr.c ****     }
 506:.\Generated_Source\PSoC5/USBFS_episr.c **** 
 507:.\Generated_Source\PSoC5/USBFS_episr.c **** #endif   /* End USBFS_EP7_ISR_REMOVE */
 508:.\Generated_Source\PSoC5/USBFS_episr.c **** 
 509:.\Generated_Source\PSoC5/USBFS_episr.c **** 
 510:.\Generated_Source\PSoC5/USBFS_episr.c **** #if(USBFS_EP8_ISR_REMOVE == 0u)
 511:.\Generated_Source\PSoC5/USBFS_episr.c **** 
 512:.\Generated_Source\PSoC5/USBFS_episr.c ****     /*******************************************************************************
 513:.\Generated_Source\PSoC5/USBFS_episr.c ****     * Function Name: USBFS_EP_8_ISR
 514:.\Generated_Source\PSoC5/USBFS_episr.c ****     ********************************************************************************
 515:.\Generated_Source\PSoC5/USBFS_episr.c ****     *
 516:.\Generated_Source\PSoC5/USBFS_episr.c ****     * Summary:
 517:.\Generated_Source\PSoC5/USBFS_episr.c ****     *  Endpoint 8 Interrupt Service Routine
 518:.\Generated_Source\PSoC5/USBFS_episr.c ****     *
 519:.\Generated_Source\PSoC5/USBFS_episr.c ****     * Parameters:
 520:.\Generated_Source\PSoC5/USBFS_episr.c ****     *  None.
 521:.\Generated_Source\PSoC5/USBFS_episr.c ****     *
 522:.\Generated_Source\PSoC5/USBFS_episr.c ****     * Return:
 523:.\Generated_Source\PSoC5/USBFS_episr.c ****     *  None.
 524:.\Generated_Source\PSoC5/USBFS_episr.c ****     *
 525:.\Generated_Source\PSoC5/USBFS_episr.c ****     *******************************************************************************/
 526:.\Generated_Source\PSoC5/USBFS_episr.c ****     CY_ISR(USBFS_EP_8_ISR)
 527:.\Generated_Source\PSoC5/USBFS_episr.c ****     {
 528:.\Generated_Source\PSoC5/USBFS_episr.c ****         #if defined(USBFS_ENABLE_MIDI_STREAMING) && (USBFS_ENABLE_MIDI_API != 0u) && \
 529:.\Generated_Source\PSoC5/USBFS_episr.c ****             (USBFS_EP_MM == USBFS__EP_DMAAUTO) && (CY_PSOC3)
 530:.\Generated_Source\PSoC5/USBFS_episr.c ****             uint8 int_en;
 531:.\Generated_Source\PSoC5/USBFS_episr.c ****         #endif /* CY_PSOC3 & ENABLE_MIDI_STREAMING */
 532:.\Generated_Source\PSoC5/USBFS_episr.c ****     
 533:.\Generated_Source\PSoC5/USBFS_episr.c ****         /* `#START EP8_USER_CODE` Place your code here */
 534:.\Generated_Source\PSoC5/USBFS_episr.c **** 
 535:.\Generated_Source\PSoC5/USBFS_episr.c ****         /* `#END` */
 536:.\Generated_Source\PSoC5/USBFS_episr.c **** 
 537:.\Generated_Source\PSoC5/USBFS_episr.c ****         #if defined(USBFS_ENABLE_MIDI_STREAMING) && (USBFS_ENABLE_MIDI_API != 0u) && \
 538:.\Generated_Source\PSoC5/USBFS_episr.c ****             (USBFS_EP_MM == USBFS__EP_DMAAUTO) && (CY_PSOC3)
 539:.\Generated_Source\PSoC5/USBFS_episr.c ****             int_en = EA;
 540:.\Generated_Source\PSoC5/USBFS_episr.c ****             CyGlobalIntEnable;  /* Make sure nested interrupt is enabled */
 541:.\Generated_Source\PSoC5/USBFS_episr.c ****         #endif /* CY_PSOC3 & ENABLE_MIDI_STREAMING */
 542:.\Generated_Source\PSoC5/USBFS_episr.c **** 
 543:.\Generated_Source\PSoC5/USBFS_episr.c ****         CY_GET_REG8(USBFS_SIE_EP8_CR0_PTR); /* Must read the mode reg */
 544:.\Generated_Source\PSoC5/USBFS_episr.c ****         /* Do not toggle ISOC endpoint */
 545:.\Generated_Source\PSoC5/USBFS_episr.c ****         if((USBFS_EP[USBFS_EP8].attrib & USBFS_EP_TYPE_MASK) !=
 546:.\Generated_Source\PSoC5/USBFS_episr.c ****                                                                                     USBFS_EP_TYPE_I
 547:.\Generated_Source\PSoC5/USBFS_episr.c ****         {
 548:.\Generated_Source\PSoC5/USBFS_episr.c ****             USBFS_EP[USBFS_EP8].epToggle ^= USBFS_EPX_CNT_DATA_TOGGLE;
 549:.\Generated_Source\PSoC5/USBFS_episr.c ****         }
 550:.\Generated_Source\PSoC5/USBFS_episr.c ****         USBFS_EP[USBFS_EP8].apiEpState = USBFS_EVENT_PENDING;
 551:.\Generated_Source\PSoC5/USBFS_episr.c ****         CY_SET_REG8(USBFS_SIE_EP_INT_SR_PTR, CY_GET_REG8(USBFS_SIE_EP_INT_SR_PTR)
 552:.\Generated_Source\PSoC5/USBFS_episr.c ****                                                                         & ~USBFS_SIE_EP_INT_EP8_MAS
 553:.\Generated_Source\PSoC5/USBFS_episr.c **** 
 554:.\Generated_Source\PSoC5/USBFS_episr.c ****         #if defined(USBFS_ENABLE_MIDI_STREAMING) && (USBFS_ENABLE_MIDI_API != 0u) && \
 555:.\Generated_Source\PSoC5/USBFS_episr.c ****             (USBFS_EP_MM == USBFS__EP_DMAAUTO) 
ARM GAS  C:\DOCUME~1\ADMINI~1\LOCALS~1\Temp\ccNCjIo0.s 			page 13


 556:.\Generated_Source\PSoC5/USBFS_episr.c ****             if(USBFS_midi_out_ep == USBFS_EP8)
 557:.\Generated_Source\PSoC5/USBFS_episr.c ****             {
 558:.\Generated_Source\PSoC5/USBFS_episr.c ****                 USBFS_MIDI_OUT_EP_Service();
 559:.\Generated_Source\PSoC5/USBFS_episr.c ****             }   
 560:.\Generated_Source\PSoC5/USBFS_episr.c ****         #endif /* End USBFS_ENABLE_MIDI_STREAMING*/
 561:.\Generated_Source\PSoC5/USBFS_episr.c **** 
 562:.\Generated_Source\PSoC5/USBFS_episr.c ****         /* `#START EP8_END_USER_CODE` Place your code here */
 563:.\Generated_Source\PSoC5/USBFS_episr.c **** 
 564:.\Generated_Source\PSoC5/USBFS_episr.c ****         /* `#END` */
 565:.\Generated_Source\PSoC5/USBFS_episr.c **** 
 566:.\Generated_Source\PSoC5/USBFS_episr.c ****         #if defined(USBFS_ENABLE_MIDI_STREAMING) && (USBFS_ENABLE_MIDI_API != 0u) && \
 567:.\Generated_Source\PSoC5/USBFS_episr.c ****             (USBFS_EP_MM == USBFS__EP_DMAAUTO) && (CY_PSOC3)
 568:.\Generated_Source\PSoC5/USBFS_episr.c ****             EA = int_en;
 569:.\Generated_Source\PSoC5/USBFS_episr.c ****         #endif /* CY_PSOC3 & ENABLE_MIDI_STREAMING */
 570:.\Generated_Source\PSoC5/USBFS_episr.c ****     }
 571:.\Generated_Source\PSoC5/USBFS_episr.c **** 
 572:.\Generated_Source\PSoC5/USBFS_episr.c **** #endif   /* End USBFS_EP8_ISR_REMOVE */
 573:.\Generated_Source\PSoC5/USBFS_episr.c **** 
 574:.\Generated_Source\PSoC5/USBFS_episr.c **** 
 575:.\Generated_Source\PSoC5/USBFS_episr.c **** /*******************************************************************************
 576:.\Generated_Source\PSoC5/USBFS_episr.c **** * Function Name: USBFS_SOF_ISR
 577:.\Generated_Source\PSoC5/USBFS_episr.c **** ********************************************************************************
 578:.\Generated_Source\PSoC5/USBFS_episr.c **** *
 579:.\Generated_Source\PSoC5/USBFS_episr.c **** * Summary:
 580:.\Generated_Source\PSoC5/USBFS_episr.c **** *  Start of Frame Interrupt Service Routine
 581:.\Generated_Source\PSoC5/USBFS_episr.c **** *
 582:.\Generated_Source\PSoC5/USBFS_episr.c **** * Parameters:
 583:.\Generated_Source\PSoC5/USBFS_episr.c **** *  None.
 584:.\Generated_Source\PSoC5/USBFS_episr.c **** *
 585:.\Generated_Source\PSoC5/USBFS_episr.c **** * Return:
 586:.\Generated_Source\PSoC5/USBFS_episr.c **** *  None.
 587:.\Generated_Source\PSoC5/USBFS_episr.c **** *
 588:.\Generated_Source\PSoC5/USBFS_episr.c **** *******************************************************************************/
 589:.\Generated_Source\PSoC5/USBFS_episr.c **** CY_ISR(USBFS_SOF_ISR)
 590:.\Generated_Source\PSoC5/USBFS_episr.c **** {
 126              		.loc 1 590 0
 127              		.cfi_startproc
 128              		@ args = 0, pretend = 0, frame = 0
 129              		@ frame_needed = 0, uses_anonymous_args = 0
 130              		@ link register save eliminated.
 591:.\Generated_Source\PSoC5/USBFS_episr.c ****     /* `#START SOF_USER_CODE` Place your code here */
 592:.\Generated_Source\PSoC5/USBFS_episr.c **** 
 593:.\Generated_Source\PSoC5/USBFS_episr.c ****     /* `#END` */
 594:.\Generated_Source\PSoC5/USBFS_episr.c **** }
 131              		.loc 1 594 0
 132 0000 7047     		bx	lr
 133              		.cfi_endproc
 134              	.LFE2:
 135              		.size	USBFS_SOF_ISR, .-USBFS_SOF_ISR
 136              		.section	.text.USBFS_BUS_RESET_ISR,"ax",%progbits
 137              		.align	1
 138              		.global	USBFS_BUS_RESET_ISR
 139              		.thumb
 140              		.thumb_func
 141              		.type	USBFS_BUS_RESET_ISR, %function
 142              	USBFS_BUS_RESET_ISR:
 143              	.LFB3:
ARM GAS  C:\DOCUME~1\ADMINI~1\LOCALS~1\Temp\ccNCjIo0.s 			page 14


 595:.\Generated_Source\PSoC5/USBFS_episr.c **** 
 596:.\Generated_Source\PSoC5/USBFS_episr.c **** 
 597:.\Generated_Source\PSoC5/USBFS_episr.c **** /*******************************************************************************
 598:.\Generated_Source\PSoC5/USBFS_episr.c **** * Function Name: USBFS_BUS_RESET_ISR
 599:.\Generated_Source\PSoC5/USBFS_episr.c **** ********************************************************************************
 600:.\Generated_Source\PSoC5/USBFS_episr.c **** *
 601:.\Generated_Source\PSoC5/USBFS_episr.c **** * Summary:
 602:.\Generated_Source\PSoC5/USBFS_episr.c **** *  USB Bus Reset Interrupt Service Routine.  Calls _Start with the same
 603:.\Generated_Source\PSoC5/USBFS_episr.c **** *  parameters as the last USER call to _Start
 604:.\Generated_Source\PSoC5/USBFS_episr.c **** *
 605:.\Generated_Source\PSoC5/USBFS_episr.c **** * Parameters:
 606:.\Generated_Source\PSoC5/USBFS_episr.c **** *  None.
 607:.\Generated_Source\PSoC5/USBFS_episr.c **** *
 608:.\Generated_Source\PSoC5/USBFS_episr.c **** * Return:
 609:.\Generated_Source\PSoC5/USBFS_episr.c **** *  None.
 610:.\Generated_Source\PSoC5/USBFS_episr.c **** *
 611:.\Generated_Source\PSoC5/USBFS_episr.c **** *******************************************************************************/
 612:.\Generated_Source\PSoC5/USBFS_episr.c **** CY_ISR(USBFS_BUS_RESET_ISR)
 613:.\Generated_Source\PSoC5/USBFS_episr.c **** {
 144              		.loc 1 613 0
 145              		.cfi_startproc
 146              		@ args = 0, pretend = 0, frame = 0
 147              		@ frame_needed = 0, uses_anonymous_args = 0
 148              		@ link register save eliminated.
 614:.\Generated_Source\PSoC5/USBFS_episr.c ****     /* `#START BUS_RESET_USER_CODE` Place your code here */
 615:.\Generated_Source\PSoC5/USBFS_episr.c **** 
 616:.\Generated_Source\PSoC5/USBFS_episr.c ****     /* `#END` */
 617:.\Generated_Source\PSoC5/USBFS_episr.c **** 
 618:.\Generated_Source\PSoC5/USBFS_episr.c ****     USBFS_ReInitComponent();
 619:.\Generated_Source\PSoC5/USBFS_episr.c **** }
 149              		.loc 1 619 0
 150              		.loc 1 618 0
 151 0000 FFF7FEBF 		b	USBFS_ReInitComponent
 152              		.cfi_endproc
 153              	.LFE3:
 154              		.size	USBFS_BUS_RESET_ISR, .-USBFS_BUS_RESET_ISR
 155              		.text
 156              	.Letext0:
 157              		.file 2 ".\\Generated_Source\\PSoC5\\/cytypes.h"
 158              		.file 3 ".\\Generated_Source\\PSoC5\\/USBFS.h"
 159              		.section	.debug_info
 160 0000 9B010000 		.4byte	0x19b
 161 0004 0200     		.2byte	0x2
 162 0006 00000000 		.4byte	.Ldebug_abbrev0
 163 000a 04       		.byte	0x4
 164 000b 01       		.uleb128 0x1
 165 000c 3D010000 		.4byte	.LASF28
 166 0010 01       		.byte	0x1
 167 0011 79000000 		.4byte	.LASF29
 168 0015 97010000 		.4byte	.LASF30
 169 0019 00000000 		.4byte	0x0
 170 001d 00000000 		.4byte	0x0
 171 0021 00000000 		.4byte	.Ldebug_ranges0+0x0
 172 0025 00000000 		.4byte	.Ldebug_line0
 173 0029 02       		.uleb128 0x2
 174 002a 01       		.byte	0x1
 175 002b 06       		.byte	0x6
ARM GAS  C:\DOCUME~1\ADMINI~1\LOCALS~1\Temp\ccNCjIo0.s 			page 15


 176 002c 8B010000 		.4byte	.LASF0
 177 0030 02       		.uleb128 0x2
 178 0031 01       		.byte	0x1
 179 0032 08       		.byte	0x8
 180 0033 6B000000 		.4byte	.LASF1
 181 0037 02       		.uleb128 0x2
 182 0038 02       		.byte	0x2
 183 0039 05       		.byte	0x5
 184 003a 59010000 		.4byte	.LASF2
 185 003e 02       		.uleb128 0x2
 186 003f 02       		.byte	0x2
 187 0040 07       		.byte	0x7
 188 0041 0E000000 		.4byte	.LASF3
 189 0045 02       		.uleb128 0x2
 190 0046 04       		.byte	0x4
 191 0047 05       		.byte	0x5
 192 0048 73010000 		.4byte	.LASF4
 193 004c 02       		.uleb128 0x2
 194 004d 04       		.byte	0x4
 195 004e 07       		.byte	0x7
 196 004f A0000000 		.4byte	.LASF5
 197 0053 02       		.uleb128 0x2
 198 0054 08       		.byte	0x8
 199 0055 05       		.byte	0x5
 200 0056 00000000 		.4byte	.LASF6
 201 005a 02       		.uleb128 0x2
 202 005b 08       		.byte	0x8
 203 005c 07       		.byte	0x7
 204 005d 06010000 		.4byte	.LASF7
 205 0061 03       		.uleb128 0x3
 206 0062 04       		.byte	0x4
 207 0063 05       		.byte	0x5
 208 0064 696E7400 		.ascii	"int\000"
 209 0068 02       		.uleb128 0x2
 210 0069 04       		.byte	0x4
 211 006a 07       		.byte	0x7
 212 006b F9000000 		.4byte	.LASF8
 213 006f 04       		.uleb128 0x4
 214 0070 63010000 		.4byte	.LASF9
 215 0074 02       		.byte	0x2
 216 0075 4C       		.byte	0x4c
 217 0076 30000000 		.4byte	0x30
 218 007a 04       		.uleb128 0x4
 219 007b E7000000 		.4byte	.LASF10
 220 007f 02       		.byte	0x2
 221 0080 4D       		.byte	0x4d
 222 0081 3E000000 		.4byte	0x3e
 223 0085 02       		.uleb128 0x2
 224 0086 04       		.byte	0x4
 225 0087 04       		.byte	0x4
 226 0088 5C000000 		.4byte	.LASF11
 227 008c 02       		.uleb128 0x2
 228 008d 08       		.byte	0x8
 229 008e 04       		.byte	0x4
 230 008f CE000000 		.4byte	.LASF12
 231 0093 02       		.uleb128 0x2
 232 0094 01       		.byte	0x1
ARM GAS  C:\DOCUME~1\ADMINI~1\LOCALS~1\Temp\ccNCjIo0.s 			page 16


 233 0095 08       		.byte	0x8
 234 0096 49010000 		.4byte	.LASF13
 235 009a 05       		.uleb128 0x5
 236 009b 04       		.byte	0x4
 237 009c 07       		.byte	0x7
 238 009d 06       		.uleb128 0x6
 239 009e 21000000 		.4byte	.LASF31
 240 00a2 0C       		.byte	0xc
 241 00a3 03       		.byte	0x3
 242 00a4 7A       		.byte	0x7a
 243 00a5 28010000 		.4byte	0x128
 244 00a9 07       		.uleb128 0x7
 245 00aa D5000000 		.4byte	.LASF14
 246 00ae 03       		.byte	0x3
 247 00af 7B       		.byte	0x7b
 248 00b0 6F000000 		.4byte	0x6f
 249 00b4 02       		.byte	0x2
 250 00b5 23       		.byte	0x23
 251 00b6 00       		.uleb128 0x0
 252 00b7 07       		.uleb128 0x7
 253 00b8 EE000000 		.4byte	.LASF15
 254 00bc 03       		.byte	0x3
 255 00bd 7C       		.byte	0x7c
 256 00be 6F000000 		.4byte	0x6f
 257 00c2 02       		.byte	0x2
 258 00c3 23       		.byte	0x23
 259 00c4 01       		.uleb128 0x1
 260 00c5 07       		.uleb128 0x7
 261 00c6 1D010000 		.4byte	.LASF16
 262 00ca 03       		.byte	0x3
 263 00cb 7D       		.byte	0x7d
 264 00cc 6F000000 		.4byte	0x6f
 265 00d0 02       		.byte	0x2
 266 00d1 23       		.byte	0x23
 267 00d2 02       		.uleb128 0x2
 268 00d3 07       		.uleb128 0x7
 269 00d4 62000000 		.4byte	.LASF17
 270 00d8 03       		.byte	0x3
 271 00d9 7E       		.byte	0x7e
 272 00da 6F000000 		.4byte	0x6f
 273 00de 02       		.byte	0x2
 274 00df 23       		.byte	0x23
 275 00e0 03       		.uleb128 0x3
 276 00e1 07       		.uleb128 0x7
 277 00e2 B2000000 		.4byte	.LASF18
 278 00e6 03       		.byte	0x3
 279 00e7 7F       		.byte	0x7f
 280 00e8 6F000000 		.4byte	0x6f
 281 00ec 02       		.byte	0x2
 282 00ed 23       		.byte	0x23
 283 00ee 04       		.uleb128 0x4
 284 00ef 07       		.uleb128 0x7
 285 00f0 36010000 		.4byte	.LASF19
 286 00f4 03       		.byte	0x3
 287 00f5 80       		.byte	0x80
 288 00f6 6F000000 		.4byte	0x6f
 289 00fa 02       		.byte	0x2
ARM GAS  C:\DOCUME~1\ADMINI~1\LOCALS~1\Temp\ccNCjIo0.s 			page 17


 290 00fb 23       		.byte	0x23
 291 00fc 05       		.uleb128 0x5
 292 00fd 07       		.uleb128 0x7
 293 00fe DC000000 		.4byte	.LASF20
 294 0102 03       		.byte	0x3
 295 0103 81       		.byte	0x81
 296 0104 7A000000 		.4byte	0x7a
 297 0108 02       		.byte	0x2
 298 0109 23       		.byte	0x23
 299 010a 06       		.uleb128 0x6
 300 010b 07       		.uleb128 0x7
 301 010c 4E010000 		.4byte	.LASF21
 302 0110 03       		.byte	0x3
 303 0111 82       		.byte	0x82
 304 0112 7A000000 		.4byte	0x7a
 305 0116 02       		.byte	0x2
 306 0117 23       		.byte	0x23
 307 0118 08       		.uleb128 0x8
 308 0119 07       		.uleb128 0x7
 309 011a 69010000 		.4byte	.LASF22
 310 011e 03       		.byte	0x3
 311 011f 83       		.byte	0x83
 312 0120 6F000000 		.4byte	0x6f
 313 0124 02       		.byte	0x2
 314 0125 23       		.byte	0x23
 315 0126 0A       		.uleb128 0xa
 316 0127 00       		.byte	0x0
 317 0128 04       		.uleb128 0x4
 318 0129 33000000 		.4byte	.LASF23
 319 012d 03       		.byte	0x3
 320 012e 84       		.byte	0x84
 321 012f 9D000000 		.4byte	0x9d
 322 0133 08       		.uleb128 0x8
 323 0134 01       		.byte	0x1
 324 0135 27010000 		.4byte	.LASF24
 325 0139 01       		.byte	0x1
 326 013a 48       		.byte	0x48
 327 013b 01       		.byte	0x1
 328 013c 00000000 		.4byte	.LFB0
 329 0140 38000000 		.4byte	.LFE0
 330 0144 01       		.byte	0x1
 331 0145 5D       		.byte	0x5d
 332 0146 08       		.uleb128 0x8
 333 0147 01       		.byte	0x1
 334 0148 7C010000 		.4byte	.LASF25
 335 014c 01       		.byte	0x1
 336 014d 89       		.byte	0x89
 337 014e 01       		.byte	0x1
 338 014f 00000000 		.4byte	.LFB1
 339 0153 38000000 		.4byte	.LFE1
 340 0157 01       		.byte	0x1
 341 0158 5D       		.byte	0x5d
 342 0159 09       		.uleb128 0x9
 343 015a 01       		.byte	0x1
 344 015b B7000000 		.4byte	.LASF26
 345 015f 01       		.byte	0x1
 346 0160 4D02     		.2byte	0x24d
ARM GAS  C:\DOCUME~1\ADMINI~1\LOCALS~1\Temp\ccNCjIo0.s 			page 18


 347 0162 01       		.byte	0x1
 348 0163 00000000 		.4byte	.LFB2
 349 0167 02000000 		.4byte	.LFE2
 350 016b 01       		.byte	0x1
 351 016c 5D       		.byte	0x5d
 352 016d 09       		.uleb128 0x9
 353 016e 01       		.byte	0x1
 354 016f 48000000 		.4byte	.LASF27
 355 0173 01       		.byte	0x1
 356 0174 6402     		.2byte	0x264
 357 0176 01       		.byte	0x1
 358 0177 00000000 		.4byte	.LFB3
 359 017b 04000000 		.4byte	.LFE3
 360 017f 01       		.byte	0x1
 361 0180 5D       		.byte	0x5d
 362 0181 0A       		.uleb128 0xa
 363 0182 28010000 		.4byte	0x128
 364 0186 8C010000 		.4byte	0x18c
 365 018a 0B       		.uleb128 0xb
 366 018b 00       		.byte	0x0
 367 018c 0C       		.uleb128 0xc
 368 018d C5000000 		.4byte	.LASF32
 369 0191 01       		.byte	0x1
 370 0192 2B       		.byte	0x2b
 371 0193 99010000 		.4byte	0x199
 372 0197 01       		.byte	0x1
 373 0198 01       		.byte	0x1
 374 0199 0D       		.uleb128 0xd
 375 019a 81010000 		.4byte	0x181
 376 019e 00       		.byte	0x0
 377              		.section	.debug_abbrev
 378 0000 01       		.uleb128 0x1
 379 0001 11       		.uleb128 0x11
 380 0002 01       		.byte	0x1
 381 0003 25       		.uleb128 0x25
 382 0004 0E       		.uleb128 0xe
 383 0005 13       		.uleb128 0x13
 384 0006 0B       		.uleb128 0xb
 385 0007 03       		.uleb128 0x3
 386 0008 0E       		.uleb128 0xe
 387 0009 1B       		.uleb128 0x1b
 388 000a 0E       		.uleb128 0xe
 389 000b 11       		.uleb128 0x11
 390 000c 01       		.uleb128 0x1
 391 000d 52       		.uleb128 0x52
 392 000e 01       		.uleb128 0x1
 393 000f 55       		.uleb128 0x55
 394 0010 06       		.uleb128 0x6
 395 0011 10       		.uleb128 0x10
 396 0012 06       		.uleb128 0x6
 397 0013 00       		.byte	0x0
 398 0014 00       		.byte	0x0
 399 0015 02       		.uleb128 0x2
 400 0016 24       		.uleb128 0x24
 401 0017 00       		.byte	0x0
 402 0018 0B       		.uleb128 0xb
 403 0019 0B       		.uleb128 0xb
ARM GAS  C:\DOCUME~1\ADMINI~1\LOCALS~1\Temp\ccNCjIo0.s 			page 19


 404 001a 3E       		.uleb128 0x3e
 405 001b 0B       		.uleb128 0xb
 406 001c 03       		.uleb128 0x3
 407 001d 0E       		.uleb128 0xe
 408 001e 00       		.byte	0x0
 409 001f 00       		.byte	0x0
 410 0020 03       		.uleb128 0x3
 411 0021 24       		.uleb128 0x24
 412 0022 00       		.byte	0x0
 413 0023 0B       		.uleb128 0xb
 414 0024 0B       		.uleb128 0xb
 415 0025 3E       		.uleb128 0x3e
 416 0026 0B       		.uleb128 0xb
 417 0027 03       		.uleb128 0x3
 418 0028 08       		.uleb128 0x8
 419 0029 00       		.byte	0x0
 420 002a 00       		.byte	0x0
 421 002b 04       		.uleb128 0x4
 422 002c 16       		.uleb128 0x16
 423 002d 00       		.byte	0x0
 424 002e 03       		.uleb128 0x3
 425 002f 0E       		.uleb128 0xe
 426 0030 3A       		.uleb128 0x3a
 427 0031 0B       		.uleb128 0xb
 428 0032 3B       		.uleb128 0x3b
 429 0033 0B       		.uleb128 0xb
 430 0034 49       		.uleb128 0x49
 431 0035 13       		.uleb128 0x13
 432 0036 00       		.byte	0x0
 433 0037 00       		.byte	0x0
 434 0038 05       		.uleb128 0x5
 435 0039 24       		.uleb128 0x24
 436 003a 00       		.byte	0x0
 437 003b 0B       		.uleb128 0xb
 438 003c 0B       		.uleb128 0xb
 439 003d 3E       		.uleb128 0x3e
 440 003e 0B       		.uleb128 0xb
 441 003f 00       		.byte	0x0
 442 0040 00       		.byte	0x0
 443 0041 06       		.uleb128 0x6
 444 0042 13       		.uleb128 0x13
 445 0043 01       		.byte	0x1
 446 0044 03       		.uleb128 0x3
 447 0045 0E       		.uleb128 0xe
 448 0046 0B       		.uleb128 0xb
 449 0047 0B       		.uleb128 0xb
 450 0048 3A       		.uleb128 0x3a
 451 0049 0B       		.uleb128 0xb
 452 004a 3B       		.uleb128 0x3b
 453 004b 0B       		.uleb128 0xb
 454 004c 01       		.uleb128 0x1
 455 004d 13       		.uleb128 0x13
 456 004e 00       		.byte	0x0
 457 004f 00       		.byte	0x0
 458 0050 07       		.uleb128 0x7
 459 0051 0D       		.uleb128 0xd
 460 0052 00       		.byte	0x0
ARM GAS  C:\DOCUME~1\ADMINI~1\LOCALS~1\Temp\ccNCjIo0.s 			page 20


 461 0053 03       		.uleb128 0x3
 462 0054 0E       		.uleb128 0xe
 463 0055 3A       		.uleb128 0x3a
 464 0056 0B       		.uleb128 0xb
 465 0057 3B       		.uleb128 0x3b
 466 0058 0B       		.uleb128 0xb
 467 0059 49       		.uleb128 0x49
 468 005a 13       		.uleb128 0x13
 469 005b 38       		.uleb128 0x38
 470 005c 0A       		.uleb128 0xa
 471 005d 00       		.byte	0x0
 472 005e 00       		.byte	0x0
 473 005f 08       		.uleb128 0x8
 474 0060 2E       		.uleb128 0x2e
 475 0061 00       		.byte	0x0
 476 0062 3F       		.uleb128 0x3f
 477 0063 0C       		.uleb128 0xc
 478 0064 03       		.uleb128 0x3
 479 0065 0E       		.uleb128 0xe
 480 0066 3A       		.uleb128 0x3a
 481 0067 0B       		.uleb128 0xb
 482 0068 3B       		.uleb128 0x3b
 483 0069 0B       		.uleb128 0xb
 484 006a 27       		.uleb128 0x27
 485 006b 0C       		.uleb128 0xc
 486 006c 11       		.uleb128 0x11
 487 006d 01       		.uleb128 0x1
 488 006e 12       		.uleb128 0x12
 489 006f 01       		.uleb128 0x1
 490 0070 40       		.uleb128 0x40
 491 0071 0A       		.uleb128 0xa
 492 0072 00       		.byte	0x0
 493 0073 00       		.byte	0x0
 494 0074 09       		.uleb128 0x9
 495 0075 2E       		.uleb128 0x2e
 496 0076 00       		.byte	0x0
 497 0077 3F       		.uleb128 0x3f
 498 0078 0C       		.uleb128 0xc
 499 0079 03       		.uleb128 0x3
 500 007a 0E       		.uleb128 0xe
 501 007b 3A       		.uleb128 0x3a
 502 007c 0B       		.uleb128 0xb
 503 007d 3B       		.uleb128 0x3b
 504 007e 05       		.uleb128 0x5
 505 007f 27       		.uleb128 0x27
 506 0080 0C       		.uleb128 0xc
 507 0081 11       		.uleb128 0x11
 508 0082 01       		.uleb128 0x1
 509 0083 12       		.uleb128 0x12
 510 0084 01       		.uleb128 0x1
 511 0085 40       		.uleb128 0x40
 512 0086 0A       		.uleb128 0xa
 513 0087 00       		.byte	0x0
 514 0088 00       		.byte	0x0
 515 0089 0A       		.uleb128 0xa
 516 008a 01       		.uleb128 0x1
 517 008b 01       		.byte	0x1
ARM GAS  C:\DOCUME~1\ADMINI~1\LOCALS~1\Temp\ccNCjIo0.s 			page 21


 518 008c 49       		.uleb128 0x49
 519 008d 13       		.uleb128 0x13
 520 008e 01       		.uleb128 0x1
 521 008f 13       		.uleb128 0x13
 522 0090 00       		.byte	0x0
 523 0091 00       		.byte	0x0
 524 0092 0B       		.uleb128 0xb
 525 0093 21       		.uleb128 0x21
 526 0094 00       		.byte	0x0
 527 0095 00       		.byte	0x0
 528 0096 00       		.byte	0x0
 529 0097 0C       		.uleb128 0xc
 530 0098 34       		.uleb128 0x34
 531 0099 00       		.byte	0x0
 532 009a 03       		.uleb128 0x3
 533 009b 0E       		.uleb128 0xe
 534 009c 3A       		.uleb128 0x3a
 535 009d 0B       		.uleb128 0xb
 536 009e 3B       		.uleb128 0x3b
 537 009f 0B       		.uleb128 0xb
 538 00a0 49       		.uleb128 0x49
 539 00a1 13       		.uleb128 0x13
 540 00a2 3F       		.uleb128 0x3f
 541 00a3 0C       		.uleb128 0xc
 542 00a4 3C       		.uleb128 0x3c
 543 00a5 0C       		.uleb128 0xc
 544 00a6 00       		.byte	0x0
 545 00a7 00       		.byte	0x0
 546 00a8 0D       		.uleb128 0xd
 547 00a9 35       		.uleb128 0x35
 548 00aa 00       		.byte	0x0
 549 00ab 49       		.uleb128 0x49
 550 00ac 13       		.uleb128 0x13
 551 00ad 00       		.byte	0x0
 552 00ae 00       		.byte	0x0
 553 00af 00       		.byte	0x0
 554              		.section	.debug_pubnames,"",%progbits
 555 0000 5E000000 		.4byte	0x5e
 556 0004 0200     		.2byte	0x2
 557 0006 00000000 		.4byte	.Ldebug_info0
 558 000a 9F010000 		.4byte	0x19f
 559 000e 33010000 		.4byte	0x133
 560 0012 55534246 		.ascii	"USBFS_EP_1_ISR\000"
 560      535F4550 
 560      5F315F49 
 560      535200
 561 0021 46010000 		.4byte	0x146
 562 0025 55534246 		.ascii	"USBFS_EP_2_ISR\000"
 562      535F4550 
 562      5F325F49 
 562      535200
 563 0034 59010000 		.4byte	0x159
 564 0038 55534246 		.ascii	"USBFS_SOF_ISR\000"
 564      535F534F 
 564      465F4953 
 564      5200
 565 0046 6D010000 		.4byte	0x16d
ARM GAS  C:\DOCUME~1\ADMINI~1\LOCALS~1\Temp\ccNCjIo0.s 			page 22


 566 004a 55534246 		.ascii	"USBFS_BUS_RESET_ISR\000"
 566      535F4255 
 566      535F5245 
 566      5345545F 
 566      49535200 
 567 005e 00000000 		.4byte	0x0
 568              		.section	.debug_aranges,"",%progbits
 569 0000 34000000 		.4byte	0x34
 570 0004 0200     		.2byte	0x2
 571 0006 00000000 		.4byte	.Ldebug_info0
 572 000a 04       		.byte	0x4
 573 000b 00       		.byte	0x0
 574 000c 0000     		.2byte	0x0
 575 000e 0000     		.2byte	0x0
 576 0010 00000000 		.4byte	.LFB0
 577 0014 38000000 		.4byte	.LFE0-.LFB0
 578 0018 00000000 		.4byte	.LFB1
 579 001c 38000000 		.4byte	.LFE1-.LFB1
 580 0020 00000000 		.4byte	.LFB2
 581 0024 02000000 		.4byte	.LFE2-.LFB2
 582 0028 00000000 		.4byte	.LFB3
 583 002c 04000000 		.4byte	.LFE3-.LFB3
 584 0030 00000000 		.4byte	0x0
 585 0034 00000000 		.4byte	0x0
 586              		.section	.debug_ranges,"",%progbits
 587              	.Ldebug_ranges0:
 588 0000 00000000 		.4byte	.Ltext0
 589 0004 00000000 		.4byte	.Letext0
 590 0008 00000000 		.4byte	.LFB0
 591 000c 38000000 		.4byte	.LFE0
 592 0010 00000000 		.4byte	.LFB1
 593 0014 38000000 		.4byte	.LFE1
 594 0018 00000000 		.4byte	.LFB2
 595 001c 02000000 		.4byte	.LFE2
 596 0020 00000000 		.4byte	.LFB3
 597 0024 04000000 		.4byte	.LFE3
 598 0028 00000000 		.4byte	0x0
 599 002c 00000000 		.4byte	0x0
 600              		.section	.debug_str,"MS",%progbits,1
 601              	.LASF6:
 602 0000 6C6F6E67 		.ascii	"long long int\000"
 602      206C6F6E 
 602      6720696E 
 602      7400
 603              	.LASF3:
 604 000e 73686F72 		.ascii	"short unsigned int\000"
 604      7420756E 
 604      7369676E 
 604      65642069 
 604      6E7400
 605              	.LASF31:
 606 0021 5F555342 		.ascii	"_USBFS_EpCtlBlock\000"
 606      46535F45 
 606      7043746C 
 606      426C6F63 
 606      6B00
 607              	.LASF23:
ARM GAS  C:\DOCUME~1\ADMINI~1\LOCALS~1\Temp\ccNCjIo0.s 			page 23


 608 0033 545F5553 		.ascii	"T_USBFS_EP_CTL_BLOCK\000"
 608      4246535F 
 608      45505F43 
 608      544C5F42 
 608      4C4F434B 
 609              	.LASF27:
 610 0048 55534246 		.ascii	"USBFS_BUS_RESET_ISR\000"
 610      535F4255 
 610      535F5245 
 610      5345545F 
 610      49535200 
 611              	.LASF11:
 612 005c 666C6F61 		.ascii	"float\000"
 612      7400
 613              	.LASF17:
 614 0062 6570546F 		.ascii	"epToggle\000"
 614      67676C65 
 614      00
 615              	.LASF1:
 616 006b 756E7369 		.ascii	"unsigned char\000"
 616      676E6564 
 616      20636861 
 616      7200
 617              	.LASF29:
 618 0079 2E5C4765 		.ascii	".\\Generated_Source\\PSoC5\\USBFS_episr.c\000"
 618      6E657261 
 618      7465645F 
 618      536F7572 
 618      63655C50 
 619              	.LASF5:
 620 00a0 6C6F6E67 		.ascii	"long unsigned int\000"
 620      20756E73 
 620      69676E65 
 620      6420696E 
 620      7400
 621              	.LASF18:
 622 00b2 61646472 		.ascii	"addr\000"
 622      00
 623              	.LASF26:
 624 00b7 55534246 		.ascii	"USBFS_SOF_ISR\000"
 624      535F534F 
 624      465F4953 
 624      5200
 625              	.LASF32:
 626 00c5 55534246 		.ascii	"USBFS_EP\000"
 626      535F4550 
 626      00
 627              	.LASF12:
 628 00ce 646F7562 		.ascii	"double\000"
 628      6C6500
 629              	.LASF14:
 630 00d5 61747472 		.ascii	"attrib\000"
 630      696200
 631              	.LASF20:
 632 00dc 62756666 		.ascii	"buffOffset\000"
 632      4F666673 
 632      657400
ARM GAS  C:\DOCUME~1\ADMINI~1\LOCALS~1\Temp\ccNCjIo0.s 			page 24


 633              	.LASF10:
 634 00e7 75696E74 		.ascii	"uint16\000"
 634      313600
 635              	.LASF15:
 636 00ee 61706945 		.ascii	"apiEpState\000"
 636      70537461 
 636      746500
 637              	.LASF8:
 638 00f9 756E7369 		.ascii	"unsigned int\000"
 638      676E6564 
 638      20696E74 
 638      00
 639              	.LASF7:
 640 0106 6C6F6E67 		.ascii	"long long unsigned int\000"
 640      206C6F6E 
 640      6720756E 
 640      7369676E 
 640      65642069 
 641              	.LASF16:
 642 011d 68774570 		.ascii	"hwEpState\000"
 642      53746174 
 642      6500
 643              	.LASF24:
 644 0127 55534246 		.ascii	"USBFS_EP_1_ISR\000"
 644      535F4550 
 644      5F315F49 
 644      535200
 645              	.LASF19:
 646 0136 65704D6F 		.ascii	"epMode\000"
 646      646500
 647              	.LASF28:
 648 013d 474E5520 		.ascii	"GNU C 4.4.1\000"
 648      4320342E 
 648      342E3100 
 649              	.LASF13:
 650 0149 63686172 		.ascii	"char\000"
 650      00
 651              	.LASF21:
 652 014e 62756666 		.ascii	"bufferSize\000"
 652      65725369 
 652      7A6500
 653              	.LASF2:
 654 0159 73686F72 		.ascii	"short int\000"
 654      7420696E 
 654      7400
 655              	.LASF9:
 656 0163 75696E74 		.ascii	"uint8\000"
 656      3800
 657              	.LASF22:
 658 0169 696E7465 		.ascii	"interface\000"
 658      72666163 
 658      6500
 659              	.LASF4:
 660 0173 6C6F6E67 		.ascii	"long int\000"
 660      20696E74 
 660      00
 661              	.LASF25:
ARM GAS  C:\DOCUME~1\ADMINI~1\LOCALS~1\Temp\ccNCjIo0.s 			page 25


 662 017c 55534246 		.ascii	"USBFS_EP_2_ISR\000"
 662      535F4550 
 662      5F325F49 
 662      535200
 663              	.LASF0:
 664 018b 7369676E 		.ascii	"signed char\000"
 664      65642063 
 664      68617200 
 665              	.LASF30:
 666 0197 5C5C7073 		.ascii	"\\\\psf\\Home\\Desktop\\USB-Audio-PSOC5LP\\Firmware"
 666      665C486F 
 666      6D655C44 
 666      65736B74 
 666      6F705C55 
 667 01c4 5C4B6974 		.ascii	"\\KitProg version 2_03\\KitProg\\KitProg_Bootloader"
 667      50726F67 
 667      20766572 
 667      73696F6E 
 667      20325F30 
 668 01f4 2E637964 		.ascii	".cydsn\000"
 668      736E00
 669              		.ident	"GCC: (Sourcery G++ Lite 2010q1-188) 4.4.1"
