ARM GAS  C:\DOCUME~1\ADMINI~1\LOCALS~1\Temp\ccu4IdVL.s 			page 1


   1              		.syntax unified
   2              		.cpu cortex-m3
   3              		.fpu softvfp
   4              		.eabi_attribute 20, 1
   5              		.eabi_attribute 21, 1
   6              		.eabi_attribute 23, 3
   7              		.eabi_attribute 24, 1
   8              		.eabi_attribute 25, 1
   9              		.eabi_attribute 26, 1
  10              		.eabi_attribute 30, 4
  11              		.eabi_attribute 18, 4
  12              		.thumb
  13              		.file	"USBFS_boot.c"
  14              		.section	.debug_abbrev,"",%progbits
  15              	.Ldebug_abbrev0:
  16              		.section	.debug_info,"",%progbits
  17              	.Ldebug_info0:
  18              		.section	.debug_line,"",%progbits
  19              	.Ldebug_line0:
  20 0000 F4000000 		.text
  20      02006300 
  20      00000201 
  20      FB0E0D00 
  20      01010101 
  21              	.Ltext0:
  22              		.cfi_sections	.debug_frame
  23              		.section	.text.USBFS_CyBtldrCommWrite,"ax",%progbits
  24              		.align	1
  25              		.global	USBFS_CyBtldrCommWrite
  26              		.thumb
  27              		.thumb_func
  28              		.type	USBFS_CyBtldrCommWrite, %function
  29              	USBFS_CyBtldrCommWrite:
  30              	.LFB3:
  31              		.file 1 ".\\Generated_Source\\PSoC5\\USBFS_boot.c"
   1:.\Generated_Source\PSoC5/USBFS_boot.c **** /*******************************************************************************
   2:.\Generated_Source\PSoC5/USBFS_boot.c **** * File Name: USBFS_boot.c
   3:.\Generated_Source\PSoC5/USBFS_boot.c **** * Version 2.51
   4:.\Generated_Source\PSoC5/USBFS_boot.c **** *
   5:.\Generated_Source\PSoC5/USBFS_boot.c **** * Description:
   6:.\Generated_Source\PSoC5/USBFS_boot.c **** *  Boot loader API for USBFS Component.
   7:.\Generated_Source\PSoC5/USBFS_boot.c **** *
   8:.\Generated_Source\PSoC5/USBFS_boot.c **** *  Note:
   9:.\Generated_Source\PSoC5/USBFS_boot.c **** *
  10:.\Generated_Source\PSoC5/USBFS_boot.c **** ********************************************************************************
  11:.\Generated_Source\PSoC5/USBFS_boot.c **** * Copyright 2008-2012, Cypress Semiconductor Corporation.  All rights reserved.
  12:.\Generated_Source\PSoC5/USBFS_boot.c **** * You may use this file only in accordance with the license, terms, conditions,
  13:.\Generated_Source\PSoC5/USBFS_boot.c **** * disclaimers, and limitations in the end user license agreement accompanying
  14:.\Generated_Source\PSoC5/USBFS_boot.c **** * the software package with which this file was provided.
  15:.\Generated_Source\PSoC5/USBFS_boot.c **** *******************************************************************************/
  16:.\Generated_Source\PSoC5/USBFS_boot.c **** 
  17:.\Generated_Source\PSoC5/USBFS_boot.c **** #include "USBFS.h"
  18:.\Generated_Source\PSoC5/USBFS_boot.c **** 
  19:.\Generated_Source\PSoC5/USBFS_boot.c **** #if defined(CYDEV_BOOTLOADER_IO_COMP) && ((CYDEV_BOOTLOADER_IO_COMP == CyBtldr_USBFS) || \
  20:.\Generated_Source\PSoC5/USBFS_boot.c ****                                           (CYDEV_BOOTLOADER_IO_COMP == CyBtldr_Custom_Interface))
  21:.\Generated_Source\PSoC5/USBFS_boot.c **** 
  22:.\Generated_Source\PSoC5/USBFS_boot.c **** 
ARM GAS  C:\DOCUME~1\ADMINI~1\LOCALS~1\Temp\ccu4IdVL.s 			page 2


  23:.\Generated_Source\PSoC5/USBFS_boot.c **** /***************************************
  24:.\Generated_Source\PSoC5/USBFS_boot.c **** *    Bootloader defines
  25:.\Generated_Source\PSoC5/USBFS_boot.c **** ***************************************/
  26:.\Generated_Source\PSoC5/USBFS_boot.c **** 
  27:.\Generated_Source\PSoC5/USBFS_boot.c **** #define USBFS_CyBtLdrStarttimer(X, T)         {USBFS_universalTime = T * 10; X = 0u;}
  28:.\Generated_Source\PSoC5/USBFS_boot.c **** #define USBFS_CyBtLdrChecktimer(X)            ((X++ < USBFS_universalTime) ? 1u : 0u)
  29:.\Generated_Source\PSoC5/USBFS_boot.c **** 
  30:.\Generated_Source\PSoC5/USBFS_boot.c **** #define USBFS_BTLDR_OUT_EP      (0x01u)
  31:.\Generated_Source\PSoC5/USBFS_boot.c **** #define USBFS_BTLDR_IN_EP       (0x02u)
  32:.\Generated_Source\PSoC5/USBFS_boot.c **** 
  33:.\Generated_Source\PSoC5/USBFS_boot.c **** 
  34:.\Generated_Source\PSoC5/USBFS_boot.c **** /***************************************
  35:.\Generated_Source\PSoC5/USBFS_boot.c **** *    Bootloader Variables
  36:.\Generated_Source\PSoC5/USBFS_boot.c **** ***************************************/
  37:.\Generated_Source\PSoC5/USBFS_boot.c **** 
  38:.\Generated_Source\PSoC5/USBFS_boot.c **** uint16 USBFS_universalTime = 0u;
  39:.\Generated_Source\PSoC5/USBFS_boot.c **** uint8 USBFS_started = 0u;
  40:.\Generated_Source\PSoC5/USBFS_boot.c **** 
  41:.\Generated_Source\PSoC5/USBFS_boot.c **** 
  42:.\Generated_Source\PSoC5/USBFS_boot.c **** /*******************************************************************************
  43:.\Generated_Source\PSoC5/USBFS_boot.c **** * Function Name: USBFS_CyBtldrCommStart
  44:.\Generated_Source\PSoC5/USBFS_boot.c **** ********************************************************************************
  45:.\Generated_Source\PSoC5/USBFS_boot.c **** *
  46:.\Generated_Source\PSoC5/USBFS_boot.c **** * Summary:
  47:.\Generated_Source\PSoC5/USBFS_boot.c **** *  Starts the component and enables the interupt.
  48:.\Generated_Source\PSoC5/USBFS_boot.c **** *
  49:.\Generated_Source\PSoC5/USBFS_boot.c **** * Parameters:
  50:.\Generated_Source\PSoC5/USBFS_boot.c **** *  None.
  51:.\Generated_Source\PSoC5/USBFS_boot.c **** *
  52:.\Generated_Source\PSoC5/USBFS_boot.c **** * Return:
  53:.\Generated_Source\PSoC5/USBFS_boot.c **** *  None.
  54:.\Generated_Source\PSoC5/USBFS_boot.c **** *
  55:.\Generated_Source\PSoC5/USBFS_boot.c **** * Side Effects:
  56:.\Generated_Source\PSoC5/USBFS_boot.c **** *  This function starts the USB with 3V or 5V operation.
  57:.\Generated_Source\PSoC5/USBFS_boot.c **** *
  58:.\Generated_Source\PSoC5/USBFS_boot.c **** * Reentrant:
  59:.\Generated_Source\PSoC5/USBFS_boot.c **** *  No.
  60:.\Generated_Source\PSoC5/USBFS_boot.c **** *
  61:.\Generated_Source\PSoC5/USBFS_boot.c **** *******************************************************************************/
  62:.\Generated_Source\PSoC5/USBFS_boot.c **** void USBFS_CyBtldrCommStart(void) 
  63:.\Generated_Source\PSoC5/USBFS_boot.c **** {
  64:.\Generated_Source\PSoC5/USBFS_boot.c ****     CyGlobalIntEnable;      /* Enable Global Interrupts */
  65:.\Generated_Source\PSoC5/USBFS_boot.c **** 
  66:.\Generated_Source\PSoC5/USBFS_boot.c ****     /*Start USBFS Operation/device 0 and with 5V or 3V operation depend on Voltage Congiguration in
  67:.\Generated_Source\PSoC5/USBFS_boot.c ****     USBFS_Start(0u, USBFS_DWR_VDDD_OPERATION);
  68:.\Generated_Source\PSoC5/USBFS_boot.c **** 
  69:.\Generated_Source\PSoC5/USBFS_boot.c ****     /* USB componet started, the correct enumeration will be checked in first Read operation */
  70:.\Generated_Source\PSoC5/USBFS_boot.c ****     USBFS_started = 1u;
  71:.\Generated_Source\PSoC5/USBFS_boot.c **** 
  72:.\Generated_Source\PSoC5/USBFS_boot.c **** }
  73:.\Generated_Source\PSoC5/USBFS_boot.c **** 
  74:.\Generated_Source\PSoC5/USBFS_boot.c **** 
  75:.\Generated_Source\PSoC5/USBFS_boot.c **** /*******************************************************************************
  76:.\Generated_Source\PSoC5/USBFS_boot.c **** * Function Name: USBFS_CyBtldrCommStop.
  77:.\Generated_Source\PSoC5/USBFS_boot.c **** ********************************************************************************
  78:.\Generated_Source\PSoC5/USBFS_boot.c **** *
  79:.\Generated_Source\PSoC5/USBFS_boot.c **** * Summary:
ARM GAS  C:\DOCUME~1\ADMINI~1\LOCALS~1\Temp\ccu4IdVL.s 			page 3


  80:.\Generated_Source\PSoC5/USBFS_boot.c **** *  Disable the component and disable the interrupt.
  81:.\Generated_Source\PSoC5/USBFS_boot.c **** *
  82:.\Generated_Source\PSoC5/USBFS_boot.c **** * Parameters:
  83:.\Generated_Source\PSoC5/USBFS_boot.c **** *  None.
  84:.\Generated_Source\PSoC5/USBFS_boot.c **** *
  85:.\Generated_Source\PSoC5/USBFS_boot.c **** * Return:
  86:.\Generated_Source\PSoC5/USBFS_boot.c **** *  None.
  87:.\Generated_Source\PSoC5/USBFS_boot.c **** *
  88:.\Generated_Source\PSoC5/USBFS_boot.c **** *******************************************************************************/
  89:.\Generated_Source\PSoC5/USBFS_boot.c **** void USBFS_CyBtldrCommStop(void) 
  90:.\Generated_Source\PSoC5/USBFS_boot.c **** {
  91:.\Generated_Source\PSoC5/USBFS_boot.c ****     USBFS_Stop();
  92:.\Generated_Source\PSoC5/USBFS_boot.c **** }
  93:.\Generated_Source\PSoC5/USBFS_boot.c **** 
  94:.\Generated_Source\PSoC5/USBFS_boot.c **** 
  95:.\Generated_Source\PSoC5/USBFS_boot.c **** /*******************************************************************************
  96:.\Generated_Source\PSoC5/USBFS_boot.c **** * Function Name: USBFS_CyBtldrCommReset.
  97:.\Generated_Source\PSoC5/USBFS_boot.c **** ********************************************************************************
  98:.\Generated_Source\PSoC5/USBFS_boot.c **** *
  99:.\Generated_Source\PSoC5/USBFS_boot.c **** * Summary:
 100:.\Generated_Source\PSoC5/USBFS_boot.c **** *  Resets the receive and transmit communication Buffers.
 101:.\Generated_Source\PSoC5/USBFS_boot.c **** *
 102:.\Generated_Source\PSoC5/USBFS_boot.c **** * Parameters:
 103:.\Generated_Source\PSoC5/USBFS_boot.c **** *  None.
 104:.\Generated_Source\PSoC5/USBFS_boot.c **** *
 105:.\Generated_Source\PSoC5/USBFS_boot.c **** * Return:
 106:.\Generated_Source\PSoC5/USBFS_boot.c **** *  None.
 107:.\Generated_Source\PSoC5/USBFS_boot.c **** *
 108:.\Generated_Source\PSoC5/USBFS_boot.c **** * Reentrant:
 109:.\Generated_Source\PSoC5/USBFS_boot.c **** *  No.
 110:.\Generated_Source\PSoC5/USBFS_boot.c **** *
 111:.\Generated_Source\PSoC5/USBFS_boot.c **** *******************************************************************************/
 112:.\Generated_Source\PSoC5/USBFS_boot.c **** void USBFS_CyBtldrCommReset(void) 
 113:.\Generated_Source\PSoC5/USBFS_boot.c **** {
 114:.\Generated_Source\PSoC5/USBFS_boot.c ****     USBFS_EnableOutEP(USBFS_BTLDR_OUT_EP);  /* Enable the OUT endpoint */
 115:.\Generated_Source\PSoC5/USBFS_boot.c **** }
 116:.\Generated_Source\PSoC5/USBFS_boot.c **** 
 117:.\Generated_Source\PSoC5/USBFS_boot.c **** 
 118:.\Generated_Source\PSoC5/USBFS_boot.c **** /*******************************************************************************
 119:.\Generated_Source\PSoC5/USBFS_boot.c **** * Function Name: USBFS_CyBtldrCommWrite.
 120:.\Generated_Source\PSoC5/USBFS_boot.c **** ********************************************************************************
 121:.\Generated_Source\PSoC5/USBFS_boot.c **** *
 122:.\Generated_Source\PSoC5/USBFS_boot.c **** * Summary:
 123:.\Generated_Source\PSoC5/USBFS_boot.c **** *  Allows the caller to write data to the boot loader host. The function will
 124:.\Generated_Source\PSoC5/USBFS_boot.c **** *  handle polling to allow a block of data to be completely sent to the host
 125:.\Generated_Source\PSoC5/USBFS_boot.c **** *  device.
 126:.\Generated_Source\PSoC5/USBFS_boot.c **** *
 127:.\Generated_Source\PSoC5/USBFS_boot.c **** * Parameters:
 128:.\Generated_Source\PSoC5/USBFS_boot.c **** *  pData:    A pointer to the block of data to send to the device
 129:.\Generated_Source\PSoC5/USBFS_boot.c **** *  size:     The number of bytes to write.
 130:.\Generated_Source\PSoC5/USBFS_boot.c **** *  count:    Pointer to an unsigned short variable to write the number of
 131:.\Generated_Source\PSoC5/USBFS_boot.c **** *             bytes actually written.
 132:.\Generated_Source\PSoC5/USBFS_boot.c **** *  timeOut:  Number of units to wait before returning because of a timeout.
 133:.\Generated_Source\PSoC5/USBFS_boot.c **** *
 134:.\Generated_Source\PSoC5/USBFS_boot.c **** * Return:
 135:.\Generated_Source\PSoC5/USBFS_boot.c **** *  Returns the value that best describes the problem.
 136:.\Generated_Source\PSoC5/USBFS_boot.c **** *
ARM GAS  C:\DOCUME~1\ADMINI~1\LOCALS~1\Temp\ccu4IdVL.s 			page 4


 137:.\Generated_Source\PSoC5/USBFS_boot.c **** * Reentrant:
 138:.\Generated_Source\PSoC5/USBFS_boot.c **** *  No.
 139:.\Generated_Source\PSoC5/USBFS_boot.c **** *
 140:.\Generated_Source\PSoC5/USBFS_boot.c **** *******************************************************************************/
 141:.\Generated_Source\PSoC5/USBFS_boot.c **** cystatus USBFS_CyBtldrCommWrite(uint8 *pData, uint16 size, uint16 *count, uint8 timeOut) CYSMALL
 142:.\Generated_Source\PSoC5/USBFS_boot.c ****                                                             
 143:.\Generated_Source\PSoC5/USBFS_boot.c **** {
  32              		.loc 1 143 0
  33              		.cfi_startproc
  34              		@ args = 0, pretend = 0, frame = 0
  35              		@ frame_needed = 0, uses_anonymous_args = 0
  36              	.LVL0:
  37 0000 8446     		mov	ip, r0
  38 0002 70B5     		push	{r4, r5, r6, lr}
  39              	.LCFI0:
  40              		.cfi_def_cfa_offset 16
 144:.\Generated_Source\PSoC5/USBFS_boot.c ****     uint16 time;
 145:.\Generated_Source\PSoC5/USBFS_boot.c ****     cystatus status;
 146:.\Generated_Source\PSoC5/USBFS_boot.c **** 
 147:.\Generated_Source\PSoC5/USBFS_boot.c ****     /* Enable IN transfer */
 148:.\Generated_Source\PSoC5/USBFS_boot.c ****     USBFS_LoadInEP(USBFS_BTLDR_IN_EP, pData, USBFS_BTLDR_SIZEOF_READ_BUFFER);
  41              		.loc 1 148 0
  42 0004 0220     		movs	r0, #2
  43              	.LVL1:
  44              		.loc 1 143 0
  45 0006 0D46     		mov	r5, r1
  46              		.cfi_offset 14, -4
  47              		.cfi_offset 6, -8
  48              		.cfi_offset 5, -12
  49              		.cfi_offset 4, -16
  50 0008 1446     		mov	r4, r2
  51              		.loc 1 148 0
  52 000a 6146     		mov	r1, ip
  53              	.LVL2:
  54 000c 4022     		movs	r2, #64
  55              	.LVL3:
  56              		.loc 1 143 0
  57 000e 1E46     		mov	r6, r3
  58              		.loc 1 148 0
  59 0010 FFF7FEFF 		bl	USBFS_LoadInEP
  60              	.LVL4:
 149:.\Generated_Source\PSoC5/USBFS_boot.c **** 
 150:.\Generated_Source\PSoC5/USBFS_boot.c ****     /* Start a timer to wait on. */
 151:.\Generated_Source\PSoC5/USBFS_boot.c ****     USBFS_CyBtLdrStarttimer(time, timeOut);
  61              		.loc 1 151 0
  62 0014 0A23     		movs	r3, #10
  63 0016 5E43     		muls	r6, r3, r6
  64              	.LVL5:
  65 0018 0C4B     		ldr	r3, .L9
  66 001a 1E80     		strh	r6, [r3, #0]	@ movhi
  67 001c 0026     		movs	r6, #0
  68              	.LVL6:
 152:.\Generated_Source\PSoC5/USBFS_boot.c **** 
 153:.\Generated_Source\PSoC5/USBFS_boot.c ****     /* Wait for the master to read it. */
 154:.\Generated_Source\PSoC5/USBFS_boot.c ****     while((USBFS_GetEPState(USBFS_BTLDR_IN_EP) == USBFS_IN_BUFFER_FULL) && \
  69              		.loc 1 154 0
  70 001e 04E0     		b	.L2
ARM GAS  C:\DOCUME~1\ADMINI~1\LOCALS~1\Temp\ccu4IdVL.s 			page 5


  71              	.L4:
 155:.\Generated_Source\PSoC5/USBFS_boot.c ****            USBFS_CyBtLdrChecktimer(time))
  72              		.loc 1 155 0
  73 0020 0136     		adds	r6, r6, #1
  74              	.LVL7:
 156:.\Generated_Source\PSoC5/USBFS_boot.c ****     {
 157:.\Generated_Source\PSoC5/USBFS_boot.c ****         CyDelay(1); /* 1ms delay */
  75              		.loc 1 157 0
  76 0022 0120     		movs	r0, #1
  77              		.loc 1 155 0
  78 0024 B6B2     		uxth	r6, r6
  79              	.LVL8:
  80              		.loc 1 157 0
  81 0026 FFF7FEFF 		bl	CyDelay
  82              	.L2:
  83              		.loc 1 154 0
  84 002a 0220     		movs	r0, #2
  85 002c FFF7FEFF 		bl	USBFS_GetEPState
  86 0030 18B9     		cbnz	r0, .L3
  87 0032 064B     		ldr	r3, .L9
  88 0034 1B88     		ldrh	r3, [r3, #0]
  89 0036 B342     		cmp	r3, r6
  90 0038 F2D8     		bhi	.L4
  91              	.L3:
 158:.\Generated_Source\PSoC5/USBFS_boot.c ****     }
 159:.\Generated_Source\PSoC5/USBFS_boot.c **** 
 160:.\Generated_Source\PSoC5/USBFS_boot.c ****     if (USBFS_GetEPState(USBFS_BTLDR_IN_EP) == USBFS_IN_BUFFER_FULL)
  92              		.loc 1 160 0
  93 003a 0220     		movs	r0, #2
  94 003c FFF7FEFF 		bl	USBFS_GetEPState
  95 0040 08B9     		cbnz	r0, .L5
  96 0042 1030     		adds	r0, r0, #16
  97              	.LVL9:
  98 0044 70BD     		pop	{r4, r5, r6, pc}
  99              	.LVL10:
 100              	.L5:
 161:.\Generated_Source\PSoC5/USBFS_boot.c ****     {
 162:.\Generated_Source\PSoC5/USBFS_boot.c ****         status = CYRET_TIMEOUT;
 163:.\Generated_Source\PSoC5/USBFS_boot.c ****     }
 164:.\Generated_Source\PSoC5/USBFS_boot.c ****     else
 165:.\Generated_Source\PSoC5/USBFS_boot.c ****     {
 166:.\Generated_Source\PSoC5/USBFS_boot.c ****         *count = size;
 101              		.loc 1 166 0
 102 0046 2580     		strh	r5, [r4, #0]	@ movhi
 103 0048 0020     		movs	r0, #0
 104              	.LVL11:
 105              	.LVL12:
 167:.\Generated_Source\PSoC5/USBFS_boot.c ****         status = CYRET_SUCCESS;
 168:.\Generated_Source\PSoC5/USBFS_boot.c ****     }
 169:.\Generated_Source\PSoC5/USBFS_boot.c **** 
 170:.\Generated_Source\PSoC5/USBFS_boot.c ****     return(status);
 171:.\Generated_Source\PSoC5/USBFS_boot.c **** }
 106              		.loc 1 171 0
 107 004a 70BD     		pop	{r4, r5, r6, pc}
 108              	.L10:
 109              		.align	2
 110              	.L9:
ARM GAS  C:\DOCUME~1\ADMINI~1\LOCALS~1\Temp\ccu4IdVL.s 			page 6


 111 004c 00000000 		.word	.LANCHOR0
 112              		.cfi_endproc
 113              	.LFE3:
 114              		.size	USBFS_CyBtldrCommWrite, .-USBFS_CyBtldrCommWrite
 115              		.section	.text.USBFS_CyBtldrCommReset,"ax",%progbits
 116              		.align	1
 117              		.global	USBFS_CyBtldrCommReset
 118              		.thumb
 119              		.thumb_func
 120              		.type	USBFS_CyBtldrCommReset, %function
 121              	USBFS_CyBtldrCommReset:
 122              	.LFB2:
 123              		.loc 1 113 0
 124              		.cfi_startproc
 125              		@ args = 0, pretend = 0, frame = 0
 126              		@ frame_needed = 0, uses_anonymous_args = 0
 127              		@ link register save eliminated.
 128              		.loc 1 114 0
 129 0000 0120     		movs	r0, #1
 130              		.loc 1 115 0
 131              		.loc 1 114 0
 132 0002 FFF7FEBF 		b	USBFS_EnableOutEP
 133              		.cfi_endproc
 134              	.LFE2:
 135              		.size	USBFS_CyBtldrCommReset, .-USBFS_CyBtldrCommReset
 136              		.section	.text.USBFS_CyBtldrCommRead,"ax",%progbits
 137              		.align	1
 138              		.global	USBFS_CyBtldrCommRead
 139              		.thumb
 140              		.thumb_func
 141              		.type	USBFS_CyBtldrCommRead, %function
 142              	USBFS_CyBtldrCommRead:
 143              	.LFB4:
 172:.\Generated_Source\PSoC5/USBFS_boot.c **** 
 173:.\Generated_Source\PSoC5/USBFS_boot.c **** 
 174:.\Generated_Source\PSoC5/USBFS_boot.c **** /*******************************************************************************
 175:.\Generated_Source\PSoC5/USBFS_boot.c **** * Function Name: USBFS_CyBtldrCommRead.
 176:.\Generated_Source\PSoC5/USBFS_boot.c **** ********************************************************************************
 177:.\Generated_Source\PSoC5/USBFS_boot.c **** *
 178:.\Generated_Source\PSoC5/USBFS_boot.c **** * Summary:
 179:.\Generated_Source\PSoC5/USBFS_boot.c **** *  Allows the caller to read data from the boot loader host. The function will
 180:.\Generated_Source\PSoC5/USBFS_boot.c **** *  handle polling to allow a block of data to be completely received from the
 181:.\Generated_Source\PSoC5/USBFS_boot.c **** *  host device.
 182:.\Generated_Source\PSoC5/USBFS_boot.c **** *
 183:.\Generated_Source\PSoC5/USBFS_boot.c **** * Parameters:
 184:.\Generated_Source\PSoC5/USBFS_boot.c **** *  pData:    A pointer to the area to store the block of data received
 185:.\Generated_Source\PSoC5/USBFS_boot.c **** *             from the device.
 186:.\Generated_Source\PSoC5/USBFS_boot.c **** *  size:     The number of bytes to read.
 187:.\Generated_Source\PSoC5/USBFS_boot.c **** *  count:    Pointer to an unsigned short variable to write the number
 188:.\Generated_Source\PSoC5/USBFS_boot.c **** *             of bytes actually read.
 189:.\Generated_Source\PSoC5/USBFS_boot.c **** *  timeOut:  Number of units to wait before returning because of a timeOut.
 190:.\Generated_Source\PSoC5/USBFS_boot.c **** *            Timeout is measured in 10s of ms.
 191:.\Generated_Source\PSoC5/USBFS_boot.c **** *
 192:.\Generated_Source\PSoC5/USBFS_boot.c **** * Return:
 193:.\Generated_Source\PSoC5/USBFS_boot.c **** *  Returns the value that best describes the problem.
 194:.\Generated_Source\PSoC5/USBFS_boot.c **** *
 195:.\Generated_Source\PSoC5/USBFS_boot.c **** * Reentrant:
ARM GAS  C:\DOCUME~1\ADMINI~1\LOCALS~1\Temp\ccu4IdVL.s 			page 7


 196:.\Generated_Source\PSoC5/USBFS_boot.c **** *  No.
 197:.\Generated_Source\PSoC5/USBFS_boot.c **** *
 198:.\Generated_Source\PSoC5/USBFS_boot.c **** *******************************************************************************/
 199:.\Generated_Source\PSoC5/USBFS_boot.c **** cystatus USBFS_CyBtldrCommRead(uint8 *pData, uint16 size, uint16 *count, uint8 timeOut) CYSMALL
 200:.\Generated_Source\PSoC5/USBFS_boot.c ****                                                             
 201:.\Generated_Source\PSoC5/USBFS_boot.c **** {
 144              		.loc 1 201 0
 145              		.cfi_startproc
 146              		@ args = 0, pretend = 0, frame = 0
 147              		@ frame_needed = 0, uses_anonymous_args = 0
 148              	.LVL13:
 149 0000 2DE9F041 		push	{r4, r5, r6, r7, r8, lr}
 150              	.LCFI1:
 151              		.cfi_def_cfa_offset 24
 152              		.loc 1 201 0
 153 0004 0D46     		mov	r5, r1
 154              		.cfi_offset 14, -4
 155              		.cfi_offset 8, -8
 156              		.cfi_offset 7, -12
 157              		.cfi_offset 6, -16
 158              		.cfi_offset 5, -20
 159              		.cfi_offset 4, -24
 202:.\Generated_Source\PSoC5/USBFS_boot.c ****     cystatus status;
 203:.\Generated_Source\PSoC5/USBFS_boot.c ****     uint16 time;
 204:.\Generated_Source\PSoC5/USBFS_boot.c **** 
 205:.\Generated_Source\PSoC5/USBFS_boot.c ****     if(size > USBFS_BTLDR_SIZEOF_WRITE_BUFFER)
 206:.\Generated_Source\PSoC5/USBFS_boot.c ****     {
 207:.\Generated_Source\PSoC5/USBFS_boot.c ****         size = USBFS_BTLDR_SIZEOF_WRITE_BUFFER;
 208:.\Generated_Source\PSoC5/USBFS_boot.c ****     }
 209:.\Generated_Source\PSoC5/USBFS_boot.c ****     /* Start a timer to wait on. */
 210:.\Generated_Source\PSoC5/USBFS_boot.c ****     USBFS_CyBtLdrStarttimer(time, timeOut);
 160              		.loc 1 210 0
 161 0006 0A21     		movs	r1, #10
 162              	.LVL14:
 163              		.loc 1 201 0
 164 0008 1446     		mov	r4, r2
 165              		.loc 1 210 0
 166 000a 4B43     		muls	r3, r1, r3
 167              	.LVL15:
 168 000c 294A     		ldr	r2, .L25
 169              	.LVL16:
 170              		.loc 1 201 0
 171 000e 0646     		mov	r6, r0
 211:.\Generated_Source\PSoC5/USBFS_boot.c **** 
 212:.\Generated_Source\PSoC5/USBFS_boot.c ****     /* Wait on enumeration in first time */
 213:.\Generated_Source\PSoC5/USBFS_boot.c ****     if(USBFS_started)
 172              		.loc 1 213 0
 173 0010 9778     		ldrb	r7, [r2, #2]	@ zero_extendqisi2
 174              		.loc 1 210 0
 175 0012 1380     		strh	r3, [r2, #0]	@ movhi
 176              		.loc 1 213 0
 177 0014 F7B1     		cbz	r7, .L14
 178              	.LVL17:
 179 0016 0027     		movs	r7, #0
 180              	.LVL18:
 181 0018 03E0     		b	.L15
 182              	.LVL19:
ARM GAS  C:\DOCUME~1\ADMINI~1\LOCALS~1\Temp\ccu4IdVL.s 			page 8


 183              	.L17:
 214:.\Generated_Source\PSoC5/USBFS_boot.c ****     {
 215:.\Generated_Source\PSoC5/USBFS_boot.c ****         /* Wait for Device to enumerate */
 216:.\Generated_Source\PSoC5/USBFS_boot.c ****         while(!USBFS_GetConfiguration() && USBFS_CyBtLdrChecktimer(time))
 217:.\Generated_Source\PSoC5/USBFS_boot.c ****         {
 218:.\Generated_Source\PSoC5/USBFS_boot.c ****             CyDelay(1); /* 1ms delay */
 184              		.loc 1 218 0
 185 001a 0120     		movs	r0, #1
 186 001c FFF7FEFF 		bl	CyDelay
 187 0020 4746     		mov	r7, r8
 188              	.LVL20:
 189              	.L15:
 190              		.loc 1 216 0
 191 0022 FFF7FEFF 		bl	USBFS_GetConfiguration
 192 0026 40B9     		cbnz	r0, .L16
 193 0028 224B     		ldr	r3, .L25
 194 002a 07F10108 		add	r8, r7, #1
 195 002e 1B88     		ldrh	r3, [r3, #0]
 196 0030 1FFA88F8 		uxth	r8, r8
 197              	.LVL21:
 198 0034 BB42     		cmp	r3, r7
 199 0036 F0D8     		bhi	.L17
 200              	.LVL22:
 201 0038 4746     		mov	r7, r8
 202              	.L16:
 219:.\Generated_Source\PSoC5/USBFS_boot.c ****         }
 220:.\Generated_Source\PSoC5/USBFS_boot.c ****         /* Enable first OUT, if enumeration complete */
 221:.\Generated_Source\PSoC5/USBFS_boot.c ****         if(USBFS_GetConfiguration())
 203              		.loc 1 221 0
 204 003a FFF7FEFF 		bl	USBFS_GetConfiguration
 205 003e C8B1     		cbz	r0, .L18
 222:.\Generated_Source\PSoC5/USBFS_boot.c ****         {
 223:.\Generated_Source\PSoC5/USBFS_boot.c ****             USBFS_IsConfigurationChanged();  /* Crear configuration changes state status */
 206              		.loc 1 223 0
 207 0040 FFF7FEFF 		bl	USBFS_IsConfigurationChanged
 224:.\Generated_Source\PSoC5/USBFS_boot.c ****             USBFS_CyBtldrCommReset();
 208              		.loc 1 224 0
 209 0044 FFF7FEFF 		bl	USBFS_CyBtldrCommReset
 225:.\Generated_Source\PSoC5/USBFS_boot.c ****             USBFS_started = 0u;
 210              		.loc 1 225 0
 211 0048 1A4B     		ldr	r3, .L25
 212 004a 0022     		movs	r2, #0
 213 004c 9A70     		strb	r2, [r3, #2]
 214 004e 11E0     		b	.L18
 215              	.LVL23:
 216              	.L19:
 217 0050 0027     		movs	r7, #0
 218              	.LVL24:
 219 0052 0FE0     		b	.L18
 220              	.LVL25:
 221              	.L14:
 226:.\Generated_Source\PSoC5/USBFS_boot.c ****         }
 227:.\Generated_Source\PSoC5/USBFS_boot.c ****     }
 228:.\Generated_Source\PSoC5/USBFS_boot.c ****     else /* Check for configuration changes has been done by Host */
 229:.\Generated_Source\PSoC5/USBFS_boot.c ****     {
 230:.\Generated_Source\PSoC5/USBFS_boot.c ****         if(USBFS_IsConfigurationChanged() != 0) /* Host could send double SET_INTERFACE request or 
 222              		.loc 1 230 0
ARM GAS  C:\DOCUME~1\ADMINI~1\LOCALS~1\Temp\ccu4IdVL.s 			page 9


 223 0054 FFF7FEFF 		bl	USBFS_IsConfigurationChanged
 224 0058 0028     		cmp	r0, #0
 225 005a F9D0     		beq	.L19
 231:.\Generated_Source\PSoC5/USBFS_boot.c ****         {
 232:.\Generated_Source\PSoC5/USBFS_boot.c ****             if(USBFS_GetConfiguration() != 0)    /* Init IN endpoints when device configured */
 226              		.loc 1 232 0
 227 005c FFF7FEFF 		bl	USBFS_GetConfiguration
 228 0060 0028     		cmp	r0, #0
 229 0062 F5D0     		beq	.L19
 233:.\Generated_Source\PSoC5/USBFS_boot.c ****             {
 234:.\Generated_Source\PSoC5/USBFS_boot.c ****                 USBFS_CyBtldrCommReset();
 230              		.loc 1 234 0
 231 0064 FFF7FEFF 		bl	USBFS_CyBtldrCommReset
 232 0068 04E0     		b	.L18
 233              	.LVL26:
 234              	.L21:
 235:.\Generated_Source\PSoC5/USBFS_boot.c ****             }
 236:.\Generated_Source\PSoC5/USBFS_boot.c ****         }    
 237:.\Generated_Source\PSoC5/USBFS_boot.c ****     }
 238:.\Generated_Source\PSoC5/USBFS_boot.c **** 
 239:.\Generated_Source\PSoC5/USBFS_boot.c ****     /* Wait on next packet */
 240:.\Generated_Source\PSoC5/USBFS_boot.c ****     while((USBFS_GetEPState(USBFS_BTLDR_OUT_EP) != USBFS_OUT_BUFFER_FULL) && \
 241:.\Generated_Source\PSoC5/USBFS_boot.c ****            USBFS_CyBtLdrChecktimer(time))
 235              		.loc 1 241 0
 236 006a 0137     		adds	r7, r7, #1
 237              	.LVL27:
 242:.\Generated_Source\PSoC5/USBFS_boot.c ****     {
 243:.\Generated_Source\PSoC5/USBFS_boot.c ****         CyDelay(1); /* 1ms delay */
 238              		.loc 1 243 0
 239 006c 0120     		movs	r0, #1
 240              		.loc 1 241 0
 241 006e BFB2     		uxth	r7, r7
 242              	.LVL28:
 243              		.loc 1 243 0
 244 0070 FFF7FEFF 		bl	CyDelay
 245              	.LVL29:
 246              	.L18:
 247              		.loc 1 240 0
 248 0074 0120     		movs	r0, #1
 249 0076 FFF7FEFF 		bl	USBFS_GetEPState
 250 007a 0128     		cmp	r0, #1
 251 007c 03D0     		beq	.L20
 252 007e 0D4B     		ldr	r3, .L25
 253 0080 1B88     		ldrh	r3, [r3, #0]
 254 0082 BB42     		cmp	r3, r7
 255 0084 F1D8     		bhi	.L21
 256              	.L20:
 244:.\Generated_Source\PSoC5/USBFS_boot.c ****     }
 245:.\Generated_Source\PSoC5/USBFS_boot.c **** 
 246:.\Generated_Source\PSoC5/USBFS_boot.c ****     /* OUT EP has completed */
 247:.\Generated_Source\PSoC5/USBFS_boot.c ****     if (USBFS_GetEPState(USBFS_BTLDR_OUT_EP) == USBFS_OUT_BUFFER_FULL)
 257              		.loc 1 247 0
 258 0086 0120     		movs	r0, #1
 259 0088 FFF7FEFF 		bl	USBFS_GetEPState
 260 008c 0128     		cmp	r0, #1
 261 008e 0AD1     		bne	.L22
 248:.\Generated_Source\PSoC5/USBFS_boot.c ****     {
ARM GAS  C:\DOCUME~1\ADMINI~1\LOCALS~1\Temp\ccu4IdVL.s 			page 10


 249:.\Generated_Source\PSoC5/USBFS_boot.c ****         *count = USBFS_ReadOutEP(USBFS_BTLDR_OUT_EP, pData, size);
 262              		.loc 1 249 0
 263 0090 3146     		mov	r1, r6
 264 0092 402D     		cmp	r5, #64
 265 0094 34BF     		ite	cc
 266 0096 2A46     		movcc	r2, r5
 267 0098 4022     		movcs	r2, #64
 268 009a FFF7FEFF 		bl	USBFS_ReadOutEP
 269 009e 2080     		strh	r0, [r4, #0]	@ movhi
 270 00a0 0020     		movs	r0, #0
 271              	.LVL30:
 272 00a2 BDE8F081 		pop	{r4, r5, r6, r7, r8, pc}
 273              	.LVL31:
 274              	.L22:
 250:.\Generated_Source\PSoC5/USBFS_boot.c ****         status = CYRET_SUCCESS;
 251:.\Generated_Source\PSoC5/USBFS_boot.c ****     }
 252:.\Generated_Source\PSoC5/USBFS_boot.c ****     else
 253:.\Generated_Source\PSoC5/USBFS_boot.c ****     {
 254:.\Generated_Source\PSoC5/USBFS_boot.c ****         *count = 0u;
 275              		.loc 1 254 0
 276 00a6 4FF00003 		mov	r3, #0	@ movhi
 277 00aa 2380     		strh	r3, [r4, #0]	@ movhi
 278 00ac 1020     		movs	r0, #16
 279              	.LVL32:
 280              	.LVL33:
 255:.\Generated_Source\PSoC5/USBFS_boot.c ****         status = CYRET_TIMEOUT;
 256:.\Generated_Source\PSoC5/USBFS_boot.c ****     }
 257:.\Generated_Source\PSoC5/USBFS_boot.c ****     return(status);
 258:.\Generated_Source\PSoC5/USBFS_boot.c **** }
 281              		.loc 1 258 0
 282 00ae BDE8F081 		pop	{r4, r5, r6, r7, r8, pc}
 283              	.L26:
 284 00b2 00BF     		.align	2
 285              	.L25:
 286 00b4 00000000 		.word	.LANCHOR0
 287              		.cfi_endproc
 288              	.LFE4:
 289              		.size	USBFS_CyBtldrCommRead, .-USBFS_CyBtldrCommRead
 290              		.section	.text.USBFS_CyBtldrCommStop,"ax",%progbits
 291              		.align	1
 292              		.global	USBFS_CyBtldrCommStop
 293              		.thumb
 294              		.thumb_func
 295              		.type	USBFS_CyBtldrCommStop, %function
 296              	USBFS_CyBtldrCommStop:
 297              	.LFB1:
 298              		.loc 1 90 0
 299              		.cfi_startproc
 300              		@ args = 0, pretend = 0, frame = 0
 301              		@ frame_needed = 0, uses_anonymous_args = 0
 302              		@ link register save eliminated.
 303              		.loc 1 92 0
 304              		.loc 1 91 0
 305 0000 FFF7FEBF 		b	USBFS_Stop
 306              		.cfi_endproc
 307              	.LFE1:
 308              		.size	USBFS_CyBtldrCommStop, .-USBFS_CyBtldrCommStop
ARM GAS  C:\DOCUME~1\ADMINI~1\LOCALS~1\Temp\ccu4IdVL.s 			page 11


 309              		.section	.text.USBFS_CyBtldrCommStart,"ax",%progbits
 310              		.align	1
 311              		.global	USBFS_CyBtldrCommStart
 312              		.thumb
 313              		.thumb_func
 314              		.type	USBFS_CyBtldrCommStart, %function
 315              	USBFS_CyBtldrCommStart:
 316              	.LFB0:
 317              		.loc 1 63 0
 318              		.cfi_startproc
 319              		@ args = 0, pretend = 0, frame = 0
 320              		@ frame_needed = 0, uses_anonymous_args = 0
 321 0000 08B5     		push	{r3, lr}
 322              	.LCFI2:
 323              		.cfi_def_cfa_offset 8
 324              		.loc 1 64 0
 325              	@ 64 ".\Generated_Source\PSoC5\USBFS_boot.c" 1
 326 0002 62B6     		CPSIE   i
 327              	@ 0 "" 2
 328              		.loc 1 67 0
 329              		.thumb
 330 0004 0020     		movs	r0, #0
 331 0006 0221     		movs	r1, #2
 332              		.cfi_offset 14, -4
 333              		.cfi_offset 3, -8
 334 0008 FFF7FEFF 		bl	USBFS_Start
 335              		.loc 1 70 0
 336 000c 014B     		ldr	r3, .L31
 337 000e 0122     		movs	r2, #1
 338 0010 9A70     		strb	r2, [r3, #2]
 339              		.loc 1 72 0
 340 0012 08BD     		pop	{r3, pc}
 341              	.L32:
 342              		.align	2
 343              	.L31:
 344 0014 00000000 		.word	.LANCHOR0
 345              		.cfi_endproc
 346              	.LFE0:
 347              		.size	USBFS_CyBtldrCommStart, .-USBFS_CyBtldrCommStart
 348              		.global	USBFS_universalTime
 349              		.global	USBFS_started
 350              		.bss
 351              		.align	1
 352              		.set	.LANCHOR0,. + 0
 353              		.type	USBFS_universalTime, %object
 354              		.size	USBFS_universalTime, 2
 355              	USBFS_universalTime:
 356 0000 0000     		.space	2
 357              		.type	USBFS_started, %object
 358              		.size	USBFS_started, 1
 359              	USBFS_started:
 360 0002 00       		.space	1
 361 0003 00       		.text
 362              	.Letext0:
 363              		.section	.debug_loc,"",%progbits
 364              	.Ldebug_loc0:
 365              	.LLST0:
ARM GAS  C:\DOCUME~1\ADMINI~1\LOCALS~1\Temp\ccu4IdVL.s 			page 12


 366 0000 00000000 		.4byte	.LFB3
 367 0004 04000000 		.4byte	.LCFI0
 368 0008 0100     		.2byte	0x1
 369 000a 5D       		.byte	0x5d
 370 000b 04000000 		.4byte	.LCFI0
 371 000f 50000000 		.4byte	.LFE3
 372 0013 0200     		.2byte	0x2
 373 0015 7D       		.byte	0x7d
 374 0016 10       		.sleb128 16
 375 0017 00000000 		.4byte	0x0
 376 001b 00000000 		.4byte	0x0
 377              	.LLST1:
 378 001f 00000000 		.4byte	.LVL0
 379 0023 06000000 		.4byte	.LVL1
 380 0027 0100     		.2byte	0x1
 381 0029 50       		.byte	0x50
 382 002a 06000000 		.4byte	.LVL1
 383 002e 14000000 		.4byte	.LVL4
 384 0032 0100     		.2byte	0x1
 385 0034 5C       		.byte	0x5c
 386 0035 00000000 		.4byte	0x0
 387 0039 00000000 		.4byte	0x0
 388              	.LLST2:
 389 003d 00000000 		.4byte	.LVL0
 390 0041 0C000000 		.4byte	.LVL2
 391 0045 0100     		.2byte	0x1
 392 0047 51       		.byte	0x51
 393 0048 0C000000 		.4byte	.LVL2
 394 004c 50000000 		.4byte	.LFE3
 395 0050 0100     		.2byte	0x1
 396 0052 55       		.byte	0x55
 397 0053 00000000 		.4byte	0x0
 398 0057 00000000 		.4byte	0x0
 399              	.LLST3:
 400 005b 00000000 		.4byte	.LVL0
 401 005f 0E000000 		.4byte	.LVL3
 402 0063 0100     		.2byte	0x1
 403 0065 52       		.byte	0x52
 404 0066 0E000000 		.4byte	.LVL3
 405 006a 50000000 		.4byte	.LFE3
 406 006e 0100     		.2byte	0x1
 407 0070 54       		.byte	0x54
 408 0071 00000000 		.4byte	0x0
 409 0075 00000000 		.4byte	0x0
 410              	.LLST4:
 411 0079 00000000 		.4byte	.LVL0
 412 007d 14000000 		.4byte	.LVL4
 413 0081 0100     		.2byte	0x1
 414 0083 53       		.byte	0x53
 415 0084 14000000 		.4byte	.LVL4
 416 0088 18000000 		.4byte	.LVL5
 417 008c 0100     		.2byte	0x1
 418 008e 56       		.byte	0x56
 419 008f 00000000 		.4byte	0x0
 420 0093 00000000 		.4byte	0x0
 421              	.LLST5:
 422 0097 1E000000 		.4byte	.LVL6
ARM GAS  C:\DOCUME~1\ADMINI~1\LOCALS~1\Temp\ccu4IdVL.s 			page 13


 423 009b 22000000 		.4byte	.LVL7
 424 009f 0100     		.2byte	0x1
 425 00a1 56       		.byte	0x56
 426 00a2 26000000 		.4byte	.LVL8
 427 00a6 50000000 		.4byte	.LFE3
 428 00aa 0100     		.2byte	0x1
 429 00ac 56       		.byte	0x56
 430 00ad 00000000 		.4byte	0x0
 431 00b1 00000000 		.4byte	0x0
 432              	.LLST6:
 433 00b5 44000000 		.4byte	.LVL9
 434 00b9 46000000 		.4byte	.LVL10
 435 00bd 0100     		.2byte	0x1
 436 00bf 50       		.byte	0x50
 437 00c0 4A000000 		.4byte	.LVL11
 438 00c4 4A000000 		.4byte	.LVL12
 439 00c8 0100     		.2byte	0x1
 440 00ca 50       		.byte	0x50
 441 00cb 00000000 		.4byte	0x0
 442 00cf 00000000 		.4byte	0x0
 443              	.LLST8:
 444 00d3 00000000 		.4byte	.LFB4
 445 00d7 04000000 		.4byte	.LCFI1
 446 00db 0100     		.2byte	0x1
 447 00dd 5D       		.byte	0x5d
 448 00de 04000000 		.4byte	.LCFI1
 449 00e2 B8000000 		.4byte	.LFE4
 450 00e6 0200     		.2byte	0x2
 451 00e8 7D       		.byte	0x7d
 452 00e9 18       		.sleb128 24
 453 00ea 00000000 		.4byte	0x0
 454 00ee 00000000 		.4byte	0x0
 455              	.LLST9:
 456 00f2 00000000 		.4byte	.LVL13
 457 00f6 16000000 		.4byte	.LVL17
 458 00fa 0100     		.2byte	0x1
 459 00fc 50       		.byte	0x50
 460 00fd 16000000 		.4byte	.LVL17
 461 0101 B8000000 		.4byte	.LFE4
 462 0105 0100     		.2byte	0x1
 463 0107 56       		.byte	0x56
 464 0108 00000000 		.4byte	0x0
 465 010c 00000000 		.4byte	0x0
 466              	.LLST10:
 467 0110 00000000 		.4byte	.LVL13
 468 0114 08000000 		.4byte	.LVL14
 469 0118 0100     		.2byte	0x1
 470 011a 51       		.byte	0x51
 471 011b 08000000 		.4byte	.LVL14
 472 011f B8000000 		.4byte	.LFE4
 473 0123 0100     		.2byte	0x1
 474 0125 55       		.byte	0x55
 475 0126 00000000 		.4byte	0x0
 476 012a 00000000 		.4byte	0x0
 477              	.LLST11:
 478 012e 00000000 		.4byte	.LVL13
 479 0132 0E000000 		.4byte	.LVL16
ARM GAS  C:\DOCUME~1\ADMINI~1\LOCALS~1\Temp\ccu4IdVL.s 			page 14


 480 0136 0100     		.2byte	0x1
 481 0138 52       		.byte	0x52
 482 0139 0E000000 		.4byte	.LVL16
 483 013d B8000000 		.4byte	.LFE4
 484 0141 0100     		.2byte	0x1
 485 0143 54       		.byte	0x54
 486 0144 00000000 		.4byte	0x0
 487 0148 00000000 		.4byte	0x0
 488              	.LLST12:
 489 014c 00000000 		.4byte	.LVL13
 490 0150 0C000000 		.4byte	.LVL15
 491 0154 0100     		.2byte	0x1
 492 0156 53       		.byte	0x53
 493 0157 00000000 		.4byte	0x0
 494 015b 00000000 		.4byte	0x0
 495              	.LLST13:
 496 015f A2000000 		.4byte	.LVL30
 497 0163 A6000000 		.4byte	.LVL31
 498 0167 0100     		.2byte	0x1
 499 0169 50       		.byte	0x50
 500 016a AE000000 		.4byte	.LVL32
 501 016e AE000000 		.4byte	.LVL33
 502 0172 0100     		.2byte	0x1
 503 0174 50       		.byte	0x50
 504 0175 00000000 		.4byte	0x0
 505 0179 00000000 		.4byte	0x0
 506              	.LLST14:
 507 017d 18000000 		.4byte	.LVL18
 508 0181 34000000 		.4byte	.LVL21
 509 0185 0100     		.2byte	0x1
 510 0187 57       		.byte	0x57
 511 0188 34000000 		.4byte	.LVL21
 512 018c 38000000 		.4byte	.LVL22
 513 0190 0100     		.2byte	0x1
 514 0192 58       		.byte	0x58
 515 0193 38000000 		.4byte	.LVL22
 516 0197 50000000 		.4byte	.LVL23
 517 019b 0100     		.2byte	0x1
 518 019d 57       		.byte	0x57
 519 019e 52000000 		.4byte	.LVL24
 520 01a2 54000000 		.4byte	.LVL25
 521 01a6 0100     		.2byte	0x1
 522 01a8 57       		.byte	0x57
 523 01a9 6A000000 		.4byte	.LVL26
 524 01ad 6C000000 		.4byte	.LVL27
 525 01b1 0100     		.2byte	0x1
 526 01b3 57       		.byte	0x57
 527 01b4 6C000000 		.4byte	.LVL27
 528 01b8 70000000 		.4byte	.LVL28
 529 01bc 0100     		.2byte	0x1
 530 01be 58       		.byte	0x58
 531 01bf 70000000 		.4byte	.LVL28
 532 01c3 B8000000 		.4byte	.LFE4
 533 01c7 0100     		.2byte	0x1
 534 01c9 57       		.byte	0x57
 535 01ca 00000000 		.4byte	0x0
 536 01ce 00000000 		.4byte	0x0
ARM GAS  C:\DOCUME~1\ADMINI~1\LOCALS~1\Temp\ccu4IdVL.s 			page 15


 537              	.LLST16:
 538 01d2 00000000 		.4byte	.LFB0
 539 01d6 02000000 		.4byte	.LCFI2
 540 01da 0100     		.2byte	0x1
 541 01dc 5D       		.byte	0x5d
 542 01dd 02000000 		.4byte	.LCFI2
 543 01e1 18000000 		.4byte	.LFE0
 544 01e5 0200     		.2byte	0x2
 545 01e7 7D       		.byte	0x7d
 546 01e8 08       		.sleb128 8
 547 01e9 00000000 		.4byte	0x0
 548 01ed 00000000 		.4byte	0x0
 549              		.file 2 ".\\Generated_Source\\PSoC5\\/cytypes.h"
 550              		.section	.debug_info
 551 0000 00020000 		.4byte	0x200
 552 0004 0200     		.2byte	0x2
 553 0006 00000000 		.4byte	.Ldebug_abbrev0
 554 000a 04       		.byte	0x4
 555 000b 01       		.uleb128 0x1
 556 000c 08010000 		.4byte	.LASF28
 557 0010 01       		.byte	0x1
 558 0011 D4010000 		.4byte	.LASF29
 559 0015 4E010000 		.4byte	.LASF30
 560 0019 00000000 		.4byte	0x0
 561 001d 00000000 		.4byte	0x0
 562 0021 00000000 		.4byte	.Ldebug_ranges0+0x0
 563 0025 00000000 		.4byte	.Ldebug_line0
 564 0029 02       		.uleb128 0x2
 565 002a 01       		.byte	0x1
 566 002b 06       		.byte	0x6
 567 002c 42010000 		.4byte	.LASF0
 568 0030 02       		.uleb128 0x2
 569 0031 01       		.byte	0x1
 570 0032 08       		.byte	0x8
 571 0033 8E000000 		.4byte	.LASF1
 572 0037 02       		.uleb128 0x2
 573 0038 02       		.byte	0x2
 574 0039 05       		.byte	0x5
 575 003a 19010000 		.4byte	.LASF2
 576 003e 02       		.uleb128 0x2
 577 003f 02       		.byte	0x2
 578 0040 07       		.byte	0x7
 579 0041 1D000000 		.4byte	.LASF3
 580 0045 02       		.uleb128 0x2
 581 0046 04       		.byte	0x4
 582 0047 05       		.byte	0x5
 583 0048 23010000 		.4byte	.LASF4
 584 004c 02       		.uleb128 0x2
 585 004d 04       		.byte	0x4
 586 004e 07       		.byte	0x7
 587 004f 76000000 		.4byte	.LASF5
 588 0053 02       		.uleb128 0x2
 589 0054 08       		.byte	0x8
 590 0055 05       		.byte	0x5
 591 0056 00000000 		.4byte	.LASF6
 592 005a 02       		.uleb128 0x2
 593 005b 08       		.byte	0x8
ARM GAS  C:\DOCUME~1\ADMINI~1\LOCALS~1\Temp\ccu4IdVL.s 			page 16


 594 005c 07       		.byte	0x7
 595 005d CE000000 		.4byte	.LASF7
 596 0061 03       		.uleb128 0x3
 597 0062 04       		.byte	0x4
 598 0063 05       		.byte	0x5
 599 0064 696E7400 		.ascii	"int\000"
 600 0068 02       		.uleb128 0x2
 601 0069 04       		.byte	0x4
 602 006a 07       		.byte	0x7
 603 006b C1000000 		.4byte	.LASF8
 604 006f 04       		.uleb128 0x4
 605 0070 88000000 		.4byte	.LASF9
 606 0074 02       		.byte	0x2
 607 0075 4C       		.byte	0x4c
 608 0076 30000000 		.4byte	0x30
 609 007a 04       		.uleb128 0x4
 610 007b BA000000 		.4byte	.LASF10
 611 007f 02       		.byte	0x2
 612 0080 4D       		.byte	0x4d
 613 0081 3E000000 		.4byte	0x3e
 614 0085 02       		.uleb128 0x2
 615 0086 04       		.byte	0x4
 616 0087 04       		.byte	0x4
 617 0088 6B000000 		.4byte	.LASF11
 618 008c 02       		.uleb128 0x2
 619 008d 08       		.byte	0x8
 620 008e 04       		.byte	0x4
 621 008f 9C000000 		.4byte	.LASF12
 622 0093 02       		.uleb128 0x2
 623 0094 01       		.byte	0x1
 624 0095 08       		.byte	0x8
 625 0096 14010000 		.4byte	.LASF13
 626 009a 04       		.uleb128 0x4
 627 009b 0E000000 		.4byte	.LASF14
 628 009f 02       		.byte	0x2
 629 00a0 D1       		.byte	0xd1
 630 00a1 4C000000 		.4byte	0x4c
 631 00a5 05       		.uleb128 0x5
 632 00a6 04       		.byte	0x4
 633 00a7 07       		.byte	0x7
 634 00a8 06       		.uleb128 0x6
 635 00a9 01       		.byte	0x1
 636 00aa A3000000 		.4byte	.LASF21
 637 00ae 01       		.byte	0x1
 638 00af 8D       		.byte	0x8d
 639 00b0 01       		.byte	0x1
 640 00b1 9A000000 		.4byte	0x9a
 641 00b5 00000000 		.4byte	.LFB3
 642 00b9 50000000 		.4byte	.LFE3
 643 00bd 00000000 		.4byte	.LLST0
 644 00c1 20010000 		.4byte	0x120
 645 00c5 07       		.uleb128 0x7
 646 00c6 4E000000 		.4byte	.LASF15
 647 00ca 01       		.byte	0x1
 648 00cb 8D       		.byte	0x8d
 649 00cc 20010000 		.4byte	0x120
 650 00d0 1F000000 		.4byte	.LLST1
ARM GAS  C:\DOCUME~1\ADMINI~1\LOCALS~1\Temp\ccu4IdVL.s 			page 17


 651 00d4 07       		.uleb128 0x7
 652 00d5 71000000 		.4byte	.LASF16
 653 00d9 01       		.byte	0x1
 654 00da 8D       		.byte	0x8d
 655 00db 7A000000 		.4byte	0x7a
 656 00df 3D000000 		.4byte	.LLST2
 657 00e3 07       		.uleb128 0x7
 658 00e4 17000000 		.4byte	.LASF17
 659 00e8 01       		.byte	0x1
 660 00e9 8D       		.byte	0x8d
 661 00ea 26010000 		.4byte	0x126
 662 00ee 5B000000 		.4byte	.LLST3
 663 00f2 07       		.uleb128 0x7
 664 00f3 FB000000 		.4byte	.LASF18
 665 00f7 01       		.byte	0x1
 666 00f8 8D       		.byte	0x8d
 667 00f9 6F000000 		.4byte	0x6f
 668 00fd 79000000 		.4byte	.LLST4
 669 0101 08       		.uleb128 0x8
 670 0102 03010000 		.4byte	.LASF19
 671 0106 01       		.byte	0x1
 672 0107 90       		.byte	0x90
 673 0108 7A000000 		.4byte	0x7a
 674 010c 97000000 		.4byte	.LLST5
 675 0110 08       		.uleb128 0x8
 676 0111 47000000 		.4byte	.LASF20
 677 0115 01       		.byte	0x1
 678 0116 91       		.byte	0x91
 679 0117 9A000000 		.4byte	0x9a
 680 011b B5000000 		.4byte	.LLST6
 681 011f 00       		.byte	0x0
 682 0120 09       		.uleb128 0x9
 683 0121 04       		.byte	0x4
 684 0122 6F000000 		.4byte	0x6f
 685 0126 09       		.uleb128 0x9
 686 0127 04       		.byte	0x4
 687 0128 7A000000 		.4byte	0x7a
 688 012c 0A       		.uleb128 0xa
 689 012d 01       		.byte	0x1
 690 012e 30000000 		.4byte	.LASF23
 691 0132 01       		.byte	0x1
 692 0133 70       		.byte	0x70
 693 0134 01       		.byte	0x1
 694 0135 00000000 		.4byte	.LFB2
 695 0139 06000000 		.4byte	.LFE2
 696 013d 01       		.byte	0x1
 697 013e 5D       		.byte	0x5d
 698 013f 06       		.uleb128 0x6
 699 0140 01       		.byte	0x1
 700 0141 E5000000 		.4byte	.LASF22
 701 0145 01       		.byte	0x1
 702 0146 C7       		.byte	0xc7
 703 0147 01       		.byte	0x1
 704 0148 9A000000 		.4byte	0x9a
 705 014c 00000000 		.4byte	.LFB4
 706 0150 B8000000 		.4byte	.LFE4
 707 0154 D3000000 		.4byte	.LLST8
ARM GAS  C:\DOCUME~1\ADMINI~1\LOCALS~1\Temp\ccu4IdVL.s 			page 18


 708 0158 B7010000 		.4byte	0x1b7
 709 015c 07       		.uleb128 0x7
 710 015d 4E000000 		.4byte	.LASF15
 711 0161 01       		.byte	0x1
 712 0162 C7       		.byte	0xc7
 713 0163 20010000 		.4byte	0x120
 714 0167 F2000000 		.4byte	.LLST9
 715 016b 07       		.uleb128 0x7
 716 016c 71000000 		.4byte	.LASF16
 717 0170 01       		.byte	0x1
 718 0171 C7       		.byte	0xc7
 719 0172 7A000000 		.4byte	0x7a
 720 0176 10010000 		.4byte	.LLST10
 721 017a 07       		.uleb128 0x7
 722 017b 17000000 		.4byte	.LASF17
 723 017f 01       		.byte	0x1
 724 0180 C7       		.byte	0xc7
 725 0181 26010000 		.4byte	0x126
 726 0185 2E010000 		.4byte	.LLST11
 727 0189 07       		.uleb128 0x7
 728 018a FB000000 		.4byte	.LASF18
 729 018e 01       		.byte	0x1
 730 018f C7       		.byte	0xc7
 731 0190 6F000000 		.4byte	0x6f
 732 0194 4C010000 		.4byte	.LLST12
 733 0198 08       		.uleb128 0x8
 734 0199 47000000 		.4byte	.LASF20
 735 019d 01       		.byte	0x1
 736 019e CA       		.byte	0xca
 737 019f 9A000000 		.4byte	0x9a
 738 01a3 5F010000 		.4byte	.LLST13
 739 01a7 08       		.uleb128 0x8
 740 01a8 03010000 		.4byte	.LASF19
 741 01ac 01       		.byte	0x1
 742 01ad CB       		.byte	0xcb
 743 01ae 7A000000 		.4byte	0x7a
 744 01b2 7D010000 		.4byte	.LLST14
 745 01b6 00       		.byte	0x0
 746 01b7 0A       		.uleb128 0xa
 747 01b8 01       		.byte	0x1
 748 01b9 2C010000 		.4byte	.LASF24
 749 01bd 01       		.byte	0x1
 750 01be 59       		.byte	0x59
 751 01bf 01       		.byte	0x1
 752 01c0 00000000 		.4byte	.LFB1
 753 01c4 04000000 		.4byte	.LFE1
 754 01c8 01       		.byte	0x1
 755 01c9 5D       		.byte	0x5d
 756 01ca 0B       		.uleb128 0xb
 757 01cb 01       		.byte	0x1
 758 01cc 54000000 		.4byte	.LASF25
 759 01d0 01       		.byte	0x1
 760 01d1 3E       		.byte	0x3e
 761 01d2 01       		.byte	0x1
 762 01d3 00000000 		.4byte	.LFB0
 763 01d7 18000000 		.4byte	.LFE0
 764 01db D2010000 		.4byte	.LLST16
ARM GAS  C:\DOCUME~1\ADMINI~1\LOCALS~1\Temp\ccu4IdVL.s 			page 19


 765 01df 0C       		.uleb128 0xc
 766 01e0 C0010000 		.4byte	.LASF26
 767 01e4 01       		.byte	0x1
 768 01e5 26       		.byte	0x26
 769 01e6 7A000000 		.4byte	0x7a
 770 01ea 01       		.byte	0x1
 771 01eb 05       		.byte	0x5
 772 01ec 03       		.byte	0x3
 773 01ed 00000000 		.4byte	USBFS_universalTime
 774 01f1 0C       		.uleb128 0xc
 775 01f2 B2010000 		.4byte	.LASF27
 776 01f6 01       		.byte	0x1
 777 01f7 27       		.byte	0x27
 778 01f8 6F000000 		.4byte	0x6f
 779 01fc 01       		.byte	0x1
 780 01fd 05       		.byte	0x5
 781 01fe 03       		.byte	0x3
 782 01ff 00000000 		.4byte	USBFS_started
 783 0203 00       		.byte	0x0
 784              		.section	.debug_abbrev
 785 0000 01       		.uleb128 0x1
 786 0001 11       		.uleb128 0x11
 787 0002 01       		.byte	0x1
 788 0003 25       		.uleb128 0x25
 789 0004 0E       		.uleb128 0xe
 790 0005 13       		.uleb128 0x13
 791 0006 0B       		.uleb128 0xb
 792 0007 03       		.uleb128 0x3
 793 0008 0E       		.uleb128 0xe
 794 0009 1B       		.uleb128 0x1b
 795 000a 0E       		.uleb128 0xe
 796 000b 11       		.uleb128 0x11
 797 000c 01       		.uleb128 0x1
 798 000d 52       		.uleb128 0x52
 799 000e 01       		.uleb128 0x1
 800 000f 55       		.uleb128 0x55
 801 0010 06       		.uleb128 0x6
 802 0011 10       		.uleb128 0x10
 803 0012 06       		.uleb128 0x6
 804 0013 00       		.byte	0x0
 805 0014 00       		.byte	0x0
 806 0015 02       		.uleb128 0x2
 807 0016 24       		.uleb128 0x24
 808 0017 00       		.byte	0x0
 809 0018 0B       		.uleb128 0xb
 810 0019 0B       		.uleb128 0xb
 811 001a 3E       		.uleb128 0x3e
 812 001b 0B       		.uleb128 0xb
 813 001c 03       		.uleb128 0x3
 814 001d 0E       		.uleb128 0xe
 815 001e 00       		.byte	0x0
 816 001f 00       		.byte	0x0
 817 0020 03       		.uleb128 0x3
 818 0021 24       		.uleb128 0x24
 819 0022 00       		.byte	0x0
 820 0023 0B       		.uleb128 0xb
 821 0024 0B       		.uleb128 0xb
ARM GAS  C:\DOCUME~1\ADMINI~1\LOCALS~1\Temp\ccu4IdVL.s 			page 20


 822 0025 3E       		.uleb128 0x3e
 823 0026 0B       		.uleb128 0xb
 824 0027 03       		.uleb128 0x3
 825 0028 08       		.uleb128 0x8
 826 0029 00       		.byte	0x0
 827 002a 00       		.byte	0x0
 828 002b 04       		.uleb128 0x4
 829 002c 16       		.uleb128 0x16
 830 002d 00       		.byte	0x0
 831 002e 03       		.uleb128 0x3
 832 002f 0E       		.uleb128 0xe
 833 0030 3A       		.uleb128 0x3a
 834 0031 0B       		.uleb128 0xb
 835 0032 3B       		.uleb128 0x3b
 836 0033 0B       		.uleb128 0xb
 837 0034 49       		.uleb128 0x49
 838 0035 13       		.uleb128 0x13
 839 0036 00       		.byte	0x0
 840 0037 00       		.byte	0x0
 841 0038 05       		.uleb128 0x5
 842 0039 24       		.uleb128 0x24
 843 003a 00       		.byte	0x0
 844 003b 0B       		.uleb128 0xb
 845 003c 0B       		.uleb128 0xb
 846 003d 3E       		.uleb128 0x3e
 847 003e 0B       		.uleb128 0xb
 848 003f 00       		.byte	0x0
 849 0040 00       		.byte	0x0
 850 0041 06       		.uleb128 0x6
 851 0042 2E       		.uleb128 0x2e
 852 0043 01       		.byte	0x1
 853 0044 3F       		.uleb128 0x3f
 854 0045 0C       		.uleb128 0xc
 855 0046 03       		.uleb128 0x3
 856 0047 0E       		.uleb128 0xe
 857 0048 3A       		.uleb128 0x3a
 858 0049 0B       		.uleb128 0xb
 859 004a 3B       		.uleb128 0x3b
 860 004b 0B       		.uleb128 0xb
 861 004c 27       		.uleb128 0x27
 862 004d 0C       		.uleb128 0xc
 863 004e 49       		.uleb128 0x49
 864 004f 13       		.uleb128 0x13
 865 0050 11       		.uleb128 0x11
 866 0051 01       		.uleb128 0x1
 867 0052 12       		.uleb128 0x12
 868 0053 01       		.uleb128 0x1
 869 0054 40       		.uleb128 0x40
 870 0055 06       		.uleb128 0x6
 871 0056 01       		.uleb128 0x1
 872 0057 13       		.uleb128 0x13
 873 0058 00       		.byte	0x0
 874 0059 00       		.byte	0x0
 875 005a 07       		.uleb128 0x7
 876 005b 05       		.uleb128 0x5
 877 005c 00       		.byte	0x0
 878 005d 03       		.uleb128 0x3
ARM GAS  C:\DOCUME~1\ADMINI~1\LOCALS~1\Temp\ccu4IdVL.s 			page 21


 879 005e 0E       		.uleb128 0xe
 880 005f 3A       		.uleb128 0x3a
 881 0060 0B       		.uleb128 0xb
 882 0061 3B       		.uleb128 0x3b
 883 0062 0B       		.uleb128 0xb
 884 0063 49       		.uleb128 0x49
 885 0064 13       		.uleb128 0x13
 886 0065 02       		.uleb128 0x2
 887 0066 06       		.uleb128 0x6
 888 0067 00       		.byte	0x0
 889 0068 00       		.byte	0x0
 890 0069 08       		.uleb128 0x8
 891 006a 34       		.uleb128 0x34
 892 006b 00       		.byte	0x0
 893 006c 03       		.uleb128 0x3
 894 006d 0E       		.uleb128 0xe
 895 006e 3A       		.uleb128 0x3a
 896 006f 0B       		.uleb128 0xb
 897 0070 3B       		.uleb128 0x3b
 898 0071 0B       		.uleb128 0xb
 899 0072 49       		.uleb128 0x49
 900 0073 13       		.uleb128 0x13
 901 0074 02       		.uleb128 0x2
 902 0075 06       		.uleb128 0x6
 903 0076 00       		.byte	0x0
 904 0077 00       		.byte	0x0
 905 0078 09       		.uleb128 0x9
 906 0079 0F       		.uleb128 0xf
 907 007a 00       		.byte	0x0
 908 007b 0B       		.uleb128 0xb
 909 007c 0B       		.uleb128 0xb
 910 007d 49       		.uleb128 0x49
 911 007e 13       		.uleb128 0x13
 912 007f 00       		.byte	0x0
 913 0080 00       		.byte	0x0
 914 0081 0A       		.uleb128 0xa
 915 0082 2E       		.uleb128 0x2e
 916 0083 00       		.byte	0x0
 917 0084 3F       		.uleb128 0x3f
 918 0085 0C       		.uleb128 0xc
 919 0086 03       		.uleb128 0x3
 920 0087 0E       		.uleb128 0xe
 921 0088 3A       		.uleb128 0x3a
 922 0089 0B       		.uleb128 0xb
 923 008a 3B       		.uleb128 0x3b
 924 008b 0B       		.uleb128 0xb
 925 008c 27       		.uleb128 0x27
 926 008d 0C       		.uleb128 0xc
 927 008e 11       		.uleb128 0x11
 928 008f 01       		.uleb128 0x1
 929 0090 12       		.uleb128 0x12
 930 0091 01       		.uleb128 0x1
 931 0092 40       		.uleb128 0x40
 932 0093 0A       		.uleb128 0xa
 933 0094 00       		.byte	0x0
 934 0095 00       		.byte	0x0
 935 0096 0B       		.uleb128 0xb
ARM GAS  C:\DOCUME~1\ADMINI~1\LOCALS~1\Temp\ccu4IdVL.s 			page 22


 936 0097 2E       		.uleb128 0x2e
 937 0098 00       		.byte	0x0
 938 0099 3F       		.uleb128 0x3f
 939 009a 0C       		.uleb128 0xc
 940 009b 03       		.uleb128 0x3
 941 009c 0E       		.uleb128 0xe
 942 009d 3A       		.uleb128 0x3a
 943 009e 0B       		.uleb128 0xb
 944 009f 3B       		.uleb128 0x3b
 945 00a0 0B       		.uleb128 0xb
 946 00a1 27       		.uleb128 0x27
 947 00a2 0C       		.uleb128 0xc
 948 00a3 11       		.uleb128 0x11
 949 00a4 01       		.uleb128 0x1
 950 00a5 12       		.uleb128 0x12
 951 00a6 01       		.uleb128 0x1
 952 00a7 40       		.uleb128 0x40
 953 00a8 06       		.uleb128 0x6
 954 00a9 00       		.byte	0x0
 955 00aa 00       		.byte	0x0
 956 00ab 0C       		.uleb128 0xc
 957 00ac 34       		.uleb128 0x34
 958 00ad 00       		.byte	0x0
 959 00ae 03       		.uleb128 0x3
 960 00af 0E       		.uleb128 0xe
 961 00b0 3A       		.uleb128 0x3a
 962 00b1 0B       		.uleb128 0xb
 963 00b2 3B       		.uleb128 0x3b
 964 00b3 0B       		.uleb128 0xb
 965 00b4 49       		.uleb128 0x49
 966 00b5 13       		.uleb128 0x13
 967 00b6 3F       		.uleb128 0x3f
 968 00b7 0C       		.uleb128 0xc
 969 00b8 02       		.uleb128 0x2
 970 00b9 0A       		.uleb128 0xa
 971 00ba 00       		.byte	0x0
 972 00bb 00       		.byte	0x0
 973 00bc 00       		.byte	0x0
 974              		.section	.debug_pubnames,"",%progbits
 975 0000 BD000000 		.4byte	0xbd
 976 0004 0200     		.2byte	0x2
 977 0006 00000000 		.4byte	.Ldebug_info0
 978 000a 04020000 		.4byte	0x204
 979 000e A8000000 		.4byte	0xa8
 980 0012 55534246 		.ascii	"USBFS_CyBtldrCommWrite\000"
 980      535F4379 
 980      42746C64 
 980      72436F6D 
 980      6D577269 
 981 0029 2C010000 		.4byte	0x12c
 982 002d 55534246 		.ascii	"USBFS_CyBtldrCommReset\000"
 982      535F4379 
 982      42746C64 
 982      72436F6D 
 982      6D526573 
 983 0044 3F010000 		.4byte	0x13f
 984 0048 55534246 		.ascii	"USBFS_CyBtldrCommRead\000"
ARM GAS  C:\DOCUME~1\ADMINI~1\LOCALS~1\Temp\ccu4IdVL.s 			page 23


 984      535F4379 
 984      42746C64 
 984      72436F6D 
 984      6D526561 
 985 005e B7010000 		.4byte	0x1b7
 986 0062 55534246 		.ascii	"USBFS_CyBtldrCommStop\000"
 986      535F4379 
 986      42746C64 
 986      72436F6D 
 986      6D53746F 
 987 0078 CA010000 		.4byte	0x1ca
 988 007c 55534246 		.ascii	"USBFS_CyBtldrCommStart\000"
 988      535F4379 
 988      42746C64 
 988      72436F6D 
 988      6D537461 
 989 0093 DF010000 		.4byte	0x1df
 990 0097 55534246 		.ascii	"USBFS_universalTime\000"
 990      535F756E 
 990      69766572 
 990      73616C54 
 990      696D6500 
 991 00ab F1010000 		.4byte	0x1f1
 992 00af 55534246 		.ascii	"USBFS_started\000"
 992      535F7374 
 992      61727465 
 992      6400
 993 00bd 00000000 		.4byte	0x0
 994              		.section	.debug_aranges,"",%progbits
 995 0000 3C000000 		.4byte	0x3c
 996 0004 0200     		.2byte	0x2
 997 0006 00000000 		.4byte	.Ldebug_info0
 998 000a 04       		.byte	0x4
 999 000b 00       		.byte	0x0
 1000 000c 0000     		.2byte	0x0
 1001 000e 0000     		.2byte	0x0
 1002 0010 00000000 		.4byte	.LFB3
 1003 0014 50000000 		.4byte	.LFE3-.LFB3
 1004 0018 00000000 		.4byte	.LFB2
 1005 001c 06000000 		.4byte	.LFE2-.LFB2
 1006 0020 00000000 		.4byte	.LFB4
 1007 0024 B8000000 		.4byte	.LFE4-.LFB4
 1008 0028 00000000 		.4byte	.LFB1
 1009 002c 04000000 		.4byte	.LFE1-.LFB1
 1010 0030 00000000 		.4byte	.LFB0
 1011 0034 18000000 		.4byte	.LFE0-.LFB0
 1012 0038 00000000 		.4byte	0x0
 1013 003c 00000000 		.4byte	0x0
 1014              		.section	.debug_ranges,"",%progbits
 1015              	.Ldebug_ranges0:
 1016 0000 00000000 		.4byte	.Ltext0
 1017 0004 00000000 		.4byte	.Letext0
 1018 0008 00000000 		.4byte	.LFB3
 1019 000c 50000000 		.4byte	.LFE3
 1020 0010 00000000 		.4byte	.LFB2
 1021 0014 06000000 		.4byte	.LFE2
 1022 0018 00000000 		.4byte	.LFB4
ARM GAS  C:\DOCUME~1\ADMINI~1\LOCALS~1\Temp\ccu4IdVL.s 			page 24


 1023 001c B8000000 		.4byte	.LFE4
 1024 0020 00000000 		.4byte	.LFB1
 1025 0024 04000000 		.4byte	.LFE1
 1026 0028 00000000 		.4byte	.LFB0
 1027 002c 18000000 		.4byte	.LFE0
 1028 0030 00000000 		.4byte	0x0
 1029 0034 00000000 		.4byte	0x0
 1030              		.section	.debug_str,"MS",%progbits,1
 1031              	.LASF6:
 1032 0000 6C6F6E67 		.ascii	"long long int\000"
 1032      206C6F6E 
 1032      6720696E 
 1032      7400
 1033              	.LASF14:
 1034 000e 63797374 		.ascii	"cystatus\000"
 1034      61747573 
 1034      00
 1035              	.LASF17:
 1036 0017 636F756E 		.ascii	"count\000"
 1036      7400
 1037              	.LASF3:
 1038 001d 73686F72 		.ascii	"short unsigned int\000"
 1038      7420756E 
 1038      7369676E 
 1038      65642069 
 1038      6E7400
 1039              	.LASF23:
 1040 0030 55534246 		.ascii	"USBFS_CyBtldrCommReset\000"
 1040      535F4379 
 1040      42746C64 
 1040      72436F6D 
 1040      6D526573 
 1041              	.LASF20:
 1042 0047 73746174 		.ascii	"status\000"
 1042      757300
 1043              	.LASF15:
 1044 004e 70446174 		.ascii	"pData\000"
 1044      6100
 1045              	.LASF25:
 1046 0054 55534246 		.ascii	"USBFS_CyBtldrCommStart\000"
 1046      535F4379 
 1046      42746C64 
 1046      72436F6D 
 1046      6D537461 
 1047              	.LASF11:
 1048 006b 666C6F61 		.ascii	"float\000"
 1048      7400
 1049              	.LASF16:
 1050 0071 73697A65 		.ascii	"size\000"
 1050      00
 1051              	.LASF5:
 1052 0076 6C6F6E67 		.ascii	"long unsigned int\000"
 1052      20756E73 
 1052      69676E65 
 1052      6420696E 
 1052      7400
 1053              	.LASF9:
ARM GAS  C:\DOCUME~1\ADMINI~1\LOCALS~1\Temp\ccu4IdVL.s 			page 25


 1054 0088 75696E74 		.ascii	"uint8\000"
 1054      3800
 1055              	.LASF1:
 1056 008e 756E7369 		.ascii	"unsigned char\000"
 1056      676E6564 
 1056      20636861 
 1056      7200
 1057              	.LASF12:
 1058 009c 646F7562 		.ascii	"double\000"
 1058      6C6500
 1059              	.LASF21:
 1060 00a3 55534246 		.ascii	"USBFS_CyBtldrCommWrite\000"
 1060      535F4379 
 1060      42746C64 
 1060      72436F6D 
 1060      6D577269 
 1061              	.LASF10:
 1062 00ba 75696E74 		.ascii	"uint16\000"
 1062      313600
 1063              	.LASF8:
 1064 00c1 756E7369 		.ascii	"unsigned int\000"
 1064      676E6564 
 1064      20696E74 
 1064      00
 1065              	.LASF7:
 1066 00ce 6C6F6E67 		.ascii	"long long unsigned int\000"
 1066      206C6F6E 
 1066      6720756E 
 1066      7369676E 
 1066      65642069 
 1067              	.LASF22:
 1068 00e5 55534246 		.ascii	"USBFS_CyBtldrCommRead\000"
 1068      535F4379 
 1068      42746C64 
 1068      72436F6D 
 1068      6D526561 
 1069              	.LASF18:
 1070 00fb 74696D65 		.ascii	"timeOut\000"
 1070      4F757400 
 1071              	.LASF19:
 1072 0103 74696D65 		.ascii	"time\000"
 1072      00
 1073              	.LASF28:
 1074 0108 474E5520 		.ascii	"GNU C 4.4.1\000"
 1074      4320342E 
 1074      342E3100 
 1075              	.LASF13:
 1076 0114 63686172 		.ascii	"char\000"
 1076      00
 1077              	.LASF2:
 1078 0119 73686F72 		.ascii	"short int\000"
 1078      7420696E 
 1078      7400
 1079              	.LASF4:
 1080 0123 6C6F6E67 		.ascii	"long int\000"
 1080      20696E74 
 1080      00
ARM GAS  C:\DOCUME~1\ADMINI~1\LOCALS~1\Temp\ccu4IdVL.s 			page 26


 1081              	.LASF24:
 1082 012c 55534246 		.ascii	"USBFS_CyBtldrCommStop\000"
 1082      535F4379 
 1082      42746C64 
 1082      72436F6D 
 1082      6D53746F 
 1083              	.LASF0:
 1084 0142 7369676E 		.ascii	"signed char\000"
 1084      65642063 
 1084      68617200 
 1085              	.LASF30:
 1086 014e 5C5C7073 		.ascii	"\\\\psf\\Home\\Desktop\\USB-Audio-PSOC5LP\\Firmware"
 1086      665C486F 
 1086      6D655C44 
 1086      65736B74 
 1086      6F705C55 
 1087 017b 5C4B6974 		.ascii	"\\KitProg version 2_03\\KitProg\\KitProg_Bootloader"
 1087      50726F67 
 1087      20766572 
 1087      73696F6E 
 1087      20325F30 
 1088 01ab 2E637964 		.ascii	".cydsn\000"
 1088      736E00
 1089              	.LASF27:
 1090 01b2 55534246 		.ascii	"USBFS_started\000"
 1090      535F7374 
 1090      61727465 
 1090      6400
 1091              	.LASF26:
 1092 01c0 55534246 		.ascii	"USBFS_universalTime\000"
 1092      535F756E 
 1092      69766572 
 1092      73616C54 
 1092      696D6500 
 1093              	.LASF29:
 1094 01d4 2E5C4765 		.ascii	".\\Generated_Source\\PSoC5\\USBFS_boot.c\000"
 1094      6E657261 
 1094      7465645F 
 1094      536F7572 
 1094      63655C50 
 1095              		.ident	"GCC: (Sourcery G++ Lite 2010q1-188) 4.4.1"
