ARM GAS  C:\DOCUME~1\ADMINI~1\LOCALS~1\Temp\cczOix9N.s 			page 1


   1              		.syntax unified
   2              		.cpu cortex-m3
   3              		.fpu softvfp
   4              		.eabi_attribute 20, 1
   5              		.eabi_attribute 21, 1
   6              		.eabi_attribute 23, 3
   7              		.eabi_attribute 24, 1
   8              		.eabi_attribute 25, 1
   9              		.eabi_attribute 26, 1
  10              		.eabi_attribute 30, 4
  11              		.eabi_attribute 18, 4
  12              		.thumb
  13              		.file	"USBFS_descr.c"
  14              		.section	.debug_abbrev,"",%progbits
  15              	.Ldebug_abbrev0:
  16              		.section	.debug_info,"",%progbits
  17              	.Ldebug_info0:
  18              		.section	.debug_line,"",%progbits
  19              	.Ldebug_line0:
  20 0000 75000000 		.text
  20      02006F00 
  20      00000201 
  20      FB0E0D00 
  20      01010101 
  21              	.Ltext0:
  22              		.cfi_sections	.debug_frame
  23              		.global	USBFS_DEVICE0_DESCR
  24              		.global	USBFS_DEVICE0_CONFIGURATION0_DESCR
  25              		.global	USBFS_STRING_DESCRIPTORS
  26              		.global	USBFS_SN_STRING_DESCRIPTOR
  27              		.global	USBFS_HIDREPORT_DESCRIPTOR1
  28              		.global	USBFS_DEVICE0_CONFIGURATION0_INTERFACE0_ALTERNATE0_HID_IN_RPT_TABLE
  29              		.global	USBFS_DEVICE0_CONFIGURATION0_INTERFACE0_ALTERNATE0_HID_OUT_RPT_TABLE
  30              		.global	USBFS_DEVICE0_CONFIGURATION0_INTERFACE0_ALTERNATE0_HID_TABLE
  31              		.global	USBFS_DEVICE0_CONFIGURATION0_INTERFACE0_TABLE
  32              		.global	USBFS_DEVICE0_CONFIGURATION0_EP_SETTINGS_TABLE
  33              		.global	USBFS_DEVICE0_CONFIGURATION0_INTERFACE_CLASS
  34              		.global	USBFS_DEVICE0_CONFIGURATION0_TABLE
  35              		.global	USBFS_DEVICE0_TABLE
  36              		.global	USBFS_TABLE
  37              		.comm	USBFS_DEVICE0_CONFIGURATION0_INTERFACE0_ALTERNATE0_HID_IN_RPT_SCB,4,4
  38              		.comm	USBFS_DEVICE0_CONFIGURATION0_INTERFACE0_ALTERNATE0_HID_IN_BUF,65,4
  39              		.comm	USBFS_DEVICE0_CONFIGURATION0_INTERFACE0_ALTERNATE0_HID_OUT_RPT_SCB,4,4
  40              		.comm	USBFS_DEVICE0_CONFIGURATION0_INTERFACE0_ALTERNATE0_HID_OUT_BUF,65,4
  41              		.section	.rodata
  42              		.align	2
  43              		.type	USBFS_DEVICE0_DESCR, %object
  44              		.size	USBFS_DEVICE0_DESCR, 18
  45              	USBFS_DEVICE0_DESCR:
  46 0000 12       		.byte	18
  47 0001 01       		.byte	1
  48 0002 00       		.byte	0
  49 0003 02       		.byte	2
  50 0004 00       		.byte	0
  51 0005 00       		.byte	0
  52 0006 00       		.byte	0
  53 0007 08       		.byte	8
ARM GAS  C:\DOCUME~1\ADMINI~1\LOCALS~1\Temp\cczOix9N.s 			page 2


  54 0008 B4       		.byte	-76
  55 0009 04       		.byte	4
  56 000a 3B       		.byte	59
  57 000b F1       		.byte	-15
  58 000c 00       		.byte	0
  59 000d 01       		.byte	1
  60 000e 01       		.byte	1
  61 000f 04       		.byte	4
  62 0010 80       		.byte	-128
  63 0011 01       		.byte	1
  64 0012 0000     		.space	2
  65              		.type	USBFS_DEVICE0_CONFIGURATION0_DESCR, %object
  66              		.size	USBFS_DEVICE0_CONFIGURATION0_DESCR, 41
  67              	USBFS_DEVICE0_CONFIGURATION0_DESCR:
  68 0014 09       		.byte	9
  69 0015 02       		.byte	2
  70 0016 29       		.byte	41
  71 0017 00       		.byte	0
  72 0018 01       		.byte	1
  73 0019 01       		.byte	1
  74 001a 02       		.byte	2
  75 001b 80       		.byte	-128
  76 001c FA       		.byte	-6
  77 001d 09       		.byte	9
  78 001e 04       		.byte	4
  79 001f 00       		.byte	0
  80 0020 00       		.byte	0
  81 0021 02       		.byte	2
  82 0022 03       		.byte	3
  83 0023 00       		.byte	0
  84 0024 00       		.byte	0
  85 0025 03       		.byte	3
  86 0026 09       		.byte	9
  87 0027 21       		.byte	33
  88 0028 11       		.byte	17
  89 0029 01       		.byte	1
  90 002a 00       		.byte	0
  91 002b 01       		.byte	1
  92 002c 22       		.byte	34
  93 002d 24       		.byte	36
  94 002e 00       		.byte	0
  95 002f 07       		.byte	7
  96 0030 05       		.byte	5
  97 0031 01       		.byte	1
  98 0032 03       		.byte	3
  99 0033 40       		.byte	64
 100 0034 00       		.byte	0
 101 0035 01       		.byte	1
 102 0036 07       		.byte	7
 103 0037 05       		.byte	5
 104 0038 82       		.byte	-126
 105 0039 03       		.byte	3
 106 003a 40       		.byte	64
 107 003b 00       		.byte	0
 108 003c 01       		.byte	1
 109 003d 000000   		.space	3
 110              		.type	USBFS_STRING_DESCRIPTORS, %object
ARM GAS  C:\DOCUME~1\ADMINI~1\LOCALS~1\Temp\cczOix9N.s 			page 3


 111              		.size	USBFS_STRING_DESCRIPTORS, 163
 112              	USBFS_STRING_DESCRIPTORS:
 113 0040 04       		.byte	4
 114 0041 03       		.byte	3
 115 0042 09       		.byte	9
 116 0043 04       		.byte	4
 117 0044 2C       		.byte	44
 118 0045 03       		.byte	3
 119 0046 43       		.byte	67
 120 0047 00       		.byte	0
 121 0048 79       		.byte	121
 122 0049 00       		.byte	0
 123 004a 70       		.byte	112
 124 004b 00       		.byte	0
 125 004c 72       		.byte	114
 126 004d 00       		.byte	0
 127 004e 65       		.byte	101
 128 004f 00       		.byte	0
 129 0050 73       		.byte	115
 130 0051 00       		.byte	0
 131 0052 73       		.byte	115
 132 0053 00       		.byte	0
 133 0054 20       		.byte	32
 134 0055 00       		.byte	0
 135 0056 53       		.byte	83
 136 0057 00       		.byte	0
 137 0058 65       		.byte	101
 138 0059 00       		.byte	0
 139 005a 6D       		.byte	109
 140 005b 00       		.byte	0
 141 005c 69       		.byte	105
 142 005d 00       		.byte	0
 143 005e 63       		.byte	99
 144 005f 00       		.byte	0
 145 0060 6F       		.byte	111
 146 0061 00       		.byte	0
 147 0062 6E       		.byte	110
 148 0063 00       		.byte	0
 149 0064 64       		.byte	100
 150 0065 00       		.byte	0
 151 0066 75       		.byte	117
 152 0067 00       		.byte	0
 153 0068 63       		.byte	99
 154 0069 00       		.byte	0
 155 006a 74       		.byte	116
 156 006b 00       		.byte	0
 157 006c 6F       		.byte	111
 158 006d 00       		.byte	0
 159 006e 72       		.byte	114
 160 006f 00       		.byte	0
 161 0070 2A       		.byte	42
 162 0071 03       		.byte	3
 163 0072 43       		.byte	67
 164 0073 00       		.byte	0
 165 0074 6F       		.byte	111
 166 0075 00       		.byte	0
 167 0076 6E       		.byte	110
ARM GAS  C:\DOCUME~1\ADMINI~1\LOCALS~1\Temp\cczOix9N.s 			page 4


 168 0077 00       		.byte	0
 169 0078 66       		.byte	102
 170 0079 00       		.byte	0
 171 007a 69       		.byte	105
 172 007b 00       		.byte	0
 173 007c 67       		.byte	103
 174 007d 00       		.byte	0
 175 007e 75       		.byte	117
 176 007f 00       		.byte	0
 177 0080 72       		.byte	114
 178 0081 00       		.byte	0
 179 0082 61       		.byte	97
 180 0083 00       		.byte	0
 181 0084 74       		.byte	116
 182 0085 00       		.byte	0
 183 0086 69       		.byte	105
 184 0087 00       		.byte	0
 185 0088 6F       		.byte	111
 186 0089 00       		.byte	0
 187 008a 6E       		.byte	110
 188 008b 00       		.byte	0
 189 008c 20       		.byte	32
 190 008d 00       		.byte	0
 191 008e 30       		.byte	48
 192 008f 00       		.byte	0
 193 0090 78       		.byte	120
 194 0091 00       		.byte	0
 195 0092 30       		.byte	48
 196 0093 00       		.byte	0
 197 0094 30       		.byte	48
 198 0095 00       		.byte	0
 199 0096 30       		.byte	48
 200 0097 00       		.byte	0
 201 0098 31       		.byte	49
 202 0099 00       		.byte	0
 203 009a 22       		.byte	34
 204 009b 03       		.byte	3
 205 009c 49       		.byte	73
 206 009d 00       		.byte	0
 207 009e 6E       		.byte	110
 208 009f 00       		.byte	0
 209 00a0 74       		.byte	116
 210 00a1 00       		.byte	0
 211 00a2 65       		.byte	101
 212 00a3 00       		.byte	0
 213 00a4 72       		.byte	114
 214 00a5 00       		.byte	0
 215 00a6 66       		.byte	102
 216 00a7 00       		.byte	0
 217 00a8 61       		.byte	97
 218 00a9 00       		.byte	0
 219 00aa 63       		.byte	99
 220 00ab 00       		.byte	0
 221 00ac 65       		.byte	101
 222 00ad 00       		.byte	0
 223 00ae 20       		.byte	32
 224 00af 00       		.byte	0
ARM GAS  C:\DOCUME~1\ADMINI~1\LOCALS~1\Temp\cczOix9N.s 			page 5


 225 00b0 30       		.byte	48
 226 00b1 00       		.byte	0
 227 00b2 78       		.byte	120
 228 00b3 00       		.byte	0
 229 00b4 30       		.byte	48
 230 00b5 00       		.byte	0
 231 00b6 30       		.byte	48
 232 00b7 00       		.byte	0
 233 00b8 30       		.byte	48
 234 00b9 00       		.byte	0
 235 00ba 31       		.byte	49
 236 00bb 00       		.byte	0
 237 00bc 26       		.byte	38
 238 00bd 03       		.byte	3
 239 00be 4B       		.byte	75
 240 00bf 00       		.byte	0
 241 00c0 69       		.byte	105
 242 00c1 00       		.byte	0
 243 00c2 74       		.byte	116
 244 00c3 00       		.byte	0
 245 00c4 50       		.byte	80
 246 00c5 00       		.byte	0
 247 00c6 72       		.byte	114
 248 00c7 00       		.byte	0
 249 00c8 6F       		.byte	111
 250 00c9 00       		.byte	0
 251 00ca 67       		.byte	103
 252 00cb 00       		.byte	0
 253 00cc 20       		.byte	32
 254 00cd 00       		.byte	0
 255 00ce 42       		.byte	66
 256 00cf 00       		.byte	0
 257 00d0 6F       		.byte	111
 258 00d1 00       		.byte	0
 259 00d2 6F       		.byte	111
 260 00d3 00       		.byte	0
 261 00d4 74       		.byte	116
 262 00d5 00       		.byte	0
 263 00d6 6C       		.byte	108
 264 00d7 00       		.byte	0
 265 00d8 6F       		.byte	111
 266 00d9 00       		.byte	0
 267 00da 61       		.byte	97
 268 00db 00       		.byte	0
 269 00dc 64       		.byte	100
 270 00dd 00       		.byte	0
 271 00de 65       		.byte	101
 272 00df 00       		.byte	0
 273 00e0 72       		.byte	114
 274 00e1 00       		.byte	0
 275 00e2 00       		.byte	0
 276 00e3 00       		.space	1
 277              		.type	USBFS_SN_STRING_DESCRIPTOR, %object
 278              		.size	USBFS_SN_STRING_DESCRIPTOR, 2
 279              	USBFS_SN_STRING_DESCRIPTOR:
 280 00e4 02       		.byte	2
 281 00e5 03       		.byte	3
ARM GAS  C:\DOCUME~1\ADMINI~1\LOCALS~1\Temp\cczOix9N.s 			page 6


 282 00e6 0000     		.space	2
 283              		.type	USBFS_HIDREPORT_DESCRIPTOR1, %object
 284              		.size	USBFS_HIDREPORT_DESCRIPTOR1, 40
 285              	USBFS_HIDREPORT_DESCRIPTOR1:
 286 00e8 24       		.byte	36
 287 00e9 00       		.byte	0
 288 00ea 05       		.byte	5
 289 00eb FF       		.byte	-1
 290 00ec 09       		.byte	9
 291 00ed 00       		.byte	0
 292 00ee A1       		.byte	-95
 293 00ef 01       		.byte	1
 294 00f0 09       		.byte	9
 295 00f1 00       		.byte	0
 296 00f2 A1       		.byte	-95
 297 00f3 01       		.byte	1
 298 00f4 09       		.byte	9
 299 00f5 00       		.byte	0
 300 00f6 15       		.byte	21
 301 00f7 00       		.byte	0
 302 00f8 25       		.byte	37
 303 00f9 FF       		.byte	-1
 304 00fa 75       		.byte	117
 305 00fb 08       		.byte	8
 306 00fc 95       		.byte	-107
 307 00fd 40       		.byte	64
 308 00fe 91       		.byte	-111
 309 00ff 02       		.byte	2
 310 0100 09       		.byte	9
 311 0101 00       		.byte	0
 312 0102 15       		.byte	21
 313 0103 00       		.byte	0
 314 0104 25       		.byte	37
 315 0105 FF       		.byte	-1
 316 0106 75       		.byte	117
 317 0107 08       		.byte	8
 318 0108 95       		.byte	-107
 319 0109 40       		.byte	64
 320 010a 81       		.byte	-127
 321 010b 02       		.byte	2
 322 010c C0       		.byte	-64
 323 010d C0       		.byte	-64
 324 010e 00       		.byte	0
 325 010f 00       		.byte	0
 326              		.type	USBFS_DEVICE0_CONFIGURATION0_INTERFACE0_ALTERNATE0_HID_IN_RPT_TABLE, %object
 327              		.size	USBFS_DEVICE0_CONFIGURATION0_INTERFACE0_ALTERNATE0_HID_IN_RPT_TABLE, 12
 328              	USBFS_DEVICE0_CONFIGURATION0_INTERFACE0_ALTERNATE0_HID_IN_RPT_TABLE:
 329 0110 4100     		.short	65
 330 0112 0000     		.space	2
 331 0114 00000000 		.word	USBFS_DEVICE0_CONFIGURATION0_INTERFACE0_ALTERNATE0_HID_IN_BUF
 332 0118 00000000 		.word	USBFS_DEVICE0_CONFIGURATION0_INTERFACE0_ALTERNATE0_HID_IN_RPT_SCB
 333              		.type	USBFS_DEVICE0_CONFIGURATION0_INTERFACE0_ALTERNATE0_HID_OUT_RPT_TABLE, %object
 334              		.size	USBFS_DEVICE0_CONFIGURATION0_INTERFACE0_ALTERNATE0_HID_OUT_RPT_TABLE, 12
 335              	USBFS_DEVICE0_CONFIGURATION0_INTERFACE0_ALTERNATE0_HID_OUT_RPT_TABLE:
 336 011c 4100     		.short	65
 337 011e 0000     		.space	2
 338 0120 00000000 		.word	USBFS_DEVICE0_CONFIGURATION0_INTERFACE0_ALTERNATE0_HID_OUT_BUF
ARM GAS  C:\DOCUME~1\ADMINI~1\LOCALS~1\Temp\cczOix9N.s 			page 7


 339 0124 00000000 		.word	USBFS_DEVICE0_CONFIGURATION0_INTERFACE0_ALTERNATE0_HID_OUT_RPT_SCB
 340              		.type	USBFS_DEVICE0_CONFIGURATION0_INTERFACE0_ALTERNATE0_HID_TABLE, %object
 341              		.size	USBFS_DEVICE0_CONFIGURATION0_INTERFACE0_ALTERNATE0_HID_TABLE, 40
 342              	USBFS_DEVICE0_CONFIGURATION0_INTERFACE0_ALTERNATE0_HID_TABLE:
 343 0128 00       		.byte	0
 344 0129 000000   		.space	3
 345 012c 00000000 		.word	USBFS_DEVICE0_CONFIGURATION0_INTERFACE0_ALTERNATE0_HID_IN_RPT_TABLE
 346 0130 00       		.byte	0
 347 0131 000000   		.space	3
 348 0134 00000000 		.word	USBFS_DEVICE0_CONFIGURATION0_INTERFACE0_ALTERNATE0_HID_OUT_RPT_TABLE
 349 0138 00       		.byte	0
 350 0139 000000   		.space	3
 351 013c 00000000 		.word	0
 352 0140 01       		.byte	1
 353 0141 000000   		.space	3
 354 0144 00000000 		.word	USBFS_HIDREPORT_DESCRIPTOR1
 355 0148 01       		.byte	1
 356 0149 000000   		.space	3
 357 014c 12000000 		.word	USBFS_DEVICE0_CONFIGURATION0_DESCR+18
 358              		.type	USBFS_DEVICE0_CONFIGURATION0_INTERFACE0_TABLE, %object
 359              		.size	USBFS_DEVICE0_CONFIGURATION0_INTERFACE0_TABLE, 8
 360              	USBFS_DEVICE0_CONFIGURATION0_INTERFACE0_TABLE:
 361 0150 01       		.byte	1
 362 0151 000000   		.space	3
 363 0154 00000000 		.word	USBFS_DEVICE0_CONFIGURATION0_INTERFACE0_ALTERNATE0_HID_TABLE
 364              		.type	USBFS_DEVICE0_CONFIGURATION0_EP_SETTINGS_TABLE, %object
 365              		.size	USBFS_DEVICE0_CONFIGURATION0_EP_SETTINGS_TABLE, 16
 366              	USBFS_DEVICE0_CONFIGURATION0_EP_SETTINGS_TABLE:
 367 0158 00       		.byte	0
 368 0159 00       		.byte	0
 369 015a 01       		.byte	1
 370 015b 03       		.byte	3
 371 015c 4000     		.short	64
 372 015e 03       		.byte	3
 373 015f 00       		.space	1
 374 0160 00       		.byte	0
 375 0161 00       		.byte	0
 376 0162 82       		.byte	-126
 377 0163 03       		.byte	3
 378 0164 4000     		.short	64
 379 0166 03       		.byte	3
 380 0167 00       		.space	1
 381              		.type	USBFS_DEVICE0_CONFIGURATION0_INTERFACE_CLASS, %object
 382              		.size	USBFS_DEVICE0_CONFIGURATION0_INTERFACE_CLASS, 1
 383              	USBFS_DEVICE0_CONFIGURATION0_INTERFACE_CLASS:
 384 0168 03       		.byte	3
 385 0169 000000   		.space	3
 386              		.type	USBFS_DEVICE0_CONFIGURATION0_TABLE, %object
 387              		.size	USBFS_DEVICE0_CONFIGURATION0_TABLE, 32
 388              	USBFS_DEVICE0_CONFIGURATION0_TABLE:
 389 016c 01       		.byte	1
 390 016d 000000   		.space	3
 391 0170 00000000 		.word	USBFS_DEVICE0_CONFIGURATION0_DESCR
 392 0174 02       		.byte	2
 393 0175 000000   		.space	3
 394 0178 00000000 		.word	USBFS_DEVICE0_CONFIGURATION0_EP_SETTINGS_TABLE
 395 017c 01       		.byte	1
ARM GAS  C:\DOCUME~1\ADMINI~1\LOCALS~1\Temp\cczOix9N.s 			page 8


 396 017d 000000   		.space	3
 397 0180 00000000 		.word	USBFS_DEVICE0_CONFIGURATION0_INTERFACE0_TABLE
 398 0184 00       		.byte	0
 399 0185 000000   		.space	3
 400 0188 00000000 		.word	USBFS_DEVICE0_CONFIGURATION0_INTERFACE_CLASS
 401              		.type	USBFS_DEVICE0_TABLE, %object
 402              		.size	USBFS_DEVICE0_TABLE, 16
 403              	USBFS_DEVICE0_TABLE:
 404 018c 01       		.byte	1
 405 018d 000000   		.space	3
 406 0190 00000000 		.word	USBFS_DEVICE0_DESCR
 407 0194 01       		.byte	1
 408 0195 000000   		.space	3
 409 0198 00000000 		.word	USBFS_DEVICE0_CONFIGURATION0_TABLE
 410              		.type	USBFS_TABLE, %object
 411              		.size	USBFS_TABLE, 8
 412              	USBFS_TABLE:
 413 019c 01       		.byte	1
 414 019d 000000   		.space	3
 415 01a0 00000000 		.word	USBFS_DEVICE0_TABLE
 416              		.text
 417              	.Letext0:
 418              		.file 1 ".\\Generated_Source\\PSoC5\\/cytypes.h"
 419              		.file 2 ".\\Generated_Source\\PSoC5\\/USBFS.h"
 420              		.file 3 ".\\Generated_Source\\PSoC5\\USBFS_descr.c"
 421              		.section	.debug_info
 422 0000 1B040000 		.4byte	0x41b
 423 0004 0200     		.2byte	0x2
 424 0006 00000000 		.4byte	.Ldebug_abbrev0
 425 000a 04       		.byte	0x4
 426 000b 01       		.uleb128 0x1
 427 000c E9030000 		.4byte	.LASF52
 428 0010 01       		.byte	0x1
 429 0011 06040000 		.4byte	.LASF53
 430 0015 CC040000 		.4byte	.LASF54
 431 0019 00000000 		.4byte	.Ltext0
 432 001d 00000000 		.4byte	.Letext0
 433 0021 00000000 		.4byte	.Ldebug_line0
 434 0025 02       		.uleb128 0x2
 435 0026 01       		.byte	0x1
 436 0027 06       		.byte	0x6
 437 0028 C0040000 		.4byte	.LASF0
 438 002c 02       		.uleb128 0x2
 439 002d 01       		.byte	0x1
 440 002e 08       		.byte	0x8
 441 002f C7030000 		.4byte	.LASF1
 442 0033 02       		.uleb128 0x2
 443 0034 02       		.byte	0x2
 444 0035 05       		.byte	0x5
 445 0036 38040000 		.4byte	.LASF2
 446 003a 02       		.uleb128 0x2
 447 003b 02       		.byte	0x2
 448 003c 07       		.byte	0x7
 449 003d 11010000 		.4byte	.LASF3
 450 0041 02       		.uleb128 0x2
 451 0042 04       		.byte	0x4
 452 0043 05       		.byte	0x5
ARM GAS  C:\DOCUME~1\ADMINI~1\LOCALS~1\Temp\cczOix9N.s 			page 9


 453 0044 B0040000 		.4byte	.LASF4
 454 0048 02       		.uleb128 0x2
 455 0049 04       		.byte	0x4
 456 004a 07       		.byte	0x7
 457 004b 70030000 		.4byte	.LASF5
 458 004f 02       		.uleb128 0x2
 459 0050 08       		.byte	0x8
 460 0051 05       		.byte	0x5
 461 0052 00000000 		.4byte	.LASF6
 462 0056 02       		.uleb128 0x2
 463 0057 08       		.byte	0x8
 464 0058 07       		.byte	0x7
 465 0059 8F030000 		.4byte	.LASF7
 466 005d 03       		.uleb128 0x3
 467 005e 04       		.byte	0x4
 468 005f 05       		.byte	0x5
 469 0060 696E7400 		.ascii	"int\000"
 470 0064 02       		.uleb128 0x2
 471 0065 04       		.byte	0x4
 472 0066 07       		.byte	0x7
 473 0067 82030000 		.4byte	.LASF8
 474 006b 04       		.uleb128 0x4
 475 006c A0040000 		.4byte	.LASF9
 476 0070 01       		.byte	0x1
 477 0071 4C       		.byte	0x4c
 478 0072 2C000000 		.4byte	0x2c
 479 0076 04       		.uleb128 0x4
 480 0077 F6020000 		.4byte	.LASF10
 481 007b 01       		.byte	0x1
 482 007c 4D       		.byte	0x4d
 483 007d 3A000000 		.4byte	0x3a
 484 0081 02       		.uleb128 0x2
 485 0082 04       		.byte	0x4
 486 0083 04       		.byte	0x4
 487 0084 8E010000 		.4byte	.LASF11
 488 0088 02       		.uleb128 0x2
 489 0089 08       		.byte	0x8
 490 008a 04       		.byte	0x4
 491 008b EF020000 		.4byte	.LASF12
 492 008f 02       		.uleb128 0x2
 493 0090 01       		.byte	0x1
 494 0091 08       		.byte	0x8
 495 0092 01040000 		.4byte	.LASF13
 496 0096 05       		.uleb128 0x5
 497 0097 6B000000 		.4byte	0x6b
 498 009b 06       		.uleb128 0x6
 499 009c 04       		.byte	0x4
 500 009d 07       		.byte	0x7
 501 009e 07       		.uleb128 0x7
 502 009f 04       		.byte	0x4
 503 00a0 08       		.uleb128 0x8
 504 00a1 2C030000 		.4byte	.LASF21
 505 00a5 08       		.byte	0x8
 506 00a6 02       		.byte	0x2
 507 00a7 87       		.byte	0x87
 508 00a8 01010000 		.4byte	0x101
 509 00ac 09       		.uleb128 0x9
ARM GAS  C:\DOCUME~1\ADMINI~1\LOCALS~1\Temp\cczOix9N.s 			page 10


 510 00ad A6040000 		.4byte	.LASF14
 511 00b1 02       		.byte	0x2
 512 00b2 88       		.byte	0x88
 513 00b3 6B000000 		.4byte	0x6b
 514 00b7 02       		.byte	0x2
 515 00b8 23       		.byte	0x23
 516 00b9 00       		.uleb128 0x0
 517 00ba 09       		.uleb128 0x9
 518 00bb 94010000 		.4byte	.LASF15
 519 00bf 02       		.byte	0x2
 520 00c0 89       		.byte	0x89
 521 00c1 6B000000 		.4byte	0x6b
 522 00c5 02       		.byte	0x2
 523 00c6 23       		.byte	0x23
 524 00c7 01       		.uleb128 0x1
 525 00c8 09       		.uleb128 0x9
 526 00c9 56020000 		.4byte	.LASF16
 527 00cd 02       		.byte	0x2
 528 00ce 8A       		.byte	0x8a
 529 00cf 6B000000 		.4byte	0x6b
 530 00d3 02       		.byte	0x2
 531 00d4 23       		.byte	0x23
 532 00d5 02       		.uleb128 0x2
 533 00d6 09       		.uleb128 0x9
 534 00d7 0E020000 		.4byte	.LASF17
 535 00db 02       		.byte	0x2
 536 00dc 8B       		.byte	0x8b
 537 00dd 6B000000 		.4byte	0x6b
 538 00e1 02       		.byte	0x2
 539 00e2 23       		.byte	0x23
 540 00e3 03       		.uleb128 0x3
 541 00e4 09       		.uleb128 0x9
 542 00e5 2D040000 		.4byte	.LASF18
 543 00e9 02       		.byte	0x2
 544 00ea 8C       		.byte	0x8c
 545 00eb 76000000 		.4byte	0x76
 546 00ef 02       		.byte	0x2
 547 00f0 23       		.byte	0x23
 548 00f1 04       		.uleb128 0x4
 549 00f2 09       		.uleb128 0x9
 550 00f3 42050000 		.4byte	.LASF19
 551 00f7 02       		.byte	0x2
 552 00f8 8D       		.byte	0x8d
 553 00f9 6B000000 		.4byte	0x6b
 554 00fd 02       		.byte	0x2
 555 00fe 23       		.byte	0x23
 556 00ff 06       		.uleb128 0x6
 557 0100 00       		.byte	0x0
 558 0101 04       		.uleb128 0x4
 559 0102 AD030000 		.4byte	.LASF20
 560 0106 02       		.byte	0x2
 561 0107 8E       		.byte	0x8e
 562 0108 A0000000 		.4byte	0xa0
 563 010c 08       		.uleb128 0x8
 564 010d F7010000 		.4byte	.LASF22
 565 0111 04       		.byte	0x4
 566 0112 02       		.byte	0x2
ARM GAS  C:\DOCUME~1\ADMINI~1\LOCALS~1\Temp\cczOix9N.s 			page 11


 567 0113 91       		.byte	0x91
 568 0114 35010000 		.4byte	0x135
 569 0118 09       		.uleb128 0x9
 570 0119 B9040000 		.4byte	.LASF23
 571 011d 02       		.byte	0x2
 572 011e 92       		.byte	0x92
 573 011f 6B000000 		.4byte	0x6b
 574 0123 02       		.byte	0x2
 575 0124 23       		.byte	0x23
 576 0125 00       		.uleb128 0x0
 577 0126 09       		.uleb128 0x9
 578 0127 30050000 		.4byte	.LASF24
 579 012b 02       		.byte	0x2
 580 012c 93       		.byte	0x93
 581 012d 76000000 		.4byte	0x76
 582 0131 02       		.byte	0x2
 583 0132 23       		.byte	0x23
 584 0133 02       		.uleb128 0x2
 585 0134 00       		.byte	0x0
 586 0135 04       		.uleb128 0x4
 587 0136 19020000 		.4byte	.LASF25
 588 013a 02       		.byte	0x2
 589 013b 94       		.byte	0x94
 590 013c 0C010000 		.4byte	0x10c
 591 0140 08       		.uleb128 0x8
 592 0141 66030000 		.4byte	.LASF26
 593 0145 0C       		.byte	0xc
 594 0146 02       		.byte	0x2
 595 0147 97       		.byte	0x97
 596 0148 77010000 		.4byte	0x177
 597 014c 09       		.uleb128 0x9
 598 014d DD000000 		.4byte	.LASF27
 599 0151 02       		.byte	0x2
 600 0152 98       		.byte	0x98
 601 0153 76000000 		.4byte	0x76
 602 0157 02       		.byte	0x2
 603 0158 23       		.byte	0x23
 604 0159 00       		.uleb128 0x0
 605 015a 09       		.uleb128 0x9
 606 015b 7D010000 		.4byte	.LASF28
 607 015f 02       		.byte	0x2
 608 0160 99       		.byte	0x99
 609 0161 77010000 		.4byte	0x177
 610 0165 02       		.byte	0x2
 611 0166 23       		.byte	0x23
 612 0167 04       		.uleb128 0x4
 613 0168 09       		.uleb128 0x9
 614 0169 0E000000 		.4byte	.LASF29
 615 016d 02       		.byte	0x2
 616 016e 9A       		.byte	0x9a
 617 016f 7D010000 		.4byte	0x17d
 618 0173 02       		.byte	0x2
 619 0174 23       		.byte	0x23
 620 0175 08       		.uleb128 0x8
 621 0176 00       		.byte	0x0
 622 0177 0A       		.uleb128 0xa
 623 0178 04       		.byte	0x4
ARM GAS  C:\DOCUME~1\ADMINI~1\LOCALS~1\Temp\cczOix9N.s 			page 12


 624 0179 96000000 		.4byte	0x96
 625 017d 0A       		.uleb128 0xa
 626 017e 04       		.byte	0x4
 627 017f 35010000 		.4byte	0x135
 628 0183 04       		.uleb128 0x4
 629 0184 83010000 		.4byte	.LASF30
 630 0188 02       		.byte	0x2
 631 0189 9B       		.byte	0x9b
 632 018a 40010000 		.4byte	0x140
 633 018e 08       		.uleb128 0x8
 634 018f 37050000 		.4byte	.LASF31
 635 0193 08       		.byte	0x8
 636 0194 02       		.byte	0x2
 637 0195 9E       		.byte	0x9e
 638 0196 B5010000 		.4byte	0x1b5
 639 019a 0B       		.uleb128 0xb
 640 019b 6300     		.ascii	"c\000"
 641 019d 02       		.byte	0x2
 642 019e 9F       		.byte	0x9f
 643 019f 6B000000 		.4byte	0x6b
 644 01a3 02       		.byte	0x2
 645 01a4 23       		.byte	0x23
 646 01a5 00       		.uleb128 0x0
 647 01a6 09       		.uleb128 0x9
 648 01a7 A6030000 		.4byte	.LASF32
 649 01ab 02       		.byte	0x2
 650 01ac A0       		.byte	0xa0
 651 01ad 9E000000 		.4byte	0x9e
 652 01b1 02       		.byte	0x2
 653 01b2 23       		.byte	0x23
 654 01b3 04       		.uleb128 0x4
 655 01b4 00       		.byte	0x0
 656 01b5 04       		.uleb128 0x4
 657 01b6 F5030000 		.4byte	.LASF33
 658 01ba 02       		.byte	0x2
 659 01bb A1       		.byte	0xa1
 660 01bc 8E010000 		.4byte	0x18e
 661 01c0 0C       		.uleb128 0xc
 662 01c1 6B000000 		.4byte	0x6b
 663 01c5 D0010000 		.4byte	0x1d0
 664 01c9 0D       		.uleb128 0xd
 665 01ca 9B000000 		.4byte	0x9b
 666 01ce 11       		.byte	0x11
 667 01cf 00       		.byte	0x0
 668 01d0 0E       		.uleb128 0xe
 669 01d1 D5030000 		.4byte	.LASF34
 670 01d5 03       		.byte	0x3
 671 01d6 26       		.byte	0x26
 672 01d7 E2010000 		.4byte	0x1e2
 673 01db 01       		.byte	0x1
 674 01dc 05       		.byte	0x5
 675 01dd 03       		.byte	0x3
 676 01de 00000000 		.4byte	USBFS_DEVICE0_DESCR
 677 01e2 0F       		.uleb128 0xf
 678 01e3 C0010000 		.4byte	0x1c0
 679 01e7 0C       		.uleb128 0xc
 680 01e8 6B000000 		.4byte	0x6b
ARM GAS  C:\DOCUME~1\ADMINI~1\LOCALS~1\Temp\cczOix9N.s 			page 13


 681 01ec F7010000 		.4byte	0x1f7
 682 01f0 0D       		.uleb128 0xd
 683 01f1 9B000000 		.4byte	0x9b
 684 01f5 28       		.byte	0x28
 685 01f6 00       		.byte	0x0
 686 01f7 0E       		.uleb128 0xe
 687 01f8 43030000 		.4byte	.LASF35
 688 01fc 03       		.byte	0x3
 689 01fd 39       		.byte	0x39
 690 01fe 09020000 		.4byte	0x209
 691 0202 01       		.byte	0x1
 692 0203 05       		.byte	0x5
 693 0204 03       		.byte	0x3
 694 0205 00000000 		.4byte	USBFS_DEVICE0_CONFIGURATION0_DESCR
 695 0209 0F       		.uleb128 0xf
 696 020a E7010000 		.4byte	0x1e7
 697 020e 0C       		.uleb128 0xc
 698 020f 6B000000 		.4byte	0x6b
 699 0213 1E020000 		.4byte	0x21e
 700 0217 0D       		.uleb128 0xd
 701 0218 9B000000 		.4byte	0x9b
 702 021c A2       		.byte	0xa2
 703 021d 00       		.byte	0x0
 704 021e 0E       		.uleb128 0xe
 705 021f DE010000 		.4byte	.LASF36
 706 0223 03       		.byte	0x3
 707 0224 70       		.byte	0x70
 708 0225 30020000 		.4byte	0x230
 709 0229 01       		.byte	0x1
 710 022a 05       		.byte	0x5
 711 022b 03       		.byte	0x3
 712 022c 00000000 		.4byte	USBFS_STRING_DESCRIPTORS
 713 0230 0F       		.uleb128 0xf
 714 0231 0E020000 		.4byte	0x20e
 715 0235 0C       		.uleb128 0xc
 716 0236 6B000000 		.4byte	0x6b
 717 023a 45020000 		.4byte	0x245
 718 023e 0D       		.uleb128 0xd
 719 023f 9B000000 		.4byte	0x9b
 720 0243 01       		.byte	0x1
 721 0244 00       		.byte	0x0
 722 0245 0E       		.uleb128 0xe
 723 0246 24010000 		.4byte	.LASF37
 724 024a 03       		.byte	0x3
 725 024b 9B       		.byte	0x9b
 726 024c 57020000 		.4byte	0x257
 727 0250 01       		.byte	0x1
 728 0251 05       		.byte	0x5
 729 0252 03       		.byte	0x3
 730 0253 00000000 		.4byte	USBFS_SN_STRING_DESCRIPTOR
 731 0257 0F       		.uleb128 0xf
 732 0258 35020000 		.4byte	0x235
 733 025c 0C       		.uleb128 0xc
 734 025d 6B000000 		.4byte	0x6b
 735 0261 6C020000 		.4byte	0x26c
 736 0265 0D       		.uleb128 0xd
 737 0266 9B000000 		.4byte	0x9b
ARM GAS  C:\DOCUME~1\ADMINI~1\LOCALS~1\Temp\cczOix9N.s 			page 14


 738 026a 27       		.byte	0x27
 739 026b 00       		.byte	0x0
 740 026c 0E       		.uleb128 0xe
 741 026d 42040000 		.4byte	.LASF38
 742 0271 03       		.byte	0x3
 743 0272 A3       		.byte	0xa3
 744 0273 7E020000 		.4byte	0x27e
 745 0277 01       		.byte	0x1
 746 0278 05       		.byte	0x5
 747 0279 03       		.byte	0x3
 748 027a 00000000 		.4byte	USBFS_HIDREPORT_DESCRIPTOR1
 749 027e 0F       		.uleb128 0xf
 750 027f 5C020000 		.4byte	0x25c
 751 0283 0E       		.uleb128 0xe
 752 0284 5E040000 		.4byte	.LASF39
 753 0288 03       		.byte	0x3
 754 0289 C1       		.byte	0xc1
 755 028a 35010000 		.4byte	0x135
 756 028e 01       		.byte	0x1
 757 028f 05       		.byte	0x5
 758 0290 03       		.byte	0x3
 759 0291 00000000 		.4byte	USBFS_DEVICE0_CONFIGURATION0_INTERFACE0_ALTERNATE0_HID_IN_RPT_SCB
 760 0295 0C       		.uleb128 0xc
 761 0296 6B000000 		.4byte	0x6b
 762 029a A5020000 		.4byte	0x2a5
 763 029e 0D       		.uleb128 0xd
 764 029f 9B000000 		.4byte	0x9b
 765 02a3 40       		.byte	0x40
 766 02a4 00       		.byte	0x0
 767 02a5 0E       		.uleb128 0xe
 768 02a6 3F010000 		.4byte	.LASF40
 769 02aa 03       		.byte	0x3
 770 02ab C2       		.byte	0xc2
 771 02ac 95020000 		.4byte	0x295
 772 02b0 01       		.byte	0x1
 773 02b1 05       		.byte	0x5
 774 02b2 03       		.byte	0x3
 775 02b3 00000000 		.4byte	USBFS_DEVICE0_CONFIGURATION0_INTERFACE0_ALTERNATE0_HID_IN_BUF
 776 02b7 0C       		.uleb128 0xc
 777 02b8 83010000 		.4byte	0x183
 778 02bc C7020000 		.4byte	0x2c7
 779 02c0 0D       		.uleb128 0xd
 780 02c1 9B000000 		.4byte	0x9b
 781 02c5 00       		.byte	0x0
 782 02c6 00       		.byte	0x0
 783 02c7 0E       		.uleb128 0xe
 784 02c8 8D000000 		.4byte	.LASF41
 785 02cc 03       		.byte	0x3
 786 02cd C8       		.byte	0xc8
 787 02ce D9020000 		.4byte	0x2d9
 788 02d2 01       		.byte	0x1
 789 02d3 05       		.byte	0x5
 790 02d4 03       		.byte	0x3
 791 02d5 00000000 		.4byte	USBFS_DEVICE0_CONFIGURATION0_INTERFACE0_ALTERNATE0_HID_IN_RPT_TABLE
 792 02d9 0F       		.uleb128 0xf
 793 02da B7020000 		.4byte	0x2b7
 794 02de 0E       		.uleb128 0xe
ARM GAS  C:\DOCUME~1\ADMINI~1\LOCALS~1\Temp\cczOix9N.s 			page 15


 795 02df 6F020000 		.4byte	.LASF42
 796 02e3 03       		.byte	0x3
 797 02e4 D0       		.byte	0xd0
 798 02e5 35010000 		.4byte	0x135
 799 02e9 01       		.byte	0x1
 800 02ea 05       		.byte	0x5
 801 02eb 03       		.byte	0x3
 802 02ec 00000000 		.4byte	USBFS_DEVICE0_CONFIGURATION0_INTERFACE0_ALTERNATE0_HID_OUT_RPT_SCB
 803 02f0 0E       		.uleb128 0xe
 804 02f1 9F010000 		.4byte	.LASF43
 805 02f5 03       		.byte	0x3
 806 02f6 D1       		.byte	0xd1
 807 02f7 95020000 		.4byte	0x295
 808 02fb 01       		.byte	0x1
 809 02fc 05       		.byte	0x5
 810 02fd 03       		.byte	0x3
 811 02fe 00000000 		.4byte	USBFS_DEVICE0_CONFIGURATION0_INTERFACE0_ALTERNATE0_HID_OUT_BUF
 812 0302 0E       		.uleb128 0xe
 813 0303 48000000 		.4byte	.LASF44
 814 0307 03       		.byte	0x3
 815 0308 D7       		.byte	0xd7
 816 0309 14030000 		.4byte	0x314
 817 030d 01       		.byte	0x1
 818 030e 05       		.byte	0x5
 819 030f 03       		.byte	0x3
 820 0310 00000000 		.4byte	USBFS_DEVICE0_CONFIGURATION0_INTERFACE0_ALTERNATE0_HID_OUT_RPT_TABLE
 821 0314 0F       		.uleb128 0xf
 822 0315 B7020000 		.4byte	0x2b7
 823 0319 0C       		.uleb128 0xc
 824 031a B5010000 		.4byte	0x1b5
 825 031e 29030000 		.4byte	0x329
 826 0322 0D       		.uleb128 0xd
 827 0323 9B000000 		.4byte	0x9b
 828 0327 04       		.byte	0x4
 829 0328 00       		.byte	0x0
 830 0329 0E       		.uleb128 0xe
 831 032a B2020000 		.4byte	.LASF45
 832 032e 03       		.byte	0x3
 833 032f E4       		.byte	0xe4
 834 0330 3B030000 		.4byte	0x33b
 835 0334 01       		.byte	0x1
 836 0335 05       		.byte	0x5
 837 0336 03       		.byte	0x3
 838 0337 00000000 		.4byte	USBFS_DEVICE0_CONFIGURATION0_INTERFACE0_ALTERNATE0_HID_TABLE
 839 033b 0F       		.uleb128 0xf
 840 033c 19030000 		.4byte	0x319
 841 0340 0C       		.uleb128 0xc
 842 0341 B5010000 		.4byte	0x1b5
 843 0345 50030000 		.4byte	0x350
 844 0349 0D       		.uleb128 0xd
 845 034a 9B000000 		.4byte	0x9b
 846 034e 00       		.byte	0x0
 847 034f 00       		.byte	0x0
 848 0350 0E       		.uleb128 0xe
 849 0351 E3000000 		.4byte	.LASF46
 850 0355 03       		.byte	0x3
 851 0356 F0       		.byte	0xf0
ARM GAS  C:\DOCUME~1\ADMINI~1\LOCALS~1\Temp\cczOix9N.s 			page 16


 852 0357 62030000 		.4byte	0x362
 853 035b 01       		.byte	0x1
 854 035c 05       		.byte	0x5
 855 035d 03       		.byte	0x3
 856 035e 00000000 		.4byte	USBFS_DEVICE0_CONFIGURATION0_INTERFACE0_TABLE
 857 0362 0F       		.uleb128 0xf
 858 0363 40030000 		.4byte	0x340
 859 0367 0C       		.uleb128 0xc
 860 0368 01010000 		.4byte	0x101
 861 036c 77030000 		.4byte	0x377
 862 0370 0D       		.uleb128 0xd
 863 0371 9B000000 		.4byte	0x9b
 864 0375 01       		.byte	0x1
 865 0376 00       		.byte	0x0
 866 0377 0E       		.uleb128 0xe
 867 0378 FD020000 		.4byte	.LASF47
 868 037c 03       		.byte	0x3
 869 037d FB       		.byte	0xfb
 870 037e 89030000 		.4byte	0x389
 871 0382 01       		.byte	0x1
 872 0383 05       		.byte	0x5
 873 0384 03       		.byte	0x3
 874 0385 00000000 		.4byte	USBFS_DEVICE0_CONFIGURATION0_EP_SETTINGS_TABLE
 875 0389 0F       		.uleb128 0xf
 876 038a 67030000 		.4byte	0x367
 877 038e 0C       		.uleb128 0xc
 878 038f 6B000000 		.4byte	0x6b
 879 0393 9E030000 		.4byte	0x39e
 880 0397 0D       		.uleb128 0xd
 881 0398 9B000000 		.4byte	0x9b
 882 039c 00       		.byte	0x0
 883 039d 00       		.byte	0x0
 884 039e 10       		.uleb128 0x10
 885 039f 1B000000 		.4byte	.LASF48
 886 03a3 03       		.byte	0x3
 887 03a4 0001     		.2byte	0x100
 888 03a6 B1030000 		.4byte	0x3b1
 889 03aa 01       		.byte	0x1
 890 03ab 05       		.byte	0x5
 891 03ac 03       		.byte	0x3
 892 03ad 00000000 		.4byte	USBFS_DEVICE0_CONFIGURATION0_INTERFACE_CLASS
 893 03b1 0F       		.uleb128 0xf
 894 03b2 8E030000 		.4byte	0x38e
 895 03b6 0C       		.uleb128 0xc
 896 03b7 B5010000 		.4byte	0x1b5
 897 03bb C6030000 		.4byte	0x3c6
 898 03bf 0D       		.uleb128 0xd
 899 03c0 9B000000 		.4byte	0x9b
 900 03c4 03       		.byte	0x3
 901 03c5 00       		.byte	0x0
 902 03c6 10       		.uleb128 0x10
 903 03c7 33020000 		.4byte	.LASF49
 904 03cb 03       		.byte	0x3
 905 03cc 0801     		.2byte	0x108
 906 03ce D9030000 		.4byte	0x3d9
 907 03d2 01       		.byte	0x1
 908 03d3 05       		.byte	0x5
ARM GAS  C:\DOCUME~1\ADMINI~1\LOCALS~1\Temp\cczOix9N.s 			page 17


 909 03d4 03       		.byte	0x3
 910 03d5 00000000 		.4byte	USBFS_DEVICE0_CONFIGURATION0_TABLE
 911 03d9 0F       		.uleb128 0xf
 912 03da B6030000 		.4byte	0x3b6
 913 03de 0C       		.uleb128 0xc
 914 03df B5010000 		.4byte	0x1b5
 915 03e3 EE030000 		.4byte	0x3ee
 916 03e7 0D       		.uleb128 0xd
 917 03e8 9B000000 		.4byte	0x9b
 918 03ec 01       		.byte	0x1
 919 03ed 00       		.byte	0x0
 920 03ee 10       		.uleb128 0x10
 921 03ef 5B020000 		.4byte	.LASF50
 922 03f3 03       		.byte	0x3
 923 03f4 1201     		.2byte	0x112
 924 03f6 01040000 		.4byte	0x401
 925 03fa 01       		.byte	0x1
 926 03fb 05       		.byte	0x5
 927 03fc 03       		.byte	0x3
 928 03fd 00000000 		.4byte	USBFS_DEVICE0_TABLE
 929 0401 0F       		.uleb128 0xf
 930 0402 DE030000 		.4byte	0x3de
 931 0406 10       		.uleb128 0x10
 932 0407 D1000000 		.4byte	.LASF51
 933 040b 03       		.byte	0x3
 934 040c 1901     		.2byte	0x119
 935 040e 19040000 		.4byte	0x419
 936 0412 01       		.byte	0x1
 937 0413 05       		.byte	0x5
 938 0414 03       		.byte	0x3
 939 0415 00000000 		.4byte	USBFS_TABLE
 940 0419 0F       		.uleb128 0xf
 941 041a 40030000 		.4byte	0x340
 942 041e 00       		.byte	0x0
 943              		.section	.debug_abbrev
 944 0000 01       		.uleb128 0x1
 945 0001 11       		.uleb128 0x11
 946 0002 01       		.byte	0x1
 947 0003 25       		.uleb128 0x25
 948 0004 0E       		.uleb128 0xe
 949 0005 13       		.uleb128 0x13
 950 0006 0B       		.uleb128 0xb
 951 0007 03       		.uleb128 0x3
 952 0008 0E       		.uleb128 0xe
 953 0009 1B       		.uleb128 0x1b
 954 000a 0E       		.uleb128 0xe
 955 000b 11       		.uleb128 0x11
 956 000c 01       		.uleb128 0x1
 957 000d 12       		.uleb128 0x12
 958 000e 01       		.uleb128 0x1
 959 000f 10       		.uleb128 0x10
 960 0010 06       		.uleb128 0x6
 961 0011 00       		.byte	0x0
 962 0012 00       		.byte	0x0
 963 0013 02       		.uleb128 0x2
 964 0014 24       		.uleb128 0x24
 965 0015 00       		.byte	0x0
ARM GAS  C:\DOCUME~1\ADMINI~1\LOCALS~1\Temp\cczOix9N.s 			page 18


 966 0016 0B       		.uleb128 0xb
 967 0017 0B       		.uleb128 0xb
 968 0018 3E       		.uleb128 0x3e
 969 0019 0B       		.uleb128 0xb
 970 001a 03       		.uleb128 0x3
 971 001b 0E       		.uleb128 0xe
 972 001c 00       		.byte	0x0
 973 001d 00       		.byte	0x0
 974 001e 03       		.uleb128 0x3
 975 001f 24       		.uleb128 0x24
 976 0020 00       		.byte	0x0
 977 0021 0B       		.uleb128 0xb
 978 0022 0B       		.uleb128 0xb
 979 0023 3E       		.uleb128 0x3e
 980 0024 0B       		.uleb128 0xb
 981 0025 03       		.uleb128 0x3
 982 0026 08       		.uleb128 0x8
 983 0027 00       		.byte	0x0
 984 0028 00       		.byte	0x0
 985 0029 04       		.uleb128 0x4
 986 002a 16       		.uleb128 0x16
 987 002b 00       		.byte	0x0
 988 002c 03       		.uleb128 0x3
 989 002d 0E       		.uleb128 0xe
 990 002e 3A       		.uleb128 0x3a
 991 002f 0B       		.uleb128 0xb
 992 0030 3B       		.uleb128 0x3b
 993 0031 0B       		.uleb128 0xb
 994 0032 49       		.uleb128 0x49
 995 0033 13       		.uleb128 0x13
 996 0034 00       		.byte	0x0
 997 0035 00       		.byte	0x0
 998 0036 05       		.uleb128 0x5
 999 0037 35       		.uleb128 0x35
 1000 0038 00       		.byte	0x0
 1001 0039 49       		.uleb128 0x49
 1002 003a 13       		.uleb128 0x13
 1003 003b 00       		.byte	0x0
 1004 003c 00       		.byte	0x0
 1005 003d 06       		.uleb128 0x6
 1006 003e 24       		.uleb128 0x24
 1007 003f 00       		.byte	0x0
 1008 0040 0B       		.uleb128 0xb
 1009 0041 0B       		.uleb128 0xb
 1010 0042 3E       		.uleb128 0x3e
 1011 0043 0B       		.uleb128 0xb
 1012 0044 00       		.byte	0x0
 1013 0045 00       		.byte	0x0
 1014 0046 07       		.uleb128 0x7
 1015 0047 0F       		.uleb128 0xf
 1016 0048 00       		.byte	0x0
 1017 0049 0B       		.uleb128 0xb
 1018 004a 0B       		.uleb128 0xb
 1019 004b 00       		.byte	0x0
 1020 004c 00       		.byte	0x0
 1021 004d 08       		.uleb128 0x8
 1022 004e 13       		.uleb128 0x13
ARM GAS  C:\DOCUME~1\ADMINI~1\LOCALS~1\Temp\cczOix9N.s 			page 19


 1023 004f 01       		.byte	0x1
 1024 0050 03       		.uleb128 0x3
 1025 0051 0E       		.uleb128 0xe
 1026 0052 0B       		.uleb128 0xb
 1027 0053 0B       		.uleb128 0xb
 1028 0054 3A       		.uleb128 0x3a
 1029 0055 0B       		.uleb128 0xb
 1030 0056 3B       		.uleb128 0x3b
 1031 0057 0B       		.uleb128 0xb
 1032 0058 01       		.uleb128 0x1
 1033 0059 13       		.uleb128 0x13
 1034 005a 00       		.byte	0x0
 1035 005b 00       		.byte	0x0
 1036 005c 09       		.uleb128 0x9
 1037 005d 0D       		.uleb128 0xd
 1038 005e 00       		.byte	0x0
 1039 005f 03       		.uleb128 0x3
 1040 0060 0E       		.uleb128 0xe
 1041 0061 3A       		.uleb128 0x3a
 1042 0062 0B       		.uleb128 0xb
 1043 0063 3B       		.uleb128 0x3b
 1044 0064 0B       		.uleb128 0xb
 1045 0065 49       		.uleb128 0x49
 1046 0066 13       		.uleb128 0x13
 1047 0067 38       		.uleb128 0x38
 1048 0068 0A       		.uleb128 0xa
 1049 0069 00       		.byte	0x0
 1050 006a 00       		.byte	0x0
 1051 006b 0A       		.uleb128 0xa
 1052 006c 0F       		.uleb128 0xf
 1053 006d 00       		.byte	0x0
 1054 006e 0B       		.uleb128 0xb
 1055 006f 0B       		.uleb128 0xb
 1056 0070 49       		.uleb128 0x49
 1057 0071 13       		.uleb128 0x13
 1058 0072 00       		.byte	0x0
 1059 0073 00       		.byte	0x0
 1060 0074 0B       		.uleb128 0xb
 1061 0075 0D       		.uleb128 0xd
 1062 0076 00       		.byte	0x0
 1063 0077 03       		.uleb128 0x3
 1064 0078 08       		.uleb128 0x8
 1065 0079 3A       		.uleb128 0x3a
 1066 007a 0B       		.uleb128 0xb
 1067 007b 3B       		.uleb128 0x3b
 1068 007c 0B       		.uleb128 0xb
 1069 007d 49       		.uleb128 0x49
 1070 007e 13       		.uleb128 0x13
 1071 007f 38       		.uleb128 0x38
 1072 0080 0A       		.uleb128 0xa
 1073 0081 00       		.byte	0x0
 1074 0082 00       		.byte	0x0
 1075 0083 0C       		.uleb128 0xc
 1076 0084 01       		.uleb128 0x1
 1077 0085 01       		.byte	0x1
 1078 0086 49       		.uleb128 0x49
 1079 0087 13       		.uleb128 0x13
ARM GAS  C:\DOCUME~1\ADMINI~1\LOCALS~1\Temp\cczOix9N.s 			page 20


 1080 0088 01       		.uleb128 0x1
 1081 0089 13       		.uleb128 0x13
 1082 008a 00       		.byte	0x0
 1083 008b 00       		.byte	0x0
 1084 008c 0D       		.uleb128 0xd
 1085 008d 21       		.uleb128 0x21
 1086 008e 00       		.byte	0x0
 1087 008f 49       		.uleb128 0x49
 1088 0090 13       		.uleb128 0x13
 1089 0091 2F       		.uleb128 0x2f
 1090 0092 0B       		.uleb128 0xb
 1091 0093 00       		.byte	0x0
 1092 0094 00       		.byte	0x0
 1093 0095 0E       		.uleb128 0xe
 1094 0096 34       		.uleb128 0x34
 1095 0097 00       		.byte	0x0
 1096 0098 03       		.uleb128 0x3
 1097 0099 0E       		.uleb128 0xe
 1098 009a 3A       		.uleb128 0x3a
 1099 009b 0B       		.uleb128 0xb
 1100 009c 3B       		.uleb128 0x3b
 1101 009d 0B       		.uleb128 0xb
 1102 009e 49       		.uleb128 0x49
 1103 009f 13       		.uleb128 0x13
 1104 00a0 3F       		.uleb128 0x3f
 1105 00a1 0C       		.uleb128 0xc
 1106 00a2 02       		.uleb128 0x2
 1107 00a3 0A       		.uleb128 0xa
 1108 00a4 00       		.byte	0x0
 1109 00a5 00       		.byte	0x0
 1110 00a6 0F       		.uleb128 0xf
 1111 00a7 26       		.uleb128 0x26
 1112 00a8 00       		.byte	0x0
 1113 00a9 49       		.uleb128 0x49
 1114 00aa 13       		.uleb128 0x13
 1115 00ab 00       		.byte	0x0
 1116 00ac 00       		.byte	0x0
 1117 00ad 10       		.uleb128 0x10
 1118 00ae 34       		.uleb128 0x34
 1119 00af 00       		.byte	0x0
 1120 00b0 03       		.uleb128 0x3
 1121 00b1 0E       		.uleb128 0xe
 1122 00b2 3A       		.uleb128 0x3a
 1123 00b3 0B       		.uleb128 0xb
 1124 00b4 3B       		.uleb128 0x3b
 1125 00b5 05       		.uleb128 0x5
 1126 00b6 49       		.uleb128 0x49
 1127 00b7 13       		.uleb128 0x13
 1128 00b8 3F       		.uleb128 0x3f
 1129 00b9 0C       		.uleb128 0xc
 1130 00ba 02       		.uleb128 0x2
 1131 00bb 0A       		.uleb128 0xa
 1132 00bc 00       		.byte	0x0
 1133 00bd 00       		.byte	0x0
 1134 00be 00       		.byte	0x0
 1135              		.section	.debug_pubnames,"",%progbits
 1136 0000 72030000 		.4byte	0x372
ARM GAS  C:\DOCUME~1\ADMINI~1\LOCALS~1\Temp\cczOix9N.s 			page 21


 1137 0004 0200     		.2byte	0x2
 1138 0006 00000000 		.4byte	.Ldebug_info0
 1139 000a 1F040000 		.4byte	0x41f
 1140 000e D0010000 		.4byte	0x1d0
 1141 0012 55534246 		.ascii	"USBFS_DEVICE0_DESCR\000"
 1141      535F4445 
 1141      56494345 
 1141      305F4445 
 1141      53435200 
 1142 0026 F7010000 		.4byte	0x1f7
 1143 002a 55534246 		.ascii	"USBFS_DEVICE0_CONFIGURATION0_DESCR\000"
 1143      535F4445 
 1143      56494345 
 1143      305F434F 
 1143      4E464947 
 1144 004d 1E020000 		.4byte	0x21e
 1145 0051 55534246 		.ascii	"USBFS_STRING_DESCRIPTORS\000"
 1145      535F5354 
 1145      52494E47 
 1145      5F444553 
 1145      43524950 
 1146 006a 45020000 		.4byte	0x245
 1147 006e 55534246 		.ascii	"USBFS_SN_STRING_DESCRIPTOR\000"
 1147      535F534E 
 1147      5F535452 
 1147      494E475F 
 1147      44455343 
 1148 0089 6C020000 		.4byte	0x26c
 1149 008d 55534246 		.ascii	"USBFS_HIDREPORT_DESCRIPTOR1\000"
 1149      535F4849 
 1149      44524550 
 1149      4F52545F 
 1149      44455343 
 1150 00a9 83020000 		.4byte	0x283
 1151 00ad 55534246 		.ascii	"USBFS_DEVICE0_CONFIGURATION0_INTERFACE0_ALTERNATE0_"
 1151      535F4445 
 1151      56494345 
 1151      305F434F 
 1151      4E464947 
 1152 00e0 4849445F 		.ascii	"HID_IN_RPT_SCB\000"
 1152      494E5F52 
 1152      50545F53 
 1152      434200
 1153 00ef A5020000 		.4byte	0x2a5
 1154 00f3 55534246 		.ascii	"USBFS_DEVICE0_CONFIGURATION0_INTERFACE0_ALTERNATE0_"
 1154      535F4445 
 1154      56494345 
 1154      305F434F 
 1154      4E464947 
 1155 0126 4849445F 		.ascii	"HID_IN_BUF\000"
 1155      494E5F42 
 1155      554600
 1156 0131 C7020000 		.4byte	0x2c7
 1157 0135 55534246 		.ascii	"USBFS_DEVICE0_CONFIGURATION0_INTERFACE0_ALTERNATE0_"
 1157      535F4445 
 1157      56494345 
 1157      305F434F 
ARM GAS  C:\DOCUME~1\ADMINI~1\LOCALS~1\Temp\cczOix9N.s 			page 22


 1157      4E464947 
 1158 0168 4849445F 		.ascii	"HID_IN_RPT_TABLE\000"
 1158      494E5F52 
 1158      50545F54 
 1158      41424C45 
 1158      00
 1159 0179 DE020000 		.4byte	0x2de
 1160 017d 55534246 		.ascii	"USBFS_DEVICE0_CONFIGURATION0_INTERFACE0_ALTERNATE0_"
 1160      535F4445 
 1160      56494345 
 1160      305F434F 
 1160      4E464947 
 1161 01b0 4849445F 		.ascii	"HID_OUT_RPT_SCB\000"
 1161      4F55545F 
 1161      5250545F 
 1161      53434200 
 1162 01c0 F0020000 		.4byte	0x2f0
 1163 01c4 55534246 		.ascii	"USBFS_DEVICE0_CONFIGURATION0_INTERFACE0_ALTERNATE0_"
 1163      535F4445 
 1163      56494345 
 1163      305F434F 
 1163      4E464947 
 1164 01f7 4849445F 		.ascii	"HID_OUT_BUF\000"
 1164      4F55545F 
 1164      42554600 
 1165 0203 02030000 		.4byte	0x302
 1166 0207 55534246 		.ascii	"USBFS_DEVICE0_CONFIGURATION0_INTERFACE0_ALTERNATE0_"
 1166      535F4445 
 1166      56494345 
 1166      305F434F 
 1166      4E464947 
 1167 023a 4849445F 		.ascii	"HID_OUT_RPT_TABLE\000"
 1167      4F55545F 
 1167      5250545F 
 1167      5441424C 
 1167      4500
 1168 024c 29030000 		.4byte	0x329
 1169 0250 55534246 		.ascii	"USBFS_DEVICE0_CONFIGURATION0_INTERFACE0_ALTERNATE0_"
 1169      535F4445 
 1169      56494345 
 1169      305F434F 
 1169      4E464947 
 1170 0283 4849445F 		.ascii	"HID_TABLE\000"
 1170      5441424C 
 1170      4500
 1171 028d 50030000 		.4byte	0x350
 1172 0291 55534246 		.ascii	"USBFS_DEVICE0_CONFIGURATION0_INTERFACE0_TABLE\000"
 1172      535F4445 
 1172      56494345 
 1172      305F434F 
 1172      4E464947 
 1173 02bf 77030000 		.4byte	0x377
 1174 02c3 55534246 		.ascii	"USBFS_DEVICE0_CONFIGURATION0_EP_SETTINGS_TABLE\000"
 1174      535F4445 
 1174      56494345 
 1174      305F434F 
 1174      4E464947 
ARM GAS  C:\DOCUME~1\ADMINI~1\LOCALS~1\Temp\cczOix9N.s 			page 23


 1175 02f2 9E030000 		.4byte	0x39e
 1176 02f6 55534246 		.ascii	"USBFS_DEVICE0_CONFIGURATION0_INTERFACE_CLASS\000"
 1176      535F4445 
 1176      56494345 
 1176      305F434F 
 1176      4E464947 
 1177 0323 C6030000 		.4byte	0x3c6
 1178 0327 55534246 		.ascii	"USBFS_DEVICE0_CONFIGURATION0_TABLE\000"
 1178      535F4445 
 1178      56494345 
 1178      305F434F 
 1178      4E464947 
 1179 034a EE030000 		.4byte	0x3ee
 1180 034e 55534246 		.ascii	"USBFS_DEVICE0_TABLE\000"
 1180      535F4445 
 1180      56494345 
 1180      305F5441 
 1180      424C4500 
 1181 0362 06040000 		.4byte	0x406
 1182 0366 55534246 		.ascii	"USBFS_TABLE\000"
 1182      535F5441 
 1182      424C4500 
 1183 0372 00000000 		.4byte	0x0
 1184              		.section	.debug_str,"MS",%progbits,1
 1185              	.LASF6:
 1186 0000 6C6F6E67 		.ascii	"long long int\000"
 1186      206C6F6E 
 1186      6720696E 
 1186      7400
 1187              	.LASF29:
 1188 000e 70537461 		.ascii	"pStatusBlock\000"
 1188      74757342 
 1188      6C6F636B 
 1188      00
 1189              	.LASF48:
 1190 001b 55534246 		.ascii	"USBFS_DEVICE0_CONFIGURATION0_INTERFACE_CLASS\000"
 1190      535F4445 
 1190      56494345 
 1190      305F434F 
 1190      4E464947 
 1191              	.LASF44:
 1192 0048 55534246 		.ascii	"USBFS_DEVICE0_CONFIGURATION0_INTERFACE0_ALTERNATE0_"
 1192      535F4445 
 1192      56494345 
 1192      305F434F 
 1192      4E464947 
 1193 007b 4849445F 		.ascii	"HID_OUT_RPT_TABLE\000"
 1193      4F55545F 
 1193      5250545F 
 1193      5441424C 
 1193      4500
 1194              	.LASF41:
 1195 008d 55534246 		.ascii	"USBFS_DEVICE0_CONFIGURATION0_INTERFACE0_ALTERNATE0_"
 1195      535F4445 
 1195      56494345 
 1195      305F434F 
 1195      4E464947 
ARM GAS  C:\DOCUME~1\ADMINI~1\LOCALS~1\Temp\cczOix9N.s 			page 24


 1196 00c0 4849445F 		.ascii	"HID_IN_RPT_TABLE\000"
 1196      494E5F52 
 1196      50545F54 
 1196      41424C45 
 1196      00
 1197              	.LASF51:
 1198 00d1 55534246 		.ascii	"USBFS_TABLE\000"
 1198      535F5441 
 1198      424C4500 
 1199              	.LASF27:
 1200 00dd 636F756E 		.ascii	"count\000"
 1200      7400
 1201              	.LASF46:
 1202 00e3 55534246 		.ascii	"USBFS_DEVICE0_CONFIGURATION0_INTERFACE0_TABLE\000"
 1202      535F4445 
 1202      56494345 
 1202      305F434F 
 1202      4E464947 
 1203              	.LASF3:
 1204 0111 73686F72 		.ascii	"short unsigned int\000"
 1204      7420756E 
 1204      7369676E 
 1204      65642069 
 1204      6E7400
 1205              	.LASF37:
 1206 0124 55534246 		.ascii	"USBFS_SN_STRING_DESCRIPTOR\000"
 1206      535F534E 
 1206      5F535452 
 1206      494E475F 
 1206      44455343 
 1207              	.LASF40:
 1208 013f 55534246 		.ascii	"USBFS_DEVICE0_CONFIGURATION0_INTERFACE0_ALTERNATE0_"
 1208      535F4445 
 1208      56494345 
 1208      305F434F 
 1208      4E464947 
 1209 0172 4849445F 		.ascii	"HID_IN_BUF\000"
 1209      494E5F42 
 1209      554600
 1210              	.LASF28:
 1211 017d 70446174 		.ascii	"pData\000"
 1211      6100
 1212              	.LASF30:
 1213 0183 545F5553 		.ascii	"T_USBFS_TD\000"
 1213      4246535F 
 1213      544400
 1214              	.LASF11:
 1215 018e 666C6F61 		.ascii	"float\000"
 1215      7400
 1216              	.LASF15:
 1217 0194 616C7453 		.ascii	"altSetting\000"
 1217      65747469 
 1217      6E6700
 1218              	.LASF43:
 1219 019f 55534246 		.ascii	"USBFS_DEVICE0_CONFIGURATION0_INTERFACE0_ALTERNATE0_"
 1219      535F4445 
 1219      56494345 
ARM GAS  C:\DOCUME~1\ADMINI~1\LOCALS~1\Temp\cczOix9N.s 			page 25


 1219      305F434F 
 1219      4E464947 
 1220 01d2 4849445F 		.ascii	"HID_OUT_BUF\000"
 1220      4F55545F 
 1220      42554600 
 1221              	.LASF36:
 1222 01de 55534246 		.ascii	"USBFS_STRING_DESCRIPTORS\000"
 1222      535F5354 
 1222      52494E47 
 1222      5F444553 
 1222      43524950 
 1223              	.LASF22:
 1224 01f7 5F555342 		.ascii	"_USBFS_XferStatusBlock\000"
 1224      46535F58 
 1224      66657253 
 1224      74617475 
 1224      73426C6F 
 1225              	.LASF17:
 1226 020e 61747472 		.ascii	"attributes\000"
 1226      69627574 
 1226      657300
 1227              	.LASF25:
 1228 0219 545F5553 		.ascii	"T_USBFS_XFER_STATUS_BLOCK\000"
 1228      4246535F 
 1228      58464552 
 1228      5F535441 
 1228      5455535F 
 1229              	.LASF49:
 1230 0233 55534246 		.ascii	"USBFS_DEVICE0_CONFIGURATION0_TABLE\000"
 1230      535F4445 
 1230      56494345 
 1230      305F434F 
 1230      4E464947 
 1231              	.LASF16:
 1232 0256 61646472 		.ascii	"addr\000"
 1232      00
 1233              	.LASF50:
 1234 025b 55534246 		.ascii	"USBFS_DEVICE0_TABLE\000"
 1234      535F4445 
 1234      56494345 
 1234      305F5441 
 1234      424C4500 
 1235              	.LASF42:
 1236 026f 55534246 		.ascii	"USBFS_DEVICE0_CONFIGURATION0_INTERFACE0_ALTERNATE0_"
 1236      535F4445 
 1236      56494345 
 1236      305F434F 
 1236      4E464947 
 1237 02a2 4849445F 		.ascii	"HID_OUT_RPT_SCB\000"
 1237      4F55545F 
 1237      5250545F 
 1237      53434200 
 1238              	.LASF45:
 1239 02b2 55534246 		.ascii	"USBFS_DEVICE0_CONFIGURATION0_INTERFACE0_ALTERNATE0_"
 1239      535F4445 
 1239      56494345 
 1239      305F434F 
ARM GAS  C:\DOCUME~1\ADMINI~1\LOCALS~1\Temp\cczOix9N.s 			page 26


 1239      4E464947 
 1240 02e5 4849445F 		.ascii	"HID_TABLE\000"
 1240      5441424C 
 1240      4500
 1241              	.LASF12:
 1242 02ef 646F7562 		.ascii	"double\000"
 1242      6C6500
 1243              	.LASF10:
 1244 02f6 75696E74 		.ascii	"uint16\000"
 1244      313600
 1245              	.LASF47:
 1246 02fd 55534246 		.ascii	"USBFS_DEVICE0_CONFIGURATION0_EP_SETTINGS_TABLE\000"
 1246      535F4445 
 1246      56494345 
 1246      305F434F 
 1246      4E464947 
 1247              	.LASF21:
 1248 032c 5F555342 		.ascii	"_USBFS_EpSettingsBlock\000"
 1248      46535F45 
 1248      70536574 
 1248      74696E67 
 1248      73426C6F 
 1249              	.LASF35:
 1250 0343 55534246 		.ascii	"USBFS_DEVICE0_CONFIGURATION0_DESCR\000"
 1250      535F4445 
 1250      56494345 
 1250      305F434F 
 1250      4E464947 
 1251              	.LASF26:
 1252 0366 5F555342 		.ascii	"_USBFS_Td\000"
 1252      46535F54 
 1252      6400
 1253              	.LASF5:
 1254 0370 6C6F6E67 		.ascii	"long unsigned int\000"
 1254      20756E73 
 1254      69676E65 
 1254      6420696E 
 1254      7400
 1255              	.LASF8:
 1256 0382 756E7369 		.ascii	"unsigned int\000"
 1256      676E6564 
 1256      20696E74 
 1256      00
 1257              	.LASF7:
 1258 038f 6C6F6E67 		.ascii	"long long unsigned int\000"
 1258      206C6F6E 
 1258      6720756E 
 1258      7369676E 
 1258      65642069 
 1259              	.LASF32:
 1260 03a6 705F6C69 		.ascii	"p_list\000"
 1260      737400
 1261              	.LASF20:
 1262 03ad 545F5553 		.ascii	"T_USBFS_EP_SETTINGS_BLOCK\000"
 1262      4246535F 
 1262      45505F53 
 1262      45545449 
ARM GAS  C:\DOCUME~1\ADMINI~1\LOCALS~1\Temp\cczOix9N.s 			page 27


 1262      4E47535F 
 1263              	.LASF1:
 1264 03c7 756E7369 		.ascii	"unsigned char\000"
 1264      676E6564 
 1264      20636861 
 1264      7200
 1265              	.LASF34:
 1266 03d5 55534246 		.ascii	"USBFS_DEVICE0_DESCR\000"
 1266      535F4445 
 1266      56494345 
 1266      305F4445 
 1266      53435200 
 1267              	.LASF52:
 1268 03e9 474E5520 		.ascii	"GNU C 4.4.1\000"
 1268      4320342E 
 1268      342E3100 
 1269              	.LASF33:
 1270 03f5 545F5553 		.ascii	"T_USBFS_LUT\000"
 1270      4246535F 
 1270      4C555400 
 1271              	.LASF13:
 1272 0401 63686172 		.ascii	"char\000"
 1272      00
 1273              	.LASF53:
 1274 0406 2E5C4765 		.ascii	".\\Generated_Source\\PSoC5\\USBFS_descr.c\000"
 1274      6E657261 
 1274      7465645F 
 1274      536F7572 
 1274      63655C50 
 1275              	.LASF18:
 1276 042d 62756666 		.ascii	"bufferSize\000"
 1276      65725369 
 1276      7A6500
 1277              	.LASF2:
 1278 0438 73686F72 		.ascii	"short int\000"
 1278      7420696E 
 1278      7400
 1279              	.LASF38:
 1280 0442 55534246 		.ascii	"USBFS_HIDREPORT_DESCRIPTOR1\000"
 1280      535F4849 
 1280      44524550 
 1280      4F52545F 
 1280      44455343 
 1281              	.LASF39:
 1282 045e 55534246 		.ascii	"USBFS_DEVICE0_CONFIGURATION0_INTERFACE0_ALTERNATE0_"
 1282      535F4445 
 1282      56494345 
 1282      305F434F 
 1282      4E464947 
 1283 0491 4849445F 		.ascii	"HID_IN_RPT_SCB\000"
 1283      494E5F52 
 1283      50545F53 
 1283      434200
 1284              	.LASF9:
 1285 04a0 75696E74 		.ascii	"uint8\000"
 1285      3800
 1286              	.LASF14:
ARM GAS  C:\DOCUME~1\ADMINI~1\LOCALS~1\Temp\cczOix9N.s 			page 28


 1287 04a6 696E7465 		.ascii	"interface\000"
 1287      72666163 
 1287      6500
 1288              	.LASF4:
 1289 04b0 6C6F6E67 		.ascii	"long int\000"
 1289      20696E74 
 1289      00
 1290              	.LASF23:
 1291 04b9 73746174 		.ascii	"status\000"
 1291      757300
 1292              	.LASF0:
 1293 04c0 7369676E 		.ascii	"signed char\000"
 1293      65642063 
 1293      68617200 
 1294              	.LASF54:
 1295 04cc 5C5C7073 		.ascii	"\\\\psf\\Home\\Desktop\\USB-Audio-PSOC5LP\\Firmware"
 1295      665C486F 
 1295      6D655C44 
 1295      65736B74 
 1295      6F705C55 
 1296 04f9 5C4B6974 		.ascii	"\\KitProg version 2_03\\KitProg\\KitProg_Bootloader"
 1296      50726F67 
 1296      20766572 
 1296      73696F6E 
 1296      20325F30 
 1297 0529 2E637964 		.ascii	".cydsn\000"
 1297      736E00
 1298              	.LASF24:
 1299 0530 6C656E67 		.ascii	"length\000"
 1299      746800
 1300              	.LASF31:
 1301 0537 5F555342 		.ascii	"_USBFS_Lut\000"
 1301      46535F4C 
 1301      757400
 1302              	.LASF19:
 1303 0542 624D6973 		.ascii	"bMisc\000"
 1303      6300
 1304              		.ident	"GCC: (Sourcery G++ Lite 2010q1-188) 4.4.1"
