ARM GAS  C:\DOCUME~1\ADMINI~1\LOCALS~1\Temp\cc85HdVL.s 			page 1


   1              		.syntax unified
   2              		.cpu cortex-m3
   3              		.fpu softvfp
   4              		.eabi_attribute 20, 1
   5              		.eabi_attribute 21, 1
   6              		.eabi_attribute 23, 3
   7              		.eabi_attribute 24, 1
   8              		.eabi_attribute 25, 1
   9              		.eabi_attribute 26, 1
  10              		.eabi_attribute 30, 4
  11              		.eabi_attribute 18, 4
  12              		.thumb
  13              		.file	"USBFS_cls.c"
  14              		.section	.debug_abbrev,"",%progbits
  15              	.Ldebug_abbrev0:
  16              		.section	.debug_info,"",%progbits
  17              	.Ldebug_info0:
  18              		.section	.debug_line,"",%progbits
  19              	.Ldebug_line0:
  20 0000 93000000 		.text
  20      02006D00 
  20      00000201 
  20      FB0E0D00 
  20      01010101 
  21              	.Ltext0:
  22              		.cfi_sections	.debug_frame
  23              		.section	.text.USBFS_DispatchClassRqst,"ax",%progbits
  24              		.align	1
  25              		.global	USBFS_DispatchClassRqst
  26              		.thumb
  27              		.thumb_func
  28              		.type	USBFS_DispatchClassRqst, %function
  29              	USBFS_DispatchClassRqst:
  30              	.LFB0:
  31              		.file 1 ".\\Generated_Source\\PSoC5\\USBFS_cls.c"
   1:.\Generated_Source\PSoC5/USBFS_cls.c **** /*******************************************************************************
   2:.\Generated_Source\PSoC5/USBFS_cls.c **** * File Name: USBFS_cls.c
   3:.\Generated_Source\PSoC5/USBFS_cls.c **** * Version 2.51
   4:.\Generated_Source\PSoC5/USBFS_cls.c **** *
   5:.\Generated_Source\PSoC5/USBFS_cls.c **** * Description:
   6:.\Generated_Source\PSoC5/USBFS_cls.c **** *  USB Class request handler.
   7:.\Generated_Source\PSoC5/USBFS_cls.c **** *
   8:.\Generated_Source\PSoC5/USBFS_cls.c **** * Note:
   9:.\Generated_Source\PSoC5/USBFS_cls.c **** *
  10:.\Generated_Source\PSoC5/USBFS_cls.c **** ********************************************************************************
  11:.\Generated_Source\PSoC5/USBFS_cls.c **** * Copyright 2008-2012, Cypress Semiconductor Corporation.  All rights reserved.
  12:.\Generated_Source\PSoC5/USBFS_cls.c **** * You may use this file only in accordance with the license, terms, conditions,
  13:.\Generated_Source\PSoC5/USBFS_cls.c **** * disclaimers, and limitations in the end user license agreement accompanying
  14:.\Generated_Source\PSoC5/USBFS_cls.c **** * the software package with which this file was provided.
  15:.\Generated_Source\PSoC5/USBFS_cls.c **** *******************************************************************************/
  16:.\Generated_Source\PSoC5/USBFS_cls.c **** 
  17:.\Generated_Source\PSoC5/USBFS_cls.c **** #include "USBFS.h"
  18:.\Generated_Source\PSoC5/USBFS_cls.c **** 
  19:.\Generated_Source\PSoC5/USBFS_cls.c **** #if(USBFS_EXTERN_CLS == USBFS_FALSE)
  20:.\Generated_Source\PSoC5/USBFS_cls.c **** 
  21:.\Generated_Source\PSoC5/USBFS_cls.c **** 
  22:.\Generated_Source\PSoC5/USBFS_cls.c **** /***************************************
ARM GAS  C:\DOCUME~1\ADMINI~1\LOCALS~1\Temp\cc85HdVL.s 			page 2


  23:.\Generated_Source\PSoC5/USBFS_cls.c **** * External references
  24:.\Generated_Source\PSoC5/USBFS_cls.c **** ***************************************/
  25:.\Generated_Source\PSoC5/USBFS_cls.c **** 
  26:.\Generated_Source\PSoC5/USBFS_cls.c **** #if defined(USBFS_ENABLE_HID_CLASS)
  27:.\Generated_Source\PSoC5/USBFS_cls.c ****     uint8 USBFS_DispatchHIDClassRqst(void);
  28:.\Generated_Source\PSoC5/USBFS_cls.c **** #endif /* End USBFS_ENABLE_HID_CLASS */
  29:.\Generated_Source\PSoC5/USBFS_cls.c **** #if defined(USBFS_ENABLE_AUDIO_CLASS)
  30:.\Generated_Source\PSoC5/USBFS_cls.c ****     uint8 USBFS_DispatchAUDIOClassRqst(void);
  31:.\Generated_Source\PSoC5/USBFS_cls.c **** #endif /* End USBFS_ENABLE_HID_CLASS */
  32:.\Generated_Source\PSoC5/USBFS_cls.c **** #if defined(USBFS_ENABLE_CDC_CLASS)
  33:.\Generated_Source\PSoC5/USBFS_cls.c ****     uint8 USBFS_DispatchCDCClassRqst(void);
  34:.\Generated_Source\PSoC5/USBFS_cls.c **** #endif /* End USBFS_ENABLE_CDC_CLASS */
  35:.\Generated_Source\PSoC5/USBFS_cls.c **** 
  36:.\Generated_Source\PSoC5/USBFS_cls.c **** extern uint8 CYCODE *USBFS_interfaceClass;
  37:.\Generated_Source\PSoC5/USBFS_cls.c **** extern volatile T_USBFS_EP_CTL_BLOCK USBFS_EP[];
  38:.\Generated_Source\PSoC5/USBFS_cls.c **** 
  39:.\Generated_Source\PSoC5/USBFS_cls.c **** 
  40:.\Generated_Source\PSoC5/USBFS_cls.c **** /***************************************
  41:.\Generated_Source\PSoC5/USBFS_cls.c **** * User Implemented Class Driver Declarations.
  42:.\Generated_Source\PSoC5/USBFS_cls.c **** ***************************************/
  43:.\Generated_Source\PSoC5/USBFS_cls.c **** /* `#START USER_DEFINED_CLASS_DECLARATIONS` Place your declaration here */
  44:.\Generated_Source\PSoC5/USBFS_cls.c **** 
  45:.\Generated_Source\PSoC5/USBFS_cls.c **** /* `#END` */
  46:.\Generated_Source\PSoC5/USBFS_cls.c **** 
  47:.\Generated_Source\PSoC5/USBFS_cls.c **** 
  48:.\Generated_Source\PSoC5/USBFS_cls.c **** /*******************************************************************************
  49:.\Generated_Source\PSoC5/USBFS_cls.c **** * Function Name: USBFS_DispatchClassRqst
  50:.\Generated_Source\PSoC5/USBFS_cls.c **** ********************************************************************************
  51:.\Generated_Source\PSoC5/USBFS_cls.c **** * Summary:
  52:.\Generated_Source\PSoC5/USBFS_cls.c **** *  This routine dispatches class specific requests depend on inteface class.
  53:.\Generated_Source\PSoC5/USBFS_cls.c **** *
  54:.\Generated_Source\PSoC5/USBFS_cls.c **** * Parameters:
  55:.\Generated_Source\PSoC5/USBFS_cls.c **** *  None.
  56:.\Generated_Source\PSoC5/USBFS_cls.c **** *
  57:.\Generated_Source\PSoC5/USBFS_cls.c **** * Return:
  58:.\Generated_Source\PSoC5/USBFS_cls.c **** *  requestHandled.
  59:.\Generated_Source\PSoC5/USBFS_cls.c **** *
  60:.\Generated_Source\PSoC5/USBFS_cls.c **** * Reentrant:
  61:.\Generated_Source\PSoC5/USBFS_cls.c **** *  No.
  62:.\Generated_Source\PSoC5/USBFS_cls.c **** *
  63:.\Generated_Source\PSoC5/USBFS_cls.c **** *******************************************************************************/
  64:.\Generated_Source\PSoC5/USBFS_cls.c **** uint8 USBFS_DispatchClassRqst() 
  65:.\Generated_Source\PSoC5/USBFS_cls.c **** {
  32              		.loc 1 65 0
  33              		.cfi_startproc
  34              		@ args = 0, pretend = 0, frame = 0
  35              		@ frame_needed = 0, uses_anonymous_args = 0
  36              		@ link register save eliminated.
  66:.\Generated_Source\PSoC5/USBFS_cls.c ****     uint8 requestHandled = USBFS_FALSE;
  67:.\Generated_Source\PSoC5/USBFS_cls.c ****     uint8 interfaceNumber = 0u;
  68:.\Generated_Source\PSoC5/USBFS_cls.c **** 
  69:.\Generated_Source\PSoC5/USBFS_cls.c ****     switch(CY_GET_REG8(USBFS_bmRequestType) & USBFS_RQST_RCPT_MASK)
  37              		.loc 1 69 0
  38 0000 0F4B     		ldr	r3, .L11
  39 0002 1B78     		ldrb	r3, [r3, #0]	@ zero_extendqisi2
  40 0004 03F00303 		and	r3, r3, #3
  41 0008 012B     		cmp	r3, #1
ARM GAS  C:\DOCUME~1\ADMINI~1\LOCALS~1\Temp\cc85HdVL.s 			page 3


  42 000a 03D0     		beq	.L3
  43 000c 022B     		cmp	r3, #2
  44 000e 04D0     		beq	.L4
  45 0010 0023     		movs	r3, #0
  46              	.LVL0:
  47 0012 0CE0     		b	.L5
  48              	.LVL1:
  49              	.L3:
  70:.\Generated_Source\PSoC5/USBFS_cls.c ****     {
  71:.\Generated_Source\PSoC5/USBFS_cls.c ****         case USBFS_RQST_RCPT_IFC:        /* class-specific request directed to an interface */
  72:.\Generated_Source\PSoC5/USBFS_cls.c ****             interfaceNumber = CY_GET_REG8(USBFS_wIndexLo); /* wIndexLo contain Interface number */
  50              		.loc 1 72 0
  51 0014 0B4B     		ldr	r3, .L11+4
  52 0016 1B78     		ldrb	r3, [r3, #0]	@ zero_extendqisi2
  73:.\Generated_Source\PSoC5/USBFS_cls.c ****             break;
  53              		.loc 1 73 0
  54 0018 09E0     		b	.L5
  55              	.L4:
  74:.\Generated_Source\PSoC5/USBFS_cls.c ****         case USBFS_RQST_RCPT_EP:         /* class-specific request directed to the endpoint */
  75:.\Generated_Source\PSoC5/USBFS_cls.c ****             /* find related intenface to the endpoint, wIndexLo contain EP number */
  76:.\Generated_Source\PSoC5/USBFS_cls.c ****             interfaceNumber =
  77:.\Generated_Source\PSoC5/USBFS_cls.c ****                 USBFS_EP[CY_GET_REG8(USBFS_wIndexLo) & USBFS_DIR_UNUSED].interface;
  56              		.loc 1 77 0
  57 001a 0A4B     		ldr	r3, .L11+4
  58              		.loc 1 76 0
  59 001c 0A4A     		ldr	r2, .L11+8
  60              		.loc 1 77 0
  61 001e 1B78     		ldrb	r3, [r3, #0]	@ zero_extendqisi2
  62              		.loc 1 76 0
  63 0020 0C21     		movs	r1, #12
  64              		.loc 1 77 0
  65 0022 03F07F03 		and	r3, r3, #127
  66              		.loc 1 76 0
  67 0026 01FB0323 		mla	r3, r1, r3, r2
  68 002a 0833     		adds	r3, r3, #8
  69 002c 9B78     		ldrb	r3, [r3, #2]	@ zero_extendqisi2
  70              	.LVL2:
  71              	.L5:
  78:.\Generated_Source\PSoC5/USBFS_cls.c ****             break;
  79:.\Generated_Source\PSoC5/USBFS_cls.c ****         default:    /* requestHandled is initialized as FALSE by default */
  80:.\Generated_Source\PSoC5/USBFS_cls.c ****             break;
  81:.\Generated_Source\PSoC5/USBFS_cls.c ****     }
  82:.\Generated_Source\PSoC5/USBFS_cls.c ****     /* Handle Class request depend on interface type */
  83:.\Generated_Source\PSoC5/USBFS_cls.c ****     switch(USBFS_interfaceClass[interfaceNumber])
  72              		.loc 1 83 0
  73 002e 074A     		ldr	r2, .L11+12
  74 0030 1268     		ldr	r2, [r2, #0]
  75 0032 D35C     		ldrb	r3, [r2, r3]	@ zero_extendqisi2
  76              	.LVL3:
  77 0034 032B     		cmp	r3, #3
  78 0036 01D0     		beq	.L7
  84:.\Generated_Source\PSoC5/USBFS_cls.c ****     {
  85:.\Generated_Source\PSoC5/USBFS_cls.c ****         case USBFS_CLASS_HID:
  86:.\Generated_Source\PSoC5/USBFS_cls.c ****             #if defined(USBFS_ENABLE_HID_CLASS)
  87:.\Generated_Source\PSoC5/USBFS_cls.c ****                 requestHandled = USBFS_DispatchHIDClassRqst();
  88:.\Generated_Source\PSoC5/USBFS_cls.c ****             #endif /* USBFS_ENABLE_HID_CLASS */
  89:.\Generated_Source\PSoC5/USBFS_cls.c ****             break;
ARM GAS  C:\DOCUME~1\ADMINI~1\LOCALS~1\Temp\cc85HdVL.s 			page 4


  90:.\Generated_Source\PSoC5/USBFS_cls.c ****         case USBFS_CLASS_AUDIO:
  91:.\Generated_Source\PSoC5/USBFS_cls.c ****             #if defined(USBFS_ENABLE_AUDIO_CLASS)
  92:.\Generated_Source\PSoC5/USBFS_cls.c ****                 requestHandled = USBFS_DispatchAUDIOClassRqst();
  93:.\Generated_Source\PSoC5/USBFS_cls.c ****             #endif /* USBFS_ENABLE_HID_CLASS */
  94:.\Generated_Source\PSoC5/USBFS_cls.c ****             break;
  95:.\Generated_Source\PSoC5/USBFS_cls.c ****         case USBFS_CLASS_CDC:
  96:.\Generated_Source\PSoC5/USBFS_cls.c ****             #if defined(USBFS_ENABLE_CDC_CLASS)
  97:.\Generated_Source\PSoC5/USBFS_cls.c ****                 requestHandled = USBFS_DispatchCDCClassRqst();
  98:.\Generated_Source\PSoC5/USBFS_cls.c ****             #endif /* USBFS_ENABLE_CDC_CLASS */
  99:.\Generated_Source\PSoC5/USBFS_cls.c ****             break;
 100:.\Generated_Source\PSoC5/USBFS_cls.c ****         default:    /* requestHandled is initialezed as FALSE by default */
 101:.\Generated_Source\PSoC5/USBFS_cls.c ****             break;
 102:.\Generated_Source\PSoC5/USBFS_cls.c ****     }
 103:.\Generated_Source\PSoC5/USBFS_cls.c **** 
 104:.\Generated_Source\PSoC5/USBFS_cls.c ****     /* `#START USER_DEFINED_CLASS_CODE` Place your Class request here */
 105:.\Generated_Source\PSoC5/USBFS_cls.c **** 
 106:.\Generated_Source\PSoC5/USBFS_cls.c ****     /* `#END` */
 107:.\Generated_Source\PSoC5/USBFS_cls.c **** 
 108:.\Generated_Source\PSoC5/USBFS_cls.c ****     return(requestHandled);
 109:.\Generated_Source\PSoC5/USBFS_cls.c **** }
  79              		.loc 1 109 0
  80 0038 0020     		movs	r0, #0
  81 003a 7047     		bx	lr
  82              	.L7:
  83              		.loc 1 87 0
  84 003c FFF7FEBF 		b	USBFS_DispatchHIDClassRqst
  85              	.L12:
  86              		.align	2
  87              	.L11:
  88 0040 00600040 		.word	1073766400
  89 0044 04600040 		.word	1073766404
  90 0048 00000000 		.word	USBFS_EP
  91 004c 00000000 		.word	USBFS_interfaceClass
  92              		.cfi_endproc
  93              	.LFE0:
  94              		.size	USBFS_DispatchClassRqst, .-USBFS_DispatchClassRqst
  95              		.text
  96              	.Letext0:
  97              		.section	.debug_loc,"",%progbits
  98              	.Ldebug_loc0:
  99              	.LLST1:
 100 0000 12000000 		.4byte	.LVL0
 101 0004 14000000 		.4byte	.LVL1
 102 0008 0100     		.2byte	0x1
 103 000a 53       		.byte	0x53
 104 000b 2E000000 		.4byte	.LVL2
 105 000f 34000000 		.4byte	.LVL3
 106 0013 0100     		.2byte	0x1
 107 0015 53       		.byte	0x53
 108 0016 00000000 		.4byte	0x0
 109 001a 00000000 		.4byte	0x0
 110              		.file 2 ".\\Generated_Source\\PSoC5\\/cytypes.h"
 111              		.file 3 ".\\Generated_Source\\PSoC5\\/USBFS.h"
 112              		.section	.debug_info
 113 0000 95010000 		.4byte	0x195
 114 0004 0200     		.2byte	0x2
 115 0006 00000000 		.4byte	.Ldebug_abbrev0
ARM GAS  C:\DOCUME~1\ADMINI~1\LOCALS~1\Temp\cc85HdVL.s 			page 5


 116 000a 04       		.byte	0x4
 117 000b 01       		.uleb128 0x1
 118 000c 31010000 		.4byte	.LASF26
 119 0010 01       		.byte	0x1
 120 0011 E0010000 		.4byte	.LASF27
 121 0015 7C010000 		.4byte	.LASF28
 122 0019 00000000 		.4byte	0x0
 123 001d 00000000 		.4byte	0x0
 124 0021 00000000 		.4byte	.Ldebug_ranges0+0x0
 125 0025 00000000 		.4byte	.Ldebug_line0
 126 0029 02       		.uleb128 0x2
 127 002a 01       		.byte	0x1
 128 002b 06       		.byte	0x6
 129 002c 70010000 		.4byte	.LASF0
 130 0030 02       		.uleb128 0x2
 131 0031 01       		.byte	0x1
 132 0032 08       		.byte	0x8
 133 0033 B1000000 		.4byte	.LASF1
 134 0037 02       		.uleb128 0x2
 135 0038 02       		.byte	0x2
 136 0039 05       		.byte	0x5
 137 003a 4D010000 		.4byte	.LASF2
 138 003e 02       		.uleb128 0x2
 139 003f 02       		.byte	0x2
 140 0040 07       		.byte	0x7
 141 0041 0E000000 		.4byte	.LASF3
 142 0045 02       		.uleb128 0x2
 143 0046 04       		.byte	0x4
 144 0047 05       		.byte	0x5
 145 0048 67010000 		.4byte	.LASF4
 146 004c 02       		.uleb128 0x2
 147 004d 04       		.byte	0x4
 148 004e 07       		.byte	0x7
 149 004f 81000000 		.4byte	.LASF5
 150 0053 02       		.uleb128 0x2
 151 0054 08       		.byte	0x8
 152 0055 05       		.byte	0x5
 153 0056 00000000 		.4byte	.LASF6
 154 005a 02       		.uleb128 0x2
 155 005b 08       		.byte	0x8
 156 005c 07       		.byte	0x7
 157 005d F7000000 		.4byte	.LASF7
 158 0061 03       		.uleb128 0x3
 159 0062 04       		.byte	0x4
 160 0063 05       		.byte	0x5
 161 0064 696E7400 		.ascii	"int\000"
 162 0068 02       		.uleb128 0x2
 163 0069 04       		.byte	0x4
 164 006a 07       		.byte	0x7
 165 006b EA000000 		.4byte	.LASF8
 166 006f 04       		.uleb128 0x4
 167 0070 57010000 		.4byte	.LASF9
 168 0074 02       		.byte	0x2
 169 0075 4C       		.byte	0x4c
 170 0076 30000000 		.4byte	0x30
 171 007a 04       		.uleb128 0x4
 172 007b D8000000 		.4byte	.LASF10
ARM GAS  C:\DOCUME~1\ADMINI~1\LOCALS~1\Temp\cc85HdVL.s 			page 6


 173 007f 02       		.byte	0x2
 174 0080 4D       		.byte	0x4d
 175 0081 3E000000 		.4byte	0x3e
 176 0085 02       		.uleb128 0x2
 177 0086 04       		.byte	0x4
 178 0087 04       		.byte	0x4
 179 0088 45000000 		.4byte	.LASF11
 180 008c 02       		.uleb128 0x2
 181 008d 08       		.byte	0x8
 182 008e 04       		.byte	0x4
 183 008f BF000000 		.4byte	.LASF12
 184 0093 02       		.uleb128 0x2
 185 0094 01       		.byte	0x1
 186 0095 08       		.byte	0x8
 187 0096 3D010000 		.4byte	.LASF13
 188 009a 05       		.uleb128 0x5
 189 009b 04       		.byte	0x4
 190 009c 07       		.byte	0x7
 191 009d 06       		.uleb128 0x6
 192 009e 18010000 		.4byte	.LASF29
 193 00a2 0C       		.byte	0xc
 194 00a3 03       		.byte	0x3
 195 00a4 7A       		.byte	0x7a
 196 00a5 28010000 		.4byte	0x128
 197 00a9 07       		.uleb128 0x7
 198 00aa C6000000 		.4byte	.LASF14
 199 00ae 03       		.byte	0x3
 200 00af 7B       		.byte	0x7b
 201 00b0 6F000000 		.4byte	0x6f
 202 00b4 02       		.byte	0x2
 203 00b5 23       		.byte	0x23
 204 00b6 00       		.uleb128 0x0
 205 00b7 07       		.uleb128 0x7
 206 00b8 DF000000 		.4byte	.LASF15
 207 00bc 03       		.byte	0x3
 208 00bd 7C       		.byte	0x7c
 209 00be 6F000000 		.4byte	0x6f
 210 00c2 02       		.byte	0x2
 211 00c3 23       		.byte	0x23
 212 00c4 01       		.uleb128 0x1
 213 00c5 07       		.uleb128 0x7
 214 00c6 0E010000 		.4byte	.LASF16
 215 00ca 03       		.byte	0x3
 216 00cb 7D       		.byte	0x7d
 217 00cc 6F000000 		.4byte	0x6f
 218 00d0 02       		.byte	0x2
 219 00d1 23       		.byte	0x23
 220 00d2 02       		.uleb128 0x2
 221 00d3 07       		.uleb128 0x7
 222 00d4 4B000000 		.4byte	.LASF17
 223 00d8 03       		.byte	0x3
 224 00d9 7E       		.byte	0x7e
 225 00da 6F000000 		.4byte	0x6f
 226 00de 02       		.byte	0x2
 227 00df 23       		.byte	0x23
 228 00e0 03       		.uleb128 0x3
 229 00e1 07       		.uleb128 0x7
ARM GAS  C:\DOCUME~1\ADMINI~1\LOCALS~1\Temp\cc85HdVL.s 			page 7


 230 00e2 93000000 		.4byte	.LASF18
 231 00e6 03       		.byte	0x3
 232 00e7 7F       		.byte	0x7f
 233 00e8 6F000000 		.4byte	0x6f
 234 00ec 02       		.byte	0x2
 235 00ed 23       		.byte	0x23
 236 00ee 04       		.uleb128 0x4
 237 00ef 07       		.uleb128 0x7
 238 00f0 2A010000 		.4byte	.LASF19
 239 00f4 03       		.byte	0x3
 240 00f5 80       		.byte	0x80
 241 00f6 6F000000 		.4byte	0x6f
 242 00fa 02       		.byte	0x2
 243 00fb 23       		.byte	0x23
 244 00fc 05       		.uleb128 0x5
 245 00fd 07       		.uleb128 0x7
 246 00fe CD000000 		.4byte	.LASF20
 247 0102 03       		.byte	0x3
 248 0103 81       		.byte	0x81
 249 0104 7A000000 		.4byte	0x7a
 250 0108 02       		.byte	0x2
 251 0109 23       		.byte	0x23
 252 010a 06       		.uleb128 0x6
 253 010b 07       		.uleb128 0x7
 254 010c 42010000 		.4byte	.LASF21
 255 0110 03       		.byte	0x3
 256 0111 82       		.byte	0x82
 257 0112 7A000000 		.4byte	0x7a
 258 0116 02       		.byte	0x2
 259 0117 23       		.byte	0x23
 260 0118 08       		.uleb128 0x8
 261 0119 07       		.uleb128 0x7
 262 011a 5D010000 		.4byte	.LASF22
 263 011e 03       		.byte	0x3
 264 011f 83       		.byte	0x83
 265 0120 6F000000 		.4byte	0x6f
 266 0124 02       		.byte	0x2
 267 0125 23       		.byte	0x23
 268 0126 0A       		.uleb128 0xa
 269 0127 00       		.byte	0x0
 270 0128 04       		.uleb128 0x4
 271 0129 21000000 		.4byte	.LASF23
 272 012d 03       		.byte	0x3
 273 012e 84       		.byte	0x84
 274 012f 9D000000 		.4byte	0x9d
 275 0133 08       		.uleb128 0x8
 276 0134 01       		.byte	0x1
 277 0135 69000000 		.4byte	.LASF30
 278 0139 01       		.byte	0x1
 279 013a 40       		.byte	0x40
 280 013b 6F000000 		.4byte	0x6f
 281 013f 00000000 		.4byte	.LFB0
 282 0143 50000000 		.4byte	.LFE0
 283 0147 01       		.byte	0x1
 284 0148 5D       		.byte	0x5d
 285 0149 68010000 		.4byte	0x168
 286 014d 09       		.uleb128 0x9
ARM GAS  C:\DOCUME~1\ADMINI~1\LOCALS~1\Temp\cc85HdVL.s 			page 8


 287 014e 36000000 		.4byte	.LASF31
 288 0152 01       		.byte	0x1
 289 0153 42       		.byte	0x42
 290 0154 6F000000 		.4byte	0x6f
 291 0158 0A       		.uleb128 0xa
 292 0159 98000000 		.4byte	.LASF32
 293 015d 01       		.byte	0x1
 294 015e 43       		.byte	0x43
 295 015f 6F000000 		.4byte	0x6f
 296 0163 00000000 		.4byte	.LLST1
 297 0167 00       		.byte	0x0
 298 0168 0B       		.uleb128 0xb
 299 0169 54000000 		.4byte	.LASF24
 300 016d 01       		.byte	0x1
 301 016e 24       		.byte	0x24
 302 016f 75010000 		.4byte	0x175
 303 0173 01       		.byte	0x1
 304 0174 01       		.byte	0x1
 305 0175 0C       		.uleb128 0xc
 306 0176 04       		.byte	0x4
 307 0177 6F000000 		.4byte	0x6f
 308 017b 0D       		.uleb128 0xd
 309 017c 28010000 		.4byte	0x128
 310 0180 86010000 		.4byte	0x186
 311 0184 0E       		.uleb128 0xe
 312 0185 00       		.byte	0x0
 313 0186 0B       		.uleb128 0xb
 314 0187 A8000000 		.4byte	.LASF25
 315 018b 01       		.byte	0x1
 316 018c 25       		.byte	0x25
 317 018d 93010000 		.4byte	0x193
 318 0191 01       		.byte	0x1
 319 0192 01       		.byte	0x1
 320 0193 0F       		.uleb128 0xf
 321 0194 7B010000 		.4byte	0x17b
 322 0198 00       		.byte	0x0
 323              		.section	.debug_abbrev
 324 0000 01       		.uleb128 0x1
 325 0001 11       		.uleb128 0x11
 326 0002 01       		.byte	0x1
 327 0003 25       		.uleb128 0x25
 328 0004 0E       		.uleb128 0xe
 329 0005 13       		.uleb128 0x13
 330 0006 0B       		.uleb128 0xb
 331 0007 03       		.uleb128 0x3
 332 0008 0E       		.uleb128 0xe
 333 0009 1B       		.uleb128 0x1b
 334 000a 0E       		.uleb128 0xe
 335 000b 11       		.uleb128 0x11
 336 000c 01       		.uleb128 0x1
 337 000d 52       		.uleb128 0x52
 338 000e 01       		.uleb128 0x1
 339 000f 55       		.uleb128 0x55
 340 0010 06       		.uleb128 0x6
 341 0011 10       		.uleb128 0x10
 342 0012 06       		.uleb128 0x6
 343 0013 00       		.byte	0x0
ARM GAS  C:\DOCUME~1\ADMINI~1\LOCALS~1\Temp\cc85HdVL.s 			page 9


 344 0014 00       		.byte	0x0
 345 0015 02       		.uleb128 0x2
 346 0016 24       		.uleb128 0x24
 347 0017 00       		.byte	0x0
 348 0018 0B       		.uleb128 0xb
 349 0019 0B       		.uleb128 0xb
 350 001a 3E       		.uleb128 0x3e
 351 001b 0B       		.uleb128 0xb
 352 001c 03       		.uleb128 0x3
 353 001d 0E       		.uleb128 0xe
 354 001e 00       		.byte	0x0
 355 001f 00       		.byte	0x0
 356 0020 03       		.uleb128 0x3
 357 0021 24       		.uleb128 0x24
 358 0022 00       		.byte	0x0
 359 0023 0B       		.uleb128 0xb
 360 0024 0B       		.uleb128 0xb
 361 0025 3E       		.uleb128 0x3e
 362 0026 0B       		.uleb128 0xb
 363 0027 03       		.uleb128 0x3
 364 0028 08       		.uleb128 0x8
 365 0029 00       		.byte	0x0
 366 002a 00       		.byte	0x0
 367 002b 04       		.uleb128 0x4
 368 002c 16       		.uleb128 0x16
 369 002d 00       		.byte	0x0
 370 002e 03       		.uleb128 0x3
 371 002f 0E       		.uleb128 0xe
 372 0030 3A       		.uleb128 0x3a
 373 0031 0B       		.uleb128 0xb
 374 0032 3B       		.uleb128 0x3b
 375 0033 0B       		.uleb128 0xb
 376 0034 49       		.uleb128 0x49
 377 0035 13       		.uleb128 0x13
 378 0036 00       		.byte	0x0
 379 0037 00       		.byte	0x0
 380 0038 05       		.uleb128 0x5
 381 0039 24       		.uleb128 0x24
 382 003a 00       		.byte	0x0
 383 003b 0B       		.uleb128 0xb
 384 003c 0B       		.uleb128 0xb
 385 003d 3E       		.uleb128 0x3e
 386 003e 0B       		.uleb128 0xb
 387 003f 00       		.byte	0x0
 388 0040 00       		.byte	0x0
 389 0041 06       		.uleb128 0x6
 390 0042 13       		.uleb128 0x13
 391 0043 01       		.byte	0x1
 392 0044 03       		.uleb128 0x3
 393 0045 0E       		.uleb128 0xe
 394 0046 0B       		.uleb128 0xb
 395 0047 0B       		.uleb128 0xb
 396 0048 3A       		.uleb128 0x3a
 397 0049 0B       		.uleb128 0xb
 398 004a 3B       		.uleb128 0x3b
 399 004b 0B       		.uleb128 0xb
 400 004c 01       		.uleb128 0x1
ARM GAS  C:\DOCUME~1\ADMINI~1\LOCALS~1\Temp\cc85HdVL.s 			page 10


 401 004d 13       		.uleb128 0x13
 402 004e 00       		.byte	0x0
 403 004f 00       		.byte	0x0
 404 0050 07       		.uleb128 0x7
 405 0051 0D       		.uleb128 0xd
 406 0052 00       		.byte	0x0
 407 0053 03       		.uleb128 0x3
 408 0054 0E       		.uleb128 0xe
 409 0055 3A       		.uleb128 0x3a
 410 0056 0B       		.uleb128 0xb
 411 0057 3B       		.uleb128 0x3b
 412 0058 0B       		.uleb128 0xb
 413 0059 49       		.uleb128 0x49
 414 005a 13       		.uleb128 0x13
 415 005b 38       		.uleb128 0x38
 416 005c 0A       		.uleb128 0xa
 417 005d 00       		.byte	0x0
 418 005e 00       		.byte	0x0
 419 005f 08       		.uleb128 0x8
 420 0060 2E       		.uleb128 0x2e
 421 0061 01       		.byte	0x1
 422 0062 3F       		.uleb128 0x3f
 423 0063 0C       		.uleb128 0xc
 424 0064 03       		.uleb128 0x3
 425 0065 0E       		.uleb128 0xe
 426 0066 3A       		.uleb128 0x3a
 427 0067 0B       		.uleb128 0xb
 428 0068 3B       		.uleb128 0x3b
 429 0069 0B       		.uleb128 0xb
 430 006a 49       		.uleb128 0x49
 431 006b 13       		.uleb128 0x13
 432 006c 11       		.uleb128 0x11
 433 006d 01       		.uleb128 0x1
 434 006e 12       		.uleb128 0x12
 435 006f 01       		.uleb128 0x1
 436 0070 40       		.uleb128 0x40
 437 0071 0A       		.uleb128 0xa
 438 0072 01       		.uleb128 0x1
 439 0073 13       		.uleb128 0x13
 440 0074 00       		.byte	0x0
 441 0075 00       		.byte	0x0
 442 0076 09       		.uleb128 0x9
 443 0077 34       		.uleb128 0x34
 444 0078 00       		.byte	0x0
 445 0079 03       		.uleb128 0x3
 446 007a 0E       		.uleb128 0xe
 447 007b 3A       		.uleb128 0x3a
 448 007c 0B       		.uleb128 0xb
 449 007d 3B       		.uleb128 0x3b
 450 007e 0B       		.uleb128 0xb
 451 007f 49       		.uleb128 0x49
 452 0080 13       		.uleb128 0x13
 453 0081 00       		.byte	0x0
 454 0082 00       		.byte	0x0
 455 0083 0A       		.uleb128 0xa
 456 0084 34       		.uleb128 0x34
 457 0085 00       		.byte	0x0
ARM GAS  C:\DOCUME~1\ADMINI~1\LOCALS~1\Temp\cc85HdVL.s 			page 11


 458 0086 03       		.uleb128 0x3
 459 0087 0E       		.uleb128 0xe
 460 0088 3A       		.uleb128 0x3a
 461 0089 0B       		.uleb128 0xb
 462 008a 3B       		.uleb128 0x3b
 463 008b 0B       		.uleb128 0xb
 464 008c 49       		.uleb128 0x49
 465 008d 13       		.uleb128 0x13
 466 008e 02       		.uleb128 0x2
 467 008f 06       		.uleb128 0x6
 468 0090 00       		.byte	0x0
 469 0091 00       		.byte	0x0
 470 0092 0B       		.uleb128 0xb
 471 0093 34       		.uleb128 0x34
 472 0094 00       		.byte	0x0
 473 0095 03       		.uleb128 0x3
 474 0096 0E       		.uleb128 0xe
 475 0097 3A       		.uleb128 0x3a
 476 0098 0B       		.uleb128 0xb
 477 0099 3B       		.uleb128 0x3b
 478 009a 0B       		.uleb128 0xb
 479 009b 49       		.uleb128 0x49
 480 009c 13       		.uleb128 0x13
 481 009d 3F       		.uleb128 0x3f
 482 009e 0C       		.uleb128 0xc
 483 009f 3C       		.uleb128 0x3c
 484 00a0 0C       		.uleb128 0xc
 485 00a1 00       		.byte	0x0
 486 00a2 00       		.byte	0x0
 487 00a3 0C       		.uleb128 0xc
 488 00a4 0F       		.uleb128 0xf
 489 00a5 00       		.byte	0x0
 490 00a6 0B       		.uleb128 0xb
 491 00a7 0B       		.uleb128 0xb
 492 00a8 49       		.uleb128 0x49
 493 00a9 13       		.uleb128 0x13
 494 00aa 00       		.byte	0x0
 495 00ab 00       		.byte	0x0
 496 00ac 0D       		.uleb128 0xd
 497 00ad 01       		.uleb128 0x1
 498 00ae 01       		.byte	0x1
 499 00af 49       		.uleb128 0x49
 500 00b0 13       		.uleb128 0x13
 501 00b1 01       		.uleb128 0x1
 502 00b2 13       		.uleb128 0x13
 503 00b3 00       		.byte	0x0
 504 00b4 00       		.byte	0x0
 505 00b5 0E       		.uleb128 0xe
 506 00b6 21       		.uleb128 0x21
 507 00b7 00       		.byte	0x0
 508 00b8 00       		.byte	0x0
 509 00b9 00       		.byte	0x0
 510 00ba 0F       		.uleb128 0xf
 511 00bb 35       		.uleb128 0x35
 512 00bc 00       		.byte	0x0
 513 00bd 49       		.uleb128 0x49
 514 00be 13       		.uleb128 0x13
ARM GAS  C:\DOCUME~1\ADMINI~1\LOCALS~1\Temp\cc85HdVL.s 			page 12


 515 00bf 00       		.byte	0x0
 516 00c0 00       		.byte	0x0
 517 00c1 00       		.byte	0x0
 518              		.section	.debug_pubnames,"",%progbits
 519 0000 2A000000 		.4byte	0x2a
 520 0004 0200     		.2byte	0x2
 521 0006 00000000 		.4byte	.Ldebug_info0
 522 000a 99010000 		.4byte	0x199
 523 000e 33010000 		.4byte	0x133
 524 0012 55534246 		.ascii	"USBFS_DispatchClassRqst\000"
 524      535F4469 
 524      73706174 
 524      6368436C 
 524      61737352 
 525 002a 00000000 		.4byte	0x0
 526              		.section	.debug_aranges,"",%progbits
 527 0000 1C000000 		.4byte	0x1c
 528 0004 0200     		.2byte	0x2
 529 0006 00000000 		.4byte	.Ldebug_info0
 530 000a 04       		.byte	0x4
 531 000b 00       		.byte	0x0
 532 000c 0000     		.2byte	0x0
 533 000e 0000     		.2byte	0x0
 534 0010 00000000 		.4byte	.LFB0
 535 0014 50000000 		.4byte	.LFE0-.LFB0
 536 0018 00000000 		.4byte	0x0
 537 001c 00000000 		.4byte	0x0
 538              		.section	.debug_ranges,"",%progbits
 539              	.Ldebug_ranges0:
 540 0000 00000000 		.4byte	.Ltext0
 541 0004 00000000 		.4byte	.Letext0
 542 0008 00000000 		.4byte	.LFB0
 543 000c 50000000 		.4byte	.LFE0
 544 0010 00000000 		.4byte	0x0
 545 0014 00000000 		.4byte	0x0
 546              		.section	.debug_str,"MS",%progbits,1
 547              	.LASF6:
 548 0000 6C6F6E67 		.ascii	"long long int\000"
 548      206C6F6E 
 548      6720696E 
 548      7400
 549              	.LASF3:
 550 000e 73686F72 		.ascii	"short unsigned int\000"
 550      7420756E 
 550      7369676E 
 550      65642069 
 550      6E7400
 551              	.LASF23:
 552 0021 545F5553 		.ascii	"T_USBFS_EP_CTL_BLOCK\000"
 552      4246535F 
 552      45505F43 
 552      544C5F42 
 552      4C4F434B 
 553              	.LASF31:
 554 0036 72657175 		.ascii	"requestHandled\000"
 554      65737448 
 554      616E646C 
ARM GAS  C:\DOCUME~1\ADMINI~1\LOCALS~1\Temp\cc85HdVL.s 			page 13


 554      656400
 555              	.LASF11:
 556 0045 666C6F61 		.ascii	"float\000"
 556      7400
 557              	.LASF17:
 558 004b 6570546F 		.ascii	"epToggle\000"
 558      67676C65 
 558      00
 559              	.LASF24:
 560 0054 55534246 		.ascii	"USBFS_interfaceClass\000"
 560      535F696E 
 560      74657266 
 560      61636543 
 560      6C617373 
 561              	.LASF30:
 562 0069 55534246 		.ascii	"USBFS_DispatchClassRqst\000"
 562      535F4469 
 562      73706174 
 562      6368436C 
 562      61737352 
 563              	.LASF5:
 564 0081 6C6F6E67 		.ascii	"long unsigned int\000"
 564      20756E73 
 564      69676E65 
 564      6420696E 
 564      7400
 565              	.LASF18:
 566 0093 61646472 		.ascii	"addr\000"
 566      00
 567              	.LASF32:
 568 0098 696E7465 		.ascii	"interfaceNumber\000"
 568      72666163 
 568      654E756D 
 568      62657200 
 569              	.LASF25:
 570 00a8 55534246 		.ascii	"USBFS_EP\000"
 570      535F4550 
 570      00
 571              	.LASF1:
 572 00b1 756E7369 		.ascii	"unsigned char\000"
 572      676E6564 
 572      20636861 
 572      7200
 573              	.LASF12:
 574 00bf 646F7562 		.ascii	"double\000"
 574      6C6500
 575              	.LASF14:
 576 00c6 61747472 		.ascii	"attrib\000"
 576      696200
 577              	.LASF20:
 578 00cd 62756666 		.ascii	"buffOffset\000"
 578      4F666673 
 578      657400
 579              	.LASF10:
 580 00d8 75696E74 		.ascii	"uint16\000"
 580      313600
 581              	.LASF15:
ARM GAS  C:\DOCUME~1\ADMINI~1\LOCALS~1\Temp\cc85HdVL.s 			page 14


 582 00df 61706945 		.ascii	"apiEpState\000"
 582      70537461 
 582      746500
 583              	.LASF8:
 584 00ea 756E7369 		.ascii	"unsigned int\000"
 584      676E6564 
 584      20696E74 
 584      00
 585              	.LASF7:
 586 00f7 6C6F6E67 		.ascii	"long long unsigned int\000"
 586      206C6F6E 
 586      6720756E 
 586      7369676E 
 586      65642069 
 587              	.LASF16:
 588 010e 68774570 		.ascii	"hwEpState\000"
 588      53746174 
 588      6500
 589              	.LASF29:
 590 0118 5F555342 		.ascii	"_USBFS_EpCtlBlock\000"
 590      46535F45 
 590      7043746C 
 590      426C6F63 
 590      6B00
 591              	.LASF19:
 592 012a 65704D6F 		.ascii	"epMode\000"
 592      646500
 593              	.LASF26:
 594 0131 474E5520 		.ascii	"GNU C 4.4.1\000"
 594      4320342E 
 594      342E3100 
 595              	.LASF13:
 596 013d 63686172 		.ascii	"char\000"
 596      00
 597              	.LASF21:
 598 0142 62756666 		.ascii	"bufferSize\000"
 598      65725369 
 598      7A6500
 599              	.LASF2:
 600 014d 73686F72 		.ascii	"short int\000"
 600      7420696E 
 600      7400
 601              	.LASF9:
 602 0157 75696E74 		.ascii	"uint8\000"
 602      3800
 603              	.LASF22:
 604 015d 696E7465 		.ascii	"interface\000"
 604      72666163 
 604      6500
 605              	.LASF4:
 606 0167 6C6F6E67 		.ascii	"long int\000"
 606      20696E74 
 606      00
 607              	.LASF0:
 608 0170 7369676E 		.ascii	"signed char\000"
 608      65642063 
 608      68617200 
ARM GAS  C:\DOCUME~1\ADMINI~1\LOCALS~1\Temp\cc85HdVL.s 			page 15


 609              	.LASF28:
 610 017c 5C5C7073 		.ascii	"\\\\psf\\Home\\Desktop\\USB-Audio-PSOC5LP\\Firmware"
 610      665C486F 
 610      6D655C44 
 610      65736B74 
 610      6F705C55 
 611 01a9 5C4B6974 		.ascii	"\\KitProg version 2_03\\KitProg\\KitProg_Bootloader"
 611      50726F67 
 611      20766572 
 611      73696F6E 
 611      20325F30 
 612 01d9 2E637964 		.ascii	".cydsn\000"
 612      736E00
 613              	.LASF27:
 614 01e0 2E5C4765 		.ascii	".\\Generated_Source\\PSoC5\\USBFS_cls.c\000"
 614      6E657261 
 614      7465645F 
 614      536F7572 
 614      63655C50 
 615              		.ident	"GCC: (Sourcery G++ Lite 2010q1-188) 4.4.1"
