ARM GAS  C:\DOCUME~1\ADMINI~1\LOCALS~1\Temp\cc8wl9aE.s 			page 1


   1              		.syntax unified
   2              		.cpu cortex-m3
   3              		.fpu softvfp
   4              		.eabi_attribute 20, 1
   5              		.eabi_attribute 21, 1
   6              		.eabi_attribute 23, 3
   7              		.eabi_attribute 24, 1
   8              		.eabi_attribute 25, 1
   9              		.eabi_attribute 26, 1
  10              		.eabi_attribute 30, 4
  11              		.eabi_attribute 18, 4
  12              		.thumb
  13              		.file	"USBFS_vnd.c"
  14              		.section	.debug_abbrev,"",%progbits
  15              	.Ldebug_abbrev0:
  16              		.section	.debug_info,"",%progbits
  17              	.Ldebug_info0:
  18              		.section	.debug_line,"",%progbits
  19              	.Ldebug_line0:
  20 0000 7D000000 		.text
  20      02006200 
  20      00000201 
  20      FB0E0D00 
  20      01010101 
  21              	.Ltext0:
  22              		.cfi_sections	.debug_frame
  23              		.section	.text.USBFS_HandleVendorRqst,"ax",%progbits
  24              		.align	1
  25              		.global	USBFS_HandleVendorRqst
  26              		.thumb
  27              		.thumb_func
  28              		.type	USBFS_HandleVendorRqst, %function
  29              	USBFS_HandleVendorRqst:
  30              	.LFB0:
  31              		.file 1 ".\\Generated_Source\\PSoC5\\USBFS_vnd.c"
   1:.\Generated_Source\PSoC5/USBFS_vnd.c **** /*******************************************************************************
   2:.\Generated_Source\PSoC5/USBFS_vnd.c **** * File Name: USBFS_vnd.c
   3:.\Generated_Source\PSoC5/USBFS_vnd.c **** * Version 2.51
   4:.\Generated_Source\PSoC5/USBFS_vnd.c **** *
   5:.\Generated_Source\PSoC5/USBFS_vnd.c **** * Description:
   6:.\Generated_Source\PSoC5/USBFS_vnd.c **** *  USB vendor request handler.
   7:.\Generated_Source\PSoC5/USBFS_vnd.c **** *
   8:.\Generated_Source\PSoC5/USBFS_vnd.c **** * Note:
   9:.\Generated_Source\PSoC5/USBFS_vnd.c **** *
  10:.\Generated_Source\PSoC5/USBFS_vnd.c **** ********************************************************************************
  11:.\Generated_Source\PSoC5/USBFS_vnd.c **** * Copyright 2008-2012, Cypress Semiconductor Corporation.  All rights reserved.
  12:.\Generated_Source\PSoC5/USBFS_vnd.c **** * You may use this file only in accordance with the license, terms, conditions,
  13:.\Generated_Source\PSoC5/USBFS_vnd.c **** * disclaimers, and limitations in the end user license agreement accompanying
  14:.\Generated_Source\PSoC5/USBFS_vnd.c **** * the software package with which this file was provided.
  15:.\Generated_Source\PSoC5/USBFS_vnd.c **** *******************************************************************************/
  16:.\Generated_Source\PSoC5/USBFS_vnd.c **** 
  17:.\Generated_Source\PSoC5/USBFS_vnd.c **** #include "USBFS.h"
  18:.\Generated_Source\PSoC5/USBFS_vnd.c **** 
  19:.\Generated_Source\PSoC5/USBFS_vnd.c **** #if(USBFS_EXTERN_VND == USBFS_FALSE)
  20:.\Generated_Source\PSoC5/USBFS_vnd.c **** 
  21:.\Generated_Source\PSoC5/USBFS_vnd.c **** 
  22:.\Generated_Source\PSoC5/USBFS_vnd.c **** /***************************************
ARM GAS  C:\DOCUME~1\ADMINI~1\LOCALS~1\Temp\cc8wl9aE.s 			page 2


  23:.\Generated_Source\PSoC5/USBFS_vnd.c **** * Vendor Specific Declarations
  24:.\Generated_Source\PSoC5/USBFS_vnd.c **** ***************************************/
  25:.\Generated_Source\PSoC5/USBFS_vnd.c **** 
  26:.\Generated_Source\PSoC5/USBFS_vnd.c **** /* `#START VENDOR_SPECIFIC_DECLARATIONS` Place your declaration here */
  27:.\Generated_Source\PSoC5/USBFS_vnd.c **** 
  28:.\Generated_Source\PSoC5/USBFS_vnd.c **** /* `#END` */
  29:.\Generated_Source\PSoC5/USBFS_vnd.c **** 
  30:.\Generated_Source\PSoC5/USBFS_vnd.c **** 
  31:.\Generated_Source\PSoC5/USBFS_vnd.c **** /***************************************
  32:.\Generated_Source\PSoC5/USBFS_vnd.c **** * External References
  33:.\Generated_Source\PSoC5/USBFS_vnd.c **** ***************************************/
  34:.\Generated_Source\PSoC5/USBFS_vnd.c **** 
  35:.\Generated_Source\PSoC5/USBFS_vnd.c **** uint8 USBFS_InitControlRead(void) ;
  36:.\Generated_Source\PSoC5/USBFS_vnd.c **** uint8 USBFS_InitControlWrite(void) ;
  37:.\Generated_Source\PSoC5/USBFS_vnd.c **** 
  38:.\Generated_Source\PSoC5/USBFS_vnd.c **** 
  39:.\Generated_Source\PSoC5/USBFS_vnd.c **** extern uint8 CYCODE USBFS_MSOS_CONFIGURATION_DESCR[];
  40:.\Generated_Source\PSoC5/USBFS_vnd.c **** 
  41:.\Generated_Source\PSoC5/USBFS_vnd.c **** extern volatile T_USBFS_TD USBFS_currentTD;
  42:.\Generated_Source\PSoC5/USBFS_vnd.c **** 
  43:.\Generated_Source\PSoC5/USBFS_vnd.c **** 
  44:.\Generated_Source\PSoC5/USBFS_vnd.c **** /*******************************************************************************
  45:.\Generated_Source\PSoC5/USBFS_vnd.c **** * Function Name: USBFS_HandleVendorRqst
  46:.\Generated_Source\PSoC5/USBFS_vnd.c **** ********************************************************************************
  47:.\Generated_Source\PSoC5/USBFS_vnd.c **** *
  48:.\Generated_Source\PSoC5/USBFS_vnd.c **** * Summary:
  49:.\Generated_Source\PSoC5/USBFS_vnd.c **** *  This routine provide users with a method to implement vendor specifc
  50:.\Generated_Source\PSoC5/USBFS_vnd.c **** *  requests.
  51:.\Generated_Source\PSoC5/USBFS_vnd.c **** *
  52:.\Generated_Source\PSoC5/USBFS_vnd.c **** *  To implement vendor specific requests, add your code in this function to
  53:.\Generated_Source\PSoC5/USBFS_vnd.c **** *  decode and disposition the request.  If the request is handled, your code
  54:.\Generated_Source\PSoC5/USBFS_vnd.c **** *  must set the variable "requestHandled" to TRUE, indicating that the
  55:.\Generated_Source\PSoC5/USBFS_vnd.c **** *  request has been handled.
  56:.\Generated_Source\PSoC5/USBFS_vnd.c **** *
  57:.\Generated_Source\PSoC5/USBFS_vnd.c **** * Parameters:
  58:.\Generated_Source\PSoC5/USBFS_vnd.c **** *  None.
  59:.\Generated_Source\PSoC5/USBFS_vnd.c **** *
  60:.\Generated_Source\PSoC5/USBFS_vnd.c **** * Return:
  61:.\Generated_Source\PSoC5/USBFS_vnd.c **** *  requestHandled.
  62:.\Generated_Source\PSoC5/USBFS_vnd.c **** *
  63:.\Generated_Source\PSoC5/USBFS_vnd.c **** * Reentrant:
  64:.\Generated_Source\PSoC5/USBFS_vnd.c **** *  No.
  65:.\Generated_Source\PSoC5/USBFS_vnd.c **** *
  66:.\Generated_Source\PSoC5/USBFS_vnd.c **** *******************************************************************************/
  67:.\Generated_Source\PSoC5/USBFS_vnd.c **** uint8 USBFS_HandleVendorRqst(void) 
  68:.\Generated_Source\PSoC5/USBFS_vnd.c **** {
  32              		.loc 1 68 0
  33              		.cfi_startproc
  34              		@ args = 0, pretend = 0, frame = 0
  35              		@ frame_needed = 0, uses_anonymous_args = 0
  36              		@ link register save eliminated.
  69:.\Generated_Source\PSoC5/USBFS_vnd.c ****     uint8 requestHandled = USBFS_FALSE;
  70:.\Generated_Source\PSoC5/USBFS_vnd.c **** 
  71:.\Generated_Source\PSoC5/USBFS_vnd.c ****     if ((CY_GET_REG8(USBFS_bmRequestType) & USBFS_RQST_DIR_MASK) == USBFS_RQST_DIR_D2H)
  37              		.loc 1 71 0
  38 0000 044B     		ldr	r3, .L4
  39 0002 1B78     		ldrb	r3, [r3, #0]	@ zero_extendqisi2
ARM GAS  C:\DOCUME~1\ADMINI~1\LOCALS~1\Temp\cc8wl9aE.s 			page 3


  40 0004 13F0800F 		tst	r3, #128
  72:.\Generated_Source\PSoC5/USBFS_vnd.c ****     {
  73:.\Generated_Source\PSoC5/USBFS_vnd.c ****         /* Control Read */
  74:.\Generated_Source\PSoC5/USBFS_vnd.c ****         switch (CY_GET_REG8(USBFS_bRequest))
  41              		.loc 1 74 0
  42 0008 1CBF     		itt	ne
  43 000a 034B     		ldrne	r3, .L4+4
  44 000c 1B78     		ldrbne	r3, [r3, #0]	@ zero_extendqisi2
  75:.\Generated_Source\PSoC5/USBFS_vnd.c ****         {
  76:.\Generated_Source\PSoC5/USBFS_vnd.c ****             case USBFS_GET_EXTENDED_CONFIG_DESCRIPTOR:
  77:.\Generated_Source\PSoC5/USBFS_vnd.c ****                 #if defined(USBFS_ENABLE_MSOS_STRING)
  78:.\Generated_Source\PSoC5/USBFS_vnd.c ****                     USBFS_currentTD.pData = &USBFS_MSOS_CONFIGURATION_DESCR[0u];
  79:.\Generated_Source\PSoC5/USBFS_vnd.c ****                     USBFS_currentTD.count = USBFS_MSOS_CONFIGURATION_DESCR[0u];
  80:.\Generated_Source\PSoC5/USBFS_vnd.c ****                     requestHandled  = USBFS_InitControlRead();
  81:.\Generated_Source\PSoC5/USBFS_vnd.c ****                 #endif /* End USBFS_ENABLE_MSOS_STRING */
  82:.\Generated_Source\PSoC5/USBFS_vnd.c ****                 break;
  83:.\Generated_Source\PSoC5/USBFS_vnd.c ****             default:
  84:.\Generated_Source\PSoC5/USBFS_vnd.c ****                 break;
  85:.\Generated_Source\PSoC5/USBFS_vnd.c ****         }
  86:.\Generated_Source\PSoC5/USBFS_vnd.c ****     }
  87:.\Generated_Source\PSoC5/USBFS_vnd.c **** 
  88:.\Generated_Source\PSoC5/USBFS_vnd.c ****     /* `#START VENDOR_SPECIFIC_CODE` Place your vendor specific request here */
  89:.\Generated_Source\PSoC5/USBFS_vnd.c **** 
  90:.\Generated_Source\PSoC5/USBFS_vnd.c ****     /* `#END` */
  91:.\Generated_Source\PSoC5/USBFS_vnd.c **** 
  92:.\Generated_Source\PSoC5/USBFS_vnd.c ****     return(requestHandled);
  93:.\Generated_Source\PSoC5/USBFS_vnd.c **** }
  45              		.loc 1 93 0
  46 000e 0020     		movs	r0, #0
  47 0010 7047     		bx	lr
  48              	.L5:
  49 0012 00BF     		.align	2
  50              	.L4:
  51 0014 00600040 		.word	1073766400
  52 0018 01600040 		.word	1073766401
  53              		.cfi_endproc
  54              	.LFE0:
  55              		.size	USBFS_HandleVendorRqst, .-USBFS_HandleVendorRqst
  56              		.text
  57              	.Letext0:
  58              		.file 2 ".\\Generated_Source\\PSoC5\\/cytypes.h"
  59              		.section	.debug_info
  60 0000 B2000000 		.4byte	0xb2
  61 0004 0200     		.2byte	0x2
  62 0006 00000000 		.4byte	.Ldebug_abbrev0
  63 000a 04       		.byte	0x4
  64 000b 01       		.uleb128 0x1
  65 000c 95000000 		.4byte	.LASF12
  66 0010 01       		.byte	0x1
  67 0011 1B000000 		.4byte	.LASF13
  68 0015 F3000000 		.4byte	.LASF14
  69 0019 00000000 		.4byte	0x0
  70 001d 00000000 		.4byte	0x0
  71 0021 00000000 		.4byte	.Ldebug_ranges0+0x0
  72 0025 00000000 		.4byte	.Ldebug_line0
  73 0029 02       		.uleb128 0x2
  74 002a 01       		.byte	0x1
ARM GAS  C:\DOCUME~1\ADMINI~1\LOCALS~1\Temp\cc8wl9aE.s 			page 4


  75 002b 06       		.byte	0x6
  76 002c D7000000 		.4byte	.LASF0
  77 0030 02       		.uleb128 0x2
  78 0031 01       		.byte	0x1
  79 0032 08       		.byte	0x8
  80 0033 A1000000 		.4byte	.LASF1
  81 0037 02       		.uleb128 0x2
  82 0038 02       		.byte	0x2
  83 0039 05       		.byte	0x5
  84 003a E9000000 		.4byte	.LASF2
  85 003e 02       		.uleb128 0x2
  86 003f 02       		.byte	0x2
  87 0040 07       		.byte	0x7
  88 0041 C4000000 		.4byte	.LASF3
  89 0045 02       		.uleb128 0x2
  90 0046 04       		.byte	0x4
  91 0047 05       		.byte	0x5
  92 0048 B4000000 		.4byte	.LASF4
  93 004c 02       		.uleb128 0x2
  94 004d 04       		.byte	0x4
  95 004e 07       		.byte	0x7
  96 004f 5D000000 		.4byte	.LASF5
  97 0053 02       		.uleb128 0x2
  98 0054 08       		.byte	0x8
  99 0055 05       		.byte	0x5
 100 0056 00000000 		.4byte	.LASF6
 101 005a 02       		.uleb128 0x2
 102 005b 08       		.byte	0x8
 103 005c 07       		.byte	0x7
 104 005d 7E000000 		.4byte	.LASF7
 105 0061 03       		.uleb128 0x3
 106 0062 04       		.byte	0x4
 107 0063 05       		.byte	0x5
 108 0064 696E7400 		.ascii	"int\000"
 109 0068 02       		.uleb128 0x2
 110 0069 04       		.byte	0x4
 111 006a 07       		.byte	0x7
 112 006b 0E000000 		.4byte	.LASF8
 113 006f 04       		.uleb128 0x4
 114 0070 57000000 		.4byte	.LASF15
 115 0074 02       		.byte	0x2
 116 0075 4C       		.byte	0x4c
 117 0076 30000000 		.4byte	0x30
 118 007a 02       		.uleb128 0x2
 119 007b 04       		.byte	0x4
 120 007c 04       		.byte	0x4
 121 007d E3000000 		.4byte	.LASF9
 122 0081 02       		.uleb128 0x2
 123 0082 08       		.byte	0x8
 124 0083 04       		.byte	0x4
 125 0084 BD000000 		.4byte	.LASF10
 126 0088 02       		.uleb128 0x2
 127 0089 01       		.byte	0x1
 128 008a 08       		.byte	0x8
 129 008b AF000000 		.4byte	.LASF11
 130 008f 05       		.uleb128 0x5
 131 0090 04       		.byte	0x4
ARM GAS  C:\DOCUME~1\ADMINI~1\LOCALS~1\Temp\cc8wl9aE.s 			page 5


 132 0091 07       		.byte	0x7
 133 0092 06       		.uleb128 0x6
 134 0093 01       		.byte	0x1
 135 0094 40000000 		.4byte	.LASF16
 136 0098 01       		.byte	0x1
 137 0099 43       		.byte	0x43
 138 009a 01       		.byte	0x1
 139 009b 6F000000 		.4byte	0x6f
 140 009f 00000000 		.4byte	.LFB0
 141 00a3 1C000000 		.4byte	.LFE0
 142 00a7 01       		.byte	0x1
 143 00a8 5D       		.byte	0x5d
 144 00a9 07       		.uleb128 0x7
 145 00aa 6F000000 		.4byte	.LASF17
 146 00ae 01       		.byte	0x1
 147 00af 45       		.byte	0x45
 148 00b0 6F000000 		.4byte	0x6f
 149 00b4 00       		.byte	0x0
 150 00b5 00       		.byte	0x0
 151              		.section	.debug_abbrev
 152 0000 01       		.uleb128 0x1
 153 0001 11       		.uleb128 0x11
 154 0002 01       		.byte	0x1
 155 0003 25       		.uleb128 0x25
 156 0004 0E       		.uleb128 0xe
 157 0005 13       		.uleb128 0x13
 158 0006 0B       		.uleb128 0xb
 159 0007 03       		.uleb128 0x3
 160 0008 0E       		.uleb128 0xe
 161 0009 1B       		.uleb128 0x1b
 162 000a 0E       		.uleb128 0xe
 163 000b 11       		.uleb128 0x11
 164 000c 01       		.uleb128 0x1
 165 000d 52       		.uleb128 0x52
 166 000e 01       		.uleb128 0x1
 167 000f 55       		.uleb128 0x55
 168 0010 06       		.uleb128 0x6
 169 0011 10       		.uleb128 0x10
 170 0012 06       		.uleb128 0x6
 171 0013 00       		.byte	0x0
 172 0014 00       		.byte	0x0
 173 0015 02       		.uleb128 0x2
 174 0016 24       		.uleb128 0x24
 175 0017 00       		.byte	0x0
 176 0018 0B       		.uleb128 0xb
 177 0019 0B       		.uleb128 0xb
 178 001a 3E       		.uleb128 0x3e
 179 001b 0B       		.uleb128 0xb
 180 001c 03       		.uleb128 0x3
 181 001d 0E       		.uleb128 0xe
 182 001e 00       		.byte	0x0
 183 001f 00       		.byte	0x0
 184 0020 03       		.uleb128 0x3
 185 0021 24       		.uleb128 0x24
 186 0022 00       		.byte	0x0
 187 0023 0B       		.uleb128 0xb
 188 0024 0B       		.uleb128 0xb
ARM GAS  C:\DOCUME~1\ADMINI~1\LOCALS~1\Temp\cc8wl9aE.s 			page 6


 189 0025 3E       		.uleb128 0x3e
 190 0026 0B       		.uleb128 0xb
 191 0027 03       		.uleb128 0x3
 192 0028 08       		.uleb128 0x8
 193 0029 00       		.byte	0x0
 194 002a 00       		.byte	0x0
 195 002b 04       		.uleb128 0x4
 196 002c 16       		.uleb128 0x16
 197 002d 00       		.byte	0x0
 198 002e 03       		.uleb128 0x3
 199 002f 0E       		.uleb128 0xe
 200 0030 3A       		.uleb128 0x3a
 201 0031 0B       		.uleb128 0xb
 202 0032 3B       		.uleb128 0x3b
 203 0033 0B       		.uleb128 0xb
 204 0034 49       		.uleb128 0x49
 205 0035 13       		.uleb128 0x13
 206 0036 00       		.byte	0x0
 207 0037 00       		.byte	0x0
 208 0038 05       		.uleb128 0x5
 209 0039 24       		.uleb128 0x24
 210 003a 00       		.byte	0x0
 211 003b 0B       		.uleb128 0xb
 212 003c 0B       		.uleb128 0xb
 213 003d 3E       		.uleb128 0x3e
 214 003e 0B       		.uleb128 0xb
 215 003f 00       		.byte	0x0
 216 0040 00       		.byte	0x0
 217 0041 06       		.uleb128 0x6
 218 0042 2E       		.uleb128 0x2e
 219 0043 01       		.byte	0x1
 220 0044 3F       		.uleb128 0x3f
 221 0045 0C       		.uleb128 0xc
 222 0046 03       		.uleb128 0x3
 223 0047 0E       		.uleb128 0xe
 224 0048 3A       		.uleb128 0x3a
 225 0049 0B       		.uleb128 0xb
 226 004a 3B       		.uleb128 0x3b
 227 004b 0B       		.uleb128 0xb
 228 004c 27       		.uleb128 0x27
 229 004d 0C       		.uleb128 0xc
 230 004e 49       		.uleb128 0x49
 231 004f 13       		.uleb128 0x13
 232 0050 11       		.uleb128 0x11
 233 0051 01       		.uleb128 0x1
 234 0052 12       		.uleb128 0x12
 235 0053 01       		.uleb128 0x1
 236 0054 40       		.uleb128 0x40
 237 0055 0A       		.uleb128 0xa
 238 0056 00       		.byte	0x0
 239 0057 00       		.byte	0x0
 240 0058 07       		.uleb128 0x7
 241 0059 34       		.uleb128 0x34
 242 005a 00       		.byte	0x0
 243 005b 03       		.uleb128 0x3
 244 005c 0E       		.uleb128 0xe
 245 005d 3A       		.uleb128 0x3a
ARM GAS  C:\DOCUME~1\ADMINI~1\LOCALS~1\Temp\cc8wl9aE.s 			page 7


 246 005e 0B       		.uleb128 0xb
 247 005f 3B       		.uleb128 0x3b
 248 0060 0B       		.uleb128 0xb
 249 0061 49       		.uleb128 0x49
 250 0062 13       		.uleb128 0x13
 251 0063 00       		.byte	0x0
 252 0064 00       		.byte	0x0
 253 0065 00       		.byte	0x0
 254              		.section	.debug_pubnames,"",%progbits
 255 0000 29000000 		.4byte	0x29
 256 0004 0200     		.2byte	0x2
 257 0006 00000000 		.4byte	.Ldebug_info0
 258 000a B6000000 		.4byte	0xb6
 259 000e 92000000 		.4byte	0x92
 260 0012 55534246 		.ascii	"USBFS_HandleVendorRqst\000"
 260      535F4861 
 260      6E646C65 
 260      56656E64 
 260      6F725271 
 261 0029 00000000 		.4byte	0x0
 262              		.section	.debug_aranges,"",%progbits
 263 0000 1C000000 		.4byte	0x1c
 264 0004 0200     		.2byte	0x2
 265 0006 00000000 		.4byte	.Ldebug_info0
 266 000a 04       		.byte	0x4
 267 000b 00       		.byte	0x0
 268 000c 0000     		.2byte	0x0
 269 000e 0000     		.2byte	0x0
 270 0010 00000000 		.4byte	.LFB0
 271 0014 1C000000 		.4byte	.LFE0-.LFB0
 272 0018 00000000 		.4byte	0x0
 273 001c 00000000 		.4byte	0x0
 274              		.section	.debug_ranges,"",%progbits
 275              	.Ldebug_ranges0:
 276 0000 00000000 		.4byte	.Ltext0
 277 0004 00000000 		.4byte	.Letext0
 278 0008 00000000 		.4byte	.LFB0
 279 000c 1C000000 		.4byte	.LFE0
 280 0010 00000000 		.4byte	0x0
 281 0014 00000000 		.4byte	0x0
 282              		.section	.debug_str,"MS",%progbits,1
 283              	.LASF6:
 284 0000 6C6F6E67 		.ascii	"long long int\000"
 284      206C6F6E 
 284      6720696E 
 284      7400
 285              	.LASF8:
 286 000e 756E7369 		.ascii	"unsigned int\000"
 286      676E6564 
 286      20696E74 
 286      00
 287              	.LASF13:
 288 001b 2E5C4765 		.ascii	".\\Generated_Source\\PSoC5\\USBFS_vnd.c\000"
 288      6E657261 
 288      7465645F 
 288      536F7572 
 288      63655C50 
ARM GAS  C:\DOCUME~1\ADMINI~1\LOCALS~1\Temp\cc8wl9aE.s 			page 8


 289              	.LASF16:
 290 0040 55534246 		.ascii	"USBFS_HandleVendorRqst\000"
 290      535F4861 
 290      6E646C65 
 290      56656E64 
 290      6F725271 
 291              	.LASF15:
 292 0057 75696E74 		.ascii	"uint8\000"
 292      3800
 293              	.LASF5:
 294 005d 6C6F6E67 		.ascii	"long unsigned int\000"
 294      20756E73 
 294      69676E65 
 294      6420696E 
 294      7400
 295              	.LASF17:
 296 006f 72657175 		.ascii	"requestHandled\000"
 296      65737448 
 296      616E646C 
 296      656400
 297              	.LASF7:
 298 007e 6C6F6E67 		.ascii	"long long unsigned int\000"
 298      206C6F6E 
 298      6720756E 
 298      7369676E 
 298      65642069 
 299              	.LASF12:
 300 0095 474E5520 		.ascii	"GNU C 4.4.1\000"
 300      4320342E 
 300      342E3100 
 301              	.LASF1:
 302 00a1 756E7369 		.ascii	"unsigned char\000"
 302      676E6564 
 302      20636861 
 302      7200
 303              	.LASF11:
 304 00af 63686172 		.ascii	"char\000"
 304      00
 305              	.LASF4:
 306 00b4 6C6F6E67 		.ascii	"long int\000"
 306      20696E74 
 306      00
 307              	.LASF10:
 308 00bd 646F7562 		.ascii	"double\000"
 308      6C6500
 309              	.LASF3:
 310 00c4 73686F72 		.ascii	"short unsigned int\000"
 310      7420756E 
 310      7369676E 
 310      65642069 
 310      6E7400
 311              	.LASF0:
 312 00d7 7369676E 		.ascii	"signed char\000"
 312      65642063 
 312      68617200 
 313              	.LASF9:
 314 00e3 666C6F61 		.ascii	"float\000"
ARM GAS  C:\DOCUME~1\ADMINI~1\LOCALS~1\Temp\cc8wl9aE.s 			page 9


 314      7400
 315              	.LASF2:
 316 00e9 73686F72 		.ascii	"short int\000"
 316      7420696E 
 316      7400
 317              	.LASF14:
 318 00f3 5C5C7073 		.ascii	"\\\\psf\\Home\\Desktop\\USB-Audio-PSOC5LP\\Firmware"
 318      665C486F 
 318      6D655C44 
 318      65736B74 
 318      6F705C55 
 319 0120 5C4B6974 		.ascii	"\\KitProg version 2_03\\KitProg\\KitProg_Bootloader"
 319      50726F67 
 319      20766572 
 319      73696F6E 
 319      20325F30 
 320 0150 2E637964 		.ascii	".cydsn\000"
 320      736E00
 321              		.ident	"GCC: (Sourcery G++ Lite 2010q1-188) 4.4.1"
