ARM GAS  C:\DOCUME~1\ADMINI~1\LOCALS~1\Temp\cccwE47c.s 			page 1


   1              		.syntax unified
   2              		.cpu cortex-m3
   3              		.fpu softvfp
   4              		.eabi_attribute 20, 1
   5              		.eabi_attribute 21, 1
   6              		.eabi_attribute 23, 3
   7              		.eabi_attribute 24, 1
   8              		.eabi_attribute 25, 1
   9              		.eabi_attribute 26, 1
  10              		.eabi_attribute 30, 4
  11              		.eabi_attribute 18, 4
  12              		.thumb
  13              		.file	"USBFS_Dp.c"
  14              		.section	.debug_abbrev,"",%progbits
  15              	.Ldebug_abbrev0:
  16              		.section	.debug_info,"",%progbits
  17              	.Ldebug_info0:
  18              		.section	.debug_line,"",%progbits
  19              	.Ldebug_line0:
  20 0000 C2000000 		.text
  20      02006100 
  20      00000201 
  20      FB0E0D00 
  20      01010101 
  21              	.Ltext0:
  22              		.cfi_sections	.debug_frame
  23              		.section	.text.USBFS_Dp_Write,"ax",%progbits
  24              		.align	1
  25              		.global	USBFS_Dp_Write
  26              		.thumb
  27              		.thumb_func
  28              		.type	USBFS_Dp_Write, %function
  29              	USBFS_Dp_Write:
  30              	.LFB0:
  31              		.file 1 ".\\Generated_Source\\PSoC5\\USBFS_Dp.c"
   1:.\Generated_Source\PSoC5/USBFS_Dp.c **** /*******************************************************************************
   2:.\Generated_Source\PSoC5/USBFS_Dp.c **** * File Name: USBFS_Dp.c  
   3:.\Generated_Source\PSoC5/USBFS_Dp.c **** * Version 1.90
   4:.\Generated_Source\PSoC5/USBFS_Dp.c **** *
   5:.\Generated_Source\PSoC5/USBFS_Dp.c **** * Description:
   6:.\Generated_Source\PSoC5/USBFS_Dp.c **** *  This file contains API to enable firmware control of a Pins component.
   7:.\Generated_Source\PSoC5/USBFS_Dp.c **** *
   8:.\Generated_Source\PSoC5/USBFS_Dp.c **** * Note:
   9:.\Generated_Source\PSoC5/USBFS_Dp.c **** *
  10:.\Generated_Source\PSoC5/USBFS_Dp.c **** ********************************************************************************
  11:.\Generated_Source\PSoC5/USBFS_Dp.c **** * Copyright 2008-2012, Cypress Semiconductor Corporation.  All rights reserved.
  12:.\Generated_Source\PSoC5/USBFS_Dp.c **** * You may use this file only in accordance with the license, terms, conditions, 
  13:.\Generated_Source\PSoC5/USBFS_Dp.c **** * disclaimers, and limitations in the end user license agreement accompanying 
  14:.\Generated_Source\PSoC5/USBFS_Dp.c **** * the software package with which this file was provided.
  15:.\Generated_Source\PSoC5/USBFS_Dp.c **** *******************************************************************************/
  16:.\Generated_Source\PSoC5/USBFS_Dp.c **** 
  17:.\Generated_Source\PSoC5/USBFS_Dp.c **** #include "cytypes.h"
  18:.\Generated_Source\PSoC5/USBFS_Dp.c **** #include "USBFS_Dp.h"
  19:.\Generated_Source\PSoC5/USBFS_Dp.c **** 
  20:.\Generated_Source\PSoC5/USBFS_Dp.c **** /* APIs are not generated for P15[7:6] on PSoC 5 */
  21:.\Generated_Source\PSoC5/USBFS_Dp.c **** #if !(CY_PSOC5A &&\
  22:.\Generated_Source\PSoC5/USBFS_Dp.c **** 	 USBFS_Dp__PORT == 15 && ((USBFS_Dp__MASK & 0xC0) != 0))
ARM GAS  C:\DOCUME~1\ADMINI~1\LOCALS~1\Temp\cccwE47c.s 			page 2


  23:.\Generated_Source\PSoC5/USBFS_Dp.c **** 
  24:.\Generated_Source\PSoC5/USBFS_Dp.c **** 
  25:.\Generated_Source\PSoC5/USBFS_Dp.c **** /*******************************************************************************
  26:.\Generated_Source\PSoC5/USBFS_Dp.c **** * Function Name: USBFS_Dp_Write
  27:.\Generated_Source\PSoC5/USBFS_Dp.c **** ********************************************************************************
  28:.\Generated_Source\PSoC5/USBFS_Dp.c **** *
  29:.\Generated_Source\PSoC5/USBFS_Dp.c **** * Summary:
  30:.\Generated_Source\PSoC5/USBFS_Dp.c **** *  Assign a new value to the digital port's data output register.  
  31:.\Generated_Source\PSoC5/USBFS_Dp.c **** *
  32:.\Generated_Source\PSoC5/USBFS_Dp.c **** * Parameters:  
  33:.\Generated_Source\PSoC5/USBFS_Dp.c **** *  prtValue:  The value to be assigned to the Digital Port. 
  34:.\Generated_Source\PSoC5/USBFS_Dp.c **** *
  35:.\Generated_Source\PSoC5/USBFS_Dp.c **** * Return: 
  36:.\Generated_Source\PSoC5/USBFS_Dp.c **** *  None
  37:.\Generated_Source\PSoC5/USBFS_Dp.c **** *  
  38:.\Generated_Source\PSoC5/USBFS_Dp.c **** *******************************************************************************/
  39:.\Generated_Source\PSoC5/USBFS_Dp.c **** void USBFS_Dp_Write(uint8 value) 
  40:.\Generated_Source\PSoC5/USBFS_Dp.c **** {
  32              		.loc 1 40 0
  33              		.cfi_startproc
  34              		@ args = 0, pretend = 0, frame = 0
  35              		@ frame_needed = 0, uses_anonymous_args = 0
  36              		@ link register save eliminated.
  37              	.LVL0:
  41:.\Generated_Source\PSoC5/USBFS_Dp.c ****     uint8 staticBits = (USBFS_Dp_DR & (uint8)(~USBFS_Dp_MASK));
  38              		.loc 1 41 0
  39 0000 054B     		ldr	r3, .L3
  42:.\Generated_Source\PSoC5/USBFS_Dp.c ****     USBFS_Dp_DR = staticBits | ((uint8)(value << USBFS_Dp_SHIFT) & USBFS_Dp_MASK);
  40              		.loc 1 42 0
  41 0002 8001     		lsls	r0, r0, #6
  42              	.LVL1:
  43              		.loc 1 41 0
  44 0004 1A78     		ldrb	r2, [r3, #0]	@ zero_extendqisi2
  45              		.loc 1 42 0
  46 0006 00F04000 		and	r0, r0, #64
  47 000a 02F0BF02 		and	r2, r2, #191
  48 000e 40EA0202 		orr	r2, r0, r2
  49 0012 1A70     		strb	r2, [r3, #0]
  43:.\Generated_Source\PSoC5/USBFS_Dp.c **** }
  50              		.loc 1 43 0
  51 0014 7047     		bx	lr
  52              	.L4:
  53 0016 00BF     		.align	2
  54              	.L3:
  55 0018 F0510040 		.word	1073762800
  56              		.cfi_endproc
  57              	.LFE0:
  58              		.size	USBFS_Dp_Write, .-USBFS_Dp_Write
  59              		.section	.text.USBFS_Dp_SetDriveMode,"ax",%progbits
  60              		.align	1
  61              		.global	USBFS_Dp_SetDriveMode
  62              		.thumb
  63              		.thumb_func
  64              		.type	USBFS_Dp_SetDriveMode, %function
  65              	USBFS_Dp_SetDriveMode:
  66              	.LFB1:
  44:.\Generated_Source\PSoC5/USBFS_Dp.c **** 
ARM GAS  C:\DOCUME~1\ADMINI~1\LOCALS~1\Temp\cccwE47c.s 			page 3


  45:.\Generated_Source\PSoC5/USBFS_Dp.c **** 
  46:.\Generated_Source\PSoC5/USBFS_Dp.c **** /*******************************************************************************
  47:.\Generated_Source\PSoC5/USBFS_Dp.c **** * Function Name: USBFS_Dp_SetDriveMode
  48:.\Generated_Source\PSoC5/USBFS_Dp.c **** ********************************************************************************
  49:.\Generated_Source\PSoC5/USBFS_Dp.c **** *
  50:.\Generated_Source\PSoC5/USBFS_Dp.c **** * Summary:
  51:.\Generated_Source\PSoC5/USBFS_Dp.c **** *  Change the drive mode on the pins of the port.
  52:.\Generated_Source\PSoC5/USBFS_Dp.c **** * 
  53:.\Generated_Source\PSoC5/USBFS_Dp.c **** * Parameters:  
  54:.\Generated_Source\PSoC5/USBFS_Dp.c **** *  mode:  Change the pins to this drive mode.
  55:.\Generated_Source\PSoC5/USBFS_Dp.c **** *
  56:.\Generated_Source\PSoC5/USBFS_Dp.c **** * Return: 
  57:.\Generated_Source\PSoC5/USBFS_Dp.c **** *  None
  58:.\Generated_Source\PSoC5/USBFS_Dp.c **** *
  59:.\Generated_Source\PSoC5/USBFS_Dp.c **** *******************************************************************************/
  60:.\Generated_Source\PSoC5/USBFS_Dp.c **** void USBFS_Dp_SetDriveMode(uint8 mode) 
  61:.\Generated_Source\PSoC5/USBFS_Dp.c **** {
  67              		.loc 1 61 0
  68              		.cfi_startproc
  69              		@ args = 0, pretend = 0, frame = 0
  70              		@ frame_needed = 0, uses_anonymous_args = 0
  71              		@ link register save eliminated.
  72              	.LVL2:
  62:.\Generated_Source\PSoC5/USBFS_Dp.c **** 	CyPins_SetPinDriveMode(USBFS_Dp_0, mode);
  73              		.loc 1 62 0
  74 0000 044B     		ldr	r3, .L7
  75 0002 00F00E00 		and	r0, r0, #14
  76              	.LVL3:
  77 0006 1A78     		ldrb	r2, [r3, #0]	@ zero_extendqisi2
  78 0008 02F0F102 		and	r2, r2, #241
  79 000c 40EA0202 		orr	r2, r0, r2
  80 0010 1A70     		strb	r2, [r3, #0]
  63:.\Generated_Source\PSoC5/USBFS_Dp.c **** }
  81              		.loc 1 63 0
  82 0012 7047     		bx	lr
  83              	.L8:
  84              		.align	2
  85              	.L7:
  86 0014 7E500040 		.word	1073762430
  87              		.cfi_endproc
  88              	.LFE1:
  89              		.size	USBFS_Dp_SetDriveMode, .-USBFS_Dp_SetDriveMode
  90              		.section	.text.USBFS_Dp_Read,"ax",%progbits
  91              		.align	1
  92              		.global	USBFS_Dp_Read
  93              		.thumb
  94              		.thumb_func
  95              		.type	USBFS_Dp_Read, %function
  96              	USBFS_Dp_Read:
  97              	.LFB2:
  64:.\Generated_Source\PSoC5/USBFS_Dp.c **** 
  65:.\Generated_Source\PSoC5/USBFS_Dp.c **** 
  66:.\Generated_Source\PSoC5/USBFS_Dp.c **** /*******************************************************************************
  67:.\Generated_Source\PSoC5/USBFS_Dp.c **** * Function Name: USBFS_Dp_Read
  68:.\Generated_Source\PSoC5/USBFS_Dp.c **** ********************************************************************************
  69:.\Generated_Source\PSoC5/USBFS_Dp.c **** *
  70:.\Generated_Source\PSoC5/USBFS_Dp.c **** * Summary:
ARM GAS  C:\DOCUME~1\ADMINI~1\LOCALS~1\Temp\cccwE47c.s 			page 4


  71:.\Generated_Source\PSoC5/USBFS_Dp.c **** *  Read the current value on the pins of the Digital Port in right justified 
  72:.\Generated_Source\PSoC5/USBFS_Dp.c **** *  form.
  73:.\Generated_Source\PSoC5/USBFS_Dp.c **** *
  74:.\Generated_Source\PSoC5/USBFS_Dp.c **** * Parameters:  
  75:.\Generated_Source\PSoC5/USBFS_Dp.c **** *  None
  76:.\Generated_Source\PSoC5/USBFS_Dp.c **** *
  77:.\Generated_Source\PSoC5/USBFS_Dp.c **** * Return: 
  78:.\Generated_Source\PSoC5/USBFS_Dp.c **** *  Returns the current value of the Digital Port as a right justified number
  79:.\Generated_Source\PSoC5/USBFS_Dp.c **** *  
  80:.\Generated_Source\PSoC5/USBFS_Dp.c **** * Note:
  81:.\Generated_Source\PSoC5/USBFS_Dp.c **** *  Macro USBFS_Dp_ReadPS calls this function. 
  82:.\Generated_Source\PSoC5/USBFS_Dp.c **** *  
  83:.\Generated_Source\PSoC5/USBFS_Dp.c **** *******************************************************************************/
  84:.\Generated_Source\PSoC5/USBFS_Dp.c **** uint8 USBFS_Dp_Read(void) 
  85:.\Generated_Source\PSoC5/USBFS_Dp.c **** {
  98              		.loc 1 85 0
  99              		.cfi_startproc
 100              		@ args = 0, pretend = 0, frame = 0
 101              		@ frame_needed = 0, uses_anonymous_args = 0
 102              		@ link register save eliminated.
  86:.\Generated_Source\PSoC5/USBFS_Dp.c ****     return (USBFS_Dp_PS & USBFS_Dp_MASK) >> USBFS_Dp_SHIFT;
 103              		.loc 1 86 0
 104 0000 024B     		ldr	r3, .L11
 105 0002 1878     		ldrb	r0, [r3, #0]	@ zero_extendqisi2
  87:.\Generated_Source\PSoC5/USBFS_Dp.c **** }
 106              		.loc 1 87 0
 107 0004 C0F38010 		ubfx	r0, r0, #6, #1
 108 0008 7047     		bx	lr
 109              	.L12:
 110 000a 00BF     		.align	2
 111              	.L11:
 112 000c F1510040 		.word	1073762801
 113              		.cfi_endproc
 114              	.LFE2:
 115              		.size	USBFS_Dp_Read, .-USBFS_Dp_Read
 116              		.section	.text.USBFS_Dp_ReadDataReg,"ax",%progbits
 117              		.align	1
 118              		.global	USBFS_Dp_ReadDataReg
 119              		.thumb
 120              		.thumb_func
 121              		.type	USBFS_Dp_ReadDataReg, %function
 122              	USBFS_Dp_ReadDataReg:
 123              	.LFB3:
  88:.\Generated_Source\PSoC5/USBFS_Dp.c **** 
  89:.\Generated_Source\PSoC5/USBFS_Dp.c **** 
  90:.\Generated_Source\PSoC5/USBFS_Dp.c **** /*******************************************************************************
  91:.\Generated_Source\PSoC5/USBFS_Dp.c **** * Function Name: USBFS_Dp_ReadDataReg
  92:.\Generated_Source\PSoC5/USBFS_Dp.c **** ********************************************************************************
  93:.\Generated_Source\PSoC5/USBFS_Dp.c **** *
  94:.\Generated_Source\PSoC5/USBFS_Dp.c **** * Summary:
  95:.\Generated_Source\PSoC5/USBFS_Dp.c **** *  Read the current value assigned to a Digital Port's data output register
  96:.\Generated_Source\PSoC5/USBFS_Dp.c **** *
  97:.\Generated_Source\PSoC5/USBFS_Dp.c **** * Parameters:  
  98:.\Generated_Source\PSoC5/USBFS_Dp.c **** *  None 
  99:.\Generated_Source\PSoC5/USBFS_Dp.c **** *
 100:.\Generated_Source\PSoC5/USBFS_Dp.c **** * Return: 
 101:.\Generated_Source\PSoC5/USBFS_Dp.c **** *  Returns the current value assigned to the Digital Port's data output register
ARM GAS  C:\DOCUME~1\ADMINI~1\LOCALS~1\Temp\cccwE47c.s 			page 5


 102:.\Generated_Source\PSoC5/USBFS_Dp.c **** *  
 103:.\Generated_Source\PSoC5/USBFS_Dp.c **** *******************************************************************************/
 104:.\Generated_Source\PSoC5/USBFS_Dp.c **** uint8 USBFS_Dp_ReadDataReg(void) 
 105:.\Generated_Source\PSoC5/USBFS_Dp.c **** {
 124              		.loc 1 105 0
 125              		.cfi_startproc
 126              		@ args = 0, pretend = 0, frame = 0
 127              		@ frame_needed = 0, uses_anonymous_args = 0
 128              		@ link register save eliminated.
 106:.\Generated_Source\PSoC5/USBFS_Dp.c ****     return (USBFS_Dp_DR & USBFS_Dp_MASK) >> USBFS_Dp_SHIFT;
 129              		.loc 1 106 0
 130 0000 024B     		ldr	r3, .L15
 131 0002 1878     		ldrb	r0, [r3, #0]	@ zero_extendqisi2
 107:.\Generated_Source\PSoC5/USBFS_Dp.c **** }
 132              		.loc 1 107 0
 133 0004 C0F38010 		ubfx	r0, r0, #6, #1
 134 0008 7047     		bx	lr
 135              	.L16:
 136 000a 00BF     		.align	2
 137              	.L15:
 138 000c F0510040 		.word	1073762800
 139              		.cfi_endproc
 140              	.LFE3:
 141              		.size	USBFS_Dp_ReadDataReg, .-USBFS_Dp_ReadDataReg
 142              		.section	.text.USBFS_Dp_ClearInterrupt,"ax",%progbits
 143              		.align	1
 144              		.global	USBFS_Dp_ClearInterrupt
 145              		.thumb
 146              		.thumb_func
 147              		.type	USBFS_Dp_ClearInterrupt, %function
 148              	USBFS_Dp_ClearInterrupt:
 149              	.LFB4:
 108:.\Generated_Source\PSoC5/USBFS_Dp.c **** 
 109:.\Generated_Source\PSoC5/USBFS_Dp.c **** 
 110:.\Generated_Source\PSoC5/USBFS_Dp.c **** /* If Interrupts Are Enabled for this Pins component */ 
 111:.\Generated_Source\PSoC5/USBFS_Dp.c **** #if defined(USBFS_Dp_INTSTAT) 
 112:.\Generated_Source\PSoC5/USBFS_Dp.c **** 
 113:.\Generated_Source\PSoC5/USBFS_Dp.c ****     /*******************************************************************************
 114:.\Generated_Source\PSoC5/USBFS_Dp.c ****     * Function Name: USBFS_Dp_ClearInterrupt
 115:.\Generated_Source\PSoC5/USBFS_Dp.c ****     ********************************************************************************
 116:.\Generated_Source\PSoC5/USBFS_Dp.c ****     * Summary:
 117:.\Generated_Source\PSoC5/USBFS_Dp.c ****     *  Clears any active interrupts attached to port and returns the value of the 
 118:.\Generated_Source\PSoC5/USBFS_Dp.c ****     *  interrupt status register.
 119:.\Generated_Source\PSoC5/USBFS_Dp.c ****     *
 120:.\Generated_Source\PSoC5/USBFS_Dp.c ****     * Parameters:  
 121:.\Generated_Source\PSoC5/USBFS_Dp.c ****     *  None 
 122:.\Generated_Source\PSoC5/USBFS_Dp.c ****     *
 123:.\Generated_Source\PSoC5/USBFS_Dp.c ****     * Return: 
 124:.\Generated_Source\PSoC5/USBFS_Dp.c ****     *  Returns the value of the interrupt status register
 125:.\Generated_Source\PSoC5/USBFS_Dp.c ****     *  
 126:.\Generated_Source\PSoC5/USBFS_Dp.c ****     *******************************************************************************/
 127:.\Generated_Source\PSoC5/USBFS_Dp.c ****     uint8 USBFS_Dp_ClearInterrupt(void) 
 128:.\Generated_Source\PSoC5/USBFS_Dp.c ****     {
 150              		.loc 1 128 0
 151              		.cfi_startproc
 152              		@ args = 0, pretend = 0, frame = 0
 153              		@ frame_needed = 0, uses_anonymous_args = 0
ARM GAS  C:\DOCUME~1\ADMINI~1\LOCALS~1\Temp\cccwE47c.s 			page 6


 154              		@ link register save eliminated.
 129:.\Generated_Source\PSoC5/USBFS_Dp.c ****         return (USBFS_Dp_INTSTAT & USBFS_Dp_MASK) >> USBFS_Dp_SHIFT;
 155              		.loc 1 129 0
 156 0000 024B     		ldr	r3, .L19
 157 0002 1878     		ldrb	r0, [r3, #0]	@ zero_extendqisi2
 130:.\Generated_Source\PSoC5/USBFS_Dp.c ****     }
 158              		.loc 1 130 0
 159 0004 C0F38010 		ubfx	r0, r0, #6, #1
 160 0008 7047     		bx	lr
 161              	.L20:
 162 000a 00BF     		.align	2
 163              	.L19:
 164 000c 8F450040 		.word	1073759631
 165              		.cfi_endproc
 166              	.LFE4:
 167              		.size	USBFS_Dp_ClearInterrupt, .-USBFS_Dp_ClearInterrupt
 168              		.text
 169              	.Letext0:
 170              		.section	.debug_loc,"",%progbits
 171              	.Ldebug_loc0:
 172              	.LLST1:
 173 0000 00000000 		.4byte	.LVL0
 174 0004 04000000 		.4byte	.LVL1
 175 0008 0100     		.2byte	0x1
 176 000a 50       		.byte	0x50
 177 000b 00000000 		.4byte	0x0
 178 000f 00000000 		.4byte	0x0
 179              	.LLST3:
 180 0013 00000000 		.4byte	.LVL2
 181 0017 06000000 		.4byte	.LVL3
 182 001b 0100     		.2byte	0x1
 183 001d 50       		.byte	0x50
 184 001e 00000000 		.4byte	0x0
 185 0022 00000000 		.4byte	0x0
 186              		.file 2 ".\\Generated_Source\\PSoC5\\/cytypes.h"
 187              		.section	.debug_info
 188 0000 2A010000 		.4byte	0x12a
 189 0004 0200     		.2byte	0x2
 190 0006 00000000 		.4byte	.Ldebug_abbrev0
 191 000a 04       		.byte	0x4
 192 000b 01       		.uleb128 0x1
 193 000c 3F010000 		.4byte	.LASF19
 194 0010 01       		.byte	0x1
 195 0011 CE000000 		.4byte	.LASF20
 196 0015 7E000000 		.4byte	.LASF21
 197 0019 00000000 		.4byte	0x0
 198 001d 00000000 		.4byte	0x0
 199 0021 00000000 		.4byte	.Ldebug_ranges0+0x0
 200 0025 00000000 		.4byte	.Ldebug_line0
 201 0029 02       		.uleb128 0x2
 202 002a 01       		.byte	0x1
 203 002b 06       		.byte	0x6
 204 002c 7F010000 		.4byte	.LASF0
 205 0030 02       		.uleb128 0x2
 206 0031 01       		.byte	0x1
 207 0032 08       		.byte	0x8
 208 0033 4B000000 		.4byte	.LASF1
ARM GAS  C:\DOCUME~1\ADMINI~1\LOCALS~1\Temp\cccwE47c.s 			page 7


 209 0037 02       		.uleb128 0x2
 210 0038 02       		.byte	0x2
 211 0039 05       		.byte	0x5
 212 003a 50010000 		.4byte	.LASF2
 213 003e 02       		.uleb128 0x2
 214 003f 02       		.byte	0x2
 215 0040 07       		.byte	0x7
 216 0041 6B000000 		.4byte	.LASF3
 217 0045 02       		.uleb128 0x2
 218 0046 04       		.byte	0x4
 219 0047 05       		.byte	0x5
 220 0048 60010000 		.4byte	.LASF4
 221 004c 02       		.uleb128 0x2
 222 004d 04       		.byte	0x4
 223 004e 07       		.byte	0x7
 224 004f 59000000 		.4byte	.LASF5
 225 0053 02       		.uleb128 0x2
 226 0054 08       		.byte	0x8
 227 0055 05       		.byte	0x5
 228 0056 00000000 		.4byte	.LASF6
 229 005a 02       		.uleb128 0x2
 230 005b 08       		.byte	0x8
 231 005c 07       		.byte	0x7
 232 005d 0E010000 		.4byte	.LASF7
 233 0061 03       		.uleb128 0x3
 234 0062 04       		.byte	0x4
 235 0063 05       		.byte	0x5
 236 0064 696E7400 		.ascii	"int\000"
 237 0068 02       		.uleb128 0x2
 238 0069 04       		.byte	0x4
 239 006a 07       		.byte	0x7
 240 006b 01010000 		.4byte	.LASF8
 241 006f 04       		.uleb128 0x4
 242 0070 5A010000 		.4byte	.LASF22
 243 0074 02       		.byte	0x2
 244 0075 4C       		.byte	0x4c
 245 0076 30000000 		.4byte	0x30
 246 007a 02       		.uleb128 0x2
 247 007b 04       		.byte	0x4
 248 007c 04       		.byte	0x4
 249 007d 2D000000 		.4byte	.LASF9
 250 0081 02       		.uleb128 0x2
 251 0082 08       		.byte	0x8
 252 0083 04       		.byte	0x4
 253 0084 C7000000 		.4byte	.LASF10
 254 0088 02       		.uleb128 0x2
 255 0089 01       		.byte	0x1
 256 008a 08       		.byte	0x8
 257 008b 4B010000 		.4byte	.LASF11
 258 008f 05       		.uleb128 0x5
 259 0090 01       		.byte	0x1
 260 0091 F2000000 		.4byte	.LASF12
 261 0095 01       		.byte	0x1
 262 0096 27       		.byte	0x27
 263 0097 01       		.byte	0x1
 264 0098 00000000 		.4byte	.LFB0
 265 009c 1C000000 		.4byte	.LFE0
ARM GAS  C:\DOCUME~1\ADMINI~1\LOCALS~1\Temp\cccwE47c.s 			page 8


 266 00a0 01       		.byte	0x1
 267 00a1 5D       		.byte	0x5d
 268 00a2 C1000000 		.4byte	0xc1
 269 00a6 06       		.uleb128 0x6
 270 00a7 0E000000 		.4byte	.LASF14
 271 00ab 01       		.byte	0x1
 272 00ac 27       		.byte	0x27
 273 00ad 6F000000 		.4byte	0x6f
 274 00b1 00000000 		.4byte	.LLST1
 275 00b5 07       		.uleb128 0x7
 276 00b6 22000000 		.4byte	.LASF23
 277 00ba 01       		.byte	0x1
 278 00bb 29       		.byte	0x29
 279 00bc 6F000000 		.4byte	0x6f
 280 00c0 00       		.byte	0x0
 281 00c1 05       		.uleb128 0x5
 282 00c2 01       		.byte	0x1
 283 00c3 69010000 		.4byte	.LASF13
 284 00c7 01       		.byte	0x1
 285 00c8 3C       		.byte	0x3c
 286 00c9 01       		.byte	0x1
 287 00ca 00000000 		.4byte	.LFB1
 288 00ce 18000000 		.4byte	.LFE1
 289 00d2 01       		.byte	0x1
 290 00d3 5D       		.byte	0x5d
 291 00d4 E8000000 		.4byte	0xe8
 292 00d8 06       		.uleb128 0x6
 293 00d9 3A010000 		.4byte	.LASF15
 294 00dd 01       		.byte	0x1
 295 00de 3C       		.byte	0x3c
 296 00df 6F000000 		.4byte	0x6f
 297 00e3 13000000 		.4byte	.LLST3
 298 00e7 00       		.byte	0x0
 299 00e8 08       		.uleb128 0x8
 300 00e9 01       		.byte	0x1
 301 00ea 14000000 		.4byte	.LASF16
 302 00ee 01       		.byte	0x1
 303 00ef 54       		.byte	0x54
 304 00f0 01       		.byte	0x1
 305 00f1 6F000000 		.4byte	0x6f
 306 00f5 00000000 		.4byte	.LFB2
 307 00f9 10000000 		.4byte	.LFE2
 308 00fd 01       		.byte	0x1
 309 00fe 5D       		.byte	0x5d
 310 00ff 08       		.uleb128 0x8
 311 0100 01       		.byte	0x1
 312 0101 25010000 		.4byte	.LASF17
 313 0105 01       		.byte	0x1
 314 0106 68       		.byte	0x68
 315 0107 01       		.byte	0x1
 316 0108 6F000000 		.4byte	0x6f
 317 010c 00000000 		.4byte	.LFB3
 318 0110 10000000 		.4byte	.LFE3
 319 0114 01       		.byte	0x1
 320 0115 5D       		.byte	0x5d
 321 0116 08       		.uleb128 0x8
 322 0117 01       		.byte	0x1
ARM GAS  C:\DOCUME~1\ADMINI~1\LOCALS~1\Temp\cccwE47c.s 			page 9


 323 0118 33000000 		.4byte	.LASF18
 324 011c 01       		.byte	0x1
 325 011d 7F       		.byte	0x7f
 326 011e 01       		.byte	0x1
 327 011f 6F000000 		.4byte	0x6f
 328 0123 00000000 		.4byte	.LFB4
 329 0127 10000000 		.4byte	.LFE4
 330 012b 01       		.byte	0x1
 331 012c 5D       		.byte	0x5d
 332 012d 00       		.byte	0x0
 333              		.section	.debug_abbrev
 334 0000 01       		.uleb128 0x1
 335 0001 11       		.uleb128 0x11
 336 0002 01       		.byte	0x1
 337 0003 25       		.uleb128 0x25
 338 0004 0E       		.uleb128 0xe
 339 0005 13       		.uleb128 0x13
 340 0006 0B       		.uleb128 0xb
 341 0007 03       		.uleb128 0x3
 342 0008 0E       		.uleb128 0xe
 343 0009 1B       		.uleb128 0x1b
 344 000a 0E       		.uleb128 0xe
 345 000b 11       		.uleb128 0x11
 346 000c 01       		.uleb128 0x1
 347 000d 52       		.uleb128 0x52
 348 000e 01       		.uleb128 0x1
 349 000f 55       		.uleb128 0x55
 350 0010 06       		.uleb128 0x6
 351 0011 10       		.uleb128 0x10
 352 0012 06       		.uleb128 0x6
 353 0013 00       		.byte	0x0
 354 0014 00       		.byte	0x0
 355 0015 02       		.uleb128 0x2
 356 0016 24       		.uleb128 0x24
 357 0017 00       		.byte	0x0
 358 0018 0B       		.uleb128 0xb
 359 0019 0B       		.uleb128 0xb
 360 001a 3E       		.uleb128 0x3e
 361 001b 0B       		.uleb128 0xb
 362 001c 03       		.uleb128 0x3
 363 001d 0E       		.uleb128 0xe
 364 001e 00       		.byte	0x0
 365 001f 00       		.byte	0x0
 366 0020 03       		.uleb128 0x3
 367 0021 24       		.uleb128 0x24
 368 0022 00       		.byte	0x0
 369 0023 0B       		.uleb128 0xb
 370 0024 0B       		.uleb128 0xb
 371 0025 3E       		.uleb128 0x3e
 372 0026 0B       		.uleb128 0xb
 373 0027 03       		.uleb128 0x3
 374 0028 08       		.uleb128 0x8
 375 0029 00       		.byte	0x0
 376 002a 00       		.byte	0x0
 377 002b 04       		.uleb128 0x4
 378 002c 16       		.uleb128 0x16
 379 002d 00       		.byte	0x0
ARM GAS  C:\DOCUME~1\ADMINI~1\LOCALS~1\Temp\cccwE47c.s 			page 10


 380 002e 03       		.uleb128 0x3
 381 002f 0E       		.uleb128 0xe
 382 0030 3A       		.uleb128 0x3a
 383 0031 0B       		.uleb128 0xb
 384 0032 3B       		.uleb128 0x3b
 385 0033 0B       		.uleb128 0xb
 386 0034 49       		.uleb128 0x49
 387 0035 13       		.uleb128 0x13
 388 0036 00       		.byte	0x0
 389 0037 00       		.byte	0x0
 390 0038 05       		.uleb128 0x5
 391 0039 2E       		.uleb128 0x2e
 392 003a 01       		.byte	0x1
 393 003b 3F       		.uleb128 0x3f
 394 003c 0C       		.uleb128 0xc
 395 003d 03       		.uleb128 0x3
 396 003e 0E       		.uleb128 0xe
 397 003f 3A       		.uleb128 0x3a
 398 0040 0B       		.uleb128 0xb
 399 0041 3B       		.uleb128 0x3b
 400 0042 0B       		.uleb128 0xb
 401 0043 27       		.uleb128 0x27
 402 0044 0C       		.uleb128 0xc
 403 0045 11       		.uleb128 0x11
 404 0046 01       		.uleb128 0x1
 405 0047 12       		.uleb128 0x12
 406 0048 01       		.uleb128 0x1
 407 0049 40       		.uleb128 0x40
 408 004a 0A       		.uleb128 0xa
 409 004b 01       		.uleb128 0x1
 410 004c 13       		.uleb128 0x13
 411 004d 00       		.byte	0x0
 412 004e 00       		.byte	0x0
 413 004f 06       		.uleb128 0x6
 414 0050 05       		.uleb128 0x5
 415 0051 00       		.byte	0x0
 416 0052 03       		.uleb128 0x3
 417 0053 0E       		.uleb128 0xe
 418 0054 3A       		.uleb128 0x3a
 419 0055 0B       		.uleb128 0xb
 420 0056 3B       		.uleb128 0x3b
 421 0057 0B       		.uleb128 0xb
 422 0058 49       		.uleb128 0x49
 423 0059 13       		.uleb128 0x13
 424 005a 02       		.uleb128 0x2
 425 005b 06       		.uleb128 0x6
 426 005c 00       		.byte	0x0
 427 005d 00       		.byte	0x0
 428 005e 07       		.uleb128 0x7
 429 005f 34       		.uleb128 0x34
 430 0060 00       		.byte	0x0
 431 0061 03       		.uleb128 0x3
 432 0062 0E       		.uleb128 0xe
 433 0063 3A       		.uleb128 0x3a
 434 0064 0B       		.uleb128 0xb
 435 0065 3B       		.uleb128 0x3b
 436 0066 0B       		.uleb128 0xb
ARM GAS  C:\DOCUME~1\ADMINI~1\LOCALS~1\Temp\cccwE47c.s 			page 11


 437 0067 49       		.uleb128 0x49
 438 0068 13       		.uleb128 0x13
 439 0069 00       		.byte	0x0
 440 006a 00       		.byte	0x0
 441 006b 08       		.uleb128 0x8
 442 006c 2E       		.uleb128 0x2e
 443 006d 00       		.byte	0x0
 444 006e 3F       		.uleb128 0x3f
 445 006f 0C       		.uleb128 0xc
 446 0070 03       		.uleb128 0x3
 447 0071 0E       		.uleb128 0xe
 448 0072 3A       		.uleb128 0x3a
 449 0073 0B       		.uleb128 0xb
 450 0074 3B       		.uleb128 0x3b
 451 0075 0B       		.uleb128 0xb
 452 0076 27       		.uleb128 0x27
 453 0077 0C       		.uleb128 0xc
 454 0078 49       		.uleb128 0x49
 455 0079 13       		.uleb128 0x13
 456 007a 11       		.uleb128 0x11
 457 007b 01       		.uleb128 0x1
 458 007c 12       		.uleb128 0x12
 459 007d 01       		.uleb128 0x1
 460 007e 40       		.uleb128 0x40
 461 007f 0A       		.uleb128 0xa
 462 0080 00       		.byte	0x0
 463 0081 00       		.byte	0x0
 464 0082 00       		.byte	0x0
 465              		.section	.debug_pubnames,"",%progbits
 466 0000 82000000 		.4byte	0x82
 467 0004 0200     		.2byte	0x2
 468 0006 00000000 		.4byte	.Ldebug_info0
 469 000a 2E010000 		.4byte	0x12e
 470 000e 8F000000 		.4byte	0x8f
 471 0012 55534246 		.ascii	"USBFS_Dp_Write\000"
 471      535F4470 
 471      5F577269 
 471      746500
 472 0021 C1000000 		.4byte	0xc1
 473 0025 55534246 		.ascii	"USBFS_Dp_SetDriveMode\000"
 473      535F4470 
 473      5F536574 
 473      44726976 
 473      654D6F64 
 474 003b E8000000 		.4byte	0xe8
 475 003f 55534246 		.ascii	"USBFS_Dp_Read\000"
 475      535F4470 
 475      5F526561 
 475      6400
 476 004d FF000000 		.4byte	0xff
 477 0051 55534246 		.ascii	"USBFS_Dp_ReadDataReg\000"
 477      535F4470 
 477      5F526561 
 477      64446174 
 477      61526567 
 478 0066 16010000 		.4byte	0x116
 479 006a 55534246 		.ascii	"USBFS_Dp_ClearInterrupt\000"
ARM GAS  C:\DOCUME~1\ADMINI~1\LOCALS~1\Temp\cccwE47c.s 			page 12


 479      535F4470 
 479      5F436C65 
 479      6172496E 
 479      74657272 
 480 0082 00000000 		.4byte	0x0
 481              		.section	.debug_aranges,"",%progbits
 482 0000 3C000000 		.4byte	0x3c
 483 0004 0200     		.2byte	0x2
 484 0006 00000000 		.4byte	.Ldebug_info0
 485 000a 04       		.byte	0x4
 486 000b 00       		.byte	0x0
 487 000c 0000     		.2byte	0x0
 488 000e 0000     		.2byte	0x0
 489 0010 00000000 		.4byte	.LFB0
 490 0014 1C000000 		.4byte	.LFE0-.LFB0
 491 0018 00000000 		.4byte	.LFB1
 492 001c 18000000 		.4byte	.LFE1-.LFB1
 493 0020 00000000 		.4byte	.LFB2
 494 0024 10000000 		.4byte	.LFE2-.LFB2
 495 0028 00000000 		.4byte	.LFB3
 496 002c 10000000 		.4byte	.LFE3-.LFB3
 497 0030 00000000 		.4byte	.LFB4
 498 0034 10000000 		.4byte	.LFE4-.LFB4
 499 0038 00000000 		.4byte	0x0
 500 003c 00000000 		.4byte	0x0
 501              		.section	.debug_ranges,"",%progbits
 502              	.Ldebug_ranges0:
 503 0000 00000000 		.4byte	.Ltext0
 504 0004 00000000 		.4byte	.Letext0
 505 0008 00000000 		.4byte	.LFB0
 506 000c 1C000000 		.4byte	.LFE0
 507 0010 00000000 		.4byte	.LFB1
 508 0014 18000000 		.4byte	.LFE1
 509 0018 00000000 		.4byte	.LFB2
 510 001c 10000000 		.4byte	.LFE2
 511 0020 00000000 		.4byte	.LFB3
 512 0024 10000000 		.4byte	.LFE3
 513 0028 00000000 		.4byte	.LFB4
 514 002c 10000000 		.4byte	.LFE4
 515 0030 00000000 		.4byte	0x0
 516 0034 00000000 		.4byte	0x0
 517              		.section	.debug_str,"MS",%progbits,1
 518              	.LASF6:
 519 0000 6C6F6E67 		.ascii	"long long int\000"
 519      206C6F6E 
 519      6720696E 
 519      7400
 520              	.LASF14:
 521 000e 76616C75 		.ascii	"value\000"
 521      6500
 522              	.LASF16:
 523 0014 55534246 		.ascii	"USBFS_Dp_Read\000"
 523      535F4470 
 523      5F526561 
 523      6400
 524              	.LASF23:
 525 0022 73746174 		.ascii	"staticBits\000"
ARM GAS  C:\DOCUME~1\ADMINI~1\LOCALS~1\Temp\cccwE47c.s 			page 13


 525      69634269 
 525      747300
 526              	.LASF9:
 527 002d 666C6F61 		.ascii	"float\000"
 527      7400
 528              	.LASF18:
 529 0033 55534246 		.ascii	"USBFS_Dp_ClearInterrupt\000"
 529      535F4470 
 529      5F436C65 
 529      6172496E 
 529      74657272 
 530              	.LASF1:
 531 004b 756E7369 		.ascii	"unsigned char\000"
 531      676E6564 
 531      20636861 
 531      7200
 532              	.LASF5:
 533 0059 6C6F6E67 		.ascii	"long unsigned int\000"
 533      20756E73 
 533      69676E65 
 533      6420696E 
 533      7400
 534              	.LASF3:
 535 006b 73686F72 		.ascii	"short unsigned int\000"
 535      7420756E 
 535      7369676E 
 535      65642069 
 535      6E7400
 536              	.LASF21:
 537 007e 5C5C7073 		.ascii	"\\\\psf\\Home\\Desktop\\KitProg version 2_03\\KitPr"
 537      665C486F 
 537      6D655C44 
 537      65736B74 
 537      6F705C4B 
 538 00ab 6F675C4B 		.ascii	"og\\KitProg_Bootloader.cydsn\000"
 538      69745072 
 538      6F675F42 
 538      6F6F746C 
 538      6F616465 
 539              	.LASF10:
 540 00c7 646F7562 		.ascii	"double\000"
 540      6C6500
 541              	.LASF20:
 542 00ce 2E5C4765 		.ascii	".\\Generated_Source\\PSoC5\\USBFS_Dp.c\000"
 542      6E657261 
 542      7465645F 
 542      536F7572 
 542      63655C50 
 543              	.LASF12:
 544 00f2 55534246 		.ascii	"USBFS_Dp_Write\000"
 544      535F4470 
 544      5F577269 
 544      746500
 545              	.LASF8:
 546 0101 756E7369 		.ascii	"unsigned int\000"
 546      676E6564 
 546      20696E74 
ARM GAS  C:\DOCUME~1\ADMINI~1\LOCALS~1\Temp\cccwE47c.s 			page 14


 546      00
 547              	.LASF7:
 548 010e 6C6F6E67 		.ascii	"long long unsigned int\000"
 548      206C6F6E 
 548      6720756E 
 548      7369676E 
 548      65642069 
 549              	.LASF17:
 550 0125 55534246 		.ascii	"USBFS_Dp_ReadDataReg\000"
 550      535F4470 
 550      5F526561 
 550      64446174 
 550      61526567 
 551              	.LASF15:
 552 013a 6D6F6465 		.ascii	"mode\000"
 552      00
 553              	.LASF19:
 554 013f 474E5520 		.ascii	"GNU C 4.4.1\000"
 554      4320342E 
 554      342E3100 
 555              	.LASF11:
 556 014b 63686172 		.ascii	"char\000"
 556      00
 557              	.LASF2:
 558 0150 73686F72 		.ascii	"short int\000"
 558      7420696E 
 558      7400
 559              	.LASF22:
 560 015a 75696E74 		.ascii	"uint8\000"
 560      3800
 561              	.LASF4:
 562 0160 6C6F6E67 		.ascii	"long int\000"
 562      20696E74 
 562      00
 563              	.LASF13:
 564 0169 55534246 		.ascii	"USBFS_Dp_SetDriveMode\000"
 564      535F4470 
 564      5F536574 
 564      44726976 
 564      654D6F64 
 565              	.LASF0:
 566 017f 7369676E 		.ascii	"signed char\000"
 566      65642063 
 566      68617200 
 567              		.ident	"GCC: (Sourcery G++ Lite 2010q1-188) 4.4.1"
