ARM GAS  C:\DOCUME~1\ADMINI~1\LOCALS~1\Temp\ccs2h7h4.s 			page 1


   1              		.syntax unified
   2              		.cpu cortex-m3
   3              		.fpu softvfp
   4              		.eabi_attribute 20, 1
   5              		.eabi_attribute 21, 1
   6              		.eabi_attribute 23, 3
   7              		.eabi_attribute 24, 1
   8              		.eabi_attribute 25, 1
   9              		.eabi_attribute 26, 1
  10              		.eabi_attribute 30, 6
  11              		.eabi_attribute 18, 4
  12              		.thumb
  13              		.file	"Filter_1_Coefficients.c"
  14              		.section	.debug_abbrev,"",%progbits
  15              	.Ldebug_abbrev0:
  16              		.section	.debug_info,"",%progbits
  17              	.Ldebug_info0:
  18              		.section	.debug_line,"",%progbits
  19              	.Ldebug_line0:
  20 0000 74000000 		.text
  20      02006E00 
  20      00000201 
  20      FB0E0D00 
  20      01010101 
  21              	.Ltext0:
  22              		.cfi_sections	.debug_frame
  23              		.global	ChannelAFirCoefficients
  24              		.data
  25              		.align	2
  26              		.type	ChannelAFirCoefficients, %object
  27              		.size	ChannelAFirCoefficients, 512
  28              	ChannelAFirCoefficients:
  29 0000 48       		.byte	72
  30 0001 03       		.byte	3
  31 0002 00       		.byte	0
  32 0003 00       		.byte	0
  33 0004 17       		.byte	23
  34 0005 F0       		.byte	-16
  35 0006 FF       		.byte	-1
  36 0007 00       		.byte	0
  37 0008 6F       		.byte	111
  38 0009 DC       		.byte	-36
  39 000a FF       		.byte	-1
  40 000b 00       		.byte	0
  41 000c 98       		.byte	-104
  42 000d C8       		.byte	-56
  43 000e FF       		.byte	-1
  44 000f 00       		.byte	0
  45 0010 DE       		.byte	-34
  46 0011 B4       		.byte	-76
  47 0012 FF       		.byte	-1
  48 0013 00       		.byte	0
  49 0014 91       		.byte	-111
  50 0015 A1       		.byte	-95
  51 0016 FF       		.byte	-1
  52 0017 00       		.byte	0
  53 0018 FF       		.byte	-1
ARM GAS  C:\DOCUME~1\ADMINI~1\LOCALS~1\Temp\ccs2h7h4.s 			page 2


  54 0019 8E       		.byte	-114
  55 001a FF       		.byte	-1
  56 001b 00       		.byte	0
  57 001c 78       		.byte	120
  58 001d 7D       		.byte	125
  59 001e FF       		.byte	-1
  60 001f 00       		.byte	0
  61 0020 4B       		.byte	75
  62 0021 6D       		.byte	109
  63 0022 FF       		.byte	-1
  64 0023 00       		.byte	0
  65 0024 C6       		.byte	-58
  66 0025 5E       		.byte	94
  67 0026 FF       		.byte	-1
  68 0027 00       		.byte	0
  69 0028 33       		.byte	51
  70 0029 52       		.byte	82
  71 002a FF       		.byte	-1
  72 002b 00       		.byte	0
  73 002c D7       		.byte	-41
  74 002d 47       		.byte	71
  75 002e FF       		.byte	-1
  76 002f 00       		.byte	0
  77 0030 F2       		.byte	-14
  78 0031 3F       		.byte	63
  79 0032 FF       		.byte	-1
  80 0033 00       		.byte	0
  81 0034 BE       		.byte	-66
  82 0035 3A       		.byte	58
  83 0036 FF       		.byte	-1
  84 0037 00       		.byte	0
  85 0038 6F       		.byte	111
  86 0039 38       		.byte	56
  87 003a FF       		.byte	-1
  88 003b 00       		.byte	0
  89 003c 2D       		.byte	45
  90 003d 39       		.byte	57
  91 003e FF       		.byte	-1
  92 003f 00       		.byte	0
  93 0040 19       		.byte	25
  94 0041 3D       		.byte	61
  95 0042 FF       		.byte	-1
  96 0043 00       		.byte	0
  97 0044 4A       		.byte	74
  98 0045 44       		.byte	68
  99 0046 FF       		.byte	-1
 100 0047 00       		.byte	0
 101 0048 CC       		.byte	-52
 102 0049 4E       		.byte	78
 103 004a FF       		.byte	-1
 104 004b 00       		.byte	0
 105 004c 9F       		.byte	-97
 106 004d 5C       		.byte	92
 107 004e FF       		.byte	-1
 108 004f 00       		.byte	0
 109 0050 B7       		.byte	-73
 110 0051 6D       		.byte	109
ARM GAS  C:\DOCUME~1\ADMINI~1\LOCALS~1\Temp\ccs2h7h4.s 			page 3


 111 0052 FF       		.byte	-1
 112 0053 00       		.byte	0
 113 0054 FE       		.byte	-2
 114 0055 81       		.byte	-127
 115 0056 FF       		.byte	-1
 116 0057 00       		.byte	0
 117 0058 50       		.byte	80
 118 0059 99       		.byte	-103
 119 005a FF       		.byte	-1
 120 005b 00       		.byte	0
 121 005c 7D       		.byte	125
 122 005d B3       		.byte	-77
 123 005e FF       		.byte	-1
 124 005f 00       		.byte	0
 125 0060 49       		.byte	73
 126 0061 D0       		.byte	-48
 127 0062 FF       		.byte	-1
 128 0063 00       		.byte	0
 129 0064 6D       		.byte	109
 130 0065 EF       		.byte	-17
 131 0066 FF       		.byte	-1
 132 0067 00       		.byte	0
 133 0068 94       		.byte	-108
 134 0069 10       		.byte	16
 135 006a 00       		.byte	0
 136 006b 00       		.byte	0
 137 006c 61       		.byte	97
 138 006d 33       		.byte	51
 139 006e 00       		.byte	0
 140 006f 00       		.byte	0
 141 0070 6C       		.byte	108
 142 0071 57       		.byte	87
 143 0072 00       		.byte	0
 144 0073 00       		.byte	0
 145 0074 41       		.byte	65
 146 0075 7C       		.byte	124
 147 0076 00       		.byte	0
 148 0077 00       		.byte	0
 149 0078 67       		.byte	103
 150 0079 A1       		.byte	-95
 151 007a 00       		.byte	0
 152 007b 00       		.byte	0
 153 007c 5B       		.byte	91
 154 007d C6       		.byte	-58
 155 007e 00       		.byte	0
 156 007f 00       		.byte	0
 157 0080 93       		.byte	-109
 158 0081 EA       		.byte	-22
 159 0082 00       		.byte	0
 160 0083 00       		.byte	0
 161 0084 81       		.byte	-127
 162 0085 0D       		.byte	13
 163 0086 01       		.byte	1
 164 0087 00       		.byte	0
 165 0088 91       		.byte	-111
 166 0089 2E       		.byte	46
 167 008a 01       		.byte	1
ARM GAS  C:\DOCUME~1\ADMINI~1\LOCALS~1\Temp\ccs2h7h4.s 			page 4


 168 008b 00       		.byte	0
 169 008c 2C       		.byte	44
 170 008d 4D       		.byte	77
 171 008e 01       		.byte	1
 172 008f 00       		.byte	0
 173 0090 B9       		.byte	-71
 174 0091 68       		.byte	104
 175 0092 01       		.byte	1
 176 0093 00       		.byte	0
 177 0094 9E       		.byte	-98
 178 0095 80       		.byte	-128
 179 0096 01       		.byte	1
 180 0097 00       		.byte	0
 181 0098 3E       		.byte	62
 182 0099 94       		.byte	-108
 183 009a 01       		.byte	1
 184 009b 00       		.byte	0
 185 009c FE       		.byte	-2
 186 009d A2       		.byte	-94
 187 009e 01       		.byte	1
 188 009f 00       		.byte	0
 189 00a0 43       		.byte	67
 190 00a1 AC       		.byte	-84
 191 00a2 01       		.byte	1
 192 00a3 00       		.byte	0
 193 00a4 72       		.byte	114
 194 00a5 AF       		.byte	-81
 195 00a6 01       		.byte	1
 196 00a7 00       		.byte	0
 197 00a8 F1       		.byte	-15
 198 00a9 AB       		.byte	-85
 199 00aa 01       		.byte	1
 200 00ab 00       		.byte	0
 201 00ac 23       		.byte	35
 202 00ad A1       		.byte	-95
 203 00ae 01       		.byte	1
 204 00af 00       		.byte	0
 205 00b0 6B       		.byte	107
 206 00b1 8E       		.byte	-114
 207 00b2 01       		.byte	1
 208 00b3 00       		.byte	0
 209 00b4 25       		.byte	37
 210 00b5 73       		.byte	115
 211 00b6 01       		.byte	1
 212 00b7 00       		.byte	0
 213 00b8 A4       		.byte	-92
 214 00b9 4E       		.byte	78
 215 00ba 01       		.byte	1
 216 00bb 00       		.byte	0
 217 00bc 2A       		.byte	42
 218 00bd 20       		.byte	32
 219 00be 01       		.byte	1
 220 00bf 00       		.byte	0
 221 00c0 E2       		.byte	-30
 222 00c1 E6       		.byte	-26
 223 00c2 00       		.byte	0
 224 00c3 00       		.byte	0
ARM GAS  C:\DOCUME~1\ADMINI~1\LOCALS~1\Temp\ccs2h7h4.s 			page 5


 225 00c4 CE       		.byte	-50
 226 00c5 A1       		.byte	-95
 227 00c6 00       		.byte	0
 228 00c7 00       		.byte	0
 229 00c8 B9       		.byte	-71
 230 00c9 4F       		.byte	79
 231 00ca 00       		.byte	0
 232 00cb 00       		.byte	0
 233 00cc 15       		.byte	21
 234 00cd EF       		.byte	-17
 235 00ce FF       		.byte	-1
 236 00cf 00       		.byte	0
 237 00d0 D2       		.byte	-46
 238 00d1 7D       		.byte	125
 239 00d2 FF       		.byte	-1
 240 00d3 00       		.byte	0
 241 00d4 14       		.byte	20
 242 00d5 F9       		.byte	-7
 243 00d6 FE       		.byte	-2
 244 00d7 00       		.byte	0
 245 00d8 C5       		.byte	-59
 246 00d9 5C       		.byte	92
 247 00da FE       		.byte	-2
 248 00db 00       		.byte	0
 249 00dc CE       		.byte	-50
 250 00dd A2       		.byte	-94
 251 00de FD       		.byte	-3
 252 00df 00       		.byte	0
 253 00e0 B9       		.byte	-71
 254 00e1 C1       		.byte	-63
 255 00e2 FC       		.byte	-4
 256 00e3 00       		.byte	0
 257 00e4 0E       		.byte	14
 258 00e5 AA       		.byte	-86
 259 00e6 FB       		.byte	-5
 260 00e7 00       		.byte	0
 261 00e8 CF       		.byte	-49
 262 00e9 40       		.byte	64
 263 00ea FA       		.byte	-6
 264 00eb 00       		.byte	0
 265 00ec A2       		.byte	-94
 266 00ed 52       		.byte	82
 267 00ee F8       		.byte	-8
 268 00ef 00       		.byte	0
 269 00f0 ED       		.byte	-19
 270 00f1 70       		.byte	112
 271 00f2 F5       		.byte	-11
 272 00f3 00       		.byte	0
 273 00f4 48       		.byte	72
 274 00f5 7B       		.byte	123
 275 00f6 F0       		.byte	-16
 276 00f7 00       		.byte	0
 277 00f8 B2       		.byte	-78
 278 00f9 4E       		.byte	78
 279 00fa E5       		.byte	-27
 280 00fb 00       		.byte	0
 281 00fc 71       		.byte	113
ARM GAS  C:\DOCUME~1\ADMINI~1\LOCALS~1\Temp\ccs2h7h4.s 			page 6


 282 00fd AB       		.byte	-85
 283 00fe AE       		.byte	-82
 284 00ff 00       		.byte	0
 285 0100 8F       		.byte	-113
 286 0101 54       		.byte	84
 287 0102 51       		.byte	81
 288 0103 00       		.byte	0
 289 0104 4E       		.byte	78
 290 0105 B1       		.byte	-79
 291 0106 1A       		.byte	26
 292 0107 00       		.byte	0
 293 0108 B8       		.byte	-72
 294 0109 84       		.byte	-124
 295 010a 0F       		.byte	15
 296 010b 00       		.byte	0
 297 010c 13       		.byte	19
 298 010d 8F       		.byte	-113
 299 010e 0A       		.byte	10
 300 010f 00       		.byte	0
 301 0110 5E       		.byte	94
 302 0111 AD       		.byte	-83
 303 0112 07       		.byte	7
 304 0113 00       		.byte	0
 305 0114 31       		.byte	49
 306 0115 BF       		.byte	-65
 307 0116 05       		.byte	5
 308 0117 00       		.byte	0
 309 0118 F2       		.byte	-14
 310 0119 55       		.byte	85
 311 011a 04       		.byte	4
 312 011b 00       		.byte	0
 313 011c 47       		.byte	71
 314 011d 3E       		.byte	62
 315 011e 03       		.byte	3
 316 011f 00       		.byte	0
 317 0120 32       		.byte	50
 318 0121 5D       		.byte	93
 319 0122 02       		.byte	2
 320 0123 00       		.byte	0
 321 0124 3B       		.byte	59
 322 0125 A3       		.byte	-93
 323 0126 01       		.byte	1
 324 0127 00       		.byte	0
 325 0128 EC       		.byte	-20
 326 0129 06       		.byte	6
 327 012a 01       		.byte	1
 328 012b 00       		.byte	0
 329 012c 2E       		.byte	46
 330 012d 82       		.byte	-126
 331 012e 00       		.byte	0
 332 012f 00       		.byte	0
 333 0130 EB       		.byte	-21
 334 0131 10       		.byte	16
 335 0132 00       		.byte	0
 336 0133 00       		.byte	0
 337 0134 47       		.byte	71
 338 0135 B0       		.byte	-80
ARM GAS  C:\DOCUME~1\ADMINI~1\LOCALS~1\Temp\ccs2h7h4.s 			page 7


 339 0136 FF       		.byte	-1
 340 0137 00       		.byte	0
 341 0138 32       		.byte	50
 342 0139 5E       		.byte	94
 343 013a FF       		.byte	-1
 344 013b 00       		.byte	0
 345 013c 1E       		.byte	30
 346 013d 19       		.byte	25
 347 013e FF       		.byte	-1
 348 013f 00       		.byte	0
 349 0140 D6       		.byte	-42
 350 0141 DF       		.byte	-33
 351 0142 FE       		.byte	-2
 352 0143 00       		.byte	0
 353 0144 5C       		.byte	92
 354 0145 B1       		.byte	-79
 355 0146 FE       		.byte	-2
 356 0147 00       		.byte	0
 357 0148 DB       		.byte	-37
 358 0149 8C       		.byte	-116
 359 014a FE       		.byte	-2
 360 014b 00       		.byte	0
 361 014c 95       		.byte	-107
 362 014d 71       		.byte	113
 363 014e FE       		.byte	-2
 364 014f 00       		.byte	0
 365 0150 DD       		.byte	-35
 366 0151 5E       		.byte	94
 367 0152 FE       		.byte	-2
 368 0153 00       		.byte	0
 369 0154 0F       		.byte	15
 370 0155 54       		.byte	84
 371 0156 FE       		.byte	-2
 372 0157 00       		.byte	0
 373 0158 8E       		.byte	-114
 374 0159 50       		.byte	80
 375 015a FE       		.byte	-2
 376 015b 00       		.byte	0
 377 015c BD       		.byte	-67
 378 015d 53       		.byte	83
 379 015e FE       		.byte	-2
 380 015f 00       		.byte	0
 381 0160 02       		.byte	2
 382 0161 5D       		.byte	93
 383 0162 FE       		.byte	-2
 384 0163 00       		.byte	0
 385 0164 C2       		.byte	-62
 386 0165 6B       		.byte	107
 387 0166 FE       		.byte	-2
 388 0167 00       		.byte	0
 389 0168 62       		.byte	98
 390 0169 7F       		.byte	127
 391 016a FE       		.byte	-2
 392 016b 00       		.byte	0
 393 016c 47       		.byte	71
 394 016d 97       		.byte	-105
 395 016e FE       		.byte	-2
ARM GAS  C:\DOCUME~1\ADMINI~1\LOCALS~1\Temp\ccs2h7h4.s 			page 8


 396 016f 00       		.byte	0
 397 0170 D4       		.byte	-44
 398 0171 B2       		.byte	-78
 399 0172 FE       		.byte	-2
 400 0173 00       		.byte	0
 401 0174 6F       		.byte	111
 402 0175 D1       		.byte	-47
 403 0176 FE       		.byte	-2
 404 0177 00       		.byte	0
 405 0178 7F       		.byte	127
 406 0179 F2       		.byte	-14
 407 017a FE       		.byte	-2
 408 017b 00       		.byte	0
 409 017c 6D       		.byte	109
 410 017d 15       		.byte	21
 411 017e FF       		.byte	-1
 412 017f 00       		.byte	0
 413 0180 A5       		.byte	-91
 414 0181 39       		.byte	57
 415 0182 FF       		.byte	-1
 416 0183 00       		.byte	0
 417 0184 99       		.byte	-103
 418 0185 5E       		.byte	94
 419 0186 FF       		.byte	-1
 420 0187 00       		.byte	0
 421 0188 BF       		.byte	-65
 422 0189 83       		.byte	-125
 423 018a FF       		.byte	-1
 424 018b 00       		.byte	0
 425 018c 94       		.byte	-108
 426 018d A8       		.byte	-88
 427 018e FF       		.byte	-1
 428 018f 00       		.byte	0
 429 0190 9F       		.byte	-97
 430 0191 CC       		.byte	-52
 431 0192 FF       		.byte	-1
 432 0193 00       		.byte	0
 433 0194 6C       		.byte	108
 434 0195 EF       		.byte	-17
 435 0196 FF       		.byte	-1
 436 0197 00       		.byte	0
 437 0198 93       		.byte	-109
 438 0199 10       		.byte	16
 439 019a 00       		.byte	0
 440 019b 00       		.byte	0
 441 019c B7       		.byte	-73
 442 019d 2F       		.byte	47
 443 019e 00       		.byte	0
 444 019f 00       		.byte	0
 445 01a0 83       		.byte	-125
 446 01a1 4C       		.byte	76
 447 01a2 00       		.byte	0
 448 01a3 00       		.byte	0
 449 01a4 B0       		.byte	-80
 450 01a5 66       		.byte	102
 451 01a6 00       		.byte	0
 452 01a7 00       		.byte	0
ARM GAS  C:\DOCUME~1\ADMINI~1\LOCALS~1\Temp\ccs2h7h4.s 			page 9


 453 01a8 02       		.byte	2
 454 01a9 7E       		.byte	126
 455 01aa 00       		.byte	0
 456 01ab 00       		.byte	0
 457 01ac 49       		.byte	73
 458 01ad 92       		.byte	-110
 459 01ae 00       		.byte	0
 460 01af 00       		.byte	0
 461 01b0 61       		.byte	97
 462 01b1 A3       		.byte	-93
 463 01b2 00       		.byte	0
 464 01b3 00       		.byte	0
 465 01b4 34       		.byte	52
 466 01b5 B1       		.byte	-79
 467 01b6 00       		.byte	0
 468 01b7 00       		.byte	0
 469 01b8 B6       		.byte	-74
 470 01b9 BB       		.byte	-69
 471 01ba 00       		.byte	0
 472 01bb 00       		.byte	0
 473 01bc E7       		.byte	-25
 474 01bd C2       		.byte	-62
 475 01be 00       		.byte	0
 476 01bf 00       		.byte	0
 477 01c0 D3       		.byte	-45
 478 01c1 C6       		.byte	-58
 479 01c2 00       		.byte	0
 480 01c3 00       		.byte	0
 481 01c4 91       		.byte	-111
 482 01c5 C7       		.byte	-57
 483 01c6 00       		.byte	0
 484 01c7 00       		.byte	0
 485 01c8 42       		.byte	66
 486 01c9 C5       		.byte	-59
 487 01ca 00       		.byte	0
 488 01cb 00       		.byte	0
 489 01cc 0E       		.byte	14
 490 01cd C0       		.byte	-64
 491 01ce 00       		.byte	0
 492 01cf 00       		.byte	0
 493 01d0 29       		.byte	41
 494 01d1 B8       		.byte	-72
 495 01d2 00       		.byte	0
 496 01d3 00       		.byte	0
 497 01d4 CD       		.byte	-51
 498 01d5 AD       		.byte	-83
 499 01d6 00       		.byte	0
 500 01d7 00       		.byte	0
 501 01d8 3A       		.byte	58
 502 01d9 A1       		.byte	-95
 503 01da 00       		.byte	0
 504 01db 00       		.byte	0
 505 01dc B5       		.byte	-75
 506 01dd 92       		.byte	-110
 507 01de 00       		.byte	0
 508 01df 00       		.byte	0
 509 01e0 88       		.byte	-120
ARM GAS  C:\DOCUME~1\ADMINI~1\LOCALS~1\Temp\ccs2h7h4.s 			page 10


 510 01e1 82       		.byte	-126
 511 01e2 00       		.byte	0
 512 01e3 00       		.byte	0
 513 01e4 01       		.byte	1
 514 01e5 71       		.byte	113
 515 01e6 00       		.byte	0
 516 01e7 00       		.byte	0
 517 01e8 6F       		.byte	111
 518 01e9 5E       		.byte	94
 519 01ea 00       		.byte	0
 520 01eb 00       		.byte	0
 521 01ec 22       		.byte	34
 522 01ed 4B       		.byte	75
 523 01ee 00       		.byte	0
 524 01ef 00       		.byte	0
 525 01f0 68       		.byte	104
 526 01f1 37       		.byte	55
 527 01f2 00       		.byte	0
 528 01f3 00       		.byte	0
 529 01f4 91       		.byte	-111
 530 01f5 23       		.byte	35
 531 01f6 00       		.byte	0
 532 01f7 00       		.byte	0
 533 01f8 E9       		.byte	-23
 534 01f9 0F       		.byte	15
 535 01fa 00       		.byte	0
 536 01fb 00       		.byte	0
 537 01fc B8       		.byte	-72
 538 01fd FC       		.byte	-4
 539 01fe FF       		.byte	-1
 540 01ff 00       		.byte	0
 541              		.text
 542              	.Letext0:
 543              		.file 1 ".\\Generated_Source\\PSoC5\\/cytypes.h"
 544              		.file 2 ".\\Generated_Source\\PSoC5\\Filter_1_Coefficients.c"
 545              		.section	.debug_info
 546 0000 AE000000 		.4byte	0xae
 547 0004 0200     		.2byte	0x2
 548 0006 00000000 		.4byte	.Ldebug_abbrev0
 549 000a 04       		.byte	0x4
 550 000b 01       		.uleb128 0x1
 551 000c 4F000000 		.4byte	.LASF12
 552 0010 01       		.byte	0x1
 553 0011 35010000 		.4byte	.LASF13
 554 0015 91000000 		.4byte	.LASF14
 555 0019 00000000 		.4byte	.Ltext0
 556 001d 00000000 		.4byte	.Letext0
 557 0021 00000000 		.4byte	.Ldebug_line0
 558 0025 02       		.uleb128 0x2
 559 0026 01       		.byte	0x1
 560 0027 06       		.byte	0x6
 561 0028 19010000 		.4byte	.LASF0
 562 002c 02       		.uleb128 0x2
 563 002d 01       		.byte	0x1
 564 002e 08       		.byte	0x8
 565 002f 5B000000 		.4byte	.LASF1
 566 0033 02       		.uleb128 0x2
ARM GAS  C:\DOCUME~1\ADMINI~1\LOCALS~1\Temp\ccs2h7h4.s 			page 11


 567 0034 02       		.byte	0x2
 568 0035 05       		.byte	0x5
 569 0036 2B010000 		.4byte	.LASF2
 570 003a 02       		.uleb128 0x2
 571 003b 02       		.byte	0x2
 572 003c 07       		.byte	0x7
 573 003d 06010000 		.4byte	.LASF3
 574 0041 03       		.uleb128 0x3
 575 0042 04       		.byte	0x4
 576 0043 05       		.byte	0x5
 577 0044 696E7400 		.ascii	"int\000"
 578 0048 02       		.uleb128 0x2
 579 0049 04       		.byte	0x4
 580 004a 07       		.byte	0x7
 581 004b 0E000000 		.4byte	.LASF4
 582 004f 02       		.uleb128 0x2
 583 0050 08       		.byte	0x8
 584 0051 05       		.byte	0x5
 585 0052 00000000 		.4byte	.LASF5
 586 0056 02       		.uleb128 0x2
 587 0057 08       		.byte	0x8
 588 0058 07       		.byte	0x7
 589 0059 33000000 		.4byte	.LASF6
 590 005d 02       		.uleb128 0x2
 591 005e 04       		.byte	0x4
 592 005f 05       		.byte	0x5
 593 0060 81000000 		.4byte	.LASF7
 594 0064 04       		.uleb128 0x4
 595 0065 04       		.byte	0x4
 596 0066 07       		.byte	0x7
 597 0067 02       		.uleb128 0x2
 598 0068 04       		.byte	0x4
 599 0069 07       		.byte	0x7
 600 006a 21000000 		.4byte	.LASF8
 601 006e 02       		.uleb128 0x2
 602 006f 01       		.byte	0x1
 603 0070 08       		.byte	0x8
 604 0071 4A000000 		.4byte	.LASF9
 605 0075 05       		.uleb128 0x5
 606 0076 1B000000 		.4byte	.LASF15
 607 007a 01       		.byte	0x1
 608 007b 4C       		.byte	0x4c
 609 007c 2C000000 		.4byte	0x2c
 610 0080 02       		.uleb128 0x2
 611 0081 04       		.byte	0x4
 612 0082 04       		.byte	0x4
 613 0083 25010000 		.4byte	.LASF10
 614 0087 02       		.uleb128 0x2
 615 0088 08       		.byte	0x8
 616 0089 04       		.byte	0x4
 617 008a 8A000000 		.4byte	.LASF11
 618 008e 06       		.uleb128 0x6
 619 008f 75000000 		.4byte	0x75
 620 0093 9F000000 		.4byte	0x9f
 621 0097 07       		.uleb128 0x7
 622 0098 64000000 		.4byte	0x64
 623 009c FF01     		.2byte	0x1ff
ARM GAS  C:\DOCUME~1\ADMINI~1\LOCALS~1\Temp\ccs2h7h4.s 			page 12


 624 009e 00       		.byte	0x0
 625 009f 08       		.uleb128 0x8
 626 00a0 69000000 		.4byte	.LASF16
 627 00a4 02       		.byte	0x2
 628 00a5 0C       		.byte	0xc
 629 00a6 8E000000 		.4byte	0x8e
 630 00aa 01       		.byte	0x1
 631 00ab 05       		.byte	0x5
 632 00ac 03       		.byte	0x3
 633 00ad 00000000 		.4byte	ChannelAFirCoefficients
 634 00b1 00       		.byte	0x0
 635              		.section	.debug_abbrev
 636 0000 01       		.uleb128 0x1
 637 0001 11       		.uleb128 0x11
 638 0002 01       		.byte	0x1
 639 0003 25       		.uleb128 0x25
 640 0004 0E       		.uleb128 0xe
 641 0005 13       		.uleb128 0x13
 642 0006 0B       		.uleb128 0xb
 643 0007 03       		.uleb128 0x3
 644 0008 0E       		.uleb128 0xe
 645 0009 1B       		.uleb128 0x1b
 646 000a 0E       		.uleb128 0xe
 647 000b 11       		.uleb128 0x11
 648 000c 01       		.uleb128 0x1
 649 000d 12       		.uleb128 0x12
 650 000e 01       		.uleb128 0x1
 651 000f 10       		.uleb128 0x10
 652 0010 06       		.uleb128 0x6
 653 0011 00       		.byte	0x0
 654 0012 00       		.byte	0x0
 655 0013 02       		.uleb128 0x2
 656 0014 24       		.uleb128 0x24
 657 0015 00       		.byte	0x0
 658 0016 0B       		.uleb128 0xb
 659 0017 0B       		.uleb128 0xb
 660 0018 3E       		.uleb128 0x3e
 661 0019 0B       		.uleb128 0xb
 662 001a 03       		.uleb128 0x3
 663 001b 0E       		.uleb128 0xe
 664 001c 00       		.byte	0x0
 665 001d 00       		.byte	0x0
 666 001e 03       		.uleb128 0x3
 667 001f 24       		.uleb128 0x24
 668 0020 00       		.byte	0x0
 669 0021 0B       		.uleb128 0xb
 670 0022 0B       		.uleb128 0xb
 671 0023 3E       		.uleb128 0x3e
 672 0024 0B       		.uleb128 0xb
 673 0025 03       		.uleb128 0x3
 674 0026 08       		.uleb128 0x8
 675 0027 00       		.byte	0x0
 676 0028 00       		.byte	0x0
 677 0029 04       		.uleb128 0x4
 678 002a 24       		.uleb128 0x24
 679 002b 00       		.byte	0x0
 680 002c 0B       		.uleb128 0xb
ARM GAS  C:\DOCUME~1\ADMINI~1\LOCALS~1\Temp\ccs2h7h4.s 			page 13


 681 002d 0B       		.uleb128 0xb
 682 002e 3E       		.uleb128 0x3e
 683 002f 0B       		.uleb128 0xb
 684 0030 00       		.byte	0x0
 685 0031 00       		.byte	0x0
 686 0032 05       		.uleb128 0x5
 687 0033 16       		.uleb128 0x16
 688 0034 00       		.byte	0x0
 689 0035 03       		.uleb128 0x3
 690 0036 0E       		.uleb128 0xe
 691 0037 3A       		.uleb128 0x3a
 692 0038 0B       		.uleb128 0xb
 693 0039 3B       		.uleb128 0x3b
 694 003a 0B       		.uleb128 0xb
 695 003b 49       		.uleb128 0x49
 696 003c 13       		.uleb128 0x13
 697 003d 00       		.byte	0x0
 698 003e 00       		.byte	0x0
 699 003f 06       		.uleb128 0x6
 700 0040 01       		.uleb128 0x1
 701 0041 01       		.byte	0x1
 702 0042 49       		.uleb128 0x49
 703 0043 13       		.uleb128 0x13
 704 0044 01       		.uleb128 0x1
 705 0045 13       		.uleb128 0x13
 706 0046 00       		.byte	0x0
 707 0047 00       		.byte	0x0
 708 0048 07       		.uleb128 0x7
 709 0049 21       		.uleb128 0x21
 710 004a 00       		.byte	0x0
 711 004b 49       		.uleb128 0x49
 712 004c 13       		.uleb128 0x13
 713 004d 2F       		.uleb128 0x2f
 714 004e 05       		.uleb128 0x5
 715 004f 00       		.byte	0x0
 716 0050 00       		.byte	0x0
 717 0051 08       		.uleb128 0x8
 718 0052 34       		.uleb128 0x34
 719 0053 00       		.byte	0x0
 720 0054 03       		.uleb128 0x3
 721 0055 0E       		.uleb128 0xe
 722 0056 3A       		.uleb128 0x3a
 723 0057 0B       		.uleb128 0xb
 724 0058 3B       		.uleb128 0x3b
 725 0059 0B       		.uleb128 0xb
 726 005a 49       		.uleb128 0x49
 727 005b 13       		.uleb128 0x13
 728 005c 3F       		.uleb128 0x3f
 729 005d 0C       		.uleb128 0xc
 730 005e 02       		.uleb128 0x2
 731 005f 0A       		.uleb128 0xa
 732 0060 00       		.byte	0x0
 733 0061 00       		.byte	0x0
 734 0062 00       		.byte	0x0
 735              		.section	.debug_pubnames,"",%progbits
 736 0000 2A000000 		.4byte	0x2a
 737 0004 0200     		.2byte	0x2
ARM GAS  C:\DOCUME~1\ADMINI~1\LOCALS~1\Temp\ccs2h7h4.s 			page 14


 738 0006 00000000 		.4byte	.Ldebug_info0
 739 000a B2000000 		.4byte	0xb2
 740 000e 9F000000 		.4byte	0x9f
 741 0012 4368616E 		.ascii	"ChannelAFirCoefficients\000"
 741      6E656C41 
 741      46697243 
 741      6F656666 
 741      69636965 
 742 002a 00000000 		.4byte	0x0
 743              		.section	.debug_str,"MS",%progbits,1
 744              	.LASF5:
 745 0000 6C6F6E67 		.ascii	"long long int\000"
 745      206C6F6E 
 745      6720696E 
 745      7400
 746              	.LASF4:
 747 000e 756E7369 		.ascii	"unsigned int\000"
 747      676E6564 
 747      20696E74 
 747      00
 748              	.LASF15:
 749 001b 75696E74 		.ascii	"uint8\000"
 749      3800
 750              	.LASF8:
 751 0021 6C6F6E67 		.ascii	"long unsigned int\000"
 751      20756E73 
 751      69676E65 
 751      6420696E 
 751      7400
 752              	.LASF6:
 753 0033 6C6F6E67 		.ascii	"long long unsigned int\000"
 753      206C6F6E 
 753      6720756E 
 753      7369676E 
 753      65642069 
 754              	.LASF9:
 755 004a 63686172 		.ascii	"char\000"
 755      00
 756              	.LASF12:
 757 004f 474E5520 		.ascii	"GNU C 4.4.1\000"
 757      4320342E 
 757      342E3100 
 758              	.LASF1:
 759 005b 756E7369 		.ascii	"unsigned char\000"
 759      676E6564 
 759      20636861 
 759      7200
 760              	.LASF16:
 761 0069 4368616E 		.ascii	"ChannelAFirCoefficients\000"
 761      6E656C41 
 761      46697243 
 761      6F656666 
 761      69636965 
 762              	.LASF7:
 763 0081 6C6F6E67 		.ascii	"long int\000"
 763      20696E74 
 763      00
ARM GAS  C:\DOCUME~1\ADMINI~1\LOCALS~1\Temp\ccs2h7h4.s 			page 15


 764              	.LASF11:
 765 008a 646F7562 		.ascii	"double\000"
 765      6C6500
 766              	.LASF14:
 767 0091 5C5C7073 		.ascii	"\\\\psf\\Home\\Desktop\\PSOC5LP dev\\non-boot-bit-s"
 767      665C486F 
 767      6D655C44 
 767      65736B74 
 767      6F705C50 
 768 00be 68696674 		.ascii	"hift-CY8C5667\\PioneerKit_P5LP_USB_Audio\\PioneerKi"
 768      2D435938 
 768      43353636 
 768      375C5069 
 768      6F6E6565 
 769 00ef 745F5035 		.ascii	"t_P5LP_USB_Audio.cydsn\000"
 769      4C505F55 
 769      53425F41 
 769      7564696F 
 769      2E637964 
 770              	.LASF3:
 771 0106 73686F72 		.ascii	"short unsigned int\000"
 771      7420756E 
 771      7369676E 
 771      65642069 
 771      6E7400
 772              	.LASF0:
 773 0119 7369676E 		.ascii	"signed char\000"
 773      65642063 
 773      68617200 
 774              	.LASF10:
 775 0125 666C6F61 		.ascii	"float\000"
 775      7400
 776              	.LASF2:
 777 012b 73686F72 		.ascii	"short int\000"
 777      7420696E 
 777      7400
 778              	.LASF13:
 779 0135 2E5C4765 		.ascii	".\\Generated_Source\\PSoC5\\Filter_1_Coefficients.c"
 779      6E657261 
 779      7465645F 
 779      536F7572 
 779      63655C50 
 780 0165 00       		.ascii	"\000"
 781              		.ident	"GCC: (Sourcery G++ Lite 2010q1-188) 4.4.1"
