ARM GAS  C:\DOCUME~1\ADMINI~1\LOCALS~1\Temp\cc5I0v0X.s 			page 1


   1              		.syntax unified
   2              		.cpu cortex-m3
   3              		.fpu softvfp
   4              		.eabi_attribute 20, 1
   5              		.eabi_attribute 21, 1
   6              		.eabi_attribute 23, 3
   7              		.eabi_attribute 24, 1
   8              		.eabi_attribute 25, 1
   9              		.eabi_attribute 26, 1
  10              		.eabi_attribute 30, 6
  11              		.eabi_attribute 18, 4
  12              		.thumb
  13              		.file	"Filter_1_RAM_Data.c"
  14              		.section	.debug_abbrev,"",%progbits
  15              	.Ldebug_abbrev0:
  16              		.section	.debug_info,"",%progbits
  17              	.Ldebug_info0:
  18              		.section	.debug_line,"",%progbits
  19              	.Ldebug_line0:
  20 0000 70000000 		.text
  20      02006A00 
  20      00000201 
  20      FB0E0D00 
  20      01010101 
  21              	.Ltext0:
  22              		.cfi_sections	.debug_frame
  23              		.global	Filter_1_control
  24              		.section	.rodata
  25              		.align	2
  26              		.type	Filter_1_control, %object
  27              		.size	Filter_1_control, 256
  28              	Filter_1_control:
  29 0000 20       		.byte	32
  30 0001 13       		.byte	19
  31 0002 00       		.byte	0
  32 0003 25       		.byte	37
  33 0004 61       		.byte	97
  34 0005 17       		.byte	23
  35 0006 80       		.byte	-128
  36 0007 26       		.byte	38
  37 0008 01       		.byte	1
  38 0009 00       		.byte	0
  39 000a 80       		.byte	-128
  40 000b 26       		.byte	38
  41 000c E0       		.byte	-32
  42 000d 0E       		.byte	14
  43 000e 80       		.byte	-128
  44 000f 26       		.byte	38
  45 0010 C2       		.byte	-62
  46 0011 0C       		.byte	12
  47 0012 80       		.byte	-128
  48 0013 26       		.byte	38
  49 0014 02       		.byte	2
  50 0015 00       		.byte	0
  51 0016 80       		.byte	-128
  52 0017 06       		.byte	6
  53 0018 65       		.byte	101
ARM GAS  C:\DOCUME~1\ADMINI~1\LOCALS~1\Temp\cc5I0v0X.s 			page 2


  54 0019 87       		.byte	-121
  55 001a 18       		.byte	24
  56 001b 6D       		.byte	109
  57 001c 64       		.byte	100
  58 001d 09       		.byte	9
  59 001e 18       		.byte	24
  60 001f 3E       		.byte	62
  61 0020 00       		.byte	0
  62 0021 00       		.byte	0
  63 0022 80       		.byte	-128
  64 0023 26       		.byte	38
  65 0024 03       		.byte	3
  66 0025 20       		.byte	32
  67 0026 80       		.byte	-128
  68 0027 26       		.byte	38
  69 0028 21       		.byte	33
  70 0029 02       		.byte	2
  71 002a 18       		.byte	24
  72 002b 7F       		.byte	127
  73 002c 00       		.byte	0
  74 002d 00       		.byte	0
  75 002e 00       		.byte	0
  76 002f 00       		.byte	0
  77 0030 00       		.byte	0
  78 0031 00       		.byte	0
  79 0032 00       		.byte	0
  80 0033 00       		.byte	0
  81 0034 00       		.byte	0
  82 0035 00       		.byte	0
  83 0036 00       		.byte	0
  84 0037 00       		.byte	0
  85 0038 00       		.byte	0
  86 0039 00       		.byte	0
  87 003a 00       		.byte	0
  88 003b 00       		.byte	0
  89 003c 00       		.byte	0
  90 003d 00       		.byte	0
  91 003e 00       		.byte	0
  92 003f 00       		.byte	0
  93 0040 00       		.byte	0
  94 0041 00       		.byte	0
  95 0042 00       		.byte	0
  96 0043 00       		.byte	0
  97 0044 00       		.byte	0
  98 0045 00       		.byte	0
  99 0046 00       		.byte	0
 100 0047 00       		.byte	0
 101 0048 00       		.byte	0
 102 0049 00       		.byte	0
 103 004a 00       		.byte	0
 104 004b 00       		.byte	0
 105 004c 00       		.byte	0
 106 004d 00       		.byte	0
 107 004e 00       		.byte	0
 108 004f 00       		.byte	0
 109 0050 00       		.byte	0
 110 0051 00       		.byte	0
ARM GAS  C:\DOCUME~1\ADMINI~1\LOCALS~1\Temp\cc5I0v0X.s 			page 3


 111 0052 00       		.byte	0
 112 0053 00       		.byte	0
 113 0054 00       		.byte	0
 114 0055 00       		.byte	0
 115 0056 00       		.byte	0
 116 0057 00       		.byte	0
 117 0058 00       		.byte	0
 118 0059 00       		.byte	0
 119 005a 00       		.byte	0
 120 005b 00       		.byte	0
 121 005c 00       		.byte	0
 122 005d 00       		.byte	0
 123 005e 00       		.byte	0
 124 005f 00       		.byte	0
 125 0060 00       		.byte	0
 126 0061 00       		.byte	0
 127 0062 00       		.byte	0
 128 0063 00       		.byte	0
 129 0064 00       		.byte	0
 130 0065 00       		.byte	0
 131 0066 00       		.byte	0
 132 0067 00       		.byte	0
 133 0068 00       		.byte	0
 134 0069 00       		.byte	0
 135 006a 00       		.byte	0
 136 006b 00       		.byte	0
 137 006c 00       		.byte	0
 138 006d 00       		.byte	0
 139 006e 00       		.byte	0
 140 006f 00       		.byte	0
 141 0070 00       		.byte	0
 142 0071 00       		.byte	0
 143 0072 00       		.byte	0
 144 0073 00       		.byte	0
 145 0074 00       		.byte	0
 146 0075 00       		.byte	0
 147 0076 00       		.byte	0
 148 0077 00       		.byte	0
 149 0078 00       		.byte	0
 150 0079 00       		.byte	0
 151 007a 00       		.byte	0
 152 007b 00       		.byte	0
 153 007c 00       		.byte	0
 154 007d 00       		.byte	0
 155 007e 00       		.byte	0
 156 007f 00       		.byte	0
 157 0080 00       		.byte	0
 158 0081 00       		.byte	0
 159 0082 00       		.byte	0
 160 0083 00       		.byte	0
 161 0084 00       		.byte	0
 162 0085 00       		.byte	0
 163 0086 00       		.byte	0
 164 0087 00       		.byte	0
 165 0088 00       		.byte	0
 166 0089 00       		.byte	0
 167 008a 00       		.byte	0
ARM GAS  C:\DOCUME~1\ADMINI~1\LOCALS~1\Temp\cc5I0v0X.s 			page 4


 168 008b 00       		.byte	0
 169 008c 00       		.byte	0
 170 008d 00       		.byte	0
 171 008e 00       		.byte	0
 172 008f 00       		.byte	0
 173 0090 00       		.byte	0
 174 0091 00       		.byte	0
 175 0092 00       		.byte	0
 176 0093 00       		.byte	0
 177 0094 00       		.byte	0
 178 0095 00       		.byte	0
 179 0096 00       		.byte	0
 180 0097 00       		.byte	0
 181 0098 00       		.byte	0
 182 0099 00       		.byte	0
 183 009a 00       		.byte	0
 184 009b 00       		.byte	0
 185 009c 00       		.byte	0
 186 009d 00       		.byte	0
 187 009e 00       		.byte	0
 188 009f 00       		.byte	0
 189 00a0 00       		.byte	0
 190 00a1 00       		.byte	0
 191 00a2 00       		.byte	0
 192 00a3 00       		.byte	0
 193 00a4 00       		.byte	0
 194 00a5 00       		.byte	0
 195 00a6 00       		.byte	0
 196 00a7 00       		.byte	0
 197 00a8 00       		.byte	0
 198 00a9 00       		.byte	0
 199 00aa 00       		.byte	0
 200 00ab 00       		.byte	0
 201 00ac 00       		.byte	0
 202 00ad 00       		.byte	0
 203 00ae 00       		.byte	0
 204 00af 00       		.byte	0
 205 00b0 00       		.byte	0
 206 00b1 00       		.byte	0
 207 00b2 00       		.byte	0
 208 00b3 00       		.byte	0
 209 00b4 00       		.byte	0
 210 00b5 00       		.byte	0
 211 00b6 00       		.byte	0
 212 00b7 00       		.byte	0
 213 00b8 00       		.byte	0
 214 00b9 00       		.byte	0
 215 00ba 00       		.byte	0
 216 00bb 00       		.byte	0
 217 00bc 00       		.byte	0
 218 00bd 00       		.byte	0
 219 00be 00       		.byte	0
 220 00bf 00       		.byte	0
 221 00c0 00       		.byte	0
 222 00c1 00       		.byte	0
 223 00c2 00       		.byte	0
 224 00c3 00       		.byte	0
ARM GAS  C:\DOCUME~1\ADMINI~1\LOCALS~1\Temp\cc5I0v0X.s 			page 5


 225 00c4 00       		.byte	0
 226 00c5 00       		.byte	0
 227 00c6 00       		.byte	0
 228 00c7 00       		.byte	0
 229 00c8 00       		.byte	0
 230 00c9 00       		.byte	0
 231 00ca 00       		.byte	0
 232 00cb 00       		.byte	0
 233 00cc 00       		.byte	0
 234 00cd 00       		.byte	0
 235 00ce 00       		.byte	0
 236 00cf 00       		.byte	0
 237 00d0 00       		.byte	0
 238 00d1 00       		.byte	0
 239 00d2 00       		.byte	0
 240 00d3 00       		.byte	0
 241 00d4 00       		.byte	0
 242 00d5 00       		.byte	0
 243 00d6 00       		.byte	0
 244 00d7 00       		.byte	0
 245 00d8 00       		.byte	0
 246 00d9 00       		.byte	0
 247 00da 00       		.byte	0
 248 00db 00       		.byte	0
 249 00dc 00       		.byte	0
 250 00dd 00       		.byte	0
 251 00de 00       		.byte	0
 252 00df 00       		.byte	0
 253 00e0 00       		.byte	0
 254 00e1 00       		.byte	0
 255 00e2 00       		.byte	0
 256 00e3 00       		.byte	0
 257 00e4 00       		.byte	0
 258 00e5 00       		.byte	0
 259 00e6 00       		.byte	0
 260 00e7 00       		.byte	0
 261 00e8 00       		.byte	0
 262 00e9 00       		.byte	0
 263 00ea 00       		.byte	0
 264 00eb 00       		.byte	0
 265 00ec 00       		.byte	0
 266 00ed 00       		.byte	0
 267 00ee 00       		.byte	0
 268 00ef 00       		.byte	0
 269 00f0 00       		.byte	0
 270 00f1 00       		.byte	0
 271 00f2 00       		.byte	0
 272 00f3 00       		.byte	0
 273 00f4 00       		.byte	0
 274 00f5 00       		.byte	0
 275 00f6 00       		.byte	0
 276 00f7 00       		.byte	0
 277 00f8 00       		.byte	0
 278 00f9 00       		.byte	0
 279 00fa 00       		.byte	0
 280 00fb 00       		.byte	0
 281 00fc 00       		.byte	0
ARM GAS  C:\DOCUME~1\ADMINI~1\LOCALS~1\Temp\cc5I0v0X.s 			page 6


 282 00fd 00       		.byte	0
 283 00fe 00       		.byte	0
 284 00ff 00       		.byte	0
 285              		.global	Filter_1_data_a
 286              		.align	2
 287              		.type	Filter_1_data_a, %object
 288              		.size	Filter_1_data_a, 512
 289              	Filter_1_data_a:
 290 0100 00000000 		.space	512
 290      00000000 
 290      00000000 
 290      00000000 
 290      00000000 
 291              		.global	Filter_1_data_b
 292              		.align	2
 293              		.type	Filter_1_data_b, %object
 294              		.size	Filter_1_data_b, 512
 295              	Filter_1_data_b:
 296 0300 48       		.byte	72
 297 0301 03       		.byte	3
 298 0302 00       		.byte	0
 299 0303 00       		.byte	0
 300 0304 17       		.byte	23
 301 0305 F0       		.byte	-16
 302 0306 FF       		.byte	-1
 303 0307 00       		.byte	0
 304 0308 6F       		.byte	111
 305 0309 DC       		.byte	-36
 306 030a FF       		.byte	-1
 307 030b 00       		.byte	0
 308 030c 98       		.byte	-104
 309 030d C8       		.byte	-56
 310 030e FF       		.byte	-1
 311 030f 00       		.byte	0
 312 0310 DE       		.byte	-34
 313 0311 B4       		.byte	-76
 314 0312 FF       		.byte	-1
 315 0313 00       		.byte	0
 316 0314 91       		.byte	-111
 317 0315 A1       		.byte	-95
 318 0316 FF       		.byte	-1
 319 0317 00       		.byte	0
 320 0318 FF       		.byte	-1
 321 0319 8E       		.byte	-114
 322 031a FF       		.byte	-1
 323 031b 00       		.byte	0
 324 031c 78       		.byte	120
 325 031d 7D       		.byte	125
 326 031e FF       		.byte	-1
 327 031f 00       		.byte	0
 328 0320 4B       		.byte	75
 329 0321 6D       		.byte	109
 330 0322 FF       		.byte	-1
 331 0323 00       		.byte	0
 332 0324 C6       		.byte	-58
 333 0325 5E       		.byte	94
 334 0326 FF       		.byte	-1
ARM GAS  C:\DOCUME~1\ADMINI~1\LOCALS~1\Temp\cc5I0v0X.s 			page 7


 335 0327 00       		.byte	0
 336 0328 33       		.byte	51
 337 0329 52       		.byte	82
 338 032a FF       		.byte	-1
 339 032b 00       		.byte	0
 340 032c D7       		.byte	-41
 341 032d 47       		.byte	71
 342 032e FF       		.byte	-1
 343 032f 00       		.byte	0
 344 0330 F2       		.byte	-14
 345 0331 3F       		.byte	63
 346 0332 FF       		.byte	-1
 347 0333 00       		.byte	0
 348 0334 BE       		.byte	-66
 349 0335 3A       		.byte	58
 350 0336 FF       		.byte	-1
 351 0337 00       		.byte	0
 352 0338 6F       		.byte	111
 353 0339 38       		.byte	56
 354 033a FF       		.byte	-1
 355 033b 00       		.byte	0
 356 033c 2D       		.byte	45
 357 033d 39       		.byte	57
 358 033e FF       		.byte	-1
 359 033f 00       		.byte	0
 360 0340 19       		.byte	25
 361 0341 3D       		.byte	61
 362 0342 FF       		.byte	-1
 363 0343 00       		.byte	0
 364 0344 4A       		.byte	74
 365 0345 44       		.byte	68
 366 0346 FF       		.byte	-1
 367 0347 00       		.byte	0
 368 0348 CC       		.byte	-52
 369 0349 4E       		.byte	78
 370 034a FF       		.byte	-1
 371 034b 00       		.byte	0
 372 034c 9F       		.byte	-97
 373 034d 5C       		.byte	92
 374 034e FF       		.byte	-1
 375 034f 00       		.byte	0
 376 0350 B7       		.byte	-73
 377 0351 6D       		.byte	109
 378 0352 FF       		.byte	-1
 379 0353 00       		.byte	0
 380 0354 FE       		.byte	-2
 381 0355 81       		.byte	-127
 382 0356 FF       		.byte	-1
 383 0357 00       		.byte	0
 384 0358 50       		.byte	80
 385 0359 99       		.byte	-103
 386 035a FF       		.byte	-1
 387 035b 00       		.byte	0
 388 035c 7D       		.byte	125
 389 035d B3       		.byte	-77
 390 035e FF       		.byte	-1
 391 035f 00       		.byte	0
ARM GAS  C:\DOCUME~1\ADMINI~1\LOCALS~1\Temp\cc5I0v0X.s 			page 8


 392 0360 49       		.byte	73
 393 0361 D0       		.byte	-48
 394 0362 FF       		.byte	-1
 395 0363 00       		.byte	0
 396 0364 6D       		.byte	109
 397 0365 EF       		.byte	-17
 398 0366 FF       		.byte	-1
 399 0367 00       		.byte	0
 400 0368 94       		.byte	-108
 401 0369 10       		.byte	16
 402 036a 00       		.byte	0
 403 036b 00       		.byte	0
 404 036c 61       		.byte	97
 405 036d 33       		.byte	51
 406 036e 00       		.byte	0
 407 036f 00       		.byte	0
 408 0370 6C       		.byte	108
 409 0371 57       		.byte	87
 410 0372 00       		.byte	0
 411 0373 00       		.byte	0
 412 0374 41       		.byte	65
 413 0375 7C       		.byte	124
 414 0376 00       		.byte	0
 415 0377 00       		.byte	0
 416 0378 67       		.byte	103
 417 0379 A1       		.byte	-95
 418 037a 00       		.byte	0
 419 037b 00       		.byte	0
 420 037c 5B       		.byte	91
 421 037d C6       		.byte	-58
 422 037e 00       		.byte	0
 423 037f 00       		.byte	0
 424 0380 93       		.byte	-109
 425 0381 EA       		.byte	-22
 426 0382 00       		.byte	0
 427 0383 00       		.byte	0
 428 0384 81       		.byte	-127
 429 0385 0D       		.byte	13
 430 0386 01       		.byte	1
 431 0387 00       		.byte	0
 432 0388 91       		.byte	-111
 433 0389 2E       		.byte	46
 434 038a 01       		.byte	1
 435 038b 00       		.byte	0
 436 038c 2C       		.byte	44
 437 038d 4D       		.byte	77
 438 038e 01       		.byte	1
 439 038f 00       		.byte	0
 440 0390 B9       		.byte	-71
 441 0391 68       		.byte	104
 442 0392 01       		.byte	1
 443 0393 00       		.byte	0
 444 0394 9E       		.byte	-98
 445 0395 80       		.byte	-128
 446 0396 01       		.byte	1
 447 0397 00       		.byte	0
 448 0398 3E       		.byte	62
ARM GAS  C:\DOCUME~1\ADMINI~1\LOCALS~1\Temp\cc5I0v0X.s 			page 9


 449 0399 94       		.byte	-108
 450 039a 01       		.byte	1
 451 039b 00       		.byte	0
 452 039c FE       		.byte	-2
 453 039d A2       		.byte	-94
 454 039e 01       		.byte	1
 455 039f 00       		.byte	0
 456 03a0 43       		.byte	67
 457 03a1 AC       		.byte	-84
 458 03a2 01       		.byte	1
 459 03a3 00       		.byte	0
 460 03a4 72       		.byte	114
 461 03a5 AF       		.byte	-81
 462 03a6 01       		.byte	1
 463 03a7 00       		.byte	0
 464 03a8 F1       		.byte	-15
 465 03a9 AB       		.byte	-85
 466 03aa 01       		.byte	1
 467 03ab 00       		.byte	0
 468 03ac 23       		.byte	35
 469 03ad A1       		.byte	-95
 470 03ae 01       		.byte	1
 471 03af 00       		.byte	0
 472 03b0 6B       		.byte	107
 473 03b1 8E       		.byte	-114
 474 03b2 01       		.byte	1
 475 03b3 00       		.byte	0
 476 03b4 25       		.byte	37
 477 03b5 73       		.byte	115
 478 03b6 01       		.byte	1
 479 03b7 00       		.byte	0
 480 03b8 A4       		.byte	-92
 481 03b9 4E       		.byte	78
 482 03ba 01       		.byte	1
 483 03bb 00       		.byte	0
 484 03bc 2A       		.byte	42
 485 03bd 20       		.byte	32
 486 03be 01       		.byte	1
 487 03bf 00       		.byte	0
 488 03c0 E2       		.byte	-30
 489 03c1 E6       		.byte	-26
 490 03c2 00       		.byte	0
 491 03c3 00       		.byte	0
 492 03c4 CE       		.byte	-50
 493 03c5 A1       		.byte	-95
 494 03c6 00       		.byte	0
 495 03c7 00       		.byte	0
 496 03c8 B9       		.byte	-71
 497 03c9 4F       		.byte	79
 498 03ca 00       		.byte	0
 499 03cb 00       		.byte	0
 500 03cc 15       		.byte	21
 501 03cd EF       		.byte	-17
 502 03ce FF       		.byte	-1
 503 03cf 00       		.byte	0
 504 03d0 D2       		.byte	-46
 505 03d1 7D       		.byte	125
ARM GAS  C:\DOCUME~1\ADMINI~1\LOCALS~1\Temp\cc5I0v0X.s 			page 10


 506 03d2 FF       		.byte	-1
 507 03d3 00       		.byte	0
 508 03d4 14       		.byte	20
 509 03d5 F9       		.byte	-7
 510 03d6 FE       		.byte	-2
 511 03d7 00       		.byte	0
 512 03d8 C5       		.byte	-59
 513 03d9 5C       		.byte	92
 514 03da FE       		.byte	-2
 515 03db 00       		.byte	0
 516 03dc CE       		.byte	-50
 517 03dd A2       		.byte	-94
 518 03de FD       		.byte	-3
 519 03df 00       		.byte	0
 520 03e0 B9       		.byte	-71
 521 03e1 C1       		.byte	-63
 522 03e2 FC       		.byte	-4
 523 03e3 00       		.byte	0
 524 03e4 0E       		.byte	14
 525 03e5 AA       		.byte	-86
 526 03e6 FB       		.byte	-5
 527 03e7 00       		.byte	0
 528 03e8 CF       		.byte	-49
 529 03e9 40       		.byte	64
 530 03ea FA       		.byte	-6
 531 03eb 00       		.byte	0
 532 03ec A2       		.byte	-94
 533 03ed 52       		.byte	82
 534 03ee F8       		.byte	-8
 535 03ef 00       		.byte	0
 536 03f0 ED       		.byte	-19
 537 03f1 70       		.byte	112
 538 03f2 F5       		.byte	-11
 539 03f3 00       		.byte	0
 540 03f4 48       		.byte	72
 541 03f5 7B       		.byte	123
 542 03f6 F0       		.byte	-16
 543 03f7 00       		.byte	0
 544 03f8 B2       		.byte	-78
 545 03f9 4E       		.byte	78
 546 03fa E5       		.byte	-27
 547 03fb 00       		.byte	0
 548 03fc 71       		.byte	113
 549 03fd AB       		.byte	-85
 550 03fe AE       		.byte	-82
 551 03ff 00       		.byte	0
 552 0400 8F       		.byte	-113
 553 0401 54       		.byte	84
 554 0402 51       		.byte	81
 555 0403 00       		.byte	0
 556 0404 4E       		.byte	78
 557 0405 B1       		.byte	-79
 558 0406 1A       		.byte	26
 559 0407 00       		.byte	0
 560 0408 B8       		.byte	-72
 561 0409 84       		.byte	-124
 562 040a 0F       		.byte	15
ARM GAS  C:\DOCUME~1\ADMINI~1\LOCALS~1\Temp\cc5I0v0X.s 			page 11


 563 040b 00       		.byte	0
 564 040c 13       		.byte	19
 565 040d 8F       		.byte	-113
 566 040e 0A       		.byte	10
 567 040f 00       		.byte	0
 568 0410 5E       		.byte	94
 569 0411 AD       		.byte	-83
 570 0412 07       		.byte	7
 571 0413 00       		.byte	0
 572 0414 31       		.byte	49
 573 0415 BF       		.byte	-65
 574 0416 05       		.byte	5
 575 0417 00       		.byte	0
 576 0418 F2       		.byte	-14
 577 0419 55       		.byte	85
 578 041a 04       		.byte	4
 579 041b 00       		.byte	0
 580 041c 47       		.byte	71
 581 041d 3E       		.byte	62
 582 041e 03       		.byte	3
 583 041f 00       		.byte	0
 584 0420 32       		.byte	50
 585 0421 5D       		.byte	93
 586 0422 02       		.byte	2
 587 0423 00       		.byte	0
 588 0424 3B       		.byte	59
 589 0425 A3       		.byte	-93
 590 0426 01       		.byte	1
 591 0427 00       		.byte	0
 592 0428 EC       		.byte	-20
 593 0429 06       		.byte	6
 594 042a 01       		.byte	1
 595 042b 00       		.byte	0
 596 042c 2E       		.byte	46
 597 042d 82       		.byte	-126
 598 042e 00       		.byte	0
 599 042f 00       		.byte	0
 600 0430 EB       		.byte	-21
 601 0431 10       		.byte	16
 602 0432 00       		.byte	0
 603 0433 00       		.byte	0
 604 0434 47       		.byte	71
 605 0435 B0       		.byte	-80
 606 0436 FF       		.byte	-1
 607 0437 00       		.byte	0
 608 0438 32       		.byte	50
 609 0439 5E       		.byte	94
 610 043a FF       		.byte	-1
 611 043b 00       		.byte	0
 612 043c 1E       		.byte	30
 613 043d 19       		.byte	25
 614 043e FF       		.byte	-1
 615 043f 00       		.byte	0
 616 0440 D6       		.byte	-42
 617 0441 DF       		.byte	-33
 618 0442 FE       		.byte	-2
 619 0443 00       		.byte	0
ARM GAS  C:\DOCUME~1\ADMINI~1\LOCALS~1\Temp\cc5I0v0X.s 			page 12


 620 0444 5C       		.byte	92
 621 0445 B1       		.byte	-79
 622 0446 FE       		.byte	-2
 623 0447 00       		.byte	0
 624 0448 DB       		.byte	-37
 625 0449 8C       		.byte	-116
 626 044a FE       		.byte	-2
 627 044b 00       		.byte	0
 628 044c 95       		.byte	-107
 629 044d 71       		.byte	113
 630 044e FE       		.byte	-2
 631 044f 00       		.byte	0
 632 0450 DD       		.byte	-35
 633 0451 5E       		.byte	94
 634 0452 FE       		.byte	-2
 635 0453 00       		.byte	0
 636 0454 0F       		.byte	15
 637 0455 54       		.byte	84
 638 0456 FE       		.byte	-2
 639 0457 00       		.byte	0
 640 0458 8E       		.byte	-114
 641 0459 50       		.byte	80
 642 045a FE       		.byte	-2
 643 045b 00       		.byte	0
 644 045c BD       		.byte	-67
 645 045d 53       		.byte	83
 646 045e FE       		.byte	-2
 647 045f 00       		.byte	0
 648 0460 02       		.byte	2
 649 0461 5D       		.byte	93
 650 0462 FE       		.byte	-2
 651 0463 00       		.byte	0
 652 0464 C2       		.byte	-62
 653 0465 6B       		.byte	107
 654 0466 FE       		.byte	-2
 655 0467 00       		.byte	0
 656 0468 62       		.byte	98
 657 0469 7F       		.byte	127
 658 046a FE       		.byte	-2
 659 046b 00       		.byte	0
 660 046c 47       		.byte	71
 661 046d 97       		.byte	-105
 662 046e FE       		.byte	-2
 663 046f 00       		.byte	0
 664 0470 D4       		.byte	-44
 665 0471 B2       		.byte	-78
 666 0472 FE       		.byte	-2
 667 0473 00       		.byte	0
 668 0474 6F       		.byte	111
 669 0475 D1       		.byte	-47
 670 0476 FE       		.byte	-2
 671 0477 00       		.byte	0
 672 0478 7F       		.byte	127
 673 0479 F2       		.byte	-14
 674 047a FE       		.byte	-2
 675 047b 00       		.byte	0
 676 047c 6D       		.byte	109
ARM GAS  C:\DOCUME~1\ADMINI~1\LOCALS~1\Temp\cc5I0v0X.s 			page 13


 677 047d 15       		.byte	21
 678 047e FF       		.byte	-1
 679 047f 00       		.byte	0
 680 0480 A5       		.byte	-91
 681 0481 39       		.byte	57
 682 0482 FF       		.byte	-1
 683 0483 00       		.byte	0
 684 0484 99       		.byte	-103
 685 0485 5E       		.byte	94
 686 0486 FF       		.byte	-1
 687 0487 00       		.byte	0
 688 0488 BF       		.byte	-65
 689 0489 83       		.byte	-125
 690 048a FF       		.byte	-1
 691 048b 00       		.byte	0
 692 048c 94       		.byte	-108
 693 048d A8       		.byte	-88
 694 048e FF       		.byte	-1
 695 048f 00       		.byte	0
 696 0490 9F       		.byte	-97
 697 0491 CC       		.byte	-52
 698 0492 FF       		.byte	-1
 699 0493 00       		.byte	0
 700 0494 6C       		.byte	108
 701 0495 EF       		.byte	-17
 702 0496 FF       		.byte	-1
 703 0497 00       		.byte	0
 704 0498 93       		.byte	-109
 705 0499 10       		.byte	16
 706 049a 00       		.byte	0
 707 049b 00       		.byte	0
 708 049c B7       		.byte	-73
 709 049d 2F       		.byte	47
 710 049e 00       		.byte	0
 711 049f 00       		.byte	0
 712 04a0 83       		.byte	-125
 713 04a1 4C       		.byte	76
 714 04a2 00       		.byte	0
 715 04a3 00       		.byte	0
 716 04a4 B0       		.byte	-80
 717 04a5 66       		.byte	102
 718 04a6 00       		.byte	0
 719 04a7 00       		.byte	0
 720 04a8 02       		.byte	2
 721 04a9 7E       		.byte	126
 722 04aa 00       		.byte	0
 723 04ab 00       		.byte	0
 724 04ac 49       		.byte	73
 725 04ad 92       		.byte	-110
 726 04ae 00       		.byte	0
 727 04af 00       		.byte	0
 728 04b0 61       		.byte	97
 729 04b1 A3       		.byte	-93
 730 04b2 00       		.byte	0
 731 04b3 00       		.byte	0
 732 04b4 34       		.byte	52
 733 04b5 B1       		.byte	-79
ARM GAS  C:\DOCUME~1\ADMINI~1\LOCALS~1\Temp\cc5I0v0X.s 			page 14


 734 04b6 00       		.byte	0
 735 04b7 00       		.byte	0
 736 04b8 B6       		.byte	-74
 737 04b9 BB       		.byte	-69
 738 04ba 00       		.byte	0
 739 04bb 00       		.byte	0
 740 04bc E7       		.byte	-25
 741 04bd C2       		.byte	-62
 742 04be 00       		.byte	0
 743 04bf 00       		.byte	0
 744 04c0 D3       		.byte	-45
 745 04c1 C6       		.byte	-58
 746 04c2 00       		.byte	0
 747 04c3 00       		.byte	0
 748 04c4 91       		.byte	-111
 749 04c5 C7       		.byte	-57
 750 04c6 00       		.byte	0
 751 04c7 00       		.byte	0
 752 04c8 42       		.byte	66
 753 04c9 C5       		.byte	-59
 754 04ca 00       		.byte	0
 755 04cb 00       		.byte	0
 756 04cc 0E       		.byte	14
 757 04cd C0       		.byte	-64
 758 04ce 00       		.byte	0
 759 04cf 00       		.byte	0
 760 04d0 29       		.byte	41
 761 04d1 B8       		.byte	-72
 762 04d2 00       		.byte	0
 763 04d3 00       		.byte	0
 764 04d4 CD       		.byte	-51
 765 04d5 AD       		.byte	-83
 766 04d6 00       		.byte	0
 767 04d7 00       		.byte	0
 768 04d8 3A       		.byte	58
 769 04d9 A1       		.byte	-95
 770 04da 00       		.byte	0
 771 04db 00       		.byte	0
 772 04dc B5       		.byte	-75
 773 04dd 92       		.byte	-110
 774 04de 00       		.byte	0
 775 04df 00       		.byte	0
 776 04e0 88       		.byte	-120
 777 04e1 82       		.byte	-126
 778 04e2 00       		.byte	0
 779 04e3 00       		.byte	0
 780 04e4 01       		.byte	1
 781 04e5 71       		.byte	113
 782 04e6 00       		.byte	0
 783 04e7 00       		.byte	0
 784 04e8 6F       		.byte	111
 785 04e9 5E       		.byte	94
 786 04ea 00       		.byte	0
 787 04eb 00       		.byte	0
 788 04ec 22       		.byte	34
 789 04ed 4B       		.byte	75
 790 04ee 00       		.byte	0
ARM GAS  C:\DOCUME~1\ADMINI~1\LOCALS~1\Temp\cc5I0v0X.s 			page 15


 791 04ef 00       		.byte	0
 792 04f0 68       		.byte	104
 793 04f1 37       		.byte	55
 794 04f2 00       		.byte	0
 795 04f3 00       		.byte	0
 796 04f4 91       		.byte	-111
 797 04f5 23       		.byte	35
 798 04f6 00       		.byte	0
 799 04f7 00       		.byte	0
 800 04f8 E9       		.byte	-23
 801 04f9 0F       		.byte	15
 802 04fa 00       		.byte	0
 803 04fb 00       		.byte	0
 804 04fc B8       		.byte	-72
 805 04fd FC       		.byte	-4
 806 04fe FF       		.byte	-1
 807 04ff 00       		.byte	0
 808              		.global	Filter_1_acu
 809              		.align	2
 810              		.type	Filter_1_acu, %object
 811              		.size	Filter_1_acu, 64
 812              	Filter_1_acu:
 813 0500 FF       		.byte	-1
 814 0501 3F       		.byte	63
 815 0502 00       		.byte	0
 816 0503 00       		.byte	0
 817 0504 00       		.byte	0
 818 0505 00       		.byte	0
 819 0506 00       		.byte	0
 820 0507 00       		.byte	0
 821 0508 00       		.byte	0
 822 0509 00       		.byte	0
 823 050a 00       		.byte	0
 824 050b 00       		.byte	0
 825 050c 00       		.byte	0
 826 050d 00       		.byte	0
 827 050e 00       		.byte	0
 828 050f 00       		.byte	0
 829 0510 00       		.byte	0
 830 0511 00       		.byte	0
 831 0512 00       		.byte	0
 832 0513 00       		.byte	0
 833 0514 00       		.byte	0
 834 0515 00       		.byte	0
 835 0516 00       		.byte	0
 836 0517 00       		.byte	0
 837 0518 00       		.byte	0
 838 0519 00       		.byte	0
 839 051a 00       		.byte	0
 840 051b 00       		.byte	0
 841 051c 00       		.byte	0
 842 051d 00       		.byte	0
 843 051e 00       		.byte	0
 844 051f 00       		.byte	0
 845 0520 00       		.byte	0
 846 0521 00       		.byte	0
 847 0522 00       		.byte	0
ARM GAS  C:\DOCUME~1\ADMINI~1\LOCALS~1\Temp\cc5I0v0X.s 			page 16


 848 0523 00       		.byte	0
 849 0524 00       		.byte	0
 850 0525 00       		.byte	0
 851 0526 00       		.byte	0
 852 0527 00       		.byte	0
 853 0528 00       		.byte	0
 854 0529 00       		.byte	0
 855 052a 00       		.byte	0
 856 052b 00       		.byte	0
 857 052c 00       		.byte	0
 858 052d 00       		.byte	0
 859 052e 00       		.byte	0
 860 052f 00       		.byte	0
 861 0530 00       		.byte	0
 862 0531 00       		.byte	0
 863 0532 00       		.byte	0
 864 0533 00       		.byte	0
 865 0534 00       		.byte	0
 866 0535 00       		.byte	0
 867 0536 00       		.byte	0
 868 0537 00       		.byte	0
 869 0538 00       		.byte	0
 870 0539 00       		.byte	0
 871 053a 00       		.byte	0
 872 053b 00       		.byte	0
 873 053c 00       		.byte	0
 874 053d 00       		.byte	0
 875 053e 00       		.byte	0
 876 053f 00       		.byte	0
 877              		.global	Filter_1_cfsm
 878              		.align	2
 879              		.type	Filter_1_cfsm, %object
 880              		.size	Filter_1_cfsm, 256
 881              	Filter_1_cfsm:
 882 0540 21       		.byte	33
 883 0541 F8       		.byte	-8
 884 0542 05       		.byte	5
 885 0543 01       		.byte	1
 886 0544 42       		.byte	66
 887 0545 10       		.byte	16
 888 0546 86       		.byte	-122
 889 0547 40       		.byte	64
 890 0548 64       		.byte	100
 891 0549 F8       		.byte	-8
 892 054a 15       		.byte	21
 893 054b 01       		.byte	1
 894 054c 81       		.byte	-127
 895 054d F8       		.byte	-8
 896 054e 05       		.byte	5
 897 054f 01       		.byte	1
 898 0550 43       		.byte	67
 899 0551 51       		.byte	81
 900 0552 8E       		.byte	-114
 901 0553 21       		.byte	33
 902 0554 00       		.byte	0
 903 0555 00       		.byte	0
 904 0556 00       		.byte	0
ARM GAS  C:\DOCUME~1\ADMINI~1\LOCALS~1\Temp\cc5I0v0X.s 			page 17


 905 0557 00       		.byte	0
 906 0558 00       		.byte	0
 907 0559 00       		.byte	0
 908 055a 00       		.byte	0
 909 055b 00       		.byte	0
 910 055c 00       		.byte	0
 911 055d 00       		.byte	0
 912 055e 00       		.byte	0
 913 055f 00       		.byte	0
 914 0560 00       		.byte	0
 915 0561 00       		.byte	0
 916 0562 00       		.byte	0
 917 0563 00       		.byte	0
 918 0564 00       		.byte	0
 919 0565 00       		.byte	0
 920 0566 00       		.byte	0
 921 0567 00       		.byte	0
 922 0568 00       		.byte	0
 923 0569 00       		.byte	0
 924 056a 00       		.byte	0
 925 056b 00       		.byte	0
 926 056c 00       		.byte	0
 927 056d 00       		.byte	0
 928 056e 00       		.byte	0
 929 056f 00       		.byte	0
 930 0570 00       		.byte	0
 931 0571 00       		.byte	0
 932 0572 00       		.byte	0
 933 0573 00       		.byte	0
 934 0574 00       		.byte	0
 935 0575 00       		.byte	0
 936 0576 00       		.byte	0
 937 0577 00       		.byte	0
 938 0578 00       		.byte	0
 939 0579 00       		.byte	0
 940 057a 00       		.byte	0
 941 057b 00       		.byte	0
 942 057c 00       		.byte	0
 943 057d 00       		.byte	0
 944 057e 00       		.byte	0
 945 057f 00       		.byte	0
 946 0580 00       		.byte	0
 947 0581 00       		.byte	0
 948 0582 00       		.byte	0
 949 0583 00       		.byte	0
 950 0584 00       		.byte	0
 951 0585 00       		.byte	0
 952 0586 00       		.byte	0
 953 0587 00       		.byte	0
 954 0588 00       		.byte	0
 955 0589 00       		.byte	0
 956 058a 00       		.byte	0
 957 058b 00       		.byte	0
 958 058c 00       		.byte	0
 959 058d 00       		.byte	0
 960 058e 00       		.byte	0
 961 058f 00       		.byte	0
ARM GAS  C:\DOCUME~1\ADMINI~1\LOCALS~1\Temp\cc5I0v0X.s 			page 18


 962 0590 00       		.byte	0
 963 0591 00       		.byte	0
 964 0592 00       		.byte	0
 965 0593 00       		.byte	0
 966 0594 00       		.byte	0
 967 0595 00       		.byte	0
 968 0596 00       		.byte	0
 969 0597 00       		.byte	0
 970 0598 00       		.byte	0
 971 0599 00       		.byte	0
 972 059a 00       		.byte	0
 973 059b 00       		.byte	0
 974 059c 00       		.byte	0
 975 059d 00       		.byte	0
 976 059e 00       		.byte	0
 977 059f 00       		.byte	0
 978 05a0 00       		.byte	0
 979 05a1 00       		.byte	0
 980 05a2 00       		.byte	0
 981 05a3 00       		.byte	0
 982 05a4 00       		.byte	0
 983 05a5 00       		.byte	0
 984 05a6 00       		.byte	0
 985 05a7 00       		.byte	0
 986 05a8 00       		.byte	0
 987 05a9 00       		.byte	0
 988 05aa 00       		.byte	0
 989 05ab 00       		.byte	0
 990 05ac 00       		.byte	0
 991 05ad 00       		.byte	0
 992 05ae 00       		.byte	0
 993 05af 00       		.byte	0
 994 05b0 00       		.byte	0
 995 05b1 00       		.byte	0
 996 05b2 00       		.byte	0
 997 05b3 00       		.byte	0
 998 05b4 00       		.byte	0
 999 05b5 00       		.byte	0
 1000 05b6 00       		.byte	0
 1001 05b7 00       		.byte	0
 1002 05b8 00       		.byte	0
 1003 05b9 00       		.byte	0
 1004 05ba 00       		.byte	0
 1005 05bb 00       		.byte	0
 1006 05bc 00       		.byte	0
 1007 05bd 00       		.byte	0
 1008 05be 00       		.byte	0
 1009 05bf 00       		.byte	0
 1010 05c0 00       		.byte	0
 1011 05c1 00       		.byte	0
 1012 05c2 00       		.byte	0
 1013 05c3 00       		.byte	0
 1014 05c4 00       		.byte	0
 1015 05c5 00       		.byte	0
 1016 05c6 00       		.byte	0
 1017 05c7 00       		.byte	0
 1018 05c8 00       		.byte	0
ARM GAS  C:\DOCUME~1\ADMINI~1\LOCALS~1\Temp\cc5I0v0X.s 			page 19


 1019 05c9 00       		.byte	0
 1020 05ca 00       		.byte	0
 1021 05cb 00       		.byte	0
 1022 05cc 00       		.byte	0
 1023 05cd 00       		.byte	0
 1024 05ce 00       		.byte	0
 1025 05cf 00       		.byte	0
 1026 05d0 00       		.byte	0
 1027 05d1 00       		.byte	0
 1028 05d2 00       		.byte	0
 1029 05d3 00       		.byte	0
 1030 05d4 00       		.byte	0
 1031 05d5 00       		.byte	0
 1032 05d6 00       		.byte	0
 1033 05d7 00       		.byte	0
 1034 05d8 00       		.byte	0
 1035 05d9 00       		.byte	0
 1036 05da 00       		.byte	0
 1037 05db 00       		.byte	0
 1038 05dc 00       		.byte	0
 1039 05dd 00       		.byte	0
 1040 05de 00       		.byte	0
 1041 05df 00       		.byte	0
 1042 05e0 00       		.byte	0
 1043 05e1 00       		.byte	0
 1044 05e2 00       		.byte	0
 1045 05e3 00       		.byte	0
 1046 05e4 00       		.byte	0
 1047 05e5 00       		.byte	0
 1048 05e6 00       		.byte	0
 1049 05e7 00       		.byte	0
 1050 05e8 00       		.byte	0
 1051 05e9 00       		.byte	0
 1052 05ea 00       		.byte	0
 1053 05eb 00       		.byte	0
 1054 05ec 00       		.byte	0
 1055 05ed 00       		.byte	0
 1056 05ee 00       		.byte	0
 1057 05ef 00       		.byte	0
 1058 05f0 00       		.byte	0
 1059 05f1 00       		.byte	0
 1060 05f2 00       		.byte	0
 1061 05f3 00       		.byte	0
 1062 05f4 00       		.byte	0
 1063 05f5 00       		.byte	0
 1064 05f6 00       		.byte	0
 1065 05f7 00       		.byte	0
 1066 05f8 00       		.byte	0
 1067 05f9 00       		.byte	0
 1068 05fa 00       		.byte	0
 1069 05fb 00       		.byte	0
 1070 05fc 00       		.byte	0
 1071 05fd 00       		.byte	0
 1072 05fe 00       		.byte	0
 1073 05ff 00       		.byte	0
 1074 0600 00       		.byte	0
 1075 0601 00       		.byte	0
ARM GAS  C:\DOCUME~1\ADMINI~1\LOCALS~1\Temp\cc5I0v0X.s 			page 20


 1076 0602 00       		.byte	0
 1077 0603 00       		.byte	0
 1078 0604 00       		.byte	0
 1079 0605 00       		.byte	0
 1080 0606 00       		.byte	0
 1081 0607 00       		.byte	0
 1082 0608 00       		.byte	0
 1083 0609 00       		.byte	0
 1084 060a 00       		.byte	0
 1085 060b 00       		.byte	0
 1086 060c 00       		.byte	0
 1087 060d 00       		.byte	0
 1088 060e 00       		.byte	0
 1089 060f 00       		.byte	0
 1090 0610 00       		.byte	0
 1091 0611 00       		.byte	0
 1092 0612 00       		.byte	0
 1093 0613 00       		.byte	0
 1094 0614 00       		.byte	0
 1095 0615 00       		.byte	0
 1096 0616 00       		.byte	0
 1097 0617 00       		.byte	0
 1098 0618 00       		.byte	0
 1099 0619 00       		.byte	0
 1100 061a 00       		.byte	0
 1101 061b 00       		.byte	0
 1102 061c 00       		.byte	0
 1103 061d 00       		.byte	0
 1104 061e 00       		.byte	0
 1105 061f 00       		.byte	0
 1106 0620 00       		.byte	0
 1107 0621 00       		.byte	0
 1108 0622 00       		.byte	0
 1109 0623 00       		.byte	0
 1110 0624 00       		.byte	0
 1111 0625 00       		.byte	0
 1112 0626 00       		.byte	0
 1113 0627 00       		.byte	0
 1114 0628 00       		.byte	0
 1115 0629 00       		.byte	0
 1116 062a 00       		.byte	0
 1117 062b 00       		.byte	0
 1118 062c 00       		.byte	0
 1119 062d 00       		.byte	0
 1120 062e 00       		.byte	0
 1121 062f 00       		.byte	0
 1122 0630 00       		.byte	0
 1123 0631 00       		.byte	0
 1124 0632 00       		.byte	0
 1125 0633 00       		.byte	0
 1126 0634 00       		.byte	0
 1127 0635 00       		.byte	0
 1128 0636 00       		.byte	0
 1129 0637 00       		.byte	0
 1130 0638 00       		.byte	0
 1131 0639 00       		.byte	0
 1132 063a 00       		.byte	0
ARM GAS  C:\DOCUME~1\ADMINI~1\LOCALS~1\Temp\cc5I0v0X.s 			page 21


 1133 063b 00       		.byte	0
 1134 063c 00       		.byte	0
 1135 063d 00       		.byte	0
 1136 063e 00       		.byte	0
 1137 063f 00       		.byte	0
 1138              		.text
 1139              	.Letext0:
 1140              		.file 1 ".\\Generated_Source\\PSoC5\\Filter_1_RAM_Data.c"
 1141              		.file 2 ".\\Generated_Source\\PSoC5\\/cytypes.h"
 1142              		.section	.debug_info
 1143 0000 2F010000 		.4byte	0x12f
 1144 0004 0200     		.2byte	0x2
 1145 0006 00000000 		.4byte	.Ldebug_abbrev0
 1146 000a 04       		.byte	0x4
 1147 000b 01       		.uleb128 0x1
 1148 000c 4A000000 		.4byte	.LASF17
 1149 0010 01       		.byte	0x1
 1150 0011 72000000 		.4byte	.LASF18
 1151 0015 A6000000 		.4byte	.LASF19
 1152 0019 00000000 		.4byte	.Ltext0
 1153 001d 00000000 		.4byte	.Letext0
 1154 0021 00000000 		.4byte	.Ldebug_line0
 1155 0025 02       		.uleb128 0x2
 1156 0026 01       		.byte	0x1
 1157 0027 06       		.byte	0x6
 1158 0028 2E010000 		.4byte	.LASF0
 1159 002c 02       		.uleb128 0x2
 1160 002d 01       		.byte	0x1
 1161 002e 08       		.byte	0x8
 1162 002f 56000000 		.4byte	.LASF1
 1163 0033 02       		.uleb128 0x2
 1164 0034 02       		.byte	0x2
 1165 0035 05       		.byte	0x5
 1166 0036 6C010000 		.4byte	.LASF2
 1167 003a 02       		.uleb128 0x2
 1168 003b 02       		.byte	0x2
 1169 003c 07       		.byte	0x7
 1170 003d 1B010000 		.4byte	.LASF3
 1171 0041 03       		.uleb128 0x3
 1172 0042 04       		.byte	0x4
 1173 0043 05       		.byte	0x5
 1174 0044 696E7400 		.ascii	"int\000"
 1175 0048 02       		.uleb128 0x2
 1176 0049 04       		.byte	0x4
 1177 004a 07       		.byte	0x7
 1178 004b 0E000000 		.4byte	.LASF4
 1179 004f 02       		.uleb128 0x2
 1180 0050 08       		.byte	0x8
 1181 0051 05       		.byte	0x5
 1182 0052 00000000 		.4byte	.LASF5
 1183 0056 02       		.uleb128 0x2
 1184 0057 08       		.byte	0x8
 1185 0058 07       		.byte	0x7
 1186 0059 33000000 		.4byte	.LASF6
 1187 005d 02       		.uleb128 0x2
 1188 005e 04       		.byte	0x4
 1189 005f 05       		.byte	0x5
ARM GAS  C:\DOCUME~1\ADMINI~1\LOCALS~1\Temp\cc5I0v0X.s 			page 22


 1190 0060 69000000 		.4byte	.LASF7
 1191 0064 04       		.uleb128 0x4
 1192 0065 04       		.byte	0x4
 1193 0066 07       		.byte	0x7
 1194 0067 02       		.uleb128 0x2
 1195 0068 04       		.byte	0x4
 1196 0069 07       		.byte	0x7
 1197 006a 21000000 		.4byte	.LASF8
 1198 006e 02       		.uleb128 0x2
 1199 006f 01       		.byte	0x1
 1200 0070 08       		.byte	0x8
 1201 0071 64000000 		.4byte	.LASF9
 1202 0075 05       		.uleb128 0x5
 1203 0076 1B000000 		.4byte	.LASF20
 1204 007a 02       		.byte	0x2
 1205 007b 4C       		.byte	0x4c
 1206 007c 2C000000 		.4byte	0x2c
 1207 0080 02       		.uleb128 0x2
 1208 0081 04       		.byte	0x4
 1209 0082 04       		.byte	0x4
 1210 0083 66010000 		.4byte	.LASF10
 1211 0087 02       		.uleb128 0x2
 1212 0088 08       		.byte	0x8
 1213 0089 04       		.byte	0x4
 1214 008a 9F000000 		.4byte	.LASF11
 1215 008e 06       		.uleb128 0x6
 1216 008f 75000000 		.4byte	0x75
 1217 0093 9E000000 		.4byte	0x9e
 1218 0097 07       		.uleb128 0x7
 1219 0098 64000000 		.4byte	0x64
 1220 009c FF       		.byte	0xff
 1221 009d 00       		.byte	0x0
 1222 009e 08       		.uleb128 0x8
 1223 009f 55010000 		.4byte	.LASF12
 1224 00a3 01       		.byte	0x1
 1225 00a4 04       		.byte	0x4
 1226 00a5 B0000000 		.4byte	0xb0
 1227 00a9 01       		.byte	0x1
 1228 00aa 05       		.byte	0x5
 1229 00ab 03       		.byte	0x3
 1230 00ac 00000000 		.4byte	Filter_1_control
 1231 00b0 09       		.uleb128 0x9
 1232 00b1 8E000000 		.4byte	0x8e
 1233 00b5 06       		.uleb128 0x6
 1234 00b6 75000000 		.4byte	0x75
 1235 00ba C6000000 		.4byte	0xc6
 1236 00be 0A       		.uleb128 0xa
 1237 00bf 64000000 		.4byte	0x64
 1238 00c3 FF01     		.2byte	0x1ff
 1239 00c5 00       		.byte	0x0
 1240 00c6 08       		.uleb128 0x8
 1241 00c7 76010000 		.4byte	.LASF13
 1242 00cb 01       		.byte	0x1
 1243 00cc 28       		.byte	0x28
 1244 00cd D8000000 		.4byte	0xd8
 1245 00d1 01       		.byte	0x1
 1246 00d2 05       		.byte	0x5
ARM GAS  C:\DOCUME~1\ADMINI~1\LOCALS~1\Temp\cc5I0v0X.s 			page 23


 1247 00d3 03       		.byte	0x3
 1248 00d4 00000000 		.4byte	Filter_1_data_a
 1249 00d8 09       		.uleb128 0x9
 1250 00d9 B5000000 		.4byte	0xb5
 1251 00dd 08       		.uleb128 0x8
 1252 00de 86010000 		.4byte	.LASF14
 1253 00e2 01       		.byte	0x1
 1254 00e3 6C       		.byte	0x6c
 1255 00e4 EF000000 		.4byte	0xef
 1256 00e8 01       		.byte	0x1
 1257 00e9 05       		.byte	0x5
 1258 00ea 03       		.byte	0x3
 1259 00eb 00000000 		.4byte	Filter_1_data_b
 1260 00ef 09       		.uleb128 0x9
 1261 00f0 B5000000 		.4byte	0xb5
 1262 00f4 08       		.uleb128 0x8
 1263 00f5 47010000 		.4byte	.LASF15
 1264 00f9 01       		.byte	0x1
 1265 00fa BC       		.byte	0xbc
 1266 00fb 06010000 		.4byte	0x106
 1267 00ff 01       		.byte	0x1
 1268 0100 05       		.byte	0x5
 1269 0101 03       		.byte	0x3
 1270 0102 00000000 		.4byte	Filter_1_cfsm
 1271 0106 09       		.uleb128 0x9
 1272 0107 8E000000 		.4byte	0x8e
 1273 010b 06       		.uleb128 0x6
 1274 010c 75000000 		.4byte	0x75
 1275 0110 1B010000 		.4byte	0x11b
 1276 0114 07       		.uleb128 0x7
 1277 0115 64000000 		.4byte	0x64
 1278 0119 3F       		.byte	0x3f
 1279 011a 00       		.byte	0x0
 1280 011b 08       		.uleb128 0x8
 1281 011c 3A010000 		.4byte	.LASF16
 1282 0120 01       		.byte	0x1
 1283 0121 B0       		.byte	0xb0
 1284 0122 2D010000 		.4byte	0x12d
 1285 0126 01       		.byte	0x1
 1286 0127 05       		.byte	0x5
 1287 0128 03       		.byte	0x3
 1288 0129 00000000 		.4byte	Filter_1_acu
 1289 012d 09       		.uleb128 0x9
 1290 012e 0B010000 		.4byte	0x10b
 1291 0132 00       		.byte	0x0
 1292              		.section	.debug_abbrev
 1293 0000 01       		.uleb128 0x1
 1294 0001 11       		.uleb128 0x11
 1295 0002 01       		.byte	0x1
 1296 0003 25       		.uleb128 0x25
 1297 0004 0E       		.uleb128 0xe
 1298 0005 13       		.uleb128 0x13
 1299 0006 0B       		.uleb128 0xb
 1300 0007 03       		.uleb128 0x3
 1301 0008 0E       		.uleb128 0xe
 1302 0009 1B       		.uleb128 0x1b
 1303 000a 0E       		.uleb128 0xe
ARM GAS  C:\DOCUME~1\ADMINI~1\LOCALS~1\Temp\cc5I0v0X.s 			page 24


 1304 000b 11       		.uleb128 0x11
 1305 000c 01       		.uleb128 0x1
 1306 000d 12       		.uleb128 0x12
 1307 000e 01       		.uleb128 0x1
 1308 000f 10       		.uleb128 0x10
 1309 0010 06       		.uleb128 0x6
 1310 0011 00       		.byte	0x0
 1311 0012 00       		.byte	0x0
 1312 0013 02       		.uleb128 0x2
 1313 0014 24       		.uleb128 0x24
 1314 0015 00       		.byte	0x0
 1315 0016 0B       		.uleb128 0xb
 1316 0017 0B       		.uleb128 0xb
 1317 0018 3E       		.uleb128 0x3e
 1318 0019 0B       		.uleb128 0xb
 1319 001a 03       		.uleb128 0x3
 1320 001b 0E       		.uleb128 0xe
 1321 001c 00       		.byte	0x0
 1322 001d 00       		.byte	0x0
 1323 001e 03       		.uleb128 0x3
 1324 001f 24       		.uleb128 0x24
 1325 0020 00       		.byte	0x0
 1326 0021 0B       		.uleb128 0xb
 1327 0022 0B       		.uleb128 0xb
 1328 0023 3E       		.uleb128 0x3e
 1329 0024 0B       		.uleb128 0xb
 1330 0025 03       		.uleb128 0x3
 1331 0026 08       		.uleb128 0x8
 1332 0027 00       		.byte	0x0
 1333 0028 00       		.byte	0x0
 1334 0029 04       		.uleb128 0x4
 1335 002a 24       		.uleb128 0x24
 1336 002b 00       		.byte	0x0
 1337 002c 0B       		.uleb128 0xb
 1338 002d 0B       		.uleb128 0xb
 1339 002e 3E       		.uleb128 0x3e
 1340 002f 0B       		.uleb128 0xb
 1341 0030 00       		.byte	0x0
 1342 0031 00       		.byte	0x0
 1343 0032 05       		.uleb128 0x5
 1344 0033 16       		.uleb128 0x16
 1345 0034 00       		.byte	0x0
 1346 0035 03       		.uleb128 0x3
 1347 0036 0E       		.uleb128 0xe
 1348 0037 3A       		.uleb128 0x3a
 1349 0038 0B       		.uleb128 0xb
 1350 0039 3B       		.uleb128 0x3b
 1351 003a 0B       		.uleb128 0xb
 1352 003b 49       		.uleb128 0x49
 1353 003c 13       		.uleb128 0x13
 1354 003d 00       		.byte	0x0
 1355 003e 00       		.byte	0x0
 1356 003f 06       		.uleb128 0x6
 1357 0040 01       		.uleb128 0x1
 1358 0041 01       		.byte	0x1
 1359 0042 49       		.uleb128 0x49
 1360 0043 13       		.uleb128 0x13
ARM GAS  C:\DOCUME~1\ADMINI~1\LOCALS~1\Temp\cc5I0v0X.s 			page 25


 1361 0044 01       		.uleb128 0x1
 1362 0045 13       		.uleb128 0x13
 1363 0046 00       		.byte	0x0
 1364 0047 00       		.byte	0x0
 1365 0048 07       		.uleb128 0x7
 1366 0049 21       		.uleb128 0x21
 1367 004a 00       		.byte	0x0
 1368 004b 49       		.uleb128 0x49
 1369 004c 13       		.uleb128 0x13
 1370 004d 2F       		.uleb128 0x2f
 1371 004e 0B       		.uleb128 0xb
 1372 004f 00       		.byte	0x0
 1373 0050 00       		.byte	0x0
 1374 0051 08       		.uleb128 0x8
 1375 0052 34       		.uleb128 0x34
 1376 0053 00       		.byte	0x0
 1377 0054 03       		.uleb128 0x3
 1378 0055 0E       		.uleb128 0xe
 1379 0056 3A       		.uleb128 0x3a
 1380 0057 0B       		.uleb128 0xb
 1381 0058 3B       		.uleb128 0x3b
 1382 0059 0B       		.uleb128 0xb
 1383 005a 49       		.uleb128 0x49
 1384 005b 13       		.uleb128 0x13
 1385 005c 3F       		.uleb128 0x3f
 1386 005d 0C       		.uleb128 0xc
 1387 005e 02       		.uleb128 0x2
 1388 005f 0A       		.uleb128 0xa
 1389 0060 00       		.byte	0x0
 1390 0061 00       		.byte	0x0
 1391 0062 09       		.uleb128 0x9
 1392 0063 26       		.uleb128 0x26
 1393 0064 00       		.byte	0x0
 1394 0065 49       		.uleb128 0x49
 1395 0066 13       		.uleb128 0x13
 1396 0067 00       		.byte	0x0
 1397 0068 00       		.byte	0x0
 1398 0069 0A       		.uleb128 0xa
 1399 006a 21       		.uleb128 0x21
 1400 006b 00       		.byte	0x0
 1401 006c 49       		.uleb128 0x49
 1402 006d 13       		.uleb128 0x13
 1403 006e 2F       		.uleb128 0x2f
 1404 006f 05       		.uleb128 0x5
 1405 0070 00       		.byte	0x0
 1406 0071 00       		.byte	0x0
 1407 0072 00       		.byte	0x0
 1408              		.section	.debug_pubnames,"",%progbits
 1409 0000 6E000000 		.4byte	0x6e
 1410 0004 0200     		.2byte	0x2
 1411 0006 00000000 		.4byte	.Ldebug_info0
 1412 000a 33010000 		.4byte	0x133
 1413 000e 9E000000 		.4byte	0x9e
 1414 0012 46696C74 		.ascii	"Filter_1_control\000"
 1414      65725F31 
 1414      5F636F6E 
 1414      74726F6C 
ARM GAS  C:\DOCUME~1\ADMINI~1\LOCALS~1\Temp\cc5I0v0X.s 			page 26


 1414      00
 1415 0023 C6000000 		.4byte	0xc6
 1416 0027 46696C74 		.ascii	"Filter_1_data_a\000"
 1416      65725F31 
 1416      5F646174 
 1416      615F6100 
 1417 0037 DD000000 		.4byte	0xdd
 1418 003b 46696C74 		.ascii	"Filter_1_data_b\000"
 1418      65725F31 
 1418      5F646174 
 1418      615F6200 
 1419 004b F4000000 		.4byte	0xf4
 1420 004f 46696C74 		.ascii	"Filter_1_cfsm\000"
 1420      65725F31 
 1420      5F636673 
 1420      6D00
 1421 005d 1B010000 		.4byte	0x11b
 1422 0061 46696C74 		.ascii	"Filter_1_acu\000"
 1422      65725F31 
 1422      5F616375 
 1422      00
 1423 006e 00000000 		.4byte	0x0
 1424              		.section	.debug_str,"MS",%progbits,1
 1425              	.LASF5:
 1426 0000 6C6F6E67 		.ascii	"long long int\000"
 1426      206C6F6E 
 1426      6720696E 
 1426      7400
 1427              	.LASF4:
 1428 000e 756E7369 		.ascii	"unsigned int\000"
 1428      676E6564 
 1428      20696E74 
 1428      00
 1429              	.LASF20:
 1430 001b 75696E74 		.ascii	"uint8\000"
 1430      3800
 1431              	.LASF8:
 1432 0021 6C6F6E67 		.ascii	"long unsigned int\000"
 1432      20756E73 
 1432      69676E65 
 1432      6420696E 
 1432      7400
 1433              	.LASF6:
 1434 0033 6C6F6E67 		.ascii	"long long unsigned int\000"
 1434      206C6F6E 
 1434      6720756E 
 1434      7369676E 
 1434      65642069 
 1435              	.LASF17:
 1436 004a 474E5520 		.ascii	"GNU C 4.4.1\000"
 1436      4320342E 
 1436      342E3100 
 1437              	.LASF1:
 1438 0056 756E7369 		.ascii	"unsigned char\000"
 1438      676E6564 
 1438      20636861 
 1438      7200
ARM GAS  C:\DOCUME~1\ADMINI~1\LOCALS~1\Temp\cc5I0v0X.s 			page 27


 1439              	.LASF9:
 1440 0064 63686172 		.ascii	"char\000"
 1440      00
 1441              	.LASF7:
 1442 0069 6C6F6E67 		.ascii	"long int\000"
 1442      20696E74 
 1442      00
 1443              	.LASF18:
 1444 0072 2E5C4765 		.ascii	".\\Generated_Source\\PSoC5\\Filter_1_RAM_Data.c\000"
 1444      6E657261 
 1444      7465645F 
 1444      536F7572 
 1444      63655C50 
 1445              	.LASF11:
 1446 009f 646F7562 		.ascii	"double\000"
 1446      6C6500
 1447              	.LASF19:
 1448 00a6 5C5C7073 		.ascii	"\\\\psf\\Home\\Desktop\\PSOC5LP dev\\non-boot-bit-s"
 1448      665C486F 
 1448      6D655C44 
 1448      65736B74 
 1448      6F705C50 
 1449 00d3 68696674 		.ascii	"hift-CY8C5667\\PioneerKit_P5LP_USB_Audio\\PioneerKi"
 1449      2D435938 
 1449      43353636 
 1449      375C5069 
 1449      6F6E6565 
 1450 0104 745F5035 		.ascii	"t_P5LP_USB_Audio.cydsn\000"
 1450      4C505F55 
 1450      53425F41 
 1450      7564696F 
 1450      2E637964 
 1451              	.LASF3:
 1452 011b 73686F72 		.ascii	"short unsigned int\000"
 1452      7420756E 
 1452      7369676E 
 1452      65642069 
 1452      6E7400
 1453              	.LASF0:
 1454 012e 7369676E 		.ascii	"signed char\000"
 1454      65642063 
 1454      68617200 
 1455              	.LASF16:
 1456 013a 46696C74 		.ascii	"Filter_1_acu\000"
 1456      65725F31 
 1456      5F616375 
 1456      00
 1457              	.LASF15:
 1458 0147 46696C74 		.ascii	"Filter_1_cfsm\000"
 1458      65725F31 
 1458      5F636673 
 1458      6D00
 1459              	.LASF12:
 1460 0155 46696C74 		.ascii	"Filter_1_control\000"
 1460      65725F31 
 1460      5F636F6E 
 1460      74726F6C 
ARM GAS  C:\DOCUME~1\ADMINI~1\LOCALS~1\Temp\cc5I0v0X.s 			page 28


 1460      00
 1461              	.LASF10:
 1462 0166 666C6F61 		.ascii	"float\000"
 1462      7400
 1463              	.LASF2:
 1464 016c 73686F72 		.ascii	"short int\000"
 1464      7420696E 
 1464      7400
 1465              	.LASF13:
 1466 0176 46696C74 		.ascii	"Filter_1_data_a\000"
 1466      65725F31 
 1466      5F646174 
 1466      615F6100 
 1467              	.LASF14:
 1468 0186 46696C74 		.ascii	"Filter_1_data_b\000"
 1468      65725F31 
 1468      5F646174 
 1468      615F6200 
 1469              		.ident	"GCC: (Sourcery G++ Lite 2010q1-188) 4.4.1"
