--------------- Rebuild Started: 11/30/2015 16:58:54 Project: PioneerKit_P5LP_USB_Audio, Configuration: ARM GCC 4.4.1 Debug ---------------
cydsfit.exe "-.appdatapath" "C:\Documents and Settings\Administrator\Local Settings\Application Data\Cypress Semiconductor\PSoC Creator\2.2" "-.fdsnotice" "-.fdswarpdepfile=warp_dependencies.txt" "-.fdselabdepfile=elab_dependencies.txt" "-.fdsbldfile=generated_files.txt" "-p" "\\psf\Home\Desktop\PSOC5LP dev\non-boot-bit-shift-CY8C5667\PioneerKit_P5LP_USB_Audio\PioneerKit_P5LP_USB_Audio.cydsn\PioneerKit_P5LP_USB_Audio.cyprj" "-d" "CY8C5667LTI-LP009" "-s" "\\psf\Home\Desktop\PSOC5LP dev\non-boot-bit-shift-CY8C5667\PioneerKit_P5LP_USB_Audio\PioneerKit_P5LP_USB_Audio.cydsn\Generated_Source\PSoC5" "--" "-yv2" "-v3" "-ygs" "-q10" "-o2" "-.fftcfgtype=LE"
Elaborating Design...
HDL Generation ...
Synthesis ...
Place and Route ...
Tech mapping ...
ADD: pft.M0040: information: The following 2 pin(s) will be assigned a location by the fitter: \USBFS:Dm(0)\, \USBFS:Dp(0)\
Info: mpr.M0037: Unused pieces of the design have been optimized out. See the Tech mapping section of the report file for details. (App=cydsfit)
Analog Placement ...
Analog Routing ...
Analog Code Generation ...
Digital Placement ...
Digital Routing ...
Bitstream Generation ...
Static timing analysis ...
API Generation ...
Dependency Generation ...
Clean Temporary Files ...
arm-none-eabi-gcc.exe -I. -Wno-main -I./Generated_Source/PSoC5 -mcpu=cortex-m3 -mthumb -Wall -g -Wa,-alh=.\ARM_GCC_441\Debug\PSOC_I2S_SCLK.lst -ffunction-sections -c .\Generated_Source\PSoC5\PSOC_I2S_SCLK.c -o .\ARM_GCC_441\Debug\PSOC_I2S_SCLK.o
arm-none-eabi-gcc.exe -I. -Wno-main -I./Generated_Source/PSoC5 -mcpu=cortex-m3 -mthumb -Wall -g -Wa,-alh=.\ARM_GCC_441\Debug\I2S.lst -ffunction-sections -c .\Generated_Source\PSoC5\I2S.c -o .\ARM_GCC_441\Debug\I2S.o
arm-none-eabi-gcc.exe -I. -Wno-main -I./Generated_Source/PSoC5 -mcpu=cortex-m3 -mthumb -Wall -g -Wa,-alh=.\ARM_GCC_441\Debug\I2S_PM.lst -ffunction-sections -c .\Generated_Source\PSoC5\I2S_PM.c -o .\ARM_GCC_441\Debug\I2S_PM.o
arm-none-eabi-gcc.exe -I. -Wno-main -I./Generated_Source/PSoC5 -mcpu=cortex-m3 -mthumb -Wall -g -Wa,-alh=.\ARM_GCC_441\Debug\AudioClkGen.lst -ffunction-sections -c .\Generated_Source\PSoC5\AudioClkGen.c -o .\ARM_GCC_441\Debug\AudioClkGen.o
arm-none-eabi-gcc.exe -I. -Wno-main -I./Generated_Source/PSoC5 -mcpu=cortex-m3 -mthumb -Wall -g -Wa,-alh=.\ARM_GCC_441\Debug\AudioClkGen_Ref.lst -ffunction-sections -c .\Generated_Source\PSoC5\AudioClkGen_Ref.c -o .\ARM_GCC_441\Debug\AudioClkGen_Ref.o
arm-none-eabi-gcc.exe -I. -Wno-main -I./Generated_Source/PSoC5 -mcpu=cortex-m3 -mthumb -Wall -g -Wa,-alh=.\ARM_GCC_441\Debug\PSOC_CODEC_RST.lst -ffunction-sections -c .\Generated_Source\PSoC5\PSOC_CODEC_RST.c -o .\ARM_GCC_441\Debug\PSOC_CODEC_RST.o
arm-none-eabi-gcc.exe -I. -Wno-main -I./Generated_Source/PSoC5 -mcpu=cortex-m3 -mthumb -Wall -g -Wa,-alh=.\ARM_GCC_441\Debug\TxDMA_dma.lst -ffunction-sections -c .\Generated_Source\PSoC5\TxDMA_dma.c -o .\ARM_GCC_441\Debug\TxDMA_dma.o
arm-none-eabi-gcc.exe -I. -Wno-main -I./Generated_Source/PSoC5 -mcpu=cortex-m3 -mthumb -Wall -g -Wa,-alh=.\ARM_GCC_441\Debug\isr_TxDMADone.lst -ffunction-sections -c .\Generated_Source\PSoC5\isr_TxDMADone.c -o .\ARM_GCC_441\Debug\isr_TxDMADone.o
arm-none-eabi-gcc.exe -I. -Wno-main -I./Generated_Source/PSoC5 -mcpu=cortex-m3 -mthumb -Wall -g -Wa,-alh=.\ARM_GCC_441\Debug\PSOC_I2S_SDTO.lst -ffunction-sections -c .\Generated_Source\PSoC5\PSOC_I2S_SDTO.c -o .\ARM_GCC_441\Debug\PSOC_I2S_SDTO.o
arm-none-eabi-gcc.exe -I. -Wno-main -I./Generated_Source/PSoC5 -mcpu=cortex-m3 -mthumb -Wall -g -Wa,-alh=.\ARM_GCC_441\Debug\isr_InDMADone.lst -ffunction-sections -c .\Generated_Source\PSoC5\isr_InDMADone.c -o .\ARM_GCC_441\Debug\isr_InDMADone.o
arm-none-eabi-gcc.exe -I. -Wno-main -I./Generated_Source/PSoC5 -mcpu=cortex-m3 -mthumb -Wall -g -Wa,-alh=.\ARM_GCC_441\Debug\USBInDMA_dma.lst -ffunction-sections -c .\Generated_Source\PSoC5\USBInDMA_dma.c -o .\ARM_GCC_441\Debug\USBInDMA_dma.o
arm-none-eabi-gcc.exe -I. -Wno-main -I./Generated_Source/PSoC5 -mcpu=cortex-m3 -mthumb -Wall -g -Wa,-alh=.\ARM_GCC_441\Debug\PSOC_I2S_MCLK.lst -ffunction-sections -c .\Generated_Source\PSoC5\PSOC_I2S_MCLK.c -o .\ARM_GCC_441\Debug\PSOC_I2S_MCLK.o
arm-none-eabi-gcc.exe -I. -Wno-main -I./Generated_Source/PSoC5 -mcpu=cortex-m3 -mthumb -Wall -g -Wa,-alh=.\ARM_GCC_441\Debug\USBOutDMA_dma.lst -ffunction-sections -c .\Generated_Source\PSoC5\USBOutDMA_dma.c -o .\ARM_GCC_441\Debug\USBOutDMA_dma.o
arm-none-eabi-gcc.exe -I. -Wno-main -I./Generated_Source/PSoC5 -mcpu=cortex-m3 -mthumb -Wall -g -Wa,-alh=.\ARM_GCC_441\Debug\PSOC_SW.lst -ffunction-sections -c .\Generated_Source\PSoC5\PSOC_SW.c -o .\ARM_GCC_441\Debug\PSOC_SW.o
arm-none-eabi-gcc.exe -I. -Wno-main -I./Generated_Source/PSoC5 -mcpu=cortex-m3 -mthumb -Wall -g -Wa,-alh=.\ARM_GCC_441\Debug\SystemTickTimer.lst -ffunction-sections -c .\Generated_Source\PSoC5\SystemTickTimer.c -o .\ARM_GCC_441\Debug\SystemTickTimer.o
arm-none-eabi-gcc.exe -I. -Wno-main -I./Generated_Source/PSoC5 -mcpu=cortex-m3 -mthumb -Wall -g -Wa,-alh=.\ARM_GCC_441\Debug\isr_Tick.lst -ffunction-sections -c .\Generated_Source\PSoC5\isr_Tick.c -o .\ARM_GCC_441\Debug\isr_Tick.o
arm-none-eabi-gcc.exe -I. -Wno-main -I./Generated_Source/PSoC5 -mcpu=cortex-m3 -mthumb -Wall -g -Wa,-alh=.\ARM_GCC_441\Debug\I2C_Master.lst -ffunction-sections -c .\Generated_Source\PSoC5\I2C_Master.c -o .\ARM_GCC_441\Debug\I2C_Master.o
arm-none-eabi-gcc.exe -I. -Wno-main -I./Generated_Source/PSoC5 -mcpu=cortex-m3 -mthumb -Wall -g -Wa,-alh=.\ARM_GCC_441\Debug\I2C_Master_BOOT.lst -ffunction-sections -c .\Generated_Source\PSoC5\I2C_Master_BOOT.c -o .\ARM_GCC_441\Debug\I2C_Master_BOOT.o
arm-none-eabi-gcc.exe -I. -Wno-main -I./Generated_Source/PSoC5 -mcpu=cortex-m3 -mthumb -Wall -g -Wa,-alh=.\ARM_GCC_441\Debug\I2C_Master_INT.lst -ffunction-sections -c .\Generated_Source\PSoC5\I2C_Master_INT.c -o .\ARM_GCC_441\Debug\I2C_Master_INT.o
arm-none-eabi-gcc.exe -I. -Wno-main -I./Generated_Source/PSoC5 -mcpu=cortex-m3 -mthumb -Wall -g -Wa,-alh=.\ARM_GCC_441\Debug\I2C_Master_PM.lst -ffunction-sections -c .\Generated_Source\PSoC5\I2C_Master_PM.c -o .\ARM_GCC_441\Debug\I2C_Master_PM.o
arm-none-eabi-gcc.exe -I. -Wno-main -I./Generated_Source/PSoC5 -mcpu=cortex-m3 -mthumb -Wall -g -Wa,-alh=.\ARM_GCC_441\Debug\I2C_Master_SLAVE.lst -ffunction-sections -c .\Generated_Source\PSoC5\I2C_Master_SLAVE.c -o .\ARM_GCC_441\Debug\I2C_Master_SLAVE.o
arm-none-eabi-gcc.exe -I. -Wno-main -I./Generated_Source/PSoC5 -mcpu=cortex-m3 -mthumb -Wall -g -Wa,-alh=.\ARM_GCC_441\Debug\I2C_Master_MASTER.lst -ffunction-sections -c .\Generated_Source\PSoC5\I2C_Master_MASTER.c -o .\ARM_GCC_441\Debug\I2C_Master_MASTER.o
arm-none-eabi-gcc.exe -I. -Wno-main -I./Generated_Source/PSoC5 -mcpu=cortex-m3 -mthumb -Wall -g -Wa,-alh=.\ARM_GCC_441\Debug\PSOC_I2S_LRCLK.lst -ffunction-sections -c .\Generated_Source\PSoC5\PSOC_I2S_LRCLK.c -o .\ARM_GCC_441\Debug\PSOC_I2S_LRCLK.o
arm-none-eabi-gcc.exe -I. -Wno-main -I./Generated_Source/PSoC5 -mcpu=cortex-m3 -mthumb -Wall -g -Wa,-alh=.\ARM_GCC_441\Debug\I2S_Tx_DMA_dma.lst -ffunction-sections -c .\Generated_Source\PSoC5\I2S_Tx_DMA_dma.c -o .\ARM_GCC_441\Debug\I2S_Tx_DMA_dma.o
arm-none-eabi-gcc.exe -I. -Wno-main -I./Generated_Source/PSoC5 -mcpu=cortex-m3 -mthumb -Wall -g -Wa,-alh=.\ARM_GCC_441\Debug\ByteSwap_Tx.lst -ffunction-sections -c .\Generated_Source\PSoC5\ByteSwap_Tx.c -o .\ARM_GCC_441\Debug\ByteSwap_Tx.o
arm-none-eabi-gcc.exe -I. -Wno-main -I./Generated_Source/PSoC5 -mcpu=cortex-m3 -mthumb -Wall -g -Wa,-alh=.\ARM_GCC_441\Debug\clock_CIC.lst -ffunction-sections -c .\Generated_Source\PSoC5\clock_CIC.c -o .\ARM_GCC_441\Debug\clock_CIC.o
arm-none-eabi-gcc.exe -I. -Wno-main -I./Generated_Source/PSoC5 -mcpu=cortex-m3 -mthumb -Wall -g -Wa,-alh=.\ARM_GCC_441\Debug\CICOut_L_dma.lst -ffunction-sections -c .\Generated_Source\PSoC5\CICOut_L_dma.c -o .\ARM_GCC_441\Debug\CICOut_L_dma.o
arm-none-eabi-gcc.exe -I. -Wno-main -I./Generated_Source/PSoC5 -mcpu=cortex-m3 -mthumb -Wall -g -Wa,-alh=.\ARM_GCC_441\Debug\CICOut_R_dma.lst -ffunction-sections -c .\Generated_Source\PSoC5\CICOut_R_dma.c -o .\ARM_GCC_441\Debug\CICOut_R_dma.o
arm-none-eabi-gcc.exe -I. -Wno-main -I./Generated_Source/PSoC5 -mcpu=cortex-m3 -mthumb -Wall -g -Wa,-alh=.\ARM_GCC_441\Debug\Droop_Filter.lst -ffunction-sections -c .\Generated_Source\PSoC5\Droop_Filter.c -o .\ARM_GCC_441\Debug\Droop_Filter.o
arm-none-eabi-gcc.exe -I. -Wno-main -I./Generated_Source/PSoC5 -mcpu=cortex-m3 -mthumb -Wall -g -Wa,-alh=.\ARM_GCC_441\Debug\Droop_Filter_PM.lst -ffunction-sections -c .\Generated_Source\PSoC5\Droop_Filter_PM.c -o .\ARM_GCC_441\Debug\Droop_Filter_PM.o
arm-none-eabi-gcc.exe -I. -Wno-main -I./Generated_Source/PSoC5 -mcpu=cortex-m3 -mthumb -Wall -g -Wa,-alh=.\ARM_GCC_441\Debug\Droop_Filter_RAM_Data.lst -ffunction-sections -c .\Generated_Source\PSoC5\Droop_Filter_RAM_Data.c -o .\ARM_GCC_441\Debug\Droop_Filter_RAM_Data.o
arm-none-eabi-gcc.exe -I. -Wno-main -I./Generated_Source/PSoC5 -mcpu=cortex-m3 -mthumb -Wall -g -Wa,-alh=.\ARM_GCC_441\Debug\RxDMA_dma.lst -ffunction-sections -c .\Generated_Source\PSoC5\RxDMA_dma.c -o .\ARM_GCC_441\Debug\RxDMA_dma.o
arm-none-eabi-gcc.exe -I. -Wno-main -I./Generated_Source/PSoC5 -mcpu=cortex-m3 -mthumb -Wall -g -Wa,-alh=.\ARM_GCC_441\Debug\isr_RxDMADone.lst -ffunction-sections -c .\Generated_Source\PSoC5\isr_RxDMADone.c -o .\ARM_GCC_441\Debug\isr_RxDMADone.o
arm-none-eabi-gcc.exe -I. -Wno-main -I./Generated_Source/PSoC5 -mcpu=cortex-m3 -mthumb -Wall -g -Wa,-alh=.\ARM_GCC_441\Debug\AudioClkGen_Clock_SCK.lst -ffunction-sections -c .\Generated_Source\PSoC5\AudioClkGen_Clock_SCK.c -o .\ARM_GCC_441\Debug\AudioClkGen_Clock_SCK.o
arm-none-eabi-gcc.exe -I. -Wno-main -I./Generated_Source/PSoC5 -mcpu=cortex-m3 -mthumb -Wall -g -Wa,-alh=.\ARM_GCC_441\Debug\AudioClkGen_Clock_I2S.lst -ffunction-sections -c .\Generated_Source\PSoC5\AudioClkGen_Clock_I2S.c -o .\ARM_GCC_441\Debug\AudioClkGen_Clock_I2S.o
arm-none-eabi-gcc.exe -I. -Wno-main -I./Generated_Source/PSoC5 -mcpu=cortex-m3 -mthumb -Wall -g -Wa,-alh=.\ARM_GCC_441\Debug\Cm3Start.lst -ffunction-sections -c .\Generated_Source\PSoC5\Cm3Start.c -o .\ARM_GCC_441\Debug\Cm3Start.o
arm-none-eabi-gcc.exe -I. -Wno-main -I./Generated_Source/PSoC5 -mcpu=cortex-m3 -mthumb -Wall -g -Wa,-alh=.\ARM_GCC_441\Debug\core_cm3.lst -ffunction-sections -c .\Generated_Source\PSoC5\core_cm3.c -o .\ARM_GCC_441\Debug\core_cm3.o
arm-none-eabi-as.exe -I. -I./Generated_Source/PSoC5 -mcpu=cortex-m3 -mthumb -g -alh=.\ARM_GCC_441\Debug/CyBootAsmGnu.lst -o .\ARM_GCC_441\Debug\CyBootAsmGnu.o .\Generated_Source\PSoC5\CyBootAsmGnu.s
arm-none-eabi-gcc.exe -I. -Wno-main -I./Generated_Source/PSoC5 -mcpu=cortex-m3 -mthumb -Wall -g -Wa,-alh=.\ARM_GCC_441\Debug\CyDmac.lst -ffunction-sections -c .\Generated_Source\PSoC5\CyDmac.c -o .\ARM_GCC_441\Debug\CyDmac.o
arm-none-eabi-gcc.exe -I. -Wno-main -I./Generated_Source/PSoC5 -mcpu=cortex-m3 -mthumb -Wall -g -Wa,-alh=.\ARM_GCC_441\Debug\CyFlash.lst -ffunction-sections -c .\Generated_Source\PSoC5\CyFlash.c -o .\ARM_GCC_441\Debug\CyFlash.o
arm-none-eabi-gcc.exe -I. -Wno-main -I./Generated_Source/PSoC5 -mcpu=cortex-m3 -mthumb -Wall -g -Wa,-alh=.\ARM_GCC_441\Debug\CyLib.lst -ffunction-sections -c .\Generated_Source\PSoC5\CyLib.c -o .\ARM_GCC_441\Debug\CyLib.o
arm-none-eabi-gcc.exe -I. -Wno-main -I./Generated_Source/PSoC5 -mcpu=cortex-m3 -mthumb -Wall -g -Wa,-alh=.\ARM_GCC_441\Debug\cyPm.lst -ffunction-sections -c .\Generated_Source\PSoC5\cyPm.c -o .\ARM_GCC_441\Debug\cyPm.o
arm-none-eabi-gcc.exe -I. -Wno-main -I./Generated_Source/PSoC5 -mcpu=cortex-m3 -mthumb -Wall -g -Wa,-alh=.\ARM_GCC_441\Debug\CySpc.lst -ffunction-sections -c .\Generated_Source\PSoC5\CySpc.c -o .\ARM_GCC_441\Debug\CySpc.o
arm-none-eabi-gcc.exe -I. -Wno-main -I./Generated_Source/PSoC5 -mcpu=cortex-m3 -mthumb -Wall -g -Wa,-alh=.\ARM_GCC_441\Debug\cyutils.lst -ffunction-sections -c .\Generated_Source\PSoC5\cyutils.c -o .\ARM_GCC_441\Debug\cyutils.o
arm-none-eabi-gcc.exe -I. -Wno-main -I./Generated_Source/PSoC5 -mcpu=cortex-m3 -mthumb -Wall -g -Wa,-alh=.\ARM_GCC_441\Debug\SDA.lst -ffunction-sections -c .\Generated_Source\PSoC5\SDA.c -o .\ARM_GCC_441\Debug\SDA.o
arm-none-eabi-gcc.exe -I. -Wno-main -I./Generated_Source/PSoC5 -mcpu=cortex-m3 -mthumb -Wall -g -Wa,-alh=.\ARM_GCC_441\Debug\SCL.lst -ffunction-sections -c .\Generated_Source\PSoC5\SCL.c -o .\ARM_GCC_441\Debug\SCL.o
arm-none-eabi-gcc.exe -I. -Wno-main -I./Generated_Source/PSoC5 -mcpu=cortex-m3 -mthumb -Wall -g -Wa,-alh=.\ARM_GCC_441\Debug\PSOC_STATUS_LED.lst -ffunction-sections -c .\Generated_Source\PSoC5\PSOC_STATUS_LED.c -o .\ARM_GCC_441\Debug\PSOC_STATUS_LED.o
arm-none-eabi-gcc.exe -I. -Wno-main -I./Generated_Source/PSoC5 -mcpu=cortex-m3 -mthumb -Wall -g -Wa,-alh=.\ARM_GCC_441\Debug\USBFS.lst -ffunction-sections -c .\Generated_Source\PSoC5\USBFS.c -o .\ARM_GCC_441\Debug\USBFS.o
arm-none-eabi-gcc.exe -I. -Wno-main -I./Generated_Source/PSoC5 -mcpu=cortex-m3 -mthumb -Wall -g -Wa,-alh=.\ARM_GCC_441\Debug\USBFS_audio.lst -ffunction-sections -c .\Generated_Source\PSoC5\USBFS_audio.c -o .\ARM_GCC_441\Debug\USBFS_audio.o
arm-none-eabi-gcc.exe -I. -Wno-main -I./Generated_Source/PSoC5 -mcpu=cortex-m3 -mthumb -Wall -g -Wa,-alh=.\ARM_GCC_441\Debug\USBFS_boot.lst -ffunction-sections -c .\Generated_Source\PSoC5\USBFS_boot.c -o .\ARM_GCC_441\Debug\USBFS_boot.o
arm-none-eabi-gcc.exe -I. -Wno-main -I./Generated_Source/PSoC5 -mcpu=cortex-m3 -mthumb -Wall -g -Wa,-alh=.\ARM_GCC_441\Debug\USBFS_cdc.lst -ffunction-sections -c .\Generated_Source\PSoC5\USBFS_cdc.c -o .\ARM_GCC_441\Debug\USBFS_cdc.o
arm-none-eabi-gcc.exe -I. -Wno-main -I./Generated_Source/PSoC5 -mcpu=cortex-m3 -mthumb -Wall -g -Wa,-alh=.\ARM_GCC_441\Debug\USBFS_cls.lst -ffunction-sections -c .\Generated_Source\PSoC5\USBFS_cls.c -o .\ARM_GCC_441\Debug\USBFS_cls.o
arm-none-eabi-gcc.exe -I. -Wno-main -I./Generated_Source/PSoC5 -mcpu=cortex-m3 -mthumb -Wall -g -Wa,-alh=.\ARM_GCC_441\Debug\USBFS_descr.lst -ffunction-sections -c .\Generated_Source\PSoC5\USBFS_descr.c -o .\ARM_GCC_441\Debug\USBFS_descr.o
arm-none-eabi-gcc.exe -I. -Wno-main -I./Generated_Source/PSoC5 -mcpu=cortex-m3 -mthumb -Wall -g -Wa,-alh=.\ARM_GCC_441\Debug\USBFS_drv.lst -ffunction-sections -c .\Generated_Source\PSoC5\USBFS_drv.c -o .\ARM_GCC_441\Debug\USBFS_drv.o
arm-none-eabi-gcc.exe -I. -Wno-main -I./Generated_Source/PSoC5 -mcpu=cortex-m3 -mthumb -Wall -g -Wa,-alh=.\ARM_GCC_441\Debug\USBFS_episr.lst -ffunction-sections -c .\Generated_Source\PSoC5\USBFS_episr.c -o .\ARM_GCC_441\Debug\USBFS_episr.o
arm-none-eabi-gcc.exe -I. -Wno-main -I./Generated_Source/PSoC5 -mcpu=cortex-m3 -mthumb -Wall -g -Wa,-alh=.\ARM_GCC_441\Debug\USBFS_hid.lst -ffunction-sections -c .\Generated_Source\PSoC5\USBFS_hid.c -o .\ARM_GCC_441\Debug\USBFS_hid.o
arm-none-eabi-gcc.exe -I. -Wno-main -I./Generated_Source/PSoC5 -mcpu=cortex-m3 -mthumb -Wall -g -Wa,-alh=.\ARM_GCC_441\Debug\USBFS_pm.lst -ffunction-sections -c .\Generated_Source\PSoC5\USBFS_pm.c -o .\ARM_GCC_441\Debug\USBFS_pm.o
arm-none-eabi-gcc.exe -I. -Wno-main -I./Generated_Source/PSoC5 -mcpu=cortex-m3 -mthumb -Wall -g -Wa,-alh=.\ARM_GCC_441\Debug\USBFS_std.lst -ffunction-sections -c .\Generated_Source\PSoC5\USBFS_std.c -o .\ARM_GCC_441\Debug\USBFS_std.o
arm-none-eabi-gcc.exe -I. -Wno-main -I./Generated_Source/PSoC5 -mcpu=cortex-m3 -mthumb -Wall -g -Wa,-alh=.\ARM_GCC_441\Debug\USBFS_vnd.lst -ffunction-sections -c .\Generated_Source\PSoC5\USBFS_vnd.c -o .\ARM_GCC_441\Debug\USBFS_vnd.o
arm-none-eabi-gcc.exe -I. -Wno-main -I./Generated_Source/PSoC5 -mcpu=cortex-m3 -mthumb -Wall -g -Wa,-alh=.\ARM_GCC_441\Debug\USBFS_midi.lst -ffunction-sections -c .\Generated_Source\PSoC5\USBFS_midi.c -o .\ARM_GCC_441\Debug\USBFS_midi.o
arm-none-eabi-gcc.exe -I. -Wno-main -I./Generated_Source/PSoC5 -mcpu=cortex-m3 -mthumb -Wall -g -Wa,-alh=.\ARM_GCC_441\Debug\USBFS_Dm.lst -ffunction-sections -c .\Generated_Source\PSoC5\USBFS_Dm.c -o .\ARM_GCC_441\Debug\USBFS_Dm.o
arm-none-eabi-gcc.exe -I. -Wno-main -I./Generated_Source/PSoC5 -mcpu=cortex-m3 -mthumb -Wall -g -Wa,-alh=.\ARM_GCC_441\Debug\USBFS_Dp.lst -ffunction-sections -c .\Generated_Source\PSoC5\USBFS_Dp.c -o .\ARM_GCC_441\Debug\USBFS_Dp.o
arm-none-eabi-gcc.exe -I. -Wno-main -I./Generated_Source/PSoC5 -mcpu=cortex-m3 -mthumb -Wall -g -Wa,-alh=.\ARM_GCC_441\Debug\USBFS_ep1_dma.lst -ffunction-sections -c .\Generated_Source\PSoC5\USBFS_ep1_dma.c -o .\ARM_GCC_441\Debug\USBFS_ep1_dma.o
arm-none-eabi-gcc.exe -I. -Wno-main -I./Generated_Source/PSoC5 -mcpu=cortex-m3 -mthumb -Wall -g -Wa,-alh=.\ARM_GCC_441\Debug\USBFS_ep2_dma.lst -ffunction-sections -c .\Generated_Source\PSoC5\USBFS_ep2_dma.c -o .\ARM_GCC_441\Debug\USBFS_ep2_dma.o
arm-none-eabi-gcc.exe -I. -Wno-main -I./Generated_Source/PSoC5 -mcpu=cortex-m3 -mthumb -Wall -g -Wa,-alh=.\ARM_GCC_441\Debug\USBFS_ep4_dma.lst -ffunction-sections -c .\Generated_Source\PSoC5\USBFS_ep4_dma.c -o .\ARM_GCC_441\Debug\USBFS_ep4_dma.o
arm-none-eabi-gcc.exe -I. -Wno-main -I./Generated_Source/PSoC5 -mcpu=cortex-m3 -mthumb -Wall -g -Wa,-alh=.\ARM_GCC_441\Debug\USBFS_ep6_dma.lst -ffunction-sections -c .\Generated_Source\PSoC5\USBFS_ep6_dma.c -o .\ARM_GCC_441\Debug\USBFS_ep6_dma.o
arm-none-eabi-gcc.exe -I. -Wno-main -I./Generated_Source/PSoC5 -mcpu=cortex-m3 -mthumb -Wall -g -Wa,-alh=.\ARM_GCC_441\Debug\isr_CICOverflow.lst -ffunction-sections -c .\Generated_Source\PSoC5\isr_CICOverflow.c -o .\ARM_GCC_441\Debug\isr_CICOverflow.o
arm-none-eabi-gcc.exe -I. -Wno-main -I./Generated_Source/PSoC5 -mcpu=cortex-m3 -mthumb -Wall -g -Wa,-alh=.\ARM_GCC_441\Debug\PDM_CIC.lst -ffunction-sections -c .\Generated_Source\PSoC5\PDM_CIC.c -o .\ARM_GCC_441\Debug\PDM_CIC.o
arm-none-eabi-gcc.exe -I. -Wno-main -I./Generated_Source/PSoC5 -mcpu=cortex-m3 -mthumb -Wall -g -Wa,-alh=.\ARM_GCC_441\Debug\PDM_CIC_DMA_CombD0Update_R_dma.lst -ffunction-sections -c .\Generated_Source\PSoC5\PDM_CIC_DMA_CombD0Update_R_dma.c -o .\ARM_GCC_441\Debug\PDM_CIC_DMA_CombD0Update_R_dma.o
arm-none-eabi-gcc.exe -I. -Wno-main -I./Generated_Source/PSoC5 -mcpu=cortex-m3 -mthumb -Wall -g -Wa,-alh=.\ARM_GCC_441\Debug\PDM_CIC_DMA_CombD0Update_L_dma.lst -ffunction-sections -c .\Generated_Source\PSoC5\PDM_CIC_DMA_CombD0Update_L_dma.c -o .\ARM_GCC_441\Debug\PDM_CIC_DMA_CombD0Update_L_dma.o
arm-none-eabi-gcc.exe -I. -Wno-main -I./Generated_Source/PSoC5 -mcpu=cortex-m3 -mthumb -Wall -g -Wa,-alh=.\ARM_GCC_441\Debug\PDM_CIC_Int_Ctrl_Reg.lst -ffunction-sections -c .\Generated_Source\PSoC5\PDM_CIC_Int_Ctrl_Reg.c -o .\ARM_GCC_441\Debug\PDM_CIC_Int_Ctrl_Reg.o
arm-none-eabi-gcc.exe -I. -Wno-main -I./Generated_Source/PSoC5 -mcpu=cortex-m3 -mthumb -Wall -g -Wa,-alh=.\ARM_GCC_441\Debug\PDM_CIC_Status_Reg.lst -ffunction-sections -c .\Generated_Source\PSoC5\PDM_CIC_Status_Reg.c -o .\ARM_GCC_441\Debug\PDM_CIC_Status_Reg.o
arm-none-eabi-gcc.exe -I. -Wno-main -I./Generated_Source/PSoC5 -mcpu=cortex-m3 -mthumb -Wall -g -Wa,-alh=.\ARM_GCC_441\Debug\PDM_CIC_DMA_IntOut_L_dma.lst -ffunction-sections -c .\Generated_Source\PSoC5\PDM_CIC_DMA_IntOut_L_dma.c -o .\ARM_GCC_441\Debug\PDM_CIC_DMA_IntOut_L_dma.o
arm-none-eabi-gcc.exe -I. -Wno-main -I./Generated_Source/PSoC5 -mcpu=cortex-m3 -mthumb -Wall -g -Wa,-alh=.\ARM_GCC_441\Debug\PDM_CIC_DMA_IntOut_R_dma.lst -ffunction-sections -c .\Generated_Source\PSoC5\PDM_CIC_DMA_IntOut_R_dma.c -o .\ARM_GCC_441\Debug\PDM_CIC_DMA_IntOut_R_dma.o
arm-none-eabi-gcc.exe -I. -Wno-main -I./Generated_Source/PSoC5 -mcpu=cortex-m3 -mthumb -Wall -g -Wa,-alh=.\ARM_GCC_441\Debug\PSOC_PDM_DataIn.lst -ffunction-sections -c .\Generated_Source\PSoC5\PSOC_PDM_DataIn.c -o .\ARM_GCC_441\Debug\PSOC_PDM_DataIn.o
arm-none-eabi-gcc.exe -I. -Wno-main -I./Generated_Source/PSoC5 -mcpu=cortex-m3 -mthumb -Wall -g -Wa,-alh=.\ARM_GCC_441\Debug\PSOC_PDM_ClkOut.lst -ffunction-sections -c .\Generated_Source\PSoC5\PSOC_PDM_ClkOut.c -o .\ARM_GCC_441\Debug\PSOC_PDM_ClkOut.o
arm-none-eabi-gcc.exe -I. -Wno-main -I./Generated_Source/PSoC5 -mcpu=cortex-m3 -mthumb -Wall -g -Wa,-alh=.\ARM_GCC_441\Debug\PSOC_PDM_LR_SEL.lst -ffunction-sections -c .\Generated_Source\PSoC5\PSOC_PDM_LR_SEL.c -o .\ARM_GCC_441\Debug\PSOC_PDM_LR_SEL.o
arm-none-eabi-gcc.exe -I. -Wno-main -I./Generated_Source/PSoC5 -mcpu=cortex-m3 -mthumb -Wall -g -Wa,-alh=.\ARM_GCC_441\Debug\CyScBoostClk.lst -ffunction-sections -c .\Generated_Source\PSoC5\CyScBoostClk.c -o .\ARM_GCC_441\Debug\CyScBoostClk.o
arm-none-eabi-gcc.exe -I. -Wno-main -I./Generated_Source/PSoC5 -mcpu=cortex-m3 -mthumb -Wall -g -Wa,-alh=.\ARM_GCC_441\Debug\cyfitter_cfg.lst -ffunction-sections -c .\Generated_Source\PSoC5\cyfitter_cfg.c -o .\ARM_GCC_441\Debug\cyfitter_cfg.o
arm-none-eabi-gcc.exe -I. -Wno-main -I./Generated_Source/PSoC5 -mcpu=cortex-m3 -mthumb -Wall -g -Wa,-alh=.\ARM_GCC_441\Debug\Timer.lst -ffunction-sections -c .\Timer.c -o .\ARM_GCC_441\Debug\Timer.o
arm-none-eabi-gcc.exe -I. -Wno-main -I./Generated_Source/PSoC5 -mcpu=cortex-m3 -mthumb -Wall -g -Wa,-alh=.\ARM_GCC_441\Debug\USBInterface.lst -ffunction-sections -c .\USBInterface.c -o .\ARM_GCC_441\Debug\USBInterface.o
arm-none-eabi-gcc.exe -I. -Wno-main -I./Generated_Source/PSoC5 -mcpu=cortex-m3 -mthumb -Wall -g -Wa,-alh=.\ARM_GCC_441\Debug\VolumeControl.lst -ffunction-sections -c .\VolumeControl.c -o .\ARM_GCC_441\Debug\VolumeControl.o
arm-none-eabi-gcc.exe -I. -Wno-main -I./Generated_Source/PSoC5 -mcpu=cortex-m3 -mthumb -Wall -g -Wa,-alh=.\ARM_GCC_441\Debug\Application.lst -ffunction-sections -c .\Application.c -o .\ARM_GCC_441\Debug\Application.o
arm-none-eabi-gcc.exe -I. -Wno-main -I./Generated_Source/PSoC5 -mcpu=cortex-m3 -mthumb -Wall -g -Wa,-alh=.\ARM_GCC_441\Debug\AudioControl.lst -ffunction-sections -c .\AudioControl.c -o .\ARM_GCC_441\Debug\AudioControl.o
arm-none-eabi-gcc.exe -I. -Wno-main -I./Generated_Source/PSoC5 -mcpu=cortex-m3 -mthumb -Wall -g -Wa,-alh=.\ARM_GCC_441\Debug\Codec.lst -ffunction-sections -c .\Codec.c -o .\ARM_GCC_441\Debug\Codec.o
arm-none-eabi-gcc.exe -I. -Wno-main -I./Generated_Source/PSoC5 -mcpu=cortex-m3 -mthumb -Wall -g -Wa,-alh=.\ARM_GCC_441\Debug\Interrupts.lst -ffunction-sections -c .\Interrupts.c -o .\ARM_GCC_441\Debug\Interrupts.o
arm-none-eabi-gcc.exe -I. -Wno-main -I./Generated_Source/PSoC5 -mcpu=cortex-m3 -mthumb -Wall -g -Wa,-alh=.\ARM_GCC_441\Debug\main.lst -ffunction-sections -c .\main.c -o .\ARM_GCC_441\Debug\main.o
arm-none-eabi-ar.exe -rs .\ARM_GCC_441\Debug\PioneerKit_P5LP_USB_Audio.a .\ARM_GCC_441\Debug\PSOC_I2S_SCLK.o .\ARM_GCC_441\Debug\I2S.o .\ARM_GCC_441\Debug\I2S_PM.o .\ARM_GCC_441\Debug\AudioClkGen.o .\ARM_GCC_441\Debug\AudioClkGen_Ref.o .\ARM_GCC_441\Debug\PSOC_CODEC_RST.o .\ARM_GCC_441\Debug\TxDMA_dma.o .\ARM_GCC_441\Debug\isr_TxDMADone.o .\ARM_GCC_441\Debug\PSOC_I2S_SDTO.o .\ARM_GCC_441\Debug\isr_InDMADone.o .\ARM_GCC_441\Debug\USBInDMA_dma.o .\ARM_GCC_441\Debug\PSOC_I2S_MCLK.o .\ARM_GCC_441\Debug\USBOutDMA_dma.o .\ARM_GCC_441\Debug\PSOC_SW.o .\ARM_GCC_441\Debug\SystemTickTimer.o .\ARM_GCC_441\Debug\isr_Tick.o .\ARM_GCC_441\Debug\I2C_Master.o .\ARM_GCC_441\Debug\I2C_Master_BOOT.o .\ARM_GCC_441\Debug\I2C_Master_INT.o .\ARM_GCC_441\Debug\I2C_Master_PM.o .\ARM_GCC_441\Debug\I2C_Master_SLAVE.o .\ARM_GCC_441\Debug\I2C_Master_MASTER.o .\ARM_GCC_441\Debug\PSOC_I2S_LRCLK.o .\ARM_GCC_441\Debug\I2S_Tx_DMA_dma.o .\ARM_GCC_441\Debug\ByteSwap_Tx.o .\ARM_GCC_441\Debug\clock_CIC.o .\ARM_GCC_441\Debug\CICOut_L_dma.o .\ARM_GCC_441\Debug\CICOut_R_dma.o .\ARM_GCC_441\Debug\Droop_Filter.o .\ARM_GCC_441\Debug\Droop_Filter_PM.o .\ARM_GCC_441\Debug\Droop_Filter_RAM_Data.o .\ARM_GCC_441\Debug\RxDMA_dma.o .\ARM_GCC_441\Debug\isr_RxDMADone.o .\ARM_GCC_441\Debug\AudioClkGen_Clock_SCK.o .\ARM_GCC_441\Debug\AudioClkGen_Clock_I2S.o .\ARM_GCC_441\Debug\core_cm3.o .\ARM_GCC_441\Debug\CyBootAsmGnu.o .\ARM_GCC_441\Debug\CyDmac.o .\ARM_GCC_441\Debug\CyFlash.o .\ARM_GCC_441\Debug\CyLib.o .\ARM_GCC_441\Debug\cyPm.o .\ARM_GCC_441\Debug\CySpc.o .\ARM_GCC_441\Debug\cyutils.o .\ARM_GCC_441\Debug\SDA.o .\ARM_GCC_441\Debug\SCL.o .\ARM_GCC_441\Debug\PSOC_STATUS_LED.o .\ARM_GCC_441\Debug\USBFS.o .\ARM_GCC_441\Debug\USBFS_audio.o .\ARM_GCC_441\Debug\USBFS_boot.o .\ARM_GCC_441\Debug\USBFS_cdc.o .\ARM_GCC_441\Debug\USBFS_cls.o .\ARM_GCC_441\Debug\USBFS_descr.o .\ARM_GCC_441\Debug\USBFS_drv.o .\ARM_GCC_441\Debug\USBFS_episr.o .\ARM_GCC_441\Debug\USBFS_hid.o .\ARM_GCC_441\Debug\USBFS_pm.o .\ARM_GCC_441\Debug\USBFS_std.o .\ARM_GCC_441\Debug\USBFS_vnd.o .\ARM_GCC_441\Debug\USBFS_midi.o .\ARM_GCC_441\Debug\USBFS_Dm.o .\ARM_GCC_441\Debug\USBFS_Dp.o .\ARM_GCC_441\Debug\USBFS_ep1_dma.o .\ARM_GCC_441\Debug\USBFS_ep2_dma.o .\ARM_GCC_441\Debug\USBFS_ep4_dma.o .\ARM_GCC_441\Debug\USBFS_ep6_dma.o .\ARM_GCC_441\Debug\isr_CICOverflow.o .\ARM_GCC_441\Debug\PDM_CIC.o .\ARM_GCC_441\Debug\PDM_CIC_DMA_CombD0Update_R_dma.o .\ARM_GCC_441\Debug\PDM_CIC_DMA_CombD0Update_L_dma.o .\ARM_GCC_441\Debug\PDM_CIC_Int_Ctrl_Reg.o .\ARM_GCC_441\Debug\PDM_CIC_Status_Reg.o .\ARM_GCC_441\Debug\PDM_CIC_DMA_IntOut_L_dma.o .\ARM_GCC_441\Debug\PDM_CIC_DMA_IntOut_R_dma.o .\ARM_GCC_441\Debug\PSOC_PDM_DataIn.o .\ARM_GCC_441\Debug\PSOC_PDM_ClkOut.o .\ARM_GCC_441\Debug\PSOC_PDM_LR_SEL.o .\ARM_GCC_441\Debug\CyScBoostClk.o .\ARM_GCC_441\Debug\cyfitter_cfg.o
arm-none-eabi-ar.exe: creating .\ARM_GCC_441\Debug\PioneerKit_P5LP_USB_Audio.a
arm-none-eabi-gcc.exe -mthumb -march=armv7-m -mfix-cortex-m3-ldrd -T .\Generated_Source\PSoC5\cm3gcc.ld -g -Wl,-Map,.\ARM_GCC_441\Debug\PioneerKit_P5LP_USB_Audio.map -Wl,--gc-sections -Wl,--start-group -o .\ARM_GCC_441\Debug\PioneerKit_P5LP_USB_Audio.elf .\ARM_GCC_441\Debug\Cm3Start.o .\ARM_GCC_441\Debug\Timer.o .\ARM_GCC_441\Debug\USBInterface.o .\ARM_GCC_441\Debug\VolumeControl.o .\ARM_GCC_441\Debug\Application.o .\ARM_GCC_441\Debug\AudioControl.o .\ARM_GCC_441\Debug\Codec.o .\ARM_GCC_441\Debug\Interrupts.o .\ARM_GCC_441\Debug\main.o .\ARM_GCC_441\Debug\PioneerKit_P5LP_USB_Audio.a "C:\Program Files\Cypress\PSoC Creator\2.2\PSoC Creator\psoc\content\cycomponentlibrary\CyComponentLibrary.cylib\CortexM3\ARM_GCC_441\Debug\CyComponentLibrary.a" -Wl,--end-group
arm-none-eabi-objcopy.exe -O ihex .\ARM_GCC_441\Debug\PioneerKit_P5LP_USB_Audio.elf .\ARM_GCC_441\Debug\PioneerKit_P5LP_USB_Audio.ihx
cyhextool -o .\ARM_GCC_441\Debug\PioneerKit_P5LP_USB_Audio.hex -f .\ARM_GCC_441\Debug\PioneerKit_P5LP_USB_Audio.ihx -prot .\Generated_Source\PSoC5\protect.hex -id 2E109069 -a EEPROM=90200000:800,PROGRAM=00000000:20000,CONFIG=80000000:4000,PROTECT=90400000:80 -meta 0001 -cunv 00004007 -wonv BC90ACAF -ecc .\Generated_Source\PSoC5\config.hex
Flash used: 46224 of 131072 bytes (35.3 %).
SRAM used: 3188 of 32768 bytes (9.7 %).
--------------- Rebuild Succeeded: 11/30/2015 17:07:04 ---------------
