ARM GAS  C:\DOCUME~1\ADMINI~1\LOCALS~1\Temp\ccbNV7Dl.s 			page 1


   1              		.syntax unified
   2              		.cpu cortex-m3
   3              		.fpu softvfp
   4              		.eabi_attribute 20, 1
   5              		.eabi_attribute 21, 1
   6              		.eabi_attribute 23, 3
   7              		.eabi_attribute 24, 1
   8              		.eabi_attribute 25, 1
   9              		.eabi_attribute 26, 1
  10              		.eabi_attribute 30, 6
  11              		.eabi_attribute 18, 4
  12              		.thumb
  13              		.file	"SystemTickTimer.c"
  14              		.section	.debug_abbrev,"",%progbits
  15              	.Ldebug_abbrev0:
  16              		.section	.debug_info,"",%progbits
  17              	.Ldebug_info0:
  18              		.section	.debug_line,"",%progbits
  19              	.Ldebug_line0:
  20 0000 13010000 		.text
  20      02006800 
  20      00000201 
  20      FB0E0D00 
  20      01010101 
  21              	.Ltext0:
  22              		.cfi_sections	.debug_frame
  23              		.global	SystemTickTimer_initVar
  24              		.bss
  25              		.type	SystemTickTimer_initVar, %object
  26              		.size	SystemTickTimer_initVar, 1
  27              	SystemTickTimer_initVar:
  28 0000 00       		.space	1
  29              		.section	.text.SystemTickTimer_Start,"ax",%progbits
  30              		.align	2
  31              		.global	SystemTickTimer_Start
  32              		.thumb
  33              		.thumb_func
  34              		.type	SystemTickTimer_Start, %function
  35              	SystemTickTimer_Start:
  36              	.LFB0:
  37              		.file 1 ".\\Generated_Source\\PSoC5\\SystemTickTimer.c"
   1:.\Generated_Source\PSoC5/SystemTickTimer.c **** /*******************************************************************************
   2:.\Generated_Source\PSoC5/SystemTickTimer.c **** * File Name: SystemTickTimer.c
   3:.\Generated_Source\PSoC5/SystemTickTimer.c **** * Version 3.20
   4:.\Generated_Source\PSoC5/SystemTickTimer.c **** *
   5:.\Generated_Source\PSoC5/SystemTickTimer.c **** * Description:
   6:.\Generated_Source\PSoC5/SystemTickTimer.c **** *  This file provides the source code to API for the Sleep Timer.
   7:.\Generated_Source\PSoC5/SystemTickTimer.c **** *
   8:.\Generated_Source\PSoC5/SystemTickTimer.c **** ********************************************************************************
   9:.\Generated_Source\PSoC5/SystemTickTimer.c **** * Copyright 2008-2012, Cypress Semiconductor Corporation.  All rights reserved.
  10:.\Generated_Source\PSoC5/SystemTickTimer.c **** * You may use this file only in accordance with the license, terms, conditions,
  11:.\Generated_Source\PSoC5/SystemTickTimer.c **** * disclaimers, and limitations in the end user license agreement accompanying
  12:.\Generated_Source\PSoC5/SystemTickTimer.c **** * the software package with which this file was provided.
  13:.\Generated_Source\PSoC5/SystemTickTimer.c **** *******************************************************************************/
  14:.\Generated_Source\PSoC5/SystemTickTimer.c **** 
  15:.\Generated_Source\PSoC5/SystemTickTimer.c **** #include "SystemTickTimer.h"
  16:.\Generated_Source\PSoC5/SystemTickTimer.c **** #include "CyLib.h"
ARM GAS  C:\DOCUME~1\ADMINI~1\LOCALS~1\Temp\ccbNV7Dl.s 			page 2


  17:.\Generated_Source\PSoC5/SystemTickTimer.c **** 
  18:.\Generated_Source\PSoC5/SystemTickTimer.c **** /* Variables were not initialized */
  19:.\Generated_Source\PSoC5/SystemTickTimer.c **** uint8 SystemTickTimer_initVar = 0u;
  20:.\Generated_Source\PSoC5/SystemTickTimer.c **** 
  21:.\Generated_Source\PSoC5/SystemTickTimer.c **** 
  22:.\Generated_Source\PSoC5/SystemTickTimer.c **** /*******************************************************************************
  23:.\Generated_Source\PSoC5/SystemTickTimer.c **** * Function Name: SystemTickTimer_Start
  24:.\Generated_Source\PSoC5/SystemTickTimer.c **** ********************************************************************************
  25:.\Generated_Source\PSoC5/SystemTickTimer.c **** *
  26:.\Generated_Source\PSoC5/SystemTickTimer.c **** * Summary:
  27:.\Generated_Source\PSoC5/SystemTickTimer.c **** *  This is the preferred method to begin component operation. SleepTimer_Start()
  28:.\Generated_Source\PSoC5/SystemTickTimer.c **** *  sets the initVar variable, calls the SleepTimer_Init() function, and then
  29:.\Generated_Source\PSoC5/SystemTickTimer.c **** *  calls the SleepTimer_Enable() function. It enables the 1-kHz ILO clock and
  30:.\Generated_Source\PSoC5/SystemTickTimer.c **** *  leaves it enabled after the Sleep Timer component is stopped.
  31:.\Generated_Source\PSoC5/SystemTickTimer.c **** *
  32:.\Generated_Source\PSoC5/SystemTickTimer.c **** * Parameters:
  33:.\Generated_Source\PSoC5/SystemTickTimer.c **** *  None
  34:.\Generated_Source\PSoC5/SystemTickTimer.c **** *
  35:.\Generated_Source\PSoC5/SystemTickTimer.c **** * Return:
  36:.\Generated_Source\PSoC5/SystemTickTimer.c **** *  None
  37:.\Generated_Source\PSoC5/SystemTickTimer.c **** *
  38:.\Generated_Source\PSoC5/SystemTickTimer.c **** * Global variables:
  39:.\Generated_Source\PSoC5/SystemTickTimer.c **** *  The SystemTickTimer_initVar variable is used to indicate initial
  40:.\Generated_Source\PSoC5/SystemTickTimer.c **** *  configuration of this component.  The variable is initialized to zero and
  41:.\Generated_Source\PSoC5/SystemTickTimer.c **** *  set to 1 the first time SystemTickTimer_Start() is called. This allows for
  42:.\Generated_Source\PSoC5/SystemTickTimer.c **** *  component initialization without re-initialization in all subsequent calls
  43:.\Generated_Source\PSoC5/SystemTickTimer.c **** *  to the SystemTickTimer_Start() routine.
  44:.\Generated_Source\PSoC5/SystemTickTimer.c **** *
  45:.\Generated_Source\PSoC5/SystemTickTimer.c **** * Reentrant:
  46:.\Generated_Source\PSoC5/SystemTickTimer.c **** *  No
  47:.\Generated_Source\PSoC5/SystemTickTimer.c **** *
  48:.\Generated_Source\PSoC5/SystemTickTimer.c **** * Side Effects:
  49:.\Generated_Source\PSoC5/SystemTickTimer.c **** *  If the initVar variable is already set, this function only calls the
  50:.\Generated_Source\PSoC5/SystemTickTimer.c **** *  SleepTimer_Enable() function.
  51:.\Generated_Source\PSoC5/SystemTickTimer.c **** *
  52:.\Generated_Source\PSoC5/SystemTickTimer.c **** *******************************************************************************/
  53:.\Generated_Source\PSoC5/SystemTickTimer.c **** void SystemTickTimer_Start(void) 
  54:.\Generated_Source\PSoC5/SystemTickTimer.c **** {
  38              		.loc 1 54 0
  39              		.cfi_startproc
  40              		@ args = 0, pretend = 0, frame = 0
  41              		@ frame_needed = 1, uses_anonymous_args = 0
  42 0000 80B5     		push	{r7, lr}
  43              	.LCFI0:
  44              		.cfi_def_cfa_offset 8
  45 0002 00AF     		add	r7, sp, #0
  46              		.cfi_offset 14, -4
  47              		.cfi_offset 7, -8
  48              	.LCFI1:
  49              		.cfi_def_cfa_register 7
  55:.\Generated_Source\PSoC5/SystemTickTimer.c ****     /* Execute once in normal flow */
  56:.\Generated_Source\PSoC5/SystemTickTimer.c ****     if (0u == SystemTickTimer_initVar)
  50              		.loc 1 56 0
  51 0004 40F20003 		movw	r3, #:lower16:SystemTickTimer_initVar
  52 0008 C0F20003 		movt	r3, #:upper16:SystemTickTimer_initVar
  53 000c 1B78     		ldrb	r3, [r3, #0]	@ zero_extendqisi2
  54 000e 002B     		cmp	r3, #0
ARM GAS  C:\DOCUME~1\ADMINI~1\LOCALS~1\Temp\ccbNV7Dl.s 			page 3


  55 0010 08D1     		bne	.L2
  57:.\Generated_Source\PSoC5/SystemTickTimer.c ****     {
  58:.\Generated_Source\PSoC5/SystemTickTimer.c ****         SystemTickTimer_Init();
  56              		.loc 1 58 0
  57 0012 FFF7FEFF 		bl	SystemTickTimer_Init
  59:.\Generated_Source\PSoC5/SystemTickTimer.c ****         SystemTickTimer_initVar = 1u;
  58              		.loc 1 59 0
  59 0016 40F20003 		movw	r3, #:lower16:SystemTickTimer_initVar
  60 001a C0F20003 		movt	r3, #:upper16:SystemTickTimer_initVar
  61 001e 4FF00102 		mov	r2, #1
  62 0022 1A70     		strb	r2, [r3, #0]
  63              	.L2:
  60:.\Generated_Source\PSoC5/SystemTickTimer.c ****     }
  61:.\Generated_Source\PSoC5/SystemTickTimer.c **** 
  62:.\Generated_Source\PSoC5/SystemTickTimer.c ****     /* Enables the component operation */
  63:.\Generated_Source\PSoC5/SystemTickTimer.c ****     SystemTickTimer_Enable();
  64              		.loc 1 63 0
  65 0024 FFF7FEFF 		bl	SystemTickTimer_Enable
  64:.\Generated_Source\PSoC5/SystemTickTimer.c **** }
  66              		.loc 1 64 0
  67 0028 80BD     		pop	{r7, pc}
  68              		.cfi_endproc
  69              	.LFE0:
  70              		.size	SystemTickTimer_Start, .-SystemTickTimer_Start
  71 002a 00BF     		.section	.text.SystemTickTimer_Init,"ax",%progbits
  72              		.align	2
  73              		.global	SystemTickTimer_Init
  74              		.thumb
  75              		.thumb_func
  76              		.type	SystemTickTimer_Init, %function
  77              	SystemTickTimer_Init:
  78              	.LFB1:
  65:.\Generated_Source\PSoC5/SystemTickTimer.c **** 
  66:.\Generated_Source\PSoC5/SystemTickTimer.c **** 
  67:.\Generated_Source\PSoC5/SystemTickTimer.c **** /*******************************************************************************
  68:.\Generated_Source\PSoC5/SystemTickTimer.c **** * Function Name: SystemTickTimer_Init
  69:.\Generated_Source\PSoC5/SystemTickTimer.c **** ********************************************************************************
  70:.\Generated_Source\PSoC5/SystemTickTimer.c **** *
  71:.\Generated_Source\PSoC5/SystemTickTimer.c **** * Summary:
  72:.\Generated_Source\PSoC5/SystemTickTimer.c **** *  This function initializes or restores the component according to the
  73:.\Generated_Source\PSoC5/SystemTickTimer.c **** *  customizer Configure dialog settings. It is not necessary to call
  74:.\Generated_Source\PSoC5/SystemTickTimer.c **** *  SleepTimer_Init() because the SleepTimer_Start() API calls this function and
  75:.\Generated_Source\PSoC5/SystemTickTimer.c **** *  is the preferred method to begin component operation. Sets CTW interval
  76:.\Generated_Source\PSoC5/SystemTickTimer.c **** *  period and enables or disables CTW interrupt (according to the customizer's
  77:.\Generated_Source\PSoC5/SystemTickTimer.c **** *  settings).
  78:.\Generated_Source\PSoC5/SystemTickTimer.c **** *
  79:.\Generated_Source\PSoC5/SystemTickTimer.c **** * Parameters:
  80:.\Generated_Source\PSoC5/SystemTickTimer.c **** *  None
  81:.\Generated_Source\PSoC5/SystemTickTimer.c **** *
  82:.\Generated_Source\PSoC5/SystemTickTimer.c **** * Return:
  83:.\Generated_Source\PSoC5/SystemTickTimer.c **** *  None
  84:.\Generated_Source\PSoC5/SystemTickTimer.c **** *
  85:.\Generated_Source\PSoC5/SystemTickTimer.c **** *******************************************************************************/
  86:.\Generated_Source\PSoC5/SystemTickTimer.c **** void SystemTickTimer_Init(void)  
  87:.\Generated_Source\PSoC5/SystemTickTimer.c **** {
  79              		.loc 1 87 0
  80              		.cfi_startproc
ARM GAS  C:\DOCUME~1\ADMINI~1\LOCALS~1\Temp\ccbNV7Dl.s 			page 4


  81              		@ args = 0, pretend = 0, frame = 0
  82              		@ frame_needed = 1, uses_anonymous_args = 0
  83 0000 80B5     		push	{r7, lr}
  84              	.LCFI2:
  85              		.cfi_def_cfa_offset 8
  86 0002 00AF     		add	r7, sp, #0
  87              		.cfi_offset 14, -4
  88              		.cfi_offset 7, -8
  89              	.LCFI3:
  90              		.cfi_def_cfa_register 7
  88:.\Generated_Source\PSoC5/SystemTickTimer.c ****     /* Sets default (passed from customizer) interval */
  89:.\Generated_Source\PSoC5/SystemTickTimer.c ****     SystemTickTimer_SetInterval(SystemTickTimer_INTERVAL);
  91              		.loc 1 89 0
  92 0004 4FF00300 		mov	r0, #3
  93 0008 FFF7FEFF 		bl	SystemTickTimer_SetInterval
  90:.\Generated_Source\PSoC5/SystemTickTimer.c **** 
  91:.\Generated_Source\PSoC5/SystemTickTimer.c ****     /* Check if user sets to issue an interrupt in customizer */
  92:.\Generated_Source\PSoC5/SystemTickTimer.c ****     #if (1u == SystemTickTimer_ENABLE_INTERRUPT)
  93:.\Generated_Source\PSoC5/SystemTickTimer.c ****     {
  94:.\Generated_Source\PSoC5/SystemTickTimer.c ****         /* Enable interrupt */
  95:.\Generated_Source\PSoC5/SystemTickTimer.c ****         SystemTickTimer_EnableInt();
  94              		.loc 1 95 0
  95 000c FFF7FEFF 		bl	SystemTickTimer_EnableInt
  96:.\Generated_Source\PSoC5/SystemTickTimer.c ****     }
  97:.\Generated_Source\PSoC5/SystemTickTimer.c ****     #else /* interrupt should be disabled */
  98:.\Generated_Source\PSoC5/SystemTickTimer.c ****     {
  99:.\Generated_Source\PSoC5/SystemTickTimer.c ****         /* Disable interrupt */
 100:.\Generated_Source\PSoC5/SystemTickTimer.c ****         SystemTickTimer_DisableInt();
 101:.\Generated_Source\PSoC5/SystemTickTimer.c ****     }   /* Interrupt is disabled  */
 102:.\Generated_Source\PSoC5/SystemTickTimer.c ****     #endif  /* (1u == SystemTickTimer_ENABLE_INTERRUPT) */
 103:.\Generated_Source\PSoC5/SystemTickTimer.c **** }
  96              		.loc 1 103 0
  97 0010 80BD     		pop	{r7, pc}
  98              		.cfi_endproc
  99              	.LFE1:
 100              		.size	SystemTickTimer_Init, .-SystemTickTimer_Init
 101 0012 00BF     		.section	.text.SystemTickTimer_Enable,"ax",%progbits
 102              		.align	2
 103              		.global	SystemTickTimer_Enable
 104              		.thumb
 105              		.thumb_func
 106              		.type	SystemTickTimer_Enable, %function
 107              	SystemTickTimer_Enable:
 108              	.LFB2:
 104:.\Generated_Source\PSoC5/SystemTickTimer.c **** 
 105:.\Generated_Source\PSoC5/SystemTickTimer.c **** 
 106:.\Generated_Source\PSoC5/SystemTickTimer.c **** /*******************************************************************************
 107:.\Generated_Source\PSoC5/SystemTickTimer.c **** * Function Name: SystemTickTimer_Enable
 108:.\Generated_Source\PSoC5/SystemTickTimer.c **** ********************************************************************************
 109:.\Generated_Source\PSoC5/SystemTickTimer.c **** * Summary:
 110:.\Generated_Source\PSoC5/SystemTickTimer.c **** *  This function activates the 1-kHz ILO and the CTW and begins component
 111:.\Generated_Source\PSoC5/SystemTickTimer.c **** *  operation. It is not necessary to call SleepTimer_Enable() because the
 112:.\Generated_Source\PSoC5/SystemTickTimer.c **** *  SleepTimer_Start() API calls this function, which is the preferred method to
 113:.\Generated_Source\PSoC5/SystemTickTimer.c **** *  begin component operation.
 114:.\Generated_Source\PSoC5/SystemTickTimer.c **** *
 115:.\Generated_Source\PSoC5/SystemTickTimer.c **** * Parameters:
 116:.\Generated_Source\PSoC5/SystemTickTimer.c **** *  None
ARM GAS  C:\DOCUME~1\ADMINI~1\LOCALS~1\Temp\ccbNV7Dl.s 			page 5


 117:.\Generated_Source\PSoC5/SystemTickTimer.c **** *
 118:.\Generated_Source\PSoC5/SystemTickTimer.c **** * Return:
 119:.\Generated_Source\PSoC5/SystemTickTimer.c **** *  None
 120:.\Generated_Source\PSoC5/SystemTickTimer.c **** *
 121:.\Generated_Source\PSoC5/SystemTickTimer.c **** * Side Effects:
 122:.\Generated_Source\PSoC5/SystemTickTimer.c **** *  Enables 1 kHz ILO clocks and leaves it enabled after Sleep Time component
 123:.\Generated_Source\PSoC5/SystemTickTimer.c **** *  is stopped.
 124:.\Generated_Source\PSoC5/SystemTickTimer.c **** *
 125:.\Generated_Source\PSoC5/SystemTickTimer.c **** *******************************************************************************/
 126:.\Generated_Source\PSoC5/SystemTickTimer.c **** void SystemTickTimer_Enable(void) 
 127:.\Generated_Source\PSoC5/SystemTickTimer.c **** {
 109              		.loc 1 127 0
 110              		.cfi_startproc
 111              		@ args = 0, pretend = 0, frame = 8
 112              		@ frame_needed = 1, uses_anonymous_args = 0
 113 0000 80B5     		push	{r7, lr}
 114              	.LCFI4:
 115              		.cfi_def_cfa_offset 8
 116 0002 82B0     		sub	sp, sp, #8
 117              	.LCFI5:
 118              		.cfi_def_cfa_offset 16
 119 0004 00AF     		add	r7, sp, #0
 120              		.cfi_offset 14, -4
 121              		.cfi_offset 7, -8
 122              	.LCFI6:
 123              		.cfi_def_cfa_register 7
 128:.\Generated_Source\PSoC5/SystemTickTimer.c ****     uint8 interruptState;
 129:.\Generated_Source\PSoC5/SystemTickTimer.c **** 
 130:.\Generated_Source\PSoC5/SystemTickTimer.c ****     /* If 1kHz ILO is disabled */
 131:.\Generated_Source\PSoC5/SystemTickTimer.c ****     if(0u == (SystemTickTimer_ILO_CFG_REG & SystemTickTimer_ILO_1KHZ_EN))
 124              		.loc 1 131 0
 125 0006 44F20033 		movw	r3, #:lower16:1073758976
 126 000a C4F20003 		movt	r3, #:upper16:1073758976
 127 000e 1B78     		ldrb	r3, [r3, #0]
 128 0010 DBB2     		uxtb	r3, r3
 129 0012 03F00203 		and	r3, r3, #2
 130 0016 002B     		cmp	r3, #0
 131 0018 24D1     		bne	.L7
 132:.\Generated_Source\PSoC5/SystemTickTimer.c ****     {
 133:.\Generated_Source\PSoC5/SystemTickTimer.c ****         /* Enter critical section */
 134:.\Generated_Source\PSoC5/SystemTickTimer.c ****         interruptState = CyEnterCriticalSection();
 132              		.loc 1 134 0
 133 001a FFF7FEFF 		bl	CyEnterCriticalSection
 134 001e 0346     		mov	r3, r0
 135 0020 FB71     		strb	r3, [r7, #7]
 135:.\Generated_Source\PSoC5/SystemTickTimer.c **** 
 136:.\Generated_Source\PSoC5/SystemTickTimer.c ****         /* Enable 1kHz ILO */
 137:.\Generated_Source\PSoC5/SystemTickTimer.c ****         SystemTickTimer_ILO_CFG_REG |=SystemTickTimer_ILO_1KHZ_EN;
 136              		.loc 1 137 0
 137 0022 44F20033 		movw	r3, #:lower16:1073758976
 138 0026 C4F20003 		movt	r3, #:upper16:1073758976
 139 002a 44F20032 		movw	r2, #:lower16:1073758976
 140 002e C4F20002 		movt	r2, #:upper16:1073758976
 141 0032 1278     		ldrb	r2, [r2, #0]
 142 0034 D2B2     		uxtb	r2, r2
 143 0036 42F00202 		orr	r2, r2, #2
 144 003a D2B2     		uxtb	r2, r2
ARM GAS  C:\DOCUME~1\ADMINI~1\LOCALS~1\Temp\ccbNV7Dl.s 			page 6


 145 003c 1A70     		strb	r2, [r3, #0]
 138:.\Generated_Source\PSoC5/SystemTickTimer.c **** 
 139:.\Generated_Source\PSoC5/SystemTickTimer.c ****         /* Enable the CTW counter */
 140:.\Generated_Source\PSoC5/SystemTickTimer.c ****         SystemTickTimer_TW_CFG_REG |= SystemTickTimer_CTW_EN;
 146              		.loc 1 140 0
 147 003e 44F28233 		movw	r3, #:lower16:1073759106
 148 0042 C4F20003 		movt	r3, #:upper16:1073759106
 149 0046 44F28232 		movw	r2, #:lower16:1073759106
 150 004a C4F20002 		movt	r2, #:upper16:1073759106
 151 004e 1278     		ldrb	r2, [r2, #0]
 152 0050 D2B2     		uxtb	r2, r2
 153 0052 42F00402 		orr	r2, r2, #4
 154 0056 D2B2     		uxtb	r2, r2
 155 0058 1A70     		strb	r2, [r3, #0]
 141:.\Generated_Source\PSoC5/SystemTickTimer.c **** 
 142:.\Generated_Source\PSoC5/SystemTickTimer.c ****         /* Exit critical section */
 143:.\Generated_Source\PSoC5/SystemTickTimer.c ****         CyExitCriticalSection(interruptState);
 156              		.loc 1 143 0
 157 005a FB79     		ldrb	r3, [r7, #7]	@ zero_extendqisi2
 158 005c 1846     		mov	r0, r3
 159 005e FFF7FEFF 		bl	CyExitCriticalSection
 160 0062 15E0     		b	.L9
 161              	.L7:
 144:.\Generated_Source\PSoC5/SystemTickTimer.c ****     }
 145:.\Generated_Source\PSoC5/SystemTickTimer.c ****     else /* If 1kHz ILO is enabled - enable CTW counter */
 146:.\Generated_Source\PSoC5/SystemTickTimer.c ****     {
 147:.\Generated_Source\PSoC5/SystemTickTimer.c ****         /* Enter critical section */
 148:.\Generated_Source\PSoC5/SystemTickTimer.c ****         interruptState = CyEnterCriticalSection();
 162              		.loc 1 148 0
 163 0064 FFF7FEFF 		bl	CyEnterCriticalSection
 164 0068 0346     		mov	r3, r0
 165 006a FB71     		strb	r3, [r7, #7]
 149:.\Generated_Source\PSoC5/SystemTickTimer.c **** 
 150:.\Generated_Source\PSoC5/SystemTickTimer.c ****         /* Enable the CTW counter */
 151:.\Generated_Source\PSoC5/SystemTickTimer.c ****         SystemTickTimer_TW_CFG_REG |= SystemTickTimer_CTW_EN;
 166              		.loc 1 151 0
 167 006c 44F28233 		movw	r3, #:lower16:1073759106
 168 0070 C4F20003 		movt	r3, #:upper16:1073759106
 169 0074 44F28232 		movw	r2, #:lower16:1073759106
 170 0078 C4F20002 		movt	r2, #:upper16:1073759106
 171 007c 1278     		ldrb	r2, [r2, #0]
 172 007e D2B2     		uxtb	r2, r2
 173 0080 42F00402 		orr	r2, r2, #4
 174 0084 D2B2     		uxtb	r2, r2
 175 0086 1A70     		strb	r2, [r3, #0]
 152:.\Generated_Source\PSoC5/SystemTickTimer.c **** 
 153:.\Generated_Source\PSoC5/SystemTickTimer.c ****         /* Exit critical section */
 154:.\Generated_Source\PSoC5/SystemTickTimer.c ****         CyExitCriticalSection(interruptState);
 176              		.loc 1 154 0
 177 0088 FB79     		ldrb	r3, [r7, #7]	@ zero_extendqisi2
 178 008a 1846     		mov	r0, r3
 179 008c FFF7FEFF 		bl	CyExitCriticalSection
 180              	.L9:
 155:.\Generated_Source\PSoC5/SystemTickTimer.c ****     }
 156:.\Generated_Source\PSoC5/SystemTickTimer.c **** }
 181              		.loc 1 156 0
 182 0090 07F10807 		add	r7, r7, #8
ARM GAS  C:\DOCUME~1\ADMINI~1\LOCALS~1\Temp\ccbNV7Dl.s 			page 7


 183 0094 BD46     		mov	sp, r7
 184 0096 80BD     		pop	{r7, pc}
 185              		.cfi_endproc
 186              	.LFE2:
 187              		.size	SystemTickTimer_Enable, .-SystemTickTimer_Enable
 188              		.section	.text.SystemTickTimer_Stop,"ax",%progbits
 189              		.align	2
 190              		.global	SystemTickTimer_Stop
 191              		.thumb
 192              		.thumb_func
 193              		.type	SystemTickTimer_Stop, %function
 194              	SystemTickTimer_Stop:
 195              	.LFB3:
 157:.\Generated_Source\PSoC5/SystemTickTimer.c **** 
 158:.\Generated_Source\PSoC5/SystemTickTimer.c **** 
 159:.\Generated_Source\PSoC5/SystemTickTimer.c **** /*******************************************************************************
 160:.\Generated_Source\PSoC5/SystemTickTimer.c **** * Function Name: SystemTickTimer_Stop
 161:.\Generated_Source\PSoC5/SystemTickTimer.c **** ********************************************************************************
 162:.\Generated_Source\PSoC5/SystemTickTimer.c **** *
 163:.\Generated_Source\PSoC5/SystemTickTimer.c **** * Summary:
 164:.\Generated_Source\PSoC5/SystemTickTimer.c **** *  This function stops Sleep Timer operation and disables wakeup and interrupt.
 165:.\Generated_Source\PSoC5/SystemTickTimer.c **** *  The device does not wake up when the CTW counter reaches terminal count, and
 166:.\Generated_Source\PSoC5/SystemTickTimer.c **** *  an interrupt is not issued.
 167:.\Generated_Source\PSoC5/SystemTickTimer.c **** *
 168:.\Generated_Source\PSoC5/SystemTickTimer.c **** * Parameters:
 169:.\Generated_Source\PSoC5/SystemTickTimer.c **** *  None
 170:.\Generated_Source\PSoC5/SystemTickTimer.c **** *
 171:.\Generated_Source\PSoC5/SystemTickTimer.c **** * Return:
 172:.\Generated_Source\PSoC5/SystemTickTimer.c **** *  None
 173:.\Generated_Source\PSoC5/SystemTickTimer.c **** *
 174:.\Generated_Source\PSoC5/SystemTickTimer.c **** * Side Effects:
 175:.\Generated_Source\PSoC5/SystemTickTimer.c **** *  Leaves the 1 kHz ILO clock enabled after Sleep Time component is stopped.
 176:.\Generated_Source\PSoC5/SystemTickTimer.c **** *
 177:.\Generated_Source\PSoC5/SystemTickTimer.c **** *******************************************************************************/
 178:.\Generated_Source\PSoC5/SystemTickTimer.c **** void SystemTickTimer_Stop(void) 
 179:.\Generated_Source\PSoC5/SystemTickTimer.c **** {
 196              		.loc 1 179 0
 197              		.cfi_startproc
 198              		@ args = 0, pretend = 0, frame = 8
 199              		@ frame_needed = 1, uses_anonymous_args = 0
 200 0000 80B5     		push	{r7, lr}
 201              	.LCFI7:
 202              		.cfi_def_cfa_offset 8
 203 0002 82B0     		sub	sp, sp, #8
 204              	.LCFI8:
 205              		.cfi_def_cfa_offset 16
 206 0004 00AF     		add	r7, sp, #0
 207              		.cfi_offset 14, -4
 208              		.cfi_offset 7, -8
 209              	.LCFI9:
 210              		.cfi_def_cfa_register 7
 180:.\Generated_Source\PSoC5/SystemTickTimer.c ****     uint8 interruptState;
 181:.\Generated_Source\PSoC5/SystemTickTimer.c **** 
 182:.\Generated_Source\PSoC5/SystemTickTimer.c ****     /* Enter critical section */
 183:.\Generated_Source\PSoC5/SystemTickTimer.c ****     interruptState = CyEnterCriticalSection();
 211              		.loc 1 183 0
 212 0006 FFF7FEFF 		bl	CyEnterCriticalSection
ARM GAS  C:\DOCUME~1\ADMINI~1\LOCALS~1\Temp\ccbNV7Dl.s 			page 8


 213 000a 0346     		mov	r3, r0
 214 000c FB71     		strb	r3, [r7, #7]
 184:.\Generated_Source\PSoC5/SystemTickTimer.c **** 
 185:.\Generated_Source\PSoC5/SystemTickTimer.c ****     /* Disable CTW counter */
 186:.\Generated_Source\PSoC5/SystemTickTimer.c ****     SystemTickTimer_TW_CFG_REG &= (uint8)(~SystemTickTimer_CTW_EN);
 215              		.loc 1 186 0
 216 000e 44F28233 		movw	r3, #:lower16:1073759106
 217 0012 C4F20003 		movt	r3, #:upper16:1073759106
 218 0016 44F28232 		movw	r2, #:lower16:1073759106
 219 001a C4F20002 		movt	r2, #:upper16:1073759106
 220 001e 1278     		ldrb	r2, [r2, #0]
 221 0020 D2B2     		uxtb	r2, r2
 222 0022 02F0FB02 		and	r2, r2, #251
 223 0026 1A70     		strb	r2, [r3, #0]
 187:.\Generated_Source\PSoC5/SystemTickTimer.c **** 
 188:.\Generated_Source\PSoC5/SystemTickTimer.c ****     /* Exit critical section */
 189:.\Generated_Source\PSoC5/SystemTickTimer.c ****     CyExitCriticalSection(interruptState);
 224              		.loc 1 189 0
 225 0028 FB79     		ldrb	r3, [r7, #7]	@ zero_extendqisi2
 226 002a 1846     		mov	r0, r3
 227 002c FFF7FEFF 		bl	CyExitCriticalSection
 190:.\Generated_Source\PSoC5/SystemTickTimer.c **** }
 228              		.loc 1 190 0
 229 0030 07F10807 		add	r7, r7, #8
 230 0034 BD46     		mov	sp, r7
 231 0036 80BD     		pop	{r7, pc}
 232              		.cfi_endproc
 233              	.LFE3:
 234              		.size	SystemTickTimer_Stop, .-SystemTickTimer_Stop
 235              		.section	.text.SystemTickTimer_EnableInt,"ax",%progbits
 236              		.align	2
 237              		.global	SystemTickTimer_EnableInt
 238              		.thumb
 239              		.thumb_func
 240              		.type	SystemTickTimer_EnableInt, %function
 241              	SystemTickTimer_EnableInt:
 242              	.LFB4:
 191:.\Generated_Source\PSoC5/SystemTickTimer.c **** 
 192:.\Generated_Source\PSoC5/SystemTickTimer.c **** 
 193:.\Generated_Source\PSoC5/SystemTickTimer.c **** /*******************************************************************************
 194:.\Generated_Source\PSoC5/SystemTickTimer.c **** * Function Name: SystemTickTimer_EnableInt
 195:.\Generated_Source\PSoC5/SystemTickTimer.c **** ********************************************************************************
 196:.\Generated_Source\PSoC5/SystemTickTimer.c **** *
 197:.\Generated_Source\PSoC5/SystemTickTimer.c **** * Summary:
 198:.\Generated_Source\PSoC5/SystemTickTimer.c **** *  This function enables the CTW terminal count interrupt.
 199:.\Generated_Source\PSoC5/SystemTickTimer.c **** *
 200:.\Generated_Source\PSoC5/SystemTickTimer.c **** * Parameters:
 201:.\Generated_Source\PSoC5/SystemTickTimer.c **** *  None
 202:.\Generated_Source\PSoC5/SystemTickTimer.c **** *
 203:.\Generated_Source\PSoC5/SystemTickTimer.c **** * Return:
 204:.\Generated_Source\PSoC5/SystemTickTimer.c **** *  None
 205:.\Generated_Source\PSoC5/SystemTickTimer.c **** *
 206:.\Generated_Source\PSoC5/SystemTickTimer.c **** *******************************************************************************/
 207:.\Generated_Source\PSoC5/SystemTickTimer.c **** void SystemTickTimer_EnableInt(void) 
 208:.\Generated_Source\PSoC5/SystemTickTimer.c **** {
 243              		.loc 1 208 0
 244              		.cfi_startproc
ARM GAS  C:\DOCUME~1\ADMINI~1\LOCALS~1\Temp\ccbNV7Dl.s 			page 9


 245              		@ args = 0, pretend = 0, frame = 8
 246              		@ frame_needed = 1, uses_anonymous_args = 0
 247 0000 80B5     		push	{r7, lr}
 248              	.LCFI10:
 249              		.cfi_def_cfa_offset 8
 250 0002 82B0     		sub	sp, sp, #8
 251              	.LCFI11:
 252              		.cfi_def_cfa_offset 16
 253 0004 00AF     		add	r7, sp, #0
 254              		.cfi_offset 14, -4
 255              		.cfi_offset 7, -8
 256              	.LCFI12:
 257              		.cfi_def_cfa_register 7
 209:.\Generated_Source\PSoC5/SystemTickTimer.c ****     uint8 interruptState;
 210:.\Generated_Source\PSoC5/SystemTickTimer.c **** 
 211:.\Generated_Source\PSoC5/SystemTickTimer.c ****     /* Enter critical section */
 212:.\Generated_Source\PSoC5/SystemTickTimer.c ****     interruptState = CyEnterCriticalSection();
 258              		.loc 1 212 0
 259 0006 FFF7FEFF 		bl	CyEnterCriticalSection
 260 000a 0346     		mov	r3, r0
 261 000c FB71     		strb	r3, [r7, #7]
 213:.\Generated_Source\PSoC5/SystemTickTimer.c **** 
 214:.\Generated_Source\PSoC5/SystemTickTimer.c ****      /* Enable interrupt on wake up */
 215:.\Generated_Source\PSoC5/SystemTickTimer.c ****     SystemTickTimer_TW_CFG_REG |= SystemTickTimer_CTW_IE;
 262              		.loc 1 215 0
 263 000e 44F28233 		movw	r3, #:lower16:1073759106
 264 0012 C4F20003 		movt	r3, #:upper16:1073759106
 265 0016 44F28232 		movw	r2, #:lower16:1073759106
 266 001a C4F20002 		movt	r2, #:upper16:1073759106
 267 001e 1278     		ldrb	r2, [r2, #0]
 268 0020 D2B2     		uxtb	r2, r2
 269 0022 42F00802 		orr	r2, r2, #8
 270 0026 D2B2     		uxtb	r2, r2
 271 0028 1A70     		strb	r2, [r3, #0]
 216:.\Generated_Source\PSoC5/SystemTickTimer.c **** 
 217:.\Generated_Source\PSoC5/SystemTickTimer.c ****     /* Exit critical section */
 218:.\Generated_Source\PSoC5/SystemTickTimer.c ****     CyExitCriticalSection(interruptState);
 272              		.loc 1 218 0
 273 002a FB79     		ldrb	r3, [r7, #7]	@ zero_extendqisi2
 274 002c 1846     		mov	r0, r3
 275 002e FFF7FEFF 		bl	CyExitCriticalSection
 219:.\Generated_Source\PSoC5/SystemTickTimer.c **** }
 276              		.loc 1 219 0
 277 0032 07F10807 		add	r7, r7, #8
 278 0036 BD46     		mov	sp, r7
 279 0038 80BD     		pop	{r7, pc}
 280              		.cfi_endproc
 281              	.LFE4:
 282              		.size	SystemTickTimer_EnableInt, .-SystemTickTimer_EnableInt
 283 003a 00BF     		.section	.text.SystemTickTimer_DisableInt,"ax",%progbits
 284              		.align	2
 285              		.global	SystemTickTimer_DisableInt
 286              		.thumb
 287              		.thumb_func
 288              		.type	SystemTickTimer_DisableInt, %function
 289              	SystemTickTimer_DisableInt:
 290              	.LFB5:
ARM GAS  C:\DOCUME~1\ADMINI~1\LOCALS~1\Temp\ccbNV7Dl.s 			page 10


 220:.\Generated_Source\PSoC5/SystemTickTimer.c **** 
 221:.\Generated_Source\PSoC5/SystemTickTimer.c **** 
 222:.\Generated_Source\PSoC5/SystemTickTimer.c **** /*******************************************************************************
 223:.\Generated_Source\PSoC5/SystemTickTimer.c **** * Function Name: SystemTickTimer_DisableInt
 224:.\Generated_Source\PSoC5/SystemTickTimer.c **** ********************************************************************************
 225:.\Generated_Source\PSoC5/SystemTickTimer.c **** *
 226:.\Generated_Source\PSoC5/SystemTickTimer.c **** * Summary:
 227:.\Generated_Source\PSoC5/SystemTickTimer.c **** *  This function disables the CTW terminal count interrupt.
 228:.\Generated_Source\PSoC5/SystemTickTimer.c **** *
 229:.\Generated_Source\PSoC5/SystemTickTimer.c **** * Parameters:
 230:.\Generated_Source\PSoC5/SystemTickTimer.c **** *  None
 231:.\Generated_Source\PSoC5/SystemTickTimer.c **** *
 232:.\Generated_Source\PSoC5/SystemTickTimer.c **** * Return:
 233:.\Generated_Source\PSoC5/SystemTickTimer.c **** *  None
 234:.\Generated_Source\PSoC5/SystemTickTimer.c **** *
 235:.\Generated_Source\PSoC5/SystemTickTimer.c **** *******************************************************************************/
 236:.\Generated_Source\PSoC5/SystemTickTimer.c **** void SystemTickTimer_DisableInt(void) 
 237:.\Generated_Source\PSoC5/SystemTickTimer.c **** {
 291              		.loc 1 237 0
 292              		.cfi_startproc
 293              		@ args = 0, pretend = 0, frame = 8
 294              		@ frame_needed = 1, uses_anonymous_args = 0
 295 0000 80B5     		push	{r7, lr}
 296              	.LCFI13:
 297              		.cfi_def_cfa_offset 8
 298 0002 82B0     		sub	sp, sp, #8
 299              	.LCFI14:
 300              		.cfi_def_cfa_offset 16
 301 0004 00AF     		add	r7, sp, #0
 302              		.cfi_offset 14, -4
 303              		.cfi_offset 7, -8
 304              	.LCFI15:
 305              		.cfi_def_cfa_register 7
 238:.\Generated_Source\PSoC5/SystemTickTimer.c ****     uint8 interruptState;
 239:.\Generated_Source\PSoC5/SystemTickTimer.c **** 
 240:.\Generated_Source\PSoC5/SystemTickTimer.c ****     /* Enter critical section */
 241:.\Generated_Source\PSoC5/SystemTickTimer.c ****     interruptState = CyEnterCriticalSection();
 306              		.loc 1 241 0
 307 0006 FFF7FEFF 		bl	CyEnterCriticalSection
 308 000a 0346     		mov	r3, r0
 309 000c FB71     		strb	r3, [r7, #7]
 242:.\Generated_Source\PSoC5/SystemTickTimer.c **** 
 243:.\Generated_Source\PSoC5/SystemTickTimer.c ****     /* Disable interrupt on wake up */
 244:.\Generated_Source\PSoC5/SystemTickTimer.c ****     SystemTickTimer_TW_CFG_REG &= (uint8)(~SystemTickTimer_CTW_IE);
 310              		.loc 1 244 0
 311 000e 44F28233 		movw	r3, #:lower16:1073759106
 312 0012 C4F20003 		movt	r3, #:upper16:1073759106
 313 0016 44F28232 		movw	r2, #:lower16:1073759106
 314 001a C4F20002 		movt	r2, #:upper16:1073759106
 315 001e 1278     		ldrb	r2, [r2, #0]
 316 0020 D2B2     		uxtb	r2, r2
 317 0022 02F0F702 		and	r2, r2, #247
 318 0026 1A70     		strb	r2, [r3, #0]
 245:.\Generated_Source\PSoC5/SystemTickTimer.c **** 
 246:.\Generated_Source\PSoC5/SystemTickTimer.c ****     /* Exit critical section */
 247:.\Generated_Source\PSoC5/SystemTickTimer.c ****     CyExitCriticalSection(interruptState);
 319              		.loc 1 247 0
ARM GAS  C:\DOCUME~1\ADMINI~1\LOCALS~1\Temp\ccbNV7Dl.s 			page 11


 320 0028 FB79     		ldrb	r3, [r7, #7]	@ zero_extendqisi2
 321 002a 1846     		mov	r0, r3
 322 002c FFF7FEFF 		bl	CyExitCriticalSection
 248:.\Generated_Source\PSoC5/SystemTickTimer.c **** }
 323              		.loc 1 248 0
 324 0030 07F10807 		add	r7, r7, #8
 325 0034 BD46     		mov	sp, r7
 326 0036 80BD     		pop	{r7, pc}
 327              		.cfi_endproc
 328              	.LFE5:
 329              		.size	SystemTickTimer_DisableInt, .-SystemTickTimer_DisableInt
 330              		.section	.text.SystemTickTimer_SetInterval,"ax",%progbits
 331              		.align	2
 332              		.global	SystemTickTimer_SetInterval
 333              		.thumb
 334              		.thumb_func
 335              		.type	SystemTickTimer_SetInterval, %function
 336              	SystemTickTimer_SetInterval:
 337              	.LFB6:
 249:.\Generated_Source\PSoC5/SystemTickTimer.c **** 
 250:.\Generated_Source\PSoC5/SystemTickTimer.c **** 
 251:.\Generated_Source\PSoC5/SystemTickTimer.c **** /*******************************************************************************
 252:.\Generated_Source\PSoC5/SystemTickTimer.c **** * Function Name: SystemTickTimer_SetInterval
 253:.\Generated_Source\PSoC5/SystemTickTimer.c **** ********************************************************************************
 254:.\Generated_Source\PSoC5/SystemTickTimer.c **** *
 255:.\Generated_Source\PSoC5/SystemTickTimer.c **** * Summary:
 256:.\Generated_Source\PSoC5/SystemTickTimer.c **** *  This function sets the CTW interval period. The first interval can range
 257:.\Generated_Source\PSoC5/SystemTickTimer.c **** *  from 1 to (period + 1) milliseconds. Additional intervals occur at the
 258:.\Generated_Source\PSoC5/SystemTickTimer.c **** *  nominal period. You can only change the interval value when CTW is disabled,
 259:.\Generated_Source\PSoC5/SystemTickTimer.c **** *  which you do by stopping the component.
 260:.\Generated_Source\PSoC5/SystemTickTimer.c **** *
 261:.\Generated_Source\PSoC5/SystemTickTimer.c **** * Parameters:
 262:.\Generated_Source\PSoC5/SystemTickTimer.c **** *  uint8 interval: interval?s value for the CTW.
 263:.\Generated_Source\PSoC5/SystemTickTimer.c **** *
 264:.\Generated_Source\PSoC5/SystemTickTimer.c **** *  PSoC 5:
 265:.\Generated_Source\PSoC5/SystemTickTimer.c **** *  Only the 4-, 8-, 16-, 32-, 64-, 128-, and 256-ms selections are supported.
 266:.\Generated_Source\PSoC5/SystemTickTimer.c **** *
 267:.\Generated_Source\PSoC5/SystemTickTimer.c **** *           Name                    Value        Period
 268:.\Generated_Source\PSoC5/SystemTickTimer.c **** *   SystemTickTimer__CTW_2_MS      4'b0001        2 ms
 269:.\Generated_Source\PSoC5/SystemTickTimer.c **** *   SystemTickTimer__CTW_4_MS      4'b0010        4 ms
 270:.\Generated_Source\PSoC5/SystemTickTimer.c **** *   SystemTickTimer__CTW_8_MS      4'b0011        8 ms
 271:.\Generated_Source\PSoC5/SystemTickTimer.c **** *   SystemTickTimer__CTW_16_MS     4'b0100        16 ms
 272:.\Generated_Source\PSoC5/SystemTickTimer.c **** *   SystemTickTimer__CTW_32_MS     4'b0101        32 ms
 273:.\Generated_Source\PSoC5/SystemTickTimer.c **** *   SystemTickTimer__CTW_64_MS     4'b0110        64 ms
 274:.\Generated_Source\PSoC5/SystemTickTimer.c **** *   SystemTickTimer__CTW_128_MS    4'b0111        128 ms
 275:.\Generated_Source\PSoC5/SystemTickTimer.c **** *   SystemTickTimer__CTW_256_MS    4'b1000        256 ms
 276:.\Generated_Source\PSoC5/SystemTickTimer.c **** *   SystemTickTimer__CTW_512_MS    4'b1001        512 ms
 277:.\Generated_Source\PSoC5/SystemTickTimer.c **** *   SystemTickTimer__CTW_1024_MS   4'b1010        1024 ms
 278:.\Generated_Source\PSoC5/SystemTickTimer.c **** *   SystemTickTimer__CTW_2048_MS   4'b1011        2048 ms
 279:.\Generated_Source\PSoC5/SystemTickTimer.c **** *   SystemTickTimer__CTW_4096_MS   4'b1100        4096 ms
 280:.\Generated_Source\PSoC5/SystemTickTimer.c **** *
 281:.\Generated_Source\PSoC5/SystemTickTimer.c **** * Return:
 282:.\Generated_Source\PSoC5/SystemTickTimer.c **** *  None
 283:.\Generated_Source\PSoC5/SystemTickTimer.c **** *
 284:.\Generated_Source\PSoC5/SystemTickTimer.c **** * Side Effects:
 285:.\Generated_Source\PSoC5/SystemTickTimer.c **** *  Interval value can be only changed when component is stopped (CTW is
 286:.\Generated_Source\PSoC5/SystemTickTimer.c **** *  disabled).
ARM GAS  C:\DOCUME~1\ADMINI~1\LOCALS~1\Temp\ccbNV7Dl.s 			page 12


 287:.\Generated_Source\PSoC5/SystemTickTimer.c **** *
 288:.\Generated_Source\PSoC5/SystemTickTimer.c **** *******************************************************************************/
 289:.\Generated_Source\PSoC5/SystemTickTimer.c **** void SystemTickTimer_SetInterval(uint8 interval) 
 290:.\Generated_Source\PSoC5/SystemTickTimer.c **** {
 338              		.loc 1 290 0
 339              		.cfi_startproc
 340              		@ args = 0, pretend = 0, frame = 8
 341              		@ frame_needed = 1, uses_anonymous_args = 0
 342              		@ link register save eliminated.
 343 0000 80B4     		push	{r7}
 344              	.LCFI16:
 345              		.cfi_def_cfa_offset 4
 346 0002 83B0     		sub	sp, sp, #12
 347              	.LCFI17:
 348              		.cfi_def_cfa_offset 16
 349 0004 00AF     		add	r7, sp, #0
 350              		.cfi_offset 7, -4
 351              	.LCFI18:
 352              		.cfi_def_cfa_register 7
 353 0006 0346     		mov	r3, r0
 354 0008 FB71     		strb	r3, [r7, #7]
 291:.\Generated_Source\PSoC5/SystemTickTimer.c ****     /* Check if CTW is disabled */
 292:.\Generated_Source\PSoC5/SystemTickTimer.c ****     if (0u == (SystemTickTimer_TW_CFG_REG & SystemTickTimer_CTW_EN))
 355              		.loc 1 292 0
 356 000a 44F28233 		movw	r3, #:lower16:1073759106
 357 000e C4F20003 		movt	r3, #:upper16:1073759106
 358 0012 1B78     		ldrb	r3, [r3, #0]
 359 0014 DBB2     		uxtb	r3, r3
 360 0016 03F00403 		and	r3, r3, #4
 361 001a 002B     		cmp	r3, #0
 362 001c 13D1     		bne	.L18
 293:.\Generated_Source\PSoC5/SystemTickTimer.c ****     {
 294:.\Generated_Source\PSoC5/SystemTickTimer.c ****         #if(CY_PSOC5A)
 295:.\Generated_Source\PSoC5/SystemTickTimer.c **** 
 296:.\Generated_Source\PSoC5/SystemTickTimer.c ****             CYASSERT((SystemTickTimer__CTW_4_MS   == interval) ||
 297:.\Generated_Source\PSoC5/SystemTickTimer.c ****                      (SystemTickTimer__CTW_8_MS   == interval) ||
 298:.\Generated_Source\PSoC5/SystemTickTimer.c ****                      (SystemTickTimer__CTW_16_MS  == interval) ||
 299:.\Generated_Source\PSoC5/SystemTickTimer.c ****                      (SystemTickTimer__CTW_32_MS  == interval) ||
 300:.\Generated_Source\PSoC5/SystemTickTimer.c ****                      (SystemTickTimer__CTW_64_MS  == interval) ||
 301:.\Generated_Source\PSoC5/SystemTickTimer.c ****                      (SystemTickTimer__CTW_128_MS == interval) ||
 302:.\Generated_Source\PSoC5/SystemTickTimer.c ****                      (SystemTickTimer__CTW_256_MS == interval));
 303:.\Generated_Source\PSoC5/SystemTickTimer.c **** 
 304:.\Generated_Source\PSoC5/SystemTickTimer.c ****         #endif  /* (CY_PSOC5A) */
 305:.\Generated_Source\PSoC5/SystemTickTimer.c **** 
 306:.\Generated_Source\PSoC5/SystemTickTimer.c ****         /* Set CTW interval */
 307:.\Generated_Source\PSoC5/SystemTickTimer.c ****         SystemTickTimer_CTW_INTERVAL_REG = \
 363              		.loc 1 307 0
 364 001e 44F28133 		movw	r3, #:lower16:1073759105
 365 0022 C4F20003 		movt	r3, #:upper16:1073759105
 308:.\Generated_Source\PSoC5/SystemTickTimer.c ****             (SystemTickTimer_CTW_INTERVAL_REG & ((uint8)~SystemTickTimer_INTERVAL_MASK)) | \
 366              		.loc 1 308 0
 367 0026 44F28132 		movw	r2, #:lower16:1073759105
 368 002a C4F20002 		movt	r2, #:upper16:1073759105
 369 002e 1278     		ldrb	r2, [r2, #0]
 370 0030 D2B2     		uxtb	r2, r2
 371              		.loc 1 307 0
 372 0032 1146     		mov	r1, r2
ARM GAS  C:\DOCUME~1\ADMINI~1\LOCALS~1\Temp\ccbNV7Dl.s 			page 13


 373 0034 01F0F001 		and	r1, r1, #240
 374 0038 FA79     		ldrb	r2, [r7, #7]	@ zero_extendqisi2
 375 003a 02F00F02 		and	r2, r2, #15
 376 003e 41EA0202 		orr	r2, r1, r2
 377 0042 D2B2     		uxtb	r2, r2
 378 0044 1A70     		strb	r2, [r3, #0]
 379              	.L18:
 309:.\Generated_Source\PSoC5/SystemTickTimer.c ****             (interval & SystemTickTimer_INTERVAL_MASK);
 310:.\Generated_Source\PSoC5/SystemTickTimer.c ****     }
 311:.\Generated_Source\PSoC5/SystemTickTimer.c ****     /* Do nothing if CTW is enabled. */
 312:.\Generated_Source\PSoC5/SystemTickTimer.c **** }
 380              		.loc 1 312 0
 381 0046 07F10C07 		add	r7, r7, #12
 382 004a BD46     		mov	sp, r7
 383 004c 80BC     		pop	{r7}
 384 004e 7047     		bx	lr
 385              		.cfi_endproc
 386              	.LFE6:
 387              		.size	SystemTickTimer_SetInterval, .-SystemTickTimer_SetInterval
 388              		.section	.text.SystemTickTimer_GetStatus,"ax",%progbits
 389              		.align	2
 390              		.global	SystemTickTimer_GetStatus
 391              		.thumb
 392              		.thumb_func
 393              		.type	SystemTickTimer_GetStatus, %function
 394              	SystemTickTimer_GetStatus:
 395              	.LFB7:
 313:.\Generated_Source\PSoC5/SystemTickTimer.c **** 
 314:.\Generated_Source\PSoC5/SystemTickTimer.c **** 
 315:.\Generated_Source\PSoC5/SystemTickTimer.c **** /*******************************************************************************
 316:.\Generated_Source\PSoC5/SystemTickTimer.c **** * Function Name: SystemTickTimer_GetStatus
 317:.\Generated_Source\PSoC5/SystemTickTimer.c **** ********************************************************************************
 318:.\Generated_Source\PSoC5/SystemTickTimer.c **** *
 319:.\Generated_Source\PSoC5/SystemTickTimer.c **** * Summary:
 320:.\Generated_Source\PSoC5/SystemTickTimer.c **** *  This function returns the state of the Sleep Timer's status register, and
 321:.\Generated_Source\PSoC5/SystemTickTimer.c **** *  clears the pending interrupt status bit. The application code must always
 322:.\Generated_Source\PSoC5/SystemTickTimer.c **** *  call this function after wakeup to clear the ctw_int status bit. The code
 323:.\Generated_Source\PSoC5/SystemTickTimer.c **** *  must call this function whether the Sleep Timer's interrupt is disabled or
 324:.\Generated_Source\PSoC5/SystemTickTimer.c **** *  enabled.
 325:.\Generated_Source\PSoC5/SystemTickTimer.c **** *
 326:.\Generated_Source\PSoC5/SystemTickTimer.c **** * Parameters:
 327:.\Generated_Source\PSoC5/SystemTickTimer.c **** *  None
 328:.\Generated_Source\PSoC5/SystemTickTimer.c **** *
 329:.\Generated_Source\PSoC5/SystemTickTimer.c **** * Return:
 330:.\Generated_Source\PSoC5/SystemTickTimer.c **** *  Returns an 8-bit value (uint8) with bits set if a corresponding event has
 331:.\Generated_Source\PSoC5/SystemTickTimer.c **** *  occurred. The constants shown in the following table describe the two-bit
 332:.\Generated_Source\PSoC5/SystemTickTimer.c **** *  masks for the two events that this return value can contain.
 333:.\Generated_Source\PSoC5/SystemTickTimer.c **** *
 334:.\Generated_Source\PSoC5/SystemTickTimer.c **** *            Name                             Description
 335:.\Generated_Source\PSoC5/SystemTickTimer.c **** *  SystemTickTimer_PM_INT_SR_ONEPPSP  A onepps event has occured
 336:.\Generated_Source\PSoC5/SystemTickTimer.c **** *  SystemTickTimer_PM_INT_SR_CTW      A central timewheel event occured
 337:.\Generated_Source\PSoC5/SystemTickTimer.c **** *  SystemTickTimer_PM_INT_SR_FTW      A fast timewheel event occured
 338:.\Generated_Source\PSoC5/SystemTickTimer.c **** *
 339:.\Generated_Source\PSoC5/SystemTickTimer.c **** * Side Effects:
 340:.\Generated_Source\PSoC5/SystemTickTimer.c **** *  If the SleepTimer_GetStatus() function is not called in an interrupt
 341:.\Generated_Source\PSoC5/SystemTickTimer.c **** *  associated with the SleepTimer, the interrupt is not cleared and as soon as
 342:.\Generated_Source\PSoC5/SystemTickTimer.c **** *  the interrupt is exited it is re-entered.
ARM GAS  C:\DOCUME~1\ADMINI~1\LOCALS~1\Temp\ccbNV7Dl.s 			page 14


 343:.\Generated_Source\PSoC5/SystemTickTimer.c **** *
 344:.\Generated_Source\PSoC5/SystemTickTimer.c **** *  After the Sleep Timer has expired, the sleep interval is functionally 0 ms,
 345:.\Generated_Source\PSoC5/SystemTickTimer.c **** *  because the interrupt is called until the ctw_int flag is cleared by the
 346:.\Generated_Source\PSoC5/SystemTickTimer.c **** *  SleepTimer_GetStatus() function.
 347:.\Generated_Source\PSoC5/SystemTickTimer.c **** *
 348:.\Generated_Source\PSoC5/SystemTickTimer.c **** *  If an interrupt is generated at the same time as a register read/clear, the
 349:.\Generated_Source\PSoC5/SystemTickTimer.c **** *  bit remains set (which causes another interrupt).
 350:.\Generated_Source\PSoC5/SystemTickTimer.c **** *
 351:.\Generated_Source\PSoC5/SystemTickTimer.c **** *  Reports and then clears all interrupt status bits in the Power Manager
 352:.\Generated_Source\PSoC5/SystemTickTimer.c **** *  Interrupt Status register. Some of the bits are not relevant to this
 353:.\Generated_Source\PSoC5/SystemTickTimer.c **** *  component's operation.
 354:.\Generated_Source\PSoC5/SystemTickTimer.c **** *
 355:.\Generated_Source\PSoC5/SystemTickTimer.c **** *  The application code must always call this function (when the Sleep Timer's
 356:.\Generated_Source\PSoC5/SystemTickTimer.c **** *  interrupt is disabled or enabled) after wakeup to clear the ctw_int status
 357:.\Generated_Source\PSoC5/SystemTickTimer.c **** *  bit. The code must call SleepTimer_GetStatus() within 1 ms (1 clock cycle of
 358:.\Generated_Source\PSoC5/SystemTickTimer.c **** *  the ILO) after the CTW event occurred.
 359:.\Generated_Source\PSoC5/SystemTickTimer.c **** *
 360:.\Generated_Source\PSoC5/SystemTickTimer.c **** *******************************************************************************/
 361:.\Generated_Source\PSoC5/SystemTickTimer.c **** uint8 SystemTickTimer_GetStatus(void) 
 362:.\Generated_Source\PSoC5/SystemTickTimer.c **** {
 396              		.loc 1 362 0
 397              		.cfi_startproc
 398              		@ args = 0, pretend = 0, frame = 0
 399              		@ frame_needed = 1, uses_anonymous_args = 0
 400 0000 80B5     		push	{r7, lr}
 401              	.LCFI19:
 402              		.cfi_def_cfa_offset 8
 403 0002 00AF     		add	r7, sp, #0
 404              		.cfi_offset 14, -4
 405              		.cfi_offset 7, -8
 406              	.LCFI20:
 407              		.cfi_def_cfa_register 7
 363:.\Generated_Source\PSoC5/SystemTickTimer.c ****     /* Read to clear  */
 364:.\Generated_Source\PSoC5/SystemTickTimer.c ****     return CyPmReadStatus(CY_PM_CTW_INT);
 408              		.loc 1 364 0
 409 0004 4FF00200 		mov	r0, #2
 410 0008 FFF7FEFF 		bl	CyPmReadStatus
 411 000c 0346     		mov	r3, r0
 365:.\Generated_Source\PSoC5/SystemTickTimer.c **** }
 412              		.loc 1 365 0
 413 000e 1846     		mov	r0, r3
 414 0010 80BD     		pop	{r7, pc}
 415              		.cfi_endproc
 416              	.LFE7:
 417              		.size	SystemTickTimer_GetStatus, .-SystemTickTimer_GetStatus
 418 0012 00BF     		.text
 419              	.Letext0:
 420              		.section	.debug_loc,"",%progbits
 421              	.Ldebug_loc0:
 422              	.LLST0:
 423 0000 00000000 		.4byte	.LFB0
 424 0004 02000000 		.4byte	.LCFI0
 425 0008 0100     		.2byte	0x1
 426 000a 5D       		.byte	0x5d
 427 000b 02000000 		.4byte	.LCFI0
 428 000f 04000000 		.4byte	.LCFI1
 429 0013 0200     		.2byte	0x2
ARM GAS  C:\DOCUME~1\ADMINI~1\LOCALS~1\Temp\ccbNV7Dl.s 			page 15


 430 0015 7D       		.byte	0x7d
 431 0016 08       		.sleb128 8
 432 0017 04000000 		.4byte	.LCFI1
 433 001b 2A000000 		.4byte	.LFE0
 434 001f 0200     		.2byte	0x2
 435 0021 77       		.byte	0x77
 436 0022 08       		.sleb128 8
 437 0023 00000000 		.4byte	0x0
 438 0027 00000000 		.4byte	0x0
 439              	.LLST1:
 440 002b 00000000 		.4byte	.LFB1
 441 002f 02000000 		.4byte	.LCFI2
 442 0033 0100     		.2byte	0x1
 443 0035 5D       		.byte	0x5d
 444 0036 02000000 		.4byte	.LCFI2
 445 003a 04000000 		.4byte	.LCFI3
 446 003e 0200     		.2byte	0x2
 447 0040 7D       		.byte	0x7d
 448 0041 08       		.sleb128 8
 449 0042 04000000 		.4byte	.LCFI3
 450 0046 12000000 		.4byte	.LFE1
 451 004a 0200     		.2byte	0x2
 452 004c 77       		.byte	0x77
 453 004d 08       		.sleb128 8
 454 004e 00000000 		.4byte	0x0
 455 0052 00000000 		.4byte	0x0
 456              	.LLST2:
 457 0056 00000000 		.4byte	.LFB2
 458 005a 02000000 		.4byte	.LCFI4
 459 005e 0100     		.2byte	0x1
 460 0060 5D       		.byte	0x5d
 461 0061 02000000 		.4byte	.LCFI4
 462 0065 04000000 		.4byte	.LCFI5
 463 0069 0200     		.2byte	0x2
 464 006b 7D       		.byte	0x7d
 465 006c 08       		.sleb128 8
 466 006d 04000000 		.4byte	.LCFI5
 467 0071 06000000 		.4byte	.LCFI6
 468 0075 0200     		.2byte	0x2
 469 0077 7D       		.byte	0x7d
 470 0078 10       		.sleb128 16
 471 0079 06000000 		.4byte	.LCFI6
 472 007d 98000000 		.4byte	.LFE2
 473 0081 0200     		.2byte	0x2
 474 0083 77       		.byte	0x77
 475 0084 10       		.sleb128 16
 476 0085 00000000 		.4byte	0x0
 477 0089 00000000 		.4byte	0x0
 478              	.LLST3:
 479 008d 00000000 		.4byte	.LFB3
 480 0091 02000000 		.4byte	.LCFI7
 481 0095 0100     		.2byte	0x1
 482 0097 5D       		.byte	0x5d
 483 0098 02000000 		.4byte	.LCFI7
 484 009c 04000000 		.4byte	.LCFI8
 485 00a0 0200     		.2byte	0x2
 486 00a2 7D       		.byte	0x7d
ARM GAS  C:\DOCUME~1\ADMINI~1\LOCALS~1\Temp\ccbNV7Dl.s 			page 16


 487 00a3 08       		.sleb128 8
 488 00a4 04000000 		.4byte	.LCFI8
 489 00a8 06000000 		.4byte	.LCFI9
 490 00ac 0200     		.2byte	0x2
 491 00ae 7D       		.byte	0x7d
 492 00af 10       		.sleb128 16
 493 00b0 06000000 		.4byte	.LCFI9
 494 00b4 38000000 		.4byte	.LFE3
 495 00b8 0200     		.2byte	0x2
 496 00ba 77       		.byte	0x77
 497 00bb 10       		.sleb128 16
 498 00bc 00000000 		.4byte	0x0
 499 00c0 00000000 		.4byte	0x0
 500              	.LLST4:
 501 00c4 00000000 		.4byte	.LFB4
 502 00c8 02000000 		.4byte	.LCFI10
 503 00cc 0100     		.2byte	0x1
 504 00ce 5D       		.byte	0x5d
 505 00cf 02000000 		.4byte	.LCFI10
 506 00d3 04000000 		.4byte	.LCFI11
 507 00d7 0200     		.2byte	0x2
 508 00d9 7D       		.byte	0x7d
 509 00da 08       		.sleb128 8
 510 00db 04000000 		.4byte	.LCFI11
 511 00df 06000000 		.4byte	.LCFI12
 512 00e3 0200     		.2byte	0x2
 513 00e5 7D       		.byte	0x7d
 514 00e6 10       		.sleb128 16
 515 00e7 06000000 		.4byte	.LCFI12
 516 00eb 3A000000 		.4byte	.LFE4
 517 00ef 0200     		.2byte	0x2
 518 00f1 77       		.byte	0x77
 519 00f2 10       		.sleb128 16
 520 00f3 00000000 		.4byte	0x0
 521 00f7 00000000 		.4byte	0x0
 522              	.LLST5:
 523 00fb 00000000 		.4byte	.LFB5
 524 00ff 02000000 		.4byte	.LCFI13
 525 0103 0100     		.2byte	0x1
 526 0105 5D       		.byte	0x5d
 527 0106 02000000 		.4byte	.LCFI13
 528 010a 04000000 		.4byte	.LCFI14
 529 010e 0200     		.2byte	0x2
 530 0110 7D       		.byte	0x7d
 531 0111 08       		.sleb128 8
 532 0112 04000000 		.4byte	.LCFI14
 533 0116 06000000 		.4byte	.LCFI15
 534 011a 0200     		.2byte	0x2
 535 011c 7D       		.byte	0x7d
 536 011d 10       		.sleb128 16
 537 011e 06000000 		.4byte	.LCFI15
 538 0122 38000000 		.4byte	.LFE5
 539 0126 0200     		.2byte	0x2
 540 0128 77       		.byte	0x77
 541 0129 10       		.sleb128 16
 542 012a 00000000 		.4byte	0x0
 543 012e 00000000 		.4byte	0x0
ARM GAS  C:\DOCUME~1\ADMINI~1\LOCALS~1\Temp\ccbNV7Dl.s 			page 17


 544              	.LLST6:
 545 0132 00000000 		.4byte	.LFB6
 546 0136 02000000 		.4byte	.LCFI16
 547 013a 0100     		.2byte	0x1
 548 013c 5D       		.byte	0x5d
 549 013d 02000000 		.4byte	.LCFI16
 550 0141 04000000 		.4byte	.LCFI17
 551 0145 0200     		.2byte	0x2
 552 0147 7D       		.byte	0x7d
 553 0148 04       		.sleb128 4
 554 0149 04000000 		.4byte	.LCFI17
 555 014d 06000000 		.4byte	.LCFI18
 556 0151 0200     		.2byte	0x2
 557 0153 7D       		.byte	0x7d
 558 0154 10       		.sleb128 16
 559 0155 06000000 		.4byte	.LCFI18
 560 0159 50000000 		.4byte	.LFE6
 561 015d 0200     		.2byte	0x2
 562 015f 77       		.byte	0x77
 563 0160 10       		.sleb128 16
 564 0161 00000000 		.4byte	0x0
 565 0165 00000000 		.4byte	0x0
 566              	.LLST7:
 567 0169 00000000 		.4byte	.LFB7
 568 016d 02000000 		.4byte	.LCFI19
 569 0171 0100     		.2byte	0x1
 570 0173 5D       		.byte	0x5d
 571 0174 02000000 		.4byte	.LCFI19
 572 0178 04000000 		.4byte	.LCFI20
 573 017c 0200     		.2byte	0x2
 574 017e 7D       		.byte	0x7d
 575 017f 08       		.sleb128 8
 576 0180 04000000 		.4byte	.LCFI20
 577 0184 12000000 		.4byte	.LFE7
 578 0188 0200     		.2byte	0x2
 579 018a 77       		.byte	0x77
 580 018b 08       		.sleb128 8
 581 018c 00000000 		.4byte	0x0
 582 0190 00000000 		.4byte	0x0
 583              		.file 2 ".\\Generated_Source\\PSoC5\\/cytypes.h"
 584              		.section	.debug_info
 585 0000 AF010000 		.4byte	0x1af
 586 0004 0200     		.2byte	0x2
 587 0006 00000000 		.4byte	.Ldebug_abbrev0
 588 000a 04       		.byte	0x4
 589 000b 01       		.uleb128 0x1
 590 000c C6000000 		.4byte	.LASF20
 591 0010 01       		.byte	0x1
 592 0011 BF010000 		.4byte	.LASF21
 593 0015 2B010000 		.4byte	.LASF22
 594 0019 00000000 		.4byte	0x0
 595 001d 00000000 		.4byte	0x0
 596 0021 00000000 		.4byte	.Ldebug_ranges0+0x0
 597 0025 00000000 		.4byte	.Ldebug_line0
 598 0029 02       		.uleb128 0x2
 599 002a 01       		.byte	0x1
 600 002b 06       		.byte	0x6
ARM GAS  C:\DOCUME~1\ADMINI~1\LOCALS~1\Temp\ccbNV7Dl.s 			page 18


 601 002c B3010000 		.4byte	.LASF0
 602 0030 02       		.uleb128 0x2
 603 0031 01       		.byte	0x1
 604 0032 08       		.byte	0x8
 605 0033 DB000000 		.4byte	.LASF1
 606 0037 02       		.uleb128 0x2
 607 0038 02       		.byte	0x2
 608 0039 05       		.byte	0x5
 609 003a 0B020000 		.4byte	.LASF2
 610 003e 02       		.uleb128 0x2
 611 003f 02       		.byte	0x2
 612 0040 07       		.byte	0x7
 613 0041 A0010000 		.4byte	.LASF3
 614 0045 02       		.uleb128 0x2
 615 0046 04       		.byte	0x4
 616 0047 05       		.byte	0x5
 617 0048 22010000 		.4byte	.LASF4
 618 004c 02       		.uleb128 0x2
 619 004d 04       		.byte	0x4
 620 004e 07       		.byte	0x7
 621 004f 83000000 		.4byte	.LASF5
 622 0053 02       		.uleb128 0x2
 623 0054 08       		.byte	0x8
 624 0055 05       		.byte	0x5
 625 0056 00000000 		.4byte	.LASF6
 626 005a 02       		.uleb128 0x2
 627 005b 08       		.byte	0x8
 628 005c 07       		.byte	0x7
 629 005d 95000000 		.4byte	.LASF7
 630 0061 03       		.uleb128 0x3
 631 0062 04       		.byte	0x4
 632 0063 05       		.byte	0x5
 633 0064 696E7400 		.ascii	"int\000"
 634 0068 02       		.uleb128 0x2
 635 0069 04       		.byte	0x4
 636 006a 07       		.byte	0x7
 637 006b 0E000000 		.4byte	.LASF8
 638 006f 04       		.uleb128 0x4
 639 0070 7D000000 		.4byte	.LASF23
 640 0074 02       		.byte	0x2
 641 0075 4C       		.byte	0x4c
 642 0076 30000000 		.4byte	0x30
 643 007a 02       		.uleb128 0x2
 644 007b 04       		.byte	0x4
 645 007c 04       		.byte	0x4
 646 007d 05020000 		.4byte	.LASF9
 647 0081 02       		.uleb128 0x2
 648 0082 08       		.byte	0x8
 649 0083 04       		.byte	0x4
 650 0084 1B010000 		.4byte	.LASF10
 651 0088 02       		.uleb128 0x2
 652 0089 01       		.byte	0x1
 653 008a 08       		.byte	0x8
 654 008b E9000000 		.4byte	.LASF11
 655 008f 05       		.uleb128 0x5
 656 0090 04       		.byte	0x4
 657 0091 07       		.byte	0x7
ARM GAS  C:\DOCUME~1\ADMINI~1\LOCALS~1\Temp\ccbNV7Dl.s 			page 19


 658 0092 06       		.uleb128 0x6
 659 0093 01       		.byte	0x1
 660 0094 15020000 		.4byte	.LASF12
 661 0098 01       		.byte	0x1
 662 0099 35       		.byte	0x35
 663 009a 01       		.byte	0x1
 664 009b 00000000 		.4byte	.LFB0
 665 009f 2A000000 		.4byte	.LFE0
 666 00a3 00000000 		.4byte	.LLST0
 667 00a7 06       		.uleb128 0x6
 668 00a8 01       		.byte	0x1
 669 00a9 06010000 		.4byte	.LASF13
 670 00ad 01       		.byte	0x1
 671 00ae 56       		.byte	0x56
 672 00af 01       		.byte	0x1
 673 00b0 00000000 		.4byte	.LFB1
 674 00b4 12000000 		.4byte	.LFE1
 675 00b8 2B000000 		.4byte	.LLST1
 676 00bc 07       		.uleb128 0x7
 677 00bd 01       		.byte	0x1
 678 00be 66000000 		.4byte	.LASF14
 679 00c2 01       		.byte	0x1
 680 00c3 7E       		.byte	0x7e
 681 00c4 01       		.byte	0x1
 682 00c5 00000000 		.4byte	.LFB2
 683 00c9 98000000 		.4byte	.LFE2
 684 00cd 56000000 		.4byte	.LLST2
 685 00d1 E4000000 		.4byte	0xe4
 686 00d5 08       		.uleb128 0x8
 687 00d6 2B020000 		.4byte	.LASF16
 688 00da 01       		.byte	0x1
 689 00db 80       		.byte	0x80
 690 00dc 6F000000 		.4byte	0x6f
 691 00e0 02       		.byte	0x2
 692 00e1 91       		.byte	0x91
 693 00e2 77       		.sleb128 -9
 694 00e3 00       		.byte	0x0
 695 00e4 07       		.uleb128 0x7
 696 00e5 01       		.byte	0x1
 697 00e6 35000000 		.4byte	.LASF15
 698 00ea 01       		.byte	0x1
 699 00eb B2       		.byte	0xb2
 700 00ec 01       		.byte	0x1
 701 00ed 00000000 		.4byte	.LFB3
 702 00f1 38000000 		.4byte	.LFE3
 703 00f5 8D000000 		.4byte	.LLST3
 704 00f9 0C010000 		.4byte	0x10c
 705 00fd 08       		.uleb128 0x8
 706 00fe 2B020000 		.4byte	.LASF16
 707 0102 01       		.byte	0x1
 708 0103 B4       		.byte	0xb4
 709 0104 6F000000 		.4byte	0x6f
 710 0108 02       		.byte	0x2
 711 0109 91       		.byte	0x91
 712 010a 77       		.sleb128 -9
 713 010b 00       		.byte	0x0
 714 010c 07       		.uleb128 0x7
ARM GAS  C:\DOCUME~1\ADMINI~1\LOCALS~1\Temp\ccbNV7Dl.s 			page 20


 715 010d 01       		.byte	0x1
 716 010e AC000000 		.4byte	.LASF17
 717 0112 01       		.byte	0x1
 718 0113 CF       		.byte	0xcf
 719 0114 01       		.byte	0x1
 720 0115 00000000 		.4byte	.LFB4
 721 0119 3A000000 		.4byte	.LFE4
 722 011d C4000000 		.4byte	.LLST4
 723 0121 34010000 		.4byte	0x134
 724 0125 08       		.uleb128 0x8
 725 0126 2B020000 		.4byte	.LASF16
 726 012a 01       		.byte	0x1
 727 012b D1       		.byte	0xd1
 728 012c 6F000000 		.4byte	0x6f
 729 0130 02       		.byte	0x2
 730 0131 91       		.byte	0x91
 731 0132 77       		.sleb128 -9
 732 0133 00       		.byte	0x0
 733 0134 07       		.uleb128 0x7
 734 0135 01       		.byte	0x1
 735 0136 EA010000 		.4byte	.LASF18
 736 013a 01       		.byte	0x1
 737 013b EC       		.byte	0xec
 738 013c 01       		.byte	0x1
 739 013d 00000000 		.4byte	.LFB5
 740 0141 38000000 		.4byte	.LFE5
 741 0145 FB000000 		.4byte	.LLST5
 742 0149 5C010000 		.4byte	0x15c
 743 014d 08       		.uleb128 0x8
 744 014e 2B020000 		.4byte	.LASF16
 745 0152 01       		.byte	0x1
 746 0153 EE       		.byte	0xee
 747 0154 6F000000 		.4byte	0x6f
 748 0158 02       		.byte	0x2
 749 0159 91       		.byte	0x91
 750 015a 77       		.sleb128 -9
 751 015b 00       		.byte	0x0
 752 015c 09       		.uleb128 0x9
 753 015d 01       		.byte	0x1
 754 015e 4A000000 		.4byte	.LASF19
 755 0162 01       		.byte	0x1
 756 0163 2101     		.2byte	0x121
 757 0165 01       		.byte	0x1
 758 0166 00000000 		.4byte	.LFB6
 759 016a 50000000 		.4byte	.LFE6
 760 016e 32010000 		.4byte	.LLST6
 761 0172 86010000 		.4byte	0x186
 762 0176 0A       		.uleb128 0xa
 763 0177 D2000000 		.4byte	.LASF24
 764 017b 01       		.byte	0x1
 765 017c 2101     		.2byte	0x121
 766 017e 6F000000 		.4byte	0x6f
 767 0182 02       		.byte	0x2
 768 0183 91       		.byte	0x91
 769 0184 77       		.sleb128 -9
 770 0185 00       		.byte	0x0
 771 0186 0B       		.uleb128 0xb
ARM GAS  C:\DOCUME~1\ADMINI~1\LOCALS~1\Temp\ccbNV7Dl.s 			page 21


 772 0187 01       		.byte	0x1
 773 0188 1B000000 		.4byte	.LASF25
 774 018c 01       		.byte	0x1
 775 018d 6901     		.2byte	0x169
 776 018f 01       		.byte	0x1
 777 0190 6F000000 		.4byte	0x6f
 778 0194 00000000 		.4byte	.LFB7
 779 0198 12000000 		.4byte	.LFE7
 780 019c 69010000 		.4byte	.LLST7
 781 01a0 0C       		.uleb128 0xc
 782 01a1 EE000000 		.4byte	.LASF26
 783 01a5 01       		.byte	0x1
 784 01a6 13       		.byte	0x13
 785 01a7 6F000000 		.4byte	0x6f
 786 01ab 01       		.byte	0x1
 787 01ac 05       		.byte	0x5
 788 01ad 03       		.byte	0x3
 789 01ae 00000000 		.4byte	SystemTickTimer_initVar
 790 01b2 00       		.byte	0x0
 791              		.section	.debug_abbrev
 792 0000 01       		.uleb128 0x1
 793 0001 11       		.uleb128 0x11
 794 0002 01       		.byte	0x1
 795 0003 25       		.uleb128 0x25
 796 0004 0E       		.uleb128 0xe
 797 0005 13       		.uleb128 0x13
 798 0006 0B       		.uleb128 0xb
 799 0007 03       		.uleb128 0x3
 800 0008 0E       		.uleb128 0xe
 801 0009 1B       		.uleb128 0x1b
 802 000a 0E       		.uleb128 0xe
 803 000b 11       		.uleb128 0x11
 804 000c 01       		.uleb128 0x1
 805 000d 52       		.uleb128 0x52
 806 000e 01       		.uleb128 0x1
 807 000f 55       		.uleb128 0x55
 808 0010 06       		.uleb128 0x6
 809 0011 10       		.uleb128 0x10
 810 0012 06       		.uleb128 0x6
 811 0013 00       		.byte	0x0
 812 0014 00       		.byte	0x0
 813 0015 02       		.uleb128 0x2
 814 0016 24       		.uleb128 0x24
 815 0017 00       		.byte	0x0
 816 0018 0B       		.uleb128 0xb
 817 0019 0B       		.uleb128 0xb
 818 001a 3E       		.uleb128 0x3e
 819 001b 0B       		.uleb128 0xb
 820 001c 03       		.uleb128 0x3
 821 001d 0E       		.uleb128 0xe
 822 001e 00       		.byte	0x0
 823 001f 00       		.byte	0x0
 824 0020 03       		.uleb128 0x3
 825 0021 24       		.uleb128 0x24
 826 0022 00       		.byte	0x0
 827 0023 0B       		.uleb128 0xb
 828 0024 0B       		.uleb128 0xb
ARM GAS  C:\DOCUME~1\ADMINI~1\LOCALS~1\Temp\ccbNV7Dl.s 			page 22


 829 0025 3E       		.uleb128 0x3e
 830 0026 0B       		.uleb128 0xb
 831 0027 03       		.uleb128 0x3
 832 0028 08       		.uleb128 0x8
 833 0029 00       		.byte	0x0
 834 002a 00       		.byte	0x0
 835 002b 04       		.uleb128 0x4
 836 002c 16       		.uleb128 0x16
 837 002d 00       		.byte	0x0
 838 002e 03       		.uleb128 0x3
 839 002f 0E       		.uleb128 0xe
 840 0030 3A       		.uleb128 0x3a
 841 0031 0B       		.uleb128 0xb
 842 0032 3B       		.uleb128 0x3b
 843 0033 0B       		.uleb128 0xb
 844 0034 49       		.uleb128 0x49
 845 0035 13       		.uleb128 0x13
 846 0036 00       		.byte	0x0
 847 0037 00       		.byte	0x0
 848 0038 05       		.uleb128 0x5
 849 0039 24       		.uleb128 0x24
 850 003a 00       		.byte	0x0
 851 003b 0B       		.uleb128 0xb
 852 003c 0B       		.uleb128 0xb
 853 003d 3E       		.uleb128 0x3e
 854 003e 0B       		.uleb128 0xb
 855 003f 00       		.byte	0x0
 856 0040 00       		.byte	0x0
 857 0041 06       		.uleb128 0x6
 858 0042 2E       		.uleb128 0x2e
 859 0043 00       		.byte	0x0
 860 0044 3F       		.uleb128 0x3f
 861 0045 0C       		.uleb128 0xc
 862 0046 03       		.uleb128 0x3
 863 0047 0E       		.uleb128 0xe
 864 0048 3A       		.uleb128 0x3a
 865 0049 0B       		.uleb128 0xb
 866 004a 3B       		.uleb128 0x3b
 867 004b 0B       		.uleb128 0xb
 868 004c 27       		.uleb128 0x27
 869 004d 0C       		.uleb128 0xc
 870 004e 11       		.uleb128 0x11
 871 004f 01       		.uleb128 0x1
 872 0050 12       		.uleb128 0x12
 873 0051 01       		.uleb128 0x1
 874 0052 40       		.uleb128 0x40
 875 0053 06       		.uleb128 0x6
 876 0054 00       		.byte	0x0
 877 0055 00       		.byte	0x0
 878 0056 07       		.uleb128 0x7
 879 0057 2E       		.uleb128 0x2e
 880 0058 01       		.byte	0x1
 881 0059 3F       		.uleb128 0x3f
 882 005a 0C       		.uleb128 0xc
 883 005b 03       		.uleb128 0x3
 884 005c 0E       		.uleb128 0xe
 885 005d 3A       		.uleb128 0x3a
ARM GAS  C:\DOCUME~1\ADMINI~1\LOCALS~1\Temp\ccbNV7Dl.s 			page 23


 886 005e 0B       		.uleb128 0xb
 887 005f 3B       		.uleb128 0x3b
 888 0060 0B       		.uleb128 0xb
 889 0061 27       		.uleb128 0x27
 890 0062 0C       		.uleb128 0xc
 891 0063 11       		.uleb128 0x11
 892 0064 01       		.uleb128 0x1
 893 0065 12       		.uleb128 0x12
 894 0066 01       		.uleb128 0x1
 895 0067 40       		.uleb128 0x40
 896 0068 06       		.uleb128 0x6
 897 0069 01       		.uleb128 0x1
 898 006a 13       		.uleb128 0x13
 899 006b 00       		.byte	0x0
 900 006c 00       		.byte	0x0
 901 006d 08       		.uleb128 0x8
 902 006e 34       		.uleb128 0x34
 903 006f 00       		.byte	0x0
 904 0070 03       		.uleb128 0x3
 905 0071 0E       		.uleb128 0xe
 906 0072 3A       		.uleb128 0x3a
 907 0073 0B       		.uleb128 0xb
 908 0074 3B       		.uleb128 0x3b
 909 0075 0B       		.uleb128 0xb
 910 0076 49       		.uleb128 0x49
 911 0077 13       		.uleb128 0x13
 912 0078 02       		.uleb128 0x2
 913 0079 0A       		.uleb128 0xa
 914 007a 00       		.byte	0x0
 915 007b 00       		.byte	0x0
 916 007c 09       		.uleb128 0x9
 917 007d 2E       		.uleb128 0x2e
 918 007e 01       		.byte	0x1
 919 007f 3F       		.uleb128 0x3f
 920 0080 0C       		.uleb128 0xc
 921 0081 03       		.uleb128 0x3
 922 0082 0E       		.uleb128 0xe
 923 0083 3A       		.uleb128 0x3a
 924 0084 0B       		.uleb128 0xb
 925 0085 3B       		.uleb128 0x3b
 926 0086 05       		.uleb128 0x5
 927 0087 27       		.uleb128 0x27
 928 0088 0C       		.uleb128 0xc
 929 0089 11       		.uleb128 0x11
 930 008a 01       		.uleb128 0x1
 931 008b 12       		.uleb128 0x12
 932 008c 01       		.uleb128 0x1
 933 008d 40       		.uleb128 0x40
 934 008e 06       		.uleb128 0x6
 935 008f 01       		.uleb128 0x1
 936 0090 13       		.uleb128 0x13
 937 0091 00       		.byte	0x0
 938 0092 00       		.byte	0x0
 939 0093 0A       		.uleb128 0xa
 940 0094 05       		.uleb128 0x5
 941 0095 00       		.byte	0x0
 942 0096 03       		.uleb128 0x3
ARM GAS  C:\DOCUME~1\ADMINI~1\LOCALS~1\Temp\ccbNV7Dl.s 			page 24


 943 0097 0E       		.uleb128 0xe
 944 0098 3A       		.uleb128 0x3a
 945 0099 0B       		.uleb128 0xb
 946 009a 3B       		.uleb128 0x3b
 947 009b 05       		.uleb128 0x5
 948 009c 49       		.uleb128 0x49
 949 009d 13       		.uleb128 0x13
 950 009e 02       		.uleb128 0x2
 951 009f 0A       		.uleb128 0xa
 952 00a0 00       		.byte	0x0
 953 00a1 00       		.byte	0x0
 954 00a2 0B       		.uleb128 0xb
 955 00a3 2E       		.uleb128 0x2e
 956 00a4 00       		.byte	0x0
 957 00a5 3F       		.uleb128 0x3f
 958 00a6 0C       		.uleb128 0xc
 959 00a7 03       		.uleb128 0x3
 960 00a8 0E       		.uleb128 0xe
 961 00a9 3A       		.uleb128 0x3a
 962 00aa 0B       		.uleb128 0xb
 963 00ab 3B       		.uleb128 0x3b
 964 00ac 05       		.uleb128 0x5
 965 00ad 27       		.uleb128 0x27
 966 00ae 0C       		.uleb128 0xc
 967 00af 49       		.uleb128 0x49
 968 00b0 13       		.uleb128 0x13
 969 00b1 11       		.uleb128 0x11
 970 00b2 01       		.uleb128 0x1
 971 00b3 12       		.uleb128 0x12
 972 00b4 01       		.uleb128 0x1
 973 00b5 40       		.uleb128 0x40
 974 00b6 06       		.uleb128 0x6
 975 00b7 00       		.byte	0x0
 976 00b8 00       		.byte	0x0
 977 00b9 0C       		.uleb128 0xc
 978 00ba 34       		.uleb128 0x34
 979 00bb 00       		.byte	0x0
 980 00bc 03       		.uleb128 0x3
 981 00bd 0E       		.uleb128 0xe
 982 00be 3A       		.uleb128 0x3a
 983 00bf 0B       		.uleb128 0xb
 984 00c0 3B       		.uleb128 0x3b
 985 00c1 0B       		.uleb128 0xb
 986 00c2 49       		.uleb128 0x49
 987 00c3 13       		.uleb128 0x13
 988 00c4 3F       		.uleb128 0x3f
 989 00c5 0C       		.uleb128 0xc
 990 00c6 02       		.uleb128 0x2
 991 00c7 0A       		.uleb128 0xa
 992 00c8 00       		.byte	0x0
 993 00c9 00       		.byte	0x0
 994 00ca 00       		.byte	0x0
 995              		.section	.debug_pubnames,"",%progbits
 996 0000 0C010000 		.4byte	0x10c
 997 0004 0200     		.2byte	0x2
 998 0006 00000000 		.4byte	.Ldebug_info0
 999 000a B3010000 		.4byte	0x1b3
ARM GAS  C:\DOCUME~1\ADMINI~1\LOCALS~1\Temp\ccbNV7Dl.s 			page 25


 1000 000e 92000000 		.4byte	0x92
 1001 0012 53797374 		.ascii	"SystemTickTimer_Start\000"
 1001      656D5469 
 1001      636B5469 
 1001      6D65725F 
 1001      53746172 
 1002 0028 A7000000 		.4byte	0xa7
 1003 002c 53797374 		.ascii	"SystemTickTimer_Init\000"
 1003      656D5469 
 1003      636B5469 
 1003      6D65725F 
 1003      496E6974 
 1004 0041 BC000000 		.4byte	0xbc
 1005 0045 53797374 		.ascii	"SystemTickTimer_Enable\000"
 1005      656D5469 
 1005      636B5469 
 1005      6D65725F 
 1005      456E6162 
 1006 005c E4000000 		.4byte	0xe4
 1007 0060 53797374 		.ascii	"SystemTickTimer_Stop\000"
 1007      656D5469 
 1007      636B5469 
 1007      6D65725F 
 1007      53746F70 
 1008 0075 0C010000 		.4byte	0x10c
 1009 0079 53797374 		.ascii	"SystemTickTimer_EnableInt\000"
 1009      656D5469 
 1009      636B5469 
 1009      6D65725F 
 1009      456E6162 
 1010 0093 34010000 		.4byte	0x134
 1011 0097 53797374 		.ascii	"SystemTickTimer_DisableInt\000"
 1011      656D5469 
 1011      636B5469 
 1011      6D65725F 
 1011      44697361 
 1012 00b2 5C010000 		.4byte	0x15c
 1013 00b6 53797374 		.ascii	"SystemTickTimer_SetInterval\000"
 1013      656D5469 
 1013      636B5469 
 1013      6D65725F 
 1013      53657449 
 1014 00d2 86010000 		.4byte	0x186
 1015 00d6 53797374 		.ascii	"SystemTickTimer_GetStatus\000"
 1015      656D5469 
 1015      636B5469 
 1015      6D65725F 
 1015      47657453 
 1016 00f0 A0010000 		.4byte	0x1a0
 1017 00f4 53797374 		.ascii	"SystemTickTimer_initVar\000"
 1017      656D5469 
 1017      636B5469 
 1017      6D65725F 
 1017      696E6974 
 1018 010c 00000000 		.4byte	0x0
 1019              		.section	.debug_aranges,"",%progbits
 1020 0000 54000000 		.4byte	0x54
ARM GAS  C:\DOCUME~1\ADMINI~1\LOCALS~1\Temp\ccbNV7Dl.s 			page 26


 1021 0004 0200     		.2byte	0x2
 1022 0006 00000000 		.4byte	.Ldebug_info0
 1023 000a 04       		.byte	0x4
 1024 000b 00       		.byte	0x0
 1025 000c 0000     		.2byte	0x0
 1026 000e 0000     		.2byte	0x0
 1027 0010 00000000 		.4byte	.LFB0
 1028 0014 2A000000 		.4byte	.LFE0-.LFB0
 1029 0018 00000000 		.4byte	.LFB1
 1030 001c 12000000 		.4byte	.LFE1-.LFB1
 1031 0020 00000000 		.4byte	.LFB2
 1032 0024 98000000 		.4byte	.LFE2-.LFB2
 1033 0028 00000000 		.4byte	.LFB3
 1034 002c 38000000 		.4byte	.LFE3-.LFB3
 1035 0030 00000000 		.4byte	.LFB4
 1036 0034 3A000000 		.4byte	.LFE4-.LFB4
 1037 0038 00000000 		.4byte	.LFB5
 1038 003c 38000000 		.4byte	.LFE5-.LFB5
 1039 0040 00000000 		.4byte	.LFB6
 1040 0044 50000000 		.4byte	.LFE6-.LFB6
 1041 0048 00000000 		.4byte	.LFB7
 1042 004c 12000000 		.4byte	.LFE7-.LFB7
 1043 0050 00000000 		.4byte	0x0
 1044 0054 00000000 		.4byte	0x0
 1045              		.section	.debug_ranges,"",%progbits
 1046              	.Ldebug_ranges0:
 1047 0000 00000000 		.4byte	.Ltext0
 1048 0004 00000000 		.4byte	.Letext0
 1049 0008 00000000 		.4byte	.LFB0
 1050 000c 2A000000 		.4byte	.LFE0
 1051 0010 00000000 		.4byte	.LFB1
 1052 0014 12000000 		.4byte	.LFE1
 1053 0018 00000000 		.4byte	.LFB2
 1054 001c 98000000 		.4byte	.LFE2
 1055 0020 00000000 		.4byte	.LFB3
 1056 0024 38000000 		.4byte	.LFE3
 1057 0028 00000000 		.4byte	.LFB4
 1058 002c 3A000000 		.4byte	.LFE4
 1059 0030 00000000 		.4byte	.LFB5
 1060 0034 38000000 		.4byte	.LFE5
 1061 0038 00000000 		.4byte	.LFB6
 1062 003c 50000000 		.4byte	.LFE6
 1063 0040 00000000 		.4byte	.LFB7
 1064 0044 12000000 		.4byte	.LFE7
 1065 0048 00000000 		.4byte	0x0
 1066 004c 00000000 		.4byte	0x0
 1067              		.section	.debug_str,"MS",%progbits,1
 1068              	.LASF6:
 1069 0000 6C6F6E67 		.ascii	"long long int\000"
 1069      206C6F6E 
 1069      6720696E 
 1069      7400
 1070              	.LASF8:
 1071 000e 756E7369 		.ascii	"unsigned int\000"
 1071      676E6564 
 1071      20696E74 
 1071      00
ARM GAS  C:\DOCUME~1\ADMINI~1\LOCALS~1\Temp\ccbNV7Dl.s 			page 27


 1072              	.LASF25:
 1073 001b 53797374 		.ascii	"SystemTickTimer_GetStatus\000"
 1073      656D5469 
 1073      636B5469 
 1073      6D65725F 
 1073      47657453 
 1074              	.LASF15:
 1075 0035 53797374 		.ascii	"SystemTickTimer_Stop\000"
 1075      656D5469 
 1075      636B5469 
 1075      6D65725F 
 1075      53746F70 
 1076              	.LASF19:
 1077 004a 53797374 		.ascii	"SystemTickTimer_SetInterval\000"
 1077      656D5469 
 1077      636B5469 
 1077      6D65725F 
 1077      53657449 
 1078              	.LASF14:
 1079 0066 53797374 		.ascii	"SystemTickTimer_Enable\000"
 1079      656D5469 
 1079      636B5469 
 1079      6D65725F 
 1079      456E6162 
 1080              	.LASF23:
 1081 007d 75696E74 		.ascii	"uint8\000"
 1081      3800
 1082              	.LASF5:
 1083 0083 6C6F6E67 		.ascii	"long unsigned int\000"
 1083      20756E73 
 1083      69676E65 
 1083      6420696E 
 1083      7400
 1084              	.LASF7:
 1085 0095 6C6F6E67 		.ascii	"long long unsigned int\000"
 1085      206C6F6E 
 1085      6720756E 
 1085      7369676E 
 1085      65642069 
 1086              	.LASF17:
 1087 00ac 53797374 		.ascii	"SystemTickTimer_EnableInt\000"
 1087      656D5469 
 1087      636B5469 
 1087      6D65725F 
 1087      456E6162 
 1088              	.LASF20:
 1089 00c6 474E5520 		.ascii	"GNU C 4.4.1\000"
 1089      4320342E 
 1089      342E3100 
 1090              	.LASF24:
 1091 00d2 696E7465 		.ascii	"interval\000"
 1091      7276616C 
 1091      00
 1092              	.LASF1:
 1093 00db 756E7369 		.ascii	"unsigned char\000"
 1093      676E6564 
 1093      20636861 
ARM GAS  C:\DOCUME~1\ADMINI~1\LOCALS~1\Temp\ccbNV7Dl.s 			page 28


 1093      7200
 1094              	.LASF11:
 1095 00e9 63686172 		.ascii	"char\000"
 1095      00
 1096              	.LASF26:
 1097 00ee 53797374 		.ascii	"SystemTickTimer_initVar\000"
 1097      656D5469 
 1097      636B5469 
 1097      6D65725F 
 1097      696E6974 
 1098              	.LASF13:
 1099 0106 53797374 		.ascii	"SystemTickTimer_Init\000"
 1099      656D5469 
 1099      636B5469 
 1099      6D65725F 
 1099      496E6974 
 1100              	.LASF10:
 1101 011b 646F7562 		.ascii	"double\000"
 1101      6C6500
 1102              	.LASF4:
 1103 0122 6C6F6E67 		.ascii	"long int\000"
 1103      20696E74 
 1103      00
 1104              	.LASF22:
 1105 012b 5C5C7073 		.ascii	"\\\\psf\\Home\\Desktop\\PSOC5LP dev\\non-boot-bit-s"
 1105      665C486F 
 1105      6D655C44 
 1105      65736B74 
 1105      6F705C50 
 1106 0158 68696674 		.ascii	"hift-CY8C5667\\PioneerKit_P5LP_USB_Audio\\PioneerKi"
 1106      2D435938 
 1106      43353636 
 1106      375C5069 
 1106      6F6E6565 
 1107 0189 745F5035 		.ascii	"t_P5LP_USB_Audio.cydsn\000"
 1107      4C505F55 
 1107      53425F41 
 1107      7564696F 
 1107      2E637964 
 1108              	.LASF3:
 1109 01a0 73686F72 		.ascii	"short unsigned int\000"
 1109      7420756E 
 1109      7369676E 
 1109      65642069 
 1109      6E7400
 1110              	.LASF0:
 1111 01b3 7369676E 		.ascii	"signed char\000"
 1111      65642063 
 1111      68617200 
 1112              	.LASF21:
 1113 01bf 2E5C4765 		.ascii	".\\Generated_Source\\PSoC5\\SystemTickTimer.c\000"
 1113      6E657261 
 1113      7465645F 
 1113      536F7572 
 1113      63655C50 
 1114              	.LASF18:
 1115 01ea 53797374 		.ascii	"SystemTickTimer_DisableInt\000"
ARM GAS  C:\DOCUME~1\ADMINI~1\LOCALS~1\Temp\ccbNV7Dl.s 			page 29


 1115      656D5469 
 1115      636B5469 
 1115      6D65725F 
 1115      44697361 
 1116              	.LASF9:
 1117 0205 666C6F61 		.ascii	"float\000"
 1117      7400
 1118              	.LASF2:
 1119 020b 73686F72 		.ascii	"short int\000"
 1119      7420696E 
 1119      7400
 1120              	.LASF12:
 1121 0215 53797374 		.ascii	"SystemTickTimer_Start\000"
 1121      656D5469 
 1121      636B5469 
 1121      6D65725F 
 1121      53746172 
 1122              	.LASF16:
 1123 022b 696E7465 		.ascii	"interruptState\000"
 1123      72727570 
 1123      74537461 
 1123      746500
 1124              		.ident	"GCC: (Sourcery G++ Lite 2010q1-188) 4.4.1"
