ARM GAS  C:\DOCUME~1\ADMINI~1\LOCALS~1\Temp\ccyw3ZeP.s 			page 1


   1              		.syntax unified
   2              		.cpu cortex-m3
   3              		.fpu softvfp
   4              		.eabi_attribute 20, 1
   5              		.eabi_attribute 21, 1
   6              		.eabi_attribute 23, 3
   7              		.eabi_attribute 24, 1
   8              		.eabi_attribute 25, 1
   9              		.eabi_attribute 26, 1
  10              		.eabi_attribute 30, 6
  11              		.eabi_attribute 18, 4
  12              		.thumb
  13              		.file	"VolumeControl.c"
  14              		.section	.debug_abbrev,"",%progbits
  15              	.Ldebug_abbrev0:
  16              		.section	.debug_info,"",%progbits
  17              	.Ldebug_info0:
  18              		.section	.debug_line,"",%progbits
  19              	.Ldebug_line0:
  20 0000 40000000 		.text
  20      02003A00 
  20      00000201 
  20      FB0E0D00 
  20      01010101 
  21              	.Ltext0:
  22              		.cfi_sections	.debug_frame
  23              	.Letext0:
  24              		.file 1 "./Generated_Source/PSoC5/core_cm3.h"
  25              		.section	.debug_info
  26 0000 93000000 		.4byte	0x93
  27 0004 0200     		.2byte	0x2
  28 0006 00000000 		.4byte	.Ldebug_abbrev0
  29 000a 04       		.byte	0x4
  30 000b 01       		.uleb128 0x1
  31 000c 69000000 		.4byte	.LASF12
  32 0010 01       		.byte	0x1
  33 0011 2E000000 		.4byte	.LASF13
  34 0015 98000000 		.4byte	.LASF14
  35 0019 00000000 		.4byte	.Ltext0
  36 001d 00000000 		.4byte	.Letext0
  37 0021 00000000 		.4byte	.Ldebug_line0
  38 0025 02       		.uleb128 0x2
  39 0026 01       		.byte	0x1
  40 0027 06       		.byte	0x6
  41 0028 1A010000 		.4byte	.LASF0
  42 002c 02       		.uleb128 0x2
  43 002d 01       		.byte	0x1
  44 002e 08       		.byte	0x8
  45 002f 75000000 		.4byte	.LASF1
  46 0033 02       		.uleb128 0x2
  47 0034 02       		.byte	0x2
  48 0035 05       		.byte	0x5
  49 0036 2C010000 		.4byte	.LASF2
  50 003a 02       		.uleb128 0x2
  51 003b 02       		.byte	0x2
  52 003c 07       		.byte	0x7
  53 003d 0E000000 		.4byte	.LASF3
ARM GAS  C:\DOCUME~1\ADMINI~1\LOCALS~1\Temp\ccyw3ZeP.s 			page 2


  54 0041 02       		.uleb128 0x2
  55 0042 04       		.byte	0x4
  56 0043 05       		.byte	0x5
  57 0044 88000000 		.4byte	.LASF4
  58 0048 02       		.uleb128 0x2
  59 0049 04       		.byte	0x4
  60 004a 07       		.byte	0x7
  61 004b 40000000 		.4byte	.LASF5
  62 004f 02       		.uleb128 0x2
  63 0050 08       		.byte	0x8
  64 0051 05       		.byte	0x5
  65 0052 00000000 		.4byte	.LASF6
  66 0056 02       		.uleb128 0x2
  67 0057 08       		.byte	0x8
  68 0058 07       		.byte	0x7
  69 0059 52000000 		.4byte	.LASF7
  70 005d 03       		.uleb128 0x3
  71 005e 04       		.byte	0x4
  72 005f 05       		.byte	0x5
  73 0060 696E7400 		.ascii	"int\000"
  74 0064 02       		.uleb128 0x2
  75 0065 04       		.byte	0x4
  76 0066 07       		.byte	0x7
  77 0067 21000000 		.4byte	.LASF8
  78 006b 02       		.uleb128 0x2
  79 006c 04       		.byte	0x4
  80 006d 04       		.byte	0x4
  81 006e 26010000 		.4byte	.LASF9
  82 0072 02       		.uleb128 0x2
  83 0073 08       		.byte	0x8
  84 0074 04       		.byte	0x4
  85 0075 91000000 		.4byte	.LASF10
  86 0079 02       		.uleb128 0x2
  87 007a 01       		.byte	0x1
  88 007b 08       		.byte	0x8
  89 007c 83000000 		.4byte	.LASF11
  90 0080 04       		.uleb128 0x4
  91 0081 04       		.byte	0x4
  92 0082 07       		.byte	0x7
  93 0083 05       		.uleb128 0x5
  94 0084 0D010000 		.4byte	.LASF15
  95 0088 01       		.byte	0x1
  96 0089 CE06     		.2byte	0x6ce
  97 008b 91000000 		.4byte	0x91
  98 008f 01       		.byte	0x1
  99 0090 01       		.byte	0x1
 100 0091 06       		.uleb128 0x6
 101 0092 5D000000 		.4byte	0x5d
 102 0096 00       		.byte	0x0
 103              		.section	.debug_abbrev
 104 0000 01       		.uleb128 0x1
 105 0001 11       		.uleb128 0x11
 106 0002 01       		.byte	0x1
 107 0003 25       		.uleb128 0x25
 108 0004 0E       		.uleb128 0xe
 109 0005 13       		.uleb128 0x13
 110 0006 0B       		.uleb128 0xb
ARM GAS  C:\DOCUME~1\ADMINI~1\LOCALS~1\Temp\ccyw3ZeP.s 			page 3


 111 0007 03       		.uleb128 0x3
 112 0008 0E       		.uleb128 0xe
 113 0009 1B       		.uleb128 0x1b
 114 000a 0E       		.uleb128 0xe
 115 000b 11       		.uleb128 0x11
 116 000c 01       		.uleb128 0x1
 117 000d 12       		.uleb128 0x12
 118 000e 01       		.uleb128 0x1
 119 000f 10       		.uleb128 0x10
 120 0010 06       		.uleb128 0x6
 121 0011 00       		.byte	0x0
 122 0012 00       		.byte	0x0
 123 0013 02       		.uleb128 0x2
 124 0014 24       		.uleb128 0x24
 125 0015 00       		.byte	0x0
 126 0016 0B       		.uleb128 0xb
 127 0017 0B       		.uleb128 0xb
 128 0018 3E       		.uleb128 0x3e
 129 0019 0B       		.uleb128 0xb
 130 001a 03       		.uleb128 0x3
 131 001b 0E       		.uleb128 0xe
 132 001c 00       		.byte	0x0
 133 001d 00       		.byte	0x0
 134 001e 03       		.uleb128 0x3
 135 001f 24       		.uleb128 0x24
 136 0020 00       		.byte	0x0
 137 0021 0B       		.uleb128 0xb
 138 0022 0B       		.uleb128 0xb
 139 0023 3E       		.uleb128 0x3e
 140 0024 0B       		.uleb128 0xb
 141 0025 03       		.uleb128 0x3
 142 0026 08       		.uleb128 0x8
 143 0027 00       		.byte	0x0
 144 0028 00       		.byte	0x0
 145 0029 04       		.uleb128 0x4
 146 002a 24       		.uleb128 0x24
 147 002b 00       		.byte	0x0
 148 002c 0B       		.uleb128 0xb
 149 002d 0B       		.uleb128 0xb
 150 002e 3E       		.uleb128 0x3e
 151 002f 0B       		.uleb128 0xb
 152 0030 00       		.byte	0x0
 153 0031 00       		.byte	0x0
 154 0032 05       		.uleb128 0x5
 155 0033 34       		.uleb128 0x34
 156 0034 00       		.byte	0x0
 157 0035 03       		.uleb128 0x3
 158 0036 0E       		.uleb128 0xe
 159 0037 3A       		.uleb128 0x3a
 160 0038 0B       		.uleb128 0xb
 161 0039 3B       		.uleb128 0x3b
 162 003a 05       		.uleb128 0x5
 163 003b 49       		.uleb128 0x49
 164 003c 13       		.uleb128 0x13
 165 003d 3F       		.uleb128 0x3f
 166 003e 0C       		.uleb128 0xc
 167 003f 3C       		.uleb128 0x3c
ARM GAS  C:\DOCUME~1\ADMINI~1\LOCALS~1\Temp\ccyw3ZeP.s 			page 4


 168 0040 0C       		.uleb128 0xc
 169 0041 00       		.byte	0x0
 170 0042 00       		.byte	0x0
 171 0043 06       		.uleb128 0x6
 172 0044 35       		.uleb128 0x35
 173 0045 00       		.byte	0x0
 174 0046 49       		.uleb128 0x49
 175 0047 13       		.uleb128 0x13
 176 0048 00       		.byte	0x0
 177 0049 00       		.byte	0x0
 178 004a 00       		.byte	0x0
 179              		.section	.debug_str,"MS",%progbits,1
 180              	.LASF6:
 181 0000 6C6F6E67 		.ascii	"long long int\000"
 181      206C6F6E 
 181      6720696E 
 181      7400
 182              	.LASF3:
 183 000e 73686F72 		.ascii	"short unsigned int\000"
 183      7420756E 
 183      7369676E 
 183      65642069 
 183      6E7400
 184              	.LASF8:
 185 0021 756E7369 		.ascii	"unsigned int\000"
 185      676E6564 
 185      20696E74 
 185      00
 186              	.LASF13:
 187 002e 2E5C566F 		.ascii	".\\VolumeControl.c\000"
 187      6C756D65 
 187      436F6E74 
 187      726F6C2E 
 187      6300
 188              	.LASF5:
 189 0040 6C6F6E67 		.ascii	"long unsigned int\000"
 189      20756E73 
 189      69676E65 
 189      6420696E 
 189      7400
 190              	.LASF7:
 191 0052 6C6F6E67 		.ascii	"long long unsigned int\000"
 191      206C6F6E 
 191      6720756E 
 191      7369676E 
 191      65642069 
 192              	.LASF12:
 193 0069 474E5520 		.ascii	"GNU C 4.4.1\000"
 193      4320342E 
 193      342E3100 
 194              	.LASF1:
 195 0075 756E7369 		.ascii	"unsigned char\000"
 195      676E6564 
 195      20636861 
 195      7200
 196              	.LASF11:
 197 0083 63686172 		.ascii	"char\000"
ARM GAS  C:\DOCUME~1\ADMINI~1\LOCALS~1\Temp\ccyw3ZeP.s 			page 5


 197      00
 198              	.LASF4:
 199 0088 6C6F6E67 		.ascii	"long int\000"
 199      20696E74 
 199      00
 200              	.LASF10:
 201 0091 646F7562 		.ascii	"double\000"
 201      6C6500
 202              	.LASF14:
 203 0098 5C5C7073 		.ascii	"\\\\psf\\Home\\Desktop\\PSOC5LP dev\\non-boot-bit-s"
 203      665C486F 
 203      6D655C44 
 203      65736B74 
 203      6F705C50 
 204 00c5 68696674 		.ascii	"hift-CY8C5667\\PioneerKit_P5LP_USB_Audio\\PioneerKi"
 204      2D435938 
 204      43353636 
 204      375C5069 
 204      6F6E6565 
 205 00f6 745F5035 		.ascii	"t_P5LP_USB_Audio.cydsn\000"
 205      4C505F55 
 205      53425F41 
 205      7564696F 
 205      2E637964 
 206              	.LASF15:
 207 010d 49544D5F 		.ascii	"ITM_RxBuffer\000"
 207      52784275 
 207      66666572 
 207      00
 208              	.LASF0:
 209 011a 7369676E 		.ascii	"signed char\000"
 209      65642063 
 209      68617200 
 210              	.LASF9:
 211 0126 666C6F61 		.ascii	"float\000"
 211      7400
 212              	.LASF2:
 213 012c 73686F72 		.ascii	"short int\000"
 213      7420696E 
 213      7400
 214              		.ident	"GCC: (Sourcery G++ Lite 2010q1-188) 4.4.1"
