ARM GAS  C:\DOCUME~1\ADMINI~1\LOCALS~1\Temp\ccC0Ofje.s 			page 1


   1              		.syntax unified
   2              		.cpu cortex-m3
   3              		.fpu softvfp
   4              		.eabi_attribute 20, 1
   5              		.eabi_attribute 21, 1
   6              		.eabi_attribute 23, 3
   7              		.eabi_attribute 24, 1
   8              		.eabi_attribute 25, 1
   9              		.eabi_attribute 26, 1
  10              		.eabi_attribute 30, 6
  11              		.eabi_attribute 18, 4
  12              		.thumb
  13              		.file	"I2CHW.c"
  14              		.section	.debug_abbrev,"",%progbits
  15              	.Ldebug_abbrev0:
  16              		.section	.debug_info,"",%progbits
  17              	.Ldebug_info0:
  18              		.section	.debug_line,"",%progbits
  19              	.Ldebug_line0:
  20 0000 CB000000 		.text
  20      02005E00 
  20      00000201 
  20      FB0E0D00 
  20      01010101 
  21              	.Ltext0:
  22              		.cfi_sections	.debug_frame
  23              		.global	I2CHW_initVar
  24              		.bss
  25              		.type	I2CHW_initVar, %object
  26              		.size	I2CHW_initVar, 1
  27              	I2CHW_initVar:
  28 0000 00       		.space	1
  29              		.comm	I2CHW_state,1,1
  30              		.section	.text.I2CHW_Init,"ax",%progbits
  31              		.align	2
  32              		.global	I2CHW_Init
  33              		.thumb
  34              		.thumb_func
  35              		.type	I2CHW_Init, %function
  36              	I2CHW_Init:
  37              	.LFB0:
  38              		.file 1 ".\\Generated_Source\\PSoC5\\I2CHW.c"
   1:.\Generated_Source\PSoC5/I2CHW.c **** /*******************************************************************************
   2:.\Generated_Source\PSoC5/I2CHW.c **** * File Name: I2CHW.c
   3:.\Generated_Source\PSoC5/I2CHW.c **** * Version 3.30
   4:.\Generated_Source\PSoC5/I2CHW.c **** *
   5:.\Generated_Source\PSoC5/I2CHW.c **** * Description:
   6:.\Generated_Source\PSoC5/I2CHW.c **** *  This file provides the source code of APIs for the I2C component.
   7:.\Generated_Source\PSoC5/I2CHW.c **** *  Actual protocol and operation code resides in the interrupt service routine
   8:.\Generated_Source\PSoC5/I2CHW.c **** *  file.
   9:.\Generated_Source\PSoC5/I2CHW.c **** *
  10:.\Generated_Source\PSoC5/I2CHW.c **** * Note:
  11:.\Generated_Source\PSoC5/I2CHW.c **** *
  12:.\Generated_Source\PSoC5/I2CHW.c **** *******************************************************************************
  13:.\Generated_Source\PSoC5/I2CHW.c **** * Copyright 2008-2012, Cypress Semiconductor Corporation. All rights reserved.
  14:.\Generated_Source\PSoC5/I2CHW.c **** * You may use this file only in accordance with the license, terms, conditions,
  15:.\Generated_Source\PSoC5/I2CHW.c **** * disclaimers, and limitations in the end user license agreement accompanying
ARM GAS  C:\DOCUME~1\ADMINI~1\LOCALS~1\Temp\ccC0Ofje.s 			page 2


  16:.\Generated_Source\PSoC5/I2CHW.c **** * the software package with which this file was provided.
  17:.\Generated_Source\PSoC5/I2CHW.c **** *******************************************************************************/
  18:.\Generated_Source\PSoC5/I2CHW.c **** 
  19:.\Generated_Source\PSoC5/I2CHW.c **** #include "I2CHW_PVT.h"
  20:.\Generated_Source\PSoC5/I2CHW.c **** 
  21:.\Generated_Source\PSoC5/I2CHW.c **** 
  22:.\Generated_Source\PSoC5/I2CHW.c **** /**********************************
  23:.\Generated_Source\PSoC5/I2CHW.c **** *      System variables
  24:.\Generated_Source\PSoC5/I2CHW.c **** **********************************/
  25:.\Generated_Source\PSoC5/I2CHW.c **** 
  26:.\Generated_Source\PSoC5/I2CHW.c **** uint8 I2CHW_initVar = 0u;    /* Defines if component was initialized */
  27:.\Generated_Source\PSoC5/I2CHW.c **** 
  28:.\Generated_Source\PSoC5/I2CHW.c **** volatile uint8 I2CHW_state;  /* Current state of I2C FSM */
  29:.\Generated_Source\PSoC5/I2CHW.c **** 
  30:.\Generated_Source\PSoC5/I2CHW.c **** 
  31:.\Generated_Source\PSoC5/I2CHW.c **** /*******************************************************************************
  32:.\Generated_Source\PSoC5/I2CHW.c **** * Function Name: I2CHW_Init
  33:.\Generated_Source\PSoC5/I2CHW.c **** ********************************************************************************
  34:.\Generated_Source\PSoC5/I2CHW.c **** *
  35:.\Generated_Source\PSoC5/I2CHW.c **** * Summary:
  36:.\Generated_Source\PSoC5/I2CHW.c **** *  Initializes I2C registers with initial values provided from customizer.
  37:.\Generated_Source\PSoC5/I2CHW.c **** *
  38:.\Generated_Source\PSoC5/I2CHW.c **** * Parameters:
  39:.\Generated_Source\PSoC5/I2CHW.c **** *  None
  40:.\Generated_Source\PSoC5/I2CHW.c **** *
  41:.\Generated_Source\PSoC5/I2CHW.c **** * Return:
  42:.\Generated_Source\PSoC5/I2CHW.c **** *  None
  43:.\Generated_Source\PSoC5/I2CHW.c **** *
  44:.\Generated_Source\PSoC5/I2CHW.c **** * Global variables:
  45:.\Generated_Source\PSoC5/I2CHW.c **** *  None
  46:.\Generated_Source\PSoC5/I2CHW.c **** *
  47:.\Generated_Source\PSoC5/I2CHW.c **** * Reentrant:
  48:.\Generated_Source\PSoC5/I2CHW.c **** *  No
  49:.\Generated_Source\PSoC5/I2CHW.c **** *
  50:.\Generated_Source\PSoC5/I2CHW.c **** *******************************************************************************/
  51:.\Generated_Source\PSoC5/I2CHW.c **** void I2CHW_Init(void) 
  52:.\Generated_Source\PSoC5/I2CHW.c **** {
  39              		.loc 1 52 0
  40              		.cfi_startproc
  41              		@ args = 0, pretend = 0, frame = 8
  42              		@ frame_needed = 1, uses_anonymous_args = 0
  43 0000 80B5     		push	{r7, lr}
  44              	.LCFI0:
  45              		.cfi_def_cfa_offset 8
  46 0002 82B0     		sub	sp, sp, #8
  47              	.LCFI1:
  48              		.cfi_def_cfa_offset 16
  49 0004 00AF     		add	r7, sp, #0
  50              		.cfi_offset 14, -4
  51              		.cfi_offset 7, -8
  52              	.LCFI2:
  53              		.cfi_def_cfa_register 7
  53:.\Generated_Source\PSoC5/I2CHW.c ****     #if(I2CHW_FF_IMPLEMENTED)
  54:.\Generated_Source\PSoC5/I2CHW.c ****         I2CHW_CFG_REG  = I2CHW_DEFAULT_CFG;
  55:.\Generated_Source\PSoC5/I2CHW.c ****         I2CHW_XCFG_REG = I2CHW_DEFAULT_XCFG;
  56:.\Generated_Source\PSoC5/I2CHW.c **** 
  57:.\Generated_Source\PSoC5/I2CHW.c ****         #if(CY_PSOC5A)
ARM GAS  C:\DOCUME~1\ADMINI~1\LOCALS~1\Temp\ccC0Ofje.s 			page 3


  58:.\Generated_Source\PSoC5/I2CHW.c ****             I2CHW_CLKDIV_REG  = LO8(I2CHW_DEFAULT_DIVIDE_FACTOR);
  59:.\Generated_Source\PSoC5/I2CHW.c ****         #else
  60:.\Generated_Source\PSoC5/I2CHW.c ****             I2CHW_CLKDIV1_REG = LO8(I2CHW_DEFAULT_DIVIDE_FACTOR);
  61:.\Generated_Source\PSoC5/I2CHW.c ****             I2CHW_CLKDIV2_REG = HI8(I2CHW_DEFAULT_DIVIDE_FACTOR);
  62:.\Generated_Source\PSoC5/I2CHW.c ****         #endif /* (CY_PSOC5A) */
  63:.\Generated_Source\PSoC5/I2CHW.c **** 
  64:.\Generated_Source\PSoC5/I2CHW.c ****     #else
  65:.\Generated_Source\PSoC5/I2CHW.c ****         uint8 enableInterrupts;
  66:.\Generated_Source\PSoC5/I2CHW.c **** 
  67:.\Generated_Source\PSoC5/I2CHW.c ****         I2CHW_CFG_REG      = I2CHW_DEFAULT_CFG;      /* control  */
  54              		.loc 1 67 0
  55 0006 46F27343 		movw	r3, #:lower16:1073767539
  56 000a C4F20003 		movt	r3, #:upper16:1073767539
  57 000e 4FF00002 		mov	r2, #0
  58 0012 1A70     		strb	r2, [r3, #0]
  68:.\Generated_Source\PSoC5/I2CHW.c ****         I2CHW_INT_MASK_REG = I2CHW_DEFAULT_INT_MASK; /* int_mask */
  59              		.loc 1 68 0
  60 0014 46F28743 		movw	r3, #:lower16:1073767559
  61 0018 C4F20003 		movt	r3, #:upper16:1073767559
  62 001c 4FF00102 		mov	r2, #1
  63 0020 1A70     		strb	r2, [r3, #0]
  69:.\Generated_Source\PSoC5/I2CHW.c **** 
  70:.\Generated_Source\PSoC5/I2CHW.c ****         /* Enable interrupts from block */
  71:.\Generated_Source\PSoC5/I2CHW.c ****         enableInterrupts = CyEnterCriticalSection();
  64              		.loc 1 71 0
  65 0022 FFF7FEFF 		bl	CyEnterCriticalSection
  66 0026 0346     		mov	r3, r0
  67 0028 FB71     		strb	r3, [r7, #7]
  72:.\Generated_Source\PSoC5/I2CHW.c ****         I2CHW_INT_ENABLE_REG |= I2CHW_INTR_ENABLE; /* aux_ctl */
  68              		.loc 1 72 0
  69 002a 46F29743 		movw	r3, #:lower16:1073767575
  70 002e C4F20003 		movt	r3, #:upper16:1073767575
  71 0032 46F29742 		movw	r2, #:lower16:1073767575
  72 0036 C4F20002 		movt	r2, #:upper16:1073767575
  73 003a 1278     		ldrb	r2, [r2, #0]
  74 003c D2B2     		uxtb	r2, r2
  75 003e 42F01002 		orr	r2, r2, #16
  76 0042 D2B2     		uxtb	r2, r2
  77 0044 1A70     		strb	r2, [r3, #0]
  73:.\Generated_Source\PSoC5/I2CHW.c ****         CyExitCriticalSection(enableInterrupts);
  78              		.loc 1 73 0
  79 0046 FB79     		ldrb	r3, [r7, #7]	@ zero_extendqisi2
  80 0048 1846     		mov	r0, r3
  81 004a FFF7FEFF 		bl	CyExitCriticalSection
  74:.\Generated_Source\PSoC5/I2CHW.c **** 
  75:.\Generated_Source\PSoC5/I2CHW.c ****         #if(I2CHW_MODE_MASTER_ENABLED)
  76:.\Generated_Source\PSoC5/I2CHW.c ****             I2CHW_MCLK_PRD_REG = I2CHW_DEFAULT_MCLK_PRD;
  82              		.loc 1 76 0
  83 004e 46F22653 		movw	r3, #:lower16:1073767718
  84 0052 C4F20003 		movt	r3, #:upper16:1073767718
  85 0056 4FF00F02 		mov	r2, #15
  86 005a 1A70     		strb	r2, [r3, #0]
  77:.\Generated_Source\PSoC5/I2CHW.c ****             I2CHW_MCLK_CMP_REG = I2CHW_DEFAULT_MCLK_CMP;
  87              		.loc 1 77 0
  88 005c 46F23653 		movw	r3, #:lower16:1073767734
  89 0060 C4F20003 		movt	r3, #:upper16:1073767734
  90 0064 4FF00802 		mov	r2, #8
ARM GAS  C:\DOCUME~1\ADMINI~1\LOCALS~1\Temp\ccC0Ofje.s 			page 4


  91 0068 1A70     		strb	r2, [r3, #0]
  78:.\Generated_Source\PSoC5/I2CHW.c ****          #endif /* (I2CHW_MODE_MASTER_ENABLED) */
  79:.\Generated_Source\PSoC5/I2CHW.c **** 
  80:.\Generated_Source\PSoC5/I2CHW.c ****         #if(I2CHW_MODE_SLAVE_ENABLED)
  81:.\Generated_Source\PSoC5/I2CHW.c ****             I2CHW_PERIOD_REG = I2CHW_DEFAULT_PERIOD;
  82:.\Generated_Source\PSoC5/I2CHW.c ****         #endif  /* (I2CHW_MODE_SLAVE_ENABLED) */
  83:.\Generated_Source\PSoC5/I2CHW.c **** 
  84:.\Generated_Source\PSoC5/I2CHW.c ****     #endif /* (I2CHW_FF_IMPLEMENTED) */
  85:.\Generated_Source\PSoC5/I2CHW.c **** 
  86:.\Generated_Source\PSoC5/I2CHW.c ****     #if(I2CHW_TIMEOUT_ENABLED)
  87:.\Generated_Source\PSoC5/I2CHW.c ****         I2CHW_TimeoutInit();
  88:.\Generated_Source\PSoC5/I2CHW.c ****     #endif /* (I2CHW_TIMEOUT_ENABLED) */
  89:.\Generated_Source\PSoC5/I2CHW.c **** 
  90:.\Generated_Source\PSoC5/I2CHW.c ****     /* Disable Interrupt and set vector and priority */
  91:.\Generated_Source\PSoC5/I2CHW.c ****     CyIntDisable    (I2CHW_ISR_NUMBER);
  92              		.loc 1 91 0
  93 006a 4EF28013 		movw	r3, #:lower16:-536813184
  94 006e CEF20003 		movt	r3, #:upper16:-536813184
  95 0072 4FF00102 		mov	r2, #1
  96 0076 1A60     		str	r2, [r3, #0]
  92:.\Generated_Source\PSoC5/I2CHW.c ****     CyIntSetPriority(I2CHW_ISR_NUMBER, I2CHW_ISR_PRIORITY);
  97              		.loc 1 92 0
  98 0078 4FF00000 		mov	r0, #0
  99 007c 4FF00501 		mov	r1, #5
 100 0080 FFF7FEFF 		bl	CyIntSetPriority
  93:.\Generated_Source\PSoC5/I2CHW.c ****     #if(I2CHW_INTERN_I2C_INTR_HANDLER)
  94:.\Generated_Source\PSoC5/I2CHW.c ****         (void) CyIntSetVector(I2CHW_ISR_NUMBER, &I2CHW_ISR);
 101              		.loc 1 94 0
 102 0084 4FF00000 		mov	r0, #0
 103 0088 40F20001 		movw	r1, #:lower16:I2CHW_ISR
 104 008c C0F20001 		movt	r1, #:upper16:I2CHW_ISR
 105 0090 FFF7FEFF 		bl	CyIntSetVector
  95:.\Generated_Source\PSoC5/I2CHW.c ****     #endif /* (I2CHW_INTERN_I2C_INTR_HANDLER) */
  96:.\Generated_Source\PSoC5/I2CHW.c **** 
  97:.\Generated_Source\PSoC5/I2CHW.c **** 
  98:.\Generated_Source\PSoC5/I2CHW.c ****     /* Put state machine in idle state */
  99:.\Generated_Source\PSoC5/I2CHW.c ****     I2CHW_state = I2CHW_SM_IDLE;
 106              		.loc 1 99 0
 107 0094 40F20003 		movw	r3, #:lower16:I2CHW_state
 108 0098 C0F20003 		movt	r3, #:upper16:I2CHW_state
 109 009c 4FF01002 		mov	r2, #16
 110 00a0 1A70     		strb	r2, [r3, #0]
 100:.\Generated_Source\PSoC5/I2CHW.c **** 
 101:.\Generated_Source\PSoC5/I2CHW.c ****     #if(I2CHW_MODE_SLAVE_ENABLED)
 102:.\Generated_Source\PSoC5/I2CHW.c ****         /* Reset status and buffers index */
 103:.\Generated_Source\PSoC5/I2CHW.c ****         I2CHW_SlaveClearReadBuf();
 104:.\Generated_Source\PSoC5/I2CHW.c ****         I2CHW_SlaveClearWriteBuf();
 105:.\Generated_Source\PSoC5/I2CHW.c ****         I2CHW_slStatus = 0u; /* Reset slave status */
 106:.\Generated_Source\PSoC5/I2CHW.c **** 
 107:.\Generated_Source\PSoC5/I2CHW.c ****         /* Set default address */
 108:.\Generated_Source\PSoC5/I2CHW.c ****         I2CHW_SlaveSetAddress(I2CHW_DEFAULT_ADDR);
 109:.\Generated_Source\PSoC5/I2CHW.c ****     #endif /* (I2CHW_MODE_SLAVE_ENABLED) */
 110:.\Generated_Source\PSoC5/I2CHW.c **** 
 111:.\Generated_Source\PSoC5/I2CHW.c ****     #if(I2CHW_MODE_MASTER_ENABLED)
 112:.\Generated_Source\PSoC5/I2CHW.c ****         /* Reset status and buffers index */
 113:.\Generated_Source\PSoC5/I2CHW.c ****         I2CHW_MasterClearReadBuf();
 111              		.loc 1 113 0
ARM GAS  C:\DOCUME~1\ADMINI~1\LOCALS~1\Temp\ccC0Ofje.s 			page 5


 112 00a2 FFF7FEFF 		bl	I2CHW_MasterClearReadBuf
 114:.\Generated_Source\PSoC5/I2CHW.c ****         I2CHW_MasterClearWriteBuf();
 113              		.loc 1 114 0
 114 00a6 FFF7FEFF 		bl	I2CHW_MasterClearWriteBuf
 115:.\Generated_Source\PSoC5/I2CHW.c ****         (void) I2CHW_MasterClearStatus();
 115              		.loc 1 115 0
 116 00aa FFF7FEFF 		bl	I2CHW_MasterClearStatus
 116:.\Generated_Source\PSoC5/I2CHW.c ****     #endif /* (I2CHW_MODE_MASTER_ENABLED) */
 117:.\Generated_Source\PSoC5/I2CHW.c **** }
 117              		.loc 1 117 0
 118 00ae 07F10807 		add	r7, r7, #8
 119 00b2 BD46     		mov	sp, r7
 120 00b4 80BD     		pop	{r7, pc}
 121              		.cfi_endproc
 122              	.LFE0:
 123              		.size	I2CHW_Init, .-I2CHW_Init
 124 00b6 00BF     		.section	.text.I2CHW_Enable,"ax",%progbits
 125              		.align	2
 126              		.global	I2CHW_Enable
 127              		.thumb
 128              		.thumb_func
 129              		.type	I2CHW_Enable, %function
 130              	I2CHW_Enable:
 131              	.LFB1:
 118:.\Generated_Source\PSoC5/I2CHW.c **** 
 119:.\Generated_Source\PSoC5/I2CHW.c **** 
 120:.\Generated_Source\PSoC5/I2CHW.c **** /*******************************************************************************
 121:.\Generated_Source\PSoC5/I2CHW.c **** * Function Name: I2CHW_Enable
 122:.\Generated_Source\PSoC5/I2CHW.c **** ********************************************************************************
 123:.\Generated_Source\PSoC5/I2CHW.c **** *
 124:.\Generated_Source\PSoC5/I2CHW.c **** * Summary:
 125:.\Generated_Source\PSoC5/I2CHW.c **** *  Enables I2C operations.
 126:.\Generated_Source\PSoC5/I2CHW.c **** *
 127:.\Generated_Source\PSoC5/I2CHW.c **** * Parameters:
 128:.\Generated_Source\PSoC5/I2CHW.c **** *  None
 129:.\Generated_Source\PSoC5/I2CHW.c **** *
 130:.\Generated_Source\PSoC5/I2CHW.c **** * Return:
 131:.\Generated_Source\PSoC5/I2CHW.c **** *  None
 132:.\Generated_Source\PSoC5/I2CHW.c **** *
 133:.\Generated_Source\PSoC5/I2CHW.c **** * Global variables:
 134:.\Generated_Source\PSoC5/I2CHW.c **** *  None
 135:.\Generated_Source\PSoC5/I2CHW.c **** *
 136:.\Generated_Source\PSoC5/I2CHW.c **** *******************************************************************************/
 137:.\Generated_Source\PSoC5/I2CHW.c **** void I2CHW_Enable(void) 
 138:.\Generated_Source\PSoC5/I2CHW.c **** {
 132              		.loc 1 138 0
 133              		.cfi_startproc
 134              		@ args = 0, pretend = 0, frame = 0
 135              		@ frame_needed = 1, uses_anonymous_args = 0
 136              		@ link register save eliminated.
 137 0000 80B4     		push	{r7}
 138              	.LCFI3:
 139              		.cfi_def_cfa_offset 4
 140 0002 00AF     		add	r7, sp, #0
 141              		.cfi_offset 7, -4
 142              	.LCFI4:
 143              		.cfi_def_cfa_register 7
ARM GAS  C:\DOCUME~1\ADMINI~1\LOCALS~1\Temp\ccC0Ofje.s 			page 6


 139:.\Generated_Source\PSoC5/I2CHW.c ****     #if(I2CHW_FF_IMPLEMENTED)
 140:.\Generated_Source\PSoC5/I2CHW.c ****         uint8 enableInterrupts;
 141:.\Generated_Source\PSoC5/I2CHW.c **** 
 142:.\Generated_Source\PSoC5/I2CHW.c ****         /* Enable power to I2C FF block */
 143:.\Generated_Source\PSoC5/I2CHW.c ****         enableInterrupts = CyEnterCriticalSection();
 144:.\Generated_Source\PSoC5/I2CHW.c ****         I2CHW_ACT_PWRMGR_REG  |= I2CHW_ACT_PWR_EN;
 145:.\Generated_Source\PSoC5/I2CHW.c ****         I2CHW_STBY_PWRMGR_REG |= I2CHW_STBY_PWR_EN;
 146:.\Generated_Source\PSoC5/I2CHW.c ****         CyExitCriticalSection(enableInterrupts);
 147:.\Generated_Source\PSoC5/I2CHW.c **** 
 148:.\Generated_Source\PSoC5/I2CHW.c ****     #else
 149:.\Generated_Source\PSoC5/I2CHW.c **** 
 150:.\Generated_Source\PSoC5/I2CHW.c ****         #if(I2CHW_MODE_SLAVE_ENABLED)
 151:.\Generated_Source\PSoC5/I2CHW.c ****             uint8 enableInterrupts;
 152:.\Generated_Source\PSoC5/I2CHW.c ****         #endif /* (I2CHW_MODE_SLAVE_ENABLED) */
 153:.\Generated_Source\PSoC5/I2CHW.c **** 
 154:.\Generated_Source\PSoC5/I2CHW.c ****         #if(I2CHW_MODE_SLAVE_ENABLED)
 155:.\Generated_Source\PSoC5/I2CHW.c ****             /* Enable slave bit counter */
 156:.\Generated_Source\PSoC5/I2CHW.c ****             enableInterrupts = CyEnterCriticalSection();
 157:.\Generated_Source\PSoC5/I2CHW.c ****             I2CHW_COUNTER_AUX_CTL_REG |= I2CHW_CNT7_ENABLE;   /* aux_ctl */
 158:.\Generated_Source\PSoC5/I2CHW.c ****             CyExitCriticalSection(enableInterrupts);
 159:.\Generated_Source\PSoC5/I2CHW.c ****         #endif /* (I2CHW_MODE_SLAVE_ENABLED) */
 160:.\Generated_Source\PSoC5/I2CHW.c **** 
 161:.\Generated_Source\PSoC5/I2CHW.c ****         I2CHW_CFG_REG |= I2CHW_ENABLE_MS;
 144              		.loc 1 161 0
 145 0004 46F27343 		movw	r3, #:lower16:1073767539
 146 0008 C4F20003 		movt	r3, #:upper16:1073767539
 147 000c 46F27342 		movw	r2, #:lower16:1073767539
 148 0010 C4F20002 		movt	r2, #:upper16:1073767539
 149 0014 1278     		ldrb	r2, [r2, #0]
 150 0016 D2B2     		uxtb	r2, r2
 151 0018 42F00202 		orr	r2, r2, #2
 152 001c D2B2     		uxtb	r2, r2
 153 001e 1A70     		strb	r2, [r3, #0]
 162:.\Generated_Source\PSoC5/I2CHW.c **** 
 163:.\Generated_Source\PSoC5/I2CHW.c ****     #endif /* (I2CHW_FF_IMPLEMENTED) */
 164:.\Generated_Source\PSoC5/I2CHW.c **** 
 165:.\Generated_Source\PSoC5/I2CHW.c ****     #if(I2CHW_TIMEOUT_ENABLED)
 166:.\Generated_Source\PSoC5/I2CHW.c ****         I2CHW_TimeoutEnable();
 167:.\Generated_Source\PSoC5/I2CHW.c ****     #endif /* (I2CHW_TIMEOUT_ENABLED) */
 168:.\Generated_Source\PSoC5/I2CHW.c **** }
 154              		.loc 1 168 0
 155 0020 BD46     		mov	sp, r7
 156 0022 80BC     		pop	{r7}
 157 0024 7047     		bx	lr
 158              		.cfi_endproc
 159              	.LFE1:
 160              		.size	I2CHW_Enable, .-I2CHW_Enable
 161 0026 00BF     		.section	.text.I2CHW_Start,"ax",%progbits
 162              		.align	2
 163              		.global	I2CHW_Start
 164              		.thumb
 165              		.thumb_func
 166              		.type	I2CHW_Start, %function
 167              	I2CHW_Start:
 168              	.LFB2:
 169:.\Generated_Source\PSoC5/I2CHW.c **** 
 170:.\Generated_Source\PSoC5/I2CHW.c **** 
ARM GAS  C:\DOCUME~1\ADMINI~1\LOCALS~1\Temp\ccC0Ofje.s 			page 7


 171:.\Generated_Source\PSoC5/I2CHW.c **** /*******************************************************************************
 172:.\Generated_Source\PSoC5/I2CHW.c **** * Function Name: I2CHW_Start
 173:.\Generated_Source\PSoC5/I2CHW.c **** ********************************************************************************
 174:.\Generated_Source\PSoC5/I2CHW.c **** *
 175:.\Generated_Source\PSoC5/I2CHW.c **** * Summary:
 176:.\Generated_Source\PSoC5/I2CHW.c **** *  Starts the I2C hardware. Enables Active mode power template bits or clock
 177:.\Generated_Source\PSoC5/I2CHW.c **** *  gating as appropriate. It is required to be executed before I2C bus
 178:.\Generated_Source\PSoC5/I2CHW.c **** *  operation.
 179:.\Generated_Source\PSoC5/I2CHW.c **** *  The I2C interrupt remains disabled after this function call.
 180:.\Generated_Source\PSoC5/I2CHW.c **** *
 181:.\Generated_Source\PSoC5/I2CHW.c **** * Parameters:
 182:.\Generated_Source\PSoC5/I2CHW.c **** *  None
 183:.\Generated_Source\PSoC5/I2CHW.c **** *
 184:.\Generated_Source\PSoC5/I2CHW.c **** * Return:
 185:.\Generated_Source\PSoC5/I2CHW.c **** *  None
 186:.\Generated_Source\PSoC5/I2CHW.c **** *
 187:.\Generated_Source\PSoC5/I2CHW.c **** * Side Effects:
 188:.\Generated_Source\PSoC5/I2CHW.c **** *  This component automatically enables it's interrupt.  If I2C is enabled
 189:.\Generated_Source\PSoC5/I2CHW.c **** *  without the interrupt enabled, it could lock up the I2C bus.
 190:.\Generated_Source\PSoC5/I2CHW.c **** *
 191:.\Generated_Source\PSoC5/I2CHW.c **** * Global variables:
 192:.\Generated_Source\PSoC5/I2CHW.c **** *  I2CHW_initVar - used to check initial configuration, modified
 193:.\Generated_Source\PSoC5/I2CHW.c **** *  on first function call.
 194:.\Generated_Source\PSoC5/I2CHW.c **** *
 195:.\Generated_Source\PSoC5/I2CHW.c **** * Reentrant:
 196:.\Generated_Source\PSoC5/I2CHW.c **** *  No
 197:.\Generated_Source\PSoC5/I2CHW.c **** *
 198:.\Generated_Source\PSoC5/I2CHW.c **** *******************************************************************************/
 199:.\Generated_Source\PSoC5/I2CHW.c **** void I2CHW_Start(void) 
 200:.\Generated_Source\PSoC5/I2CHW.c **** {
 169              		.loc 1 200 0
 170              		.cfi_startproc
 171              		@ args = 0, pretend = 0, frame = 0
 172              		@ frame_needed = 1, uses_anonymous_args = 0
 173 0000 80B5     		push	{r7, lr}
 174              	.LCFI5:
 175              		.cfi_def_cfa_offset 8
 176 0002 00AF     		add	r7, sp, #0
 177              		.cfi_offset 14, -4
 178              		.cfi_offset 7, -8
 179              	.LCFI6:
 180              		.cfi_def_cfa_register 7
 201:.\Generated_Source\PSoC5/I2CHW.c ****     /* Initialize I2C registers, reset I2C buffer index and clears status */
 202:.\Generated_Source\PSoC5/I2CHW.c ****     if(0u == I2CHW_initVar)
 181              		.loc 1 202 0
 182 0004 40F20003 		movw	r3, #:lower16:I2CHW_initVar
 183 0008 C0F20003 		movt	r3, #:upper16:I2CHW_initVar
 184 000c 1B78     		ldrb	r3, [r3, #0]	@ zero_extendqisi2
 185 000e 002B     		cmp	r3, #0
 186 0010 08D1     		bne	.L6
 203:.\Generated_Source\PSoC5/I2CHW.c ****     {
 204:.\Generated_Source\PSoC5/I2CHW.c ****         I2CHW_Init();
 187              		.loc 1 204 0
 188 0012 FFF7FEFF 		bl	I2CHW_Init
 205:.\Generated_Source\PSoC5/I2CHW.c ****         I2CHW_initVar = 1u; /* Component initialized */
 189              		.loc 1 205 0
 190 0016 40F20003 		movw	r3, #:lower16:I2CHW_initVar
ARM GAS  C:\DOCUME~1\ADMINI~1\LOCALS~1\Temp\ccC0Ofje.s 			page 8


 191 001a C0F20003 		movt	r3, #:upper16:I2CHW_initVar
 192 001e 4FF00102 		mov	r2, #1
 193 0022 1A70     		strb	r2, [r3, #0]
 194              	.L6:
 206:.\Generated_Source\PSoC5/I2CHW.c ****     }
 207:.\Generated_Source\PSoC5/I2CHW.c **** 
 208:.\Generated_Source\PSoC5/I2CHW.c ****     I2CHW_Enable();
 195              		.loc 1 208 0
 196 0024 FFF7FEFF 		bl	I2CHW_Enable
 209:.\Generated_Source\PSoC5/I2CHW.c ****     I2CHW_EnableInt();
 197              		.loc 1 209 0
 198 0028 4EF20013 		movw	r3, #:lower16:-536813312
 199 002c CEF20003 		movt	r3, #:upper16:-536813312
 200 0030 4FF00102 		mov	r2, #1
 201 0034 1A60     		str	r2, [r3, #0]
 210:.\Generated_Source\PSoC5/I2CHW.c **** }
 202              		.loc 1 210 0
 203 0036 80BD     		pop	{r7, pc}
 204              		.cfi_endproc
 205              	.LFE2:
 206              		.size	I2CHW_Start, .-I2CHW_Start
 207              		.section	.text.I2CHW_Stop,"ax",%progbits
 208              		.align	2
 209              		.global	I2CHW_Stop
 210              		.thumb
 211              		.thumb_func
 212              		.type	I2CHW_Stop, %function
 213              	I2CHW_Stop:
 214              	.LFB3:
 211:.\Generated_Source\PSoC5/I2CHW.c **** 
 212:.\Generated_Source\PSoC5/I2CHW.c **** 
 213:.\Generated_Source\PSoC5/I2CHW.c **** /*******************************************************************************
 214:.\Generated_Source\PSoC5/I2CHW.c **** * Function Name: I2CHW_Stop
 215:.\Generated_Source\PSoC5/I2CHW.c **** ********************************************************************************
 216:.\Generated_Source\PSoC5/I2CHW.c **** *
 217:.\Generated_Source\PSoC5/I2CHW.c **** * Summary:
 218:.\Generated_Source\PSoC5/I2CHW.c **** *  Disables I2C hardware and disables I2C interrupt. Disables Active mode power
 219:.\Generated_Source\PSoC5/I2CHW.c **** *  template bits or clock gating as appropriate.
 220:.\Generated_Source\PSoC5/I2CHW.c **** *
 221:.\Generated_Source\PSoC5/I2CHW.c **** * Parameters:
 222:.\Generated_Source\PSoC5/I2CHW.c **** *  None
 223:.\Generated_Source\PSoC5/I2CHW.c **** *
 224:.\Generated_Source\PSoC5/I2CHW.c **** * Return:
 225:.\Generated_Source\PSoC5/I2CHW.c **** *  None
 226:.\Generated_Source\PSoC5/I2CHW.c **** *
 227:.\Generated_Source\PSoC5/I2CHW.c **** *******************************************************************************/
 228:.\Generated_Source\PSoC5/I2CHW.c **** void I2CHW_Stop(void) 
 229:.\Generated_Source\PSoC5/I2CHW.c **** {
 215              		.loc 1 229 0
 216              		.cfi_startproc
 217              		@ args = 0, pretend = 0, frame = 0
 218              		@ frame_needed = 1, uses_anonymous_args = 0
 219              		@ link register save eliminated.
 220 0000 80B4     		push	{r7}
 221              	.LCFI7:
 222              		.cfi_def_cfa_offset 4
 223 0002 00AF     		add	r7, sp, #0
ARM GAS  C:\DOCUME~1\ADMINI~1\LOCALS~1\Temp\ccC0Ofje.s 			page 9


 224              		.cfi_offset 7, -4
 225              	.LCFI8:
 226              		.cfi_def_cfa_register 7
 230:.\Generated_Source\PSoC5/I2CHW.c ****     #if((I2CHW_FF_IMPLEMENTED)  || \
 231:.\Generated_Source\PSoC5/I2CHW.c ****         (I2CHW_UDB_IMPLEMENTED && I2CHW_MODE_SLAVE_ENABLED))
 232:.\Generated_Source\PSoC5/I2CHW.c ****         uint8 enableInterrupts;
 233:.\Generated_Source\PSoC5/I2CHW.c ****     #endif /* ((I2CHW_FF_IMPLEMENTED)  || \
 234:.\Generated_Source\PSoC5/I2CHW.c ****                (I2CHW_UDB_IMPLEMENTED && I2CHW_MODE_SLAVE_ENABLED)) */
 235:.\Generated_Source\PSoC5/I2CHW.c **** 
 236:.\Generated_Source\PSoC5/I2CHW.c ****     I2CHW_DisableInt();
 227              		.loc 1 236 0
 228 0004 4EF28013 		movw	r3, #:lower16:-536813184
 229 0008 CEF20003 		movt	r3, #:upper16:-536813184
 230 000c 4FF00102 		mov	r2, #1
 231 0010 1A60     		str	r2, [r3, #0]
 237:.\Generated_Source\PSoC5/I2CHW.c **** 
 238:.\Generated_Source\PSoC5/I2CHW.c ****     I2CHW_DISABLE_INT_ON_STOP;   /* Interrupt on Stop can be enabled by write */
 232              		.loc 1 238 0
 233 0012 46F28743 		movw	r3, #:lower16:1073767559
 234 0016 C4F20003 		movt	r3, #:upper16:1073767559
 235 001a 46F28742 		movw	r2, #:lower16:1073767559
 236 001e C4F20002 		movt	r2, #:upper16:1073767559
 237 0022 1278     		ldrb	r2, [r2, #0]
 238 0024 D2B2     		uxtb	r2, r2
 239 0026 02F0DF02 		and	r2, r2, #223
 240 002a 1A70     		strb	r2, [r3, #0]
 239:.\Generated_Source\PSoC5/I2CHW.c ****     (void) I2CHW_CSR_REG;        /* Clear CSR reg */
 241              		.loc 1 239 0
 242 002c 46F26743 		movw	r3, #:lower16:1073767527
 243 0030 C4F20003 		movt	r3, #:upper16:1073767527
 244 0034 1B78     		ldrb	r3, [r3, #0]
 240:.\Generated_Source\PSoC5/I2CHW.c ****     
 241:.\Generated_Source\PSoC5/I2CHW.c ****     #if(I2CHW_TIMEOUT_ENABLED)
 242:.\Generated_Source\PSoC5/I2CHW.c ****         I2CHW_TimeoutStop();
 243:.\Generated_Source\PSoC5/I2CHW.c ****     #endif  /* End (I2CHW_TIMEOUT_ENABLED) */
 244:.\Generated_Source\PSoC5/I2CHW.c **** 
 245:.\Generated_Source\PSoC5/I2CHW.c ****     #if(I2CHW_FF_IMPLEMENTED)
 246:.\Generated_Source\PSoC5/I2CHW.c ****         #if(CY_PSOC3 || CY_PSOC5LP)
 247:.\Generated_Source\PSoC5/I2CHW.c ****             /* Store registers which are held in reset when Master and Slave bits are cleared */
 248:.\Generated_Source\PSoC5/I2CHW.c ****             #if(I2CHW_MODE_SLAVE_ENABLED)
 249:.\Generated_Source\PSoC5/I2CHW.c ****                 I2CHW_backup.addr = I2CHW_ADDR_REG;
 250:.\Generated_Source\PSoC5/I2CHW.c ****             #endif /* (I2CHW_MODE_SLAVE_ENABLED) */
 251:.\Generated_Source\PSoC5/I2CHW.c **** 
 252:.\Generated_Source\PSoC5/I2CHW.c ****             I2CHW_backup.clkDiv1  = I2CHW_CLKDIV1_REG;
 253:.\Generated_Source\PSoC5/I2CHW.c ****             I2CHW_backup.clkDiv2  = I2CHW_CLKDIV2_REG;
 254:.\Generated_Source\PSoC5/I2CHW.c **** 
 255:.\Generated_Source\PSoC5/I2CHW.c **** 
 256:.\Generated_Source\PSoC5/I2CHW.c ****             /* Reset FF block */
 257:.\Generated_Source\PSoC5/I2CHW.c ****             I2CHW_CFG_REG &= ((uint8) ~I2CHW_ENABLE_MS);
 258:.\Generated_Source\PSoC5/I2CHW.c ****             CyDelayUs(I2CHW_FF_RESET_DELAY);
 259:.\Generated_Source\PSoC5/I2CHW.c ****             I2CHW_CFG_REG |= ((uint8)  I2CHW_ENABLE_MS);
 260:.\Generated_Source\PSoC5/I2CHW.c **** 
 261:.\Generated_Source\PSoC5/I2CHW.c **** 
 262:.\Generated_Source\PSoC5/I2CHW.c ****             /* Restore registers */
 263:.\Generated_Source\PSoC5/I2CHW.c ****             #if(I2CHW_MODE_SLAVE_ENABLED)
 264:.\Generated_Source\PSoC5/I2CHW.c ****                 I2CHW_ADDR_REG = I2CHW_backup.addr;
 265:.\Generated_Source\PSoC5/I2CHW.c ****             #endif /* (I2CHW_MODE_SLAVE_ENABLED) */
ARM GAS  C:\DOCUME~1\ADMINI~1\LOCALS~1\Temp\ccC0Ofje.s 			page 10


 266:.\Generated_Source\PSoC5/I2CHW.c **** 
 267:.\Generated_Source\PSoC5/I2CHW.c ****             I2CHW_CLKDIV1_REG = I2CHW_backup.clkDiv1;
 268:.\Generated_Source\PSoC5/I2CHW.c ****             I2CHW_CLKDIV2_REG = I2CHW_backup.clkDiv2;
 269:.\Generated_Source\PSoC5/I2CHW.c **** 
 270:.\Generated_Source\PSoC5/I2CHW.c ****         #endif /* (CY_PSOC3 || CY_PSOC5LP) */
 271:.\Generated_Source\PSoC5/I2CHW.c **** 
 272:.\Generated_Source\PSoC5/I2CHW.c ****         /* Disable power to I2C block */
 273:.\Generated_Source\PSoC5/I2CHW.c ****         enableInterrupts = CyEnterCriticalSection();
 274:.\Generated_Source\PSoC5/I2CHW.c ****         I2CHW_ACT_PWRMGR_REG  &= ((uint8) ~I2CHW_ACT_PWR_EN);
 275:.\Generated_Source\PSoC5/I2CHW.c ****         I2CHW_STBY_PWRMGR_REG &= ((uint8) ~I2CHW_STBY_PWR_EN);
 276:.\Generated_Source\PSoC5/I2CHW.c ****         CyExitCriticalSection(enableInterrupts);
 277:.\Generated_Source\PSoC5/I2CHW.c **** 
 278:.\Generated_Source\PSoC5/I2CHW.c ****     #else
 279:.\Generated_Source\PSoC5/I2CHW.c **** 
 280:.\Generated_Source\PSoC5/I2CHW.c ****         #if(I2CHW_MODE_SLAVE_ENABLED)
 281:.\Generated_Source\PSoC5/I2CHW.c ****             /* Disable slave bit counter */
 282:.\Generated_Source\PSoC5/I2CHW.c ****             enableInterrupts = CyEnterCriticalSection();
 283:.\Generated_Source\PSoC5/I2CHW.c ****             I2CHW_COUNTER_AUX_CTL_REG &= ((uint8) ~I2CHW_CNT7_ENABLE);
 284:.\Generated_Source\PSoC5/I2CHW.c ****             CyExitCriticalSection(enableInterrupts);
 285:.\Generated_Source\PSoC5/I2CHW.c ****         #endif /* (I2CHW_MODE_SLAVE_ENABLED) */
 286:.\Generated_Source\PSoC5/I2CHW.c **** 
 287:.\Generated_Source\PSoC5/I2CHW.c ****         I2CHW_CFG_REG &= ((uint8) ~I2CHW_ENABLE_MS);
 245              		.loc 1 287 0
 246 0036 46F27343 		movw	r3, #:lower16:1073767539
 247 003a C4F20003 		movt	r3, #:upper16:1073767539
 248 003e 46F27342 		movw	r2, #:lower16:1073767539
 249 0042 C4F20002 		movt	r2, #:upper16:1073767539
 250 0046 1278     		ldrb	r2, [r2, #0]
 251 0048 D2B2     		uxtb	r2, r2
 252 004a 02F0FD02 		and	r2, r2, #253
 253 004e 1A70     		strb	r2, [r3, #0]
 288:.\Generated_Source\PSoC5/I2CHW.c **** 
 289:.\Generated_Source\PSoC5/I2CHW.c ****     #endif /* (I2CHW_FF_IMPLEMENTED) */
 290:.\Generated_Source\PSoC5/I2CHW.c **** 
 291:.\Generated_Source\PSoC5/I2CHW.c ****     I2CHW_ClearPendingInt();  /* Clear interrupt triggers on reset */
 254              		.loc 1 291 0
 255 0050 4EF28023 		movw	r3, #:lower16:-536812928
 256 0054 CEF20003 		movt	r3, #:upper16:-536812928
 257 0058 4FF00102 		mov	r2, #1
 258 005c 1A60     		str	r2, [r3, #0]
 292:.\Generated_Source\PSoC5/I2CHW.c **** 
 293:.\Generated_Source\PSoC5/I2CHW.c ****     I2CHW_state = I2CHW_SM_IDLE;  /* Reset software FSM */
 259              		.loc 1 293 0
 260 005e 40F20003 		movw	r3, #:lower16:I2CHW_state
 261 0062 C0F20003 		movt	r3, #:upper16:I2CHW_state
 262 0066 4FF01002 		mov	r2, #16
 263 006a 1A70     		strb	r2, [r3, #0]
 294:.\Generated_Source\PSoC5/I2CHW.c **** }
 264              		.loc 1 294 0
 265 006c BD46     		mov	sp, r7
 266 006e 80BC     		pop	{r7}
 267 0070 7047     		bx	lr
 268              		.cfi_endproc
 269              	.LFE3:
 270              		.size	I2CHW_Stop, .-I2CHW_Stop
 271 0072 00BF     		.text
 272              	.Letext0:
ARM GAS  C:\DOCUME~1\ADMINI~1\LOCALS~1\Temp\ccC0Ofje.s 			page 11


 273              		.section	.debug_loc,"",%progbits
 274              	.Ldebug_loc0:
 275              	.LLST0:
 276 0000 00000000 		.4byte	.LFB0
 277 0004 02000000 		.4byte	.LCFI0
 278 0008 0100     		.2byte	0x1
 279 000a 5D       		.byte	0x5d
 280 000b 02000000 		.4byte	.LCFI0
 281 000f 04000000 		.4byte	.LCFI1
 282 0013 0200     		.2byte	0x2
 283 0015 7D       		.byte	0x7d
 284 0016 08       		.sleb128 8
 285 0017 04000000 		.4byte	.LCFI1
 286 001b 06000000 		.4byte	.LCFI2
 287 001f 0200     		.2byte	0x2
 288 0021 7D       		.byte	0x7d
 289 0022 10       		.sleb128 16
 290 0023 06000000 		.4byte	.LCFI2
 291 0027 B6000000 		.4byte	.LFE0
 292 002b 0200     		.2byte	0x2
 293 002d 77       		.byte	0x77
 294 002e 10       		.sleb128 16
 295 002f 00000000 		.4byte	0x0
 296 0033 00000000 		.4byte	0x0
 297              	.LLST1:
 298 0037 00000000 		.4byte	.LFB1
 299 003b 02000000 		.4byte	.LCFI3
 300 003f 0100     		.2byte	0x1
 301 0041 5D       		.byte	0x5d
 302 0042 02000000 		.4byte	.LCFI3
 303 0046 04000000 		.4byte	.LCFI4
 304 004a 0200     		.2byte	0x2
 305 004c 7D       		.byte	0x7d
 306 004d 04       		.sleb128 4
 307 004e 04000000 		.4byte	.LCFI4
 308 0052 26000000 		.4byte	.LFE1
 309 0056 0200     		.2byte	0x2
 310 0058 77       		.byte	0x77
 311 0059 04       		.sleb128 4
 312 005a 00000000 		.4byte	0x0
 313 005e 00000000 		.4byte	0x0
 314              	.LLST2:
 315 0062 00000000 		.4byte	.LFB2
 316 0066 02000000 		.4byte	.LCFI5
 317 006a 0100     		.2byte	0x1
 318 006c 5D       		.byte	0x5d
 319 006d 02000000 		.4byte	.LCFI5
 320 0071 04000000 		.4byte	.LCFI6
 321 0075 0200     		.2byte	0x2
 322 0077 7D       		.byte	0x7d
 323 0078 08       		.sleb128 8
 324 0079 04000000 		.4byte	.LCFI6
 325 007d 38000000 		.4byte	.LFE2
 326 0081 0200     		.2byte	0x2
 327 0083 77       		.byte	0x77
 328 0084 08       		.sleb128 8
 329 0085 00000000 		.4byte	0x0
ARM GAS  C:\DOCUME~1\ADMINI~1\LOCALS~1\Temp\ccC0Ofje.s 			page 12


 330 0089 00000000 		.4byte	0x0
 331              	.LLST3:
 332 008d 00000000 		.4byte	.LFB3
 333 0091 02000000 		.4byte	.LCFI7
 334 0095 0100     		.2byte	0x1
 335 0097 5D       		.byte	0x5d
 336 0098 02000000 		.4byte	.LCFI7
 337 009c 04000000 		.4byte	.LCFI8
 338 00a0 0200     		.2byte	0x2
 339 00a2 7D       		.byte	0x7d
 340 00a3 04       		.sleb128 4
 341 00a4 04000000 		.4byte	.LCFI8
 342 00a8 72000000 		.4byte	.LFE3
 343 00ac 0200     		.2byte	0x2
 344 00ae 77       		.byte	0x77
 345 00af 04       		.sleb128 4
 346 00b0 00000000 		.4byte	0x0
 347 00b4 00000000 		.4byte	0x0
 348              		.file 2 ".\\Generated_Source\\PSoC5\\/cytypes.h"
 349              		.section	.debug_info
 350 0000 1F010000 		.4byte	0x11f
 351 0004 0200     		.2byte	0x2
 352 0006 00000000 		.4byte	.Ldebug_abbrev0
 353 000a 04       		.byte	0x4
 354 000b 01       		.uleb128 0x1
 355 000c 8C000000 		.4byte	.LASF17
 356 0010 01       		.byte	0x1
 357 0011 D3000000 		.4byte	.LASF18
 358 0015 13010000 		.4byte	.LASF19
 359 0019 00000000 		.4byte	0x0
 360 001d 00000000 		.4byte	0x0
 361 0021 00000000 		.4byte	.Ldebug_ranges0+0x0
 362 0025 00000000 		.4byte	.Ldebug_line0
 363 0029 02       		.uleb128 0x2
 364 002a 01       		.byte	0x1
 365 002b 06       		.byte	0x6
 366 002c 07010000 		.4byte	.LASF0
 367 0030 02       		.uleb128 0x2
 368 0031 01       		.byte	0x1
 369 0032 08       		.byte	0x8
 370 0033 1B000000 		.4byte	.LASF1
 371 0037 02       		.uleb128 0x2
 372 0038 02       		.byte	0x2
 373 0039 05       		.byte	0x5
 374 003a 72010000 		.4byte	.LASF2
 375 003e 02       		.uleb128 0x2
 376 003f 02       		.byte	0x2
 377 0040 07       		.byte	0x7
 378 0041 F4000000 		.4byte	.LASF3
 379 0045 02       		.uleb128 0x2
 380 0046 04       		.byte	0x4
 381 0047 05       		.byte	0x5
 382 0048 AA000000 		.4byte	.LASF4
 383 004c 02       		.uleb128 0x2
 384 004d 04       		.byte	0x4
 385 004e 07       		.byte	0x7
 386 004f 57000000 		.4byte	.LASF5
ARM GAS  C:\DOCUME~1\ADMINI~1\LOCALS~1\Temp\ccC0Ofje.s 			page 13


 387 0053 02       		.uleb128 0x2
 388 0054 08       		.byte	0x8
 389 0055 05       		.byte	0x5
 390 0056 00000000 		.4byte	.LASF6
 391 005a 02       		.uleb128 0x2
 392 005b 08       		.byte	0x8
 393 005c 07       		.byte	0x7
 394 005d 69000000 		.4byte	.LASF7
 395 0061 03       		.uleb128 0x3
 396 0062 04       		.byte	0x4
 397 0063 05       		.byte	0x5
 398 0064 696E7400 		.ascii	"int\000"
 399 0068 02       		.uleb128 0x2
 400 0069 04       		.byte	0x4
 401 006a 07       		.byte	0x7
 402 006b 0E000000 		.4byte	.LASF8
 403 006f 04       		.uleb128 0x4
 404 0070 51000000 		.4byte	.LASF20
 405 0074 02       		.byte	0x2
 406 0075 4C       		.byte	0x4c
 407 0076 30000000 		.4byte	0x30
 408 007a 02       		.uleb128 0x2
 409 007b 04       		.byte	0x4
 410 007c 04       		.byte	0x4
 411 007d 6C010000 		.4byte	.LASF9
 412 0081 02       		.uleb128 0x2
 413 0082 08       		.byte	0x8
 414 0083 04       		.byte	0x4
 415 0084 BE000000 		.4byte	.LASF10
 416 0088 02       		.uleb128 0x2
 417 0089 01       		.byte	0x1
 418 008a 08       		.byte	0x8
 419 008b A5000000 		.4byte	.LASF11
 420 008f 05       		.uleb128 0x5
 421 0090 6F000000 		.4byte	0x6f
 422 0094 06       		.uleb128 0x6
 423 0095 04       		.byte	0x4
 424 0096 07       		.byte	0x7
 425 0097 07       		.uleb128 0x7
 426 0098 01       		.byte	0x1
 427 0099 29000000 		.4byte	.LASF21
 428 009d 01       		.byte	0x1
 429 009e 33       		.byte	0x33
 430 009f 01       		.byte	0x1
 431 00a0 00000000 		.4byte	.LFB0
 432 00a4 B6000000 		.4byte	.LFE0
 433 00a8 00000000 		.4byte	.LLST0
 434 00ac BF000000 		.4byte	0xbf
 435 00b0 08       		.uleb128 0x8
 436 00b1 34000000 		.4byte	.LASF22
 437 00b5 01       		.byte	0x1
 438 00b6 41       		.byte	0x41
 439 00b7 6F000000 		.4byte	0x6f
 440 00bb 02       		.byte	0x2
 441 00bc 91       		.byte	0x91
 442 00bd 77       		.sleb128 -9
 443 00be 00       		.byte	0x0
ARM GAS  C:\DOCUME~1\ADMINI~1\LOCALS~1\Temp\ccC0Ofje.s 			page 14


 444 00bf 09       		.uleb128 0x9
 445 00c0 01       		.byte	0x1
 446 00c1 98000000 		.4byte	.LASF12
 447 00c5 01       		.byte	0x1
 448 00c6 89       		.byte	0x89
 449 00c7 01       		.byte	0x1
 450 00c8 00000000 		.4byte	.LFB1
 451 00cc 26000000 		.4byte	.LFE1
 452 00d0 37000000 		.4byte	.LLST1
 453 00d4 09       		.uleb128 0x9
 454 00d5 01       		.byte	0x1
 455 00d6 80000000 		.4byte	.LASF13
 456 00da 01       		.byte	0x1
 457 00db C7       		.byte	0xc7
 458 00dc 01       		.byte	0x1
 459 00dd 00000000 		.4byte	.LFB2
 460 00e1 38000000 		.4byte	.LFE2
 461 00e5 62000000 		.4byte	.LLST2
 462 00e9 09       		.uleb128 0x9
 463 00ea 01       		.byte	0x1
 464 00eb B3000000 		.4byte	.LASF14
 465 00ef 01       		.byte	0x1
 466 00f0 E4       		.byte	0xe4
 467 00f1 01       		.byte	0x1
 468 00f2 00000000 		.4byte	.LFB3
 469 00f6 72000000 		.4byte	.LFE3
 470 00fa 8D000000 		.4byte	.LLST3
 471 00fe 0A       		.uleb128 0xa
 472 00ff C5000000 		.4byte	.LASF15
 473 0103 01       		.byte	0x1
 474 0104 1A       		.byte	0x1a
 475 0105 6F000000 		.4byte	0x6f
 476 0109 01       		.byte	0x1
 477 010a 05       		.byte	0x5
 478 010b 03       		.byte	0x3
 479 010c 00000000 		.4byte	I2CHW_initVar
 480 0110 0A       		.uleb128 0xa
 481 0111 45000000 		.4byte	.LASF16
 482 0115 01       		.byte	0x1
 483 0116 1C       		.byte	0x1c
 484 0117 8F000000 		.4byte	0x8f
 485 011b 01       		.byte	0x1
 486 011c 05       		.byte	0x5
 487 011d 03       		.byte	0x3
 488 011e 00000000 		.4byte	I2CHW_state
 489 0122 00       		.byte	0x0
 490              		.section	.debug_abbrev
 491 0000 01       		.uleb128 0x1
 492 0001 11       		.uleb128 0x11
 493 0002 01       		.byte	0x1
 494 0003 25       		.uleb128 0x25
 495 0004 0E       		.uleb128 0xe
 496 0005 13       		.uleb128 0x13
 497 0006 0B       		.uleb128 0xb
 498 0007 03       		.uleb128 0x3
 499 0008 0E       		.uleb128 0xe
 500 0009 1B       		.uleb128 0x1b
ARM GAS  C:\DOCUME~1\ADMINI~1\LOCALS~1\Temp\ccC0Ofje.s 			page 15


 501 000a 0E       		.uleb128 0xe
 502 000b 11       		.uleb128 0x11
 503 000c 01       		.uleb128 0x1
 504 000d 52       		.uleb128 0x52
 505 000e 01       		.uleb128 0x1
 506 000f 55       		.uleb128 0x55
 507 0010 06       		.uleb128 0x6
 508 0011 10       		.uleb128 0x10
 509 0012 06       		.uleb128 0x6
 510 0013 00       		.byte	0x0
 511 0014 00       		.byte	0x0
 512 0015 02       		.uleb128 0x2
 513 0016 24       		.uleb128 0x24
 514 0017 00       		.byte	0x0
 515 0018 0B       		.uleb128 0xb
 516 0019 0B       		.uleb128 0xb
 517 001a 3E       		.uleb128 0x3e
 518 001b 0B       		.uleb128 0xb
 519 001c 03       		.uleb128 0x3
 520 001d 0E       		.uleb128 0xe
 521 001e 00       		.byte	0x0
 522 001f 00       		.byte	0x0
 523 0020 03       		.uleb128 0x3
 524 0021 24       		.uleb128 0x24
 525 0022 00       		.byte	0x0
 526 0023 0B       		.uleb128 0xb
 527 0024 0B       		.uleb128 0xb
 528 0025 3E       		.uleb128 0x3e
 529 0026 0B       		.uleb128 0xb
 530 0027 03       		.uleb128 0x3
 531 0028 08       		.uleb128 0x8
 532 0029 00       		.byte	0x0
 533 002a 00       		.byte	0x0
 534 002b 04       		.uleb128 0x4
 535 002c 16       		.uleb128 0x16
 536 002d 00       		.byte	0x0
 537 002e 03       		.uleb128 0x3
 538 002f 0E       		.uleb128 0xe
 539 0030 3A       		.uleb128 0x3a
 540 0031 0B       		.uleb128 0xb
 541 0032 3B       		.uleb128 0x3b
 542 0033 0B       		.uleb128 0xb
 543 0034 49       		.uleb128 0x49
 544 0035 13       		.uleb128 0x13
 545 0036 00       		.byte	0x0
 546 0037 00       		.byte	0x0
 547 0038 05       		.uleb128 0x5
 548 0039 35       		.uleb128 0x35
 549 003a 00       		.byte	0x0
 550 003b 49       		.uleb128 0x49
 551 003c 13       		.uleb128 0x13
 552 003d 00       		.byte	0x0
 553 003e 00       		.byte	0x0
 554 003f 06       		.uleb128 0x6
 555 0040 24       		.uleb128 0x24
 556 0041 00       		.byte	0x0
 557 0042 0B       		.uleb128 0xb
ARM GAS  C:\DOCUME~1\ADMINI~1\LOCALS~1\Temp\ccC0Ofje.s 			page 16


 558 0043 0B       		.uleb128 0xb
 559 0044 3E       		.uleb128 0x3e
 560 0045 0B       		.uleb128 0xb
 561 0046 00       		.byte	0x0
 562 0047 00       		.byte	0x0
 563 0048 07       		.uleb128 0x7
 564 0049 2E       		.uleb128 0x2e
 565 004a 01       		.byte	0x1
 566 004b 3F       		.uleb128 0x3f
 567 004c 0C       		.uleb128 0xc
 568 004d 03       		.uleb128 0x3
 569 004e 0E       		.uleb128 0xe
 570 004f 3A       		.uleb128 0x3a
 571 0050 0B       		.uleb128 0xb
 572 0051 3B       		.uleb128 0x3b
 573 0052 0B       		.uleb128 0xb
 574 0053 27       		.uleb128 0x27
 575 0054 0C       		.uleb128 0xc
 576 0055 11       		.uleb128 0x11
 577 0056 01       		.uleb128 0x1
 578 0057 12       		.uleb128 0x12
 579 0058 01       		.uleb128 0x1
 580 0059 40       		.uleb128 0x40
 581 005a 06       		.uleb128 0x6
 582 005b 01       		.uleb128 0x1
 583 005c 13       		.uleb128 0x13
 584 005d 00       		.byte	0x0
 585 005e 00       		.byte	0x0
 586 005f 08       		.uleb128 0x8
 587 0060 34       		.uleb128 0x34
 588 0061 00       		.byte	0x0
 589 0062 03       		.uleb128 0x3
 590 0063 0E       		.uleb128 0xe
 591 0064 3A       		.uleb128 0x3a
 592 0065 0B       		.uleb128 0xb
 593 0066 3B       		.uleb128 0x3b
 594 0067 0B       		.uleb128 0xb
 595 0068 49       		.uleb128 0x49
 596 0069 13       		.uleb128 0x13
 597 006a 02       		.uleb128 0x2
 598 006b 0A       		.uleb128 0xa
 599 006c 00       		.byte	0x0
 600 006d 00       		.byte	0x0
 601 006e 09       		.uleb128 0x9
 602 006f 2E       		.uleb128 0x2e
 603 0070 00       		.byte	0x0
 604 0071 3F       		.uleb128 0x3f
 605 0072 0C       		.uleb128 0xc
 606 0073 03       		.uleb128 0x3
 607 0074 0E       		.uleb128 0xe
 608 0075 3A       		.uleb128 0x3a
 609 0076 0B       		.uleb128 0xb
 610 0077 3B       		.uleb128 0x3b
 611 0078 0B       		.uleb128 0xb
 612 0079 27       		.uleb128 0x27
 613 007a 0C       		.uleb128 0xc
 614 007b 11       		.uleb128 0x11
ARM GAS  C:\DOCUME~1\ADMINI~1\LOCALS~1\Temp\ccC0Ofje.s 			page 17


 615 007c 01       		.uleb128 0x1
 616 007d 12       		.uleb128 0x12
 617 007e 01       		.uleb128 0x1
 618 007f 40       		.uleb128 0x40
 619 0080 06       		.uleb128 0x6
 620 0081 00       		.byte	0x0
 621 0082 00       		.byte	0x0
 622 0083 0A       		.uleb128 0xa
 623 0084 34       		.uleb128 0x34
 624 0085 00       		.byte	0x0
 625 0086 03       		.uleb128 0x3
 626 0087 0E       		.uleb128 0xe
 627 0088 3A       		.uleb128 0x3a
 628 0089 0B       		.uleb128 0xb
 629 008a 3B       		.uleb128 0x3b
 630 008b 0B       		.uleb128 0xb
 631 008c 49       		.uleb128 0x49
 632 008d 13       		.uleb128 0x13
 633 008e 3F       		.uleb128 0x3f
 634 008f 0C       		.uleb128 0xc
 635 0090 02       		.uleb128 0x2
 636 0091 0A       		.uleb128 0xa
 637 0092 00       		.byte	0x0
 638 0093 00       		.byte	0x0
 639 0094 00       		.byte	0x0
 640              		.section	.debug_pubnames,"",%progbits
 641 0000 6F000000 		.4byte	0x6f
 642 0004 0200     		.2byte	0x2
 643 0006 00000000 		.4byte	.Ldebug_info0
 644 000a 23010000 		.4byte	0x123
 645 000e 97000000 		.4byte	0x97
 646 0012 49324348 		.ascii	"I2CHW_Init\000"
 646      575F496E 
 646      697400
 647 001d BF000000 		.4byte	0xbf
 648 0021 49324348 		.ascii	"I2CHW_Enable\000"
 648      575F456E 
 648      61626C65 
 648      00
 649 002e D4000000 		.4byte	0xd4
 650 0032 49324348 		.ascii	"I2CHW_Start\000"
 650      575F5374 
 650      61727400 
 651 003e E9000000 		.4byte	0xe9
 652 0042 49324348 		.ascii	"I2CHW_Stop\000"
 652      575F5374 
 652      6F7000
 653 004d FE000000 		.4byte	0xfe
 654 0051 49324348 		.ascii	"I2CHW_initVar\000"
 654      575F696E 
 654      69745661 
 654      7200
 655 005f 10010000 		.4byte	0x110
 656 0063 49324348 		.ascii	"I2CHW_state\000"
 656      575F7374 
 656      61746500 
 657 006f 00000000 		.4byte	0x0
ARM GAS  C:\DOCUME~1\ADMINI~1\LOCALS~1\Temp\ccC0Ofje.s 			page 18


 658              		.section	.debug_aranges,"",%progbits
 659 0000 34000000 		.4byte	0x34
 660 0004 0200     		.2byte	0x2
 661 0006 00000000 		.4byte	.Ldebug_info0
 662 000a 04       		.byte	0x4
 663 000b 00       		.byte	0x0
 664 000c 0000     		.2byte	0x0
 665 000e 0000     		.2byte	0x0
 666 0010 00000000 		.4byte	.LFB0
 667 0014 B6000000 		.4byte	.LFE0-.LFB0
 668 0018 00000000 		.4byte	.LFB1
 669 001c 26000000 		.4byte	.LFE1-.LFB1
 670 0020 00000000 		.4byte	.LFB2
 671 0024 38000000 		.4byte	.LFE2-.LFB2
 672 0028 00000000 		.4byte	.LFB3
 673 002c 72000000 		.4byte	.LFE3-.LFB3
 674 0030 00000000 		.4byte	0x0
 675 0034 00000000 		.4byte	0x0
 676              		.section	.debug_ranges,"",%progbits
 677              	.Ldebug_ranges0:
 678 0000 00000000 		.4byte	.Ltext0
 679 0004 00000000 		.4byte	.Letext0
 680 0008 00000000 		.4byte	.LFB0
 681 000c B6000000 		.4byte	.LFE0
 682 0010 00000000 		.4byte	.LFB1
 683 0014 26000000 		.4byte	.LFE1
 684 0018 00000000 		.4byte	.LFB2
 685 001c 38000000 		.4byte	.LFE2
 686 0020 00000000 		.4byte	.LFB3
 687 0024 72000000 		.4byte	.LFE3
 688 0028 00000000 		.4byte	0x0
 689 002c 00000000 		.4byte	0x0
 690              		.section	.debug_str,"MS",%progbits,1
 691              	.LASF6:
 692 0000 6C6F6E67 		.ascii	"long long int\000"
 692      206C6F6E 
 692      6720696E 
 692      7400
 693              	.LASF8:
 694 000e 756E7369 		.ascii	"unsigned int\000"
 694      676E6564 
 694      20696E74 
 694      00
 695              	.LASF1:
 696 001b 756E7369 		.ascii	"unsigned char\000"
 696      676E6564 
 696      20636861 
 696      7200
 697              	.LASF21:
 698 0029 49324348 		.ascii	"I2CHW_Init\000"
 698      575F496E 
 698      697400
 699              	.LASF22:
 700 0034 656E6162 		.ascii	"enableInterrupts\000"
 700      6C65496E 
 700      74657272 
 700      75707473 
ARM GAS  C:\DOCUME~1\ADMINI~1\LOCALS~1\Temp\ccC0Ofje.s 			page 19


 700      00
 701              	.LASF16:
 702 0045 49324348 		.ascii	"I2CHW_state\000"
 702      575F7374 
 702      61746500 
 703              	.LASF20:
 704 0051 75696E74 		.ascii	"uint8\000"
 704      3800
 705              	.LASF5:
 706 0057 6C6F6E67 		.ascii	"long unsigned int\000"
 706      20756E73 
 706      69676E65 
 706      6420696E 
 706      7400
 707              	.LASF7:
 708 0069 6C6F6E67 		.ascii	"long long unsigned int\000"
 708      206C6F6E 
 708      6720756E 
 708      7369676E 
 708      65642069 
 709              	.LASF13:
 710 0080 49324348 		.ascii	"I2CHW_Start\000"
 710      575F5374 
 710      61727400 
 711              	.LASF17:
 712 008c 474E5520 		.ascii	"GNU C 4.4.1\000"
 712      4320342E 
 712      342E3100 
 713              	.LASF12:
 714 0098 49324348 		.ascii	"I2CHW_Enable\000"
 714      575F456E 
 714      61626C65 
 714      00
 715              	.LASF11:
 716 00a5 63686172 		.ascii	"char\000"
 716      00
 717              	.LASF4:
 718 00aa 6C6F6E67 		.ascii	"long int\000"
 718      20696E74 
 718      00
 719              	.LASF14:
 720 00b3 49324348 		.ascii	"I2CHW_Stop\000"
 720      575F5374 
 720      6F7000
 721              	.LASF10:
 722 00be 646F7562 		.ascii	"double\000"
 722      6C6500
 723              	.LASF15:
 724 00c5 49324348 		.ascii	"I2CHW_initVar\000"
 724      575F696E 
 724      69745661 
 724      7200
 725              	.LASF18:
 726 00d3 2E5C4765 		.ascii	".\\Generated_Source\\PSoC5\\I2CHW.c\000"
 726      6E657261 
 726      7465645F 
 726      536F7572 
ARM GAS  C:\DOCUME~1\ADMINI~1\LOCALS~1\Temp\ccC0Ofje.s 			page 20


 726      63655C50 
 727              	.LASF3:
 728 00f4 73686F72 		.ascii	"short unsigned int\000"
 728      7420756E 
 728      7369676E 
 728      65642069 
 728      6E7400
 729              	.LASF0:
 730 0107 7369676E 		.ascii	"signed char\000"
 730      65642063 
 730      68617200 
 731              	.LASF19:
 732 0113 5C5C7073 		.ascii	"\\\\psf\\Home\\Desktop\\USB-Audio-PSOC5LP\\Firmware"
 732      665C486F 
 732      6D655C44 
 732      65736B74 
 732      6F705C55 
 733 0140 5C4B6974 		.ascii	"\\KitProg version 2_03\\KitProg\\KitProg.cydsn\000"
 733      50726F67 
 733      20766572 
 733      73696F6E 
 733      20325F30 
 734              	.LASF9:
 735 016c 666C6F61 		.ascii	"float\000"
 735      7400
 736              	.LASF2:
 737 0172 73686F72 		.ascii	"short int\000"
 737      7420696E 
 737      7400
 738              		.ident	"GCC: (Sourcery G++ Lite 2010q1-188) 4.4.1"
