ARM GAS  C:\DOCUME~1\ADMINI~1\LOCALS~1\Temp\cc0Lb7Cp.s 			page 1


   1              		.syntax unified
   2              		.cpu cortex-m3
   3              		.fpu softvfp
   4              		.eabi_attribute 20, 1
   5              		.eabi_attribute 21, 1
   6              		.eabi_attribute 23, 3
   7              		.eabi_attribute 24, 1
   8              		.eabi_attribute 25, 1
   9              		.eabi_attribute 26, 1
  10              		.eabi_attribute 30, 6
  11              		.eabi_attribute 18, 4
  12              		.thumb
  13              		.file	"isr_UsbSuspend.c"
  14              		.section	.debug_abbrev,"",%progbits
  15              	.Ldebug_abbrev0:
  16              		.section	.debug_info,"",%progbits
  17              	.Ldebug_info0:
  18              		.section	.debug_line,"",%progbits
  19              	.Ldebug_line0:
  20 0000 7B010000 		.text
  20      02008100 
  20      00000201 
  20      FB0E0D00 
  20      01010101 
  21              	.Ltext0:
  22              		.cfi_sections	.debug_frame
  23              		.section	.text.isr_UsbSuspend_Start,"ax",%progbits
  24              		.align	2
  25              		.global	isr_UsbSuspend_Start
  26              		.thumb
  27              		.thumb_func
  28              		.type	isr_UsbSuspend_Start, %function
  29              	isr_UsbSuspend_Start:
  30              	.LFB29:
  31              		.file 1 ".\\Generated_Source\\PSoC5\\isr_UsbSuspend.c"
   1:.\Generated_Source\PSoC5/isr_UsbSuspend.c **** /*******************************************************************************
   2:.\Generated_Source\PSoC5/isr_UsbSuspend.c **** * File Name: isr_UsbSuspend.c  
   3:.\Generated_Source\PSoC5/isr_UsbSuspend.c **** * Version 1.70
   4:.\Generated_Source\PSoC5/isr_UsbSuspend.c **** *
   5:.\Generated_Source\PSoC5/isr_UsbSuspend.c **** *  Description:
   6:.\Generated_Source\PSoC5/isr_UsbSuspend.c **** *   API for controlling the state of an interrupt.
   7:.\Generated_Source\PSoC5/isr_UsbSuspend.c **** *
   8:.\Generated_Source\PSoC5/isr_UsbSuspend.c **** *
   9:.\Generated_Source\PSoC5/isr_UsbSuspend.c **** *  Note:
  10:.\Generated_Source\PSoC5/isr_UsbSuspend.c **** *
  11:.\Generated_Source\PSoC5/isr_UsbSuspend.c **** ********************************************************************************
  12:.\Generated_Source\PSoC5/isr_UsbSuspend.c **** * Copyright 2008-2012, Cypress Semiconductor Corporation.  All rights reserved.
  13:.\Generated_Source\PSoC5/isr_UsbSuspend.c **** * You may use this file only in accordance with the license, terms, conditions, 
  14:.\Generated_Source\PSoC5/isr_UsbSuspend.c **** * disclaimers, and limitations in the end user license agreement accompanying 
  15:.\Generated_Source\PSoC5/isr_UsbSuspend.c **** * the software package with which this file was provided.
  16:.\Generated_Source\PSoC5/isr_UsbSuspend.c **** *******************************************************************************/
  17:.\Generated_Source\PSoC5/isr_UsbSuspend.c **** 
  18:.\Generated_Source\PSoC5/isr_UsbSuspend.c **** 
  19:.\Generated_Source\PSoC5/isr_UsbSuspend.c **** #include <CYDEVICE_TRM.H>
  20:.\Generated_Source\PSoC5/isr_UsbSuspend.c **** #include <CYLIB.H>
  21:.\Generated_Source\PSoC5/isr_UsbSuspend.c **** #include <isr_UsbSuspend.H>
  22:.\Generated_Source\PSoC5/isr_UsbSuspend.c **** 
ARM GAS  C:\DOCUME~1\ADMINI~1\LOCALS~1\Temp\cc0Lb7Cp.s 			page 2


  23:.\Generated_Source\PSoC5/isr_UsbSuspend.c **** #if !defined(isr_UsbSuspend__REMOVED) /* Check for removal by optimization */
  24:.\Generated_Source\PSoC5/isr_UsbSuspend.c **** 
  25:.\Generated_Source\PSoC5/isr_UsbSuspend.c **** /*******************************************************************************
  26:.\Generated_Source\PSoC5/isr_UsbSuspend.c **** *  Place your includes, defines and code here 
  27:.\Generated_Source\PSoC5/isr_UsbSuspend.c **** ********************************************************************************/
  28:.\Generated_Source\PSoC5/isr_UsbSuspend.c **** /* `#START isr_UsbSuspend_intc` */
  29:.\Generated_Source\PSoC5/isr_UsbSuspend.c **** #include "kitprog.h"
  30:.\Generated_Source\PSoC5/isr_UsbSuspend.c **** /* `#END` */
  31:.\Generated_Source\PSoC5/isr_UsbSuspend.c **** 
  32:.\Generated_Source\PSoC5/isr_UsbSuspend.c **** #ifndef CYINT_IRQ_BASE
  33:.\Generated_Source\PSoC5/isr_UsbSuspend.c **** #define CYINT_IRQ_BASE      16
  34:.\Generated_Source\PSoC5/isr_UsbSuspend.c **** #endif /* CYINT_IRQ_BASE */
  35:.\Generated_Source\PSoC5/isr_UsbSuspend.c **** #ifndef CYINT_VECT_TABLE
  36:.\Generated_Source\PSoC5/isr_UsbSuspend.c **** #define CYINT_VECT_TABLE    ((cyisraddress **) CYREG_NVIC_VECT_OFFSET)
  37:.\Generated_Source\PSoC5/isr_UsbSuspend.c **** #endif /* CYINT_VECT_TABLE */
  38:.\Generated_Source\PSoC5/isr_UsbSuspend.c **** 
  39:.\Generated_Source\PSoC5/isr_UsbSuspend.c **** /* Declared in startup, used to set unused interrupts to. */
  40:.\Generated_Source\PSoC5/isr_UsbSuspend.c **** CY_ISR_PROTO(IntDefaultHandler);
  41:.\Generated_Source\PSoC5/isr_UsbSuspend.c **** 
  42:.\Generated_Source\PSoC5/isr_UsbSuspend.c **** 
  43:.\Generated_Source\PSoC5/isr_UsbSuspend.c **** /*******************************************************************************
  44:.\Generated_Source\PSoC5/isr_UsbSuspend.c **** * Function Name: isr_UsbSuspend_Start
  45:.\Generated_Source\PSoC5/isr_UsbSuspend.c **** ********************************************************************************
  46:.\Generated_Source\PSoC5/isr_UsbSuspend.c **** *
  47:.\Generated_Source\PSoC5/isr_UsbSuspend.c **** * Summary:
  48:.\Generated_Source\PSoC5/isr_UsbSuspend.c **** *  Set up the interrupt and enable it.
  49:.\Generated_Source\PSoC5/isr_UsbSuspend.c **** *
  50:.\Generated_Source\PSoC5/isr_UsbSuspend.c **** * Parameters:  
  51:.\Generated_Source\PSoC5/isr_UsbSuspend.c **** *   None
  52:.\Generated_Source\PSoC5/isr_UsbSuspend.c **** *
  53:.\Generated_Source\PSoC5/isr_UsbSuspend.c **** * Return:
  54:.\Generated_Source\PSoC5/isr_UsbSuspend.c **** *   None
  55:.\Generated_Source\PSoC5/isr_UsbSuspend.c **** *
  56:.\Generated_Source\PSoC5/isr_UsbSuspend.c **** *******************************************************************************/
  57:.\Generated_Source\PSoC5/isr_UsbSuspend.c **** void isr_UsbSuspend_Start(void)
  58:.\Generated_Source\PSoC5/isr_UsbSuspend.c **** {
  32              		.loc 1 58 0
  33              		.cfi_startproc
  34              		@ args = 0, pretend = 0, frame = 0
  35              		@ frame_needed = 1, uses_anonymous_args = 0
  36 0000 80B5     		push	{r7, lr}
  37              	.LCFI0:
  38              		.cfi_def_cfa_offset 8
  39 0002 00AF     		add	r7, sp, #0
  40              		.cfi_offset 14, -4
  41              		.cfi_offset 7, -8
  42              	.LCFI1:
  43              		.cfi_def_cfa_register 7
  59:.\Generated_Source\PSoC5/isr_UsbSuspend.c ****     /* For all we know the interrupt is active. */
  60:.\Generated_Source\PSoC5/isr_UsbSuspend.c ****     isr_UsbSuspend_Disable();
  44              		.loc 1 60 0
  45 0004 FFF7FEFF 		bl	isr_UsbSuspend_Disable
  61:.\Generated_Source\PSoC5/isr_UsbSuspend.c **** 
  62:.\Generated_Source\PSoC5/isr_UsbSuspend.c ****     /* Set the ISR to point to the isr_UsbSuspend Interrupt. */
  63:.\Generated_Source\PSoC5/isr_UsbSuspend.c ****     isr_UsbSuspend_SetVector(&isr_UsbSuspend_Interrupt);
  46              		.loc 1 63 0
  47 0008 40F20000 		movw	r0, #:lower16:isr_UsbSuspend_Interrupt
ARM GAS  C:\DOCUME~1\ADMINI~1\LOCALS~1\Temp\cc0Lb7Cp.s 			page 3


  48 000c C0F20000 		movt	r0, #:upper16:isr_UsbSuspend_Interrupt
  49 0010 FFF7FEFF 		bl	isr_UsbSuspend_SetVector
  64:.\Generated_Source\PSoC5/isr_UsbSuspend.c **** 
  65:.\Generated_Source\PSoC5/isr_UsbSuspend.c ****     /* Set the priority. */
  66:.\Generated_Source\PSoC5/isr_UsbSuspend.c ****     isr_UsbSuspend_SetPriority((uint8)isr_UsbSuspend_INTC_PRIOR_NUMBER);
  50              		.loc 1 66 0
  51 0014 4FF00700 		mov	r0, #7
  52 0018 FFF7FEFF 		bl	isr_UsbSuspend_SetPriority
  67:.\Generated_Source\PSoC5/isr_UsbSuspend.c **** 
  68:.\Generated_Source\PSoC5/isr_UsbSuspend.c ****     /* Enable it. */
  69:.\Generated_Source\PSoC5/isr_UsbSuspend.c ****     isr_UsbSuspend_Enable();
  53              		.loc 1 69 0
  54 001c FFF7FEFF 		bl	isr_UsbSuspend_Enable
  70:.\Generated_Source\PSoC5/isr_UsbSuspend.c **** }
  55              		.loc 1 70 0
  56 0020 80BD     		pop	{r7, pc}
  57              		.cfi_endproc
  58              	.LFE29:
  59              		.size	isr_UsbSuspend_Start, .-isr_UsbSuspend_Start
  60 0022 00BF     		.section	.text.isr_UsbSuspend_StartEx,"ax",%progbits
  61              		.align	2
  62              		.global	isr_UsbSuspend_StartEx
  63              		.thumb
  64              		.thumb_func
  65              		.type	isr_UsbSuspend_StartEx, %function
  66              	isr_UsbSuspend_StartEx:
  67              	.LFB30:
  71:.\Generated_Source\PSoC5/isr_UsbSuspend.c **** 
  72:.\Generated_Source\PSoC5/isr_UsbSuspend.c **** 
  73:.\Generated_Source\PSoC5/isr_UsbSuspend.c **** /*******************************************************************************
  74:.\Generated_Source\PSoC5/isr_UsbSuspend.c **** * Function Name: isr_UsbSuspend_StartEx
  75:.\Generated_Source\PSoC5/isr_UsbSuspend.c **** ********************************************************************************
  76:.\Generated_Source\PSoC5/isr_UsbSuspend.c **** *
  77:.\Generated_Source\PSoC5/isr_UsbSuspend.c **** * Summary:
  78:.\Generated_Source\PSoC5/isr_UsbSuspend.c **** *  Set up the interrupt and enable it.
  79:.\Generated_Source\PSoC5/isr_UsbSuspend.c **** *
  80:.\Generated_Source\PSoC5/isr_UsbSuspend.c **** * Parameters:  
  81:.\Generated_Source\PSoC5/isr_UsbSuspend.c **** *   address: Address of the ISR to set in the interrupt vector table.
  82:.\Generated_Source\PSoC5/isr_UsbSuspend.c **** *
  83:.\Generated_Source\PSoC5/isr_UsbSuspend.c **** * Return:
  84:.\Generated_Source\PSoC5/isr_UsbSuspend.c **** *   None
  85:.\Generated_Source\PSoC5/isr_UsbSuspend.c **** *
  86:.\Generated_Source\PSoC5/isr_UsbSuspend.c **** *******************************************************************************/
  87:.\Generated_Source\PSoC5/isr_UsbSuspend.c **** void isr_UsbSuspend_StartEx(cyisraddress address)
  88:.\Generated_Source\PSoC5/isr_UsbSuspend.c **** {
  68              		.loc 1 88 0
  69              		.cfi_startproc
  70              		@ args = 0, pretend = 0, frame = 8
  71              		@ frame_needed = 1, uses_anonymous_args = 0
  72 0000 80B5     		push	{r7, lr}
  73              	.LCFI2:
  74              		.cfi_def_cfa_offset 8
  75 0002 82B0     		sub	sp, sp, #8
  76              	.LCFI3:
  77              		.cfi_def_cfa_offset 16
  78 0004 00AF     		add	r7, sp, #0
  79              		.cfi_offset 14, -4
ARM GAS  C:\DOCUME~1\ADMINI~1\LOCALS~1\Temp\cc0Lb7Cp.s 			page 4


  80              		.cfi_offset 7, -8
  81              	.LCFI4:
  82              		.cfi_def_cfa_register 7
  83 0006 7860     		str	r0, [r7, #4]
  89:.\Generated_Source\PSoC5/isr_UsbSuspend.c ****     /* For all we know the interrupt is active. */
  90:.\Generated_Source\PSoC5/isr_UsbSuspend.c ****     isr_UsbSuspend_Disable();
  84              		.loc 1 90 0
  85 0008 FFF7FEFF 		bl	isr_UsbSuspend_Disable
  91:.\Generated_Source\PSoC5/isr_UsbSuspend.c **** 
  92:.\Generated_Source\PSoC5/isr_UsbSuspend.c ****     /* Set the ISR to point to the isr_UsbSuspend Interrupt. */
  93:.\Generated_Source\PSoC5/isr_UsbSuspend.c ****     isr_UsbSuspend_SetVector(address);
  86              		.loc 1 93 0
  87 000c 7868     		ldr	r0, [r7, #4]
  88 000e FFF7FEFF 		bl	isr_UsbSuspend_SetVector
  94:.\Generated_Source\PSoC5/isr_UsbSuspend.c **** 
  95:.\Generated_Source\PSoC5/isr_UsbSuspend.c ****     /* Set the priority. */
  96:.\Generated_Source\PSoC5/isr_UsbSuspend.c ****     isr_UsbSuspend_SetPriority((uint8)isr_UsbSuspend_INTC_PRIOR_NUMBER);
  89              		.loc 1 96 0
  90 0012 4FF00700 		mov	r0, #7
  91 0016 FFF7FEFF 		bl	isr_UsbSuspend_SetPriority
  97:.\Generated_Source\PSoC5/isr_UsbSuspend.c **** 
  98:.\Generated_Source\PSoC5/isr_UsbSuspend.c ****     /* Enable it. */
  99:.\Generated_Source\PSoC5/isr_UsbSuspend.c ****     isr_UsbSuspend_Enable();
  92              		.loc 1 99 0
  93 001a FFF7FEFF 		bl	isr_UsbSuspend_Enable
 100:.\Generated_Source\PSoC5/isr_UsbSuspend.c **** }
  94              		.loc 1 100 0
  95 001e 07F10807 		add	r7, r7, #8
  96 0022 BD46     		mov	sp, r7
  97 0024 80BD     		pop	{r7, pc}
  98              		.cfi_endproc
  99              	.LFE30:
 100              		.size	isr_UsbSuspend_StartEx, .-isr_UsbSuspend_StartEx
 101 0026 00BF     		.section	.text.isr_UsbSuspend_Stop,"ax",%progbits
 102              		.align	2
 103              		.global	isr_UsbSuspend_Stop
 104              		.thumb
 105              		.thumb_func
 106              		.type	isr_UsbSuspend_Stop, %function
 107              	isr_UsbSuspend_Stop:
 108              	.LFB31:
 101:.\Generated_Source\PSoC5/isr_UsbSuspend.c **** 
 102:.\Generated_Source\PSoC5/isr_UsbSuspend.c **** 
 103:.\Generated_Source\PSoC5/isr_UsbSuspend.c **** /*******************************************************************************
 104:.\Generated_Source\PSoC5/isr_UsbSuspend.c **** * Function Name: isr_UsbSuspend_Stop
 105:.\Generated_Source\PSoC5/isr_UsbSuspend.c **** ********************************************************************************
 106:.\Generated_Source\PSoC5/isr_UsbSuspend.c **** *
 107:.\Generated_Source\PSoC5/isr_UsbSuspend.c **** * Summary:
 108:.\Generated_Source\PSoC5/isr_UsbSuspend.c **** *   Disables and removes the interrupt.
 109:.\Generated_Source\PSoC5/isr_UsbSuspend.c **** *
 110:.\Generated_Source\PSoC5/isr_UsbSuspend.c **** * Parameters:  
 111:.\Generated_Source\PSoC5/isr_UsbSuspend.c **** *
 112:.\Generated_Source\PSoC5/isr_UsbSuspend.c **** * Return:
 113:.\Generated_Source\PSoC5/isr_UsbSuspend.c **** *   None
 114:.\Generated_Source\PSoC5/isr_UsbSuspend.c **** *
 115:.\Generated_Source\PSoC5/isr_UsbSuspend.c **** *******************************************************************************/
 116:.\Generated_Source\PSoC5/isr_UsbSuspend.c **** void isr_UsbSuspend_Stop(void)
ARM GAS  C:\DOCUME~1\ADMINI~1\LOCALS~1\Temp\cc0Lb7Cp.s 			page 5


 117:.\Generated_Source\PSoC5/isr_UsbSuspend.c **** {
 109              		.loc 1 117 0
 110              		.cfi_startproc
 111              		@ args = 0, pretend = 0, frame = 0
 112              		@ frame_needed = 1, uses_anonymous_args = 0
 113 0000 80B5     		push	{r7, lr}
 114              	.LCFI5:
 115              		.cfi_def_cfa_offset 8
 116 0002 00AF     		add	r7, sp, #0
 117              		.cfi_offset 14, -4
 118              		.cfi_offset 7, -8
 119              	.LCFI6:
 120              		.cfi_def_cfa_register 7
 118:.\Generated_Source\PSoC5/isr_UsbSuspend.c ****     /* Disable this interrupt. */
 119:.\Generated_Source\PSoC5/isr_UsbSuspend.c ****     isr_UsbSuspend_Disable();
 121              		.loc 1 119 0
 122 0004 FFF7FEFF 		bl	isr_UsbSuspend_Disable
 120:.\Generated_Source\PSoC5/isr_UsbSuspend.c **** 
 121:.\Generated_Source\PSoC5/isr_UsbSuspend.c ****     /* Set the ISR to point to the passive one. */
 122:.\Generated_Source\PSoC5/isr_UsbSuspend.c ****     isr_UsbSuspend_SetVector(&IntDefaultHandler);
 123              		.loc 1 122 0
 124 0008 40F20000 		movw	r0, #:lower16:IntDefaultHandler
 125 000c C0F20000 		movt	r0, #:upper16:IntDefaultHandler
 126 0010 FFF7FEFF 		bl	isr_UsbSuspend_SetVector
 123:.\Generated_Source\PSoC5/isr_UsbSuspend.c **** }
 127              		.loc 1 123 0
 128 0014 80BD     		pop	{r7, pc}
 129              		.cfi_endproc
 130              	.LFE31:
 131              		.size	isr_UsbSuspend_Stop, .-isr_UsbSuspend_Stop
 132 0016 00BF     		.section	.text.isr_UsbSuspend_Interrupt,"ax",%progbits
 133              		.align	2
 134              		.global	isr_UsbSuspend_Interrupt
 135              		.thumb
 136              		.thumb_func
 137              		.type	isr_UsbSuspend_Interrupt, %function
 138              	isr_UsbSuspend_Interrupt:
 139              	.LFB32:
 124:.\Generated_Source\PSoC5/isr_UsbSuspend.c **** 
 125:.\Generated_Source\PSoC5/isr_UsbSuspend.c **** 
 126:.\Generated_Source\PSoC5/isr_UsbSuspend.c **** /*******************************************************************************
 127:.\Generated_Source\PSoC5/isr_UsbSuspend.c **** * Function Name: isr_UsbSuspend_Interrupt
 128:.\Generated_Source\PSoC5/isr_UsbSuspend.c **** ********************************************************************************
 129:.\Generated_Source\PSoC5/isr_UsbSuspend.c **** *
 130:.\Generated_Source\PSoC5/isr_UsbSuspend.c **** * Summary:
 131:.\Generated_Source\PSoC5/isr_UsbSuspend.c **** *   The default Interrupt Service Routine for isr_UsbSuspend.
 132:.\Generated_Source\PSoC5/isr_UsbSuspend.c **** *
 133:.\Generated_Source\PSoC5/isr_UsbSuspend.c **** *   Add custom code between the coments to keep the next version of this file
 134:.\Generated_Source\PSoC5/isr_UsbSuspend.c **** *   from over writting your code.
 135:.\Generated_Source\PSoC5/isr_UsbSuspend.c **** *
 136:.\Generated_Source\PSoC5/isr_UsbSuspend.c **** * Parameters:  
 137:.\Generated_Source\PSoC5/isr_UsbSuspend.c **** *
 138:.\Generated_Source\PSoC5/isr_UsbSuspend.c **** * Return:
 139:.\Generated_Source\PSoC5/isr_UsbSuspend.c **** *   None
 140:.\Generated_Source\PSoC5/isr_UsbSuspend.c **** *
 141:.\Generated_Source\PSoC5/isr_UsbSuspend.c **** *******************************************************************************/
 142:.\Generated_Source\PSoC5/isr_UsbSuspend.c **** CY_ISR(isr_UsbSuspend_Interrupt)
ARM GAS  C:\DOCUME~1\ADMINI~1\LOCALS~1\Temp\cc0Lb7Cp.s 			page 6


 143:.\Generated_Source\PSoC5/isr_UsbSuspend.c **** {
 140              		.loc 1 143 0
 141              		.cfi_startproc
 142              		@ args = 0, pretend = 0, frame = 0
 143              		@ frame_needed = 1, uses_anonymous_args = 0
 144 0000 80B5     		push	{r7, lr}
 145              	.LCFI7:
 146              		.cfi_def_cfa_offset 8
 147 0002 00AF     		add	r7, sp, #0
 148              		.cfi_offset 14, -4
 149              		.cfi_offset 7, -8
 150              	.LCFI8:
 151              		.cfi_def_cfa_register 7
 144:.\Generated_Source\PSoC5/isr_UsbSuspend.c ****     /*  Place your Interrupt code here. */
 145:.\Generated_Source\PSoC5/isr_UsbSuspend.c ****     /* `#START isr_UsbSuspend_Interrupt` */
 146:.\Generated_Source\PSoC5/isr_UsbSuspend.c **** 	checkActivityFlag = TRUE;
 152              		.loc 1 146 0
 153 0004 40F20003 		movw	r3, #:lower16:checkActivityFlag
 154 0008 C0F20003 		movt	r3, #:upper16:checkActivityFlag
 155 000c 4FF00102 		mov	r2, #1
 156 0010 1A70     		strb	r2, [r3, #0]
 147:.\Generated_Source\PSoC5/isr_UsbSuspend.c **** 	Timer_UsbSuspend_ReadStatusRegister();
 157              		.loc 1 147 0
 158 0012 FFF7FEFF 		bl	Timer_UsbSuspend_ReadStatusRegister
 148:.\Generated_Source\PSoC5/isr_UsbSuspend.c ****     /* `#END` */
 149:.\Generated_Source\PSoC5/isr_UsbSuspend.c **** }
 159              		.loc 1 149 0
 160 0016 80BD     		pop	{r7, pc}
 161              		.cfi_endproc
 162              	.LFE32:
 163              		.size	isr_UsbSuspend_Interrupt, .-isr_UsbSuspend_Interrupt
 164              		.section	.text.isr_UsbSuspend_SetVector,"ax",%progbits
 165              		.align	2
 166              		.global	isr_UsbSuspend_SetVector
 167              		.thumb
 168              		.thumb_func
 169              		.type	isr_UsbSuspend_SetVector, %function
 170              	isr_UsbSuspend_SetVector:
 171              	.LFB33:
 150:.\Generated_Source\PSoC5/isr_UsbSuspend.c **** 
 151:.\Generated_Source\PSoC5/isr_UsbSuspend.c **** 
 152:.\Generated_Source\PSoC5/isr_UsbSuspend.c **** /*******************************************************************************
 153:.\Generated_Source\PSoC5/isr_UsbSuspend.c **** * Function Name: isr_UsbSuspend_SetVector
 154:.\Generated_Source\PSoC5/isr_UsbSuspend.c **** ********************************************************************************
 155:.\Generated_Source\PSoC5/isr_UsbSuspend.c **** *
 156:.\Generated_Source\PSoC5/isr_UsbSuspend.c **** * Summary:
 157:.\Generated_Source\PSoC5/isr_UsbSuspend.c **** *   Change the ISR vector for the Interrupt. Note calling isr_UsbSuspend_Start
 158:.\Generated_Source\PSoC5/isr_UsbSuspend.c **** *   will override any effect this method would have had. To set the vector 
 159:.\Generated_Source\PSoC5/isr_UsbSuspend.c **** *   before the component has been started use isr_UsbSuspend_StartEx instead.
 160:.\Generated_Source\PSoC5/isr_UsbSuspend.c **** *
 161:.\Generated_Source\PSoC5/isr_UsbSuspend.c **** * Parameters:
 162:.\Generated_Source\PSoC5/isr_UsbSuspend.c **** *   address: Address of the ISR to set in the interrupt vector table.
 163:.\Generated_Source\PSoC5/isr_UsbSuspend.c **** *
 164:.\Generated_Source\PSoC5/isr_UsbSuspend.c **** * Return:
 165:.\Generated_Source\PSoC5/isr_UsbSuspend.c **** *   None
 166:.\Generated_Source\PSoC5/isr_UsbSuspend.c **** *
 167:.\Generated_Source\PSoC5/isr_UsbSuspend.c **** *******************************************************************************/
ARM GAS  C:\DOCUME~1\ADMINI~1\LOCALS~1\Temp\cc0Lb7Cp.s 			page 7


 168:.\Generated_Source\PSoC5/isr_UsbSuspend.c **** void isr_UsbSuspend_SetVector(cyisraddress address)
 169:.\Generated_Source\PSoC5/isr_UsbSuspend.c **** {
 172              		.loc 1 169 0
 173              		.cfi_startproc
 174              		@ args = 0, pretend = 0, frame = 16
 175              		@ frame_needed = 1, uses_anonymous_args = 0
 176              		@ link register save eliminated.
 177 0000 80B4     		push	{r7}
 178              	.LCFI9:
 179              		.cfi_def_cfa_offset 4
 180 0002 85B0     		sub	sp, sp, #20
 181              	.LCFI10:
 182              		.cfi_def_cfa_offset 24
 183 0004 00AF     		add	r7, sp, #0
 184              		.cfi_offset 7, -4
 185              	.LCFI11:
 186              		.cfi_def_cfa_register 7
 187 0006 7860     		str	r0, [r7, #4]
 170:.\Generated_Source\PSoC5/isr_UsbSuspend.c ****     cyisraddress * ramVectorTable;
 171:.\Generated_Source\PSoC5/isr_UsbSuspend.c **** 
 172:.\Generated_Source\PSoC5/isr_UsbSuspend.c ****     ramVectorTable = (cyisraddress *) *CYINT_VECT_TABLE;
 188              		.loc 1 172 0
 189 0008 4EF60853 		movw	r3, #:lower16:-536810232
 190 000c CEF20003 		movt	r3, #:upper16:-536810232
 191 0010 1B68     		ldr	r3, [r3, #0]
 192 0012 FB60     		str	r3, [r7, #12]
 173:.\Generated_Source\PSoC5/isr_UsbSuspend.c **** 
 174:.\Generated_Source\PSoC5/isr_UsbSuspend.c ****     ramVectorTable[CYINT_IRQ_BASE + (uint32)isr_UsbSuspend__INTC_NUMBER] = address;
 193              		.loc 1 174 0
 194 0014 FB68     		ldr	r3, [r7, #12]
 195 0016 03F18403 		add	r3, r3, #132
 196 001a 7A68     		ldr	r2, [r7, #4]
 197 001c 1A60     		str	r2, [r3, #0]
 175:.\Generated_Source\PSoC5/isr_UsbSuspend.c **** }
 198              		.loc 1 175 0
 199 001e 07F11407 		add	r7, r7, #20
 200 0022 BD46     		mov	sp, r7
 201 0024 80BC     		pop	{r7}
 202 0026 7047     		bx	lr
 203              		.cfi_endproc
 204              	.LFE33:
 205              		.size	isr_UsbSuspend_SetVector, .-isr_UsbSuspend_SetVector
 206              		.section	.text.isr_UsbSuspend_GetVector,"ax",%progbits
 207              		.align	2
 208              		.global	isr_UsbSuspend_GetVector
 209              		.thumb
 210              		.thumb_func
 211              		.type	isr_UsbSuspend_GetVector, %function
 212              	isr_UsbSuspend_GetVector:
 213              	.LFB34:
 176:.\Generated_Source\PSoC5/isr_UsbSuspend.c **** 
 177:.\Generated_Source\PSoC5/isr_UsbSuspend.c **** 
 178:.\Generated_Source\PSoC5/isr_UsbSuspend.c **** /*******************************************************************************
 179:.\Generated_Source\PSoC5/isr_UsbSuspend.c **** * Function Name: isr_UsbSuspend_GetVector
 180:.\Generated_Source\PSoC5/isr_UsbSuspend.c **** ********************************************************************************
 181:.\Generated_Source\PSoC5/isr_UsbSuspend.c **** *
 182:.\Generated_Source\PSoC5/isr_UsbSuspend.c **** * Summary:
ARM GAS  C:\DOCUME~1\ADMINI~1\LOCALS~1\Temp\cc0Lb7Cp.s 			page 8


 183:.\Generated_Source\PSoC5/isr_UsbSuspend.c **** *   Gets the "address" of the current ISR vector for the Interrupt.
 184:.\Generated_Source\PSoC5/isr_UsbSuspend.c **** *
 185:.\Generated_Source\PSoC5/isr_UsbSuspend.c **** * Parameters:
 186:.\Generated_Source\PSoC5/isr_UsbSuspend.c **** *   None
 187:.\Generated_Source\PSoC5/isr_UsbSuspend.c **** *
 188:.\Generated_Source\PSoC5/isr_UsbSuspend.c **** * Return:
 189:.\Generated_Source\PSoC5/isr_UsbSuspend.c **** *   Address of the ISR in the interrupt vector table.
 190:.\Generated_Source\PSoC5/isr_UsbSuspend.c **** *
 191:.\Generated_Source\PSoC5/isr_UsbSuspend.c **** *******************************************************************************/
 192:.\Generated_Source\PSoC5/isr_UsbSuspend.c **** cyisraddress isr_UsbSuspend_GetVector(void)
 193:.\Generated_Source\PSoC5/isr_UsbSuspend.c **** {
 214              		.loc 1 193 0
 215              		.cfi_startproc
 216              		@ args = 0, pretend = 0, frame = 8
 217              		@ frame_needed = 1, uses_anonymous_args = 0
 218              		@ link register save eliminated.
 219 0000 80B4     		push	{r7}
 220              	.LCFI12:
 221              		.cfi_def_cfa_offset 4
 222 0002 83B0     		sub	sp, sp, #12
 223              	.LCFI13:
 224              		.cfi_def_cfa_offset 16
 225 0004 00AF     		add	r7, sp, #0
 226              		.cfi_offset 7, -4
 227              	.LCFI14:
 228              		.cfi_def_cfa_register 7
 194:.\Generated_Source\PSoC5/isr_UsbSuspend.c ****     cyisraddress * ramVectorTable;
 195:.\Generated_Source\PSoC5/isr_UsbSuspend.c **** 
 196:.\Generated_Source\PSoC5/isr_UsbSuspend.c ****     ramVectorTable = (cyisraddress *) *CYINT_VECT_TABLE;
 229              		.loc 1 196 0
 230 0006 4EF60853 		movw	r3, #:lower16:-536810232
 231 000a CEF20003 		movt	r3, #:upper16:-536810232
 232 000e 1B68     		ldr	r3, [r3, #0]
 233 0010 7B60     		str	r3, [r7, #4]
 197:.\Generated_Source\PSoC5/isr_UsbSuspend.c **** 
 198:.\Generated_Source\PSoC5/isr_UsbSuspend.c ****     return ramVectorTable[CYINT_IRQ_BASE + (uint32)isr_UsbSuspend__INTC_NUMBER];
 234              		.loc 1 198 0
 235 0012 7B68     		ldr	r3, [r7, #4]
 236 0014 03F18403 		add	r3, r3, #132
 237 0018 1B68     		ldr	r3, [r3, #0]
 199:.\Generated_Source\PSoC5/isr_UsbSuspend.c **** }
 238              		.loc 1 199 0
 239 001a 1846     		mov	r0, r3
 240 001c 07F10C07 		add	r7, r7, #12
 241 0020 BD46     		mov	sp, r7
 242 0022 80BC     		pop	{r7}
 243 0024 7047     		bx	lr
 244              		.cfi_endproc
 245              	.LFE34:
 246              		.size	isr_UsbSuspend_GetVector, .-isr_UsbSuspend_GetVector
 247 0026 00BF     		.section	.text.isr_UsbSuspend_SetPriority,"ax",%progbits
 248              		.align	2
 249              		.global	isr_UsbSuspend_SetPriority
 250              		.thumb
 251              		.thumb_func
 252              		.type	isr_UsbSuspend_SetPriority, %function
 253              	isr_UsbSuspend_SetPriority:
ARM GAS  C:\DOCUME~1\ADMINI~1\LOCALS~1\Temp\cc0Lb7Cp.s 			page 9


 254              	.LFB35:
 200:.\Generated_Source\PSoC5/isr_UsbSuspend.c **** 
 201:.\Generated_Source\PSoC5/isr_UsbSuspend.c **** 
 202:.\Generated_Source\PSoC5/isr_UsbSuspend.c **** /*******************************************************************************
 203:.\Generated_Source\PSoC5/isr_UsbSuspend.c **** * Function Name: isr_UsbSuspend_SetPriority
 204:.\Generated_Source\PSoC5/isr_UsbSuspend.c **** ********************************************************************************
 205:.\Generated_Source\PSoC5/isr_UsbSuspend.c **** *
 206:.\Generated_Source\PSoC5/isr_UsbSuspend.c **** * Summary:
 207:.\Generated_Source\PSoC5/isr_UsbSuspend.c **** *   Sets the Priority of the Interrupt. Note calling isr_UsbSuspend_Start
 208:.\Generated_Source\PSoC5/isr_UsbSuspend.c **** *   or isr_UsbSuspend_StartEx will override any effect this method 
 209:.\Generated_Source\PSoC5/isr_UsbSuspend.c **** *   would have had. This method should only be called after 
 210:.\Generated_Source\PSoC5/isr_UsbSuspend.c **** *   isr_UsbSuspend_Start or isr_UsbSuspend_StartEx has been called. To set 
 211:.\Generated_Source\PSoC5/isr_UsbSuspend.c **** *   the initial priority for the component use the cydwr file in the tool.
 212:.\Generated_Source\PSoC5/isr_UsbSuspend.c **** *
 213:.\Generated_Source\PSoC5/isr_UsbSuspend.c **** * Parameters:
 214:.\Generated_Source\PSoC5/isr_UsbSuspend.c **** *   priority: Priority of the interrupt. 0 - 7, 0 being the highest.
 215:.\Generated_Source\PSoC5/isr_UsbSuspend.c **** *
 216:.\Generated_Source\PSoC5/isr_UsbSuspend.c **** * Return:
 217:.\Generated_Source\PSoC5/isr_UsbSuspend.c **** *   None
 218:.\Generated_Source\PSoC5/isr_UsbSuspend.c **** *
 219:.\Generated_Source\PSoC5/isr_UsbSuspend.c **** *******************************************************************************/
 220:.\Generated_Source\PSoC5/isr_UsbSuspend.c **** void isr_UsbSuspend_SetPriority(uint8 priority)
 221:.\Generated_Source\PSoC5/isr_UsbSuspend.c **** {
 255              		.loc 1 221 0
 256              		.cfi_startproc
 257              		@ args = 0, pretend = 0, frame = 8
 258              		@ frame_needed = 1, uses_anonymous_args = 0
 259              		@ link register save eliminated.
 260 0000 80B4     		push	{r7}
 261              	.LCFI15:
 262              		.cfi_def_cfa_offset 4
 263 0002 83B0     		sub	sp, sp, #12
 264              	.LCFI16:
 265              		.cfi_def_cfa_offset 16
 266 0004 00AF     		add	r7, sp, #0
 267              		.cfi_offset 7, -4
 268              	.LCFI17:
 269              		.cfi_def_cfa_register 7
 270 0006 0346     		mov	r3, r0
 271 0008 FB71     		strb	r3, [r7, #7]
 222:.\Generated_Source\PSoC5/isr_UsbSuspend.c ****     *isr_UsbSuspend_INTC_PRIOR = priority << 5;
 272              		.loc 1 222 0
 273 000a 4EF21143 		movw	r3, #:lower16:-536812527
 274 000e CEF20003 		movt	r3, #:upper16:-536812527
 275 0012 FA79     		ldrb	r2, [r7, #7]
 276 0014 4FEA4212 		lsl	r2, r2, #5
 277 0018 D2B2     		uxtb	r2, r2
 278 001a 1A70     		strb	r2, [r3, #0]
 223:.\Generated_Source\PSoC5/isr_UsbSuspend.c **** }
 279              		.loc 1 223 0
 280 001c 07F10C07 		add	r7, r7, #12
 281 0020 BD46     		mov	sp, r7
 282 0022 80BC     		pop	{r7}
 283 0024 7047     		bx	lr
 284              		.cfi_endproc
 285              	.LFE35:
 286              		.size	isr_UsbSuspend_SetPriority, .-isr_UsbSuspend_SetPriority
ARM GAS  C:\DOCUME~1\ADMINI~1\LOCALS~1\Temp\cc0Lb7Cp.s 			page 10


 287 0026 00BF     		.section	.text.isr_UsbSuspend_GetPriority,"ax",%progbits
 288              		.align	2
 289              		.global	isr_UsbSuspend_GetPriority
 290              		.thumb
 291              		.thumb_func
 292              		.type	isr_UsbSuspend_GetPriority, %function
 293              	isr_UsbSuspend_GetPriority:
 294              	.LFB36:
 224:.\Generated_Source\PSoC5/isr_UsbSuspend.c **** 
 225:.\Generated_Source\PSoC5/isr_UsbSuspend.c **** 
 226:.\Generated_Source\PSoC5/isr_UsbSuspend.c **** /*******************************************************************************
 227:.\Generated_Source\PSoC5/isr_UsbSuspend.c **** * Function Name: isr_UsbSuspend_GetPriority
 228:.\Generated_Source\PSoC5/isr_UsbSuspend.c **** ********************************************************************************
 229:.\Generated_Source\PSoC5/isr_UsbSuspend.c **** *
 230:.\Generated_Source\PSoC5/isr_UsbSuspend.c **** * Summary:
 231:.\Generated_Source\PSoC5/isr_UsbSuspend.c **** *   Gets the Priority of the Interrupt.
 232:.\Generated_Source\PSoC5/isr_UsbSuspend.c **** *
 233:.\Generated_Source\PSoC5/isr_UsbSuspend.c **** * Parameters:
 234:.\Generated_Source\PSoC5/isr_UsbSuspend.c **** *   None
 235:.\Generated_Source\PSoC5/isr_UsbSuspend.c **** *
 236:.\Generated_Source\PSoC5/isr_UsbSuspend.c **** * Return:
 237:.\Generated_Source\PSoC5/isr_UsbSuspend.c **** *   Priority of the interrupt. 0 - 7, 0 being the highest.
 238:.\Generated_Source\PSoC5/isr_UsbSuspend.c **** *
 239:.\Generated_Source\PSoC5/isr_UsbSuspend.c **** *******************************************************************************/
 240:.\Generated_Source\PSoC5/isr_UsbSuspend.c **** uint8 isr_UsbSuspend_GetPriority(void)
 241:.\Generated_Source\PSoC5/isr_UsbSuspend.c **** {
 295              		.loc 1 241 0
 296              		.cfi_startproc
 297              		@ args = 0, pretend = 0, frame = 8
 298              		@ frame_needed = 1, uses_anonymous_args = 0
 299              		@ link register save eliminated.
 300 0000 80B4     		push	{r7}
 301              	.LCFI18:
 302              		.cfi_def_cfa_offset 4
 303 0002 83B0     		sub	sp, sp, #12
 304              	.LCFI19:
 305              		.cfi_def_cfa_offset 16
 306 0004 00AF     		add	r7, sp, #0
 307              		.cfi_offset 7, -4
 308              	.LCFI20:
 309              		.cfi_def_cfa_register 7
 242:.\Generated_Source\PSoC5/isr_UsbSuspend.c ****     uint8 priority;
 243:.\Generated_Source\PSoC5/isr_UsbSuspend.c **** 
 244:.\Generated_Source\PSoC5/isr_UsbSuspend.c **** 
 245:.\Generated_Source\PSoC5/isr_UsbSuspend.c ****     priority = *isr_UsbSuspend_INTC_PRIOR >> 5;
 310              		.loc 1 245 0
 311 0006 4EF21143 		movw	r3, #:lower16:-536812527
 312 000a CEF20003 		movt	r3, #:upper16:-536812527
 313 000e 1B78     		ldrb	r3, [r3, #0]
 314 0010 DBB2     		uxtb	r3, r3
 315 0012 4FEA5313 		lsr	r3, r3, #5
 316 0016 FB71     		strb	r3, [r7, #7]
 246:.\Generated_Source\PSoC5/isr_UsbSuspend.c **** 
 247:.\Generated_Source\PSoC5/isr_UsbSuspend.c ****     return priority;
 317              		.loc 1 247 0
 318 0018 FB79     		ldrb	r3, [r7, #7]	@ zero_extendqisi2
 248:.\Generated_Source\PSoC5/isr_UsbSuspend.c **** }
ARM GAS  C:\DOCUME~1\ADMINI~1\LOCALS~1\Temp\cc0Lb7Cp.s 			page 11


 319              		.loc 1 248 0
 320 001a 1846     		mov	r0, r3
 321 001c 07F10C07 		add	r7, r7, #12
 322 0020 BD46     		mov	sp, r7
 323 0022 80BC     		pop	{r7}
 324 0024 7047     		bx	lr
 325              		.cfi_endproc
 326              	.LFE36:
 327              		.size	isr_UsbSuspend_GetPriority, .-isr_UsbSuspend_GetPriority
 328 0026 00BF     		.section	.text.isr_UsbSuspend_Enable,"ax",%progbits
 329              		.align	2
 330              		.global	isr_UsbSuspend_Enable
 331              		.thumb
 332              		.thumb_func
 333              		.type	isr_UsbSuspend_Enable, %function
 334              	isr_UsbSuspend_Enable:
 335              	.LFB37:
 249:.\Generated_Source\PSoC5/isr_UsbSuspend.c **** 
 250:.\Generated_Source\PSoC5/isr_UsbSuspend.c **** 
 251:.\Generated_Source\PSoC5/isr_UsbSuspend.c **** /*******************************************************************************
 252:.\Generated_Source\PSoC5/isr_UsbSuspend.c **** * Function Name: isr_UsbSuspend_Enable
 253:.\Generated_Source\PSoC5/isr_UsbSuspend.c **** ********************************************************************************
 254:.\Generated_Source\PSoC5/isr_UsbSuspend.c **** *
 255:.\Generated_Source\PSoC5/isr_UsbSuspend.c **** * Summary:
 256:.\Generated_Source\PSoC5/isr_UsbSuspend.c **** *   Enables the interrupt.
 257:.\Generated_Source\PSoC5/isr_UsbSuspend.c **** *
 258:.\Generated_Source\PSoC5/isr_UsbSuspend.c **** * Parameters:
 259:.\Generated_Source\PSoC5/isr_UsbSuspend.c **** *   None
 260:.\Generated_Source\PSoC5/isr_UsbSuspend.c **** *
 261:.\Generated_Source\PSoC5/isr_UsbSuspend.c **** * Return:
 262:.\Generated_Source\PSoC5/isr_UsbSuspend.c **** *   None
 263:.\Generated_Source\PSoC5/isr_UsbSuspend.c **** *
 264:.\Generated_Source\PSoC5/isr_UsbSuspend.c **** *******************************************************************************/
 265:.\Generated_Source\PSoC5/isr_UsbSuspend.c **** void isr_UsbSuspend_Enable(void)
 266:.\Generated_Source\PSoC5/isr_UsbSuspend.c **** {
 336              		.loc 1 266 0
 337              		.cfi_startproc
 338              		@ args = 0, pretend = 0, frame = 0
 339              		@ frame_needed = 1, uses_anonymous_args = 0
 340              		@ link register save eliminated.
 341 0000 80B4     		push	{r7}
 342              	.LCFI21:
 343              		.cfi_def_cfa_offset 4
 344 0002 00AF     		add	r7, sp, #0
 345              		.cfi_offset 7, -4
 346              	.LCFI22:
 347              		.cfi_def_cfa_register 7
 267:.\Generated_Source\PSoC5/isr_UsbSuspend.c ****     /* Enable the general interrupt. */
 268:.\Generated_Source\PSoC5/isr_UsbSuspend.c ****     *isr_UsbSuspend_INTC_SET_EN = isr_UsbSuspend__INTC_MASK;
 348              		.loc 1 268 0
 349 0004 4EF20013 		movw	r3, #:lower16:-536813312
 350 0008 CEF20003 		movt	r3, #:upper16:-536813312
 351 000c 4FF40032 		mov	r2, #131072
 352 0010 1A60     		str	r2, [r3, #0]
 269:.\Generated_Source\PSoC5/isr_UsbSuspend.c **** }
 353              		.loc 1 269 0
 354 0012 BD46     		mov	sp, r7
ARM GAS  C:\DOCUME~1\ADMINI~1\LOCALS~1\Temp\cc0Lb7Cp.s 			page 12


 355 0014 80BC     		pop	{r7}
 356 0016 7047     		bx	lr
 357              		.cfi_endproc
 358              	.LFE37:
 359              		.size	isr_UsbSuspend_Enable, .-isr_UsbSuspend_Enable
 360              		.section	.text.isr_UsbSuspend_GetState,"ax",%progbits
 361              		.align	2
 362              		.global	isr_UsbSuspend_GetState
 363              		.thumb
 364              		.thumb_func
 365              		.type	isr_UsbSuspend_GetState, %function
 366              	isr_UsbSuspend_GetState:
 367              	.LFB38:
 270:.\Generated_Source\PSoC5/isr_UsbSuspend.c **** 
 271:.\Generated_Source\PSoC5/isr_UsbSuspend.c **** 
 272:.\Generated_Source\PSoC5/isr_UsbSuspend.c **** /*******************************************************************************
 273:.\Generated_Source\PSoC5/isr_UsbSuspend.c **** * Function Name: isr_UsbSuspend_GetState
 274:.\Generated_Source\PSoC5/isr_UsbSuspend.c **** ********************************************************************************
 275:.\Generated_Source\PSoC5/isr_UsbSuspend.c **** *
 276:.\Generated_Source\PSoC5/isr_UsbSuspend.c **** * Summary:
 277:.\Generated_Source\PSoC5/isr_UsbSuspend.c **** *   Gets the state (enabled, disabled) of the Interrupt.
 278:.\Generated_Source\PSoC5/isr_UsbSuspend.c **** *
 279:.\Generated_Source\PSoC5/isr_UsbSuspend.c **** * Parameters:
 280:.\Generated_Source\PSoC5/isr_UsbSuspend.c **** *   None
 281:.\Generated_Source\PSoC5/isr_UsbSuspend.c **** *
 282:.\Generated_Source\PSoC5/isr_UsbSuspend.c **** * Return:
 283:.\Generated_Source\PSoC5/isr_UsbSuspend.c **** *   1 if enabled, 0 if disabled.
 284:.\Generated_Source\PSoC5/isr_UsbSuspend.c **** *
 285:.\Generated_Source\PSoC5/isr_UsbSuspend.c **** *******************************************************************************/
 286:.\Generated_Source\PSoC5/isr_UsbSuspend.c **** uint8 isr_UsbSuspend_GetState(void)
 287:.\Generated_Source\PSoC5/isr_UsbSuspend.c **** {
 368              		.loc 1 287 0
 369              		.cfi_startproc
 370              		@ args = 0, pretend = 0, frame = 0
 371              		@ frame_needed = 1, uses_anonymous_args = 0
 372              		@ link register save eliminated.
 373 0000 80B4     		push	{r7}
 374              	.LCFI23:
 375              		.cfi_def_cfa_offset 4
 376 0002 00AF     		add	r7, sp, #0
 377              		.cfi_offset 7, -4
 378              	.LCFI24:
 379              		.cfi_def_cfa_register 7
 288:.\Generated_Source\PSoC5/isr_UsbSuspend.c ****     /* Get the state of the general interrupt. */
 289:.\Generated_Source\PSoC5/isr_UsbSuspend.c ****     return ((*isr_UsbSuspend_INTC_SET_EN & (uint32)isr_UsbSuspend__INTC_MASK) != 0u) ? 1u:0u;
 380              		.loc 1 289 0
 381 0004 4EF20013 		movw	r3, #:lower16:-536813312
 382 0008 CEF20003 		movt	r3, #:upper16:-536813312
 383 000c 1B68     		ldr	r3, [r3, #0]
 384 000e 03F40033 		and	r3, r3, #131072
 385 0012 002B     		cmp	r3, #0
 386 0014 02D0     		beq	.L20
 387 0016 4FF00103 		mov	r3, #1
 388 001a 01E0     		b	.L21
 389              	.L20:
 390 001c 4FF00003 		mov	r3, #0
 391              	.L21:
ARM GAS  C:\DOCUME~1\ADMINI~1\LOCALS~1\Temp\cc0Lb7Cp.s 			page 13


 290:.\Generated_Source\PSoC5/isr_UsbSuspend.c **** }
 392              		.loc 1 290 0
 393 0020 1846     		mov	r0, r3
 394 0022 BD46     		mov	sp, r7
 395 0024 80BC     		pop	{r7}
 396 0026 7047     		bx	lr
 397              		.cfi_endproc
 398              	.LFE38:
 399              		.size	isr_UsbSuspend_GetState, .-isr_UsbSuspend_GetState
 400              		.section	.text.isr_UsbSuspend_Disable,"ax",%progbits
 401              		.align	2
 402              		.global	isr_UsbSuspend_Disable
 403              		.thumb
 404              		.thumb_func
 405              		.type	isr_UsbSuspend_Disable, %function
 406              	isr_UsbSuspend_Disable:
 407              	.LFB39:
 291:.\Generated_Source\PSoC5/isr_UsbSuspend.c **** 
 292:.\Generated_Source\PSoC5/isr_UsbSuspend.c **** 
 293:.\Generated_Source\PSoC5/isr_UsbSuspend.c **** /*******************************************************************************
 294:.\Generated_Source\PSoC5/isr_UsbSuspend.c **** * Function Name: isr_UsbSuspend_Disable
 295:.\Generated_Source\PSoC5/isr_UsbSuspend.c **** ********************************************************************************
 296:.\Generated_Source\PSoC5/isr_UsbSuspend.c **** *
 297:.\Generated_Source\PSoC5/isr_UsbSuspend.c **** * Summary:
 298:.\Generated_Source\PSoC5/isr_UsbSuspend.c **** *   Disables the Interrupt.
 299:.\Generated_Source\PSoC5/isr_UsbSuspend.c **** *
 300:.\Generated_Source\PSoC5/isr_UsbSuspend.c **** * Parameters:
 301:.\Generated_Source\PSoC5/isr_UsbSuspend.c **** *   None
 302:.\Generated_Source\PSoC5/isr_UsbSuspend.c **** *
 303:.\Generated_Source\PSoC5/isr_UsbSuspend.c **** * Return:
 304:.\Generated_Source\PSoC5/isr_UsbSuspend.c **** *   None
 305:.\Generated_Source\PSoC5/isr_UsbSuspend.c **** *
 306:.\Generated_Source\PSoC5/isr_UsbSuspend.c **** *******************************************************************************/
 307:.\Generated_Source\PSoC5/isr_UsbSuspend.c **** void isr_UsbSuspend_Disable(void)
 308:.\Generated_Source\PSoC5/isr_UsbSuspend.c **** {
 408              		.loc 1 308 0
 409              		.cfi_startproc
 410              		@ args = 0, pretend = 0, frame = 0
 411              		@ frame_needed = 1, uses_anonymous_args = 0
 412              		@ link register save eliminated.
 413 0000 80B4     		push	{r7}
 414              	.LCFI25:
 415              		.cfi_def_cfa_offset 4
 416 0002 00AF     		add	r7, sp, #0
 417              		.cfi_offset 7, -4
 418              	.LCFI26:
 419              		.cfi_def_cfa_register 7
 309:.\Generated_Source\PSoC5/isr_UsbSuspend.c ****     /* Disable the general interrupt. */
 310:.\Generated_Source\PSoC5/isr_UsbSuspend.c ****     *isr_UsbSuspend_INTC_CLR_EN = isr_UsbSuspend__INTC_MASK;
 420              		.loc 1 310 0
 421 0004 4EF28013 		movw	r3, #:lower16:-536813184
 422 0008 CEF20003 		movt	r3, #:upper16:-536813184
 423 000c 4FF40032 		mov	r2, #131072
 424 0010 1A60     		str	r2, [r3, #0]
 311:.\Generated_Source\PSoC5/isr_UsbSuspend.c **** }
 425              		.loc 1 311 0
 426 0012 BD46     		mov	sp, r7
ARM GAS  C:\DOCUME~1\ADMINI~1\LOCALS~1\Temp\cc0Lb7Cp.s 			page 14


 427 0014 80BC     		pop	{r7}
 428 0016 7047     		bx	lr
 429              		.cfi_endproc
 430              	.LFE39:
 431              		.size	isr_UsbSuspend_Disable, .-isr_UsbSuspend_Disable
 432              		.section	.text.isr_UsbSuspend_SetPending,"ax",%progbits
 433              		.align	2
 434              		.global	isr_UsbSuspend_SetPending
 435              		.thumb
 436              		.thumb_func
 437              		.type	isr_UsbSuspend_SetPending, %function
 438              	isr_UsbSuspend_SetPending:
 439              	.LFB40:
 312:.\Generated_Source\PSoC5/isr_UsbSuspend.c **** 
 313:.\Generated_Source\PSoC5/isr_UsbSuspend.c **** 
 314:.\Generated_Source\PSoC5/isr_UsbSuspend.c **** /*******************************************************************************
 315:.\Generated_Source\PSoC5/isr_UsbSuspend.c **** * Function Name: isr_UsbSuspend_SetPending
 316:.\Generated_Source\PSoC5/isr_UsbSuspend.c **** ********************************************************************************
 317:.\Generated_Source\PSoC5/isr_UsbSuspend.c **** *
 318:.\Generated_Source\PSoC5/isr_UsbSuspend.c **** * Summary:
 319:.\Generated_Source\PSoC5/isr_UsbSuspend.c **** *   Causes the Interrupt to enter the pending state, a software method of
 320:.\Generated_Source\PSoC5/isr_UsbSuspend.c **** *   generating the interrupt.
 321:.\Generated_Source\PSoC5/isr_UsbSuspend.c **** *
 322:.\Generated_Source\PSoC5/isr_UsbSuspend.c **** * Parameters:
 323:.\Generated_Source\PSoC5/isr_UsbSuspend.c **** *   None
 324:.\Generated_Source\PSoC5/isr_UsbSuspend.c **** *
 325:.\Generated_Source\PSoC5/isr_UsbSuspend.c **** * Return:
 326:.\Generated_Source\PSoC5/isr_UsbSuspend.c **** *   None
 327:.\Generated_Source\PSoC5/isr_UsbSuspend.c **** *
 328:.\Generated_Source\PSoC5/isr_UsbSuspend.c **** *******************************************************************************/
 329:.\Generated_Source\PSoC5/isr_UsbSuspend.c **** void isr_UsbSuspend_SetPending(void)
 330:.\Generated_Source\PSoC5/isr_UsbSuspend.c **** {
 440              		.loc 1 330 0
 441              		.cfi_startproc
 442              		@ args = 0, pretend = 0, frame = 0
 443              		@ frame_needed = 1, uses_anonymous_args = 0
 444              		@ link register save eliminated.
 445 0000 80B4     		push	{r7}
 446              	.LCFI27:
 447              		.cfi_def_cfa_offset 4
 448 0002 00AF     		add	r7, sp, #0
 449              		.cfi_offset 7, -4
 450              	.LCFI28:
 451              		.cfi_def_cfa_register 7
 331:.\Generated_Source\PSoC5/isr_UsbSuspend.c ****     *isr_UsbSuspend_INTC_SET_PD = isr_UsbSuspend__INTC_MASK;
 452              		.loc 1 331 0
 453 0004 4EF20023 		movw	r3, #:lower16:-536813056
 454 0008 CEF20003 		movt	r3, #:upper16:-536813056
 455 000c 4FF40032 		mov	r2, #131072
 456 0010 1A60     		str	r2, [r3, #0]
 332:.\Generated_Source\PSoC5/isr_UsbSuspend.c **** }
 457              		.loc 1 332 0
 458 0012 BD46     		mov	sp, r7
 459 0014 80BC     		pop	{r7}
 460 0016 7047     		bx	lr
 461              		.cfi_endproc
 462              	.LFE40:
ARM GAS  C:\DOCUME~1\ADMINI~1\LOCALS~1\Temp\cc0Lb7Cp.s 			page 15


 463              		.size	isr_UsbSuspend_SetPending, .-isr_UsbSuspend_SetPending
 464              		.section	.text.isr_UsbSuspend_ClearPending,"ax",%progbits
 465              		.align	2
 466              		.global	isr_UsbSuspend_ClearPending
 467              		.thumb
 468              		.thumb_func
 469              		.type	isr_UsbSuspend_ClearPending, %function
 470              	isr_UsbSuspend_ClearPending:
 471              	.LFB41:
 333:.\Generated_Source\PSoC5/isr_UsbSuspend.c **** 
 334:.\Generated_Source\PSoC5/isr_UsbSuspend.c **** 
 335:.\Generated_Source\PSoC5/isr_UsbSuspend.c **** /*******************************************************************************
 336:.\Generated_Source\PSoC5/isr_UsbSuspend.c **** * Function Name: isr_UsbSuspend_ClearPending
 337:.\Generated_Source\PSoC5/isr_UsbSuspend.c **** ********************************************************************************
 338:.\Generated_Source\PSoC5/isr_UsbSuspend.c **** *
 339:.\Generated_Source\PSoC5/isr_UsbSuspend.c **** * Summary:
 340:.\Generated_Source\PSoC5/isr_UsbSuspend.c **** *   Clears a pending interrupt.
 341:.\Generated_Source\PSoC5/isr_UsbSuspend.c **** *
 342:.\Generated_Source\PSoC5/isr_UsbSuspend.c **** * Parameters:
 343:.\Generated_Source\PSoC5/isr_UsbSuspend.c **** *   None
 344:.\Generated_Source\PSoC5/isr_UsbSuspend.c **** *
 345:.\Generated_Source\PSoC5/isr_UsbSuspend.c **** * Return:
 346:.\Generated_Source\PSoC5/isr_UsbSuspend.c **** *   None
 347:.\Generated_Source\PSoC5/isr_UsbSuspend.c **** *
 348:.\Generated_Source\PSoC5/isr_UsbSuspend.c **** *******************************************************************************/
 349:.\Generated_Source\PSoC5/isr_UsbSuspend.c **** void isr_UsbSuspend_ClearPending(void)
 350:.\Generated_Source\PSoC5/isr_UsbSuspend.c **** {
 472              		.loc 1 350 0
 473              		.cfi_startproc
 474              		@ args = 0, pretend = 0, frame = 0
 475              		@ frame_needed = 1, uses_anonymous_args = 0
 476              		@ link register save eliminated.
 477 0000 80B4     		push	{r7}
 478              	.LCFI29:
 479              		.cfi_def_cfa_offset 4
 480 0002 00AF     		add	r7, sp, #0
 481              		.cfi_offset 7, -4
 482              	.LCFI30:
 483              		.cfi_def_cfa_register 7
 351:.\Generated_Source\PSoC5/isr_UsbSuspend.c ****     *isr_UsbSuspend_INTC_CLR_PD = isr_UsbSuspend__INTC_MASK;
 484              		.loc 1 351 0
 485 0004 4EF28023 		movw	r3, #:lower16:-536812928
 486 0008 CEF20003 		movt	r3, #:upper16:-536812928
 487 000c 4FF40032 		mov	r2, #131072
 488 0010 1A60     		str	r2, [r3, #0]
 352:.\Generated_Source\PSoC5/isr_UsbSuspend.c **** }
 489              		.loc 1 352 0
 490 0012 BD46     		mov	sp, r7
 491 0014 80BC     		pop	{r7}
 492 0016 7047     		bx	lr
 493              		.cfi_endproc
 494              	.LFE41:
 495              		.size	isr_UsbSuspend_ClearPending, .-isr_UsbSuspend_ClearPending
 496              		.text
 497              	.Letext0:
 498              		.section	.debug_loc,"",%progbits
 499              	.Ldebug_loc0:
ARM GAS  C:\DOCUME~1\ADMINI~1\LOCALS~1\Temp\cc0Lb7Cp.s 			page 16


 500              	.LLST0:
 501 0000 00000000 		.4byte	.LFB29
 502 0004 02000000 		.4byte	.LCFI0
 503 0008 0100     		.2byte	0x1
 504 000a 5D       		.byte	0x5d
 505 000b 02000000 		.4byte	.LCFI0
 506 000f 04000000 		.4byte	.LCFI1
 507 0013 0200     		.2byte	0x2
 508 0015 7D       		.byte	0x7d
 509 0016 08       		.sleb128 8
 510 0017 04000000 		.4byte	.LCFI1
 511 001b 22000000 		.4byte	.LFE29
 512 001f 0200     		.2byte	0x2
 513 0021 77       		.byte	0x77
 514 0022 08       		.sleb128 8
 515 0023 00000000 		.4byte	0x0
 516 0027 00000000 		.4byte	0x0
 517              	.LLST1:
 518 002b 00000000 		.4byte	.LFB30
 519 002f 02000000 		.4byte	.LCFI2
 520 0033 0100     		.2byte	0x1
 521 0035 5D       		.byte	0x5d
 522 0036 02000000 		.4byte	.LCFI2
 523 003a 04000000 		.4byte	.LCFI3
 524 003e 0200     		.2byte	0x2
 525 0040 7D       		.byte	0x7d
 526 0041 08       		.sleb128 8
 527 0042 04000000 		.4byte	.LCFI3
 528 0046 06000000 		.4byte	.LCFI4
 529 004a 0200     		.2byte	0x2
 530 004c 7D       		.byte	0x7d
 531 004d 10       		.sleb128 16
 532 004e 06000000 		.4byte	.LCFI4
 533 0052 26000000 		.4byte	.LFE30
 534 0056 0200     		.2byte	0x2
 535 0058 77       		.byte	0x77
 536 0059 10       		.sleb128 16
 537 005a 00000000 		.4byte	0x0
 538 005e 00000000 		.4byte	0x0
 539              	.LLST2:
 540 0062 00000000 		.4byte	.LFB31
 541 0066 02000000 		.4byte	.LCFI5
 542 006a 0100     		.2byte	0x1
 543 006c 5D       		.byte	0x5d
 544 006d 02000000 		.4byte	.LCFI5
 545 0071 04000000 		.4byte	.LCFI6
 546 0075 0200     		.2byte	0x2
 547 0077 7D       		.byte	0x7d
 548 0078 08       		.sleb128 8
 549 0079 04000000 		.4byte	.LCFI6
 550 007d 16000000 		.4byte	.LFE31
 551 0081 0200     		.2byte	0x2
 552 0083 77       		.byte	0x77
 553 0084 08       		.sleb128 8
 554 0085 00000000 		.4byte	0x0
 555 0089 00000000 		.4byte	0x0
 556              	.LLST3:
ARM GAS  C:\DOCUME~1\ADMINI~1\LOCALS~1\Temp\cc0Lb7Cp.s 			page 17


 557 008d 00000000 		.4byte	.LFB32
 558 0091 02000000 		.4byte	.LCFI7
 559 0095 0100     		.2byte	0x1
 560 0097 5D       		.byte	0x5d
 561 0098 02000000 		.4byte	.LCFI7
 562 009c 04000000 		.4byte	.LCFI8
 563 00a0 0200     		.2byte	0x2
 564 00a2 7D       		.byte	0x7d
 565 00a3 08       		.sleb128 8
 566 00a4 04000000 		.4byte	.LCFI8
 567 00a8 18000000 		.4byte	.LFE32
 568 00ac 0200     		.2byte	0x2
 569 00ae 77       		.byte	0x77
 570 00af 08       		.sleb128 8
 571 00b0 00000000 		.4byte	0x0
 572 00b4 00000000 		.4byte	0x0
 573              	.LLST4:
 574 00b8 00000000 		.4byte	.LFB33
 575 00bc 02000000 		.4byte	.LCFI9
 576 00c0 0100     		.2byte	0x1
 577 00c2 5D       		.byte	0x5d
 578 00c3 02000000 		.4byte	.LCFI9
 579 00c7 04000000 		.4byte	.LCFI10
 580 00cb 0200     		.2byte	0x2
 581 00cd 7D       		.byte	0x7d
 582 00ce 04       		.sleb128 4
 583 00cf 04000000 		.4byte	.LCFI10
 584 00d3 06000000 		.4byte	.LCFI11
 585 00d7 0200     		.2byte	0x2
 586 00d9 7D       		.byte	0x7d
 587 00da 18       		.sleb128 24
 588 00db 06000000 		.4byte	.LCFI11
 589 00df 28000000 		.4byte	.LFE33
 590 00e3 0200     		.2byte	0x2
 591 00e5 77       		.byte	0x77
 592 00e6 18       		.sleb128 24
 593 00e7 00000000 		.4byte	0x0
 594 00eb 00000000 		.4byte	0x0
 595              	.LLST5:
 596 00ef 00000000 		.4byte	.LFB34
 597 00f3 02000000 		.4byte	.LCFI12
 598 00f7 0100     		.2byte	0x1
 599 00f9 5D       		.byte	0x5d
 600 00fa 02000000 		.4byte	.LCFI12
 601 00fe 04000000 		.4byte	.LCFI13
 602 0102 0200     		.2byte	0x2
 603 0104 7D       		.byte	0x7d
 604 0105 04       		.sleb128 4
 605 0106 04000000 		.4byte	.LCFI13
 606 010a 06000000 		.4byte	.LCFI14
 607 010e 0200     		.2byte	0x2
 608 0110 7D       		.byte	0x7d
 609 0111 10       		.sleb128 16
 610 0112 06000000 		.4byte	.LCFI14
 611 0116 26000000 		.4byte	.LFE34
 612 011a 0200     		.2byte	0x2
 613 011c 77       		.byte	0x77
ARM GAS  C:\DOCUME~1\ADMINI~1\LOCALS~1\Temp\cc0Lb7Cp.s 			page 18


 614 011d 10       		.sleb128 16
 615 011e 00000000 		.4byte	0x0
 616 0122 00000000 		.4byte	0x0
 617              	.LLST6:
 618 0126 00000000 		.4byte	.LFB35
 619 012a 02000000 		.4byte	.LCFI15
 620 012e 0100     		.2byte	0x1
 621 0130 5D       		.byte	0x5d
 622 0131 02000000 		.4byte	.LCFI15
 623 0135 04000000 		.4byte	.LCFI16
 624 0139 0200     		.2byte	0x2
 625 013b 7D       		.byte	0x7d
 626 013c 04       		.sleb128 4
 627 013d 04000000 		.4byte	.LCFI16
 628 0141 06000000 		.4byte	.LCFI17
 629 0145 0200     		.2byte	0x2
 630 0147 7D       		.byte	0x7d
 631 0148 10       		.sleb128 16
 632 0149 06000000 		.4byte	.LCFI17
 633 014d 26000000 		.4byte	.LFE35
 634 0151 0200     		.2byte	0x2
 635 0153 77       		.byte	0x77
 636 0154 10       		.sleb128 16
 637 0155 00000000 		.4byte	0x0
 638 0159 00000000 		.4byte	0x0
 639              	.LLST7:
 640 015d 00000000 		.4byte	.LFB36
 641 0161 02000000 		.4byte	.LCFI18
 642 0165 0100     		.2byte	0x1
 643 0167 5D       		.byte	0x5d
 644 0168 02000000 		.4byte	.LCFI18
 645 016c 04000000 		.4byte	.LCFI19
 646 0170 0200     		.2byte	0x2
 647 0172 7D       		.byte	0x7d
 648 0173 04       		.sleb128 4
 649 0174 04000000 		.4byte	.LCFI19
 650 0178 06000000 		.4byte	.LCFI20
 651 017c 0200     		.2byte	0x2
 652 017e 7D       		.byte	0x7d
 653 017f 10       		.sleb128 16
 654 0180 06000000 		.4byte	.LCFI20
 655 0184 26000000 		.4byte	.LFE36
 656 0188 0200     		.2byte	0x2
 657 018a 77       		.byte	0x77
 658 018b 10       		.sleb128 16
 659 018c 00000000 		.4byte	0x0
 660 0190 00000000 		.4byte	0x0
 661              	.LLST8:
 662 0194 00000000 		.4byte	.LFB37
 663 0198 02000000 		.4byte	.LCFI21
 664 019c 0100     		.2byte	0x1
 665 019e 5D       		.byte	0x5d
 666 019f 02000000 		.4byte	.LCFI21
 667 01a3 04000000 		.4byte	.LCFI22
 668 01a7 0200     		.2byte	0x2
 669 01a9 7D       		.byte	0x7d
 670 01aa 04       		.sleb128 4
ARM GAS  C:\DOCUME~1\ADMINI~1\LOCALS~1\Temp\cc0Lb7Cp.s 			page 19


 671 01ab 04000000 		.4byte	.LCFI22
 672 01af 18000000 		.4byte	.LFE37
 673 01b3 0200     		.2byte	0x2
 674 01b5 77       		.byte	0x77
 675 01b6 04       		.sleb128 4
 676 01b7 00000000 		.4byte	0x0
 677 01bb 00000000 		.4byte	0x0
 678              	.LLST9:
 679 01bf 00000000 		.4byte	.LFB38
 680 01c3 02000000 		.4byte	.LCFI23
 681 01c7 0100     		.2byte	0x1
 682 01c9 5D       		.byte	0x5d
 683 01ca 02000000 		.4byte	.LCFI23
 684 01ce 04000000 		.4byte	.LCFI24
 685 01d2 0200     		.2byte	0x2
 686 01d4 7D       		.byte	0x7d
 687 01d5 04       		.sleb128 4
 688 01d6 04000000 		.4byte	.LCFI24
 689 01da 28000000 		.4byte	.LFE38
 690 01de 0200     		.2byte	0x2
 691 01e0 77       		.byte	0x77
 692 01e1 04       		.sleb128 4
 693 01e2 00000000 		.4byte	0x0
 694 01e6 00000000 		.4byte	0x0
 695              	.LLST10:
 696 01ea 00000000 		.4byte	.LFB39
 697 01ee 02000000 		.4byte	.LCFI25
 698 01f2 0100     		.2byte	0x1
 699 01f4 5D       		.byte	0x5d
 700 01f5 02000000 		.4byte	.LCFI25
 701 01f9 04000000 		.4byte	.LCFI26
 702 01fd 0200     		.2byte	0x2
 703 01ff 7D       		.byte	0x7d
 704 0200 04       		.sleb128 4
 705 0201 04000000 		.4byte	.LCFI26
 706 0205 18000000 		.4byte	.LFE39
 707 0209 0200     		.2byte	0x2
 708 020b 77       		.byte	0x77
 709 020c 04       		.sleb128 4
 710 020d 00000000 		.4byte	0x0
 711 0211 00000000 		.4byte	0x0
 712              	.LLST11:
 713 0215 00000000 		.4byte	.LFB40
 714 0219 02000000 		.4byte	.LCFI27
 715 021d 0100     		.2byte	0x1
 716 021f 5D       		.byte	0x5d
 717 0220 02000000 		.4byte	.LCFI27
 718 0224 04000000 		.4byte	.LCFI28
 719 0228 0200     		.2byte	0x2
 720 022a 7D       		.byte	0x7d
 721 022b 04       		.sleb128 4
 722 022c 04000000 		.4byte	.LCFI28
 723 0230 18000000 		.4byte	.LFE40
 724 0234 0200     		.2byte	0x2
 725 0236 77       		.byte	0x77
 726 0237 04       		.sleb128 4
 727 0238 00000000 		.4byte	0x0
ARM GAS  C:\DOCUME~1\ADMINI~1\LOCALS~1\Temp\cc0Lb7Cp.s 			page 20


 728 023c 00000000 		.4byte	0x0
 729              	.LLST12:
 730 0240 00000000 		.4byte	.LFB41
 731 0244 02000000 		.4byte	.LCFI29
 732 0248 0100     		.2byte	0x1
 733 024a 5D       		.byte	0x5d
 734 024b 02000000 		.4byte	.LCFI29
 735 024f 04000000 		.4byte	.LCFI30
 736 0253 0200     		.2byte	0x2
 737 0255 7D       		.byte	0x7d
 738 0256 04       		.sleb128 4
 739 0257 04000000 		.4byte	.LCFI30
 740 025b 18000000 		.4byte	.LFE41
 741 025f 0200     		.2byte	0x2
 742 0261 77       		.byte	0x77
 743 0262 04       		.sleb128 4
 744 0263 00000000 		.4byte	0x0
 745 0267 00000000 		.4byte	0x0
 746              		.file 2 "./Generated_Source/PSoC5/cytypes.h"
 747              		.file 3 "./Generated_Source/PSoC5/core_cm3.h"
 748              		.file 4 "./power.h"
 749              		.section	.debug_info
 750 0000 57020000 		.4byte	0x257
 751 0004 0200     		.2byte	0x2
 752 0006 00000000 		.4byte	.Ldebug_abbrev0
 753 000a 04       		.byte	0x4
 754 000b 01       		.uleb128 0x1
 755 000c 3A020000 		.4byte	.LASF31
 756 0010 01       		.byte	0x1
 757 0011 0E000000 		.4byte	.LASF32
 758 0015 C6010000 		.4byte	.LASF33
 759 0019 00000000 		.4byte	0x0
 760 001d 00000000 		.4byte	0x0
 761 0021 00000000 		.4byte	.Ldebug_ranges0+0x0
 762 0025 00000000 		.4byte	.Ldebug_line0
 763 0029 02       		.uleb128 0x2
 764 002a 01       		.byte	0x1
 765 002b 06       		.byte	0x6
 766 002c 8C020000 		.4byte	.LASF0
 767 0030 02       		.uleb128 0x2
 768 0031 01       		.byte	0x1
 769 0032 08       		.byte	0x8
 770 0033 E5000000 		.4byte	.LASF1
 771 0037 02       		.uleb128 0x2
 772 0038 02       		.byte	0x2
 773 0039 05       		.byte	0x5
 774 003a 73020000 		.4byte	.LASF2
 775 003e 02       		.uleb128 0x2
 776 003f 02       		.byte	0x2
 777 0040 07       		.byte	0x7
 778 0041 1C010000 		.4byte	.LASF3
 779 0045 03       		.uleb128 0x3
 780 0046 04       		.byte	0x4
 781 0047 05       		.byte	0x5
 782 0048 696E7400 		.ascii	"int\000"
 783 004c 02       		.uleb128 0x2
 784 004d 04       		.byte	0x4
ARM GAS  C:\DOCUME~1\ADMINI~1\LOCALS~1\Temp\cc0Lb7Cp.s 			page 21


 785 004e 07       		.byte	0x7
 786 004f 7B010000 		.4byte	.LASF4
 787 0053 02       		.uleb128 0x2
 788 0054 08       		.byte	0x8
 789 0055 05       		.byte	0x5
 790 0056 00000000 		.4byte	.LASF5
 791 005a 02       		.uleb128 0x2
 792 005b 08       		.byte	0x8
 793 005c 07       		.byte	0x7
 794 005d 90010000 		.4byte	.LASF6
 795 0061 02       		.uleb128 0x2
 796 0062 04       		.byte	0x4
 797 0063 05       		.byte	0x5
 798 0064 83020000 		.4byte	.LASF7
 799 0068 04       		.uleb128 0x4
 800 0069 04       		.byte	0x4
 801 006a 07       		.byte	0x7
 802 006b 02       		.uleb128 0x2
 803 006c 04       		.byte	0x4
 804 006d 07       		.byte	0x7
 805 006e 0A010000 		.4byte	.LASF8
 806 0072 05       		.uleb128 0x5
 807 0073 01       		.byte	0x1
 808 0074 06       		.uleb128 0x6
 809 0075 04       		.byte	0x4
 810 0076 72000000 		.4byte	0x72
 811 007a 02       		.uleb128 0x2
 812 007b 01       		.byte	0x1
 813 007c 08       		.byte	0x8
 814 007d 5F020000 		.4byte	.LASF9
 815 0081 07       		.uleb128 0x7
 816 0082 7D020000 		.4byte	.LASF12
 817 0086 02       		.byte	0x2
 818 0087 4C       		.byte	0x4c
 819 0088 30000000 		.4byte	0x30
 820 008c 02       		.uleb128 0x2
 821 008d 04       		.byte	0x4
 822 008e 04       		.byte	0x4
 823 008f DF000000 		.4byte	.LASF10
 824 0093 02       		.uleb128 0x2
 825 0094 08       		.byte	0x8
 826 0095 04       		.byte	0x4
 827 0096 54010000 		.4byte	.LASF11
 828 009a 07       		.uleb128 0x7
 829 009b A7010000 		.4byte	.LASF13
 830 009f 02       		.byte	0x2
 831 00a0 EB       		.byte	0xeb
 832 00a1 74000000 		.4byte	0x74
 833 00a5 08       		.uleb128 0x8
 834 00a6 01       		.byte	0x1
 835 00a7 CA000000 		.4byte	.LASF14
 836 00ab 01       		.byte	0x1
 837 00ac 39       		.byte	0x39
 838 00ad 01       		.byte	0x1
 839 00ae 00000000 		.4byte	.LFB29
 840 00b2 22000000 		.4byte	.LFE29
 841 00b6 00000000 		.4byte	.LLST0
ARM GAS  C:\DOCUME~1\ADMINI~1\LOCALS~1\Temp\cc0Lb7Cp.s 			page 22


 842 00ba 09       		.uleb128 0x9
 843 00bb 01       		.byte	0x1
 844 00bc F3000000 		.4byte	.LASF17
 845 00c0 01       		.byte	0x1
 846 00c1 57       		.byte	0x57
 847 00c2 01       		.byte	0x1
 848 00c3 00000000 		.4byte	.LFB30
 849 00c7 26000000 		.4byte	.LFE30
 850 00cb 2B000000 		.4byte	.LLST1
 851 00cf E2000000 		.4byte	0xe2
 852 00d3 0A       		.uleb128 0xa
 853 00d4 88010000 		.4byte	.LASF19
 854 00d8 01       		.byte	0x1
 855 00d9 57       		.byte	0x57
 856 00da 9A000000 		.4byte	0x9a
 857 00de 02       		.byte	0x2
 858 00df 91       		.byte	0x91
 859 00e0 74       		.sleb128 -12
 860 00e1 00       		.byte	0x0
 861 00e2 08       		.uleb128 0x8
 862 00e3 01       		.byte	0x1
 863 00e4 B6000000 		.4byte	.LASF15
 864 00e8 01       		.byte	0x1
 865 00e9 74       		.byte	0x74
 866 00ea 01       		.byte	0x1
 867 00eb 00000000 		.4byte	.LFB31
 868 00ef 16000000 		.4byte	.LFE31
 869 00f3 62000000 		.4byte	.LLST2
 870 00f7 08       		.uleb128 0x8
 871 00f8 01       		.byte	0x1
 872 00f9 87000000 		.4byte	.LASF16
 873 00fd 01       		.byte	0x1
 874 00fe 8E       		.byte	0x8e
 875 00ff 01       		.byte	0x1
 876 0100 00000000 		.4byte	.LFB32
 877 0104 18000000 		.4byte	.LFE32
 878 0108 8D000000 		.4byte	.LLST3
 879 010c 09       		.uleb128 0x9
 880 010d 01       		.byte	0x1
 881 010e 46020000 		.4byte	.LASF18
 882 0112 01       		.byte	0x1
 883 0113 A8       		.byte	0xa8
 884 0114 01       		.byte	0x1
 885 0115 00000000 		.4byte	.LFB33
 886 0119 28000000 		.4byte	.LFE33
 887 011d B8000000 		.4byte	.LLST4
 888 0121 42010000 		.4byte	0x142
 889 0125 0A       		.uleb128 0xa
 890 0126 88010000 		.4byte	.LASF19
 891 012a 01       		.byte	0x1
 892 012b A8       		.byte	0xa8
 893 012c 9A000000 		.4byte	0x9a
 894 0130 02       		.byte	0x2
 895 0131 91       		.byte	0x91
 896 0132 6C       		.sleb128 -20
 897 0133 0B       		.uleb128 0xb
 898 0134 64020000 		.4byte	.LASF20
ARM GAS  C:\DOCUME~1\ADMINI~1\LOCALS~1\Temp\cc0Lb7Cp.s 			page 23


 899 0138 01       		.byte	0x1
 900 0139 AA       		.byte	0xaa
 901 013a 42010000 		.4byte	0x142
 902 013e 02       		.byte	0x2
 903 013f 91       		.byte	0x91
 904 0140 74       		.sleb128 -12
 905 0141 00       		.byte	0x0
 906 0142 06       		.uleb128 0x6
 907 0143 04       		.byte	0x4
 908 0144 9A000000 		.4byte	0x9a
 909 0148 0C       		.uleb128 0xc
 910 0149 01       		.byte	0x1
 911 014a 54000000 		.4byte	.LASF23
 912 014e 01       		.byte	0x1
 913 014f C0       		.byte	0xc0
 914 0150 01       		.byte	0x1
 915 0151 9A000000 		.4byte	0x9a
 916 0155 00000000 		.4byte	.LFB34
 917 0159 26000000 		.4byte	.LFE34
 918 015d EF000000 		.4byte	.LLST5
 919 0161 74010000 		.4byte	0x174
 920 0165 0B       		.uleb128 0xb
 921 0166 64020000 		.4byte	.LASF20
 922 016a 01       		.byte	0x1
 923 016b C2       		.byte	0xc2
 924 016c 42010000 		.4byte	0x142
 925 0170 02       		.byte	0x2
 926 0171 91       		.byte	0x91
 927 0172 74       		.sleb128 -12
 928 0173 00       		.byte	0x0
 929 0174 09       		.uleb128 0x9
 930 0175 01       		.byte	0x1
 931 0176 98020000 		.4byte	.LASF21
 932 017a 01       		.byte	0x1
 933 017b DC       		.byte	0xdc
 934 017c 01       		.byte	0x1
 935 017d 00000000 		.4byte	.LFB35
 936 0181 26000000 		.4byte	.LFE35
 937 0185 26010000 		.4byte	.LLST6
 938 0189 9C010000 		.4byte	0x19c
 939 018d 0A       		.uleb128 0xa
 940 018e 72010000 		.4byte	.LASF22
 941 0192 01       		.byte	0x1
 942 0193 DC       		.byte	0xdc
 943 0194 81000000 		.4byte	0x81
 944 0198 02       		.byte	0x2
 945 0199 91       		.byte	0x91
 946 019a 77       		.sleb128 -9
 947 019b 00       		.byte	0x0
 948 019c 0C       		.uleb128 0xc
 949 019d 01       		.byte	0x1
 950 019e 1F020000 		.4byte	.LASF24
 951 01a2 01       		.byte	0x1
 952 01a3 F0       		.byte	0xf0
 953 01a4 01       		.byte	0x1
 954 01a5 81000000 		.4byte	0x81
 955 01a9 00000000 		.4byte	.LFB36
ARM GAS  C:\DOCUME~1\ADMINI~1\LOCALS~1\Temp\cc0Lb7Cp.s 			page 24


 956 01ad 26000000 		.4byte	.LFE36
 957 01b1 5D010000 		.4byte	.LLST7
 958 01b5 C8010000 		.4byte	0x1c8
 959 01b9 0B       		.uleb128 0xb
 960 01ba 72010000 		.4byte	.LASF22
 961 01be 01       		.byte	0x1
 962 01bf F2       		.byte	0xf2
 963 01c0 81000000 		.4byte	0x81
 964 01c4 02       		.byte	0x2
 965 01c5 91       		.byte	0x91
 966 01c6 77       		.sleb128 -9
 967 01c7 00       		.byte	0x0
 968 01c8 0D       		.uleb128 0xd
 969 01c9 01       		.byte	0x1
 970 01ca A0000000 		.4byte	.LASF25
 971 01ce 01       		.byte	0x1
 972 01cf 0901     		.2byte	0x109
 973 01d1 01       		.byte	0x1
 974 01d2 00000000 		.4byte	.LFB37
 975 01d6 18000000 		.4byte	.LFE37
 976 01da 94010000 		.4byte	.LLST8
 977 01de 0E       		.uleb128 0xe
 978 01df 01       		.byte	0x1
 979 01e0 2F010000 		.4byte	.LASF34
 980 01e4 01       		.byte	0x1
 981 01e5 1E01     		.2byte	0x11e
 982 01e7 01       		.byte	0x1
 983 01e8 81000000 		.4byte	0x81
 984 01ec 00000000 		.4byte	.LFB38
 985 01f0 28000000 		.4byte	.LFE38
 986 01f4 BF010000 		.4byte	.LLST9
 987 01f8 0D       		.uleb128 0xd
 988 01f9 01       		.byte	0x1
 989 01fa 5B010000 		.4byte	.LASF26
 990 01fe 01       		.byte	0x1
 991 01ff 3301     		.2byte	0x133
 992 0201 01       		.byte	0x1
 993 0202 00000000 		.4byte	.LFB39
 994 0206 18000000 		.4byte	.LFE39
 995 020a EA010000 		.4byte	.LLST10
 996 020e 0D       		.uleb128 0xd
 997 020f 01       		.byte	0x1
 998 0210 6D000000 		.4byte	.LASF27
 999 0214 01       		.byte	0x1
 1000 0215 4901     		.2byte	0x149
 1001 0217 01       		.byte	0x1
 1002 0218 00000000 		.4byte	.LFB40
 1003 021c 18000000 		.4byte	.LFE40
 1004 0220 15020000 		.4byte	.LLST11
 1005 0224 0D       		.uleb128 0xd
 1006 0225 01       		.byte	0x1
 1007 0226 38000000 		.4byte	.LASF28
 1008 022a 01       		.byte	0x1
 1009 022b 5D01     		.2byte	0x15d
 1010 022d 01       		.byte	0x1
 1011 022e 00000000 		.4byte	.LFB41
 1012 0232 18000000 		.4byte	.LFE41
ARM GAS  C:\DOCUME~1\ADMINI~1\LOCALS~1\Temp\cc0Lb7Cp.s 			page 25


 1013 0236 40020000 		.4byte	.LLST12
 1014 023a 0F       		.uleb128 0xf
 1015 023b 47010000 		.4byte	.LASF29
 1016 023f 03       		.byte	0x3
 1017 0240 CE06     		.2byte	0x6ce
 1018 0242 48020000 		.4byte	0x248
 1019 0246 01       		.byte	0x1
 1020 0247 01       		.byte	0x1
 1021 0248 10       		.uleb128 0x10
 1022 0249 45000000 		.4byte	0x45
 1023 024d 11       		.uleb128 0x11
 1024 024e B4010000 		.4byte	.LASF30
 1025 0252 04       		.byte	0x4
 1026 0253 49       		.byte	0x49
 1027 0254 81000000 		.4byte	0x81
 1028 0258 01       		.byte	0x1
 1029 0259 01       		.byte	0x1
 1030 025a 00       		.byte	0x0
 1031              		.section	.debug_abbrev
 1032 0000 01       		.uleb128 0x1
 1033 0001 11       		.uleb128 0x11
 1034 0002 01       		.byte	0x1
 1035 0003 25       		.uleb128 0x25
 1036 0004 0E       		.uleb128 0xe
 1037 0005 13       		.uleb128 0x13
 1038 0006 0B       		.uleb128 0xb
 1039 0007 03       		.uleb128 0x3
 1040 0008 0E       		.uleb128 0xe
 1041 0009 1B       		.uleb128 0x1b
 1042 000a 0E       		.uleb128 0xe
 1043 000b 11       		.uleb128 0x11
 1044 000c 01       		.uleb128 0x1
 1045 000d 52       		.uleb128 0x52
 1046 000e 01       		.uleb128 0x1
 1047 000f 55       		.uleb128 0x55
 1048 0010 06       		.uleb128 0x6
 1049 0011 10       		.uleb128 0x10
 1050 0012 06       		.uleb128 0x6
 1051 0013 00       		.byte	0x0
 1052 0014 00       		.byte	0x0
 1053 0015 02       		.uleb128 0x2
 1054 0016 24       		.uleb128 0x24
 1055 0017 00       		.byte	0x0
 1056 0018 0B       		.uleb128 0xb
 1057 0019 0B       		.uleb128 0xb
 1058 001a 3E       		.uleb128 0x3e
 1059 001b 0B       		.uleb128 0xb
 1060 001c 03       		.uleb128 0x3
 1061 001d 0E       		.uleb128 0xe
 1062 001e 00       		.byte	0x0
 1063 001f 00       		.byte	0x0
 1064 0020 03       		.uleb128 0x3
 1065 0021 24       		.uleb128 0x24
 1066 0022 00       		.byte	0x0
 1067 0023 0B       		.uleb128 0xb
 1068 0024 0B       		.uleb128 0xb
 1069 0025 3E       		.uleb128 0x3e
ARM GAS  C:\DOCUME~1\ADMINI~1\LOCALS~1\Temp\cc0Lb7Cp.s 			page 26


 1070 0026 0B       		.uleb128 0xb
 1071 0027 03       		.uleb128 0x3
 1072 0028 08       		.uleb128 0x8
 1073 0029 00       		.byte	0x0
 1074 002a 00       		.byte	0x0
 1075 002b 04       		.uleb128 0x4
 1076 002c 24       		.uleb128 0x24
 1077 002d 00       		.byte	0x0
 1078 002e 0B       		.uleb128 0xb
 1079 002f 0B       		.uleb128 0xb
 1080 0030 3E       		.uleb128 0x3e
 1081 0031 0B       		.uleb128 0xb
 1082 0032 00       		.byte	0x0
 1083 0033 00       		.byte	0x0
 1084 0034 05       		.uleb128 0x5
 1085 0035 15       		.uleb128 0x15
 1086 0036 00       		.byte	0x0
 1087 0037 27       		.uleb128 0x27
 1088 0038 0C       		.uleb128 0xc
 1089 0039 00       		.byte	0x0
 1090 003a 00       		.byte	0x0
 1091 003b 06       		.uleb128 0x6
 1092 003c 0F       		.uleb128 0xf
 1093 003d 00       		.byte	0x0
 1094 003e 0B       		.uleb128 0xb
 1095 003f 0B       		.uleb128 0xb
 1096 0040 49       		.uleb128 0x49
 1097 0041 13       		.uleb128 0x13
 1098 0042 00       		.byte	0x0
 1099 0043 00       		.byte	0x0
 1100 0044 07       		.uleb128 0x7
 1101 0045 16       		.uleb128 0x16
 1102 0046 00       		.byte	0x0
 1103 0047 03       		.uleb128 0x3
 1104 0048 0E       		.uleb128 0xe
 1105 0049 3A       		.uleb128 0x3a
 1106 004a 0B       		.uleb128 0xb
 1107 004b 3B       		.uleb128 0x3b
 1108 004c 0B       		.uleb128 0xb
 1109 004d 49       		.uleb128 0x49
 1110 004e 13       		.uleb128 0x13
 1111 004f 00       		.byte	0x0
 1112 0050 00       		.byte	0x0
 1113 0051 08       		.uleb128 0x8
 1114 0052 2E       		.uleb128 0x2e
 1115 0053 00       		.byte	0x0
 1116 0054 3F       		.uleb128 0x3f
 1117 0055 0C       		.uleb128 0xc
 1118 0056 03       		.uleb128 0x3
 1119 0057 0E       		.uleb128 0xe
 1120 0058 3A       		.uleb128 0x3a
 1121 0059 0B       		.uleb128 0xb
 1122 005a 3B       		.uleb128 0x3b
 1123 005b 0B       		.uleb128 0xb
 1124 005c 27       		.uleb128 0x27
 1125 005d 0C       		.uleb128 0xc
 1126 005e 11       		.uleb128 0x11
ARM GAS  C:\DOCUME~1\ADMINI~1\LOCALS~1\Temp\cc0Lb7Cp.s 			page 27


 1127 005f 01       		.uleb128 0x1
 1128 0060 12       		.uleb128 0x12
 1129 0061 01       		.uleb128 0x1
 1130 0062 40       		.uleb128 0x40
 1131 0063 06       		.uleb128 0x6
 1132 0064 00       		.byte	0x0
 1133 0065 00       		.byte	0x0
 1134 0066 09       		.uleb128 0x9
 1135 0067 2E       		.uleb128 0x2e
 1136 0068 01       		.byte	0x1
 1137 0069 3F       		.uleb128 0x3f
 1138 006a 0C       		.uleb128 0xc
 1139 006b 03       		.uleb128 0x3
 1140 006c 0E       		.uleb128 0xe
 1141 006d 3A       		.uleb128 0x3a
 1142 006e 0B       		.uleb128 0xb
 1143 006f 3B       		.uleb128 0x3b
 1144 0070 0B       		.uleb128 0xb
 1145 0071 27       		.uleb128 0x27
 1146 0072 0C       		.uleb128 0xc
 1147 0073 11       		.uleb128 0x11
 1148 0074 01       		.uleb128 0x1
 1149 0075 12       		.uleb128 0x12
 1150 0076 01       		.uleb128 0x1
 1151 0077 40       		.uleb128 0x40
 1152 0078 06       		.uleb128 0x6
 1153 0079 01       		.uleb128 0x1
 1154 007a 13       		.uleb128 0x13
 1155 007b 00       		.byte	0x0
 1156 007c 00       		.byte	0x0
 1157 007d 0A       		.uleb128 0xa
 1158 007e 05       		.uleb128 0x5
 1159 007f 00       		.byte	0x0
 1160 0080 03       		.uleb128 0x3
 1161 0081 0E       		.uleb128 0xe
 1162 0082 3A       		.uleb128 0x3a
 1163 0083 0B       		.uleb128 0xb
 1164 0084 3B       		.uleb128 0x3b
 1165 0085 0B       		.uleb128 0xb
 1166 0086 49       		.uleb128 0x49
 1167 0087 13       		.uleb128 0x13
 1168 0088 02       		.uleb128 0x2
 1169 0089 0A       		.uleb128 0xa
 1170 008a 00       		.byte	0x0
 1171 008b 00       		.byte	0x0
 1172 008c 0B       		.uleb128 0xb
 1173 008d 34       		.uleb128 0x34
 1174 008e 00       		.byte	0x0
 1175 008f 03       		.uleb128 0x3
 1176 0090 0E       		.uleb128 0xe
 1177 0091 3A       		.uleb128 0x3a
 1178 0092 0B       		.uleb128 0xb
 1179 0093 3B       		.uleb128 0x3b
 1180 0094 0B       		.uleb128 0xb
 1181 0095 49       		.uleb128 0x49
 1182 0096 13       		.uleb128 0x13
 1183 0097 02       		.uleb128 0x2
ARM GAS  C:\DOCUME~1\ADMINI~1\LOCALS~1\Temp\cc0Lb7Cp.s 			page 28


 1184 0098 0A       		.uleb128 0xa
 1185 0099 00       		.byte	0x0
 1186 009a 00       		.byte	0x0
 1187 009b 0C       		.uleb128 0xc
 1188 009c 2E       		.uleb128 0x2e
 1189 009d 01       		.byte	0x1
 1190 009e 3F       		.uleb128 0x3f
 1191 009f 0C       		.uleb128 0xc
 1192 00a0 03       		.uleb128 0x3
 1193 00a1 0E       		.uleb128 0xe
 1194 00a2 3A       		.uleb128 0x3a
 1195 00a3 0B       		.uleb128 0xb
 1196 00a4 3B       		.uleb128 0x3b
 1197 00a5 0B       		.uleb128 0xb
 1198 00a6 27       		.uleb128 0x27
 1199 00a7 0C       		.uleb128 0xc
 1200 00a8 49       		.uleb128 0x49
 1201 00a9 13       		.uleb128 0x13
 1202 00aa 11       		.uleb128 0x11
 1203 00ab 01       		.uleb128 0x1
 1204 00ac 12       		.uleb128 0x12
 1205 00ad 01       		.uleb128 0x1
 1206 00ae 40       		.uleb128 0x40
 1207 00af 06       		.uleb128 0x6
 1208 00b0 01       		.uleb128 0x1
 1209 00b1 13       		.uleb128 0x13
 1210 00b2 00       		.byte	0x0
 1211 00b3 00       		.byte	0x0
 1212 00b4 0D       		.uleb128 0xd
 1213 00b5 2E       		.uleb128 0x2e
 1214 00b6 00       		.byte	0x0
 1215 00b7 3F       		.uleb128 0x3f
 1216 00b8 0C       		.uleb128 0xc
 1217 00b9 03       		.uleb128 0x3
 1218 00ba 0E       		.uleb128 0xe
 1219 00bb 3A       		.uleb128 0x3a
 1220 00bc 0B       		.uleb128 0xb
 1221 00bd 3B       		.uleb128 0x3b
 1222 00be 05       		.uleb128 0x5
 1223 00bf 27       		.uleb128 0x27
 1224 00c0 0C       		.uleb128 0xc
 1225 00c1 11       		.uleb128 0x11
 1226 00c2 01       		.uleb128 0x1
 1227 00c3 12       		.uleb128 0x12
 1228 00c4 01       		.uleb128 0x1
 1229 00c5 40       		.uleb128 0x40
 1230 00c6 06       		.uleb128 0x6
 1231 00c7 00       		.byte	0x0
 1232 00c8 00       		.byte	0x0
 1233 00c9 0E       		.uleb128 0xe
 1234 00ca 2E       		.uleb128 0x2e
 1235 00cb 00       		.byte	0x0
 1236 00cc 3F       		.uleb128 0x3f
 1237 00cd 0C       		.uleb128 0xc
 1238 00ce 03       		.uleb128 0x3
 1239 00cf 0E       		.uleb128 0xe
 1240 00d0 3A       		.uleb128 0x3a
ARM GAS  C:\DOCUME~1\ADMINI~1\LOCALS~1\Temp\cc0Lb7Cp.s 			page 29


 1241 00d1 0B       		.uleb128 0xb
 1242 00d2 3B       		.uleb128 0x3b
 1243 00d3 05       		.uleb128 0x5
 1244 00d4 27       		.uleb128 0x27
 1245 00d5 0C       		.uleb128 0xc
 1246 00d6 49       		.uleb128 0x49
 1247 00d7 13       		.uleb128 0x13
 1248 00d8 11       		.uleb128 0x11
 1249 00d9 01       		.uleb128 0x1
 1250 00da 12       		.uleb128 0x12
 1251 00db 01       		.uleb128 0x1
 1252 00dc 40       		.uleb128 0x40
 1253 00dd 06       		.uleb128 0x6
 1254 00de 00       		.byte	0x0
 1255 00df 00       		.byte	0x0
 1256 00e0 0F       		.uleb128 0xf
 1257 00e1 34       		.uleb128 0x34
 1258 00e2 00       		.byte	0x0
 1259 00e3 03       		.uleb128 0x3
 1260 00e4 0E       		.uleb128 0xe
 1261 00e5 3A       		.uleb128 0x3a
 1262 00e6 0B       		.uleb128 0xb
 1263 00e7 3B       		.uleb128 0x3b
 1264 00e8 05       		.uleb128 0x5
 1265 00e9 49       		.uleb128 0x49
 1266 00ea 13       		.uleb128 0x13
 1267 00eb 3F       		.uleb128 0x3f
 1268 00ec 0C       		.uleb128 0xc
 1269 00ed 3C       		.uleb128 0x3c
 1270 00ee 0C       		.uleb128 0xc
 1271 00ef 00       		.byte	0x0
 1272 00f0 00       		.byte	0x0
 1273 00f1 10       		.uleb128 0x10
 1274 00f2 35       		.uleb128 0x35
 1275 00f3 00       		.byte	0x0
 1276 00f4 49       		.uleb128 0x49
 1277 00f5 13       		.uleb128 0x13
 1278 00f6 00       		.byte	0x0
 1279 00f7 00       		.byte	0x0
 1280 00f8 11       		.uleb128 0x11
 1281 00f9 34       		.uleb128 0x34
 1282 00fa 00       		.byte	0x0
 1283 00fb 03       		.uleb128 0x3
 1284 00fc 0E       		.uleb128 0xe
 1285 00fd 3A       		.uleb128 0x3a
 1286 00fe 0B       		.uleb128 0xb
 1287 00ff 3B       		.uleb128 0x3b
 1288 0100 0B       		.uleb128 0xb
 1289 0101 49       		.uleb128 0x49
 1290 0102 13       		.uleb128 0x13
 1291 0103 3F       		.uleb128 0x3f
 1292 0104 0C       		.uleb128 0xc
 1293 0105 3C       		.uleb128 0x3c
 1294 0106 0C       		.uleb128 0xc
 1295 0107 00       		.byte	0x0
 1296 0108 00       		.byte	0x0
 1297 0109 00       		.byte	0x0
ARM GAS  C:\DOCUME~1\ADMINI~1\LOCALS~1\Temp\cc0Lb7Cp.s 			page 30


 1298              		.section	.debug_pubnames,"",%progbits
 1299 0000 7E010000 		.4byte	0x17e
 1300 0004 0200     		.2byte	0x2
 1301 0006 00000000 		.4byte	.Ldebug_info0
 1302 000a 5B020000 		.4byte	0x25b
 1303 000e A5000000 		.4byte	0xa5
 1304 0012 6973725F 		.ascii	"isr_UsbSuspend_Start\000"
 1304      55736253 
 1304      75737065 
 1304      6E645F53 
 1304      74617274 
 1305 0027 BA000000 		.4byte	0xba
 1306 002b 6973725F 		.ascii	"isr_UsbSuspend_StartEx\000"
 1306      55736253 
 1306      75737065 
 1306      6E645F53 
 1306      74617274 
 1307 0042 E2000000 		.4byte	0xe2
 1308 0046 6973725F 		.ascii	"isr_UsbSuspend_Stop\000"
 1308      55736253 
 1308      75737065 
 1308      6E645F53 
 1308      746F7000 
 1309 005a F7000000 		.4byte	0xf7
 1310 005e 6973725F 		.ascii	"isr_UsbSuspend_Interrupt\000"
 1310      55736253 
 1310      75737065 
 1310      6E645F49 
 1310      6E746572 
 1311 0077 0C010000 		.4byte	0x10c
 1312 007b 6973725F 		.ascii	"isr_UsbSuspend_SetVector\000"
 1312      55736253 
 1312      75737065 
 1312      6E645F53 
 1312      65745665 
 1313 0094 48010000 		.4byte	0x148
 1314 0098 6973725F 		.ascii	"isr_UsbSuspend_GetVector\000"
 1314      55736253 
 1314      75737065 
 1314      6E645F47 
 1314      65745665 
 1315 00b1 74010000 		.4byte	0x174
 1316 00b5 6973725F 		.ascii	"isr_UsbSuspend_SetPriority\000"
 1316      55736253 
 1316      75737065 
 1316      6E645F53 
 1316      65745072 
 1317 00d0 9C010000 		.4byte	0x19c
 1318 00d4 6973725F 		.ascii	"isr_UsbSuspend_GetPriority\000"
 1318      55736253 
 1318      75737065 
 1318      6E645F47 
 1318      65745072 
 1319 00ef C8010000 		.4byte	0x1c8
 1320 00f3 6973725F 		.ascii	"isr_UsbSuspend_Enable\000"
 1320      55736253 
 1320      75737065 
ARM GAS  C:\DOCUME~1\ADMINI~1\LOCALS~1\Temp\cc0Lb7Cp.s 			page 31


 1320      6E645F45 
 1320      6E61626C 
 1321 0109 DE010000 		.4byte	0x1de
 1322 010d 6973725F 		.ascii	"isr_UsbSuspend_GetState\000"
 1322      55736253 
 1322      75737065 
 1322      6E645F47 
 1322      65745374 
 1323 0125 F8010000 		.4byte	0x1f8
 1324 0129 6973725F 		.ascii	"isr_UsbSuspend_Disable\000"
 1324      55736253 
 1324      75737065 
 1324      6E645F44 
 1324      69736162 
 1325 0140 0E020000 		.4byte	0x20e
 1326 0144 6973725F 		.ascii	"isr_UsbSuspend_SetPending\000"
 1326      55736253 
 1326      75737065 
 1326      6E645F53 
 1326      65745065 
 1327 015e 24020000 		.4byte	0x224
 1328 0162 6973725F 		.ascii	"isr_UsbSuspend_ClearPending\000"
 1328      55736253 
 1328      75737065 
 1328      6E645F43 
 1328      6C656172 
 1329 017e 00000000 		.4byte	0x0
 1330              		.section	.debug_aranges,"",%progbits
 1331 0000 7C000000 		.4byte	0x7c
 1332 0004 0200     		.2byte	0x2
 1333 0006 00000000 		.4byte	.Ldebug_info0
 1334 000a 04       		.byte	0x4
 1335 000b 00       		.byte	0x0
 1336 000c 0000     		.2byte	0x0
 1337 000e 0000     		.2byte	0x0
 1338 0010 00000000 		.4byte	.LFB29
 1339 0014 22000000 		.4byte	.LFE29-.LFB29
 1340 0018 00000000 		.4byte	.LFB30
 1341 001c 26000000 		.4byte	.LFE30-.LFB30
 1342 0020 00000000 		.4byte	.LFB31
 1343 0024 16000000 		.4byte	.LFE31-.LFB31
 1344 0028 00000000 		.4byte	.LFB32
 1345 002c 18000000 		.4byte	.LFE32-.LFB32
 1346 0030 00000000 		.4byte	.LFB33
 1347 0034 28000000 		.4byte	.LFE33-.LFB33
 1348 0038 00000000 		.4byte	.LFB34
 1349 003c 26000000 		.4byte	.LFE34-.LFB34
 1350 0040 00000000 		.4byte	.LFB35
 1351 0044 26000000 		.4byte	.LFE35-.LFB35
 1352 0048 00000000 		.4byte	.LFB36
 1353 004c 26000000 		.4byte	.LFE36-.LFB36
 1354 0050 00000000 		.4byte	.LFB37
 1355 0054 18000000 		.4byte	.LFE37-.LFB37
 1356 0058 00000000 		.4byte	.LFB38
 1357 005c 28000000 		.4byte	.LFE38-.LFB38
 1358 0060 00000000 		.4byte	.LFB39
 1359 0064 18000000 		.4byte	.LFE39-.LFB39
ARM GAS  C:\DOCUME~1\ADMINI~1\LOCALS~1\Temp\cc0Lb7Cp.s 			page 32


 1360 0068 00000000 		.4byte	.LFB40
 1361 006c 18000000 		.4byte	.LFE40-.LFB40
 1362 0070 00000000 		.4byte	.LFB41
 1363 0074 18000000 		.4byte	.LFE41-.LFB41
 1364 0078 00000000 		.4byte	0x0
 1365 007c 00000000 		.4byte	0x0
 1366              		.section	.debug_ranges,"",%progbits
 1367              	.Ldebug_ranges0:
 1368 0000 00000000 		.4byte	.Ltext0
 1369 0004 00000000 		.4byte	.Letext0
 1370 0008 00000000 		.4byte	.LFB29
 1371 000c 22000000 		.4byte	.LFE29
 1372 0010 00000000 		.4byte	.LFB30
 1373 0014 26000000 		.4byte	.LFE30
 1374 0018 00000000 		.4byte	.LFB31
 1375 001c 16000000 		.4byte	.LFE31
 1376 0020 00000000 		.4byte	.LFB32
 1377 0024 18000000 		.4byte	.LFE32
 1378 0028 00000000 		.4byte	.LFB33
 1379 002c 28000000 		.4byte	.LFE33
 1380 0030 00000000 		.4byte	.LFB34
 1381 0034 26000000 		.4byte	.LFE34
 1382 0038 00000000 		.4byte	.LFB35
 1383 003c 26000000 		.4byte	.LFE35
 1384 0040 00000000 		.4byte	.LFB36
 1385 0044 26000000 		.4byte	.LFE36
 1386 0048 00000000 		.4byte	.LFB37
 1387 004c 18000000 		.4byte	.LFE37
 1388 0050 00000000 		.4byte	.LFB38
 1389 0054 28000000 		.4byte	.LFE38
 1390 0058 00000000 		.4byte	.LFB39
 1391 005c 18000000 		.4byte	.LFE39
 1392 0060 00000000 		.4byte	.LFB40
 1393 0064 18000000 		.4byte	.LFE40
 1394 0068 00000000 		.4byte	.LFB41
 1395 006c 18000000 		.4byte	.LFE41
 1396 0070 00000000 		.4byte	0x0
 1397 0074 00000000 		.4byte	0x0
 1398              		.section	.debug_str,"MS",%progbits,1
 1399              	.LASF5:
 1400 0000 6C6F6E67 		.ascii	"long long int\000"
 1400      206C6F6E 
 1400      6720696E 
 1400      7400
 1401              	.LASF32:
 1402 000e 2E5C4765 		.ascii	".\\Generated_Source\\PSoC5\\isr_UsbSuspend.c\000"
 1402      6E657261 
 1402      7465645F 
 1402      536F7572 
 1402      63655C50 
 1403              	.LASF28:
 1404 0038 6973725F 		.ascii	"isr_UsbSuspend_ClearPending\000"
 1404      55736253 
 1404      75737065 
 1404      6E645F43 
 1404      6C656172 
 1405              	.LASF23:
ARM GAS  C:\DOCUME~1\ADMINI~1\LOCALS~1\Temp\cc0Lb7Cp.s 			page 33


 1406 0054 6973725F 		.ascii	"isr_UsbSuspend_GetVector\000"
 1406      55736253 
 1406      75737065 
 1406      6E645F47 
 1406      65745665 
 1407              	.LASF27:
 1408 006d 6973725F 		.ascii	"isr_UsbSuspend_SetPending\000"
 1408      55736253 
 1408      75737065 
 1408      6E645F53 
 1408      65745065 
 1409              	.LASF16:
 1410 0087 6973725F 		.ascii	"isr_UsbSuspend_Interrupt\000"
 1410      55736253 
 1410      75737065 
 1410      6E645F49 
 1410      6E746572 
 1411              	.LASF25:
 1412 00a0 6973725F 		.ascii	"isr_UsbSuspend_Enable\000"
 1412      55736253 
 1412      75737065 
 1412      6E645F45 
 1412      6E61626C 
 1413              	.LASF15:
 1414 00b6 6973725F 		.ascii	"isr_UsbSuspend_Stop\000"
 1414      55736253 
 1414      75737065 
 1414      6E645F53 
 1414      746F7000 
 1415              	.LASF14:
 1416 00ca 6973725F 		.ascii	"isr_UsbSuspend_Start\000"
 1416      55736253 
 1416      75737065 
 1416      6E645F53 
 1416      74617274 
 1417              	.LASF10:
 1418 00df 666C6F61 		.ascii	"float\000"
 1418      7400
 1419              	.LASF1:
 1420 00e5 756E7369 		.ascii	"unsigned char\000"
 1420      676E6564 
 1420      20636861 
 1420      7200
 1421              	.LASF17:
 1422 00f3 6973725F 		.ascii	"isr_UsbSuspend_StartEx\000"
 1422      55736253 
 1422      75737065 
 1422      6E645F53 
 1422      74617274 
 1423              	.LASF8:
 1424 010a 6C6F6E67 		.ascii	"long unsigned int\000"
 1424      20756E73 
 1424      69676E65 
 1424      6420696E 
 1424      7400
 1425              	.LASF3:
 1426 011c 73686F72 		.ascii	"short unsigned int\000"
ARM GAS  C:\DOCUME~1\ADMINI~1\LOCALS~1\Temp\cc0Lb7Cp.s 			page 34


 1426      7420756E 
 1426      7369676E 
 1426      65642069 
 1426      6E7400
 1427              	.LASF34:
 1428 012f 6973725F 		.ascii	"isr_UsbSuspend_GetState\000"
 1428      55736253 
 1428      75737065 
 1428      6E645F47 
 1428      65745374 
 1429              	.LASF29:
 1430 0147 49544D5F 		.ascii	"ITM_RxBuffer\000"
 1430      52784275 
 1430      66666572 
 1430      00
 1431              	.LASF11:
 1432 0154 646F7562 		.ascii	"double\000"
 1432      6C6500
 1433              	.LASF26:
 1434 015b 6973725F 		.ascii	"isr_UsbSuspend_Disable\000"
 1434      55736253 
 1434      75737065 
 1434      6E645F44 
 1434      69736162 
 1435              	.LASF22:
 1436 0172 7072696F 		.ascii	"priority\000"
 1436      72697479 
 1436      00
 1437              	.LASF4:
 1438 017b 756E7369 		.ascii	"unsigned int\000"
 1438      676E6564 
 1438      20696E74 
 1438      00
 1439              	.LASF19:
 1440 0188 61646472 		.ascii	"address\000"
 1440      65737300 
 1441              	.LASF6:
 1442 0190 6C6F6E67 		.ascii	"long long unsigned int\000"
 1442      206C6F6E 
 1442      6720756E 
 1442      7369676E 
 1442      65642069 
 1443              	.LASF13:
 1444 01a7 63796973 		.ascii	"cyisraddress\000"
 1444      72616464 
 1444      72657373 
 1444      00
 1445              	.LASF30:
 1446 01b4 63686563 		.ascii	"checkActivityFlag\000"
 1446      6B416374 
 1446      69766974 
 1446      79466C61 
 1446      6700
 1447              	.LASF33:
 1448 01c6 5C5C7073 		.ascii	"\\\\psf\\Home\\Desktop\\USB-Audio-PSOC5LP\\Firmware"
 1448      665C486F 
 1448      6D655C44 
ARM GAS  C:\DOCUME~1\ADMINI~1\LOCALS~1\Temp\cc0Lb7Cp.s 			page 35


 1448      65736B74 
 1448      6F705C55 
 1449 01f3 5C4B6974 		.ascii	"\\KitProg version 2_03\\KitProg\\KitProg.cydsn\000"
 1449      50726F67 
 1449      20766572 
 1449      73696F6E 
 1449      20325F30 
 1450              	.LASF24:
 1451 021f 6973725F 		.ascii	"isr_UsbSuspend_GetPriority\000"
 1451      55736253 
 1451      75737065 
 1451      6E645F47 
 1451      65745072 
 1452              	.LASF31:
 1453 023a 474E5520 		.ascii	"GNU C 4.4.1\000"
 1453      4320342E 
 1453      342E3100 
 1454              	.LASF18:
 1455 0246 6973725F 		.ascii	"isr_UsbSuspend_SetVector\000"
 1455      55736253 
 1455      75737065 
 1455      6E645F53 
 1455      65745665 
 1456              	.LASF9:
 1457 025f 63686172 		.ascii	"char\000"
 1457      00
 1458              	.LASF20:
 1459 0264 72616D56 		.ascii	"ramVectorTable\000"
 1459      6563746F 
 1459      72546162 
 1459      6C6500
 1460              	.LASF2:
 1461 0273 73686F72 		.ascii	"short int\000"
 1461      7420696E 
 1461      7400
 1462              	.LASF12:
 1463 027d 75696E74 		.ascii	"uint8\000"
 1463      3800
 1464              	.LASF7:
 1465 0283 6C6F6E67 		.ascii	"long int\000"
 1465      20696E74 
 1465      00
 1466              	.LASF0:
 1467 028c 7369676E 		.ascii	"signed char\000"
 1467      65642063 
 1467      68617200 
 1468              	.LASF21:
 1469 0298 6973725F 		.ascii	"isr_UsbSuspend_SetPriority\000"
 1469      55736253 
 1469      75737065 
 1469      6E645F53 
 1469      65745072 
 1470              		.ident	"GCC: (Sourcery G++ Lite 2010q1-188) 4.4.1"
