--------------- Build Started: 09/19/2013 19:51:54 Project: KitProg, Configuration: ARM GCC 4.4.1 Debug ---------------
cydsfit.exe "-.appdatapath" "C:\Users\wbz\AppData\Local\Cypress Semiconductor\PSoC Creator\2.2" "-.fdsnotice" "-.fdswarpdepfile=warp_dependencies.txt" "-.fdselabdepfile=elab_dependencies.txt" "-.fdsbldfile=generated_files.txt" "-p" "C:\Users\wbz\Desktop\Element14 Posts\101 - PSoC 5LP Programmer Firmware - NS\KitProg version 2_03\KitProg\KitProg.cydsn\KitProg.cyprj" "-d" "CY8C5868LTI-LP039" "-s" "C:\Users\wbz\Desktop\Element14 Posts\101 - PSoC 5LP Programmer Firmware - NS\KitProg version 2_03\KitProg\KitProg.cydsn\Generated_Source\PSoC5" "--" "-yv2" "-v3" "-ygs" "-q10" "-o2" "-.fftcfgtype=LE"
Elaborating Design...
ADD: pft.M0035: information: Voltage Reference Information: Vref '1.024V' is connected to terminal 'vplus' of '\ADC_Voltage_Target:DSM4\' but no direct hardware connection exists.
 * C:\Users\wbz\Desktop\Element14 Posts\101 - PSoC 5LP Programmer Firmware - NS\KitProg version 2_03\KitProg\KitProg.cydsn\TopDesign\TopDesign.cysch (Instance: vRef_1)
 * C:\Program Files\Cypress\PSoC Creator\2.2\PSoC Creator\psoc\content\cycomponentlibrary\CyComponentLibrary.cylib\ADC_DelSig_v2_30\PSoC5\ADC_DelSig_v2_30.cysch (Instance: DSM4)
ADD: pft.M0055: warning: Flash Security Warning:  One or more rows of flash have been configured to be read protected; however, debugging has been enabled in the System DWR Editor. This means that the read protected flash rows can still be read via SWD or JTAG. To protect these rows of flash, disable debugging in the System DWR Editor.
 * C:\Users\wbz\Desktop\Element14 Posts\101 - PSoC 5LP Programmer Firmware - NS\KitProg version 2_03\KitProg\KitProg.cydsn\KitProg.cydwr (Enable Device Protection)
HDL Generation ...
Synthesis ...
Place and Route ...
Tech mapping ...
Info: mpr.M0037: Unused pieces of the design have been optimized out. See the Tech mapping section of the report file for details. (App=cydsfit)
Analog Placement ...
Log: apr.M0058: The analog placement iterative improvement is 54% done. (App=cydsfit)
Log: apr.M0058: The analog placement iterative improvement is 79% done. (App=cydsfit)
Analog Routing ...
Analog Code Generation ...
Info: apr.M0060: Comparator 'Comparator[2]@[FFB(Comparator,2)]' is powered up by analog subsystem to support an auto-enabled vref. (App=cydsfit)
Digital Placement ...
Info: plm.M0038: The pin named Pin_HWVersionE(0) at location P3[2] prevents usage of special purposes: DSM:ExtVref. (App=cydsfit)
Digital Routing ...
Bitstream Generation ...
Static timing analysis ...
API Generation ...
Dependency Generation ...
Clean Temporary Files ...
arm-none-eabi-gcc.exe -I. -Wno-main -I./Generated_Source/PSoC5 -mcpu=cortex-m3 -mthumb -Wall -g -D DEBUG -Wa,-alh=.\ARM_GCC_441\Debug\main.lst -ffunction-sections -c .\main.c -o .\ARM_GCC_441\Debug\main.o
arm-none-eabi-gcc.exe -I. -Wno-main -I./Generated_Source/PSoC5 -mcpu=cortex-m3 -mthumb -Wall -g -D DEBUG -Wa,-alh=.\ARM_GCC_441\Debug\swd.lst -ffunction-sections -c .\swd.c -o .\ARM_GCC_441\Debug\swd.o
arm-none-eabi-gcc.exe -I. -Wno-main -I./Generated_Source/PSoC5 -mcpu=cortex-m3 -mthumb -Wall -g -D DEBUG -Wa,-alh=.\ARM_GCC_441\Debug\commandprocessor.lst -ffunction-sections -c .\commandprocessor.c -o .\ARM_GCC_441\Debug\commandprocessor.o
arm-none-eabi-gcc.exe -I. -Wno-main -I./Generated_Source/PSoC5 -mcpu=cortex-m3 -mthumb -Wall -g -D DEBUG -Wa,-alh=.\ARM_GCC_441\Debug\USBFS_commandinterface.lst -ffunction-sections -c .\USBFS_commandinterface.c -o .\ARM_GCC_441\Debug\USBFS_commandinterface.o
arm-none-eabi-gcc.exe -I. -Wno-main -I./Generated_Source/PSoC5 -mcpu=cortex-m3 -mthumb -Wall -g -D DEBUG -Wa,-alh=.\ARM_GCC_441\Debug\USBFS_HID_interface.lst -ffunction-sections -c .\USBFS_HID_interface.c -o .\ARM_GCC_441\Debug\USBFS_HID_interface.o
arm-none-eabi-gcc.exe -I. -Wno-main -I./Generated_Source/PSoC5 -mcpu=cortex-m3 -mthumb -Wall -g -D DEBUG -Wa,-alh=.\ARM_GCC_441\Debug\version.lst -ffunction-sections -c .\version.c -o .\ARM_GCC_441\Debug\version.o
arm-none-eabi-gcc.exe -I. -Wno-main -I./Generated_Source/PSoC5 -mcpu=cortex-m3 -mthumb -Wall -g -D DEBUG -Wa,-alh=.\ARM_GCC_441\Debug\power.lst -ffunction-sections -c .\power.c -o .\ARM_GCC_441\Debug\power.o
arm-none-eabi-gcc.exe -I. -Wno-main -I./Generated_Source/PSoC5 -mcpu=cortex-m3 -mthumb -Wall -g -D DEBUG -Wa,-alh=.\ARM_GCC_441\Debug\USBUART.lst -ffunction-sections -c .\USBUART.c -o .\ARM_GCC_441\Debug\USBUART.o
arm-none-eabi-gcc.exe -I. -Wno-main -I./Generated_Source/PSoC5 -mcpu=cortex-m3 -mthumb -Wall -g -D DEBUG -Wa,-alh=.\ARM_GCC_441\Debug\Cm3Start.lst -ffunction-sections -c .\Generated_Source\PSoC5\Cm3Start.c -o .\ARM_GCC_441\Debug\Cm3Start.o
arm-none-eabi-gcc.exe -I. -Wno-main -I./Generated_Source/PSoC5 -mcpu=cortex-m3 -mthumb -Wall -g -D DEBUG -Wa,-alh=.\ARM_GCC_441\Debug\core_cm3.lst -ffunction-sections -c .\Generated_Source\PSoC5\core_cm3.c -o .\ARM_GCC_441\Debug\core_cm3.o
arm-none-eabi-as.exe -I. -I./Generated_Source/PSoC5 -mcpu=cortex-m3 -mthumb -g -alh=.\ARM_GCC_441\Debug/CyBootAsmGnu.lst -o .\ARM_GCC_441\Debug\CyBootAsmGnu.o .\Generated_Source\PSoC5\CyBootAsmGnu.s
arm-none-eabi-gcc.exe -I. -Wno-main -I./Generated_Source/PSoC5 -mcpu=cortex-m3 -mthumb -Wall -g -D DEBUG -Wa,-alh=.\ARM_GCC_441\Debug\CyDmac.lst -ffunction-sections -c .\Generated_Source\PSoC5\CyDmac.c -o .\ARM_GCC_441\Debug\CyDmac.o
arm-none-eabi-gcc.exe -I. -Wno-main -I./Generated_Source/PSoC5 -mcpu=cortex-m3 -mthumb -Wall -g -D DEBUG -Wa,-alh=.\ARM_GCC_441\Debug\CyFlash.lst -ffunction-sections -c .\Generated_Source\PSoC5\CyFlash.c -o .\ARM_GCC_441\Debug\CyFlash.o
arm-none-eabi-gcc.exe -I. -Wno-main -I./Generated_Source/PSoC5 -mcpu=cortex-m3 -mthumb -Wall -g -D DEBUG -Wa,-alh=.\ARM_GCC_441\Debug\CyLib.lst -ffunction-sections -c .\Generated_Source\PSoC5\CyLib.c -o .\ARM_GCC_441\Debug\CyLib.o
arm-none-eabi-gcc.exe -I. -Wno-main -I./Generated_Source/PSoC5 -mcpu=cortex-m3 -mthumb -Wall -g -D DEBUG -Wa,-alh=.\ARM_GCC_441\Debug\cyPm.lst -ffunction-sections -c .\Generated_Source\PSoC5\cyPm.c -o .\ARM_GCC_441\Debug\cyPm.o
arm-none-eabi-gcc.exe -I. -Wno-main -I./Generated_Source/PSoC5 -mcpu=cortex-m3 -mthumb -Wall -g -D DEBUG -Wa,-alh=.\ARM_GCC_441\Debug\CySpc.lst -ffunction-sections -c .\Generated_Source\PSoC5\CySpc.c -o .\ARM_GCC_441\Debug\CySpc.o
arm-none-eabi-gcc.exe -I. -Wno-main -I./Generated_Source/PSoC5 -mcpu=cortex-m3 -mthumb -Wall -g -D DEBUG -Wa,-alh=.\ARM_GCC_441\Debug\cyutils.lst -ffunction-sections -c .\Generated_Source\PSoC5\cyutils.c -o .\ARM_GCC_441\Debug\cyutils.o
arm-none-eabi-gcc.exe -I. -Wno-main -I./Generated_Source/PSoC5 -mcpu=cortex-m3 -mthumb -Wall -g -D DEBUG -Wa,-alh=.\ARM_GCC_441\Debug\Clock_I2C.lst -ffunction-sections -c .\Generated_Source\PSoC5\Clock_I2C.c -o .\ARM_GCC_441\Debug\Clock_I2C.o
arm-none-eabi-gcc.exe -I. -Wno-main -I./Generated_Source/PSoC5 -mcpu=cortex-m3 -mthumb -Wall -g -D DEBUG -Wa,-alh=.\ARM_GCC_441\Debug\SWDCLK.lst -ffunction-sections -c .\Generated_Source\PSoC5\SWDCLK.c -o .\ARM_GCC_441\Debug\SWDCLK.o
arm-none-eabi-gcc.exe -I. -Wno-main -I./Generated_Source/PSoC5 -mcpu=cortex-m3 -mthumb -Wall -g -D DEBUG -Wa,-alh=.\ARM_GCC_441\Debug\SWDIO.lst -ffunction-sections -c .\Generated_Source\PSoC5\SWDIO.c -o .\ARM_GCC_441\Debug\SWDIO.o
arm-none-eabi-gcc.exe -I. -Wno-main -I./Generated_Source/PSoC5 -mcpu=cortex-m3 -mthumb -Wall -g -D DEBUG -Wa,-alh=.\ARM_GCC_441\Debug\Pin_StatusLED.lst -ffunction-sections -c .\Generated_Source\PSoC5\Pin_StatusLED.c -o .\ARM_GCC_441\Debug\Pin_StatusLED.o
arm-none-eabi-gcc.exe -I. -Wno-main -I./Generated_Source/PSoC5 -mcpu=cortex-m3 -mthumb -Wall -g -D DEBUG -Wa,-alh=.\ARM_GCC_441\Debug\ADC_Voltage_Target.lst -ffunction-sections -c .\Generated_Source\PSoC5\ADC_Voltage_Target.c -o .\ARM_GCC_441\Debug\ADC_Voltage_Target.o
arm-none-eabi-gcc.exe -I. -Wno-main -I./Generated_Source/PSoC5 -mcpu=cortex-m3 -mthumb -Wall -g -D DEBUG -Wa,-alh=.\ARM_GCC_441\Debug\ADC_Voltage_Target_PM.lst -ffunction-sections -c .\Generated_Source\PSoC5\ADC_Voltage_Target_PM.c -o .\ARM_GCC_441\Debug\ADC_Voltage_Target_PM.o
arm-none-eabi-gcc.exe -I. -Wno-main -I./Generated_Source/PSoC5 -mcpu=cortex-m3 -mthumb -Wall -g -D DEBUG -Wa,-alh=.\ARM_GCC_441\Debug\ADC_Voltage_Target_INT.lst -ffunction-sections -c .\Generated_Source\PSoC5\ADC_Voltage_Target_INT.c -o .\ARM_GCC_441\Debug\ADC_Voltage_Target_INT.o
arm-none-eabi-gcc.exe -I. -Wno-main -I./Generated_Source/PSoC5 -mcpu=cortex-m3 -mthumb -Wall -g -D DEBUG -Wa,-alh=.\ARM_GCC_441\Debug\ADC_Voltage_Target_theACLK.lst -ffunction-sections -c .\Generated_Source\PSoC5\ADC_Voltage_Target_theACLK.c -o .\ARM_GCC_441\Debug\ADC_Voltage_Target_theACLK.o
arm-none-eabi-gcc.exe -I. -Wno-main -I./Generated_Source/PSoC5 -mcpu=cortex-m3 -mthumb -Wall -g -D DEBUG -Wa,-alh=.\ARM_GCC_441\Debug\ADC_Voltage_Target_Ext_CP_Clk.lst -ffunction-sections -c .\Generated_Source\PSoC5\ADC_Voltage_Target_Ext_CP_Clk.c -o .\ARM_GCC_441\Debug\ADC_Voltage_Target_Ext_CP_Clk.o
arm-none-eabi-gcc.exe -I. -Wno-main -I./Generated_Source/PSoC5 -mcpu=cortex-m3 -mthumb -Wall -g -D DEBUG -Wa,-alh=.\ARM_GCC_441\Debug\ADC_Voltage_Target_AMux.lst -ffunction-sections -c .\Generated_Source\PSoC5\ADC_Voltage_Target_AMux.c -o .\ARM_GCC_441\Debug\ADC_Voltage_Target_AMux.o
arm-none-eabi-gcc.exe -I. -Wno-main -I./Generated_Source/PSoC5 -mcpu=cortex-m3 -mthumb -Wall -g -D DEBUG -Wa,-alh=.\ARM_GCC_441\Debug\AMux.lst -ffunction-sections -c .\Generated_Source\PSoC5\AMux.c -o .\ARM_GCC_441\Debug\AMux.o
arm-none-eabi-gcc.exe -I. -Wno-main -I./Generated_Source/PSoC5 -mcpu=cortex-m3 -mthumb -Wall -g -D DEBUG -Wa,-alh=.\ARM_GCC_441\Debug\Clock_UART.lst -ffunction-sections -c .\Generated_Source\PSoC5\Clock_UART.c -o .\ARM_GCC_441\Debug\Clock_UART.o
arm-none-eabi-gcc.exe -I. -Wno-main -I./Generated_Source/PSoC5 -mcpu=cortex-m3 -mthumb -Wall -g -D DEBUG -Wa,-alh=.\ARM_GCC_441\Debug\I2CHW.lst -ffunction-sections -c .\Generated_Source\PSoC5\I2CHW.c -o .\ARM_GCC_441\Debug\I2CHW.o
arm-none-eabi-gcc.exe -I. -Wno-main -I./Generated_Source/PSoC5 -mcpu=cortex-m3 -mthumb -Wall -g -D DEBUG -Wa,-alh=.\ARM_GCC_441\Debug\I2CHW_BOOT.lst -ffunction-sections -c .\Generated_Source\PSoC5\I2CHW_BOOT.c -o .\ARM_GCC_441\Debug\I2CHW_BOOT.o
arm-none-eabi-gcc.exe -I. -Wno-main -I./Generated_Source/PSoC5 -mcpu=cortex-m3 -mthumb -Wall -g -D DEBUG -Wa,-alh=.\ARM_GCC_441\Debug\I2CHW_INT.lst -ffunction-sections -c .\Generated_Source\PSoC5\I2CHW_INT.c -o .\ARM_GCC_441\Debug\I2CHW_INT.o
arm-none-eabi-gcc.exe -I. -Wno-main -I./Generated_Source/PSoC5 -mcpu=cortex-m3 -mthumb -Wall -g -D DEBUG -Wa,-alh=.\ARM_GCC_441\Debug\I2CHW_PM.lst -ffunction-sections -c .\Generated_Source\PSoC5\I2CHW_PM.c -o .\ARM_GCC_441\Debug\I2CHW_PM.o
arm-none-eabi-gcc.exe -I. -Wno-main -I./Generated_Source/PSoC5 -mcpu=cortex-m3 -mthumb -Wall -g -D DEBUG -Wa,-alh=.\ARM_GCC_441\Debug\I2CHW_SLAVE.lst -ffunction-sections -c .\Generated_Source\PSoC5\I2CHW_SLAVE.c -o .\ARM_GCC_441\Debug\I2CHW_SLAVE.o
arm-none-eabi-gcc.exe -I. -Wno-main -I./Generated_Source/PSoC5 -mcpu=cortex-m3 -mthumb -Wall -g -D DEBUG -Wa,-alh=.\ARM_GCC_441\Debug\I2CHW_MASTER.lst -ffunction-sections -c .\Generated_Source\PSoC5\I2CHW_MASTER.c -o .\ARM_GCC_441\Debug\I2CHW_MASTER.o
arm-none-eabi-gcc.exe -I. -Wno-main -I./Generated_Source/PSoC5 -mcpu=cortex-m3 -mthumb -Wall -g -D DEBUG -Wa,-alh=.\ARM_GCC_441\Debug\Pin_VTarget.lst -ffunction-sections -c .\Generated_Source\PSoC5\Pin_VTarget.c -o .\ARM_GCC_441\Debug\Pin_VTarget.o
arm-none-eabi-gcc.exe -I. -Wno-main -I./Generated_Source/PSoC5 -mcpu=cortex-m3 -mthumb -Wall -g -D DEBUG -Wa,-alh=.\ARM_GCC_441\Debug\Pin_I2C_SCL.lst -ffunction-sections -c .\Generated_Source\PSoC5\Pin_I2C_SCL.c -o .\ARM_GCC_441\Debug\Pin_I2C_SCL.o
arm-none-eabi-gcc.exe -I. -Wno-main -I./Generated_Source/PSoC5 -mcpu=cortex-m3 -mthumb -Wall -g -D DEBUG -Wa,-alh=.\ARM_GCC_441\Debug\Pin_I2C_SDA.lst -ffunction-sections -c .\Generated_Source\PSoC5\Pin_I2C_SDA.c -o .\ARM_GCC_441\Debug\Pin_I2C_SDA.o
arm-none-eabi-gcc.exe -I. -Wno-main -I./Generated_Source/PSoC5 -mcpu=cortex-m3 -mthumb -Wall -g -D DEBUG -Wa,-alh=.\ARM_GCC_441\Debug\Pin_UART_Tx.lst -ffunction-sections -c .\Generated_Source\PSoC5\Pin_UART_Tx.c -o .\ARM_GCC_441\Debug\Pin_UART_Tx.o
arm-none-eabi-gcc.exe -I. -Wno-main -I./Generated_Source/PSoC5 -mcpu=cortex-m3 -mthumb -Wall -g -D DEBUG -Wa,-alh=.\ARM_GCC_441\Debug\Pin_UART_Rx.lst -ffunction-sections -c .\Generated_Source\PSoC5\Pin_UART_Rx.c -o .\ARM_GCC_441\Debug\Pin_UART_Rx.o
arm-none-eabi-gcc.exe -I. -Wno-main -I./Generated_Source/PSoC5 -mcpu=cortex-m3 -mthumb -Wall -g -D DEBUG -Wa,-alh=.\ARM_GCC_441\Debug\SWDXRES.lst -ffunction-sections -c .\Generated_Source\PSoC5\SWDXRES.c -o .\ARM_GCC_441\Debug\SWDXRES.o
arm-none-eabi-gcc.exe -I. -Wno-main -I./Generated_Source/PSoC5 -mcpu=cortex-m3 -mthumb -Wall -g -D DEBUG -Wa,-alh=.\ARM_GCC_441\Debug\USBFS.lst -ffunction-sections -c .\Generated_Source\PSoC5\USBFS.c -o .\ARM_GCC_441\Debug\USBFS.o
arm-none-eabi-gcc.exe -I. -Wno-main -I./Generated_Source/PSoC5 -mcpu=cortex-m3 -mthumb -Wall -g -D DEBUG -Wa,-alh=.\ARM_GCC_441\Debug\USBFS_audio.lst -ffunction-sections -c .\Generated_Source\PSoC5\USBFS_audio.c -o .\ARM_GCC_441\Debug\USBFS_audio.o
arm-none-eabi-gcc.exe -I. -Wno-main -I./Generated_Source/PSoC5 -mcpu=cortex-m3 -mthumb -Wall -g -D DEBUG -Wa,-alh=.\ARM_GCC_441\Debug\USBFS_boot.lst -ffunction-sections -c .\Generated_Source\PSoC5\USBFS_boot.c -o .\ARM_GCC_441\Debug\USBFS_boot.o
arm-none-eabi-gcc.exe -I. -Wno-main -I./Generated_Source/PSoC5 -mcpu=cortex-m3 -mthumb -Wall -g -D DEBUG -Wa,-alh=.\ARM_GCC_441\Debug\USBFS_cdc.lst -ffunction-sections -c .\Generated_Source\PSoC5\USBFS_cdc.c -o .\ARM_GCC_441\Debug\USBFS_cdc.o
arm-none-eabi-gcc.exe -I. -Wno-main -I./Generated_Source/PSoC5 -mcpu=cortex-m3 -mthumb -Wall -g -D DEBUG -Wa,-alh=.\ARM_GCC_441\Debug\USBFS_cls.lst -ffunction-sections -c .\Generated_Source\PSoC5\USBFS_cls.c -o .\ARM_GCC_441\Debug\USBFS_cls.o
arm-none-eabi-gcc.exe -I. -Wno-main -I./Generated_Source/PSoC5 -mcpu=cortex-m3 -mthumb -Wall -g -D DEBUG -Wa,-alh=.\ARM_GCC_441\Debug\USBFS_descr.lst -ffunction-sections -c .\Generated_Source\PSoC5\USBFS_descr.c -o .\ARM_GCC_441\Debug\USBFS_descr.o
arm-none-eabi-gcc.exe -I. -Wno-main -I./Generated_Source/PSoC5 -mcpu=cortex-m3 -mthumb -Wall -g -D DEBUG -Wa,-alh=.\ARM_GCC_441\Debug\USBFS_drv.lst -ffunction-sections -c .\Generated_Source\PSoC5\USBFS_drv.c -o .\ARM_GCC_441\Debug\USBFS_drv.o
arm-none-eabi-gcc.exe -I. -Wno-main -I./Generated_Source/PSoC5 -mcpu=cortex-m3 -mthumb -Wall -g -D DEBUG -Wa,-alh=.\ARM_GCC_441\Debug\USBFS_episr.lst -ffunction-sections -c .\Generated_Source\PSoC5\USBFS_episr.c -o .\ARM_GCC_441\Debug\USBFS_episr.o
arm-none-eabi-gcc.exe -I. -Wno-main -I./Generated_Source/PSoC5 -mcpu=cortex-m3 -mthumb -Wall -g -D DEBUG -Wa,-alh=.\ARM_GCC_441\Debug\USBFS_hid.lst -ffunction-sections -c .\Generated_Source\PSoC5\USBFS_hid.c -o .\ARM_GCC_441\Debug\USBFS_hid.o
arm-none-eabi-gcc.exe -I. -Wno-main -I./Generated_Source/PSoC5 -mcpu=cortex-m3 -mthumb -Wall -g -D DEBUG -Wa,-alh=.\ARM_GCC_441\Debug\USBFS_pm.lst -ffunction-sections -c .\Generated_Source\PSoC5\USBFS_pm.c -o .\ARM_GCC_441\Debug\USBFS_pm.o
arm-none-eabi-gcc.exe -I. -Wno-main -I./Generated_Source/PSoC5 -mcpu=cortex-m3 -mthumb -Wall -g -D DEBUG -Wa,-alh=.\ARM_GCC_441\Debug\USBFS_std.lst -ffunction-sections -c .\Generated_Source\PSoC5\USBFS_std.c -o .\ARM_GCC_441\Debug\USBFS_std.o
arm-none-eabi-gcc.exe -I. -Wno-main -I./Generated_Source/PSoC5 -mcpu=cortex-m3 -mthumb -Wall -g -D DEBUG -Wa,-alh=.\ARM_GCC_441\Debug\USBFS_vnd.lst -ffunction-sections -c .\Generated_Source\PSoC5\USBFS_vnd.c -o .\ARM_GCC_441\Debug\USBFS_vnd.o
arm-none-eabi-gcc.exe -I. -Wno-main -I./Generated_Source/PSoC5 -mcpu=cortex-m3 -mthumb -Wall -g -D DEBUG -Wa,-alh=.\ARM_GCC_441\Debug\USBFS_midi.lst -ffunction-sections -c .\Generated_Source\PSoC5\USBFS_midi.c -o .\ARM_GCC_441\Debug\USBFS_midi.o
arm-none-eabi-gcc.exe -I. -Wno-main -I./Generated_Source/PSoC5 -mcpu=cortex-m3 -mthumb -Wall -g -D DEBUG -Wa,-alh=.\ARM_GCC_441\Debug\USBFS_Dm.lst -ffunction-sections -c .\Generated_Source\PSoC5\USBFS_Dm.c -o .\ARM_GCC_441\Debug\USBFS_Dm.o
arm-none-eabi-gcc.exe -I. -Wno-main -I./Generated_Source/PSoC5 -mcpu=cortex-m3 -mthumb -Wall -g -D DEBUG -Wa,-alh=.\ARM_GCC_441\Debug\USBFS_VBUS.lst -ffunction-sections -c .\Generated_Source\PSoC5\USBFS_VBUS.c -o .\ARM_GCC_441\Debug\USBFS_VBUS.o
arm-none-eabi-gcc.exe -I. -Wno-main -I./Generated_Source/PSoC5 -mcpu=cortex-m3 -mthumb -Wall -g -D DEBUG -Wa,-alh=.\ARM_GCC_441\Debug\USBFS_Dp.lst -ffunction-sections -c .\Generated_Source\PSoC5\USBFS_Dp.c -o .\ARM_GCC_441\Debug\USBFS_Dp.o
arm-none-eabi-gcc.exe -I. -Wno-main -I./Generated_Source/PSoC5 -mcpu=cortex-m3 -mthumb -Wall -g -D DEBUG -Wa,-alh=.\ARM_GCC_441\Debug\Bootloadable.lst -ffunction-sections -c .\Generated_Source\PSoC5\Bootloadable.c -o .\ARM_GCC_441\Debug\Bootloadable.o
arm-none-eabi-gcc.exe -I. -Wno-main -I./Generated_Source/PSoC5 -mcpu=cortex-m3 -mthumb -Wall -g -D DEBUG -Wa,-alh=.\ARM_GCC_441\Debug\UART_Bridge.lst -ffunction-sections -c .\Generated_Source\PSoC5\UART_Bridge.c -o .\ARM_GCC_441\Debug\UART_Bridge.o
arm-none-eabi-gcc.exe -I. -Wno-main -I./Generated_Source/PSoC5 -mcpu=cortex-m3 -mthumb -Wall -g -D DEBUG -Wa,-alh=.\ARM_GCC_441\Debug\UART_Bridge_PM.lst -ffunction-sections -c .\Generated_Source\PSoC5\UART_Bridge_PM.c -o .\ARM_GCC_441\Debug\UART_Bridge_PM.o
arm-none-eabi-gcc.exe -I. -Wno-main -I./Generated_Source/PSoC5 -mcpu=cortex-m3 -mthumb -Wall -g -D DEBUG -Wa,-alh=.\ARM_GCC_441\Debug\UART_Bridge_INT.lst -ffunction-sections -c .\Generated_Source\PSoC5\UART_Bridge_INT.c -o .\ARM_GCC_441\Debug\UART_Bridge_INT.o
arm-none-eabi-gcc.exe -I. -Wno-main -I./Generated_Source/PSoC5 -mcpu=cortex-m3 -mthumb -Wall -g -D DEBUG -Wa,-alh=.\ARM_GCC_441\Debug\UART_Bridge_BOOT.lst -ffunction-sections -c .\Generated_Source\PSoC5\UART_Bridge_BOOT.c -o .\ARM_GCC_441\Debug\UART_Bridge_BOOT.o
arm-none-eabi-gcc.exe -I. -Wno-main -I./Generated_Source/PSoC5 -mcpu=cortex-m3 -mthumb -Wall -g -D DEBUG -Wa,-alh=.\ARM_GCC_441\Debug\Pin_SDAPullUp_Enable.lst -ffunction-sections -c .\Generated_Source\PSoC5\Pin_SDAPullUp_Enable.c -o .\ARM_GCC_441\Debug\Pin_SDAPullUp_Enable.o
arm-none-eabi-gcc.exe -I. -Wno-main -I./Generated_Source/PSoC5 -mcpu=cortex-m3 -mthumb -Wall -g -D DEBUG -Wa,-alh=.\ARM_GCC_441\Debug\Pin_SCLPullUp_Enable.lst -ffunction-sections -c .\Generated_Source\PSoC5\Pin_SCLPullUp_Enable.c -o .\ARM_GCC_441\Debug\Pin_SCLPullUp_Enable.o
arm-none-eabi-gcc.exe -I. -Wno-main -I./Generated_Source/PSoC5 -mcpu=cortex-m3 -mthumb -Wall -g -D DEBUG -Wa,-alh=.\ARM_GCC_441\Debug\Pin_HWVersionA.lst -ffunction-sections -c .\Generated_Source\PSoC5\Pin_HWVersionA.c -o .\ARM_GCC_441\Debug\Pin_HWVersionA.o
arm-none-eabi-gcc.exe -I. -Wno-main -I./Generated_Source/PSoC5 -mcpu=cortex-m3 -mthumb -Wall -g -D DEBUG -Wa,-alh=.\ARM_GCC_441\Debug\Pin_HWVersionB.lst -ffunction-sections -c .\Generated_Source\PSoC5\Pin_HWVersionB.c -o .\ARM_GCC_441\Debug\Pin_HWVersionB.o
arm-none-eabi-gcc.exe -I. -Wno-main -I./Generated_Source/PSoC5 -mcpu=cortex-m3 -mthumb -Wall -g -D DEBUG -Wa,-alh=.\ARM_GCC_441\Debug\Pin_HWVersionC.lst -ffunction-sections -c .\Generated_Source\PSoC5\Pin_HWVersionC.c -o .\ARM_GCC_441\Debug\Pin_HWVersionC.o
arm-none-eabi-gcc.exe -I. -Wno-main -I./Generated_Source/PSoC5 -mcpu=cortex-m3 -mthumb -Wall -g -D DEBUG -Wa,-alh=.\ARM_GCC_441\Debug\Pin_HWVersionD.lst -ffunction-sections -c .\Generated_Source\PSoC5\Pin_HWVersionD.c -o .\ARM_GCC_441\Debug\Pin_HWVersionD.o
arm-none-eabi-gcc.exe -I. -Wno-main -I./Generated_Source/PSoC5 -mcpu=cortex-m3 -mthumb -Wall -g -D DEBUG -Wa,-alh=.\ARM_GCC_441\Debug\Pin_HWVersionE.lst -ffunction-sections -c .\Generated_Source\PSoC5\Pin_HWVersionE.c -o .\ARM_GCC_441\Debug\Pin_HWVersionE.o
arm-none-eabi-gcc.exe -I. -Wno-main -I./Generated_Source/PSoC5 -mcpu=cortex-m3 -mthumb -Wall -g -D DEBUG -Wa,-alh=.\ARM_GCC_441\Debug\Pin_HWVersionF.lst -ffunction-sections -c .\Generated_Source\PSoC5\Pin_HWVersionF.c -o .\ARM_GCC_441\Debug\Pin_HWVersionF.o
arm-none-eabi-gcc.exe -I. -Wno-main -I./Generated_Source/PSoC5 -mcpu=cortex-m3 -mthumb -Wall -g -D DEBUG -Wa,-alh=.\ARM_GCC_441\Debug\isr_UsbSuspend.lst -ffunction-sections -c .\Generated_Source\PSoC5\isr_UsbSuspend.c -o .\ARM_GCC_441\Debug\isr_UsbSuspend.o
arm-none-eabi-gcc.exe -I. -Wno-main -I./Generated_Source/PSoC5 -mcpu=cortex-m3 -mthumb -Wall -g -D DEBUG -Wa,-alh=.\ARM_GCC_441\Debug\Clock_UsbSuspend.lst -ffunction-sections -c .\Generated_Source\PSoC5\Clock_UsbSuspend.c -o .\ARM_GCC_441\Debug\Clock_UsbSuspend.o
arm-none-eabi-gcc.exe -I. -Wno-main -I./Generated_Source/PSoC5 -mcpu=cortex-m3 -mthumb -Wall -g -D DEBUG -Wa,-alh=.\ARM_GCC_441\Debug\Timer_UsbSuspend.lst -ffunction-sections -c .\Generated_Source\PSoC5\Timer_UsbSuspend.c -o .\ARM_GCC_441\Debug\Timer_UsbSuspend.o
arm-none-eabi-gcc.exe -I. -Wno-main -I./Generated_Source/PSoC5 -mcpu=cortex-m3 -mthumb -Wall -g -D DEBUG -Wa,-alh=.\ARM_GCC_441\Debug\Timer_UsbSuspend_PM.lst -ffunction-sections -c .\Generated_Source\PSoC5\Timer_UsbSuspend_PM.c -o .\ARM_GCC_441\Debug\Timer_UsbSuspend_PM.o
arm-none-eabi-gcc.exe -I. -Wno-main -I./Generated_Source/PSoC5 -mcpu=cortex-m3 -mthumb -Wall -g -D DEBUG -Wa,-alh=.\ARM_GCC_441\Debug\cyfitter_cfg.lst -ffunction-sections -c .\Generated_Source\PSoC5\cyfitter_cfg.c -o .\ARM_GCC_441\Debug\cyfitter_cfg.o -D CYAPP_ECC_OFFSET=1280
arm-none-eabi-ar.exe -rs .\ARM_GCC_441\Debug\KitProg.a .\ARM_GCC_441\Debug\core_cm3.o .\ARM_GCC_441\Debug\CyBootAsmGnu.o .\ARM_GCC_441\Debug\CyDmac.o .\ARM_GCC_441\Debug\CyFlash.o .\ARM_GCC_441\Debug\CyLib.o .\ARM_GCC_441\Debug\cyPm.o .\ARM_GCC_441\Debug\CySpc.o .\ARM_GCC_441\Debug\cyutils.o .\ARM_GCC_441\Debug\Clock_I2C.o .\ARM_GCC_441\Debug\SWDCLK.o .\ARM_GCC_441\Debug\SWDIO.o .\ARM_GCC_441\Debug\Pin_StatusLED.o .\ARM_GCC_441\Debug\ADC_Voltage_Target.o .\ARM_GCC_441\Debug\ADC_Voltage_Target_PM.o .\ARM_GCC_441\Debug\ADC_Voltage_Target_INT.o .\ARM_GCC_441\Debug\ADC_Voltage_Target_theACLK.o .\ARM_GCC_441\Debug\ADC_Voltage_Target_Ext_CP_Clk.o .\ARM_GCC_441\Debug\ADC_Voltage_Target_AMux.o .\ARM_GCC_441\Debug\AMux.o .\ARM_GCC_441\Debug\Clock_UART.o .\ARM_GCC_441\Debug\I2CHW.o .\ARM_GCC_441\Debug\I2CHW_BOOT.o .\ARM_GCC_441\Debug\I2CHW_INT.o .\ARM_GCC_441\Debug\I2CHW_PM.o .\ARM_GCC_441\Debug\I2CHW_SLAVE.o .\ARM_GCC_441\Debug\I2CHW_MASTER.o .\ARM_GCC_441\Debug\Pin_VTarget.o .\ARM_GCC_441\Debug\Pin_I2C_SCL.o .\ARM_GCC_441\Debug\Pin_I2C_SDA.o .\ARM_GCC_441\Debug\Pin_UART_Tx.o .\ARM_GCC_441\Debug\Pin_UART_Rx.o .\ARM_GCC_441\Debug\SWDXRES.o .\ARM_GCC_441\Debug\USBFS.o .\ARM_GCC_441\Debug\USBFS_audio.o .\ARM_GCC_441\Debug\USBFS_boot.o .\ARM_GCC_441\Debug\USBFS_cdc.o .\ARM_GCC_441\Debug\USBFS_cls.o .\ARM_GCC_441\Debug\USBFS_descr.o .\ARM_GCC_441\Debug\USBFS_drv.o .\ARM_GCC_441\Debug\USBFS_episr.o .\ARM_GCC_441\Debug\USBFS_hid.o .\ARM_GCC_441\Debug\USBFS_pm.o .\ARM_GCC_441\Debug\USBFS_std.o .\ARM_GCC_441\Debug\USBFS_vnd.o .\ARM_GCC_441\Debug\USBFS_midi.o .\ARM_GCC_441\Debug\USBFS_Dm.o .\ARM_GCC_441\Debug\USBFS_VBUS.o .\ARM_GCC_441\Debug\USBFS_Dp.o .\ARM_GCC_441\Debug\Bootloadable.o .\ARM_GCC_441\Debug\UART_Bridge.o .\ARM_GCC_441\Debug\UART_Bridge_PM.o .\ARM_GCC_441\Debug\UART_Bridge_INT.o .\ARM_GCC_441\Debug\UART_Bridge_BOOT.o .\ARM_GCC_441\Debug\Pin_SDAPullUp_Enable.o .\ARM_GCC_441\Debug\Pin_SCLPullUp_Enable.o .\ARM_GCC_441\Debug\Pin_HWVersionA.o .\ARM_GCC_441\Debug\Pin_HWVersionB.o .\ARM_GCC_441\Debug\Pin_HWVersionC.o .\ARM_GCC_441\Debug\Pin_HWVersionD.o .\ARM_GCC_441\Debug\Pin_HWVersionE.o .\ARM_GCC_441\Debug\Pin_HWVersionF.o .\ARM_GCC_441\Debug\isr_UsbSuspend.o .\ARM_GCC_441\Debug\Clock_UsbSuspend.o .\ARM_GCC_441\Debug\Timer_UsbSuspend.o .\ARM_GCC_441\Debug\Timer_UsbSuspend_PM.o .\ARM_GCC_441\Debug\cyfitter_cfg.o
arm-none-eabi-ar.exe: creating .\ARM_GCC_441\Debug\KitProg.a
arm-none-eabi-gcc.exe -mthumb -march=armv7-m -mfix-cortex-m3-ldrd -T .\Generated_Source\PSoC5\cm3gcc.ld -g -Wl,-Map,.\ARM_GCC_441\Debug\KitProg.map -Wl,--gc-sections -Wl,--start-group -o .\ARM_GCC_441\Debug\KitProg.elf .\ARM_GCC_441\Debug\main.o .\ARM_GCC_441\Debug\swd.o .\ARM_GCC_441\Debug\commandprocessor.o .\ARM_GCC_441\Debug\USBFS_commandinterface.o .\ARM_GCC_441\Debug\USBFS_HID_interface.o .\ARM_GCC_441\Debug\version.o .\ARM_GCC_441\Debug\power.o .\ARM_GCC_441\Debug\USBUART.o .\ARM_GCC_441\Debug\Cm3Start.o .\ARM_GCC_441\Debug\KitProg.a "C:\Program Files\Cypress\PSoC Creator\2.2\PSoC Creator\psoc\content\cycomponentlibrary\CyComponentLibrary.cylib\CortexM3\ARM_GCC_441\Debug\CyComponentLibrary.a" -Wl,--end-group
arm-none-eabi-objcopy.exe -O ihex .\ARM_GCC_441\Debug\KitProg.elf .\ARM_GCC_441\Debug\KitProg.ihx
cysymboladdressfinder.exe -f .\ARM_GCC_441\Debug\KitProg.elf -s Reset -p .\ARM_GCC_441\Debug\entryaddress.txt -l 0
cyhextool -o .\ARM_GCC_441\Debug\KitProg.cyacd -f .\ARM_GCC_441\Debug\KitProg.ihx -flsLine 256 -arraySize 65536 -id 2E127069 -rev 0 -ecc OFF -metaRow 0 -blver 00020000000000000000 -chksumEcc -blChkType 0 -endian l -a EEPROM=90200000:800,PROGRAM=00000000:40000,CONFIG=80000000:8000,PROTECT=90400000:100 -acd -acdStart 2800 -e .\ARM_GCC_441\Debug\entryaddress.txt
cyhextool -o .\ARM_GCC_441\Debug\KitProg.hex -flsLine 256 -arraySize 65536 -bl "C:\Program Files\Cypress\CY8CKIT-042 PSoC 4 Pioneer Kit\1.0\Firmware\Programmer\KitProg_Bootloader\KitProg_Bootloader.hex" -blver 00020000000000000000 -chksumEcc -blChkType 0 -endian l -prot .\Generated_Source\PSoC5\protect.hex -id 2E127069 -a EEPROM=90200000:800,PROGRAM=00000000:40000,CONFIG=80000000:8000,PROTECT=90400000:100 -meta 0001 -cunv 00004007 -wonv BC90ACAF -ecc OFF -ld .\ARM_GCC_441\Debug\KitProg.ihx=2800:3D7BF -acdStart 2800 -e .\ARM_GCC_441\Debug\entryaddress.txt
Flash used: 53408 of 262144 bytes (20.4 %).
SRAM used: 2280 of 65536 bytes (3.5 %).
--------------- Build Succeeded: 09/19/2013 19:58:33 ---------------
