ARM GAS  C:\DOCUME~1\ADMINI~1\LOCALS~1\Temp\ccsjOqfn.s 			page 1


   1              		.syntax unified
   2              		.cpu cortex-m3
   3              		.fpu softvfp
   4              		.eabi_attribute 20, 1
   5              		.eabi_attribute 21, 1
   6              		.eabi_attribute 23, 3
   7              		.eabi_attribute 24, 1
   8              		.eabi_attribute 25, 1
   9              		.eabi_attribute 26, 1
  10              		.eabi_attribute 30, 6
  11              		.eabi_attribute 18, 4
  12              		.thumb
  13              		.file	"UART_Bridge_INT.c"
  14              		.section	.debug_abbrev,"",%progbits
  15              	.Ldebug_abbrev0:
  16              		.section	.debug_info,"",%progbits
  17              	.Ldebug_info0:
  18              		.section	.debug_line,"",%progbits
  19              	.Ldebug_line0:
  20 0000 CE000000 		.text
  20      02007900 
  20      00000201 
  20      FB0E0D00 
  20      01010101 
  21              	.Ltext0:
  22              		.cfi_sections	.debug_frame
  23              		.section	.text.UART_Bridge_RXISR,"ax",%progbits
  24              		.align	2
  25              		.global	UART_Bridge_RXISR
  26              		.thumb
  27              		.thumb_func
  28              		.type	UART_Bridge_RXISR, %function
  29              	UART_Bridge_RXISR:
  30              	.LFB0:
  31              		.file 1 ".\\Generated_Source\\PSoC5\\UART_Bridge_INT.c"
   1:.\Generated_Source\PSoC5/UART_Bridge_INT.c **** /*******************************************************************************
   2:.\Generated_Source\PSoC5/UART_Bridge_INT.c **** * File Name: UART_Bridge_INT.c
   3:.\Generated_Source\PSoC5/UART_Bridge_INT.c **** * Version 2.30
   4:.\Generated_Source\PSoC5/UART_Bridge_INT.c **** *
   5:.\Generated_Source\PSoC5/UART_Bridge_INT.c **** * Description:
   6:.\Generated_Source\PSoC5/UART_Bridge_INT.c **** *  This file provides all Interrupt Service functionality of the UART component
   7:.\Generated_Source\PSoC5/UART_Bridge_INT.c **** *
   8:.\Generated_Source\PSoC5/UART_Bridge_INT.c **** * Note:
   9:.\Generated_Source\PSoC5/UART_Bridge_INT.c **** *  Any unusual or non-standard behavior should be noted here. Other-
  10:.\Generated_Source\PSoC5/UART_Bridge_INT.c **** *  wise, this section should remain blank.
  11:.\Generated_Source\PSoC5/UART_Bridge_INT.c **** *
  12:.\Generated_Source\PSoC5/UART_Bridge_INT.c **** ********************************************************************************
  13:.\Generated_Source\PSoC5/UART_Bridge_INT.c **** * Copyright 2008-2012, Cypress Semiconductor Corporation.  All rights reserved.
  14:.\Generated_Source\PSoC5/UART_Bridge_INT.c **** * You may use this file only in accordance with the license, terms, conditions,
  15:.\Generated_Source\PSoC5/UART_Bridge_INT.c **** * disclaimers, and limitations in the end user license agreement accompanying
  16:.\Generated_Source\PSoC5/UART_Bridge_INT.c **** * the software package with which this file was provided.
  17:.\Generated_Source\PSoC5/UART_Bridge_INT.c **** *******************************************************************************/
  18:.\Generated_Source\PSoC5/UART_Bridge_INT.c **** 
  19:.\Generated_Source\PSoC5/UART_Bridge_INT.c **** #include "UART_Bridge.h"
  20:.\Generated_Source\PSoC5/UART_Bridge_INT.c **** #include "CyLib.h"
  21:.\Generated_Source\PSoC5/UART_Bridge_INT.c **** 
  22:.\Generated_Source\PSoC5/UART_Bridge_INT.c **** 
ARM GAS  C:\DOCUME~1\ADMINI~1\LOCALS~1\Temp\ccsjOqfn.s 			page 2


  23:.\Generated_Source\PSoC5/UART_Bridge_INT.c **** /***************************************
  24:.\Generated_Source\PSoC5/UART_Bridge_INT.c **** * Custom Declratations
  25:.\Generated_Source\PSoC5/UART_Bridge_INT.c **** ***************************************/
  26:.\Generated_Source\PSoC5/UART_Bridge_INT.c **** /* `#START CUSTOM_DECLARATIONS` Place your declaration here */
  27:.\Generated_Source\PSoC5/UART_Bridge_INT.c **** 
  28:.\Generated_Source\PSoC5/UART_Bridge_INT.c **** /* `#END` */
  29:.\Generated_Source\PSoC5/UART_Bridge_INT.c **** 
  30:.\Generated_Source\PSoC5/UART_Bridge_INT.c **** #if( (UART_Bridge_RX_ENABLED || UART_Bridge_HD_ENABLED) && \
  31:.\Generated_Source\PSoC5/UART_Bridge_INT.c ****      (UART_Bridge_RXBUFFERSIZE > UART_Bridge_FIFO_LENGTH))
  32:.\Generated_Source\PSoC5/UART_Bridge_INT.c **** 
  33:.\Generated_Source\PSoC5/UART_Bridge_INT.c **** 
  34:.\Generated_Source\PSoC5/UART_Bridge_INT.c ****     /*******************************************************************************
  35:.\Generated_Source\PSoC5/UART_Bridge_INT.c ****     * Function Name: UART_Bridge_RXISR
  36:.\Generated_Source\PSoC5/UART_Bridge_INT.c ****     ********************************************************************************
  37:.\Generated_Source\PSoC5/UART_Bridge_INT.c ****     *
  38:.\Generated_Source\PSoC5/UART_Bridge_INT.c ****     * Summary:
  39:.\Generated_Source\PSoC5/UART_Bridge_INT.c ****     *  Interrupt Service Routine for RX portion of the UART
  40:.\Generated_Source\PSoC5/UART_Bridge_INT.c ****     *
  41:.\Generated_Source\PSoC5/UART_Bridge_INT.c ****     * Parameters:
  42:.\Generated_Source\PSoC5/UART_Bridge_INT.c ****     *  None.
  43:.\Generated_Source\PSoC5/UART_Bridge_INT.c ****     *
  44:.\Generated_Source\PSoC5/UART_Bridge_INT.c ****     * Return:
  45:.\Generated_Source\PSoC5/UART_Bridge_INT.c ****     *  None.
  46:.\Generated_Source\PSoC5/UART_Bridge_INT.c ****     *
  47:.\Generated_Source\PSoC5/UART_Bridge_INT.c ****     * Global Variables:
  48:.\Generated_Source\PSoC5/UART_Bridge_INT.c ****     *  UART_Bridge_rxBuffer - RAM buffer pointer for save received data.
  49:.\Generated_Source\PSoC5/UART_Bridge_INT.c ****     *  UART_Bridge_rxBufferWrite - cyclic index for write to rxBuffer,
  50:.\Generated_Source\PSoC5/UART_Bridge_INT.c ****     *     increments after each byte saved to buffer.
  51:.\Generated_Source\PSoC5/UART_Bridge_INT.c ****     *  UART_Bridge_rxBufferRead - cyclic index for read from rxBuffer,
  52:.\Generated_Source\PSoC5/UART_Bridge_INT.c ****     *     checked to detect overflow condition.
  53:.\Generated_Source\PSoC5/UART_Bridge_INT.c ****     *  UART_Bridge_rxBufferOverflow - software overflow flag. Set to one
  54:.\Generated_Source\PSoC5/UART_Bridge_INT.c ****     *     when UART_Bridge_rxBufferWrite index overtakes
  55:.\Generated_Source\PSoC5/UART_Bridge_INT.c ****     *     UART_Bridge_rxBufferRead index.
  56:.\Generated_Source\PSoC5/UART_Bridge_INT.c ****     *  UART_Bridge_rxBufferLoopDetect - additional variable to detect overflow.
  57:.\Generated_Source\PSoC5/UART_Bridge_INT.c ****     *     Set to one when UART_Bridge_rxBufferWrite is equal to
  58:.\Generated_Source\PSoC5/UART_Bridge_INT.c ****     *    UART_Bridge_rxBufferRead
  59:.\Generated_Source\PSoC5/UART_Bridge_INT.c ****     *  UART_Bridge_rxAddressMode - this variable contains the Address mode,
  60:.\Generated_Source\PSoC5/UART_Bridge_INT.c ****     *     selected in customizer or set by UART_SetRxAddressMode() API.
  61:.\Generated_Source\PSoC5/UART_Bridge_INT.c ****     *  UART_Bridge_rxAddressDetected - set to 1 when correct address received,
  62:.\Generated_Source\PSoC5/UART_Bridge_INT.c ****     *     and analysed to store following addressed data bytes to the buffer.
  63:.\Generated_Source\PSoC5/UART_Bridge_INT.c ****     *     When not correct address received, set to 0 to skip following data bytes.
  64:.\Generated_Source\PSoC5/UART_Bridge_INT.c ****     *
  65:.\Generated_Source\PSoC5/UART_Bridge_INT.c ****     *******************************************************************************/
  66:.\Generated_Source\PSoC5/UART_Bridge_INT.c ****     CY_ISR(UART_Bridge_RXISR)
  67:.\Generated_Source\PSoC5/UART_Bridge_INT.c ****     {
  32              		.loc 1 67 0
  33              		.cfi_startproc
  34              		@ args = 0, pretend = 0, frame = 8
  35              		@ frame_needed = 1, uses_anonymous_args = 0
  36              		@ link register save eliminated.
  37 0000 80B4     		push	{r7}
  38              	.LCFI0:
  39              		.cfi_def_cfa_offset 4
  40 0002 83B0     		sub	sp, sp, #12
  41              	.LCFI1:
  42              		.cfi_def_cfa_offset 16
  43 0004 00AF     		add	r7, sp, #0
ARM GAS  C:\DOCUME~1\ADMINI~1\LOCALS~1\Temp\ccsjOqfn.s 			page 3


  44              		.cfi_offset 7, -4
  45              	.LCFI2:
  46              		.cfi_def_cfa_register 7
  68:.\Generated_Source\PSoC5/UART_Bridge_INT.c ****         uint8 readData;
  69:.\Generated_Source\PSoC5/UART_Bridge_INT.c ****         uint8 increment_pointer = 0u;
  47              		.loc 1 69 0
  48 0006 4FF00003 		mov	r3, #0
  49 000a FB71     		strb	r3, [r7, #7]
  70:.\Generated_Source\PSoC5/UART_Bridge_INT.c ****         #if(CY_PSOC3)
  71:.\Generated_Source\PSoC5/UART_Bridge_INT.c ****             uint8 int_en;
  72:.\Generated_Source\PSoC5/UART_Bridge_INT.c ****         #endif /* CY_PSOC3 */
  73:.\Generated_Source\PSoC5/UART_Bridge_INT.c **** 
  74:.\Generated_Source\PSoC5/UART_Bridge_INT.c ****         /* User code required at start of ISR */
  75:.\Generated_Source\PSoC5/UART_Bridge_INT.c ****         /* `#START UART_Bridge_RXISR_START` */
  76:.\Generated_Source\PSoC5/UART_Bridge_INT.c **** 
  77:.\Generated_Source\PSoC5/UART_Bridge_INT.c ****         /* `#END` */
  78:.\Generated_Source\PSoC5/UART_Bridge_INT.c **** 
  79:.\Generated_Source\PSoC5/UART_Bridge_INT.c ****         #if(CY_PSOC3)   /* Make sure nested interrupt is enabled */
  80:.\Generated_Source\PSoC5/UART_Bridge_INT.c ****             int_en = EA;
  81:.\Generated_Source\PSoC5/UART_Bridge_INT.c ****             CyGlobalIntEnable;
  82:.\Generated_Source\PSoC5/UART_Bridge_INT.c ****         #endif /* CY_PSOC3 */
  83:.\Generated_Source\PSoC5/UART_Bridge_INT.c **** 
  84:.\Generated_Source\PSoC5/UART_Bridge_INT.c ****         readData = UART_Bridge_RXSTATUS_REG;
  50              		.loc 1 84 0
  51 000c 46F26543 		movw	r3, #:lower16:1073767525
  52 0010 C4F20003 		movt	r3, #:upper16:1073767525
  53 0014 1B78     		ldrb	r3, [r3, #0]
  54 0016 BB71     		strb	r3, [r7, #6]
  85:.\Generated_Source\PSoC5/UART_Bridge_INT.c **** 
  86:.\Generated_Source\PSoC5/UART_Bridge_INT.c ****         if((readData & (UART_Bridge_RX_STS_BREAK | UART_Bridge_RX_STS_PAR_ERROR |
  87:.\Generated_Source\PSoC5/UART_Bridge_INT.c ****                         UART_Bridge_RX_STS_STOP_ERROR | UART_Bridge_RX_STS_OVERRUN)) != 0u)
  88:.\Generated_Source\PSoC5/UART_Bridge_INT.c ****         {
  89:.\Generated_Source\PSoC5/UART_Bridge_INT.c ****             /* ERROR handling. */
  90:.\Generated_Source\PSoC5/UART_Bridge_INT.c ****             /* `#START UART_Bridge_RXISR_ERROR` */
  91:.\Generated_Source\PSoC5/UART_Bridge_INT.c **** 
  92:.\Generated_Source\PSoC5/UART_Bridge_INT.c ****             /* `#END` */
  93:.\Generated_Source\PSoC5/UART_Bridge_INT.c ****         }
  94:.\Generated_Source\PSoC5/UART_Bridge_INT.c **** 
  95:.\Generated_Source\PSoC5/UART_Bridge_INT.c ****         while((readData & UART_Bridge_RX_STS_FIFO_NOTEMPTY) != 0u)
  55              		.loc 1 95 0
  56 0018 5FE0     		b	.L2
  57              	.L6:
  96:.\Generated_Source\PSoC5/UART_Bridge_INT.c ****         {
  97:.\Generated_Source\PSoC5/UART_Bridge_INT.c **** 
  98:.\Generated_Source\PSoC5/UART_Bridge_INT.c ****             #if (UART_Bridge_RXHW_ADDRESS_ENABLED)
  99:.\Generated_Source\PSoC5/UART_Bridge_INT.c ****                 if(UART_Bridge_rxAddressMode == (uint8)UART_Bridge__B_UART__AM_SW_DETECT_TO_BUFFER)
 100:.\Generated_Source\PSoC5/UART_Bridge_INT.c ****                 {
 101:.\Generated_Source\PSoC5/UART_Bridge_INT.c ****                     if((readData & UART_Bridge_RX_STS_MRKSPC) != 0u)
 102:.\Generated_Source\PSoC5/UART_Bridge_INT.c ****                     {
 103:.\Generated_Source\PSoC5/UART_Bridge_INT.c ****                         if ((readData & UART_Bridge_RX_STS_ADDR_MATCH) != 0u)
 104:.\Generated_Source\PSoC5/UART_Bridge_INT.c ****                         {
 105:.\Generated_Source\PSoC5/UART_Bridge_INT.c ****                             UART_Bridge_rxAddressDetected = 1u;
 106:.\Generated_Source\PSoC5/UART_Bridge_INT.c ****                         }
 107:.\Generated_Source\PSoC5/UART_Bridge_INT.c ****                         else
 108:.\Generated_Source\PSoC5/UART_Bridge_INT.c ****                         {
 109:.\Generated_Source\PSoC5/UART_Bridge_INT.c ****                             UART_Bridge_rxAddressDetected = 0u;
 110:.\Generated_Source\PSoC5/UART_Bridge_INT.c ****                         }
ARM GAS  C:\DOCUME~1\ADMINI~1\LOCALS~1\Temp\ccsjOqfn.s 			page 4


 111:.\Generated_Source\PSoC5/UART_Bridge_INT.c ****                     }
 112:.\Generated_Source\PSoC5/UART_Bridge_INT.c **** 
 113:.\Generated_Source\PSoC5/UART_Bridge_INT.c ****                     readData = UART_Bridge_RXDATA_REG;
 114:.\Generated_Source\PSoC5/UART_Bridge_INT.c ****                     if(UART_Bridge_rxAddressDetected != 0u)
 115:.\Generated_Source\PSoC5/UART_Bridge_INT.c ****                     {   /* store only addressed data */
 116:.\Generated_Source\PSoC5/UART_Bridge_INT.c ****                         UART_Bridge_rxBuffer[UART_Bridge_rxBufferWrite] = readData;
 117:.\Generated_Source\PSoC5/UART_Bridge_INT.c ****                         increment_pointer = 1u;
 118:.\Generated_Source\PSoC5/UART_Bridge_INT.c ****                     }
 119:.\Generated_Source\PSoC5/UART_Bridge_INT.c ****                 }
 120:.\Generated_Source\PSoC5/UART_Bridge_INT.c ****                 else /* without software addressing */
 121:.\Generated_Source\PSoC5/UART_Bridge_INT.c ****                 {
 122:.\Generated_Source\PSoC5/UART_Bridge_INT.c ****                     UART_Bridge_rxBuffer[UART_Bridge_rxBufferWrite] = UART_Bridge_RXDATA_REG;
 123:.\Generated_Source\PSoC5/UART_Bridge_INT.c ****                     increment_pointer = 1u;
 124:.\Generated_Source\PSoC5/UART_Bridge_INT.c ****                 }
 125:.\Generated_Source\PSoC5/UART_Bridge_INT.c ****             #else  /* without addressing */
 126:.\Generated_Source\PSoC5/UART_Bridge_INT.c ****                 UART_Bridge_rxBuffer[UART_Bridge_rxBufferWrite] = UART_Bridge_RXDATA_REG;
  58              		.loc 1 126 0
  59 001a 40F20003 		movw	r3, #:lower16:UART_Bridge_rxBufferWrite
  60 001e C0F20003 		movt	r3, #:upper16:UART_Bridge_rxBufferWrite
  61 0022 1B78     		ldrb	r3, [r3, #0]
  62 0024 DBB2     		uxtb	r3, r3
  63 0026 1A46     		mov	r2, r3
  64 0028 46F24643 		movw	r3, #:lower16:1073767494
  65 002c C4F20003 		movt	r3, #:upper16:1073767494
  66 0030 1B78     		ldrb	r3, [r3, #0]
  67 0032 D9B2     		uxtb	r1, r3
  68 0034 40F20003 		movw	r3, #:lower16:UART_Bridge_rxBuffer
  69 0038 C0F20003 		movt	r3, #:upper16:UART_Bridge_rxBuffer
  70 003c 9954     		strb	r1, [r3, r2]
 127:.\Generated_Source\PSoC5/UART_Bridge_INT.c ****                 increment_pointer = 1u;
  71              		.loc 1 127 0
  72 003e 4FF00103 		mov	r3, #1
  73 0042 FB71     		strb	r3, [r7, #7]
 128:.\Generated_Source\PSoC5/UART_Bridge_INT.c ****             #endif /* End SW_DETECT_TO_BUFFER */
 129:.\Generated_Source\PSoC5/UART_Bridge_INT.c **** 
 130:.\Generated_Source\PSoC5/UART_Bridge_INT.c ****             /* do not increment buffer pointer when skip not adderessed data */
 131:.\Generated_Source\PSoC5/UART_Bridge_INT.c ****             if( increment_pointer != 0u )
  74              		.loc 1 131 0
  75 0044 FB79     		ldrb	r3, [r7, #7]	@ zero_extendqisi2
  76 0046 002B     		cmp	r3, #0
  77 0048 41D0     		beq	.L3
 132:.\Generated_Source\PSoC5/UART_Bridge_INT.c ****             {
 133:.\Generated_Source\PSoC5/UART_Bridge_INT.c ****                 if(UART_Bridge_rxBufferLoopDetect != 0u)
  78              		.loc 1 133 0
  79 004a 40F20003 		movw	r3, #:lower16:UART_Bridge_rxBufferLoopDetect
  80 004e C0F20003 		movt	r3, #:upper16:UART_Bridge_rxBufferLoopDetect
  81 0052 1B78     		ldrb	r3, [r3, #0]
  82 0054 DBB2     		uxtb	r3, r3
  83 0056 002B     		cmp	r3, #0
  84 0058 06D0     		beq	.L4
 134:.\Generated_Source\PSoC5/UART_Bridge_INT.c ****                 {   /* Set Software Buffer status Overflow */
 135:.\Generated_Source\PSoC5/UART_Bridge_INT.c ****                     UART_Bridge_rxBufferOverflow = 1u;
  85              		.loc 1 135 0
  86 005a 40F20003 		movw	r3, #:lower16:UART_Bridge_rxBufferOverflow
  87 005e C0F20003 		movt	r3, #:upper16:UART_Bridge_rxBufferOverflow
  88 0062 4FF00102 		mov	r2, #1
  89 0066 1A70     		strb	r2, [r3, #0]
ARM GAS  C:\DOCUME~1\ADMINI~1\LOCALS~1\Temp\ccsjOqfn.s 			page 5


  90              	.L4:
 136:.\Generated_Source\PSoC5/UART_Bridge_INT.c ****                 }
 137:.\Generated_Source\PSoC5/UART_Bridge_INT.c ****                 /* Set next pointer. */
 138:.\Generated_Source\PSoC5/UART_Bridge_INT.c ****                 UART_Bridge_rxBufferWrite++;
  91              		.loc 1 138 0
  92 0068 40F20003 		movw	r3, #:lower16:UART_Bridge_rxBufferWrite
  93 006c C0F20003 		movt	r3, #:upper16:UART_Bridge_rxBufferWrite
  94 0070 1B78     		ldrb	r3, [r3, #0]
  95 0072 DBB2     		uxtb	r3, r3
  96 0074 03F10103 		add	r3, r3, #1
  97 0078 DAB2     		uxtb	r2, r3
  98 007a 40F20003 		movw	r3, #:lower16:UART_Bridge_rxBufferWrite
  99 007e C0F20003 		movt	r3, #:upper16:UART_Bridge_rxBufferWrite
 100 0082 1A70     		strb	r2, [r3, #0]
 139:.\Generated_Source\PSoC5/UART_Bridge_INT.c **** 
 140:.\Generated_Source\PSoC5/UART_Bridge_INT.c ****                 /* Check pointer for a loop condition */
 141:.\Generated_Source\PSoC5/UART_Bridge_INT.c ****                 if(UART_Bridge_rxBufferWrite >= UART_Bridge_RXBUFFERSIZE)
 101              		.loc 1 141 0
 102 0084 40F20003 		movw	r3, #:lower16:UART_Bridge_rxBufferWrite
 103 0088 C0F20003 		movt	r3, #:upper16:UART_Bridge_rxBufferWrite
 104 008c 1B78     		ldrb	r3, [r3, #0]
 105 008e DBB2     		uxtb	r3, r3
 106 0090 5BB2     		sxtb	r3, r3
 107 0092 002B     		cmp	r3, #0
 108 0094 06DA     		bge	.L5
 142:.\Generated_Source\PSoC5/UART_Bridge_INT.c ****                 {
 143:.\Generated_Source\PSoC5/UART_Bridge_INT.c ****                     UART_Bridge_rxBufferWrite = 0u;
 109              		.loc 1 143 0
 110 0096 40F20003 		movw	r3, #:lower16:UART_Bridge_rxBufferWrite
 111 009a C0F20003 		movt	r3, #:upper16:UART_Bridge_rxBufferWrite
 112 009e 4FF00002 		mov	r2, #0
 113 00a2 1A70     		strb	r2, [r3, #0]
 114              	.L5:
 144:.\Generated_Source\PSoC5/UART_Bridge_INT.c ****                 }
 145:.\Generated_Source\PSoC5/UART_Bridge_INT.c ****                 /* Detect pre-overload condition and set flag */
 146:.\Generated_Source\PSoC5/UART_Bridge_INT.c ****                 if(UART_Bridge_rxBufferWrite == UART_Bridge_rxBufferRead)
 115              		.loc 1 146 0
 116 00a4 40F20003 		movw	r3, #:lower16:UART_Bridge_rxBufferWrite
 117 00a8 C0F20003 		movt	r3, #:upper16:UART_Bridge_rxBufferWrite
 118 00ac 1B78     		ldrb	r3, [r3, #0]
 119 00ae DAB2     		uxtb	r2, r3
 120 00b0 40F20003 		movw	r3, #:lower16:UART_Bridge_rxBufferRead
 121 00b4 C0F20003 		movt	r3, #:upper16:UART_Bridge_rxBufferRead
 122 00b8 1B78     		ldrb	r3, [r3, #0]
 123 00ba DBB2     		uxtb	r3, r3
 124 00bc 9A42     		cmp	r2, r3
 125 00be 06D1     		bne	.L3
 147:.\Generated_Source\PSoC5/UART_Bridge_INT.c ****                 {
 148:.\Generated_Source\PSoC5/UART_Bridge_INT.c ****                     UART_Bridge_rxBufferLoopDetect = 1u;
 126              		.loc 1 148 0
 127 00c0 40F20003 		movw	r3, #:lower16:UART_Bridge_rxBufferLoopDetect
 128 00c4 C0F20003 		movt	r3, #:upper16:UART_Bridge_rxBufferLoopDetect
 129 00c8 4FF00102 		mov	r2, #1
 130 00cc 1A70     		strb	r2, [r3, #0]
 131              	.L3:
 149:.\Generated_Source\PSoC5/UART_Bridge_INT.c ****                     /* When Hardware Flow Control selected */
 150:.\Generated_Source\PSoC5/UART_Bridge_INT.c ****                     #if(UART_Bridge_FLOW_CONTROL != 0u)
ARM GAS  C:\DOCUME~1\ADMINI~1\LOCALS~1\Temp\ccsjOqfn.s 			page 6


 151:.\Generated_Source\PSoC5/UART_Bridge_INT.c ****                     /* Disable RX interrupt mask, it will be enabled when user read data from the b
 152:.\Generated_Source\PSoC5/UART_Bridge_INT.c ****                         UART_Bridge_RXSTATUS_MASK_REG  &= (uint8)~UART_Bridge_RX_STS_FIFO_NOTEMPTY;
 153:.\Generated_Source\PSoC5/UART_Bridge_INT.c ****                         CyIntClearPending(UART_Bridge_RX_VECT_NUM);
 154:.\Generated_Source\PSoC5/UART_Bridge_INT.c ****                         break; /* Break the reading of the FIFO loop, leave the data there for gene
 155:.\Generated_Source\PSoC5/UART_Bridge_INT.c ****                     #endif /* End UART_Bridge_FLOW_CONTROL != 0 */
 156:.\Generated_Source\PSoC5/UART_Bridge_INT.c ****                 }
 157:.\Generated_Source\PSoC5/UART_Bridge_INT.c ****             }
 158:.\Generated_Source\PSoC5/UART_Bridge_INT.c **** 
 159:.\Generated_Source\PSoC5/UART_Bridge_INT.c ****             /* Check again if there is data. */
 160:.\Generated_Source\PSoC5/UART_Bridge_INT.c ****             readData = UART_Bridge_RXSTATUS_REG;
 132              		.loc 1 160 0
 133 00ce 46F26543 		movw	r3, #:lower16:1073767525
 134 00d2 C4F20003 		movt	r3, #:upper16:1073767525
 135 00d6 1B78     		ldrb	r3, [r3, #0]
 136 00d8 BB71     		strb	r3, [r7, #6]
 137              	.L2:
 138              		.loc 1 95 0
 139 00da BB79     		ldrb	r3, [r7, #6]	@ zero_extendqisi2
 140 00dc 03F02003 		and	r3, r3, #32
 141 00e0 002B     		cmp	r3, #0
 142 00e2 9AD1     		bne	.L6
 161:.\Generated_Source\PSoC5/UART_Bridge_INT.c ****         }
 162:.\Generated_Source\PSoC5/UART_Bridge_INT.c **** 
 163:.\Generated_Source\PSoC5/UART_Bridge_INT.c ****         /* User code required at end of ISR (Optional) */
 164:.\Generated_Source\PSoC5/UART_Bridge_INT.c ****         /* `#START UART_Bridge_RXISR_END` */
 165:.\Generated_Source\PSoC5/UART_Bridge_INT.c **** 
 166:.\Generated_Source\PSoC5/UART_Bridge_INT.c ****         /* `#END` */
 167:.\Generated_Source\PSoC5/UART_Bridge_INT.c **** 
 168:.\Generated_Source\PSoC5/UART_Bridge_INT.c ****         #if(CY_PSOC3)
 169:.\Generated_Source\PSoC5/UART_Bridge_INT.c ****             EA = int_en;
 170:.\Generated_Source\PSoC5/UART_Bridge_INT.c ****         #endif /* CY_PSOC3 */
 171:.\Generated_Source\PSoC5/UART_Bridge_INT.c **** 
 172:.\Generated_Source\PSoC5/UART_Bridge_INT.c ****     }
 143              		.loc 1 172 0
 144 00e4 07F10C07 		add	r7, r7, #12
 145 00e8 BD46     		mov	sp, r7
 146 00ea 80BC     		pop	{r7}
 147 00ec 7047     		bx	lr
 148              		.cfi_endproc
 149              	.LFE0:
 150              		.size	UART_Bridge_RXISR, .-UART_Bridge_RXISR
 151 00ee 00BF     		.section	.text.UART_Bridge_TXISR,"ax",%progbits
 152              		.align	2
 153              		.global	UART_Bridge_TXISR
 154              		.thumb
 155              		.thumb_func
 156              		.type	UART_Bridge_TXISR, %function
 157              	UART_Bridge_TXISR:
 158              	.LFB1:
 173:.\Generated_Source\PSoC5/UART_Bridge_INT.c **** 
 174:.\Generated_Source\PSoC5/UART_Bridge_INT.c **** #endif /* End UART_Bridge_RX_ENABLED && (UART_Bridge_RXBUFFERSIZE > UART_Bridge_FIFO_LENGTH) */
 175:.\Generated_Source\PSoC5/UART_Bridge_INT.c **** 
 176:.\Generated_Source\PSoC5/UART_Bridge_INT.c **** 
 177:.\Generated_Source\PSoC5/UART_Bridge_INT.c **** #if(UART_Bridge_TX_ENABLED && (UART_Bridge_TXBUFFERSIZE > UART_Bridge_FIFO_LENGTH))
 178:.\Generated_Source\PSoC5/UART_Bridge_INT.c **** 
 179:.\Generated_Source\PSoC5/UART_Bridge_INT.c **** 
 180:.\Generated_Source\PSoC5/UART_Bridge_INT.c ****     /*******************************************************************************
ARM GAS  C:\DOCUME~1\ADMINI~1\LOCALS~1\Temp\ccsjOqfn.s 			page 7


 181:.\Generated_Source\PSoC5/UART_Bridge_INT.c ****     * Function Name: UART_Bridge_TXISR
 182:.\Generated_Source\PSoC5/UART_Bridge_INT.c ****     ********************************************************************************
 183:.\Generated_Source\PSoC5/UART_Bridge_INT.c ****     *
 184:.\Generated_Source\PSoC5/UART_Bridge_INT.c ****     * Summary:
 185:.\Generated_Source\PSoC5/UART_Bridge_INT.c ****     * Interrupt Service Routine for the TX portion of the UART
 186:.\Generated_Source\PSoC5/UART_Bridge_INT.c ****     *
 187:.\Generated_Source\PSoC5/UART_Bridge_INT.c ****     * Parameters:
 188:.\Generated_Source\PSoC5/UART_Bridge_INT.c ****     *  None.
 189:.\Generated_Source\PSoC5/UART_Bridge_INT.c ****     *
 190:.\Generated_Source\PSoC5/UART_Bridge_INT.c ****     * Return:
 191:.\Generated_Source\PSoC5/UART_Bridge_INT.c ****     *  None.
 192:.\Generated_Source\PSoC5/UART_Bridge_INT.c ****     *
 193:.\Generated_Source\PSoC5/UART_Bridge_INT.c ****     * Global Variables:
 194:.\Generated_Source\PSoC5/UART_Bridge_INT.c ****     *  UART_Bridge_txBuffer - RAM buffer pointer for transmit data from.
 195:.\Generated_Source\PSoC5/UART_Bridge_INT.c ****     *  UART_Bridge_txBufferRead - cyclic index for read and transmit data
 196:.\Generated_Source\PSoC5/UART_Bridge_INT.c ****     *     from txBuffer, increments after each transmited byte.
 197:.\Generated_Source\PSoC5/UART_Bridge_INT.c ****     *  UART_Bridge_rxBufferWrite - cyclic index for write to txBuffer,
 198:.\Generated_Source\PSoC5/UART_Bridge_INT.c ****     *     checked to detect available for transmission bytes.
 199:.\Generated_Source\PSoC5/UART_Bridge_INT.c ****     *
 200:.\Generated_Source\PSoC5/UART_Bridge_INT.c ****     *******************************************************************************/
 201:.\Generated_Source\PSoC5/UART_Bridge_INT.c ****     CY_ISR(UART_Bridge_TXISR)
 202:.\Generated_Source\PSoC5/UART_Bridge_INT.c ****     {
 159              		.loc 1 202 0
 160              		.cfi_startproc
 161              		@ args = 0, pretend = 0, frame = 0
 162              		@ frame_needed = 1, uses_anonymous_args = 0
 163              		@ link register save eliminated.
 164 0000 80B4     		push	{r7}
 165              	.LCFI3:
 166              		.cfi_def_cfa_offset 4
 167 0002 00AF     		add	r7, sp, #0
 168              		.cfi_offset 7, -4
 169              	.LCFI4:
 170              		.cfi_def_cfa_register 7
 203:.\Generated_Source\PSoC5/UART_Bridge_INT.c **** 
 204:.\Generated_Source\PSoC5/UART_Bridge_INT.c ****         #if(CY_PSOC3)
 205:.\Generated_Source\PSoC5/UART_Bridge_INT.c ****             uint8 int_en;
 206:.\Generated_Source\PSoC5/UART_Bridge_INT.c ****         #endif /* CY_PSOC3 */
 207:.\Generated_Source\PSoC5/UART_Bridge_INT.c **** 
 208:.\Generated_Source\PSoC5/UART_Bridge_INT.c ****         /* User code required at start of ISR */
 209:.\Generated_Source\PSoC5/UART_Bridge_INT.c ****         /* `#START UART_Bridge_TXISR_START` */
 210:.\Generated_Source\PSoC5/UART_Bridge_INT.c **** 
 211:.\Generated_Source\PSoC5/UART_Bridge_INT.c ****         /* `#END` */
 212:.\Generated_Source\PSoC5/UART_Bridge_INT.c **** 
 213:.\Generated_Source\PSoC5/UART_Bridge_INT.c ****         #if(CY_PSOC3)   /* Make sure nested interrupt is enabled */
 214:.\Generated_Source\PSoC5/UART_Bridge_INT.c ****             int_en = EA;
 215:.\Generated_Source\PSoC5/UART_Bridge_INT.c ****             CyGlobalIntEnable;
 216:.\Generated_Source\PSoC5/UART_Bridge_INT.c ****         #endif /* CY_PSOC3 */
 217:.\Generated_Source\PSoC5/UART_Bridge_INT.c **** 
 218:.\Generated_Source\PSoC5/UART_Bridge_INT.c ****         while((UART_Bridge_txBufferRead != UART_Bridge_txBufferWrite) &&
 171              		.loc 1 218 0
 172 0004 2FE0     		b	.L9
 173              	.L12:
 219:.\Generated_Source\PSoC5/UART_Bridge_INT.c ****              ((UART_Bridge_TXSTATUS_REG & UART_Bridge_TX_STS_FIFO_FULL) == 0u))
 220:.\Generated_Source\PSoC5/UART_Bridge_INT.c ****         {
 221:.\Generated_Source\PSoC5/UART_Bridge_INT.c ****             /* Check pointer. */
 222:.\Generated_Source\PSoC5/UART_Bridge_INT.c ****             if(UART_Bridge_txBufferRead >= UART_Bridge_TXBUFFERSIZE)
ARM GAS  C:\DOCUME~1\ADMINI~1\LOCALS~1\Temp\ccsjOqfn.s 			page 8


 174              		.loc 1 222 0
 175 0006 40F20003 		movw	r3, #:lower16:UART_Bridge_txBufferRead
 176 000a C0F20003 		movt	r3, #:upper16:UART_Bridge_txBufferRead
 177 000e 1B78     		ldrb	r3, [r3, #0]
 178 0010 DBB2     		uxtb	r3, r3
 179 0012 5BB2     		sxtb	r3, r3
 180 0014 002B     		cmp	r3, #0
 181 0016 06DA     		bge	.L10
 223:.\Generated_Source\PSoC5/UART_Bridge_INT.c ****             {
 224:.\Generated_Source\PSoC5/UART_Bridge_INT.c ****                 UART_Bridge_txBufferRead = 0u;
 182              		.loc 1 224 0
 183 0018 40F20003 		movw	r3, #:lower16:UART_Bridge_txBufferRead
 184 001c C0F20003 		movt	r3, #:upper16:UART_Bridge_txBufferRead
 185 0020 4FF00002 		mov	r2, #0
 186 0024 1A70     		strb	r2, [r3, #0]
 187              	.L10:
 225:.\Generated_Source\PSoC5/UART_Bridge_INT.c ****             }
 226:.\Generated_Source\PSoC5/UART_Bridge_INT.c **** 
 227:.\Generated_Source\PSoC5/UART_Bridge_INT.c ****             UART_Bridge_TXDATA_REG = UART_Bridge_txBuffer[UART_Bridge_txBufferRead];
 188              		.loc 1 227 0
 189 0026 46F24E43 		movw	r3, #:lower16:1073767502
 190 002a C4F20003 		movt	r3, #:upper16:1073767502
 191 002e 40F20002 		movw	r2, #:lower16:UART_Bridge_txBufferRead
 192 0032 C0F20002 		movt	r2, #:upper16:UART_Bridge_txBufferRead
 193 0036 1278     		ldrb	r2, [r2, #0]
 194 0038 D2B2     		uxtb	r2, r2
 195 003a 1146     		mov	r1, r2
 196 003c 40F20002 		movw	r2, #:lower16:UART_Bridge_txBuffer
 197 0040 C0F20002 		movt	r2, #:upper16:UART_Bridge_txBuffer
 198 0044 525C     		ldrb	r2, [r2, r1]
 199 0046 D2B2     		uxtb	r2, r2
 200 0048 1A70     		strb	r2, [r3, #0]
 228:.\Generated_Source\PSoC5/UART_Bridge_INT.c **** 
 229:.\Generated_Source\PSoC5/UART_Bridge_INT.c ****             /* Set next pointer. */
 230:.\Generated_Source\PSoC5/UART_Bridge_INT.c ****             UART_Bridge_txBufferRead++;
 201              		.loc 1 230 0
 202 004a 40F20003 		movw	r3, #:lower16:UART_Bridge_txBufferRead
 203 004e C0F20003 		movt	r3, #:upper16:UART_Bridge_txBufferRead
 204 0052 1B78     		ldrb	r3, [r3, #0]
 205 0054 DBB2     		uxtb	r3, r3
 206 0056 03F10103 		add	r3, r3, #1
 207 005a DAB2     		uxtb	r2, r3
 208 005c 40F20003 		movw	r3, #:lower16:UART_Bridge_txBufferRead
 209 0060 C0F20003 		movt	r3, #:upper16:UART_Bridge_txBufferRead
 210 0064 1A70     		strb	r2, [r3, #0]
 211              	.L9:
 212              		.loc 1 218 0
 213 0066 40F20003 		movw	r3, #:lower16:UART_Bridge_txBufferRead
 214 006a C0F20003 		movt	r3, #:upper16:UART_Bridge_txBufferRead
 215 006e 1B78     		ldrb	r3, [r3, #0]
 216 0070 DAB2     		uxtb	r2, r3
 217 0072 40F20003 		movw	r3, #:lower16:UART_Bridge_txBufferWrite
 218 0076 C0F20003 		movt	r3, #:upper16:UART_Bridge_txBufferWrite
 219 007a 1B78     		ldrb	r3, [r3, #0]	@ zero_extendqisi2
 220 007c 9A42     		cmp	r2, r3
 221 007e 09D0     		beq	.L13
 222              		.loc 1 219 0
ARM GAS  C:\DOCUME~1\ADMINI~1\LOCALS~1\Temp\ccsjOqfn.s 			page 9


 223 0080 46F26E43 		movw	r3, #:lower16:1073767534
 224 0084 C4F20003 		movt	r3, #:upper16:1073767534
 225 0088 1B78     		ldrb	r3, [r3, #0]
 226 008a DBB2     		uxtb	r3, r3
 227 008c 03F00403 		and	r3, r3, #4
 228              		.loc 1 218 0
 229 0090 002B     		cmp	r3, #0
 230 0092 B8D0     		beq	.L12
 231              	.L13:
 231:.\Generated_Source\PSoC5/UART_Bridge_INT.c ****         }
 232:.\Generated_Source\PSoC5/UART_Bridge_INT.c **** 
 233:.\Generated_Source\PSoC5/UART_Bridge_INT.c ****         /* User code required at end of ISR (Optional) */
 234:.\Generated_Source\PSoC5/UART_Bridge_INT.c ****         /* `#START UART_Bridge_TXISR_END` */
 235:.\Generated_Source\PSoC5/UART_Bridge_INT.c **** 
 236:.\Generated_Source\PSoC5/UART_Bridge_INT.c ****         /* `#END` */
 237:.\Generated_Source\PSoC5/UART_Bridge_INT.c **** 
 238:.\Generated_Source\PSoC5/UART_Bridge_INT.c ****         #if(CY_PSOC3)
 239:.\Generated_Source\PSoC5/UART_Bridge_INT.c ****             EA = int_en;
 240:.\Generated_Source\PSoC5/UART_Bridge_INT.c ****         #endif /* CY_PSOC3 */
 241:.\Generated_Source\PSoC5/UART_Bridge_INT.c **** 
 242:.\Generated_Source\PSoC5/UART_Bridge_INT.c ****     }
 232              		.loc 1 242 0
 233 0094 BD46     		mov	sp, r7
 234 0096 80BC     		pop	{r7}
 235 0098 7047     		bx	lr
 236              		.cfi_endproc
 237              	.LFE1:
 238              		.size	UART_Bridge_TXISR, .-UART_Bridge_TXISR
 239 009a 00BF     		.text
 240              	.Letext0:
 241              		.section	.debug_loc,"",%progbits
 242              	.Ldebug_loc0:
 243              	.LLST0:
 244 0000 00000000 		.4byte	.LFB0
 245 0004 02000000 		.4byte	.LCFI0
 246 0008 0100     		.2byte	0x1
 247 000a 5D       		.byte	0x5d
 248 000b 02000000 		.4byte	.LCFI0
 249 000f 04000000 		.4byte	.LCFI1
 250 0013 0200     		.2byte	0x2
 251 0015 7D       		.byte	0x7d
 252 0016 04       		.sleb128 4
 253 0017 04000000 		.4byte	.LCFI1
 254 001b 06000000 		.4byte	.LCFI2
 255 001f 0200     		.2byte	0x2
 256 0021 7D       		.byte	0x7d
 257 0022 10       		.sleb128 16
 258 0023 06000000 		.4byte	.LCFI2
 259 0027 EE000000 		.4byte	.LFE0
 260 002b 0200     		.2byte	0x2
 261 002d 77       		.byte	0x77
 262 002e 10       		.sleb128 16
 263 002f 00000000 		.4byte	0x0
 264 0033 00000000 		.4byte	0x0
 265              	.LLST1:
 266 0037 00000000 		.4byte	.LFB1
 267 003b 02000000 		.4byte	.LCFI3
ARM GAS  C:\DOCUME~1\ADMINI~1\LOCALS~1\Temp\ccsjOqfn.s 			page 10


 268 003f 0100     		.2byte	0x1
 269 0041 5D       		.byte	0x5d
 270 0042 02000000 		.4byte	.LCFI3
 271 0046 04000000 		.4byte	.LCFI4
 272 004a 0200     		.2byte	0x2
 273 004c 7D       		.byte	0x7d
 274 004d 04       		.sleb128 4
 275 004e 04000000 		.4byte	.LCFI4
 276 0052 9A000000 		.4byte	.LFE1
 277 0056 0200     		.2byte	0x2
 278 0058 77       		.byte	0x77
 279 0059 04       		.sleb128 4
 280 005a 00000000 		.4byte	0x0
 281 005e 00000000 		.4byte	0x0
 282              		.file 2 ".\\Generated_Source\\PSoC5\\/UART_Bridge.h"
 283              		.file 3 ".\\Generated_Source\\PSoC5\\/cytypes.h"
 284              		.section	.debug_info
 285 0000 69010000 		.4byte	0x169
 286 0004 0200     		.2byte	0x2
 287 0006 00000000 		.4byte	.Ldebug_abbrev0
 288 000a 04       		.byte	0x4
 289 000b 01       		.uleb128 0x1
 290 000c FF000000 		.4byte	.LASF22
 291 0010 01       		.byte	0x1
 292 0011 70010000 		.4byte	.LASF23
 293 0015 0E000000 		.4byte	.LASF24
 294 0019 00000000 		.4byte	0x0
 295 001d 00000000 		.4byte	0x0
 296 0021 00000000 		.4byte	.Ldebug_ranges0+0x0
 297 0025 00000000 		.4byte	.Ldebug_line0
 298 0029 02       		.uleb128 0x2
 299 002a 01       		.byte	0x1
 300 002b 06       		.byte	0x6
 301 002c 64010000 		.4byte	.LASF0
 302 0030 02       		.uleb128 0x2
 303 0031 01       		.byte	0x1
 304 0032 08       		.byte	0x8
 305 0033 0B010000 		.4byte	.LASF1
 306 0037 02       		.uleb128 0x2
 307 0038 02       		.byte	0x2
 308 0039 05       		.byte	0x5
 309 003a 40010000 		.4byte	.LASF2
 310 003e 02       		.uleb128 0x2
 311 003f 02       		.byte	0x2
 312 0040 07       		.byte	0x7
 313 0041 51010000 		.4byte	.LASF3
 314 0045 02       		.uleb128 0x2
 315 0046 04       		.byte	0x4
 316 0047 05       		.byte	0x5
 317 0048 37010000 		.4byte	.LASF4
 318 004c 02       		.uleb128 0x2
 319 004d 04       		.byte	0x4
 320 004e 07       		.byte	0x7
 321 004f BB000000 		.4byte	.LASF5
 322 0053 02       		.uleb128 0x2
 323 0054 08       		.byte	0x8
 324 0055 05       		.byte	0x5
ARM GAS  C:\DOCUME~1\ADMINI~1\LOCALS~1\Temp\ccsjOqfn.s 			page 11


 325 0056 00000000 		.4byte	.LASF6
 326 005a 02       		.uleb128 0x2
 327 005b 08       		.byte	0x8
 328 005c 07       		.byte	0x7
 329 005d CD000000 		.4byte	.LASF7
 330 0061 03       		.uleb128 0x3
 331 0062 04       		.byte	0x4
 332 0063 05       		.byte	0x5
 333 0064 696E7400 		.ascii	"int\000"
 334 0068 02       		.uleb128 0x2
 335 0069 04       		.byte	0x4
 336 006a 07       		.byte	0x7
 337 006b 67000000 		.4byte	.LASF8
 338 006f 04       		.uleb128 0x4
 339 0070 B5000000 		.4byte	.LASF25
 340 0074 03       		.byte	0x3
 341 0075 4C       		.byte	0x4c
 342 0076 30000000 		.4byte	0x30
 343 007a 02       		.uleb128 0x2
 344 007b 04       		.byte	0x4
 345 007c 04       		.byte	0x4
 346 007d C2010000 		.4byte	.LASF9
 347 0081 02       		.uleb128 0x2
 348 0082 08       		.byte	0x8
 349 0083 04       		.byte	0x4
 350 0084 4A010000 		.4byte	.LASF10
 351 0088 02       		.uleb128 0x2
 352 0089 01       		.byte	0x1
 353 008a 08       		.byte	0x8
 354 008b 32010000 		.4byte	.LASF11
 355 008f 05       		.uleb128 0x5
 356 0090 6F000000 		.4byte	0x6f
 357 0094 06       		.uleb128 0x6
 358 0095 04       		.byte	0x4
 359 0096 07       		.byte	0x7
 360 0097 07       		.uleb128 0x7
 361 0098 01       		.byte	0x1
 362 0099 ED000000 		.4byte	.LASF26
 363 009d 01       		.byte	0x1
 364 009e 42       		.byte	0x42
 365 009f 01       		.byte	0x1
 366 00a0 00000000 		.4byte	.LFB0
 367 00a4 EE000000 		.4byte	.LFE0
 368 00a8 00000000 		.4byte	.LLST0
 369 00ac CD000000 		.4byte	0xcd
 370 00b0 08       		.uleb128 0x8
 371 00b1 E4000000 		.4byte	.LASF12
 372 00b5 01       		.byte	0x1
 373 00b6 44       		.byte	0x44
 374 00b7 6F000000 		.4byte	0x6f
 375 00bb 02       		.byte	0x2
 376 00bc 91       		.byte	0x91
 377 00bd 76       		.sleb128 -10
 378 00be 08       		.uleb128 0x8
 379 00bf 74000000 		.4byte	.LASF13
 380 00c3 01       		.byte	0x1
 381 00c4 45       		.byte	0x45
ARM GAS  C:\DOCUME~1\ADMINI~1\LOCALS~1\Temp\ccsjOqfn.s 			page 12


 382 00c5 6F000000 		.4byte	0x6f
 383 00c9 02       		.byte	0x2
 384 00ca 91       		.byte	0x91
 385 00cb 77       		.sleb128 -9
 386 00cc 00       		.byte	0x0
 387 00cd 09       		.uleb128 0x9
 388 00ce 01       		.byte	0x1
 389 00cf B0010000 		.4byte	.LASF27
 390 00d3 01       		.byte	0x1
 391 00d4 C9       		.byte	0xc9
 392 00d5 01       		.byte	0x1
 393 00d6 00000000 		.4byte	.LFB1
 394 00da 9A000000 		.4byte	.LFE1
 395 00de 37000000 		.4byte	.LLST1
 396 00e2 0A       		.uleb128 0xa
 397 00e3 6F000000 		.4byte	0x6f
 398 00e7 F2000000 		.4byte	0xf2
 399 00eb 0B       		.uleb128 0xb
 400 00ec 94000000 		.4byte	0x94
 401 00f0 7F       		.byte	0x7f
 402 00f1 00       		.byte	0x0
 403 00f2 0C       		.uleb128 0xc
 404 00f3 9B010000 		.4byte	.LASF14
 405 00f7 02       		.byte	0x2
 406 00f8 4C01     		.2byte	0x14c
 407 00fa 00010000 		.4byte	0x100
 408 00fe 01       		.byte	0x1
 409 00ff 01       		.byte	0x1
 410 0100 05       		.uleb128 0x5
 411 0101 E2000000 		.4byte	0xe2
 412 0105 0C       		.uleb128 0xc
 413 0106 FF010000 		.4byte	.LASF15
 414 010a 02       		.byte	0x2
 415 010b 4D01     		.2byte	0x14d
 416 010d 8F000000 		.4byte	0x8f
 417 0111 01       		.byte	0x1
 418 0112 01       		.byte	0x1
 419 0113 0C       		.uleb128 0xc
 420 0114 E5010000 		.4byte	.LASF16
 421 0118 02       		.byte	0x2
 422 0119 4E01     		.2byte	0x14e
 423 011b 6F000000 		.4byte	0x6f
 424 011f 01       		.byte	0x1
 425 0120 01       		.byte	0x1
 426 0121 0C       		.uleb128 0xc
 427 0122 A0000000 		.4byte	.LASF17
 428 0126 02       		.byte	0x2
 429 0127 5201     		.2byte	0x152
 430 0129 2F010000 		.4byte	0x12f
 431 012d 01       		.byte	0x1
 432 012e 01       		.byte	0x1
 433 012f 05       		.uleb128 0x5
 434 0130 E2000000 		.4byte	0xe2
 435 0134 0C       		.uleb128 0xc
 436 0135 19010000 		.4byte	.LASF18
 437 0139 02       		.byte	0x2
 438 013a 5301     		.2byte	0x153
ARM GAS  C:\DOCUME~1\ADMINI~1\LOCALS~1\Temp\ccsjOqfn.s 			page 13


 439 013c 8F000000 		.4byte	0x8f
 440 0140 01       		.byte	0x1
 441 0141 01       		.byte	0x1
 442 0142 0C       		.uleb128 0xc
 443 0143 86000000 		.4byte	.LASF19
 444 0147 02       		.byte	0x2
 445 0148 5401     		.2byte	0x154
 446 014a 8F000000 		.4byte	0x8f
 447 014e 01       		.byte	0x1
 448 014f 01       		.byte	0x1
 449 0150 0C       		.uleb128 0xc
 450 0151 18020000 		.4byte	.LASF20
 451 0155 02       		.byte	0x2
 452 0156 5501     		.2byte	0x155
 453 0158 8F000000 		.4byte	0x8f
 454 015c 01       		.byte	0x1
 455 015d 01       		.byte	0x1
 456 015e 0C       		.uleb128 0xc
 457 015f C8010000 		.4byte	.LASF21
 458 0163 02       		.byte	0x2
 459 0164 5601     		.2byte	0x156
 460 0166 8F000000 		.4byte	0x8f
 461 016a 01       		.byte	0x1
 462 016b 01       		.byte	0x1
 463 016c 00       		.byte	0x0
 464              		.section	.debug_abbrev
 465 0000 01       		.uleb128 0x1
 466 0001 11       		.uleb128 0x11
 467 0002 01       		.byte	0x1
 468 0003 25       		.uleb128 0x25
 469 0004 0E       		.uleb128 0xe
 470 0005 13       		.uleb128 0x13
 471 0006 0B       		.uleb128 0xb
 472 0007 03       		.uleb128 0x3
 473 0008 0E       		.uleb128 0xe
 474 0009 1B       		.uleb128 0x1b
 475 000a 0E       		.uleb128 0xe
 476 000b 11       		.uleb128 0x11
 477 000c 01       		.uleb128 0x1
 478 000d 52       		.uleb128 0x52
 479 000e 01       		.uleb128 0x1
 480 000f 55       		.uleb128 0x55
 481 0010 06       		.uleb128 0x6
 482 0011 10       		.uleb128 0x10
 483 0012 06       		.uleb128 0x6
 484 0013 00       		.byte	0x0
 485 0014 00       		.byte	0x0
 486 0015 02       		.uleb128 0x2
 487 0016 24       		.uleb128 0x24
 488 0017 00       		.byte	0x0
 489 0018 0B       		.uleb128 0xb
 490 0019 0B       		.uleb128 0xb
 491 001a 3E       		.uleb128 0x3e
 492 001b 0B       		.uleb128 0xb
 493 001c 03       		.uleb128 0x3
 494 001d 0E       		.uleb128 0xe
 495 001e 00       		.byte	0x0
ARM GAS  C:\DOCUME~1\ADMINI~1\LOCALS~1\Temp\ccsjOqfn.s 			page 14


 496 001f 00       		.byte	0x0
 497 0020 03       		.uleb128 0x3
 498 0021 24       		.uleb128 0x24
 499 0022 00       		.byte	0x0
 500 0023 0B       		.uleb128 0xb
 501 0024 0B       		.uleb128 0xb
 502 0025 3E       		.uleb128 0x3e
 503 0026 0B       		.uleb128 0xb
 504 0027 03       		.uleb128 0x3
 505 0028 08       		.uleb128 0x8
 506 0029 00       		.byte	0x0
 507 002a 00       		.byte	0x0
 508 002b 04       		.uleb128 0x4
 509 002c 16       		.uleb128 0x16
 510 002d 00       		.byte	0x0
 511 002e 03       		.uleb128 0x3
 512 002f 0E       		.uleb128 0xe
 513 0030 3A       		.uleb128 0x3a
 514 0031 0B       		.uleb128 0xb
 515 0032 3B       		.uleb128 0x3b
 516 0033 0B       		.uleb128 0xb
 517 0034 49       		.uleb128 0x49
 518 0035 13       		.uleb128 0x13
 519 0036 00       		.byte	0x0
 520 0037 00       		.byte	0x0
 521 0038 05       		.uleb128 0x5
 522 0039 35       		.uleb128 0x35
 523 003a 00       		.byte	0x0
 524 003b 49       		.uleb128 0x49
 525 003c 13       		.uleb128 0x13
 526 003d 00       		.byte	0x0
 527 003e 00       		.byte	0x0
 528 003f 06       		.uleb128 0x6
 529 0040 24       		.uleb128 0x24
 530 0041 00       		.byte	0x0
 531 0042 0B       		.uleb128 0xb
 532 0043 0B       		.uleb128 0xb
 533 0044 3E       		.uleb128 0x3e
 534 0045 0B       		.uleb128 0xb
 535 0046 00       		.byte	0x0
 536 0047 00       		.byte	0x0
 537 0048 07       		.uleb128 0x7
 538 0049 2E       		.uleb128 0x2e
 539 004a 01       		.byte	0x1
 540 004b 3F       		.uleb128 0x3f
 541 004c 0C       		.uleb128 0xc
 542 004d 03       		.uleb128 0x3
 543 004e 0E       		.uleb128 0xe
 544 004f 3A       		.uleb128 0x3a
 545 0050 0B       		.uleb128 0xb
 546 0051 3B       		.uleb128 0x3b
 547 0052 0B       		.uleb128 0xb
 548 0053 27       		.uleb128 0x27
 549 0054 0C       		.uleb128 0xc
 550 0055 11       		.uleb128 0x11
 551 0056 01       		.uleb128 0x1
 552 0057 12       		.uleb128 0x12
ARM GAS  C:\DOCUME~1\ADMINI~1\LOCALS~1\Temp\ccsjOqfn.s 			page 15


 553 0058 01       		.uleb128 0x1
 554 0059 40       		.uleb128 0x40
 555 005a 06       		.uleb128 0x6
 556 005b 01       		.uleb128 0x1
 557 005c 13       		.uleb128 0x13
 558 005d 00       		.byte	0x0
 559 005e 00       		.byte	0x0
 560 005f 08       		.uleb128 0x8
 561 0060 34       		.uleb128 0x34
 562 0061 00       		.byte	0x0
 563 0062 03       		.uleb128 0x3
 564 0063 0E       		.uleb128 0xe
 565 0064 3A       		.uleb128 0x3a
 566 0065 0B       		.uleb128 0xb
 567 0066 3B       		.uleb128 0x3b
 568 0067 0B       		.uleb128 0xb
 569 0068 49       		.uleb128 0x49
 570 0069 13       		.uleb128 0x13
 571 006a 02       		.uleb128 0x2
 572 006b 0A       		.uleb128 0xa
 573 006c 00       		.byte	0x0
 574 006d 00       		.byte	0x0
 575 006e 09       		.uleb128 0x9
 576 006f 2E       		.uleb128 0x2e
 577 0070 00       		.byte	0x0
 578 0071 3F       		.uleb128 0x3f
 579 0072 0C       		.uleb128 0xc
 580 0073 03       		.uleb128 0x3
 581 0074 0E       		.uleb128 0xe
 582 0075 3A       		.uleb128 0x3a
 583 0076 0B       		.uleb128 0xb
 584 0077 3B       		.uleb128 0x3b
 585 0078 0B       		.uleb128 0xb
 586 0079 27       		.uleb128 0x27
 587 007a 0C       		.uleb128 0xc
 588 007b 11       		.uleb128 0x11
 589 007c 01       		.uleb128 0x1
 590 007d 12       		.uleb128 0x12
 591 007e 01       		.uleb128 0x1
 592 007f 40       		.uleb128 0x40
 593 0080 06       		.uleb128 0x6
 594 0081 00       		.byte	0x0
 595 0082 00       		.byte	0x0
 596 0083 0A       		.uleb128 0xa
 597 0084 01       		.uleb128 0x1
 598 0085 01       		.byte	0x1
 599 0086 49       		.uleb128 0x49
 600 0087 13       		.uleb128 0x13
 601 0088 01       		.uleb128 0x1
 602 0089 13       		.uleb128 0x13
 603 008a 00       		.byte	0x0
 604 008b 00       		.byte	0x0
 605 008c 0B       		.uleb128 0xb
 606 008d 21       		.uleb128 0x21
 607 008e 00       		.byte	0x0
 608 008f 49       		.uleb128 0x49
 609 0090 13       		.uleb128 0x13
ARM GAS  C:\DOCUME~1\ADMINI~1\LOCALS~1\Temp\ccsjOqfn.s 			page 16


 610 0091 2F       		.uleb128 0x2f
 611 0092 0B       		.uleb128 0xb
 612 0093 00       		.byte	0x0
 613 0094 00       		.byte	0x0
 614 0095 0C       		.uleb128 0xc
 615 0096 34       		.uleb128 0x34
 616 0097 00       		.byte	0x0
 617 0098 03       		.uleb128 0x3
 618 0099 0E       		.uleb128 0xe
 619 009a 3A       		.uleb128 0x3a
 620 009b 0B       		.uleb128 0xb
 621 009c 3B       		.uleb128 0x3b
 622 009d 05       		.uleb128 0x5
 623 009e 49       		.uleb128 0x49
 624 009f 13       		.uleb128 0x13
 625 00a0 3F       		.uleb128 0x3f
 626 00a1 0C       		.uleb128 0xc
 627 00a2 3C       		.uleb128 0x3c
 628 00a3 0C       		.uleb128 0xc
 629 00a4 00       		.byte	0x0
 630 00a5 00       		.byte	0x0
 631 00a6 00       		.byte	0x0
 632              		.section	.debug_pubnames,"",%progbits
 633 0000 3A000000 		.4byte	0x3a
 634 0004 0200     		.2byte	0x2
 635 0006 00000000 		.4byte	.Ldebug_info0
 636 000a 6D010000 		.4byte	0x16d
 637 000e 97000000 		.4byte	0x97
 638 0012 55415254 		.ascii	"UART_Bridge_RXISR\000"
 638      5F427269 
 638      6467655F 
 638      52584953 
 638      5200
 639 0024 CD000000 		.4byte	0xcd
 640 0028 55415254 		.ascii	"UART_Bridge_TXISR\000"
 640      5F427269 
 640      6467655F 
 640      54584953 
 640      5200
 641 003a 00000000 		.4byte	0x0
 642              		.section	.debug_aranges,"",%progbits
 643 0000 24000000 		.4byte	0x24
 644 0004 0200     		.2byte	0x2
 645 0006 00000000 		.4byte	.Ldebug_info0
 646 000a 04       		.byte	0x4
 647 000b 00       		.byte	0x0
 648 000c 0000     		.2byte	0x0
 649 000e 0000     		.2byte	0x0
 650 0010 00000000 		.4byte	.LFB0
 651 0014 EE000000 		.4byte	.LFE0-.LFB0
 652 0018 00000000 		.4byte	.LFB1
 653 001c 9A000000 		.4byte	.LFE1-.LFB1
 654 0020 00000000 		.4byte	0x0
 655 0024 00000000 		.4byte	0x0
 656              		.section	.debug_ranges,"",%progbits
 657              	.Ldebug_ranges0:
 658 0000 00000000 		.4byte	.Ltext0
ARM GAS  C:\DOCUME~1\ADMINI~1\LOCALS~1\Temp\ccsjOqfn.s 			page 17


 659 0004 00000000 		.4byte	.Letext0
 660 0008 00000000 		.4byte	.LFB0
 661 000c EE000000 		.4byte	.LFE0
 662 0010 00000000 		.4byte	.LFB1
 663 0014 9A000000 		.4byte	.LFE1
 664 0018 00000000 		.4byte	0x0
 665 001c 00000000 		.4byte	0x0
 666              		.section	.debug_str,"MS",%progbits,1
 667              	.LASF6:
 668 0000 6C6F6E67 		.ascii	"long long int\000"
 668      206C6F6E 
 668      6720696E 
 668      7400
 669              	.LASF24:
 670 000e 5C5C7073 		.ascii	"\\\\psf\\Home\\Desktop\\USB-Audio-PSOC5LP\\Firmware"
 670      665C486F 
 670      6D655C44 
 670      65736B74 
 670      6F705C55 
 671 003b 5C4B6974 		.ascii	"\\KitProg version 2_03\\KitProg\\KitProg.cydsn\000"
 671      50726F67 
 671      20766572 
 671      73696F6E 
 671      20325F30 
 672              	.LASF8:
 673 0067 756E7369 		.ascii	"unsigned int\000"
 673      676E6564 
 673      20696E74 
 673      00
 674              	.LASF13:
 675 0074 696E6372 		.ascii	"increment_pointer\000"
 675      656D656E 
 675      745F706F 
 675      696E7465 
 675      7200
 676              	.LASF19:
 677 0086 55415254 		.ascii	"UART_Bridge_rxBufferWrite\000"
 677      5F427269 
 677      6467655F 
 677      72784275 
 677      66666572 
 678              	.LASF17:
 679 00a0 55415254 		.ascii	"UART_Bridge_rxBuffer\000"
 679      5F427269 
 679      6467655F 
 679      72784275 
 679      66666572 
 680              	.LASF25:
 681 00b5 75696E74 		.ascii	"uint8\000"
 681      3800
 682              	.LASF5:
 683 00bb 6C6F6E67 		.ascii	"long unsigned int\000"
 683      20756E73 
 683      69676E65 
 683      6420696E 
 683      7400
 684              	.LASF7:
ARM GAS  C:\DOCUME~1\ADMINI~1\LOCALS~1\Temp\ccsjOqfn.s 			page 18


 685 00cd 6C6F6E67 		.ascii	"long long unsigned int\000"
 685      206C6F6E 
 685      6720756E 
 685      7369676E 
 685      65642069 
 686              	.LASF12:
 687 00e4 72656164 		.ascii	"readData\000"
 687      44617461 
 687      00
 688              	.LASF26:
 689 00ed 55415254 		.ascii	"UART_Bridge_RXISR\000"
 689      5F427269 
 689      6467655F 
 689      52584953 
 689      5200
 690              	.LASF22:
 691 00ff 474E5520 		.ascii	"GNU C 4.4.1\000"
 691      4320342E 
 691      342E3100 
 692              	.LASF1:
 693 010b 756E7369 		.ascii	"unsigned char\000"
 693      676E6564 
 693      20636861 
 693      7200
 694              	.LASF18:
 695 0119 55415254 		.ascii	"UART_Bridge_rxBufferRead\000"
 695      5F427269 
 695      6467655F 
 695      72784275 
 695      66666572 
 696              	.LASF11:
 697 0132 63686172 		.ascii	"char\000"
 697      00
 698              	.LASF4:
 699 0137 6C6F6E67 		.ascii	"long int\000"
 699      20696E74 
 699      00
 700              	.LASF2:
 701 0140 73686F72 		.ascii	"short int\000"
 701      7420696E 
 701      7400
 702              	.LASF10:
 703 014a 646F7562 		.ascii	"double\000"
 703      6C6500
 704              	.LASF3:
 705 0151 73686F72 		.ascii	"short unsigned int\000"
 705      7420756E 
 705      7369676E 
 705      65642069 
 705      6E7400
 706              	.LASF0:
 707 0164 7369676E 		.ascii	"signed char\000"
 707      65642063 
 707      68617200 
 708              	.LASF23:
 709 0170 2E5C4765 		.ascii	".\\Generated_Source\\PSoC5\\UART_Bridge_INT.c\000"
 709      6E657261 
ARM GAS  C:\DOCUME~1\ADMINI~1\LOCALS~1\Temp\ccsjOqfn.s 			page 19


 709      7465645F 
 709      536F7572 
 709      63655C50 
 710              	.LASF14:
 711 019b 55415254 		.ascii	"UART_Bridge_txBuffer\000"
 711      5F427269 
 711      6467655F 
 711      74784275 
 711      66666572 
 712              	.LASF27:
 713 01b0 55415254 		.ascii	"UART_Bridge_TXISR\000"
 713      5F427269 
 713      6467655F 
 713      54584953 
 713      5200
 714              	.LASF9:
 715 01c2 666C6F61 		.ascii	"float\000"
 715      7400
 716              	.LASF21:
 717 01c8 55415254 		.ascii	"UART_Bridge_rxBufferOverflow\000"
 717      5F427269 
 717      6467655F 
 717      72784275 
 717      66666572 
 718              	.LASF16:
 719 01e5 55415254 		.ascii	"UART_Bridge_txBufferWrite\000"
 719      5F427269 
 719      6467655F 
 719      74784275 
 719      66666572 
 720              	.LASF15:
 721 01ff 55415254 		.ascii	"UART_Bridge_txBufferRead\000"
 721      5F427269 
 721      6467655F 
 721      74784275 
 721      66666572 
 722              	.LASF20:
 723 0218 55415254 		.ascii	"UART_Bridge_rxBufferLoopDetect\000"
 723      5F427269 
 723      6467655F 
 723      72784275 
 723      66666572 
 724              		.ident	"GCC: (Sourcery G++ Lite 2010q1-188) 4.4.1"
