ARM GAS  C:\DOCUME~1\ADMINI~1\LOCALS~1\Temp\ccV43cDp.s 			page 1


   1              		.syntax unified
   2              		.cpu cortex-m3
   3              		.fpu softvfp
   4              		.eabi_attribute 20, 1
   5              		.eabi_attribute 21, 1
   6              		.eabi_attribute 23, 3
   7              		.eabi_attribute 24, 1
   8              		.eabi_attribute 25, 1
   9              		.eabi_attribute 26, 1
  10              		.eabi_attribute 30, 6
  11              		.eabi_attribute 18, 4
  12              		.thumb
  13              		.file	"USBFS_descr.c"
  14              		.section	.debug_abbrev,"",%progbits
  15              	.Ldebug_abbrev0:
  16              		.section	.debug_info,"",%progbits
  17              	.Ldebug_info0:
  18              		.section	.debug_line,"",%progbits
  19              	.Ldebug_line0:
  20 0000 9C000000 		.text
  20      02009600 
  20      00000201 
  20      FB0E0D00 
  20      01010101 
  21              	.Ltext0:
  22              		.cfi_sections	.debug_frame
  23              		.global	USBFS_DEVICE0_DESCR
  24              		.section	.rodata
  25              		.align	2
  26              		.type	USBFS_DEVICE0_DESCR, %object
  27              		.size	USBFS_DEVICE0_DESCR, 18
  28              	USBFS_DEVICE0_DESCR:
  29 0000 12       		.byte	18
  30 0001 01       		.byte	1
  31 0002 00       		.byte	0
  32 0003 02       		.byte	2
  33 0004 EF       		.byte	-17
  34 0005 02       		.byte	2
  35 0006 01       		.byte	1
  36 0007 08       		.byte	8
  37 0008 B4       		.byte	-76
  38 0009 04       		.byte	4
  39 000a 39       		.byte	57
  40 000b F1       		.byte	-15
  41 000c 03       		.byte	3
  42 000d 02       		.byte	2
  43 000e 01       		.byte	1
  44 000f 02       		.byte	2
  45 0010 80       		.byte	-128
  46 0011 01       		.byte	1
  47              		.global	USBFS_DEVICE0_CONFIGURATION0_DESCR
  48 0012 0000     		.align	2
  49              		.type	USBFS_DEVICE0_CONFIGURATION0_DESCR, %object
  50              		.size	USBFS_DEVICE0_CONFIGURATION0_DESCR, 130
  51              	USBFS_DEVICE0_CONFIGURATION0_DESCR:
  52 0014 09       		.byte	9
  53 0015 02       		.byte	2
ARM GAS  C:\DOCUME~1\ADMINI~1\LOCALS~1\Temp\ccV43cDp.s 			page 2


  54 0016 82       		.byte	-126
  55 0017 00       		.byte	0
  56 0018 04       		.byte	4
  57 0019 01       		.byte	1
  58 001a 02       		.byte	2
  59 001b 80       		.byte	-128
  60 001c C8       		.byte	-56
  61 001d 09       		.byte	9
  62 001e 04       		.byte	4
  63 001f 00       		.byte	0
  64 0020 00       		.byte	0
  65 0021 02       		.byte	2
  66 0022 03       		.byte	3
  67 0023 00       		.byte	0
  68 0024 00       		.byte	0
  69 0025 03       		.byte	3
  70 0026 09       		.byte	9
  71 0027 21       		.byte	33
  72 0028 11       		.byte	17
  73 0029 01       		.byte	1
  74 002a 00       		.byte	0
  75 002b 01       		.byte	1
  76 002c 22       		.byte	34
  77 002d 2B       		.byte	43
  78 002e 00       		.byte	0
  79 002f 07       		.byte	7
  80 0030 05       		.byte	5
  81 0031 83       		.byte	-125
  82 0032 03       		.byte	3
  83 0033 40       		.byte	64
  84 0034 00       		.byte	0
  85 0035 01       		.byte	1
  86 0036 07       		.byte	7
  87 0037 05       		.byte	5
  88 0038 04       		.byte	4
  89 0039 03       		.byte	3
  90 003a 40       		.byte	64
  91 003b 00       		.byte	0
  92 003c 01       		.byte	1
  93 003d 09       		.byte	9
  94 003e 04       		.byte	4
  95 003f 01       		.byte	1
  96 0040 00       		.byte	0
  97 0041 02       		.byte	2
  98 0042 FF       		.byte	-1
  99 0043 00       		.byte	0
 100 0044 00       		.byte	0
 101 0045 05       		.byte	5
 102 0046 07       		.byte	7
 103 0047 05       		.byte	5
 104 0048 81       		.byte	-127
 105 0049 02       		.byte	2
 106 004a 40       		.byte	64
 107 004b 00       		.byte	0
 108 004c 00       		.byte	0
 109 004d 07       		.byte	7
 110 004e 05       		.byte	5
ARM GAS  C:\DOCUME~1\ADMINI~1\LOCALS~1\Temp\ccV43cDp.s 			page 3


 111 004f 02       		.byte	2
 112 0050 02       		.byte	2
 113 0051 40       		.byte	64
 114 0052 00       		.byte	0
 115 0053 00       		.byte	0
 116 0054 08       		.byte	8
 117 0055 0B       		.byte	11
 118 0056 02       		.byte	2
 119 0057 02       		.byte	2
 120 0058 02       		.byte	2
 121 0059 00       		.byte	0
 122 005a 00       		.byte	0
 123 005b 04       		.byte	4
 124 005c 09       		.byte	9
 125 005d 04       		.byte	4
 126 005e 02       		.byte	2
 127 005f 00       		.byte	0
 128 0060 01       		.byte	1
 129 0061 02       		.byte	2
 130 0062 02       		.byte	2
 131 0063 00       		.byte	0
 132 0064 04       		.byte	4
 133 0065 05       		.byte	5
 134 0066 24       		.byte	36
 135 0067 00       		.byte	0
 136 0068 10       		.byte	16
 137 0069 01       		.byte	1
 138 006a 04       		.byte	4
 139 006b 24       		.byte	36
 140 006c 02       		.byte	2
 141 006d 02       		.byte	2
 142 006e 05       		.byte	5
 143 006f 24       		.byte	36
 144 0070 06       		.byte	6
 145 0071 00       		.byte	0
 146 0072 01       		.byte	1
 147 0073 05       		.byte	5
 148 0074 24       		.byte	36
 149 0075 01       		.byte	1
 150 0076 00       		.byte	0
 151 0077 01       		.byte	1
 152 0078 07       		.byte	7
 153 0079 05       		.byte	5
 154 007a 85       		.byte	-123
 155 007b 03       		.byte	3
 156 007c 08       		.byte	8
 157 007d 00       		.byte	0
 158 007e 02       		.byte	2
 159 007f 09       		.byte	9
 160 0080 04       		.byte	4
 161 0081 03       		.byte	3
 162 0082 00       		.byte	0
 163 0083 02       		.byte	2
 164 0084 0A       		.byte	10
 165 0085 00       		.byte	0
 166 0086 00       		.byte	0
 167 0087 04       		.byte	4
ARM GAS  C:\DOCUME~1\ADMINI~1\LOCALS~1\Temp\ccV43cDp.s 			page 4


 168 0088 07       		.byte	7
 169 0089 05       		.byte	5
 170 008a 86       		.byte	-122
 171 008b 02       		.byte	2
 172 008c 40       		.byte	64
 173 008d 00       		.byte	0
 174 008e 00       		.byte	0
 175 008f 07       		.byte	7
 176 0090 05       		.byte	5
 177 0091 07       		.byte	7
 178 0092 02       		.byte	2
 179 0093 40       		.byte	64
 180 0094 00       		.byte	0
 181 0095 00       		.byte	0
 182              		.global	USBFS_STRING_DESCRIPTORS
 183 0096 0000     		.align	2
 184              		.type	USBFS_STRING_DESCRIPTORS, %object
 185              		.size	USBFS_STRING_DESCRIPTORS, 171
 186              	USBFS_STRING_DESCRIPTORS:
 187 0098 04       		.byte	4
 188 0099 03       		.byte	3
 189 009a 09       		.byte	9
 190 009b 04       		.byte	4
 191 009c 2C       		.byte	44
 192 009d 03       		.byte	3
 193 009e 43       		.byte	67
 194 009f 00       		.byte	0
 195 00a0 79       		.byte	121
 196 00a1 00       		.byte	0
 197 00a2 70       		.byte	112
 198 00a3 00       		.byte	0
 199 00a4 72       		.byte	114
 200 00a5 00       		.byte	0
 201 00a6 65       		.byte	101
 202 00a7 00       		.byte	0
 203 00a8 73       		.byte	115
 204 00a9 00       		.byte	0
 205 00aa 73       		.byte	115
 206 00ab 00       		.byte	0
 207 00ac 20       		.byte	32
 208 00ad 00       		.byte	0
 209 00ae 53       		.byte	83
 210 00af 00       		.byte	0
 211 00b0 65       		.byte	101
 212 00b1 00       		.byte	0
 213 00b2 6D       		.byte	109
 214 00b3 00       		.byte	0
 215 00b4 69       		.byte	105
 216 00b5 00       		.byte	0
 217 00b6 63       		.byte	99
 218 00b7 00       		.byte	0
 219 00b8 6F       		.byte	111
 220 00b9 00       		.byte	0
 221 00ba 6E       		.byte	110
 222 00bb 00       		.byte	0
 223 00bc 64       		.byte	100
 224 00bd 00       		.byte	0
ARM GAS  C:\DOCUME~1\ADMINI~1\LOCALS~1\Temp\ccV43cDp.s 			page 5


 225 00be 75       		.byte	117
 226 00bf 00       		.byte	0
 227 00c0 63       		.byte	99
 228 00c1 00       		.byte	0
 229 00c2 74       		.byte	116
 230 00c3 00       		.byte	0
 231 00c4 6F       		.byte	111
 232 00c5 00       		.byte	0
 233 00c6 72       		.byte	114
 234 00c7 00       		.byte	0
 235 00c8 20       		.byte	32
 236 00c9 03       		.byte	3
 237 00ca 43       		.byte	67
 238 00cb 00       		.byte	0
 239 00cc 79       		.byte	121
 240 00cd 00       		.byte	0
 241 00ce 70       		.byte	112
 242 00cf 00       		.byte	0
 243 00d0 72       		.byte	114
 244 00d1 00       		.byte	0
 245 00d2 65       		.byte	101
 246 00d3 00       		.byte	0
 247 00d4 73       		.byte	115
 248 00d5 00       		.byte	0
 249 00d6 73       		.byte	115
 250 00d7 00       		.byte	0
 251 00d8 20       		.byte	32
 252 00d9 00       		.byte	0
 253 00da 4B       		.byte	75
 254 00db 00       		.byte	0
 255 00dc 69       		.byte	105
 256 00dd 00       		.byte	0
 257 00de 74       		.byte	116
 258 00df 00       		.byte	0
 259 00e0 50       		.byte	80
 260 00e1 00       		.byte	0
 261 00e2 72       		.byte	114
 262 00e3 00       		.byte	0
 263 00e4 6F       		.byte	111
 264 00e5 00       		.byte	0
 265 00e6 67       		.byte	103
 266 00e7 00       		.byte	0
 267 00e8 14       		.byte	20
 268 00e9 03       		.byte	3
 269 00ea 4B       		.byte	75
 270 00eb 00       		.byte	0
 271 00ec 69       		.byte	105
 272 00ed 00       		.byte	0
 273 00ee 74       		.byte	116
 274 00ef 00       		.byte	0
 275 00f0 42       		.byte	66
 276 00f1 00       		.byte	0
 277 00f2 72       		.byte	114
 278 00f3 00       		.byte	0
 279 00f4 69       		.byte	105
 280 00f5 00       		.byte	0
 281 00f6 64       		.byte	100
ARM GAS  C:\DOCUME~1\ADMINI~1\LOCALS~1\Temp\ccV43cDp.s 			page 6


 282 00f7 00       		.byte	0
 283 00f8 67       		.byte	103
 284 00f9 00       		.byte	0
 285 00fa 65       		.byte	101
 286 00fb 00       		.byte	0
 287 00fc 20       		.byte	32
 288 00fd 03       		.byte	3
 289 00fe 4B       		.byte	75
 290 00ff 00       		.byte	0
 291 0100 69       		.byte	105
 292 0101 00       		.byte	0
 293 0102 74       		.byte	116
 294 0103 00       		.byte	0
 295 0104 50       		.byte	80
 296 0105 00       		.byte	0
 297 0106 72       		.byte	114
 298 0107 00       		.byte	0
 299 0108 6F       		.byte	111
 300 0109 00       		.byte	0
 301 010a 67       		.byte	103
 302 010b 00       		.byte	0
 303 010c 20       		.byte	32
 304 010d 00       		.byte	0
 305 010e 55       		.byte	85
 306 010f 00       		.byte	0
 307 0110 53       		.byte	83
 308 0111 00       		.byte	0
 309 0112 42       		.byte	66
 310 0113 00       		.byte	0
 311 0114 55       		.byte	85
 312 0115 00       		.byte	0
 313 0116 41       		.byte	65
 314 0117 00       		.byte	0
 315 0118 52       		.byte	82
 316 0119 00       		.byte	0
 317 011a 54       		.byte	84
 318 011b 00       		.byte	0
 319 011c 26       		.byte	38
 320 011d 03       		.byte	3
 321 011e 4B       		.byte	75
 322 011f 00       		.byte	0
 323 0120 69       		.byte	105
 324 0121 00       		.byte	0
 325 0122 74       		.byte	116
 326 0123 00       		.byte	0
 327 0124 50       		.byte	80
 328 0125 00       		.byte	0
 329 0126 72       		.byte	114
 330 0127 00       		.byte	0
 331 0128 6F       		.byte	111
 332 0129 00       		.byte	0
 333 012a 67       		.byte	103
 334 012b 00       		.byte	0
 335 012c 20       		.byte	32
 336 012d 00       		.byte	0
 337 012e 50       		.byte	80
 338 012f 00       		.byte	0
ARM GAS  C:\DOCUME~1\ADMINI~1\LOCALS~1\Temp\ccV43cDp.s 			page 7


 339 0130 72       		.byte	114
 340 0131 00       		.byte	0
 341 0132 6F       		.byte	111
 342 0133 00       		.byte	0
 343 0134 67       		.byte	103
 344 0135 00       		.byte	0
 345 0136 72       		.byte	114
 346 0137 00       		.byte	0
 347 0138 61       		.byte	97
 348 0139 00       		.byte	0
 349 013a 6D       		.byte	109
 350 013b 00       		.byte	0
 351 013c 6D       		.byte	109
 352 013d 00       		.byte	0
 353 013e 65       		.byte	101
 354 013f 00       		.byte	0
 355 0140 72       		.byte	114
 356 0141 00       		.byte	0
 357 0142 00       		.byte	0
 358              		.global	USBFS_SN_STRING_DESCRIPTOR
 359 0143 00       		.align	2
 360              		.type	USBFS_SN_STRING_DESCRIPTOR, %object
 361              		.size	USBFS_SN_STRING_DESCRIPTOR, 2
 362              	USBFS_SN_STRING_DESCRIPTOR:
 363 0144 02       		.byte	2
 364 0145 03       		.byte	3
 365              		.global	USBFS_HIDREPORT_DESCRIPTOR1
 366 0146 0000     		.align	2
 367              		.type	USBFS_HIDREPORT_DESCRIPTOR1, %object
 368              		.size	USBFS_HIDREPORT_DESCRIPTOR1, 47
 369              	USBFS_HIDREPORT_DESCRIPTOR1:
 370 0148 2B       		.byte	43
 371 0149 00       		.byte	0
 372 014a 06       		.byte	6
 373 014b A0       		.byte	-96
 374 014c FF       		.byte	-1
 375 014d 09       		.byte	9
 376 014e 01       		.byte	1
 377 014f A1       		.byte	-95
 378 0150 01       		.byte	1
 379 0151 09       		.byte	9
 380 0152 02       		.byte	2
 381 0153 A1       		.byte	-95
 382 0154 00       		.byte	0
 383 0155 19       		.byte	25
 384 0156 03       		.byte	3
 385 0157 29       		.byte	41
 386 0158 43       		.byte	67
 387 0159 15       		.byte	21
 388 015a 00       		.byte	0
 389 015b 26       		.byte	38
 390 015c FF       		.byte	-1
 391 015d 00       		.byte	0
 392 015e 75       		.byte	117
 393 015f 08       		.byte	8
 394 0160 95       		.byte	-107
 395 0161 40       		.byte	64
ARM GAS  C:\DOCUME~1\ADMINI~1\LOCALS~1\Temp\ccV43cDp.s 			page 8


 396 0162 91       		.byte	-111
 397 0163 02       		.byte	2
 398 0164 19       		.byte	25
 399 0165 44       		.byte	68
 400 0166 29       		.byte	41
 401 0167 74       		.byte	116
 402 0168 15       		.byte	21
 403 0169 00       		.byte	0
 404 016a 26       		.byte	38
 405 016b FF       		.byte	-1
 406 016c 00       		.byte	0
 407 016d 75       		.byte	117
 408 016e 08       		.byte	8
 409 016f 95       		.byte	-107
 410 0170 40       		.byte	64
 411 0171 81       		.byte	-127
 412 0172 02       		.byte	2
 413 0173 C0       		.byte	-64
 414 0174 C0       		.byte	-64
 415 0175 00       		.byte	0
 416 0176 00       		.byte	0
 417              		.comm	USBFS_DEVICE0_CONFIGURATION0_INTERFACE0_ALTERNATE0_HID_IN_RPT_SCB,4,4
 418              		.comm	USBFS_DEVICE0_CONFIGURATION0_INTERFACE0_ALTERNATE0_HID_IN_BUF,65,4
 419              		.global	USBFS_DEVICE0_CONFIGURATION0_INTERFACE0_ALTERNATE0_HID_IN_RPT_TABLE
 420 0177 00       		.align	2
 421              		.type	USBFS_DEVICE0_CONFIGURATION0_INTERFACE0_ALTERNATE0_HID_IN_RPT_TABLE, %object
 422              		.size	USBFS_DEVICE0_CONFIGURATION0_INTERFACE0_ALTERNATE0_HID_IN_RPT_TABLE, 12
 423              	USBFS_DEVICE0_CONFIGURATION0_INTERFACE0_ALTERNATE0_HID_IN_RPT_TABLE:
 424 0178 4100     		.short	65
 425 017a 0000     		.space	2
 426 017c 00000000 		.word	USBFS_DEVICE0_CONFIGURATION0_INTERFACE0_ALTERNATE0_HID_IN_BUF
 427 0180 00000000 		.word	USBFS_DEVICE0_CONFIGURATION0_INTERFACE0_ALTERNATE0_HID_IN_RPT_SCB
 428              		.comm	USBFS_DEVICE0_CONFIGURATION0_INTERFACE0_ALTERNATE0_HID_OUT_RPT_SCB,4,4
 429              		.comm	USBFS_DEVICE0_CONFIGURATION0_INTERFACE0_ALTERNATE0_HID_OUT_BUF,65,4
 430              		.global	USBFS_DEVICE0_CONFIGURATION0_INTERFACE0_ALTERNATE0_HID_OUT_RPT_TABLE
 431              		.align	2
 432              		.type	USBFS_DEVICE0_CONFIGURATION0_INTERFACE0_ALTERNATE0_HID_OUT_RPT_TABLE, %object
 433              		.size	USBFS_DEVICE0_CONFIGURATION0_INTERFACE0_ALTERNATE0_HID_OUT_RPT_TABLE, 12
 434              	USBFS_DEVICE0_CONFIGURATION0_INTERFACE0_ALTERNATE0_HID_OUT_RPT_TABLE:
 435 0184 4100     		.short	65
 436 0186 0000     		.space	2
 437 0188 00000000 		.word	USBFS_DEVICE0_CONFIGURATION0_INTERFACE0_ALTERNATE0_HID_OUT_BUF
 438 018c 00000000 		.word	USBFS_DEVICE0_CONFIGURATION0_INTERFACE0_ALTERNATE0_HID_OUT_RPT_SCB
 439              		.global	USBFS_DEVICE0_CONFIGURATION0_INTERFACE0_ALTERNATE0_HID_TABLE
 440              		.align	2
 441              		.type	USBFS_DEVICE0_CONFIGURATION0_INTERFACE0_ALTERNATE0_HID_TABLE, %object
 442              		.size	USBFS_DEVICE0_CONFIGURATION0_INTERFACE0_ALTERNATE0_HID_TABLE, 40
 443              	USBFS_DEVICE0_CONFIGURATION0_INTERFACE0_ALTERNATE0_HID_TABLE:
 444 0190 00       		.byte	0
 445 0191 000000   		.space	3
 446 0194 00000000 		.word	USBFS_DEVICE0_CONFIGURATION0_INTERFACE0_ALTERNATE0_HID_IN_RPT_TABLE
 447 0198 00       		.byte	0
 448 0199 000000   		.space	3
 449 019c 00000000 		.word	USBFS_DEVICE0_CONFIGURATION0_INTERFACE0_ALTERNATE0_HID_OUT_RPT_TABLE
 450 01a0 00       		.byte	0
 451 01a1 000000   		.space	3
 452 01a4 00000000 		.word	0
ARM GAS  C:\DOCUME~1\ADMINI~1\LOCALS~1\Temp\ccV43cDp.s 			page 9


 453 01a8 01       		.byte	1
 454 01a9 000000   		.space	3
 455 01ac 00000000 		.word	USBFS_HIDREPORT_DESCRIPTOR1
 456 01b0 01       		.byte	1
 457 01b1 000000   		.space	3
 458 01b4 12000000 		.word	USBFS_DEVICE0_CONFIGURATION0_DESCR+18
 459              		.global	USBFS_DEVICE0_CONFIGURATION0_INTERFACE0_TABLE
 460              		.align	2
 461              		.type	USBFS_DEVICE0_CONFIGURATION0_INTERFACE0_TABLE, %object
 462              		.size	USBFS_DEVICE0_CONFIGURATION0_INTERFACE0_TABLE, 8
 463              	USBFS_DEVICE0_CONFIGURATION0_INTERFACE0_TABLE:
 464 01b8 01       		.byte	1
 465 01b9 000000   		.space	3
 466 01bc 00000000 		.word	USBFS_DEVICE0_CONFIGURATION0_INTERFACE0_ALTERNATE0_HID_TABLE
 467              		.global	USBFS_DEVICE0_CONFIGURATION0_EP_SETTINGS_TABLE
 468              		.align	2
 469              		.type	USBFS_DEVICE0_CONFIGURATION0_EP_SETTINGS_TABLE, %object
 470              		.size	USBFS_DEVICE0_CONFIGURATION0_EP_SETTINGS_TABLE, 56
 471              	USBFS_DEVICE0_CONFIGURATION0_EP_SETTINGS_TABLE:
 472 01c0 00       		.byte	0
 473 01c1 00       		.byte	0
 474 01c2 83       		.byte	-125
 475 01c3 03       		.byte	3
 476 01c4 4000     		.short	64
 477 01c6 03       		.byte	3
 478 01c7 00       		.space	1
 479 01c8 00       		.byte	0
 480 01c9 00       		.byte	0
 481 01ca 04       		.byte	4
 482 01cb 03       		.byte	3
 483 01cc 4000     		.short	64
 484 01ce 03       		.byte	3
 485 01cf 00       		.space	1
 486 01d0 01       		.byte	1
 487 01d1 00       		.byte	0
 488 01d2 81       		.byte	-127
 489 01d3 02       		.byte	2
 490 01d4 4000     		.short	64
 491 01d6 FF       		.byte	-1
 492 01d7 00       		.space	1
 493 01d8 01       		.byte	1
 494 01d9 00       		.byte	0
 495 01da 02       		.byte	2
 496 01db 02       		.byte	2
 497 01dc 4000     		.short	64
 498 01de FF       		.byte	-1
 499 01df 00       		.space	1
 500 01e0 02       		.byte	2
 501 01e1 00       		.byte	0
 502 01e2 85       		.byte	-123
 503 01e3 03       		.byte	3
 504 01e4 0800     		.short	8
 505 01e6 02       		.byte	2
 506 01e7 00       		.space	1
 507 01e8 03       		.byte	3
 508 01e9 00       		.byte	0
 509 01ea 86       		.byte	-122
ARM GAS  C:\DOCUME~1\ADMINI~1\LOCALS~1\Temp\ccV43cDp.s 			page 10


 510 01eb 02       		.byte	2
 511 01ec 4000     		.short	64
 512 01ee 0A       		.byte	10
 513 01ef 00       		.space	1
 514 01f0 03       		.byte	3
 515 01f1 00       		.byte	0
 516 01f2 07       		.byte	7
 517 01f3 02       		.byte	2
 518 01f4 4000     		.short	64
 519 01f6 0A       		.byte	10
 520 01f7 00       		.space	1
 521              		.global	USBFS_DEVICE0_CONFIGURATION0_INTERFACE_CLASS
 522              		.align	2
 523              		.type	USBFS_DEVICE0_CONFIGURATION0_INTERFACE_CLASS, %object
 524              		.size	USBFS_DEVICE0_CONFIGURATION0_INTERFACE_CLASS, 4
 525              	USBFS_DEVICE0_CONFIGURATION0_INTERFACE_CLASS:
 526 01f8 03       		.byte	3
 527 01f9 FF       		.byte	-1
 528 01fa 02       		.byte	2
 529 01fb 0A       		.byte	10
 530              		.global	USBFS_DEVICE0_CONFIGURATION0_TABLE
 531              		.align	2
 532              		.type	USBFS_DEVICE0_CONFIGURATION0_TABLE, %object
 533              		.size	USBFS_DEVICE0_CONFIGURATION0_TABLE, 56
 534              	USBFS_DEVICE0_CONFIGURATION0_TABLE:
 535 01fc 01       		.byte	1
 536 01fd 000000   		.space	3
 537 0200 00000000 		.word	USBFS_DEVICE0_CONFIGURATION0_DESCR
 538 0204 07       		.byte	7
 539 0205 000000   		.space	3
 540 0208 00000000 		.word	USBFS_DEVICE0_CONFIGURATION0_EP_SETTINGS_TABLE
 541 020c 01       		.byte	1
 542 020d 000000   		.space	3
 543 0210 00000000 		.word	USBFS_DEVICE0_CONFIGURATION0_INTERFACE0_TABLE
 544 0214 00       		.byte	0
 545 0215 000000   		.space	3
 546 0218 00000000 		.word	0
 547 021c 00       		.byte	0
 548 021d 000000   		.space	3
 549 0220 00000000 		.word	0
 550 0224 00       		.byte	0
 551 0225 000000   		.space	3
 552 0228 00000000 		.word	0
 553 022c 00       		.byte	0
 554 022d 000000   		.space	3
 555 0230 00000000 		.word	USBFS_DEVICE0_CONFIGURATION0_INTERFACE_CLASS
 556              		.global	USBFS_DEVICE0_TABLE
 557              		.align	2
 558              		.type	USBFS_DEVICE0_TABLE, %object
 559              		.size	USBFS_DEVICE0_TABLE, 16
 560              	USBFS_DEVICE0_TABLE:
 561 0234 01       		.byte	1
 562 0235 000000   		.space	3
 563 0238 00000000 		.word	USBFS_DEVICE0_DESCR
 564 023c 01       		.byte	1
 565 023d 000000   		.space	3
 566 0240 00000000 		.word	USBFS_DEVICE0_CONFIGURATION0_TABLE
ARM GAS  C:\DOCUME~1\ADMINI~1\LOCALS~1\Temp\ccV43cDp.s 			page 11


 567              		.global	USBFS_TABLE
 568              		.align	2
 569              		.type	USBFS_TABLE, %object
 570              		.size	USBFS_TABLE, 8
 571              	USBFS_TABLE:
 572 0244 01       		.byte	1
 573 0245 000000   		.space	3
 574 0248 00000000 		.word	USBFS_DEVICE0_TABLE
 575              		.text
 576              	.Letext0:
 577              		.file 1 ".\\Generated_Source\\PSoC5\\/cytypes.h"
 578              		.file 2 ".\\Generated_Source\\PSoC5\\/USBFS.h"
 579              		.file 3 "./Generated_Source/PSoC5/core_cm3.h"
 580              		.file 4 ".\\Generated_Source\\PSoC5\\USBFS_descr.c"
 581              		.section	.debug_info
 582 0000 39040000 		.4byte	0x439
 583 0004 0200     		.2byte	0x2
 584 0006 00000000 		.4byte	.Ldebug_abbrev0
 585 000a 04       		.byte	0x4
 586 000b 01       		.uleb128 0x1
 587 000c BF030000 		.4byte	.LASF53
 588 0010 01       		.byte	0x1
 589 0011 DC030000 		.4byte	.LASF54
 590 0015 D9040000 		.4byte	.LASF55
 591 0019 00000000 		.4byte	.Ltext0
 592 001d 00000000 		.4byte	.Letext0
 593 0021 00000000 		.4byte	.Ldebug_line0
 594 0025 02       		.uleb128 0x2
 595 0026 01       		.byte	0x1
 596 0027 06       		.byte	0x6
 597 0028 6F010000 		.4byte	.LASF0
 598 002c 02       		.uleb128 0x2
 599 002d 01       		.byte	0x1
 600 002e 08       		.byte	0x8
 601 002f 24020000 		.4byte	.LASF1
 602 0033 02       		.uleb128 0x2
 603 0034 02       		.byte	0x2
 604 0035 05       		.byte	0x5
 605 0036 0E040000 		.4byte	.LASF2
 606 003a 02       		.uleb128 0x2
 607 003b 02       		.byte	0x2
 608 003c 07       		.byte	0x7
 609 003d E4000000 		.4byte	.LASF3
 610 0041 02       		.uleb128 0x2
 611 0042 04       		.byte	0x4
 612 0043 05       		.byte	0x5
 613 0044 86040000 		.4byte	.LASF4
 614 0048 02       		.uleb128 0x2
 615 0049 04       		.byte	0x4
 616 004a 07       		.byte	0x7
 617 004b 6F020000 		.4byte	.LASF5
 618 004f 02       		.uleb128 0x2
 619 0050 08       		.byte	0x8
 620 0051 05       		.byte	0x5
 621 0052 00000000 		.4byte	.LASF6
 622 0056 02       		.uleb128 0x2
 623 0057 08       		.byte	0x8
ARM GAS  C:\DOCUME~1\ADMINI~1\LOCALS~1\Temp\ccV43cDp.s 			page 12


 624 0058 07       		.byte	0x7
 625 0059 73030000 		.4byte	.LASF7
 626 005d 03       		.uleb128 0x3
 627 005e 04       		.byte	0x4
 628 005f 05       		.byte	0x5
 629 0060 696E7400 		.ascii	"int\000"
 630 0064 02       		.uleb128 0x2
 631 0065 04       		.byte	0x4
 632 0066 07       		.byte	0x7
 633 0067 66030000 		.4byte	.LASF8
 634 006b 04       		.uleb128 0x4
 635 006c 76040000 		.4byte	.LASF9
 636 0070 01       		.byte	0x1
 637 0071 4C       		.byte	0x4c
 638 0072 2C000000 		.4byte	0x2c
 639 0076 04       		.uleb128 0x4
 640 0077 BF020000 		.4byte	.LASF10
 641 007b 01       		.byte	0x1
 642 007c 4D       		.byte	0x4d
 643 007d 3A000000 		.4byte	0x3a
 644 0081 02       		.uleb128 0x2
 645 0082 04       		.byte	0x4
 646 0083 04       		.byte	0x4
 647 0084 69010000 		.4byte	.LASF11
 648 0088 02       		.uleb128 0x2
 649 0089 08       		.byte	0x8
 650 008a 04       		.byte	0x4
 651 008b D2040000 		.4byte	.LASF12
 652 008f 02       		.uleb128 0x2
 653 0090 01       		.byte	0x1
 654 0091 08       		.byte	0x8
 655 0092 D7030000 		.4byte	.LASF13
 656 0096 05       		.uleb128 0x5
 657 0097 6B000000 		.4byte	0x6b
 658 009b 06       		.uleb128 0x6
 659 009c 04       		.byte	0x4
 660 009d 07       		.byte	0x7
 661 009e 07       		.uleb128 0x7
 662 009f 04       		.byte	0x4
 663 00a0 08       		.uleb128 0x8
 664 00a1 F5020000 		.4byte	.LASF21
 665 00a5 08       		.byte	0x8
 666 00a6 02       		.byte	0x2
 667 00a7 88       		.byte	0x88
 668 00a8 01010000 		.4byte	0x101
 669 00ac 09       		.uleb128 0x9
 670 00ad 7C040000 		.4byte	.LASF14
 671 00b1 02       		.byte	0x2
 672 00b2 89       		.byte	0x89
 673 00b3 6B000000 		.4byte	0x6b
 674 00b7 02       		.byte	0x2
 675 00b8 23       		.byte	0x23
 676 00b9 00       		.uleb128 0x0
 677 00ba 09       		.uleb128 0x9
 678 00bb 7B010000 		.4byte	.LASF15
 679 00bf 02       		.byte	0x2
 680 00c0 8A       		.byte	0x8a
ARM GAS  C:\DOCUME~1\ADMINI~1\LOCALS~1\Temp\ccV43cDp.s 			page 13


 681 00c1 6B000000 		.4byte	0x6b
 682 00c5 02       		.byte	0x2
 683 00c6 23       		.byte	0x23
 684 00c7 01       		.uleb128 0x1
 685 00c8 09       		.uleb128 0x9
 686 00c9 FE010000 		.4byte	.LASF16
 687 00cd 02       		.byte	0x2
 688 00ce 8B       		.byte	0x8b
 689 00cf 6B000000 		.4byte	0x6b
 690 00d3 02       		.byte	0x2
 691 00d4 23       		.byte	0x23
 692 00d5 02       		.uleb128 0x2
 693 00d6 09       		.uleb128 0x9
 694 00d7 B6010000 		.4byte	.LASF17
 695 00db 02       		.byte	0x2
 696 00dc 8C       		.byte	0x8c
 697 00dd 6B000000 		.4byte	0x6b
 698 00e1 02       		.byte	0x2
 699 00e2 23       		.byte	0x23
 700 00e3 03       		.uleb128 0x3
 701 00e4 09       		.uleb128 0x9
 702 00e5 03040000 		.4byte	.LASF18
 703 00e9 02       		.byte	0x2
 704 00ea 8D       		.byte	0x8d
 705 00eb 76000000 		.4byte	0x76
 706 00ef 02       		.byte	0x2
 707 00f0 23       		.byte	0x23
 708 00f1 04       		.uleb128 0x4
 709 00f2 09       		.uleb128 0x9
 710 00f3 29050000 		.4byte	.LASF19
 711 00f7 02       		.byte	0x2
 712 00f8 8E       		.byte	0x8e
 713 00f9 6B000000 		.4byte	0x6b
 714 00fd 02       		.byte	0x2
 715 00fe 23       		.byte	0x23
 716 00ff 06       		.uleb128 0x6
 717 0100 00       		.byte	0x0
 718 0101 04       		.uleb128 0x4
 719 0102 91030000 		.4byte	.LASF20
 720 0106 02       		.byte	0x2
 721 0107 8F       		.byte	0x8f
 722 0108 A0000000 		.4byte	0xa0
 723 010c 08       		.uleb128 0x8
 724 010d 9F010000 		.4byte	.LASF22
 725 0111 04       		.byte	0x4
 726 0112 02       		.byte	0x2
 727 0113 92       		.byte	0x92
 728 0114 35010000 		.4byte	0x135
 729 0118 09       		.uleb128 0x9
 730 0119 51010000 		.4byte	.LASF23
 731 011d 02       		.byte	0x2
 732 011e 93       		.byte	0x93
 733 011f 6B000000 		.4byte	0x6b
 734 0123 02       		.byte	0x2
 735 0124 23       		.byte	0x23
 736 0125 00       		.uleb128 0x0
 737 0126 09       		.uleb128 0x9
ARM GAS  C:\DOCUME~1\ADMINI~1\LOCALS~1\Temp\ccV43cDp.s 			page 14


 738 0127 17050000 		.4byte	.LASF24
 739 012b 02       		.byte	0x2
 740 012c 94       		.byte	0x94
 741 012d 76000000 		.4byte	0x76
 742 0131 02       		.byte	0x2
 743 0132 23       		.byte	0x23
 744 0133 02       		.uleb128 0x2
 745 0134 00       		.byte	0x0
 746 0135 04       		.uleb128 0x4
 747 0136 C1010000 		.4byte	.LASF25
 748 013a 02       		.byte	0x2
 749 013b 95       		.byte	0x95
 750 013c 0C010000 		.4byte	0x10c
 751 0140 08       		.uleb128 0x8
 752 0141 2F030000 		.4byte	.LASF26
 753 0145 0C       		.byte	0xc
 754 0146 02       		.byte	0x2
 755 0147 98       		.byte	0x98
 756 0148 77010000 		.4byte	0x177
 757 014c 09       		.uleb128 0x9
 758 014d B0000000 		.4byte	.LASF27
 759 0151 02       		.byte	0x2
 760 0152 99       		.byte	0x99
 761 0153 76000000 		.4byte	0x76
 762 0157 02       		.byte	0x2
 763 0158 23       		.byte	0x23
 764 0159 00       		.uleb128 0x0
 765 015a 09       		.uleb128 0x9
 766 015b 58010000 		.4byte	.LASF28
 767 015f 02       		.byte	0x2
 768 0160 9A       		.byte	0x9a
 769 0161 77010000 		.4byte	0x177
 770 0165 02       		.byte	0x2
 771 0166 23       		.byte	0x23
 772 0167 04       		.uleb128 0x4
 773 0168 09       		.uleb128 0x9
 774 0169 0E000000 		.4byte	.LASF29
 775 016d 02       		.byte	0x2
 776 016e 9B       		.byte	0x9b
 777 016f 7D010000 		.4byte	0x17d
 778 0173 02       		.byte	0x2
 779 0174 23       		.byte	0x23
 780 0175 08       		.uleb128 0x8
 781 0176 00       		.byte	0x0
 782 0177 0A       		.uleb128 0xa
 783 0178 04       		.byte	0x4
 784 0179 96000000 		.4byte	0x96
 785 017d 0A       		.uleb128 0xa
 786 017e 04       		.byte	0x4
 787 017f 35010000 		.4byte	0x135
 788 0183 04       		.uleb128 0x4
 789 0184 5E010000 		.4byte	.LASF30
 790 0188 02       		.byte	0x2
 791 0189 9C       		.byte	0x9c
 792 018a 40010000 		.4byte	0x140
 793 018e 08       		.uleb128 0x8
 794 018f 1E050000 		.4byte	.LASF31
ARM GAS  C:\DOCUME~1\ADMINI~1\LOCALS~1\Temp\ccV43cDp.s 			page 15


 795 0193 08       		.byte	0x8
 796 0194 02       		.byte	0x2
 797 0195 9F       		.byte	0x9f
 798 0196 B5010000 		.4byte	0x1b5
 799 019a 0B       		.uleb128 0xb
 800 019b 6300     		.ascii	"c\000"
 801 019d 02       		.byte	0x2
 802 019e A0       		.byte	0xa0
 803 019f 6B000000 		.4byte	0x6b
 804 01a3 02       		.byte	0x2
 805 01a4 23       		.byte	0x23
 806 01a5 00       		.uleb128 0x0
 807 01a6 09       		.uleb128 0x9
 808 01a7 8A030000 		.4byte	.LASF32
 809 01ab 02       		.byte	0x2
 810 01ac A1       		.byte	0xa1
 811 01ad 9E000000 		.4byte	0x9e
 812 01b1 02       		.byte	0x2
 813 01b2 23       		.byte	0x23
 814 01b3 04       		.uleb128 0x4
 815 01b4 00       		.byte	0x0
 816 01b5 04       		.uleb128 0x4
 817 01b6 CB030000 		.4byte	.LASF33
 818 01ba 02       		.byte	0x2
 819 01bb A2       		.byte	0xa2
 820 01bc 8E010000 		.4byte	0x18e
 821 01c0 0C       		.uleb128 0xc
 822 01c1 6B000000 		.4byte	0x6b
 823 01c5 D0010000 		.4byte	0x1d0
 824 01c9 0D       		.uleb128 0xd
 825 01ca 9B000000 		.4byte	0x9b
 826 01ce 03       		.byte	0x3
 827 01cf 00       		.byte	0x0
 828 01d0 0E       		.uleb128 0xe
 829 01d1 17020000 		.4byte	.LASF34
 830 01d5 03       		.byte	0x3
 831 01d6 CE06     		.2byte	0x6ce
 832 01d8 DE010000 		.4byte	0x1de
 833 01dc 01       		.byte	0x1
 834 01dd 01       		.byte	0x1
 835 01de 05       		.uleb128 0x5
 836 01df 5D000000 		.4byte	0x5d
 837 01e3 0C       		.uleb128 0xc
 838 01e4 6B000000 		.4byte	0x6b
 839 01e8 F3010000 		.4byte	0x1f3
 840 01ec 0D       		.uleb128 0xd
 841 01ed 9B000000 		.4byte	0x9b
 842 01f1 11       		.byte	0x11
 843 01f2 00       		.byte	0x0
 844 01f3 0F       		.uleb128 0xf
 845 01f4 AB030000 		.4byte	.LASF35
 846 01f8 04       		.byte	0x4
 847 01f9 1F       		.byte	0x1f
 848 01fa 05020000 		.4byte	0x205
 849 01fe 01       		.byte	0x1
 850 01ff 05       		.byte	0x5
 851 0200 03       		.byte	0x3
ARM GAS  C:\DOCUME~1\ADMINI~1\LOCALS~1\Temp\ccV43cDp.s 			page 16


 852 0201 00000000 		.4byte	USBFS_DEVICE0_DESCR
 853 0205 10       		.uleb128 0x10
 854 0206 E3010000 		.4byte	0x1e3
 855 020a 0C       		.uleb128 0xc
 856 020b 6B000000 		.4byte	0x6b
 857 020f 1A020000 		.4byte	0x21a
 858 0213 0D       		.uleb128 0xd
 859 0214 9B000000 		.4byte	0x9b
 860 0218 81       		.byte	0x81
 861 0219 00       		.byte	0x0
 862 021a 0F       		.uleb128 0xf
 863 021b 0C030000 		.4byte	.LASF36
 864 021f 04       		.byte	0x4
 865 0220 32       		.byte	0x32
 866 0221 2C020000 		.4byte	0x22c
 867 0225 01       		.byte	0x1
 868 0226 05       		.byte	0x5
 869 0227 03       		.byte	0x3
 870 0228 00000000 		.4byte	USBFS_DEVICE0_CONFIGURATION0_DESCR
 871 022c 10       		.uleb128 0x10
 872 022d 0A020000 		.4byte	0x20a
 873 0231 0C       		.uleb128 0xc
 874 0232 6B000000 		.4byte	0x6b
 875 0236 41020000 		.4byte	0x241
 876 023a 0D       		.uleb128 0xd
 877 023b 9B000000 		.4byte	0x9b
 878 023f AA       		.byte	0xaa
 879 0240 00       		.byte	0x0
 880 0241 0F       		.uleb128 0xf
 881 0242 86010000 		.4byte	.LASF37
 882 0246 04       		.byte	0x4
 883 0247 E3       		.byte	0xe3
 884 0248 53020000 		.4byte	0x253
 885 024c 01       		.byte	0x1
 886 024d 05       		.byte	0x5
 887 024e 03       		.byte	0x3
 888 024f 00000000 		.4byte	USBFS_STRING_DESCRIPTORS
 889 0253 10       		.uleb128 0x10
 890 0254 31020000 		.4byte	0x231
 891 0258 0C       		.uleb128 0xc
 892 0259 6B000000 		.4byte	0x6b
 893 025d 68020000 		.4byte	0x268
 894 0261 0D       		.uleb128 0xd
 895 0262 9B000000 		.4byte	0x9b
 896 0266 01       		.byte	0x1
 897 0267 00       		.byte	0x0
 898 0268 11       		.uleb128 0x11
 899 0269 36010000 		.4byte	.LASF38
 900 026d 04       		.byte	0x4
 901 026e 1401     		.2byte	0x114
 902 0270 7B020000 		.4byte	0x27b
 903 0274 01       		.byte	0x1
 904 0275 05       		.byte	0x5
 905 0276 03       		.byte	0x3
 906 0277 00000000 		.4byte	USBFS_SN_STRING_DESCRIPTOR
 907 027b 10       		.uleb128 0x10
 908 027c 58020000 		.4byte	0x258
ARM GAS  C:\DOCUME~1\ADMINI~1\LOCALS~1\Temp\ccV43cDp.s 			page 17


 909 0280 0C       		.uleb128 0xc
 910 0281 6B000000 		.4byte	0x6b
 911 0285 90020000 		.4byte	0x290
 912 0289 0D       		.uleb128 0xd
 913 028a 9B000000 		.4byte	0x9b
 914 028e 2E       		.byte	0x2e
 915 028f 00       		.byte	0x0
 916 0290 11       		.uleb128 0x11
 917 0291 18040000 		.4byte	.LASF39
 918 0295 04       		.byte	0x4
 919 0296 1D01     		.2byte	0x11d
 920 0298 A3020000 		.4byte	0x2a3
 921 029c 01       		.byte	0x1
 922 029d 05       		.byte	0x5
 923 029e 03       		.byte	0x3
 924 029f 00000000 		.4byte	USBFS_HIDREPORT_DESCRIPTOR1
 925 02a3 10       		.uleb128 0x10
 926 02a4 80020000 		.4byte	0x280
 927 02a8 11       		.uleb128 0x11
 928 02a9 34040000 		.4byte	.LASF40
 929 02ad 04       		.byte	0x4
 930 02ae 3D01     		.2byte	0x13d
 931 02b0 35010000 		.4byte	0x135
 932 02b4 01       		.byte	0x1
 933 02b5 05       		.byte	0x5
 934 02b6 03       		.byte	0x3
 935 02b7 00000000 		.4byte	USBFS_DEVICE0_CONFIGURATION0_INTERFACE0_ALTERNATE0_HID_IN_RPT_SCB
 936 02bb 0C       		.uleb128 0xc
 937 02bc 6B000000 		.4byte	0x6b
 938 02c0 CB020000 		.4byte	0x2cb
 939 02c4 0D       		.uleb128 0xd
 940 02c5 9B000000 		.4byte	0x9b
 941 02c9 40       		.byte	0x40
 942 02ca 00       		.byte	0x0
 943 02cb 11       		.uleb128 0x11
 944 02cc 81020000 		.4byte	.LASF41
 945 02d0 04       		.byte	0x4
 946 02d1 3E01     		.2byte	0x13e
 947 02d3 BB020000 		.4byte	0x2bb
 948 02d7 01       		.byte	0x1
 949 02d8 05       		.byte	0x5
 950 02d9 03       		.byte	0x3
 951 02da 00000000 		.4byte	USBFS_DEVICE0_CONFIGURATION0_INTERFACE0_ALTERNATE0_HID_IN_BUF
 952 02de 0C       		.uleb128 0xc
 953 02df 83010000 		.4byte	0x183
 954 02e3 EE020000 		.4byte	0x2ee
 955 02e7 0D       		.uleb128 0xd
 956 02e8 9B000000 		.4byte	0x9b
 957 02ec 00       		.byte	0x0
 958 02ed 00       		.byte	0x0
 959 02ee 11       		.uleb128 0x11
 960 02ef 6C000000 		.4byte	.LASF42
 961 02f3 04       		.byte	0x4
 962 02f4 4401     		.2byte	0x144
 963 02f6 01030000 		.4byte	0x301
 964 02fa 01       		.byte	0x1
 965 02fb 05       		.byte	0x5
ARM GAS  C:\DOCUME~1\ADMINI~1\LOCALS~1\Temp\ccV43cDp.s 			page 18


 966 02fc 03       		.byte	0x3
 967 02fd 00000000 		.4byte	USBFS_DEVICE0_CONFIGURATION0_INTERFACE0_ALTERNATE0_HID_IN_RPT_TABLE
 968 0301 10       		.uleb128 0x10
 969 0302 DE020000 		.4byte	0x2de
 970 0306 11       		.uleb128 0x11
 971 0307 8F040000 		.4byte	.LASF43
 972 030b 04       		.byte	0x4
 973 030c 4C01     		.2byte	0x14c
 974 030e 35010000 		.4byte	0x135
 975 0312 01       		.byte	0x1
 976 0313 05       		.byte	0x5
 977 0314 03       		.byte	0x3
 978 0315 00000000 		.4byte	USBFS_DEVICE0_CONFIGURATION0_INTERFACE0_ALTERNATE0_HID_OUT_RPT_SCB
 979 0319 11       		.uleb128 0x11
 980 031a F7000000 		.4byte	.LASF44
 981 031e 04       		.byte	0x4
 982 031f 4D01     		.2byte	0x14d
 983 0321 BB020000 		.4byte	0x2bb
 984 0325 01       		.byte	0x1
 985 0326 05       		.byte	0x5
 986 0327 03       		.byte	0x3
 987 0328 00000000 		.4byte	USBFS_DEVICE0_CONFIGURATION0_INTERFACE0_ALTERNATE0_HID_OUT_BUF
 988 032c 11       		.uleb128 0x11
 989 032d 27000000 		.4byte	.LASF45
 990 0331 04       		.byte	0x4
 991 0332 5301     		.2byte	0x153
 992 0334 3F030000 		.4byte	0x33f
 993 0338 01       		.byte	0x1
 994 0339 05       		.byte	0x5
 995 033a 03       		.byte	0x3
 996 033b 00000000 		.4byte	USBFS_DEVICE0_CONFIGURATION0_INTERFACE0_ALTERNATE0_HID_OUT_RPT_TABLE
 997 033f 10       		.uleb128 0x10
 998 0340 DE020000 		.4byte	0x2de
 999 0344 0C       		.uleb128 0xc
 1000 0345 B5010000 		.4byte	0x1b5
 1001 0349 54030000 		.4byte	0x354
 1002 034d 0D       		.uleb128 0xd
 1003 034e 9B000000 		.4byte	0x9b
 1004 0352 04       		.byte	0x4
 1005 0353 00       		.byte	0x0
 1006 0354 11       		.uleb128 0x11
 1007 0355 32020000 		.4byte	.LASF46
 1008 0359 04       		.byte	0x4
 1009 035a 6001     		.2byte	0x160
 1010 035c 67030000 		.4byte	0x367
 1011 0360 01       		.byte	0x1
 1012 0361 05       		.byte	0x5
 1013 0362 03       		.byte	0x3
 1014 0363 00000000 		.4byte	USBFS_DEVICE0_CONFIGURATION0_INTERFACE0_ALTERNATE0_HID_TABLE
 1015 0367 10       		.uleb128 0x10
 1016 0368 44030000 		.4byte	0x344
 1017 036c 0C       		.uleb128 0xc
 1018 036d B5010000 		.4byte	0x1b5
 1019 0371 7C030000 		.4byte	0x37c
 1020 0375 0D       		.uleb128 0xd
 1021 0376 9B000000 		.4byte	0x9b
 1022 037a 00       		.byte	0x0
ARM GAS  C:\DOCUME~1\ADMINI~1\LOCALS~1\Temp\ccV43cDp.s 			page 19


 1023 037b 00       		.byte	0x0
 1024 037c 11       		.uleb128 0x11
 1025 037d B6000000 		.4byte	.LASF47
 1026 0381 04       		.byte	0x4
 1027 0382 6C01     		.2byte	0x16c
 1028 0384 8F030000 		.4byte	0x38f
 1029 0388 01       		.byte	0x1
 1030 0389 05       		.byte	0x5
 1031 038a 03       		.byte	0x3
 1032 038b 00000000 		.4byte	USBFS_DEVICE0_CONFIGURATION0_INTERFACE0_TABLE
 1033 038f 10       		.uleb128 0x10
 1034 0390 6C030000 		.4byte	0x36c
 1035 0394 0C       		.uleb128 0xc
 1036 0395 01010000 		.4byte	0x101
 1037 0399 A4030000 		.4byte	0x3a4
 1038 039d 0D       		.uleb128 0xd
 1039 039e 9B000000 		.4byte	0x9b
 1040 03a2 06       		.byte	0x6
 1041 03a3 00       		.byte	0x0
 1042 03a4 11       		.uleb128 0x11
 1043 03a5 C6020000 		.4byte	.LASF48
 1044 03a9 04       		.byte	0x4
 1045 03aa 7701     		.2byte	0x177
 1046 03ac B7030000 		.4byte	0x3b7
 1047 03b0 01       		.byte	0x1
 1048 03b1 05       		.byte	0x5
 1049 03b2 03       		.byte	0x3
 1050 03b3 00000000 		.4byte	USBFS_DEVICE0_CONFIGURATION0_EP_SETTINGS_TABLE
 1051 03b7 10       		.uleb128 0x10
 1052 03b8 94030000 		.4byte	0x394
 1053 03bc 11       		.uleb128 0x11
 1054 03bd 39030000 		.4byte	.LASF49
 1055 03c1 04       		.byte	0x4
 1056 03c2 8101     		.2byte	0x181
 1057 03c4 CF030000 		.4byte	0x3cf
 1058 03c8 01       		.byte	0x1
 1059 03c9 05       		.byte	0x5
 1060 03ca 03       		.byte	0x3
 1061 03cb 00000000 		.4byte	USBFS_DEVICE0_CONFIGURATION0_INTERFACE_CLASS
 1062 03cf 10       		.uleb128 0x10
 1063 03d0 C0010000 		.4byte	0x1c0
 1064 03d4 0C       		.uleb128 0xc
 1065 03d5 B5010000 		.4byte	0x1b5
 1066 03d9 E4030000 		.4byte	0x3e4
 1067 03dd 0D       		.uleb128 0xd
 1068 03de 9B000000 		.4byte	0x9b
 1069 03e2 06       		.byte	0x6
 1070 03e3 00       		.byte	0x0
 1071 03e4 11       		.uleb128 0x11
 1072 03e5 DB010000 		.4byte	.LASF50
 1073 03e9 04       		.byte	0x4
 1074 03ea 8901     		.2byte	0x189
 1075 03ec F7030000 		.4byte	0x3f7
 1076 03f0 01       		.byte	0x1
 1077 03f1 05       		.byte	0x5
 1078 03f2 03       		.byte	0x3
 1079 03f3 00000000 		.4byte	USBFS_DEVICE0_CONFIGURATION0_TABLE
ARM GAS  C:\DOCUME~1\ADMINI~1\LOCALS~1\Temp\ccV43cDp.s 			page 20


 1080 03f7 10       		.uleb128 0x10
 1081 03f8 D4030000 		.4byte	0x3d4
 1082 03fc 0C       		.uleb128 0xc
 1083 03fd B5010000 		.4byte	0x1b5
 1084 0401 0C040000 		.4byte	0x40c
 1085 0405 0D       		.uleb128 0xd
 1086 0406 9B000000 		.4byte	0x9b
 1087 040a 01       		.byte	0x1
 1088 040b 00       		.byte	0x0
 1089 040c 11       		.uleb128 0x11
 1090 040d 03020000 		.4byte	.LASF51
 1091 0411 04       		.byte	0x4
 1092 0412 9601     		.2byte	0x196
 1093 0414 1F040000 		.4byte	0x41f
 1094 0418 01       		.byte	0x1
 1095 0419 05       		.byte	0x5
 1096 041a 03       		.byte	0x3
 1097 041b 00000000 		.4byte	USBFS_DEVICE0_TABLE
 1098 041f 10       		.uleb128 0x10
 1099 0420 FC030000 		.4byte	0x3fc
 1100 0424 11       		.uleb128 0x11
 1101 0425 1B000000 		.4byte	.LASF52
 1102 0429 04       		.byte	0x4
 1103 042a 9D01     		.2byte	0x19d
 1104 042c 37040000 		.4byte	0x437
 1105 0430 01       		.byte	0x1
 1106 0431 05       		.byte	0x5
 1107 0432 03       		.byte	0x3
 1108 0433 00000000 		.4byte	USBFS_TABLE
 1109 0437 10       		.uleb128 0x10
 1110 0438 6C030000 		.4byte	0x36c
 1111 043c 00       		.byte	0x0
 1112              		.section	.debug_abbrev
 1113 0000 01       		.uleb128 0x1
 1114 0001 11       		.uleb128 0x11
 1115 0002 01       		.byte	0x1
 1116 0003 25       		.uleb128 0x25
 1117 0004 0E       		.uleb128 0xe
 1118 0005 13       		.uleb128 0x13
 1119 0006 0B       		.uleb128 0xb
 1120 0007 03       		.uleb128 0x3
 1121 0008 0E       		.uleb128 0xe
 1122 0009 1B       		.uleb128 0x1b
 1123 000a 0E       		.uleb128 0xe
 1124 000b 11       		.uleb128 0x11
 1125 000c 01       		.uleb128 0x1
 1126 000d 12       		.uleb128 0x12
 1127 000e 01       		.uleb128 0x1
 1128 000f 10       		.uleb128 0x10
 1129 0010 06       		.uleb128 0x6
 1130 0011 00       		.byte	0x0
 1131 0012 00       		.byte	0x0
 1132 0013 02       		.uleb128 0x2
 1133 0014 24       		.uleb128 0x24
 1134 0015 00       		.byte	0x0
 1135 0016 0B       		.uleb128 0xb
 1136 0017 0B       		.uleb128 0xb
ARM GAS  C:\DOCUME~1\ADMINI~1\LOCALS~1\Temp\ccV43cDp.s 			page 21


 1137 0018 3E       		.uleb128 0x3e
 1138 0019 0B       		.uleb128 0xb
 1139 001a 03       		.uleb128 0x3
 1140 001b 0E       		.uleb128 0xe
 1141 001c 00       		.byte	0x0
 1142 001d 00       		.byte	0x0
 1143 001e 03       		.uleb128 0x3
 1144 001f 24       		.uleb128 0x24
 1145 0020 00       		.byte	0x0
 1146 0021 0B       		.uleb128 0xb
 1147 0022 0B       		.uleb128 0xb
 1148 0023 3E       		.uleb128 0x3e
 1149 0024 0B       		.uleb128 0xb
 1150 0025 03       		.uleb128 0x3
 1151 0026 08       		.uleb128 0x8
 1152 0027 00       		.byte	0x0
 1153 0028 00       		.byte	0x0
 1154 0029 04       		.uleb128 0x4
 1155 002a 16       		.uleb128 0x16
 1156 002b 00       		.byte	0x0
 1157 002c 03       		.uleb128 0x3
 1158 002d 0E       		.uleb128 0xe
 1159 002e 3A       		.uleb128 0x3a
 1160 002f 0B       		.uleb128 0xb
 1161 0030 3B       		.uleb128 0x3b
 1162 0031 0B       		.uleb128 0xb
 1163 0032 49       		.uleb128 0x49
 1164 0033 13       		.uleb128 0x13
 1165 0034 00       		.byte	0x0
 1166 0035 00       		.byte	0x0
 1167 0036 05       		.uleb128 0x5
 1168 0037 35       		.uleb128 0x35
 1169 0038 00       		.byte	0x0
 1170 0039 49       		.uleb128 0x49
 1171 003a 13       		.uleb128 0x13
 1172 003b 00       		.byte	0x0
 1173 003c 00       		.byte	0x0
 1174 003d 06       		.uleb128 0x6
 1175 003e 24       		.uleb128 0x24
 1176 003f 00       		.byte	0x0
 1177 0040 0B       		.uleb128 0xb
 1178 0041 0B       		.uleb128 0xb
 1179 0042 3E       		.uleb128 0x3e
 1180 0043 0B       		.uleb128 0xb
 1181 0044 00       		.byte	0x0
 1182 0045 00       		.byte	0x0
 1183 0046 07       		.uleb128 0x7
 1184 0047 0F       		.uleb128 0xf
 1185 0048 00       		.byte	0x0
 1186 0049 0B       		.uleb128 0xb
 1187 004a 0B       		.uleb128 0xb
 1188 004b 00       		.byte	0x0
 1189 004c 00       		.byte	0x0
 1190 004d 08       		.uleb128 0x8
 1191 004e 13       		.uleb128 0x13
 1192 004f 01       		.byte	0x1
 1193 0050 03       		.uleb128 0x3
ARM GAS  C:\DOCUME~1\ADMINI~1\LOCALS~1\Temp\ccV43cDp.s 			page 22


 1194 0051 0E       		.uleb128 0xe
 1195 0052 0B       		.uleb128 0xb
 1196 0053 0B       		.uleb128 0xb
 1197 0054 3A       		.uleb128 0x3a
 1198 0055 0B       		.uleb128 0xb
 1199 0056 3B       		.uleb128 0x3b
 1200 0057 0B       		.uleb128 0xb
 1201 0058 01       		.uleb128 0x1
 1202 0059 13       		.uleb128 0x13
 1203 005a 00       		.byte	0x0
 1204 005b 00       		.byte	0x0
 1205 005c 09       		.uleb128 0x9
 1206 005d 0D       		.uleb128 0xd
 1207 005e 00       		.byte	0x0
 1208 005f 03       		.uleb128 0x3
 1209 0060 0E       		.uleb128 0xe
 1210 0061 3A       		.uleb128 0x3a
 1211 0062 0B       		.uleb128 0xb
 1212 0063 3B       		.uleb128 0x3b
 1213 0064 0B       		.uleb128 0xb
 1214 0065 49       		.uleb128 0x49
 1215 0066 13       		.uleb128 0x13
 1216 0067 38       		.uleb128 0x38
 1217 0068 0A       		.uleb128 0xa
 1218 0069 00       		.byte	0x0
 1219 006a 00       		.byte	0x0
 1220 006b 0A       		.uleb128 0xa
 1221 006c 0F       		.uleb128 0xf
 1222 006d 00       		.byte	0x0
 1223 006e 0B       		.uleb128 0xb
 1224 006f 0B       		.uleb128 0xb
 1225 0070 49       		.uleb128 0x49
 1226 0071 13       		.uleb128 0x13
 1227 0072 00       		.byte	0x0
 1228 0073 00       		.byte	0x0
 1229 0074 0B       		.uleb128 0xb
 1230 0075 0D       		.uleb128 0xd
 1231 0076 00       		.byte	0x0
 1232 0077 03       		.uleb128 0x3
 1233 0078 08       		.uleb128 0x8
 1234 0079 3A       		.uleb128 0x3a
 1235 007a 0B       		.uleb128 0xb
 1236 007b 3B       		.uleb128 0x3b
 1237 007c 0B       		.uleb128 0xb
 1238 007d 49       		.uleb128 0x49
 1239 007e 13       		.uleb128 0x13
 1240 007f 38       		.uleb128 0x38
 1241 0080 0A       		.uleb128 0xa
 1242 0081 00       		.byte	0x0
 1243 0082 00       		.byte	0x0
 1244 0083 0C       		.uleb128 0xc
 1245 0084 01       		.uleb128 0x1
 1246 0085 01       		.byte	0x1
 1247 0086 49       		.uleb128 0x49
 1248 0087 13       		.uleb128 0x13
 1249 0088 01       		.uleb128 0x1
 1250 0089 13       		.uleb128 0x13
ARM GAS  C:\DOCUME~1\ADMINI~1\LOCALS~1\Temp\ccV43cDp.s 			page 23


 1251 008a 00       		.byte	0x0
 1252 008b 00       		.byte	0x0
 1253 008c 0D       		.uleb128 0xd
 1254 008d 21       		.uleb128 0x21
 1255 008e 00       		.byte	0x0
 1256 008f 49       		.uleb128 0x49
 1257 0090 13       		.uleb128 0x13
 1258 0091 2F       		.uleb128 0x2f
 1259 0092 0B       		.uleb128 0xb
 1260 0093 00       		.byte	0x0
 1261 0094 00       		.byte	0x0
 1262 0095 0E       		.uleb128 0xe
 1263 0096 34       		.uleb128 0x34
 1264 0097 00       		.byte	0x0
 1265 0098 03       		.uleb128 0x3
 1266 0099 0E       		.uleb128 0xe
 1267 009a 3A       		.uleb128 0x3a
 1268 009b 0B       		.uleb128 0xb
 1269 009c 3B       		.uleb128 0x3b
 1270 009d 05       		.uleb128 0x5
 1271 009e 49       		.uleb128 0x49
 1272 009f 13       		.uleb128 0x13
 1273 00a0 3F       		.uleb128 0x3f
 1274 00a1 0C       		.uleb128 0xc
 1275 00a2 3C       		.uleb128 0x3c
 1276 00a3 0C       		.uleb128 0xc
 1277 00a4 00       		.byte	0x0
 1278 00a5 00       		.byte	0x0
 1279 00a6 0F       		.uleb128 0xf
 1280 00a7 34       		.uleb128 0x34
 1281 00a8 00       		.byte	0x0
 1282 00a9 03       		.uleb128 0x3
 1283 00aa 0E       		.uleb128 0xe
 1284 00ab 3A       		.uleb128 0x3a
 1285 00ac 0B       		.uleb128 0xb
 1286 00ad 3B       		.uleb128 0x3b
 1287 00ae 0B       		.uleb128 0xb
 1288 00af 49       		.uleb128 0x49
 1289 00b0 13       		.uleb128 0x13
 1290 00b1 3F       		.uleb128 0x3f
 1291 00b2 0C       		.uleb128 0xc
 1292 00b3 02       		.uleb128 0x2
 1293 00b4 0A       		.uleb128 0xa
 1294 00b5 00       		.byte	0x0
 1295 00b6 00       		.byte	0x0
 1296 00b7 10       		.uleb128 0x10
 1297 00b8 26       		.uleb128 0x26
 1298 00b9 00       		.byte	0x0
 1299 00ba 49       		.uleb128 0x49
 1300 00bb 13       		.uleb128 0x13
 1301 00bc 00       		.byte	0x0
 1302 00bd 00       		.byte	0x0
 1303 00be 11       		.uleb128 0x11
 1304 00bf 34       		.uleb128 0x34
 1305 00c0 00       		.byte	0x0
 1306 00c1 03       		.uleb128 0x3
 1307 00c2 0E       		.uleb128 0xe
ARM GAS  C:\DOCUME~1\ADMINI~1\LOCALS~1\Temp\ccV43cDp.s 			page 24


 1308 00c3 3A       		.uleb128 0x3a
 1309 00c4 0B       		.uleb128 0xb
 1310 00c5 3B       		.uleb128 0x3b
 1311 00c6 05       		.uleb128 0x5
 1312 00c7 49       		.uleb128 0x49
 1313 00c8 13       		.uleb128 0x13
 1314 00c9 3F       		.uleb128 0x3f
 1315 00ca 0C       		.uleb128 0xc
 1316 00cb 02       		.uleb128 0x2
 1317 00cc 0A       		.uleb128 0xa
 1318 00cd 00       		.byte	0x0
 1319 00ce 00       		.byte	0x0
 1320 00cf 00       		.byte	0x0
 1321              		.section	.debug_pubnames,"",%progbits
 1322 0000 72030000 		.4byte	0x372
 1323 0004 0200     		.2byte	0x2
 1324 0006 00000000 		.4byte	.Ldebug_info0
 1325 000a 3D040000 		.4byte	0x43d
 1326 000e F3010000 		.4byte	0x1f3
 1327 0012 55534246 		.ascii	"USBFS_DEVICE0_DESCR\000"
 1327      535F4445 
 1327      56494345 
 1327      305F4445 
 1327      53435200 
 1328 0026 1A020000 		.4byte	0x21a
 1329 002a 55534246 		.ascii	"USBFS_DEVICE0_CONFIGURATION0_DESCR\000"
 1329      535F4445 
 1329      56494345 
 1329      305F434F 
 1329      4E464947 
 1330 004d 41020000 		.4byte	0x241
 1331 0051 55534246 		.ascii	"USBFS_STRING_DESCRIPTORS\000"
 1331      535F5354 
 1331      52494E47 
 1331      5F444553 
 1331      43524950 
 1332 006a 68020000 		.4byte	0x268
 1333 006e 55534246 		.ascii	"USBFS_SN_STRING_DESCRIPTOR\000"
 1333      535F534E 
 1333      5F535452 
 1333      494E475F 
 1333      44455343 
 1334 0089 90020000 		.4byte	0x290
 1335 008d 55534246 		.ascii	"USBFS_HIDREPORT_DESCRIPTOR1\000"
 1335      535F4849 
 1335      44524550 
 1335      4F52545F 
 1335      44455343 
 1336 00a9 A8020000 		.4byte	0x2a8
 1337 00ad 55534246 		.ascii	"USBFS_DEVICE0_CONFIGURATION0_INTERFACE0_ALTERNATE0_"
 1337      535F4445 
 1337      56494345 
 1337      305F434F 
 1337      4E464947 
 1338 00e0 4849445F 		.ascii	"HID_IN_RPT_SCB\000"
 1338      494E5F52 
 1338      50545F53 
ARM GAS  C:\DOCUME~1\ADMINI~1\LOCALS~1\Temp\ccV43cDp.s 			page 25


 1338      434200
 1339 00ef CB020000 		.4byte	0x2cb
 1340 00f3 55534246 		.ascii	"USBFS_DEVICE0_CONFIGURATION0_INTERFACE0_ALTERNATE0_"
 1340      535F4445 
 1340      56494345 
 1340      305F434F 
 1340      4E464947 
 1341 0126 4849445F 		.ascii	"HID_IN_BUF\000"
 1341      494E5F42 
 1341      554600
 1342 0131 EE020000 		.4byte	0x2ee
 1343 0135 55534246 		.ascii	"USBFS_DEVICE0_CONFIGURATION0_INTERFACE0_ALTERNATE0_"
 1343      535F4445 
 1343      56494345 
 1343      305F434F 
 1343      4E464947 
 1344 0168 4849445F 		.ascii	"HID_IN_RPT_TABLE\000"
 1344      494E5F52 
 1344      50545F54 
 1344      41424C45 
 1344      00
 1345 0179 06030000 		.4byte	0x306
 1346 017d 55534246 		.ascii	"USBFS_DEVICE0_CONFIGURATION0_INTERFACE0_ALTERNATE0_"
 1346      535F4445 
 1346      56494345 
 1346      305F434F 
 1346      4E464947 
 1347 01b0 4849445F 		.ascii	"HID_OUT_RPT_SCB\000"
 1347      4F55545F 
 1347      5250545F 
 1347      53434200 
 1348 01c0 19030000 		.4byte	0x319
 1349 01c4 55534246 		.ascii	"USBFS_DEVICE0_CONFIGURATION0_INTERFACE0_ALTERNATE0_"
 1349      535F4445 
 1349      56494345 
 1349      305F434F 
 1349      4E464947 
 1350 01f7 4849445F 		.ascii	"HID_OUT_BUF\000"
 1350      4F55545F 
 1350      42554600 
 1351 0203 2C030000 		.4byte	0x32c
 1352 0207 55534246 		.ascii	"USBFS_DEVICE0_CONFIGURATION0_INTERFACE0_ALTERNATE0_"
 1352      535F4445 
 1352      56494345 
 1352      305F434F 
 1352      4E464947 
 1353 023a 4849445F 		.ascii	"HID_OUT_RPT_TABLE\000"
 1353      4F55545F 
 1353      5250545F 
 1353      5441424C 
 1353      4500
 1354 024c 54030000 		.4byte	0x354
 1355 0250 55534246 		.ascii	"USBFS_DEVICE0_CONFIGURATION0_INTERFACE0_ALTERNATE0_"
 1355      535F4445 
 1355      56494345 
 1355      305F434F 
 1355      4E464947 
ARM GAS  C:\DOCUME~1\ADMINI~1\LOCALS~1\Temp\ccV43cDp.s 			page 26


 1356 0283 4849445F 		.ascii	"HID_TABLE\000"
 1356      5441424C 
 1356      4500
 1357 028d 7C030000 		.4byte	0x37c
 1358 0291 55534246 		.ascii	"USBFS_DEVICE0_CONFIGURATION0_INTERFACE0_TABLE\000"
 1358      535F4445 
 1358      56494345 
 1358      305F434F 
 1358      4E464947 
 1359 02bf A4030000 		.4byte	0x3a4
 1360 02c3 55534246 		.ascii	"USBFS_DEVICE0_CONFIGURATION0_EP_SETTINGS_TABLE\000"
 1360      535F4445 
 1360      56494345 
 1360      305F434F 
 1360      4E464947 
 1361 02f2 BC030000 		.4byte	0x3bc
 1362 02f6 55534246 		.ascii	"USBFS_DEVICE0_CONFIGURATION0_INTERFACE_CLASS\000"
 1362      535F4445 
 1362      56494345 
 1362      305F434F 
 1362      4E464947 
 1363 0323 E4030000 		.4byte	0x3e4
 1364 0327 55534246 		.ascii	"USBFS_DEVICE0_CONFIGURATION0_TABLE\000"
 1364      535F4445 
 1364      56494345 
 1364      305F434F 
 1364      4E464947 
 1365 034a 0C040000 		.4byte	0x40c
 1366 034e 55534246 		.ascii	"USBFS_DEVICE0_TABLE\000"
 1366      535F4445 
 1366      56494345 
 1366      305F5441 
 1366      424C4500 
 1367 0362 24040000 		.4byte	0x424
 1368 0366 55534246 		.ascii	"USBFS_TABLE\000"
 1368      535F5441 
 1368      424C4500 
 1369 0372 00000000 		.4byte	0x0
 1370              		.section	.debug_str,"MS",%progbits,1
 1371              	.LASF6:
 1372 0000 6C6F6E67 		.ascii	"long long int\000"
 1372      206C6F6E 
 1372      6720696E 
 1372      7400
 1373              	.LASF29:
 1374 000e 70537461 		.ascii	"pStatusBlock\000"
 1374      74757342 
 1374      6C6F636B 
 1374      00
 1375              	.LASF52:
 1376 001b 55534246 		.ascii	"USBFS_TABLE\000"
 1376      535F5441 
 1376      424C4500 
 1377              	.LASF45:
 1378 0027 55534246 		.ascii	"USBFS_DEVICE0_CONFIGURATION0_INTERFACE0_ALTERNATE0_"
 1378      535F4445 
 1378      56494345 
ARM GAS  C:\DOCUME~1\ADMINI~1\LOCALS~1\Temp\ccV43cDp.s 			page 27


 1378      305F434F 
 1378      4E464947 
 1379 005a 4849445F 		.ascii	"HID_OUT_RPT_TABLE\000"
 1379      4F55545F 
 1379      5250545F 
 1379      5441424C 
 1379      4500
 1380              	.LASF42:
 1381 006c 55534246 		.ascii	"USBFS_DEVICE0_CONFIGURATION0_INTERFACE0_ALTERNATE0_"
 1381      535F4445 
 1381      56494345 
 1381      305F434F 
 1381      4E464947 
 1382 009f 4849445F 		.ascii	"HID_IN_RPT_TABLE\000"
 1382      494E5F52 
 1382      50545F54 
 1382      41424C45 
 1382      00
 1383              	.LASF27:
 1384 00b0 636F756E 		.ascii	"count\000"
 1384      7400
 1385              	.LASF47:
 1386 00b6 55534246 		.ascii	"USBFS_DEVICE0_CONFIGURATION0_INTERFACE0_TABLE\000"
 1386      535F4445 
 1386      56494345 
 1386      305F434F 
 1386      4E464947 
 1387              	.LASF3:
 1388 00e4 73686F72 		.ascii	"short unsigned int\000"
 1388      7420756E 
 1388      7369676E 
 1388      65642069 
 1388      6E7400
 1389              	.LASF44:
 1390 00f7 55534246 		.ascii	"USBFS_DEVICE0_CONFIGURATION0_INTERFACE0_ALTERNATE0_"
 1390      535F4445 
 1390      56494345 
 1390      305F434F 
 1390      4E464947 
 1391 012a 4849445F 		.ascii	"HID_OUT_BUF\000"
 1391      4F55545F 
 1391      42554600 
 1392              	.LASF38:
 1393 0136 55534246 		.ascii	"USBFS_SN_STRING_DESCRIPTOR\000"
 1393      535F534E 
 1393      5F535452 
 1393      494E475F 
 1393      44455343 
 1394              	.LASF23:
 1395 0151 73746174 		.ascii	"status\000"
 1395      757300
 1396              	.LASF28:
 1397 0158 70446174 		.ascii	"pData\000"
 1397      6100
 1398              	.LASF30:
 1399 015e 545F5553 		.ascii	"T_USBFS_TD\000"
 1399      4246535F 
ARM GAS  C:\DOCUME~1\ADMINI~1\LOCALS~1\Temp\ccV43cDp.s 			page 28


 1399      544400
 1400              	.LASF11:
 1401 0169 666C6F61 		.ascii	"float\000"
 1401      7400
 1402              	.LASF0:
 1403 016f 7369676E 		.ascii	"signed char\000"
 1403      65642063 
 1403      68617200 
 1404              	.LASF15:
 1405 017b 616C7453 		.ascii	"altSetting\000"
 1405      65747469 
 1405      6E6700
 1406              	.LASF37:
 1407 0186 55534246 		.ascii	"USBFS_STRING_DESCRIPTORS\000"
 1407      535F5354 
 1407      52494E47 
 1407      5F444553 
 1407      43524950 
 1408              	.LASF22:
 1409 019f 5F555342 		.ascii	"_USBFS_XferStatusBlock\000"
 1409      46535F58 
 1409      66657253 
 1409      74617475 
 1409      73426C6F 
 1410              	.LASF17:
 1411 01b6 61747472 		.ascii	"attributes\000"
 1411      69627574 
 1411      657300
 1412              	.LASF25:
 1413 01c1 545F5553 		.ascii	"T_USBFS_XFER_STATUS_BLOCK\000"
 1413      4246535F 
 1413      58464552 
 1413      5F535441 
 1413      5455535F 
 1414              	.LASF50:
 1415 01db 55534246 		.ascii	"USBFS_DEVICE0_CONFIGURATION0_TABLE\000"
 1415      535F4445 
 1415      56494345 
 1415      305F434F 
 1415      4E464947 
 1416              	.LASF16:
 1417 01fe 61646472 		.ascii	"addr\000"
 1417      00
 1418              	.LASF51:
 1419 0203 55534246 		.ascii	"USBFS_DEVICE0_TABLE\000"
 1419      535F4445 
 1419      56494345 
 1419      305F5441 
 1419      424C4500 
 1420              	.LASF34:
 1421 0217 49544D5F 		.ascii	"ITM_RxBuffer\000"
 1421      52784275 
 1421      66666572 
 1421      00
 1422              	.LASF1:
 1423 0224 756E7369 		.ascii	"unsigned char\000"
 1423      676E6564 
ARM GAS  C:\DOCUME~1\ADMINI~1\LOCALS~1\Temp\ccV43cDp.s 			page 29


 1423      20636861 
 1423      7200
 1424              	.LASF46:
 1425 0232 55534246 		.ascii	"USBFS_DEVICE0_CONFIGURATION0_INTERFACE0_ALTERNATE0_"
 1425      535F4445 
 1425      56494345 
 1425      305F434F 
 1425      4E464947 
 1426 0265 4849445F 		.ascii	"HID_TABLE\000"
 1426      5441424C 
 1426      4500
 1427              	.LASF5:
 1428 026f 6C6F6E67 		.ascii	"long unsigned int\000"
 1428      20756E73 
 1428      69676E65 
 1428      6420696E 
 1428      7400
 1429              	.LASF41:
 1430 0281 55534246 		.ascii	"USBFS_DEVICE0_CONFIGURATION0_INTERFACE0_ALTERNATE0_"
 1430      535F4445 
 1430      56494345 
 1430      305F434F 
 1430      4E464947 
 1431 02b4 4849445F 		.ascii	"HID_IN_BUF\000"
 1431      494E5F42 
 1431      554600
 1432              	.LASF10:
 1433 02bf 75696E74 		.ascii	"uint16\000"
 1433      313600
 1434              	.LASF48:
 1435 02c6 55534246 		.ascii	"USBFS_DEVICE0_CONFIGURATION0_EP_SETTINGS_TABLE\000"
 1435      535F4445 
 1435      56494345 
 1435      305F434F 
 1435      4E464947 
 1436              	.LASF21:
 1437 02f5 5F555342 		.ascii	"_USBFS_EpSettingsBlock\000"
 1437      46535F45 
 1437      70536574 
 1437      74696E67 
 1437      73426C6F 
 1438              	.LASF36:
 1439 030c 55534246 		.ascii	"USBFS_DEVICE0_CONFIGURATION0_DESCR\000"
 1439      535F4445 
 1439      56494345 
 1439      305F434F 
 1439      4E464947 
 1440              	.LASF26:
 1441 032f 5F555342 		.ascii	"_USBFS_Td\000"
 1441      46535F54 
 1441      6400
 1442              	.LASF49:
 1443 0339 55534246 		.ascii	"USBFS_DEVICE0_CONFIGURATION0_INTERFACE_CLASS\000"
 1443      535F4445 
 1443      56494345 
 1443      305F434F 
 1443      4E464947 
ARM GAS  C:\DOCUME~1\ADMINI~1\LOCALS~1\Temp\ccV43cDp.s 			page 30


 1444              	.LASF8:
 1445 0366 756E7369 		.ascii	"unsigned int\000"
 1445      676E6564 
 1445      20696E74 
 1445      00
 1446              	.LASF7:
 1447 0373 6C6F6E67 		.ascii	"long long unsigned int\000"
 1447      206C6F6E 
 1447      6720756E 
 1447      7369676E 
 1447      65642069 
 1448              	.LASF32:
 1449 038a 705F6C69 		.ascii	"p_list\000"
 1449      737400
 1450              	.LASF20:
 1451 0391 545F5553 		.ascii	"T_USBFS_EP_SETTINGS_BLOCK\000"
 1451      4246535F 
 1451      45505F53 
 1451      45545449 
 1451      4E47535F 
 1452              	.LASF35:
 1453 03ab 55534246 		.ascii	"USBFS_DEVICE0_DESCR\000"
 1453      535F4445 
 1453      56494345 
 1453      305F4445 
 1453      53435200 
 1454              	.LASF53:
 1455 03bf 474E5520 		.ascii	"GNU C 4.4.1\000"
 1455      4320342E 
 1455      342E3100 
 1456              	.LASF33:
 1457 03cb 545F5553 		.ascii	"T_USBFS_LUT\000"
 1457      4246535F 
 1457      4C555400 
 1458              	.LASF13:
 1459 03d7 63686172 		.ascii	"char\000"
 1459      00
 1460              	.LASF54:
 1461 03dc 2E5C4765 		.ascii	".\\Generated_Source\\PSoC5\\USBFS_descr.c\000"
 1461      6E657261 
 1461      7465645F 
 1461      536F7572 
 1461      63655C50 
 1462              	.LASF18:
 1463 0403 62756666 		.ascii	"bufferSize\000"
 1463      65725369 
 1463      7A6500
 1464              	.LASF2:
 1465 040e 73686F72 		.ascii	"short int\000"
 1465      7420696E 
 1465      7400
 1466              	.LASF39:
 1467 0418 55534246 		.ascii	"USBFS_HIDREPORT_DESCRIPTOR1\000"
 1467      535F4849 
 1467      44524550 
 1467      4F52545F 
 1467      44455343 
ARM GAS  C:\DOCUME~1\ADMINI~1\LOCALS~1\Temp\ccV43cDp.s 			page 31


 1468              	.LASF40:
 1469 0434 55534246 		.ascii	"USBFS_DEVICE0_CONFIGURATION0_INTERFACE0_ALTERNATE0_"
 1469      535F4445 
 1469      56494345 
 1469      305F434F 
 1469      4E464947 
 1470 0467 4849445F 		.ascii	"HID_IN_RPT_SCB\000"
 1470      494E5F52 
 1470      50545F53 
 1470      434200
 1471              	.LASF9:
 1472 0476 75696E74 		.ascii	"uint8\000"
 1472      3800
 1473              	.LASF14:
 1474 047c 696E7465 		.ascii	"interface\000"
 1474      72666163 
 1474      6500
 1475              	.LASF4:
 1476 0486 6C6F6E67 		.ascii	"long int\000"
 1476      20696E74 
 1476      00
 1477              	.LASF43:
 1478 048f 55534246 		.ascii	"USBFS_DEVICE0_CONFIGURATION0_INTERFACE0_ALTERNATE0_"
 1478      535F4445 
 1478      56494345 
 1478      305F434F 
 1478      4E464947 
 1479 04c2 4849445F 		.ascii	"HID_OUT_RPT_SCB\000"
 1479      4F55545F 
 1479      5250545F 
 1479      53434200 
 1480              	.LASF12:
 1481 04d2 646F7562 		.ascii	"double\000"
 1481      6C6500
 1482              	.LASF55:
 1483 04d9 5C5C7073 		.ascii	"\\\\psf\\Home\\Desktop\\KitProg version 2_03\\KitPr"
 1483      665C486F 
 1483      6D655C44 
 1483      65736B74 
 1483      6F705C4B 
 1484 0506 6F675C4B 		.ascii	"og\\KitProg.cydsn\000"
 1484      69745072 
 1484      6F672E63 
 1484      7964736E 
 1484      00
 1485              	.LASF24:
 1486 0517 6C656E67 		.ascii	"length\000"
 1486      746800
 1487              	.LASF31:
 1488 051e 5F555342 		.ascii	"_USBFS_Lut\000"
 1488      46535F4C 
 1488      757400
 1489              	.LASF19:
 1490 0529 624D6973 		.ascii	"bMisc\000"
 1490      6300
 1491              		.ident	"GCC: (Sourcery G++ Lite 2010q1-188) 4.4.1"
