ARM GAS  C:\DOCUME~1\ADMINI~1\LOCALS~1\Temp\ccG5UEJb.s 			page 1


   1              		.syntax unified
   2              		.cpu cortex-m3
   3              		.fpu softvfp
   4              		.eabi_attribute 20, 1
   5              		.eabi_attribute 21, 1
   6              		.eabi_attribute 23, 3
   7              		.eabi_attribute 24, 1
   8              		.eabi_attribute 25, 1
   9              		.eabi_attribute 26, 1
  10              		.eabi_attribute 30, 6
  11              		.eabi_attribute 18, 4
  12              		.thumb
  13              		.file	"USBFS_vnd.c"
  14              		.section	.debug_abbrev,"",%progbits
  15              	.Ldebug_abbrev0:
  16              		.section	.debug_info,"",%progbits
  17              	.Ldebug_info0:
  18              		.section	.debug_line,"",%progbits
  19              	.Ldebug_line0:
  20 0000 A8000000 		.text
  20      02008900 
  20      00000201 
  20      FB0E0D00 
  20      01010101 
  21              	.Ltext0:
  22              		.cfi_sections	.debug_frame
  23              		.section	.text.USBFS_HandleVendorRqst,"ax",%progbits
  24              		.align	2
  25              		.global	USBFS_HandleVendorRqst
  26              		.thumb
  27              		.thumb_func
  28              		.type	USBFS_HandleVendorRqst, %function
  29              	USBFS_HandleVendorRqst:
  30              	.LFB29:
  31              		.file 1 ".\\Generated_Source\\PSoC5\\USBFS_vnd.c"
   1:.\Generated_Source\PSoC5/USBFS_vnd.c **** /*******************************************************************************
   2:.\Generated_Source\PSoC5/USBFS_vnd.c **** * File Name: USBFS_vnd.c
   3:.\Generated_Source\PSoC5/USBFS_vnd.c **** * Version 2.50
   4:.\Generated_Source\PSoC5/USBFS_vnd.c **** *
   5:.\Generated_Source\PSoC5/USBFS_vnd.c **** * Description:
   6:.\Generated_Source\PSoC5/USBFS_vnd.c **** *  USB vendor request handler.
   7:.\Generated_Source\PSoC5/USBFS_vnd.c **** *
   8:.\Generated_Source\PSoC5/USBFS_vnd.c **** * Note:
   9:.\Generated_Source\PSoC5/USBFS_vnd.c **** *
  10:.\Generated_Source\PSoC5/USBFS_vnd.c **** ********************************************************************************
  11:.\Generated_Source\PSoC5/USBFS_vnd.c **** * Copyright 2008-2012, Cypress Semiconductor Corporation.  All rights reserved.
  12:.\Generated_Source\PSoC5/USBFS_vnd.c **** * You may use this file only in accordance with the license, terms, conditions,
  13:.\Generated_Source\PSoC5/USBFS_vnd.c **** * disclaimers, and limitations in the end user license agreement accompanying
  14:.\Generated_Source\PSoC5/USBFS_vnd.c **** * the software package with which this file was provided.
  15:.\Generated_Source\PSoC5/USBFS_vnd.c **** *******************************************************************************/
  16:.\Generated_Source\PSoC5/USBFS_vnd.c **** 
  17:.\Generated_Source\PSoC5/USBFS_vnd.c **** #include "USBFS.h"
  18:.\Generated_Source\PSoC5/USBFS_vnd.c **** 
  19:.\Generated_Source\PSoC5/USBFS_vnd.c **** #if(USBFS_EXTERN_VND == USBFS_FALSE)
  20:.\Generated_Source\PSoC5/USBFS_vnd.c **** 
  21:.\Generated_Source\PSoC5/USBFS_vnd.c **** 
  22:.\Generated_Source\PSoC5/USBFS_vnd.c **** /***************************************
ARM GAS  C:\DOCUME~1\ADMINI~1\LOCALS~1\Temp\ccG5UEJb.s 			page 2


  23:.\Generated_Source\PSoC5/USBFS_vnd.c **** * Vendor Specific Declarations
  24:.\Generated_Source\PSoC5/USBFS_vnd.c **** ***************************************/
  25:.\Generated_Source\PSoC5/USBFS_vnd.c **** 
  26:.\Generated_Source\PSoC5/USBFS_vnd.c **** /* `#START VENDOR_SPECIFIC_DECLARATIONS` Place your declaration here */
  27:.\Generated_Source\PSoC5/USBFS_vnd.c **** #include "kitprog.h"
  28:.\Generated_Source\PSoC5/USBFS_vnd.c **** /* `#END` */
  29:.\Generated_Source\PSoC5/USBFS_vnd.c **** 
  30:.\Generated_Source\PSoC5/USBFS_vnd.c **** 
  31:.\Generated_Source\PSoC5/USBFS_vnd.c **** /***************************************
  32:.\Generated_Source\PSoC5/USBFS_vnd.c **** * External References
  33:.\Generated_Source\PSoC5/USBFS_vnd.c **** ***************************************/
  34:.\Generated_Source\PSoC5/USBFS_vnd.c **** 
  35:.\Generated_Source\PSoC5/USBFS_vnd.c **** uint8 USBFS_InitControlRead(void) ;
  36:.\Generated_Source\PSoC5/USBFS_vnd.c **** uint8 USBFS_InitControlWrite(void) ;
  37:.\Generated_Source\PSoC5/USBFS_vnd.c **** 
  38:.\Generated_Source\PSoC5/USBFS_vnd.c **** 
  39:.\Generated_Source\PSoC5/USBFS_vnd.c **** extern uint8 CYCODE USBFS_MSOS_CONFIGURATION_DESCR[];
  40:.\Generated_Source\PSoC5/USBFS_vnd.c **** 
  41:.\Generated_Source\PSoC5/USBFS_vnd.c **** extern volatile T_USBFS_TD USBFS_currentTD;
  42:.\Generated_Source\PSoC5/USBFS_vnd.c **** 
  43:.\Generated_Source\PSoC5/USBFS_vnd.c **** 
  44:.\Generated_Source\PSoC5/USBFS_vnd.c **** /*******************************************************************************
  45:.\Generated_Source\PSoC5/USBFS_vnd.c **** * Function Name: USBFS_HandleVendorRqst
  46:.\Generated_Source\PSoC5/USBFS_vnd.c **** ********************************************************************************
  47:.\Generated_Source\PSoC5/USBFS_vnd.c **** *
  48:.\Generated_Source\PSoC5/USBFS_vnd.c **** * Summary:
  49:.\Generated_Source\PSoC5/USBFS_vnd.c **** *  This routine provide users with a method to implement vendor specifc
  50:.\Generated_Source\PSoC5/USBFS_vnd.c **** *  requests.
  51:.\Generated_Source\PSoC5/USBFS_vnd.c **** *
  52:.\Generated_Source\PSoC5/USBFS_vnd.c **** *  To implement vendor specific requests, add your code in this function to
  53:.\Generated_Source\PSoC5/USBFS_vnd.c **** *  decode and disposition the request.  If the request is handled, your code
  54:.\Generated_Source\PSoC5/USBFS_vnd.c **** *  must set the variable "requestHandled" to TRUE, indicating that the
  55:.\Generated_Source\PSoC5/USBFS_vnd.c **** *  request has been handled.
  56:.\Generated_Source\PSoC5/USBFS_vnd.c **** *
  57:.\Generated_Source\PSoC5/USBFS_vnd.c **** * Parameters:
  58:.\Generated_Source\PSoC5/USBFS_vnd.c **** *  None.
  59:.\Generated_Source\PSoC5/USBFS_vnd.c **** *
  60:.\Generated_Source\PSoC5/USBFS_vnd.c **** * Return:
  61:.\Generated_Source\PSoC5/USBFS_vnd.c **** *  requestHandled.
  62:.\Generated_Source\PSoC5/USBFS_vnd.c **** *
  63:.\Generated_Source\PSoC5/USBFS_vnd.c **** * Reentrant:
  64:.\Generated_Source\PSoC5/USBFS_vnd.c **** *  No.
  65:.\Generated_Source\PSoC5/USBFS_vnd.c **** *
  66:.\Generated_Source\PSoC5/USBFS_vnd.c **** *******************************************************************************/
  67:.\Generated_Source\PSoC5/USBFS_vnd.c **** uint8 USBFS_HandleVendorRqst(void) 
  68:.\Generated_Source\PSoC5/USBFS_vnd.c **** {
  32              		.loc 1 68 0
  33              		.cfi_startproc
  34              		@ args = 0, pretend = 0, frame = 8
  35              		@ frame_needed = 1, uses_anonymous_args = 0
  36 0000 80B5     		push	{r7, lr}
  37              	.LCFI0:
  38              		.cfi_def_cfa_offset 8
  39 0002 82B0     		sub	sp, sp, #8
  40              	.LCFI1:
  41              		.cfi_def_cfa_offset 16
  42 0004 00AF     		add	r7, sp, #0
ARM GAS  C:\DOCUME~1\ADMINI~1\LOCALS~1\Temp\ccG5UEJb.s 			page 3


  43              		.cfi_offset 14, -4
  44              		.cfi_offset 7, -8
  45              	.LCFI2:
  46              		.cfi_def_cfa_register 7
  69:.\Generated_Source\PSoC5/USBFS_vnd.c ****     uint8 requestHandled = USBFS_FALSE;
  47              		.loc 1 69 0
  48 0006 4FF00003 		mov	r3, #0
  49 000a FB71     		strb	r3, [r7, #7]
  70:.\Generated_Source\PSoC5/USBFS_vnd.c **** 
  71:.\Generated_Source\PSoC5/USBFS_vnd.c ****     if ((CY_GET_REG8(USBFS_bmRequestType) & USBFS_RQST_DIR_MASK) == USBFS_RQST_DIR_D2H)
  50              		.loc 1 71 0
  51 000c 46F20003 		movw	r3, #:lower16:1073766400
  52 0010 C4F20003 		movt	r3, #:upper16:1073766400
  53 0014 1B78     		ldrb	r3, [r3, #0]
  54 0016 DBB2     		uxtb	r3, r3
  55 0018 5BB2     		sxtb	r3, r3
  56 001a 002B     		cmp	r3, #0
  57 001c 04DA     		bge	.L2
  72:.\Generated_Source\PSoC5/USBFS_vnd.c ****     {
  73:.\Generated_Source\PSoC5/USBFS_vnd.c ****         /* Control Read */
  74:.\Generated_Source\PSoC5/USBFS_vnd.c ****         switch (CY_GET_REG8(USBFS_bRequest))
  58              		.loc 1 74 0
  59 001e 46F20103 		movw	r3, #:lower16:1073766401
  60 0022 C4F20003 		movt	r3, #:upper16:1073766401
  61 0026 1B78     		ldrb	r3, [r3, #0]
  62              	.L2:
  75:.\Generated_Source\PSoC5/USBFS_vnd.c ****         {
  76:.\Generated_Source\PSoC5/USBFS_vnd.c ****             case USBFS_GET_EXTENDED_CONFIG_DESCRIPTOR:
  77:.\Generated_Source\PSoC5/USBFS_vnd.c ****                 #if defined(USBFS_ENABLE_MSOS_STRING)
  78:.\Generated_Source\PSoC5/USBFS_vnd.c ****                     USBFS_currentTD.pData = &USBFS_MSOS_CONFIGURATION_DESCR[0u];
  79:.\Generated_Source\PSoC5/USBFS_vnd.c ****                     USBFS_currentTD.count = USBFS_MSOS_CONFIGURATION_DESCR[0u];
  80:.\Generated_Source\PSoC5/USBFS_vnd.c ****                     requestHandled  = USBFS_InitControlRead();
  81:.\Generated_Source\PSoC5/USBFS_vnd.c ****                 #endif /* End USBFS_ENABLE_MSOS_STRING */
  82:.\Generated_Source\PSoC5/USBFS_vnd.c ****                 break;
  83:.\Generated_Source\PSoC5/USBFS_vnd.c ****             default:
  84:.\Generated_Source\PSoC5/USBFS_vnd.c ****                 break;
  85:.\Generated_Source\PSoC5/USBFS_vnd.c ****         }
  86:.\Generated_Source\PSoC5/USBFS_vnd.c ****     }
  87:.\Generated_Source\PSoC5/USBFS_vnd.c **** 
  88:.\Generated_Source\PSoC5/USBFS_vnd.c ****     /* `#START VENDOR_SPECIFIC_CODE` Place your vendor specific request here */
  89:.\Generated_Source\PSoC5/USBFS_vnd.c **** 	
  90:.\Generated_Source\PSoC5/USBFS_vnd.c **** 	/* service the vendor specific command. VendorCmd() defined in the USBFS_commandInterface.c */
  91:.\Generated_Source\PSoC5/USBFS_vnd.c **** 	VendorCmd();		
  63              		.loc 1 91 0
  64 0028 FFF7FEFF 		bl	VendorCmd
  92:.\Generated_Source\PSoC5/USBFS_vnd.c **** 	requestHandled = USBFS_InitControlRead();
  65              		.loc 1 92 0
  66 002c FFF7FEFF 		bl	USBFS_InitControlRead
  67 0030 0346     		mov	r3, r0
  68 0032 FB71     		strb	r3, [r7, #7]
  93:.\Generated_Source\PSoC5/USBFS_vnd.c **** 	
  94:.\Generated_Source\PSoC5/USBFS_vnd.c ****     /* `#END` */
  95:.\Generated_Source\PSoC5/USBFS_vnd.c **** 
  96:.\Generated_Source\PSoC5/USBFS_vnd.c ****     return(requestHandled);
  69              		.loc 1 96 0
  70 0034 FB79     		ldrb	r3, [r7, #7]	@ zero_extendqisi2
  97:.\Generated_Source\PSoC5/USBFS_vnd.c **** }
ARM GAS  C:\DOCUME~1\ADMINI~1\LOCALS~1\Temp\ccG5UEJb.s 			page 4


  71              		.loc 1 97 0
  72 0036 1846     		mov	r0, r3
  73 0038 07F10807 		add	r7, r7, #8
  74 003c BD46     		mov	sp, r7
  75 003e 80BD     		pop	{r7, pc}
  76              		.cfi_endproc
  77              	.LFE29:
  78              		.size	USBFS_HandleVendorRqst, .-USBFS_HandleVendorRqst
  79              		.text
  80              	.Letext0:
  81              		.section	.debug_loc,"",%progbits
  82              	.Ldebug_loc0:
  83              	.LLST0:
  84 0000 00000000 		.4byte	.LFB29
  85 0004 02000000 		.4byte	.LCFI0
  86 0008 0100     		.2byte	0x1
  87 000a 5D       		.byte	0x5d
  88 000b 02000000 		.4byte	.LCFI0
  89 000f 04000000 		.4byte	.LCFI1
  90 0013 0200     		.2byte	0x2
  91 0015 7D       		.byte	0x7d
  92 0016 08       		.sleb128 8
  93 0017 04000000 		.4byte	.LCFI1
  94 001b 06000000 		.4byte	.LCFI2
  95 001f 0200     		.2byte	0x2
  96 0021 7D       		.byte	0x7d
  97 0022 10       		.sleb128 16
  98 0023 06000000 		.4byte	.LCFI2
  99 0027 40000000 		.4byte	.LFE29
 100 002b 0200     		.2byte	0x2
 101 002d 77       		.byte	0x77
 102 002e 10       		.sleb128 16
 103 002f 00000000 		.4byte	0x0
 104 0033 00000000 		.4byte	0x0
 105              		.file 2 ".\\Generated_Source\\PSoC5\\/cytypes.h"
 106              		.file 3 "./Generated_Source/PSoC5/core_cm3.h"
 107              		.section	.debug_info
 108 0000 CE000000 		.4byte	0xce
 109 0004 0200     		.2byte	0x2
 110 0006 00000000 		.4byte	.Ldebug_abbrev0
 111 000a 04       		.byte	0x4
 112 000b 01       		.uleb128 0x1
 113 000c A8000000 		.4byte	.LASF12
 114 0010 01       		.byte	0x1
 115 0011 2E000000 		.4byte	.LASF13
 116 0015 C7000000 		.4byte	.LASF14
 117 0019 00000000 		.4byte	0x0
 118 001d 00000000 		.4byte	0x0
 119 0021 00000000 		.4byte	.Ldebug_ranges0+0x0
 120 0025 00000000 		.4byte	.Ldebug_line0
 121 0029 02       		.uleb128 0x2
 122 002a 01       		.byte	0x1
 123 002b 06       		.byte	0x6
 124 002c 22010000 		.4byte	.LASF0
 125 0030 02       		.uleb128 0x2
 126 0031 01       		.byte	0x1
 127 0032 08       		.byte	0x8
ARM GAS  C:\DOCUME~1\ADMINI~1\LOCALS~1\Temp\ccG5UEJb.s 			page 5


 128 0033 B4000000 		.4byte	.LASF1
 129 0037 02       		.uleb128 0x2
 130 0038 02       		.byte	0x2
 131 0039 05       		.byte	0x5
 132 003a 34010000 		.4byte	.LASF2
 133 003e 02       		.uleb128 0x2
 134 003f 02       		.byte	0x2
 135 0040 07       		.byte	0x7
 136 0041 0E000000 		.4byte	.LASF3
 137 0045 02       		.uleb128 0x2
 138 0046 04       		.byte	0x4
 139 0047 05       		.byte	0x5
 140 0048 05010000 		.4byte	.LASF4
 141 004c 02       		.uleb128 0x2
 142 004d 04       		.byte	0x4
 143 004e 07       		.byte	0x7
 144 004f 70000000 		.4byte	.LASF5
 145 0053 02       		.uleb128 0x2
 146 0054 08       		.byte	0x8
 147 0055 05       		.byte	0x5
 148 0056 00000000 		.4byte	.LASF6
 149 005a 02       		.uleb128 0x2
 150 005b 08       		.byte	0x8
 151 005c 07       		.byte	0x7
 152 005d 91000000 		.4byte	.LASF7
 153 0061 03       		.uleb128 0x3
 154 0062 04       		.byte	0x4
 155 0063 05       		.byte	0x5
 156 0064 696E7400 		.ascii	"int\000"
 157 0068 02       		.uleb128 0x2
 158 0069 04       		.byte	0x4
 159 006a 07       		.byte	0x7
 160 006b 21000000 		.4byte	.LASF8
 161 006f 04       		.uleb128 0x4
 162 0070 6A000000 		.4byte	.LASF15
 163 0074 02       		.byte	0x2
 164 0075 4C       		.byte	0x4c
 165 0076 30000000 		.4byte	0x30
 166 007a 02       		.uleb128 0x2
 167 007b 04       		.byte	0x4
 168 007c 04       		.byte	0x4
 169 007d 2E010000 		.4byte	.LASF9
 170 0081 02       		.uleb128 0x2
 171 0082 08       		.byte	0x8
 172 0083 04       		.byte	0x4
 173 0084 0E010000 		.4byte	.LASF10
 174 0088 02       		.uleb128 0x2
 175 0089 01       		.byte	0x1
 176 008a 08       		.byte	0x8
 177 008b C2000000 		.4byte	.LASF11
 178 008f 05       		.uleb128 0x5
 179 0090 04       		.byte	0x4
 180 0091 07       		.byte	0x7
 181 0092 06       		.uleb128 0x6
 182 0093 01       		.byte	0x1
 183 0094 53000000 		.4byte	.LASF16
 184 0098 01       		.byte	0x1
ARM GAS  C:\DOCUME~1\ADMINI~1\LOCALS~1\Temp\ccG5UEJb.s 			page 6


 185 0099 43       		.byte	0x43
 186 009a 01       		.byte	0x1
 187 009b 6F000000 		.4byte	0x6f
 188 009f 00000000 		.4byte	.LFB29
 189 00a3 40000000 		.4byte	.LFE29
 190 00a7 00000000 		.4byte	.LLST0
 191 00ab BE000000 		.4byte	0xbe
 192 00af 07       		.uleb128 0x7
 193 00b0 82000000 		.4byte	.LASF17
 194 00b4 01       		.byte	0x1
 195 00b5 45       		.byte	0x45
 196 00b6 6F000000 		.4byte	0x6f
 197 00ba 02       		.byte	0x2
 198 00bb 91       		.byte	0x91
 199 00bc 77       		.sleb128 -9
 200 00bd 00       		.byte	0x0
 201 00be 08       		.uleb128 0x8
 202 00bf 15010000 		.4byte	.LASF18
 203 00c3 03       		.byte	0x3
 204 00c4 CE06     		.2byte	0x6ce
 205 00c6 CC000000 		.4byte	0xcc
 206 00ca 01       		.byte	0x1
 207 00cb 01       		.byte	0x1
 208 00cc 09       		.uleb128 0x9
 209 00cd 61000000 		.4byte	0x61
 210 00d1 00       		.byte	0x0
 211              		.section	.debug_abbrev
 212 0000 01       		.uleb128 0x1
 213 0001 11       		.uleb128 0x11
 214 0002 01       		.byte	0x1
 215 0003 25       		.uleb128 0x25
 216 0004 0E       		.uleb128 0xe
 217 0005 13       		.uleb128 0x13
 218 0006 0B       		.uleb128 0xb
 219 0007 03       		.uleb128 0x3
 220 0008 0E       		.uleb128 0xe
 221 0009 1B       		.uleb128 0x1b
 222 000a 0E       		.uleb128 0xe
 223 000b 11       		.uleb128 0x11
 224 000c 01       		.uleb128 0x1
 225 000d 52       		.uleb128 0x52
 226 000e 01       		.uleb128 0x1
 227 000f 55       		.uleb128 0x55
 228 0010 06       		.uleb128 0x6
 229 0011 10       		.uleb128 0x10
 230 0012 06       		.uleb128 0x6
 231 0013 00       		.byte	0x0
 232 0014 00       		.byte	0x0
 233 0015 02       		.uleb128 0x2
 234 0016 24       		.uleb128 0x24
 235 0017 00       		.byte	0x0
 236 0018 0B       		.uleb128 0xb
 237 0019 0B       		.uleb128 0xb
 238 001a 3E       		.uleb128 0x3e
 239 001b 0B       		.uleb128 0xb
 240 001c 03       		.uleb128 0x3
 241 001d 0E       		.uleb128 0xe
ARM GAS  C:\DOCUME~1\ADMINI~1\LOCALS~1\Temp\ccG5UEJb.s 			page 7


 242 001e 00       		.byte	0x0
 243 001f 00       		.byte	0x0
 244 0020 03       		.uleb128 0x3
 245 0021 24       		.uleb128 0x24
 246 0022 00       		.byte	0x0
 247 0023 0B       		.uleb128 0xb
 248 0024 0B       		.uleb128 0xb
 249 0025 3E       		.uleb128 0x3e
 250 0026 0B       		.uleb128 0xb
 251 0027 03       		.uleb128 0x3
 252 0028 08       		.uleb128 0x8
 253 0029 00       		.byte	0x0
 254 002a 00       		.byte	0x0
 255 002b 04       		.uleb128 0x4
 256 002c 16       		.uleb128 0x16
 257 002d 00       		.byte	0x0
 258 002e 03       		.uleb128 0x3
 259 002f 0E       		.uleb128 0xe
 260 0030 3A       		.uleb128 0x3a
 261 0031 0B       		.uleb128 0xb
 262 0032 3B       		.uleb128 0x3b
 263 0033 0B       		.uleb128 0xb
 264 0034 49       		.uleb128 0x49
 265 0035 13       		.uleb128 0x13
 266 0036 00       		.byte	0x0
 267 0037 00       		.byte	0x0
 268 0038 05       		.uleb128 0x5
 269 0039 24       		.uleb128 0x24
 270 003a 00       		.byte	0x0
 271 003b 0B       		.uleb128 0xb
 272 003c 0B       		.uleb128 0xb
 273 003d 3E       		.uleb128 0x3e
 274 003e 0B       		.uleb128 0xb
 275 003f 00       		.byte	0x0
 276 0040 00       		.byte	0x0
 277 0041 06       		.uleb128 0x6
 278 0042 2E       		.uleb128 0x2e
 279 0043 01       		.byte	0x1
 280 0044 3F       		.uleb128 0x3f
 281 0045 0C       		.uleb128 0xc
 282 0046 03       		.uleb128 0x3
 283 0047 0E       		.uleb128 0xe
 284 0048 3A       		.uleb128 0x3a
 285 0049 0B       		.uleb128 0xb
 286 004a 3B       		.uleb128 0x3b
 287 004b 0B       		.uleb128 0xb
 288 004c 27       		.uleb128 0x27
 289 004d 0C       		.uleb128 0xc
 290 004e 49       		.uleb128 0x49
 291 004f 13       		.uleb128 0x13
 292 0050 11       		.uleb128 0x11
 293 0051 01       		.uleb128 0x1
 294 0052 12       		.uleb128 0x12
 295 0053 01       		.uleb128 0x1
 296 0054 40       		.uleb128 0x40
 297 0055 06       		.uleb128 0x6
 298 0056 01       		.uleb128 0x1
ARM GAS  C:\DOCUME~1\ADMINI~1\LOCALS~1\Temp\ccG5UEJb.s 			page 8


 299 0057 13       		.uleb128 0x13
 300 0058 00       		.byte	0x0
 301 0059 00       		.byte	0x0
 302 005a 07       		.uleb128 0x7
 303 005b 34       		.uleb128 0x34
 304 005c 00       		.byte	0x0
 305 005d 03       		.uleb128 0x3
 306 005e 0E       		.uleb128 0xe
 307 005f 3A       		.uleb128 0x3a
 308 0060 0B       		.uleb128 0xb
 309 0061 3B       		.uleb128 0x3b
 310 0062 0B       		.uleb128 0xb
 311 0063 49       		.uleb128 0x49
 312 0064 13       		.uleb128 0x13
 313 0065 02       		.uleb128 0x2
 314 0066 0A       		.uleb128 0xa
 315 0067 00       		.byte	0x0
 316 0068 00       		.byte	0x0
 317 0069 08       		.uleb128 0x8
 318 006a 34       		.uleb128 0x34
 319 006b 00       		.byte	0x0
 320 006c 03       		.uleb128 0x3
 321 006d 0E       		.uleb128 0xe
 322 006e 3A       		.uleb128 0x3a
 323 006f 0B       		.uleb128 0xb
 324 0070 3B       		.uleb128 0x3b
 325 0071 05       		.uleb128 0x5
 326 0072 49       		.uleb128 0x49
 327 0073 13       		.uleb128 0x13
 328 0074 3F       		.uleb128 0x3f
 329 0075 0C       		.uleb128 0xc
 330 0076 3C       		.uleb128 0x3c
 331 0077 0C       		.uleb128 0xc
 332 0078 00       		.byte	0x0
 333 0079 00       		.byte	0x0
 334 007a 09       		.uleb128 0x9
 335 007b 35       		.uleb128 0x35
 336 007c 00       		.byte	0x0
 337 007d 49       		.uleb128 0x49
 338 007e 13       		.uleb128 0x13
 339 007f 00       		.byte	0x0
 340 0080 00       		.byte	0x0
 341 0081 00       		.byte	0x0
 342              		.section	.debug_pubnames,"",%progbits
 343 0000 29000000 		.4byte	0x29
 344 0004 0200     		.2byte	0x2
 345 0006 00000000 		.4byte	.Ldebug_info0
 346 000a D2000000 		.4byte	0xd2
 347 000e 92000000 		.4byte	0x92
 348 0012 55534246 		.ascii	"USBFS_HandleVendorRqst\000"
 348      535F4861 
 348      6E646C65 
 348      56656E64 
 348      6F725271 
 349 0029 00000000 		.4byte	0x0
 350              		.section	.debug_aranges,"",%progbits
 351 0000 1C000000 		.4byte	0x1c
ARM GAS  C:\DOCUME~1\ADMINI~1\LOCALS~1\Temp\ccG5UEJb.s 			page 9


 352 0004 0200     		.2byte	0x2
 353 0006 00000000 		.4byte	.Ldebug_info0
 354 000a 04       		.byte	0x4
 355 000b 00       		.byte	0x0
 356 000c 0000     		.2byte	0x0
 357 000e 0000     		.2byte	0x0
 358 0010 00000000 		.4byte	.LFB29
 359 0014 40000000 		.4byte	.LFE29-.LFB29
 360 0018 00000000 		.4byte	0x0
 361 001c 00000000 		.4byte	0x0
 362              		.section	.debug_ranges,"",%progbits
 363              	.Ldebug_ranges0:
 364 0000 00000000 		.4byte	.Ltext0
 365 0004 00000000 		.4byte	.Letext0
 366 0008 00000000 		.4byte	.LFB29
 367 000c 40000000 		.4byte	.LFE29
 368 0010 00000000 		.4byte	0x0
 369 0014 00000000 		.4byte	0x0
 370              		.section	.debug_str,"MS",%progbits,1
 371              	.LASF6:
 372 0000 6C6F6E67 		.ascii	"long long int\000"
 372      206C6F6E 
 372      6720696E 
 372      7400
 373              	.LASF3:
 374 000e 73686F72 		.ascii	"short unsigned int\000"
 374      7420756E 
 374      7369676E 
 374      65642069 
 374      6E7400
 375              	.LASF8:
 376 0021 756E7369 		.ascii	"unsigned int\000"
 376      676E6564 
 376      20696E74 
 376      00
 377              	.LASF13:
 378 002e 2E5C4765 		.ascii	".\\Generated_Source\\PSoC5\\USBFS_vnd.c\000"
 378      6E657261 
 378      7465645F 
 378      536F7572 
 378      63655C50 
 379              	.LASF16:
 380 0053 55534246 		.ascii	"USBFS_HandleVendorRqst\000"
 380      535F4861 
 380      6E646C65 
 380      56656E64 
 380      6F725271 
 381              	.LASF15:
 382 006a 75696E74 		.ascii	"uint8\000"
 382      3800
 383              	.LASF5:
 384 0070 6C6F6E67 		.ascii	"long unsigned int\000"
 384      20756E73 
 384      69676E65 
 384      6420696E 
 384      7400
 385              	.LASF17:
ARM GAS  C:\DOCUME~1\ADMINI~1\LOCALS~1\Temp\ccG5UEJb.s 			page 10


 386 0082 72657175 		.ascii	"requestHandled\000"
 386      65737448 
 386      616E646C 
 386      656400
 387              	.LASF7:
 388 0091 6C6F6E67 		.ascii	"long long unsigned int\000"
 388      206C6F6E 
 388      6720756E 
 388      7369676E 
 388      65642069 
 389              	.LASF12:
 390 00a8 474E5520 		.ascii	"GNU C 4.4.1\000"
 390      4320342E 
 390      342E3100 
 391              	.LASF1:
 392 00b4 756E7369 		.ascii	"unsigned char\000"
 392      676E6564 
 392      20636861 
 392      7200
 393              	.LASF11:
 394 00c2 63686172 		.ascii	"char\000"
 394      00
 395              	.LASF14:
 396 00c7 5C5C7073 		.ascii	"\\\\psf\\Home\\Desktop\\KitProg version 2_03\\KitPr"
 396      665C486F 
 396      6D655C44 
 396      65736B74 
 396      6F705C4B 
 397 00f4 6F675C4B 		.ascii	"og\\KitProg.cydsn\000"
 397      69745072 
 397      6F672E63 
 397      7964736E 
 397      00
 398              	.LASF4:
 399 0105 6C6F6E67 		.ascii	"long int\000"
 399      20696E74 
 399      00
 400              	.LASF10:
 401 010e 646F7562 		.ascii	"double\000"
 401      6C6500
 402              	.LASF18:
 403 0115 49544D5F 		.ascii	"ITM_RxBuffer\000"
 403      52784275 
 403      66666572 
 403      00
 404              	.LASF0:
 405 0122 7369676E 		.ascii	"signed char\000"
 405      65642063 
 405      68617200 
 406              	.LASF9:
 407 012e 666C6F61 		.ascii	"float\000"
 407      7400
 408              	.LASF2:
 409 0134 73686F72 		.ascii	"short int\000"
 409      7420696E 
 409      7400
 410              		.ident	"GCC: (Sourcery G++ Lite 2010q1-188) 4.4.1"
ARM GAS  C:\DOCUME~1\ADMINI~1\LOCALS~1\Temp\ccG5UEJb.s 			page 11


