ARM GAS  C:\DOCUME~1\ADMINI~1\LOCALS~1\Temp\ccTOAEGg.s 			page 1


   1              		.syntax unified
   2              		.cpu cortex-m3
   3              		.fpu softvfp
   4              		.eabi_attribute 20, 1
   5              		.eabi_attribute 21, 1
   6              		.eabi_attribute 23, 3
   7              		.eabi_attribute 24, 1
   8              		.eabi_attribute 25, 1
   9              		.eabi_attribute 26, 1
  10              		.eabi_attribute 30, 6
  11              		.eabi_attribute 18, 4
  12              		.thumb
  13              		.file	"USBFS_cls.c"
  14              		.section	.debug_abbrev,"",%progbits
  15              	.Ldebug_abbrev0:
  16              		.section	.debug_info,"",%progbits
  17              	.Ldebug_info0:
  18              		.section	.debug_line,"",%progbits
  19              	.Ldebug_line0:
  20 0000 97000000 		.text
  20      02006D00 
  20      00000201 
  20      FB0E0D00 
  20      01010101 
  21              	.Ltext0:
  22              		.cfi_sections	.debug_frame
  23              		.section	.text.USBFS_DispatchClassRqst,"ax",%progbits
  24              		.align	2
  25              		.global	USBFS_DispatchClassRqst
  26              		.thumb
  27              		.thumb_func
  28              		.type	USBFS_DispatchClassRqst, %function
  29              	USBFS_DispatchClassRqst:
  30              	.LFB0:
  31              		.file 1 ".\\Generated_Source\\PSoC5\\USBFS_cls.c"
   1:.\Generated_Source\PSoC5/USBFS_cls.c **** /*******************************************************************************
   2:.\Generated_Source\PSoC5/USBFS_cls.c **** * File Name: USBFS_cls.c
   3:.\Generated_Source\PSoC5/USBFS_cls.c **** * Version 2.50
   4:.\Generated_Source\PSoC5/USBFS_cls.c **** *
   5:.\Generated_Source\PSoC5/USBFS_cls.c **** * Description:
   6:.\Generated_Source\PSoC5/USBFS_cls.c **** *  USB Class request handler.
   7:.\Generated_Source\PSoC5/USBFS_cls.c **** *
   8:.\Generated_Source\PSoC5/USBFS_cls.c **** * Note:
   9:.\Generated_Source\PSoC5/USBFS_cls.c **** *
  10:.\Generated_Source\PSoC5/USBFS_cls.c **** ********************************************************************************
  11:.\Generated_Source\PSoC5/USBFS_cls.c **** * Copyright 2008-2012, Cypress Semiconductor Corporation.  All rights reserved.
  12:.\Generated_Source\PSoC5/USBFS_cls.c **** * You may use this file only in accordance with the license, terms, conditions,
  13:.\Generated_Source\PSoC5/USBFS_cls.c **** * disclaimers, and limitations in the end user license agreement accompanying
  14:.\Generated_Source\PSoC5/USBFS_cls.c **** * the software package with which this file was provided.
  15:.\Generated_Source\PSoC5/USBFS_cls.c **** *******************************************************************************/
  16:.\Generated_Source\PSoC5/USBFS_cls.c **** 
  17:.\Generated_Source\PSoC5/USBFS_cls.c **** #include "USBFS.h"
  18:.\Generated_Source\PSoC5/USBFS_cls.c **** 
  19:.\Generated_Source\PSoC5/USBFS_cls.c **** #if(USBFS_EXTERN_CLS == USBFS_FALSE)
  20:.\Generated_Source\PSoC5/USBFS_cls.c **** 
  21:.\Generated_Source\PSoC5/USBFS_cls.c **** 
  22:.\Generated_Source\PSoC5/USBFS_cls.c **** /***************************************
ARM GAS  C:\DOCUME~1\ADMINI~1\LOCALS~1\Temp\ccTOAEGg.s 			page 2


  23:.\Generated_Source\PSoC5/USBFS_cls.c **** * External references
  24:.\Generated_Source\PSoC5/USBFS_cls.c **** ***************************************/
  25:.\Generated_Source\PSoC5/USBFS_cls.c **** 
  26:.\Generated_Source\PSoC5/USBFS_cls.c **** #if defined(USBFS_ENABLE_HID_CLASS)
  27:.\Generated_Source\PSoC5/USBFS_cls.c ****     uint8 USBFS_DispatchHIDClassRqst(void);
  28:.\Generated_Source\PSoC5/USBFS_cls.c **** #endif /* End USBFS_ENABLE_HID_CLASS */
  29:.\Generated_Source\PSoC5/USBFS_cls.c **** #if defined(USBFS_ENABLE_AUDIO_CLASS)
  30:.\Generated_Source\PSoC5/USBFS_cls.c ****     uint8 USBFS_DispatchAUDIOClassRqst(void);
  31:.\Generated_Source\PSoC5/USBFS_cls.c **** #endif /* End USBFS_ENABLE_HID_CLASS */
  32:.\Generated_Source\PSoC5/USBFS_cls.c **** #if defined(USBFS_ENABLE_CDC_CLASS)
  33:.\Generated_Source\PSoC5/USBFS_cls.c ****     uint8 USBFS_DispatchCDCClassRqst(void);
  34:.\Generated_Source\PSoC5/USBFS_cls.c **** #endif /* End USBFS_ENABLE_CDC_CLASS */
  35:.\Generated_Source\PSoC5/USBFS_cls.c **** 
  36:.\Generated_Source\PSoC5/USBFS_cls.c **** extern uint8 CYCODE *USBFS_interfaceClass;
  37:.\Generated_Source\PSoC5/USBFS_cls.c **** extern volatile T_USBFS_EP_CTL_BLOCK USBFS_EP[];
  38:.\Generated_Source\PSoC5/USBFS_cls.c **** 
  39:.\Generated_Source\PSoC5/USBFS_cls.c **** 
  40:.\Generated_Source\PSoC5/USBFS_cls.c **** /***************************************
  41:.\Generated_Source\PSoC5/USBFS_cls.c **** * User Implemented Class Driver Declarations.
  42:.\Generated_Source\PSoC5/USBFS_cls.c **** ***************************************/
  43:.\Generated_Source\PSoC5/USBFS_cls.c **** /* `#START USER_DEFINED_CLASS_DECLARATIONS` Place your declaration here */
  44:.\Generated_Source\PSoC5/USBFS_cls.c **** 
  45:.\Generated_Source\PSoC5/USBFS_cls.c **** /* `#END` */
  46:.\Generated_Source\PSoC5/USBFS_cls.c **** 
  47:.\Generated_Source\PSoC5/USBFS_cls.c **** 
  48:.\Generated_Source\PSoC5/USBFS_cls.c **** /*******************************************************************************
  49:.\Generated_Source\PSoC5/USBFS_cls.c **** * Function Name: USBFS_DispatchClassRqst
  50:.\Generated_Source\PSoC5/USBFS_cls.c **** ********************************************************************************
  51:.\Generated_Source\PSoC5/USBFS_cls.c **** * Summary:
  52:.\Generated_Source\PSoC5/USBFS_cls.c **** *  This routine dispatches class specific requests depend on inteface class.
  53:.\Generated_Source\PSoC5/USBFS_cls.c **** *
  54:.\Generated_Source\PSoC5/USBFS_cls.c **** * Parameters:
  55:.\Generated_Source\PSoC5/USBFS_cls.c **** *  None.
  56:.\Generated_Source\PSoC5/USBFS_cls.c **** *
  57:.\Generated_Source\PSoC5/USBFS_cls.c **** * Return:
  58:.\Generated_Source\PSoC5/USBFS_cls.c **** *  requestHandled.
  59:.\Generated_Source\PSoC5/USBFS_cls.c **** *
  60:.\Generated_Source\PSoC5/USBFS_cls.c **** * Reentrant:
  61:.\Generated_Source\PSoC5/USBFS_cls.c **** *  No.
  62:.\Generated_Source\PSoC5/USBFS_cls.c **** *
  63:.\Generated_Source\PSoC5/USBFS_cls.c **** *******************************************************************************/
  64:.\Generated_Source\PSoC5/USBFS_cls.c **** uint8 USBFS_DispatchClassRqst() 
  65:.\Generated_Source\PSoC5/USBFS_cls.c **** {
  32              		.loc 1 65 0
  33              		.cfi_startproc
  34              		@ args = 0, pretend = 0, frame = 8
  35              		@ frame_needed = 1, uses_anonymous_args = 0
  36 0000 80B5     		push	{r7, lr}
  37              	.LCFI0:
  38              		.cfi_def_cfa_offset 8
  39 0002 82B0     		sub	sp, sp, #8
  40              	.LCFI1:
  41              		.cfi_def_cfa_offset 16
  42 0004 00AF     		add	r7, sp, #0
  43              		.cfi_offset 14, -4
  44              		.cfi_offset 7, -8
  45              	.LCFI2:
ARM GAS  C:\DOCUME~1\ADMINI~1\LOCALS~1\Temp\ccTOAEGg.s 			page 3


  46              		.cfi_def_cfa_register 7
  66:.\Generated_Source\PSoC5/USBFS_cls.c ****     uint8 requestHandled = USBFS_FALSE;
  47              		.loc 1 66 0
  48 0006 4FF00003 		mov	r3, #0
  49 000a BB71     		strb	r3, [r7, #6]
  67:.\Generated_Source\PSoC5/USBFS_cls.c ****     uint8 interfaceNumber = 0u;
  50              		.loc 1 67 0
  51 000c 4FF00003 		mov	r3, #0
  52 0010 FB71     		strb	r3, [r7, #7]
  68:.\Generated_Source\PSoC5/USBFS_cls.c **** 
  69:.\Generated_Source\PSoC5/USBFS_cls.c ****     switch(CY_GET_REG8(USBFS_bmRequestType) & USBFS_RQST_RCPT_MASK)
  53              		.loc 1 69 0
  54 0012 46F20003 		movw	r3, #:lower16:1073766400
  55 0016 C4F20003 		movt	r3, #:upper16:1073766400
  56 001a 1B78     		ldrb	r3, [r3, #0]
  57 001c DBB2     		uxtb	r3, r3
  58 001e 03F00303 		and	r3, r3, #3
  59 0022 012B     		cmp	r3, #1
  60 0024 02D0     		beq	.L3
  61 0026 022B     		cmp	r3, #2
  62 0028 07D0     		beq	.L4
  63 002a 1DE0     		b	.L2
  64              	.L3:
  70:.\Generated_Source\PSoC5/USBFS_cls.c ****     {
  71:.\Generated_Source\PSoC5/USBFS_cls.c ****         case USBFS_RQST_RCPT_IFC:        /* class-specific request directed to an interface */
  72:.\Generated_Source\PSoC5/USBFS_cls.c ****             interfaceNumber = CY_GET_REG8(USBFS_wIndexLo); /* wIndexLo contain Interface number */
  65              		.loc 1 72 0
  66 002c 46F20403 		movw	r3, #:lower16:1073766404
  67 0030 C4F20003 		movt	r3, #:upper16:1073766404
  68 0034 1B78     		ldrb	r3, [r3, #0]
  69 0036 FB71     		strb	r3, [r7, #7]
  73:.\Generated_Source\PSoC5/USBFS_cls.c ****             break;
  70              		.loc 1 73 0
  71 0038 16E0     		b	.L2
  72              	.L4:
  74:.\Generated_Source\PSoC5/USBFS_cls.c ****         case USBFS_RQST_RCPT_EP:         /* class-specific request directed to the endpoint */
  75:.\Generated_Source\PSoC5/USBFS_cls.c ****             /* find related intenface to the endpoint, wIndexLo contain EP number */
  76:.\Generated_Source\PSoC5/USBFS_cls.c ****             interfaceNumber =
  77:.\Generated_Source\PSoC5/USBFS_cls.c ****                 USBFS_EP[CY_GET_REG8(USBFS_wIndexLo) & USBFS_DIR_UNUSED].interface;
  73              		.loc 1 77 0
  74 003a 46F20403 		movw	r3, #:lower16:1073766404
  75 003e C4F20003 		movt	r3, #:upper16:1073766404
  76 0042 1B78     		ldrb	r3, [r3, #0]
  77 0044 DBB2     		uxtb	r3, r3
  78 0046 03F07F01 		and	r1, r3, #127
  79              		.loc 1 76 0
  80 004a 40F20002 		movw	r2, #:lower16:USBFS_EP
  81 004e C0F20002 		movt	r2, #:upper16:USBFS_EP
  82 0052 0B46     		mov	r3, r1
  83 0054 4FEA4303 		lsl	r3, r3, #1
  84 0058 0B44     		add	r3, r3, r1
  85 005a 4FEA8303 		lsl	r3, r3, #2
  86 005e 1344     		add	r3, r3, r2
  87 0060 03F10803 		add	r3, r3, #8
  88 0064 9B78     		ldrb	r3, [r3, #2]
  89 0066 FB71     		strb	r3, [r7, #7]
  90              	.L2:
ARM GAS  C:\DOCUME~1\ADMINI~1\LOCALS~1\Temp\ccTOAEGg.s 			page 4


  78:.\Generated_Source\PSoC5/USBFS_cls.c ****             break;
  79:.\Generated_Source\PSoC5/USBFS_cls.c ****         default:    /* requestHandled is initialized as FALSE by default */
  80:.\Generated_Source\PSoC5/USBFS_cls.c ****             break;
  81:.\Generated_Source\PSoC5/USBFS_cls.c ****     }
  82:.\Generated_Source\PSoC5/USBFS_cls.c ****     /* Handle Class request depend on interface type */
  83:.\Generated_Source\PSoC5/USBFS_cls.c ****     switch(USBFS_interfaceClass[interfaceNumber])
  91              		.loc 1 83 0
  92 0068 40F20003 		movw	r3, #:lower16:USBFS_interfaceClass
  93 006c C0F20003 		movt	r3, #:upper16:USBFS_interfaceClass
  94 0070 1A68     		ldr	r2, [r3, #0]
  95 0072 FB79     		ldrb	r3, [r7, #7]	@ zero_extendqisi2
  96 0074 1344     		add	r3, r2, r3
  97 0076 1B78     		ldrb	r3, [r3, #0]	@ zero_extendqisi2
  98 0078 022B     		cmp	r3, #2
  99 007a 08D0     		beq	.L7
 100 007c 032B     		cmp	r3, #3
 101 007e 01D0     		beq	.L8
 102 0080 012B     		cmp	r3, #1
  84:.\Generated_Source\PSoC5/USBFS_cls.c ****     {
  85:.\Generated_Source\PSoC5/USBFS_cls.c ****         case USBFS_CLASS_HID:
  86:.\Generated_Source\PSoC5/USBFS_cls.c ****             #if defined(USBFS_ENABLE_HID_CLASS)
  87:.\Generated_Source\PSoC5/USBFS_cls.c ****                 requestHandled = USBFS_DispatchHIDClassRqst();
  88:.\Generated_Source\PSoC5/USBFS_cls.c ****             #endif /* USBFS_ENABLE_HID_CLASS */
  89:.\Generated_Source\PSoC5/USBFS_cls.c ****             break;
  90:.\Generated_Source\PSoC5/USBFS_cls.c ****         case USBFS_CLASS_AUDIO:
  91:.\Generated_Source\PSoC5/USBFS_cls.c ****             #if defined(USBFS_ENABLE_AUDIO_CLASS)
  92:.\Generated_Source\PSoC5/USBFS_cls.c ****                 requestHandled = USBFS_DispatchAUDIOClassRqst();
  93:.\Generated_Source\PSoC5/USBFS_cls.c ****             #endif /* USBFS_ENABLE_HID_CLASS */
  94:.\Generated_Source\PSoC5/USBFS_cls.c ****             break;
 103              		.loc 1 94 0
 104 0082 08E0     		b	.L5
 105              	.L8:
 106              		.loc 1 87 0
 107 0084 FFF7FEFF 		bl	USBFS_DispatchHIDClassRqst
 108 0088 0346     		mov	r3, r0
 109 008a BB71     		strb	r3, [r7, #6]
 110              		.loc 1 89 0
 111 008c 03E0     		b	.L5
 112              	.L7:
  95:.\Generated_Source\PSoC5/USBFS_cls.c ****         case USBFS_CLASS_CDC:
  96:.\Generated_Source\PSoC5/USBFS_cls.c ****             #if defined(USBFS_ENABLE_CDC_CLASS)
  97:.\Generated_Source\PSoC5/USBFS_cls.c ****                 requestHandled = USBFS_DispatchCDCClassRqst();
 113              		.loc 1 97 0
 114 008e FFF7FEFF 		bl	USBFS_DispatchCDCClassRqst
 115 0092 0346     		mov	r3, r0
 116 0094 BB71     		strb	r3, [r7, #6]
 117              	.L5:
  98:.\Generated_Source\PSoC5/USBFS_cls.c ****             #endif /* USBFS_ENABLE_CDC_CLASS */
  99:.\Generated_Source\PSoC5/USBFS_cls.c ****             break;
 100:.\Generated_Source\PSoC5/USBFS_cls.c ****         default:    /* requestHandled is initialezed as FALSE by default */
 101:.\Generated_Source\PSoC5/USBFS_cls.c ****             break;
 102:.\Generated_Source\PSoC5/USBFS_cls.c ****     }
 103:.\Generated_Source\PSoC5/USBFS_cls.c **** 
 104:.\Generated_Source\PSoC5/USBFS_cls.c ****     /* `#START USER_DEFINED_CLASS_CODE` Place your Class request here */
 105:.\Generated_Source\PSoC5/USBFS_cls.c **** 
 106:.\Generated_Source\PSoC5/USBFS_cls.c ****     /* `#END` */
 107:.\Generated_Source\PSoC5/USBFS_cls.c **** 
ARM GAS  C:\DOCUME~1\ADMINI~1\LOCALS~1\Temp\ccTOAEGg.s 			page 5


 108:.\Generated_Source\PSoC5/USBFS_cls.c ****     return(requestHandled);
 118              		.loc 1 108 0
 119 0096 BB79     		ldrb	r3, [r7, #6]	@ zero_extendqisi2
 109:.\Generated_Source\PSoC5/USBFS_cls.c **** }
 120              		.loc 1 109 0
 121 0098 1846     		mov	r0, r3
 122 009a 07F10807 		add	r7, r7, #8
 123 009e BD46     		mov	sp, r7
 124 00a0 80BD     		pop	{r7, pc}
 125              		.cfi_endproc
 126              	.LFE0:
 127              		.size	USBFS_DispatchClassRqst, .-USBFS_DispatchClassRqst
 128 00a2 00BF     		.text
 129              	.Letext0:
 130              		.section	.debug_loc,"",%progbits
 131              	.Ldebug_loc0:
 132              	.LLST0:
 133 0000 00000000 		.4byte	.LFB0
 134 0004 02000000 		.4byte	.LCFI0
 135 0008 0100     		.2byte	0x1
 136 000a 5D       		.byte	0x5d
 137 000b 02000000 		.4byte	.LCFI0
 138 000f 04000000 		.4byte	.LCFI1
 139 0013 0200     		.2byte	0x2
 140 0015 7D       		.byte	0x7d
 141 0016 08       		.sleb128 8
 142 0017 04000000 		.4byte	.LCFI1
 143 001b 06000000 		.4byte	.LCFI2
 144 001f 0200     		.2byte	0x2
 145 0021 7D       		.byte	0x7d
 146 0022 10       		.sleb128 16
 147 0023 06000000 		.4byte	.LCFI2
 148 0027 A2000000 		.4byte	.LFE0
 149 002b 0200     		.2byte	0x2
 150 002d 77       		.byte	0x77
 151 002e 10       		.sleb128 16
 152 002f 00000000 		.4byte	0x0
 153 0033 00000000 		.4byte	0x0
 154              		.file 2 ".\\Generated_Source\\PSoC5\\/cytypes.h"
 155              		.file 3 ".\\Generated_Source\\PSoC5\\/USBFS.h"
 156              		.section	.debug_info
 157 0000 99010000 		.4byte	0x199
 158 0004 0200     		.2byte	0x2
 159 0006 00000000 		.4byte	.Ldebug_abbrev0
 160 000a 04       		.byte	0x4
 161 000b 01       		.uleb128 0x1
 162 000c 8A010000 		.4byte	.LASF28
 163 0010 01       		.byte	0x1
 164 0011 D5010000 		.4byte	.LASF29
 165 0015 0E000000 		.4byte	.LASF30
 166 0019 00000000 		.4byte	0x0
 167 001d 00000000 		.4byte	0x0
 168 0021 00000000 		.4byte	.Ldebug_ranges0+0x0
 169 0025 00000000 		.4byte	.Ldebug_line0
 170 0029 02       		.uleb128 0x2
 171 002a 01       		.byte	0x1
 172 002b 06       		.byte	0x6
ARM GAS  C:\DOCUME~1\ADMINI~1\LOCALS~1\Temp\ccTOAEGg.s 			page 6


 173 002c C9010000 		.4byte	.LASF0
 174 0030 02       		.uleb128 0x2
 175 0031 01       		.byte	0x1
 176 0032 08       		.byte	0x8
 177 0033 0A010000 		.4byte	.LASF1
 178 0037 02       		.uleb128 0x2
 179 0038 02       		.byte	0x2
 180 0039 05       		.byte	0x5
 181 003a A6010000 		.4byte	.LASF2
 182 003e 02       		.uleb128 0x2
 183 003f 02       		.byte	0x2
 184 0040 07       		.byte	0x7
 185 0041 67000000 		.4byte	.LASF3
 186 0045 02       		.uleb128 0x2
 187 0046 04       		.byte	0x4
 188 0047 05       		.byte	0x5
 189 0048 C0010000 		.4byte	.LASF4
 190 004c 02       		.uleb128 0x2
 191 004d 04       		.byte	0x4
 192 004e 07       		.byte	0x7
 193 004f DA000000 		.4byte	.LASF5
 194 0053 02       		.uleb128 0x2
 195 0054 08       		.byte	0x8
 196 0055 05       		.byte	0x5
 197 0056 00000000 		.4byte	.LASF6
 198 005a 02       		.uleb128 0x2
 199 005b 08       		.byte	0x8
 200 005c 07       		.byte	0x7
 201 005d 50010000 		.4byte	.LASF7
 202 0061 03       		.uleb128 0x3
 203 0062 04       		.byte	0x4
 204 0063 05       		.byte	0x5
 205 0064 696E7400 		.ascii	"int\000"
 206 0068 02       		.uleb128 0x2
 207 0069 04       		.byte	0x4
 208 006a 07       		.byte	0x7
 209 006b 43010000 		.4byte	.LASF8
 210 006f 04       		.uleb128 0x4
 211 0070 B0010000 		.4byte	.LASF9
 212 0074 02       		.byte	0x2
 213 0075 4C       		.byte	0x4c
 214 0076 30000000 		.4byte	0x30
 215 007a 04       		.uleb128 0x4
 216 007b 31010000 		.4byte	.LASF10
 217 007f 02       		.byte	0x2
 218 0080 4D       		.byte	0x4d
 219 0081 3E000000 		.4byte	0x3e
 220 0085 02       		.uleb128 0x2
 221 0086 04       		.byte	0x4
 222 0087 04       		.byte	0x4
 223 0088 9E000000 		.4byte	.LASF11
 224 008c 02       		.uleb128 0x2
 225 008d 08       		.byte	0x8
 226 008e 04       		.byte	0x4
 227 008f 18010000 		.4byte	.LASF12
 228 0093 02       		.uleb128 0x2
 229 0094 01       		.byte	0x1
ARM GAS  C:\DOCUME~1\ADMINI~1\LOCALS~1\Temp\ccTOAEGg.s 			page 7


 230 0095 08       		.byte	0x8
 231 0096 96010000 		.4byte	.LASF13
 232 009a 05       		.uleb128 0x5
 233 009b 04       		.byte	0x4
 234 009c 07       		.byte	0x7
 235 009d 06       		.uleb128 0x6
 236 009e 71010000 		.4byte	.LASF31
 237 00a2 0C       		.byte	0xc
 238 00a3 03       		.byte	0x3
 239 00a4 7B       		.byte	0x7b
 240 00a5 28010000 		.4byte	0x128
 241 00a9 07       		.uleb128 0x7
 242 00aa 1F010000 		.4byte	.LASF14
 243 00ae 03       		.byte	0x3
 244 00af 7C       		.byte	0x7c
 245 00b0 6F000000 		.4byte	0x6f
 246 00b4 02       		.byte	0x2
 247 00b5 23       		.byte	0x23
 248 00b6 00       		.uleb128 0x0
 249 00b7 07       		.uleb128 0x7
 250 00b8 38010000 		.4byte	.LASF15
 251 00bc 03       		.byte	0x3
 252 00bd 7D       		.byte	0x7d
 253 00be 6F000000 		.4byte	0x6f
 254 00c2 02       		.byte	0x2
 255 00c3 23       		.byte	0x23
 256 00c4 01       		.uleb128 0x1
 257 00c5 07       		.uleb128 0x7
 258 00c6 67010000 		.4byte	.LASF16
 259 00ca 03       		.byte	0x3
 260 00cb 7E       		.byte	0x7e
 261 00cc 6F000000 		.4byte	0x6f
 262 00d0 02       		.byte	0x2
 263 00d1 23       		.byte	0x23
 264 00d2 02       		.uleb128 0x2
 265 00d3 07       		.uleb128 0x7
 266 00d4 A4000000 		.4byte	.LASF17
 267 00d8 03       		.byte	0x3
 268 00d9 7F       		.byte	0x7f
 269 00da 6F000000 		.4byte	0x6f
 270 00de 02       		.byte	0x2
 271 00df 23       		.byte	0x23
 272 00e0 03       		.uleb128 0x3
 273 00e1 07       		.uleb128 0x7
 274 00e2 EC000000 		.4byte	.LASF18
 275 00e6 03       		.byte	0x3
 276 00e7 80       		.byte	0x80
 277 00e8 6F000000 		.4byte	0x6f
 278 00ec 02       		.byte	0x2
 279 00ed 23       		.byte	0x23
 280 00ee 04       		.uleb128 0x4
 281 00ef 07       		.uleb128 0x7
 282 00f0 83010000 		.4byte	.LASF19
 283 00f4 03       		.byte	0x3
 284 00f5 81       		.byte	0x81
 285 00f6 6F000000 		.4byte	0x6f
 286 00fa 02       		.byte	0x2
ARM GAS  C:\DOCUME~1\ADMINI~1\LOCALS~1\Temp\ccTOAEGg.s 			page 8


 287 00fb 23       		.byte	0x23
 288 00fc 05       		.uleb128 0x5
 289 00fd 07       		.uleb128 0x7
 290 00fe 26010000 		.4byte	.LASF20
 291 0102 03       		.byte	0x3
 292 0103 82       		.byte	0x82
 293 0104 7A000000 		.4byte	0x7a
 294 0108 02       		.byte	0x2
 295 0109 23       		.byte	0x23
 296 010a 06       		.uleb128 0x6
 297 010b 07       		.uleb128 0x7
 298 010c 9B010000 		.4byte	.LASF21
 299 0110 03       		.byte	0x3
 300 0111 83       		.byte	0x83
 301 0112 7A000000 		.4byte	0x7a
 302 0116 02       		.byte	0x2
 303 0117 23       		.byte	0x23
 304 0118 08       		.uleb128 0x8
 305 0119 07       		.uleb128 0x7
 306 011a B6010000 		.4byte	.LASF22
 307 011e 03       		.byte	0x3
 308 011f 84       		.byte	0x84
 309 0120 6F000000 		.4byte	0x6f
 310 0124 02       		.byte	0x2
 311 0125 23       		.byte	0x23
 312 0126 0A       		.uleb128 0xa
 313 0127 00       		.byte	0x0
 314 0128 04       		.uleb128 0x4
 315 0129 7A000000 		.4byte	.LASF23
 316 012d 03       		.byte	0x3
 317 012e 85       		.byte	0x85
 318 012f 9D000000 		.4byte	0x9d
 319 0133 08       		.uleb128 0x8
 320 0134 01       		.byte	0x1
 321 0135 C2000000 		.4byte	.LASF32
 322 0139 01       		.byte	0x1
 323 013a 40       		.byte	0x40
 324 013b 6F000000 		.4byte	0x6f
 325 013f 00000000 		.4byte	.LFB0
 326 0143 A2000000 		.4byte	.LFE0
 327 0147 00000000 		.4byte	.LLST0
 328 014b 6C010000 		.4byte	0x16c
 329 014f 09       		.uleb128 0x9
 330 0150 8F000000 		.4byte	.LASF24
 331 0154 01       		.byte	0x1
 332 0155 42       		.byte	0x42
 333 0156 6F000000 		.4byte	0x6f
 334 015a 02       		.byte	0x2
 335 015b 91       		.byte	0x91
 336 015c 76       		.sleb128 -10
 337 015d 09       		.uleb128 0x9
 338 015e F1000000 		.4byte	.LASF25
 339 0162 01       		.byte	0x1
 340 0163 43       		.byte	0x43
 341 0164 6F000000 		.4byte	0x6f
 342 0168 02       		.byte	0x2
 343 0169 91       		.byte	0x91
ARM GAS  C:\DOCUME~1\ADMINI~1\LOCALS~1\Temp\ccTOAEGg.s 			page 9


 344 016a 77       		.sleb128 -9
 345 016b 00       		.byte	0x0
 346 016c 0A       		.uleb128 0xa
 347 016d AD000000 		.4byte	.LASF26
 348 0171 01       		.byte	0x1
 349 0172 24       		.byte	0x24
 350 0173 79010000 		.4byte	0x179
 351 0177 01       		.byte	0x1
 352 0178 01       		.byte	0x1
 353 0179 0B       		.uleb128 0xb
 354 017a 04       		.byte	0x4
 355 017b 6F000000 		.4byte	0x6f
 356 017f 0C       		.uleb128 0xc
 357 0180 28010000 		.4byte	0x128
 358 0184 8A010000 		.4byte	0x18a
 359 0188 0D       		.uleb128 0xd
 360 0189 00       		.byte	0x0
 361 018a 0A       		.uleb128 0xa
 362 018b 01010000 		.4byte	.LASF27
 363 018f 01       		.byte	0x1
 364 0190 25       		.byte	0x25
 365 0191 97010000 		.4byte	0x197
 366 0195 01       		.byte	0x1
 367 0196 01       		.byte	0x1
 368 0197 0E       		.uleb128 0xe
 369 0198 7F010000 		.4byte	0x17f
 370 019c 00       		.byte	0x0
 371              		.section	.debug_abbrev
 372 0000 01       		.uleb128 0x1
 373 0001 11       		.uleb128 0x11
 374 0002 01       		.byte	0x1
 375 0003 25       		.uleb128 0x25
 376 0004 0E       		.uleb128 0xe
 377 0005 13       		.uleb128 0x13
 378 0006 0B       		.uleb128 0xb
 379 0007 03       		.uleb128 0x3
 380 0008 0E       		.uleb128 0xe
 381 0009 1B       		.uleb128 0x1b
 382 000a 0E       		.uleb128 0xe
 383 000b 11       		.uleb128 0x11
 384 000c 01       		.uleb128 0x1
 385 000d 52       		.uleb128 0x52
 386 000e 01       		.uleb128 0x1
 387 000f 55       		.uleb128 0x55
 388 0010 06       		.uleb128 0x6
 389 0011 10       		.uleb128 0x10
 390 0012 06       		.uleb128 0x6
 391 0013 00       		.byte	0x0
 392 0014 00       		.byte	0x0
 393 0015 02       		.uleb128 0x2
 394 0016 24       		.uleb128 0x24
 395 0017 00       		.byte	0x0
 396 0018 0B       		.uleb128 0xb
 397 0019 0B       		.uleb128 0xb
 398 001a 3E       		.uleb128 0x3e
 399 001b 0B       		.uleb128 0xb
 400 001c 03       		.uleb128 0x3
ARM GAS  C:\DOCUME~1\ADMINI~1\LOCALS~1\Temp\ccTOAEGg.s 			page 10


 401 001d 0E       		.uleb128 0xe
 402 001e 00       		.byte	0x0
 403 001f 00       		.byte	0x0
 404 0020 03       		.uleb128 0x3
 405 0021 24       		.uleb128 0x24
 406 0022 00       		.byte	0x0
 407 0023 0B       		.uleb128 0xb
 408 0024 0B       		.uleb128 0xb
 409 0025 3E       		.uleb128 0x3e
 410 0026 0B       		.uleb128 0xb
 411 0027 03       		.uleb128 0x3
 412 0028 08       		.uleb128 0x8
 413 0029 00       		.byte	0x0
 414 002a 00       		.byte	0x0
 415 002b 04       		.uleb128 0x4
 416 002c 16       		.uleb128 0x16
 417 002d 00       		.byte	0x0
 418 002e 03       		.uleb128 0x3
 419 002f 0E       		.uleb128 0xe
 420 0030 3A       		.uleb128 0x3a
 421 0031 0B       		.uleb128 0xb
 422 0032 3B       		.uleb128 0x3b
 423 0033 0B       		.uleb128 0xb
 424 0034 49       		.uleb128 0x49
 425 0035 13       		.uleb128 0x13
 426 0036 00       		.byte	0x0
 427 0037 00       		.byte	0x0
 428 0038 05       		.uleb128 0x5
 429 0039 24       		.uleb128 0x24
 430 003a 00       		.byte	0x0
 431 003b 0B       		.uleb128 0xb
 432 003c 0B       		.uleb128 0xb
 433 003d 3E       		.uleb128 0x3e
 434 003e 0B       		.uleb128 0xb
 435 003f 00       		.byte	0x0
 436 0040 00       		.byte	0x0
 437 0041 06       		.uleb128 0x6
 438 0042 13       		.uleb128 0x13
 439 0043 01       		.byte	0x1
 440 0044 03       		.uleb128 0x3
 441 0045 0E       		.uleb128 0xe
 442 0046 0B       		.uleb128 0xb
 443 0047 0B       		.uleb128 0xb
 444 0048 3A       		.uleb128 0x3a
 445 0049 0B       		.uleb128 0xb
 446 004a 3B       		.uleb128 0x3b
 447 004b 0B       		.uleb128 0xb
 448 004c 01       		.uleb128 0x1
 449 004d 13       		.uleb128 0x13
 450 004e 00       		.byte	0x0
 451 004f 00       		.byte	0x0
 452 0050 07       		.uleb128 0x7
 453 0051 0D       		.uleb128 0xd
 454 0052 00       		.byte	0x0
 455 0053 03       		.uleb128 0x3
 456 0054 0E       		.uleb128 0xe
 457 0055 3A       		.uleb128 0x3a
ARM GAS  C:\DOCUME~1\ADMINI~1\LOCALS~1\Temp\ccTOAEGg.s 			page 11


 458 0056 0B       		.uleb128 0xb
 459 0057 3B       		.uleb128 0x3b
 460 0058 0B       		.uleb128 0xb
 461 0059 49       		.uleb128 0x49
 462 005a 13       		.uleb128 0x13
 463 005b 38       		.uleb128 0x38
 464 005c 0A       		.uleb128 0xa
 465 005d 00       		.byte	0x0
 466 005e 00       		.byte	0x0
 467 005f 08       		.uleb128 0x8
 468 0060 2E       		.uleb128 0x2e
 469 0061 01       		.byte	0x1
 470 0062 3F       		.uleb128 0x3f
 471 0063 0C       		.uleb128 0xc
 472 0064 03       		.uleb128 0x3
 473 0065 0E       		.uleb128 0xe
 474 0066 3A       		.uleb128 0x3a
 475 0067 0B       		.uleb128 0xb
 476 0068 3B       		.uleb128 0x3b
 477 0069 0B       		.uleb128 0xb
 478 006a 49       		.uleb128 0x49
 479 006b 13       		.uleb128 0x13
 480 006c 11       		.uleb128 0x11
 481 006d 01       		.uleb128 0x1
 482 006e 12       		.uleb128 0x12
 483 006f 01       		.uleb128 0x1
 484 0070 40       		.uleb128 0x40
 485 0071 06       		.uleb128 0x6
 486 0072 01       		.uleb128 0x1
 487 0073 13       		.uleb128 0x13
 488 0074 00       		.byte	0x0
 489 0075 00       		.byte	0x0
 490 0076 09       		.uleb128 0x9
 491 0077 34       		.uleb128 0x34
 492 0078 00       		.byte	0x0
 493 0079 03       		.uleb128 0x3
 494 007a 0E       		.uleb128 0xe
 495 007b 3A       		.uleb128 0x3a
 496 007c 0B       		.uleb128 0xb
 497 007d 3B       		.uleb128 0x3b
 498 007e 0B       		.uleb128 0xb
 499 007f 49       		.uleb128 0x49
 500 0080 13       		.uleb128 0x13
 501 0081 02       		.uleb128 0x2
 502 0082 0A       		.uleb128 0xa
 503 0083 00       		.byte	0x0
 504 0084 00       		.byte	0x0
 505 0085 0A       		.uleb128 0xa
 506 0086 34       		.uleb128 0x34
 507 0087 00       		.byte	0x0
 508 0088 03       		.uleb128 0x3
 509 0089 0E       		.uleb128 0xe
 510 008a 3A       		.uleb128 0x3a
 511 008b 0B       		.uleb128 0xb
 512 008c 3B       		.uleb128 0x3b
 513 008d 0B       		.uleb128 0xb
 514 008e 49       		.uleb128 0x49
ARM GAS  C:\DOCUME~1\ADMINI~1\LOCALS~1\Temp\ccTOAEGg.s 			page 12


 515 008f 13       		.uleb128 0x13
 516 0090 3F       		.uleb128 0x3f
 517 0091 0C       		.uleb128 0xc
 518 0092 3C       		.uleb128 0x3c
 519 0093 0C       		.uleb128 0xc
 520 0094 00       		.byte	0x0
 521 0095 00       		.byte	0x0
 522 0096 0B       		.uleb128 0xb
 523 0097 0F       		.uleb128 0xf
 524 0098 00       		.byte	0x0
 525 0099 0B       		.uleb128 0xb
 526 009a 0B       		.uleb128 0xb
 527 009b 49       		.uleb128 0x49
 528 009c 13       		.uleb128 0x13
 529 009d 00       		.byte	0x0
 530 009e 00       		.byte	0x0
 531 009f 0C       		.uleb128 0xc
 532 00a0 01       		.uleb128 0x1
 533 00a1 01       		.byte	0x1
 534 00a2 49       		.uleb128 0x49
 535 00a3 13       		.uleb128 0x13
 536 00a4 01       		.uleb128 0x1
 537 00a5 13       		.uleb128 0x13
 538 00a6 00       		.byte	0x0
 539 00a7 00       		.byte	0x0
 540 00a8 0D       		.uleb128 0xd
 541 00a9 21       		.uleb128 0x21
 542 00aa 00       		.byte	0x0
 543 00ab 00       		.byte	0x0
 544 00ac 00       		.byte	0x0
 545 00ad 0E       		.uleb128 0xe
 546 00ae 35       		.uleb128 0x35
 547 00af 00       		.byte	0x0
 548 00b0 49       		.uleb128 0x49
 549 00b1 13       		.uleb128 0x13
 550 00b2 00       		.byte	0x0
 551 00b3 00       		.byte	0x0
 552 00b4 00       		.byte	0x0
 553              		.section	.debug_pubnames,"",%progbits
 554 0000 2A000000 		.4byte	0x2a
 555 0004 0200     		.2byte	0x2
 556 0006 00000000 		.4byte	.Ldebug_info0
 557 000a 9D010000 		.4byte	0x19d
 558 000e 33010000 		.4byte	0x133
 559 0012 55534246 		.ascii	"USBFS_DispatchClassRqst\000"
 559      535F4469 
 559      73706174 
 559      6368436C 
 559      61737352 
 560 002a 00000000 		.4byte	0x0
 561              		.section	.debug_aranges,"",%progbits
 562 0000 1C000000 		.4byte	0x1c
 563 0004 0200     		.2byte	0x2
 564 0006 00000000 		.4byte	.Ldebug_info0
 565 000a 04       		.byte	0x4
 566 000b 00       		.byte	0x0
 567 000c 0000     		.2byte	0x0
ARM GAS  C:\DOCUME~1\ADMINI~1\LOCALS~1\Temp\ccTOAEGg.s 			page 13


 568 000e 0000     		.2byte	0x0
 569 0010 00000000 		.4byte	.LFB0
 570 0014 A2000000 		.4byte	.LFE0-.LFB0
 571 0018 00000000 		.4byte	0x0
 572 001c 00000000 		.4byte	0x0
 573              		.section	.debug_ranges,"",%progbits
 574              	.Ldebug_ranges0:
 575 0000 00000000 		.4byte	.Ltext0
 576 0004 00000000 		.4byte	.Letext0
 577 0008 00000000 		.4byte	.LFB0
 578 000c A2000000 		.4byte	.LFE0
 579 0010 00000000 		.4byte	0x0
 580 0014 00000000 		.4byte	0x0
 581              		.section	.debug_str,"MS",%progbits,1
 582              	.LASF6:
 583 0000 6C6F6E67 		.ascii	"long long int\000"
 583      206C6F6E 
 583      6720696E 
 583      7400
 584              	.LASF30:
 585 000e 5C5C7073 		.ascii	"\\\\psf\\Home\\Desktop\\USB-Audio-PSOC5LP\\Firmware"
 585      665C486F 
 585      6D655C44 
 585      65736B74 
 585      6F705C55 
 586 003b 5C4B6974 		.ascii	"\\KitProg version 2_03\\KitProg\\KitProg.cydsn\000"
 586      50726F67 
 586      20766572 
 586      73696F6E 
 586      20325F30 
 587              	.LASF3:
 588 0067 73686F72 		.ascii	"short unsigned int\000"
 588      7420756E 
 588      7369676E 
 588      65642069 
 588      6E7400
 589              	.LASF23:
 590 007a 545F5553 		.ascii	"T_USBFS_EP_CTL_BLOCK\000"
 590      4246535F 
 590      45505F43 
 590      544C5F42 
 590      4C4F434B 
 591              	.LASF24:
 592 008f 72657175 		.ascii	"requestHandled\000"
 592      65737448 
 592      616E646C 
 592      656400
 593              	.LASF11:
 594 009e 666C6F61 		.ascii	"float\000"
 594      7400
 595              	.LASF17:
 596 00a4 6570546F 		.ascii	"epToggle\000"
 596      67676C65 
 596      00
 597              	.LASF26:
 598 00ad 55534246 		.ascii	"USBFS_interfaceClass\000"
 598      535F696E 
ARM GAS  C:\DOCUME~1\ADMINI~1\LOCALS~1\Temp\ccTOAEGg.s 			page 14


 598      74657266 
 598      61636543 
 598      6C617373 
 599              	.LASF32:
 600 00c2 55534246 		.ascii	"USBFS_DispatchClassRqst\000"
 600      535F4469 
 600      73706174 
 600      6368436C 
 600      61737352 
 601              	.LASF5:
 602 00da 6C6F6E67 		.ascii	"long unsigned int\000"
 602      20756E73 
 602      69676E65 
 602      6420696E 
 602      7400
 603              	.LASF18:
 604 00ec 61646472 		.ascii	"addr\000"
 604      00
 605              	.LASF25:
 606 00f1 696E7465 		.ascii	"interfaceNumber\000"
 606      72666163 
 606      654E756D 
 606      62657200 
 607              	.LASF27:
 608 0101 55534246 		.ascii	"USBFS_EP\000"
 608      535F4550 
 608      00
 609              	.LASF1:
 610 010a 756E7369 		.ascii	"unsigned char\000"
 610      676E6564 
 610      20636861 
 610      7200
 611              	.LASF12:
 612 0118 646F7562 		.ascii	"double\000"
 612      6C6500
 613              	.LASF14:
 614 011f 61747472 		.ascii	"attrib\000"
 614      696200
 615              	.LASF20:
 616 0126 62756666 		.ascii	"buffOffset\000"
 616      4F666673 
 616      657400
 617              	.LASF10:
 618 0131 75696E74 		.ascii	"uint16\000"
 618      313600
 619              	.LASF15:
 620 0138 61706945 		.ascii	"apiEpState\000"
 620      70537461 
 620      746500
 621              	.LASF8:
 622 0143 756E7369 		.ascii	"unsigned int\000"
 622      676E6564 
 622      20696E74 
 622      00
 623              	.LASF7:
 624 0150 6C6F6E67 		.ascii	"long long unsigned int\000"
 624      206C6F6E 
ARM GAS  C:\DOCUME~1\ADMINI~1\LOCALS~1\Temp\ccTOAEGg.s 			page 15


 624      6720756E 
 624      7369676E 
 624      65642069 
 625              	.LASF16:
 626 0167 68774570 		.ascii	"hwEpState\000"
 626      53746174 
 626      6500
 627              	.LASF31:
 628 0171 5F555342 		.ascii	"_USBFS_EpCtlBlock\000"
 628      46535F45 
 628      7043746C 
 628      426C6F63 
 628      6B00
 629              	.LASF19:
 630 0183 65704D6F 		.ascii	"epMode\000"
 630      646500
 631              	.LASF28:
 632 018a 474E5520 		.ascii	"GNU C 4.4.1\000"
 632      4320342E 
 632      342E3100 
 633              	.LASF13:
 634 0196 63686172 		.ascii	"char\000"
 634      00
 635              	.LASF21:
 636 019b 62756666 		.ascii	"bufferSize\000"
 636      65725369 
 636      7A6500
 637              	.LASF2:
 638 01a6 73686F72 		.ascii	"short int\000"
 638      7420696E 
 638      7400
 639              	.LASF9:
 640 01b0 75696E74 		.ascii	"uint8\000"
 640      3800
 641              	.LASF22:
 642 01b6 696E7465 		.ascii	"interface\000"
 642      72666163 
 642      6500
 643              	.LASF4:
 644 01c0 6C6F6E67 		.ascii	"long int\000"
 644      20696E74 
 644      00
 645              	.LASF0:
 646 01c9 7369676E 		.ascii	"signed char\000"
 646      65642063 
 646      68617200 
 647              	.LASF29:
 648 01d5 2E5C4765 		.ascii	".\\Generated_Source\\PSoC5\\USBFS_cls.c\000"
 648      6E657261 
 648      7465645F 
 648      536F7572 
 648      63655C50 
 649              		.ident	"GCC: (Sourcery G++ Lite 2010q1-188) 4.4.1"
