#***************************************************************************

#sjplacer

#Version:            1.1

#Build Date:         Mar 26 2013 11:48:29

#File Generated:     Nov 30 2015 16:59:13

#Purpose:            

#Copyright (C) 2010-2011 by Softjin Technologies Pvt Ltd. All rights reserved.

#***************************************************************************

Executing : C:\Program Files\Cypress\PSoC Creator\2.2\PSoC Creator\bin/sjplacer.exe --proj-name PioneerKit_P5LP_USB_Audio --netlist-vh2 PioneerKit_P5LP_USB_Audio_p.vh2 --arch-file C:\Program Files\Cypress\PSoC Creator\2.2\PSoC Creator\dev/psoc3/psoc35_placer.ark --rrg-file C:\Program Files\Cypress\PSoC Creator\2.2\PSoC Creator\dev/psoc5/psoc5lp/route_arch-rrg.cydata --irq-file C:\Program Files\Cypress\PSoC Creator\2.2\PSoC Creator\dev/psoc5/psoc5lp/psoc5_lp_irqconn.cydata --drq-file C:\Program Files\Cypress\PSoC Creator\2.2\PSoC Creator\dev/psoc5/psoc5lp/psoc5_lp_dmaconn.cydata --dsi-conn-file C:\Program Files\Cypress\PSoC Creator\2.2\PSoC Creator\dev/psoc5/psoc5lp/psoc5_lp_dsiconn.cydata --pins-file PSoC5_PSoC5LP_68-QFN.xml --lib-file PioneerKit_P5LP_USB_Audio_p.lib --sdc-file PioneerKit_P5LP_USB_Audio.sdc --io-pcf PioneerKit_P5LP_USB_Audio.pci --outdir .

		Softjin Techologies Placer, Version 1.1

Build Date : Mar 26 2013	11:50:26

D2004: Option and Settings Summary
=============================================================
Netlist vh2 file          - PioneerKit_P5LP_USB_Audio_p.vh2
Architecture file         - C:\Program Files\Cypress\PSoC Creator\2.2\PSoC Creator\dev/psoc3/psoc35_placer.ark
Package                   - 
Defparam file             - 
SDC file                  - PioneerKit_P5LP_USB_Audio.sdc
Output directory          - .
Timing library            - PioneerKit_P5LP_USB_Audio_p.lib
IO Placement file         - PioneerKit_P5LP_USB_Audio.pci

D2050: Starting reading inputs for placer
=============================================================
D2065: Reading netlist file : "PioneerKit_P5LP_USB_Audio_p.vh2"
D2065: Reading arch file : "C:\Program Files\Cypress\PSoC Creator\2.2\PSoC Creator\dev/psoc3/psoc35_placer.ark"
D2051: Reading of inputs for placer completed successfully

D2053: Starting placement of the design
=============================================================

Phase 2
Phase 3

Design Statistics after Packing
    Number of Combinational MCs 	:	7
    Number of Sequential MCs    	:	84
    Number of DPs               	:	24
    Number of Controls          	:	5
    Number of Status            	:	2
    Number of SyncCells         	:	4
    Number of count7cells       	:	2

Device Utilization Summary after Packing
    Macrocells                  :	91/192
    UDBS                        :	24/24
    IOs                         :	14/72


D2088: Phase 3, elapsed time : 0.0 (sec)

Phase 4
D2088: Phase 4, elapsed time : 0.0 (sec)

Phase 5
D2088: Phase 5, elapsed time : 0.0 (sec)

Phase 6

######################################################################
Placement Timing Summary

The timing summary is based on estimated routing delays after
placement. For final timing report, please carry out the timing
analysis after routing.
======================================================================

######################################################################
                     Clock Summary 
======================================================================
Number of clocks: 12
Clock: AudioClkGen_Clock_I2S | Frequency:  62.1 MHz | Target:   5.6 MHz
Clock: AudioClkGen_Clock_SCK | Frequency: N/A       | Target:  11.3 MHz
Clock: AudioClkGen_Clock_SCK(routed) | Frequency: N/A       | Target:  11.3 MHz
Clock: AudioClkGen_Ref      | Frequency:  36.6 MHz | Target:  24.0 MHz
Clock: Clock_CIC            | Frequency:  28.9 MHz | Target:  22.5 MHz
Clock: CyBUS_CLK            | Frequency:  52.5 MHz | Target:  45.0 MHz
Clock: CyBUS_CLK(fixed-function) | Frequency: N/A       | Target:  45.0 MHz
Clock: CyILO                | Frequency: N/A       | Target:   0.1 MHz
Clock: CyIMO                | Frequency: N/A       | Target:  24.0 MHz
Clock: CyMASTER_CLK         | Frequency: N/A       | Target:  45.0 MHz
Clock: CyPLL_OUT            | Frequency: N/A       | Target:  45.0 MHz
Clock: CyScBoostClk         | Frequency: N/A       | Target:   9.0 MHz

======================================================================
                     End of Clock Summary
######################################################################

D2088: Phase 6, elapsed time : 0.2 (sec)

Phase 7
######################################################################
                     Clock Summary 
======================================================================
Number of clocks: 12
Clock: AudioClkGen_Clock_I2S | Frequency:  62.1 MHz | Target:   5.6 MHz
Clock: AudioClkGen_Clock_SCK | Frequency: N/A       | Target:  11.3 MHz
Clock: AudioClkGen_Clock_SCK(routed) | Frequency: N/A       | Target:  11.3 MHz
Clock: AudioClkGen_Ref      | Frequency:  39.3 MHz | Target:  24.0 MHz
Clock: Clock_CIC            | Frequency:   2.7 MHz | Target:  22.5 MHz
Clock: CyBUS_CLK            | Frequency:   2.7 MHz | Target:  45.0 MHz
Clock: CyBUS_CLK(fixed-function) | Frequency: N/A       | Target:  45.0 MHz
Clock: CyILO                | Frequency: N/A       | Target:   0.1 MHz
Clock: CyIMO                | Frequency: N/A       | Target:  24.0 MHz
Clock: CyMASTER_CLK         | Frequency: N/A       | Target:  45.0 MHz
Clock: CyPLL_OUT            | Frequency: N/A       | Target:  45.0 MHz
Clock: CyScBoostClk         | Frequency: N/A       | Target:   9.0 MHz

======================================================================
                     End of Clock Summary
######################################################################
D2088: Phase 7, elapsed time : 2.3 (sec)

Final Design Statistics
    Number of Combinational MCs 	:	7
    Number of Sequential MCs    	:	84
    Number of DPs               	:	24
    Number of Controls          	:	5
    Number of Status            	:	2
    Number of SyncCells         	:	4
    Number of count7cells       	:	2
    Number of IOs       	:	14

Device Utilization Summary
    Macrocells                  :	91/192
    IOs                         :	14/72



######################################################################
Placement Timing Summary

The timing summary is based on estimated routing delays after
placement. For final timing report, please carry out the timing
analysis after routing.
======================================================================


######################################################################
                     Clock Summary 
======================================================================
Number of clocks: 12
Clock: AudioClkGen_Clock_I2S | Frequency:  58.8 MHz | Target:   5.6 MHz
Clock: AudioClkGen_Clock_SCK | Frequency: N/A       | Target:  11.3 MHz
Clock: AudioClkGen_Clock_SCK(routed) | Frequency: N/A       | Target:  11.3 MHz
Clock: AudioClkGen_Ref      | Frequency:  33.5 MHz | Target:  24.0 MHz
Clock: Clock_CIC            | Frequency:   3.4 MHz | Target:  22.5 MHz
Clock: CyBUS_CLK            | Frequency:   3.4 MHz | Target:  45.0 MHz
Clock: CyBUS_CLK(fixed-function) | Frequency: N/A       | Target:  45.0 MHz
Clock: CyILO                | Frequency: N/A       | Target:   0.1 MHz
Clock: CyIMO                | Frequency: N/A       | Target:  24.0 MHz
Clock: CyMASTER_CLK         | Frequency: N/A       | Target:  45.0 MHz
Clock: CyPLL_OUT            | Frequency: N/A       | Target:  45.0 MHz
Clock: CyScBoostClk         | Frequency: N/A       | Target:   9.0 MHz

======================================================================
                     End of Clock Summary
######################################################################

Phase 8
D2088: Phase 8, elapsed time : 0.0 (sec)

D2054: Placement of the design completed successfully

I2076: Total run-time: 3.6 sec.

