ARM GAS  C:\DOCUME~1\ADMINI~1\LOCALS~1\Temp\cchV86Cp.s 			page 1


   1              		.syntax unified
   2              		.cpu cortex-m3
   3              		.fpu softvfp
   4              		.eabi_attribute 20, 1
   5              		.eabi_attribute 21, 1
   6              		.eabi_attribute 23, 3
   7              		.eabi_attribute 24, 1
   8              		.eabi_attribute 25, 1
   9              		.eabi_attribute 26, 1
  10              		.eabi_attribute 30, 6
  11              		.eabi_attribute 18, 4
  12              		.thumb
  13              		.file	"Cm3Start.c"
  14              		.section	.debug_abbrev,"",%progbits
  15              	.Ldebug_abbrev0:
  16              		.section	.debug_info,"",%progbits
  17              	.Ldebug_info0:
  18              		.section	.debug_line,"",%progbits
  19              	.Ldebug_line0:
  20 0000 B4000000 		.text
  20      02006C00 
  20      00000201 
  20      FB0E0D00 
  20      01010101 
  21              	.Ltext0:
  22              		.cfi_sections	.debug_frame
  23              		.section	.noinit,"aw",%progbits
  24              		.align	2
  25              		.type	cySysNoInitDataValid, %object
  26              		.size	cySysNoInitDataValid, 4
  27              	cySysNoInitDataValid:
  28 0000 00000000 		.space	4
  29              		.global	CyRamVectors
  30              		.section	.ramvectors,"aw",%progbits
  31              		.align	8
  32              		.type	CyRamVectors, %object
  33              		.size	CyRamVectors, 192
  34              	CyRamVectors:
  35 0000 00000000 		.space	192
  35      00000000 
  35      00000000 
  35      00000000 
  35      00000000 
  36 00c0 00000000 		.section	.text.IntDefaultHandler,"ax",%progbits
  36      00000000 
  36      00000000 
  36      00000000 
  36      00000000 
  37              		.align	2
  38              		.global	IntDefaultHandler
  39              		.thumb
  40              		.thumb_func
  41              		.type	IntDefaultHandler, %function
  42              	IntDefaultHandler:
  43              	.LFB0:
  44              		.file 1 ".\\Generated_Source\\PSoC5\\Cm3Start.c"
   1:.\Generated_Source\PSoC5/Cm3Start.c **** /*******************************************************************************
ARM GAS  C:\DOCUME~1\ADMINI~1\LOCALS~1\Temp\cchV86Cp.s 			page 2


   2:.\Generated_Source\PSoC5/Cm3Start.c **** * File Name: Cm3Start.c
   3:.\Generated_Source\PSoC5/Cm3Start.c **** * Version 3.40
   4:.\Generated_Source\PSoC5/Cm3Start.c **** *
   5:.\Generated_Source\PSoC5/Cm3Start.c **** *  Description:
   6:.\Generated_Source\PSoC5/Cm3Start.c **** *  Startup code for the ARM CM3.
   7:.\Generated_Source\PSoC5/Cm3Start.c **** *
   8:.\Generated_Source\PSoC5/Cm3Start.c **** ********************************************************************************
   9:.\Generated_Source\PSoC5/Cm3Start.c **** * Copyright 2008-2013, Cypress Semiconductor Corporation. All rights reserved.
  10:.\Generated_Source\PSoC5/Cm3Start.c **** * You may use this file only in accordance with the license, terms, conditions,
  11:.\Generated_Source\PSoC5/Cm3Start.c **** * disclaimers, and limitations in the end user license agreement accompanying
  12:.\Generated_Source\PSoC5/Cm3Start.c **** * the software package with which this file was provided.
  13:.\Generated_Source\PSoC5/Cm3Start.c **** *******************************************************************************/
  14:.\Generated_Source\PSoC5/Cm3Start.c **** 
  15:.\Generated_Source\PSoC5/Cm3Start.c **** #include "cydevice_trm.h"
  16:.\Generated_Source\PSoC5/Cm3Start.c **** #include "cytypes.h"
  17:.\Generated_Source\PSoC5/Cm3Start.c **** #include "cyfitter_cfg.h"
  18:.\Generated_Source\PSoC5/Cm3Start.c **** #include "CyLib.h"
  19:.\Generated_Source\PSoC5/Cm3Start.c **** #include "CyDmac.h"
  20:.\Generated_Source\PSoC5/Cm3Start.c **** #include "cyfitter.h"
  21:.\Generated_Source\PSoC5/Cm3Start.c **** 
  22:.\Generated_Source\PSoC5/Cm3Start.c **** #define NUM_INTERRUPTS              32u
  23:.\Generated_Source\PSoC5/Cm3Start.c **** #define NUM_VECTORS                 (CYINT_IRQ_BASE+NUM_INTERRUPTS)
  24:.\Generated_Source\PSoC5/Cm3Start.c **** #define NUM_ROM_VECTORS             4u
  25:.\Generated_Source\PSoC5/Cm3Start.c **** #define NVIC_APINT                  ((reg32 *) CYREG_NVIC_APPLN_INTR)
  26:.\Generated_Source\PSoC5/Cm3Start.c **** #define NVIC_CFG_CTRL               ((reg32 *) CYREG_NVIC_CFG_CONTROL)
  27:.\Generated_Source\PSoC5/Cm3Start.c **** #define NVIC_APINT_PRIGROUP_3_5     0x00000400u  /* Priority group 3.5 split */
  28:.\Generated_Source\PSoC5/Cm3Start.c **** #define NVIC_APINT_VECTKEY          0x05FA0000u  /* This key is required in order to write the NVIC
  29:.\Generated_Source\PSoC5/Cm3Start.c **** #define NVIC_CFG_STACKALIGN         0x00000200u  /* This specifies that the exception stack must be
  30:.\Generated_Source\PSoC5/Cm3Start.c **** 
  31:.\Generated_Source\PSoC5/Cm3Start.c **** /* Extern functions */
  32:.\Generated_Source\PSoC5/Cm3Start.c **** extern void CyBtldr_CheckLaunch(void);
  33:.\Generated_Source\PSoC5/Cm3Start.c **** 
  34:.\Generated_Source\PSoC5/Cm3Start.c **** /* Function prototypes */
  35:.\Generated_Source\PSoC5/Cm3Start.c **** void initialize_psoc(void);
  36:.\Generated_Source\PSoC5/Cm3Start.c **** CY_ISR(IntDefaultHandler);
  37:.\Generated_Source\PSoC5/Cm3Start.c **** void Reset(void);
  38:.\Generated_Source\PSoC5/Cm3Start.c **** CY_ISR(IntDefaultHandler);
  39:.\Generated_Source\PSoC5/Cm3Start.c **** 
  40:.\Generated_Source\PSoC5/Cm3Start.c **** #if defined(__ARMCC_VERSION)
  41:.\Generated_Source\PSoC5/Cm3Start.c ****     #define INITIAL_STACK_POINTER (cyisraddress)(uint32)&Image$$ARM_LIB_STACK$$ZI$$Limit
  42:.\Generated_Source\PSoC5/Cm3Start.c **** #elif defined (__GNUC__)
  43:.\Generated_Source\PSoC5/Cm3Start.c ****     #define INITIAL_STACK_POINTER __cs3_stack
  44:.\Generated_Source\PSoC5/Cm3Start.c **** #endif  /* (__ARMCC_VERSION) */
  45:.\Generated_Source\PSoC5/Cm3Start.c **** 
  46:.\Generated_Source\PSoC5/Cm3Start.c **** /* Global variables */
  47:.\Generated_Source\PSoC5/Cm3Start.c **** CY_NOINIT static uint32 cySysNoInitDataValid;
  48:.\Generated_Source\PSoC5/Cm3Start.c **** 
  49:.\Generated_Source\PSoC5/Cm3Start.c **** 
  50:.\Generated_Source\PSoC5/Cm3Start.c **** /*******************************************************************************
  51:.\Generated_Source\PSoC5/Cm3Start.c **** * Default Ram Interrupt Vector table storage area. Must be 256-byte aligned.
  52:.\Generated_Source\PSoC5/Cm3Start.c **** *******************************************************************************/
  53:.\Generated_Source\PSoC5/Cm3Start.c **** 
  54:.\Generated_Source\PSoC5/Cm3Start.c **** __attribute__ ((section(".ramvectors")))
  55:.\Generated_Source\PSoC5/Cm3Start.c **** #if defined(__ARMCC_VERSION)
  56:.\Generated_Source\PSoC5/Cm3Start.c **** __align(256)
  57:.\Generated_Source\PSoC5/Cm3Start.c **** #elif defined (__GNUC__)
  58:.\Generated_Source\PSoC5/Cm3Start.c **** __attribute__ ((aligned(256)))
ARM GAS  C:\DOCUME~1\ADMINI~1\LOCALS~1\Temp\cchV86Cp.s 			page 3


  59:.\Generated_Source\PSoC5/Cm3Start.c **** #endif
  60:.\Generated_Source\PSoC5/Cm3Start.c **** cyisraddress CyRamVectors[NUM_VECTORS];
  61:.\Generated_Source\PSoC5/Cm3Start.c **** 
  62:.\Generated_Source\PSoC5/Cm3Start.c **** 
  63:.\Generated_Source\PSoC5/Cm3Start.c **** /*******************************************************************************
  64:.\Generated_Source\PSoC5/Cm3Start.c **** * Function Name: IntDefaultHandler
  65:.\Generated_Source\PSoC5/Cm3Start.c **** ********************************************************************************
  66:.\Generated_Source\PSoC5/Cm3Start.c **** *
  67:.\Generated_Source\PSoC5/Cm3Start.c **** * Summary:
  68:.\Generated_Source\PSoC5/Cm3Start.c **** *  This function is called for all interrupts, other than reset, that get
  69:.\Generated_Source\PSoC5/Cm3Start.c **** *  called before the system is setup.
  70:.\Generated_Source\PSoC5/Cm3Start.c **** *
  71:.\Generated_Source\PSoC5/Cm3Start.c **** * Parameters:
  72:.\Generated_Source\PSoC5/Cm3Start.c **** *  None
  73:.\Generated_Source\PSoC5/Cm3Start.c **** *
  74:.\Generated_Source\PSoC5/Cm3Start.c **** * Return:
  75:.\Generated_Source\PSoC5/Cm3Start.c **** *  None
  76:.\Generated_Source\PSoC5/Cm3Start.c **** *
  77:.\Generated_Source\PSoC5/Cm3Start.c **** * Theory:
  78:.\Generated_Source\PSoC5/Cm3Start.c **** *  Any value other than zero is acceptable.
  79:.\Generated_Source\PSoC5/Cm3Start.c **** *
  80:.\Generated_Source\PSoC5/Cm3Start.c **** *******************************************************************************/
  81:.\Generated_Source\PSoC5/Cm3Start.c **** CY_ISR(IntDefaultHandler)
  82:.\Generated_Source\PSoC5/Cm3Start.c **** {
  45              		.loc 1 82 0
  46              		.cfi_startproc
  47              		@ args = 0, pretend = 0, frame = 0
  48              		@ frame_needed = 1, uses_anonymous_args = 0
  49              		@ link register save eliminated.
  50 0000 80B4     		push	{r7}
  51              	.LCFI0:
  52              		.cfi_def_cfa_offset 4
  53 0002 00AF     		add	r7, sp, #0
  54              		.cfi_offset 7, -4
  55              	.LCFI1:
  56              		.cfi_def_cfa_register 7
  57              	.L2:
  83:.\Generated_Source\PSoC5/Cm3Start.c **** 
  84:.\Generated_Source\PSoC5/Cm3Start.c ****     while(1)
  85:.\Generated_Source\PSoC5/Cm3Start.c ****     {
  86:.\Generated_Source\PSoC5/Cm3Start.c ****         /***********************************************************************
  87:.\Generated_Source\PSoC5/Cm3Start.c ****         * We should never get here. If we do, a serious problem occured, so go
  88:.\Generated_Source\PSoC5/Cm3Start.c ****         * into an infinite loop.
  89:.\Generated_Source\PSoC5/Cm3Start.c ****         ***********************************************************************/
  90:.\Generated_Source\PSoC5/Cm3Start.c ****     }
  58              		.loc 1 90 0
  59 0004 FEE7     		b	.L2
  60              		.cfi_endproc
  61              	.LFE0:
  62              		.size	IntDefaultHandler, .-IntDefaultHandler
  63 0006 00BF     		.section	.text.Reset,"ax",%progbits
  64              		.align	2
  65              		.global	Reset
  66              		.thumb
  67              		.thumb_func
  68              		.type	Reset, %function
  69              	Reset:
ARM GAS  C:\DOCUME~1\ADMINI~1\LOCALS~1\Temp\cchV86Cp.s 			page 4


  70              	.LFB1:
  91:.\Generated_Source\PSoC5/Cm3Start.c **** }
  92:.\Generated_Source\PSoC5/Cm3Start.c **** 
  93:.\Generated_Source\PSoC5/Cm3Start.c **** 
  94:.\Generated_Source\PSoC5/Cm3Start.c **** #if defined(__ARMCC_VERSION)
  95:.\Generated_Source\PSoC5/Cm3Start.c **** 
  96:.\Generated_Source\PSoC5/Cm3Start.c **** /* Local function for the device reset. */
  97:.\Generated_Source\PSoC5/Cm3Start.c **** extern void Reset(void);
  98:.\Generated_Source\PSoC5/Cm3Start.c **** 
  99:.\Generated_Source\PSoC5/Cm3Start.c **** /* Application entry point. */
 100:.\Generated_Source\PSoC5/Cm3Start.c **** extern void $Super$$main(void);
 101:.\Generated_Source\PSoC5/Cm3Start.c **** 
 102:.\Generated_Source\PSoC5/Cm3Start.c **** /* Linker-generated Stack Base addresses, Two Region and One Region */
 103:.\Generated_Source\PSoC5/Cm3Start.c **** extern uint32 Image$$ARM_LIB_STACK$$ZI$$Limit;
 104:.\Generated_Source\PSoC5/Cm3Start.c **** 
 105:.\Generated_Source\PSoC5/Cm3Start.c **** /* RealView C Library initialization. */
 106:.\Generated_Source\PSoC5/Cm3Start.c **** extern int __main(void);
 107:.\Generated_Source\PSoC5/Cm3Start.c **** 
 108:.\Generated_Source\PSoC5/Cm3Start.c **** 
 109:.\Generated_Source\PSoC5/Cm3Start.c **** /*******************************************************************************
 110:.\Generated_Source\PSoC5/Cm3Start.c **** * Function Name: Reset
 111:.\Generated_Source\PSoC5/Cm3Start.c **** ********************************************************************************
 112:.\Generated_Source\PSoC5/Cm3Start.c **** *
 113:.\Generated_Source\PSoC5/Cm3Start.c **** * Summary:
 114:.\Generated_Source\PSoC5/Cm3Start.c **** *  This function handles the reset interrupt for the RVDS/MDK toolchains.
 115:.\Generated_Source\PSoC5/Cm3Start.c **** *  This is the first bit of code that is executed at startup.
 116:.\Generated_Source\PSoC5/Cm3Start.c **** *
 117:.\Generated_Source\PSoC5/Cm3Start.c **** * Parameters:
 118:.\Generated_Source\PSoC5/Cm3Start.c **** *  None
 119:.\Generated_Source\PSoC5/Cm3Start.c **** *
 120:.\Generated_Source\PSoC5/Cm3Start.c **** * Return:
 121:.\Generated_Source\PSoC5/Cm3Start.c **** *  None
 122:.\Generated_Source\PSoC5/Cm3Start.c **** *
 123:.\Generated_Source\PSoC5/Cm3Start.c **** *******************************************************************************/
 124:.\Generated_Source\PSoC5/Cm3Start.c **** __asm void Reset(void)
 125:.\Generated_Source\PSoC5/Cm3Start.c **** {
 126:.\Generated_Source\PSoC5/Cm3Start.c ****     PRESERVE8
 127:.\Generated_Source\PSoC5/Cm3Start.c ****     EXTERN __main
 128:.\Generated_Source\PSoC5/Cm3Start.c ****     EXTERN CyResetStatus
 129:.\Generated_Source\PSoC5/Cm3Start.c **** 
 130:.\Generated_Source\PSoC5/Cm3Start.c ****     #if(CYDEV_BOOTLOADER_ENABLE)
 131:.\Generated_Source\PSoC5/Cm3Start.c ****         EXTERN CyBtldr_CheckLaunch
 132:.\Generated_Source\PSoC5/Cm3Start.c ****     #endif  /* (CYDEV_BOOTLOADER_ENABLE) */
 133:.\Generated_Source\PSoC5/Cm3Start.c **** 
 134:.\Generated_Source\PSoC5/Cm3Start.c **** 
 135:.\Generated_Source\PSoC5/Cm3Start.c ****     #if(CYDEV_PROJ_TYPE != CYDEV_PROJ_TYPE_LOADABLE)
 136:.\Generated_Source\PSoC5/Cm3Start.c ****         #if(CYDEV_DEBUGGING_ENABLE)
 137:.\Generated_Source\PSoC5/Cm3Start.c ****             ldr  r3, =0x400046e8 /* CYDEV_DEBUG_ENABLE_REGISTER */
 138:.\Generated_Source\PSoC5/Cm3Start.c ****             ldrb r4, [r3, #0]
 139:.\Generated_Source\PSoC5/Cm3Start.c ****             orr  r4, r4, #01
 140:.\Generated_Source\PSoC5/Cm3Start.c ****             strb r4, [r3, #0]
 141:.\Generated_Source\PSoC5/Cm3Start.c **** debugEnabled
 142:.\Generated_Source\PSoC5/Cm3Start.c ****         #endif    /* (CYDEV_DEBUGGING_ENABLE) */
 143:.\Generated_Source\PSoC5/Cm3Start.c **** 
 144:.\Generated_Source\PSoC5/Cm3Start.c ****         ldr  r3, =0x400046fa /* CYREG_RESET_SR0 */
 145:.\Generated_Source\PSoC5/Cm3Start.c ****         ldrb r2, [r3, #0]
 146:.\Generated_Source\PSoC5/Cm3Start.c **** 
ARM GAS  C:\DOCUME~1\ADMINI~1\LOCALS~1\Temp\cchV86Cp.s 			page 5


 147:.\Generated_Source\PSoC5/Cm3Start.c ****     #endif  /* (CYDEV_PROJ_TYPE != CYDEV_PROJ_TYPE_LOADABLE) */
 148:.\Generated_Source\PSoC5/Cm3Start.c **** 
 149:.\Generated_Source\PSoC5/Cm3Start.c ****     ldr  r3, =0x400076BC /* CYREG_PHUB_CFGMEM23_CFG1 */
 150:.\Generated_Source\PSoC5/Cm3Start.c ****     strb r2, [r3, #0]
 151:.\Generated_Source\PSoC5/Cm3Start.c **** 
 152:.\Generated_Source\PSoC5/Cm3Start.c ****     #if(CYDEV_BOOTLOADER_ENABLE)
 153:.\Generated_Source\PSoC5/Cm3Start.c ****         bl CyBtldr_CheckLaunch
 154:.\Generated_Source\PSoC5/Cm3Start.c ****     #endif /* (CYDEV_BOOTLOADER_ENABLE) */
 155:.\Generated_Source\PSoC5/Cm3Start.c **** 
 156:.\Generated_Source\PSoC5/Cm3Start.c ****     /* Let RealView setup the libraries. */
 157:.\Generated_Source\PSoC5/Cm3Start.c ****     bl __main
 158:.\Generated_Source\PSoC5/Cm3Start.c **** 
 159:.\Generated_Source\PSoC5/Cm3Start.c ****     ALIGN
 160:.\Generated_Source\PSoC5/Cm3Start.c **** }
 161:.\Generated_Source\PSoC5/Cm3Start.c **** 
 162:.\Generated_Source\PSoC5/Cm3Start.c **** 
 163:.\Generated_Source\PSoC5/Cm3Start.c **** /*******************************************************************************
 164:.\Generated_Source\PSoC5/Cm3Start.c **** * Function Name: $Sub$$main
 165:.\Generated_Source\PSoC5/Cm3Start.c **** ********************************************************************************
 166:.\Generated_Source\PSoC5/Cm3Start.c **** *
 167:.\Generated_Source\PSoC5/Cm3Start.c **** * Summary:
 168:.\Generated_Source\PSoC5/Cm3Start.c **** *  This function is called imediatly before the users main
 169:.\Generated_Source\PSoC5/Cm3Start.c **** *
 170:.\Generated_Source\PSoC5/Cm3Start.c **** * Parameters:
 171:.\Generated_Source\PSoC5/Cm3Start.c **** *  None
 172:.\Generated_Source\PSoC5/Cm3Start.c **** *
 173:.\Generated_Source\PSoC5/Cm3Start.c **** * Return:
 174:.\Generated_Source\PSoC5/Cm3Start.c **** *  None
 175:.\Generated_Source\PSoC5/Cm3Start.c **** *
 176:.\Generated_Source\PSoC5/Cm3Start.c **** *******************************************************************************/
 177:.\Generated_Source\PSoC5/Cm3Start.c **** void $Sub$$main(void)
 178:.\Generated_Source\PSoC5/Cm3Start.c **** {
 179:.\Generated_Source\PSoC5/Cm3Start.c ****     initialize_psoc();
 180:.\Generated_Source\PSoC5/Cm3Start.c **** 
 181:.\Generated_Source\PSoC5/Cm3Start.c ****     /* Call original main */
 182:.\Generated_Source\PSoC5/Cm3Start.c ****     $Super$$main();
 183:.\Generated_Source\PSoC5/Cm3Start.c **** 
 184:.\Generated_Source\PSoC5/Cm3Start.c ****     /* If main returns it is undefined what we should do. */
 185:.\Generated_Source\PSoC5/Cm3Start.c ****     while (1);
 186:.\Generated_Source\PSoC5/Cm3Start.c **** }
 187:.\Generated_Source\PSoC5/Cm3Start.c **** 
 188:.\Generated_Source\PSoC5/Cm3Start.c **** #elif defined(__GNUC__)
 189:.\Generated_Source\PSoC5/Cm3Start.c **** 
 190:.\Generated_Source\PSoC5/Cm3Start.c **** extern void __cs3_stack(void);
 191:.\Generated_Source\PSoC5/Cm3Start.c **** extern void __cs3_start_c(void);
 192:.\Generated_Source\PSoC5/Cm3Start.c **** 
 193:.\Generated_Source\PSoC5/Cm3Start.c **** 
 194:.\Generated_Source\PSoC5/Cm3Start.c **** /*******************************************************************************
 195:.\Generated_Source\PSoC5/Cm3Start.c **** * Function Name: Reset
 196:.\Generated_Source\PSoC5/Cm3Start.c **** ********************************************************************************
 197:.\Generated_Source\PSoC5/Cm3Start.c **** *
 198:.\Generated_Source\PSoC5/Cm3Start.c **** * Summary:
 199:.\Generated_Source\PSoC5/Cm3Start.c **** *  This function handles the reset interrupt for the GCC toolchain.  This is the
 200:.\Generated_Source\PSoC5/Cm3Start.c **** *  first bit of code that is executed at startup.
 201:.\Generated_Source\PSoC5/Cm3Start.c **** *
 202:.\Generated_Source\PSoC5/Cm3Start.c **** * Parameters:
 203:.\Generated_Source\PSoC5/Cm3Start.c **** *  None
ARM GAS  C:\DOCUME~1\ADMINI~1\LOCALS~1\Temp\cchV86Cp.s 			page 6


 204:.\Generated_Source\PSoC5/Cm3Start.c **** *
 205:.\Generated_Source\PSoC5/Cm3Start.c **** * Return:
 206:.\Generated_Source\PSoC5/Cm3Start.c **** *  None
 207:.\Generated_Source\PSoC5/Cm3Start.c **** *
 208:.\Generated_Source\PSoC5/Cm3Start.c **** *******************************************************************************/
 209:.\Generated_Source\PSoC5/Cm3Start.c **** __attribute__ ((naked))
 210:.\Generated_Source\PSoC5/Cm3Start.c **** void Reset(void)
 211:.\Generated_Source\PSoC5/Cm3Start.c **** {
  71              		.loc 1 211 0
  72              		.cfi_startproc
  73              		@ Naked Function: prologue and epilogue provided by programmer.
  74              		@ args = 0, pretend = 0, frame = 0
  75              		@ frame_needed = 1, uses_anonymous_args = 0
 212:.\Generated_Source\PSoC5/Cm3Start.c ****     __asm volatile(
  76              		.loc 1 212 0
  77              	@ 212 ".\Generated_Source\PSoC5\Cm3Start.c" 1
  78 0000 064B     		    ldr  r3, =#1073759976
  79 0002 1C78     	    ldrb r4, [r3, #0]
  80 0004 44F00104 	    orr  r4, r4, #01
  81 0008 1C70     	    strb r4, [r3, #0]
  82              	debugEnabled:
  83 000a 054B     	    ldr  r3, =#1073759994
  84 000c 1A78     	    ldrb r2, [r3, #0]
  85 000e D2B2     	    uxtb r2, r2
  86 0010 044B     	    ldr  r3, =#1073772220
  87 0012 1A70     	    strb r2, [r3, #0]
  88 0014 FFF7FEFF 	    bl CyBtldr_CheckLaunch
  89 0018 FFF7FEFF 	    bl __cs3_start_c
  90              	
  91              	@ 0 "" 2
 213:.\Generated_Source\PSoC5/Cm3Start.c **** #if(CYDEV_PROJ_TYPE != CYDEV_PROJ_TYPE_LOADABLE)
 214:.\Generated_Source\PSoC5/Cm3Start.c **** 
 215:.\Generated_Source\PSoC5/Cm3Start.c ****   #if(CYDEV_DEBUGGING_ENABLE)
 216:.\Generated_Source\PSoC5/Cm3Start.c ****     "    ldr  r3, =%0\n"
 217:.\Generated_Source\PSoC5/Cm3Start.c ****     "    ldrb r4, [r3, #0]\n"
 218:.\Generated_Source\PSoC5/Cm3Start.c ****     "    orr  r4, r4, #01\n"
 219:.\Generated_Source\PSoC5/Cm3Start.c ****     "    strb r4, [r3, #0]\n"
 220:.\Generated_Source\PSoC5/Cm3Start.c ****     "debugEnabled:\n"
 221:.\Generated_Source\PSoC5/Cm3Start.c ****   #endif    /* (CYDEV_DEBUGGING_ENABLE) */
 222:.\Generated_Source\PSoC5/Cm3Start.c **** 
 223:.\Generated_Source\PSoC5/Cm3Start.c ****     "    ldr  r3, =%1\n"
 224:.\Generated_Source\PSoC5/Cm3Start.c ****     "    ldrb r2, [r3, #0]\n"
 225:.\Generated_Source\PSoC5/Cm3Start.c ****     "    uxtb r2, r2\n"
 226:.\Generated_Source\PSoC5/Cm3Start.c **** #endif  /* (CYDEV_PROJ_TYPE != CYDEV_PROJ_TYPE_LOADABLE) */
 227:.\Generated_Source\PSoC5/Cm3Start.c **** 
 228:.\Generated_Source\PSoC5/Cm3Start.c ****     "    ldr  r3, =%2\n"
 229:.\Generated_Source\PSoC5/Cm3Start.c ****     "    strb r2, [r3, #0]\n"
 230:.\Generated_Source\PSoC5/Cm3Start.c **** 
 231:.\Generated_Source\PSoC5/Cm3Start.c **** #if(CYDEV_BOOTLOADER_ENABLE)
 232:.\Generated_Source\PSoC5/Cm3Start.c ****     "    bl CyBtldr_CheckLaunch\n"
 233:.\Generated_Source\PSoC5/Cm3Start.c **** #endif /* (CYDEV_BOOTLOADER_ENABLE) */
 234:.\Generated_Source\PSoC5/Cm3Start.c **** 
 235:.\Generated_Source\PSoC5/Cm3Start.c ****     /*  Switch to C initialization phase */
 236:.\Generated_Source\PSoC5/Cm3Start.c ****     "    bl __cs3_start_c\n" : : "i" (CYDEV_DEBUG_ENABLE_REGISTER), "i" (CYREG_RESET_SR0), "i" (CYR
 237:.\Generated_Source\PSoC5/Cm3Start.c **** }
  92              		.loc 1 237 0
  93              		.thumb
ARM GAS  C:\DOCUME~1\ADMINI~1\LOCALS~1\Temp\cchV86Cp.s 			page 7


  94              		.cfi_endproc
  95              	.LFE1:
  96              		.size	Reset, .-Reset
  97              		.global	RomVectors
  98              		.section	.romvectors,"a",%progbits
  99              		.align	2
 100              		.type	RomVectors, %object
 101              		.size	RomVectors, 16
 102              	RomVectors:
 103 0000 00000000 		.word	__cs3_stack
 104 0004 00000000 		.word	Reset
 105 0008 00000000 		.word	IntDefaultHandler
 106 000c 00000000 		.word	IntDefaultHandler
 107              		.section	.text.initialize_psoc,"ax",%progbits
 108              		.align	2
 109              		.global	initialize_psoc
 110              		.thumb
 111              		.thumb_func
 112              		.type	initialize_psoc, %function
 113              	initialize_psoc:
 114              	.LFB2:
 238:.\Generated_Source\PSoC5/Cm3Start.c **** 
 239:.\Generated_Source\PSoC5/Cm3Start.c **** #endif /* __GNUC__ */
 240:.\Generated_Source\PSoC5/Cm3Start.c **** 
 241:.\Generated_Source\PSoC5/Cm3Start.c **** 
 242:.\Generated_Source\PSoC5/Cm3Start.c **** /*******************************************************************************
 243:.\Generated_Source\PSoC5/Cm3Start.c **** *
 244:.\Generated_Source\PSoC5/Cm3Start.c **** * Default Rom Interrupt Vector table.
 245:.\Generated_Source\PSoC5/Cm3Start.c **** *
 246:.\Generated_Source\PSoC5/Cm3Start.c **** *******************************************************************************/
 247:.\Generated_Source\PSoC5/Cm3Start.c **** #if defined(__ARMCC_VERSION)
 248:.\Generated_Source\PSoC5/Cm3Start.c ****     #pragma diag_suppress 1296
 249:.\Generated_Source\PSoC5/Cm3Start.c **** #endif
 250:.\Generated_Source\PSoC5/Cm3Start.c **** __attribute__ ((section(".romvectors")))
 251:.\Generated_Source\PSoC5/Cm3Start.c **** const cyisraddress RomVectors[NUM_ROM_VECTORS] =
 252:.\Generated_Source\PSoC5/Cm3Start.c **** {
 253:.\Generated_Source\PSoC5/Cm3Start.c ****     #if defined(__ARMCC_VERSION)
 254:.\Generated_Source\PSoC5/Cm3Start.c ****         INITIAL_STACK_POINTER,           /* The initial stack pointer  0 */
 255:.\Generated_Source\PSoC5/Cm3Start.c ****     #elif defined (__GNUC__)
 256:.\Generated_Source\PSoC5/Cm3Start.c ****         &INITIAL_STACK_POINTER,          /* The initial stack pointer  0 */
 257:.\Generated_Source\PSoC5/Cm3Start.c ****     #endif  /* (__ARMCC_VERSION) */
 258:.\Generated_Source\PSoC5/Cm3Start.c ****     (cyisraddress)&Reset,    /* The reset handler          1 */
 259:.\Generated_Source\PSoC5/Cm3Start.c ****     &IntDefaultHandler,      /* The NMI handler            2 */
 260:.\Generated_Source\PSoC5/Cm3Start.c ****     &IntDefaultHandler,      /* The hard fault handler     3 */
 261:.\Generated_Source\PSoC5/Cm3Start.c **** };
 262:.\Generated_Source\PSoC5/Cm3Start.c **** 
 263:.\Generated_Source\PSoC5/Cm3Start.c **** 
 264:.\Generated_Source\PSoC5/Cm3Start.c **** /*******************************************************************************
 265:.\Generated_Source\PSoC5/Cm3Start.c **** * Function Name: initialize_psoc
 266:.\Generated_Source\PSoC5/Cm3Start.c **** ********************************************************************************
 267:.\Generated_Source\PSoC5/Cm3Start.c **** *
 268:.\Generated_Source\PSoC5/Cm3Start.c **** * Summary:
 269:.\Generated_Source\PSoC5/Cm3Start.c **** *  This function used to initialize the PSoC chip before calling main.
 270:.\Generated_Source\PSoC5/Cm3Start.c **** *
 271:.\Generated_Source\PSoC5/Cm3Start.c **** * Parameters:
 272:.\Generated_Source\PSoC5/Cm3Start.c **** *  None
 273:.\Generated_Source\PSoC5/Cm3Start.c **** *
ARM GAS  C:\DOCUME~1\ADMINI~1\LOCALS~1\Temp\cchV86Cp.s 			page 8


 274:.\Generated_Source\PSoC5/Cm3Start.c **** * Return:
 275:.\Generated_Source\PSoC5/Cm3Start.c **** *  None
 276:.\Generated_Source\PSoC5/Cm3Start.c **** *
 277:.\Generated_Source\PSoC5/Cm3Start.c **** *******************************************************************************/
 278:.\Generated_Source\PSoC5/Cm3Start.c **** #if (defined(__GNUC__) && !defined(__ARMCC_VERSION))
 279:.\Generated_Source\PSoC5/Cm3Start.c **** __attribute__ ((constructor(101)))
 280:.\Generated_Source\PSoC5/Cm3Start.c **** #endif
 281:.\Generated_Source\PSoC5/Cm3Start.c **** 
 282:.\Generated_Source\PSoC5/Cm3Start.c **** void initialize_psoc(void)
 283:.\Generated_Source\PSoC5/Cm3Start.c **** {
 115              		.loc 1 283 0
 116              		.cfi_startproc
 117              		@ args = 0, pretend = 0, frame = 8
 118              		@ frame_needed = 1, uses_anonymous_args = 0
 119 0000 80B5     		push	{r7, lr}
 120              	.LCFI2:
 121              		.cfi_def_cfa_offset 8
 122 0002 82B0     		sub	sp, sp, #8
 123              	.LCFI3:
 124              		.cfi_def_cfa_offset 16
 125 0004 00AF     		add	r7, sp, #0
 126              		.cfi_offset 14, -4
 127              		.cfi_offset 7, -8
 128              	.LCFI4:
 129              		.cfi_def_cfa_register 7
 284:.\Generated_Source\PSoC5/Cm3Start.c ****     uint32 i;
 285:.\Generated_Source\PSoC5/Cm3Start.c **** 
 286:.\Generated_Source\PSoC5/Cm3Start.c ****     /* Set Priority group 5. */
 287:.\Generated_Source\PSoC5/Cm3Start.c **** 
 288:.\Generated_Source\PSoC5/Cm3Start.c ****     /* Writes to NVIC_APINT register require the VECTKEY in the upper half */
 289:.\Generated_Source\PSoC5/Cm3Start.c ****     *NVIC_APINT = NVIC_APINT_VECTKEY | NVIC_APINT_PRIGROUP_3_5;
 130              		.loc 1 289 0
 131 0006 4EF60C53 		movw	r3, #:lower16:-536810228
 132 000a CEF20003 		movt	r3, #:upper16:-536810228
 133 000e 40F20042 		movw	r2, #:lower16:100271104
 134 0012 C0F2FA52 		movt	r2, #:upper16:100271104
 135 0016 1A60     		str	r2, [r3, #0]
 290:.\Generated_Source\PSoC5/Cm3Start.c ****     *NVIC_CFG_CTRL |= NVIC_CFG_STACKALIGN;
 136              		.loc 1 290 0
 137 0018 4EF61453 		movw	r3, #:lower16:-536810220
 138 001c CEF20003 		movt	r3, #:upper16:-536810220
 139 0020 4EF61452 		movw	r2, #:lower16:-536810220
 140 0024 CEF20002 		movt	r2, #:upper16:-536810220
 141 0028 1268     		ldr	r2, [r2, #0]
 142 002a 42F40072 		orr	r2, r2, #512
 143 002e 1A60     		str	r2, [r3, #0]
 291:.\Generated_Source\PSoC5/Cm3Start.c **** 
 292:.\Generated_Source\PSoC5/Cm3Start.c ****     /* Set Ram interrupt vectors to default functions. */
 293:.\Generated_Source\PSoC5/Cm3Start.c ****     for(i = 0u; i < NUM_VECTORS; i++)
 144              		.loc 1 293 0
 145 0030 4FF00003 		mov	r3, #0
 146 0034 7B60     		str	r3, [r7, #4]
 147 0036 19E0     		b	.L7
 148              	.L10:
 294:.\Generated_Source\PSoC5/Cm3Start.c ****     {
 295:.\Generated_Source\PSoC5/Cm3Start.c ****         CyRamVectors[i] = (i < NUM_ROM_VECTORS) ? RomVectors[i] : &IntDefaultHandler;
 149              		.loc 1 295 0
ARM GAS  C:\DOCUME~1\ADMINI~1\LOCALS~1\Temp\cchV86Cp.s 			page 9


 150 0038 7968     		ldr	r1, [r7, #4]
 151 003a 7B68     		ldr	r3, [r7, #4]
 152 003c 032B     		cmp	r3, #3
 153 003e 07D8     		bhi	.L8
 154 0040 7A68     		ldr	r2, [r7, #4]
 155 0042 40F20003 		movw	r3, #:lower16:RomVectors
 156 0046 C0F20003 		movt	r3, #:upper16:RomVectors
 157 004a 53F82230 		ldr	r3, [r3, r2, lsl #2]
 158 004e 03E0     		b	.L9
 159              	.L8:
 160 0050 40F20003 		movw	r3, #:lower16:IntDefaultHandler
 161 0054 C0F20003 		movt	r3, #:upper16:IntDefaultHandler
 162              	.L9:
 163 0058 40F20002 		movw	r2, #:lower16:CyRamVectors
 164 005c C0F20002 		movt	r2, #:upper16:CyRamVectors
 165 0060 42F82130 		str	r3, [r2, r1, lsl #2]
 166              		.loc 1 293 0
 167 0064 7B68     		ldr	r3, [r7, #4]
 168 0066 03F10103 		add	r3, r3, #1
 169 006a 7B60     		str	r3, [r7, #4]
 170              	.L7:
 171 006c 7B68     		ldr	r3, [r7, #4]
 172 006e 2F2B     		cmp	r3, #47
 173 0070 E2D9     		bls	.L10
 296:.\Generated_Source\PSoC5/Cm3Start.c ****     }
 297:.\Generated_Source\PSoC5/Cm3Start.c **** 
 298:.\Generated_Source\PSoC5/Cm3Start.c ****     /* Was stored in CFGMEM to avoid being cleared while SRAM gets cleared */
 299:.\Generated_Source\PSoC5/Cm3Start.c ****     CyResetStatus = CY_GET_REG8(CYREG_PHUB_CFGMEM23_CFG1);
 174              		.loc 1 299 0
 175 0072 47F2BC63 		movw	r3, #:lower16:1073772220
 176 0076 C4F20003 		movt	r3, #:upper16:1073772220
 177 007a 1B78     		ldrb	r3, [r3, #0]
 178 007c DAB2     		uxtb	r2, r3
 179 007e 40F20003 		movw	r3, #:lower16:CyResetStatus
 180 0082 C0F20003 		movt	r3, #:upper16:CyResetStatus
 181 0086 1A70     		strb	r2, [r3, #0]
 300:.\Generated_Source\PSoC5/Cm3Start.c **** 
 301:.\Generated_Source\PSoC5/Cm3Start.c ****     /* Point NVIC at the RAM vector table. */
 302:.\Generated_Source\PSoC5/Cm3Start.c ****     *CYINT_VECT_TABLE = CyRamVectors;
 182              		.loc 1 302 0
 183 0088 4EF60853 		movw	r3, #:lower16:-536810232
 184 008c CEF20003 		movt	r3, #:upper16:-536810232
 185 0090 40F20002 		movw	r2, #:lower16:CyRamVectors
 186 0094 C0F20002 		movt	r2, #:upper16:CyRamVectors
 187 0098 1A60     		str	r2, [r3, #0]
 303:.\Generated_Source\PSoC5/Cm3Start.c **** 
 304:.\Generated_Source\PSoC5/Cm3Start.c ****     /* Initialize the configuration registers. */
 305:.\Generated_Source\PSoC5/Cm3Start.c ****     cyfitter_cfg();
 188              		.loc 1 305 0
 189 009a FFF7FEFF 		bl	cyfitter_cfg
 306:.\Generated_Source\PSoC5/Cm3Start.c **** 
 307:.\Generated_Source\PSoC5/Cm3Start.c ****     #if(0u != DMA_CHANNELS_USED__MASK0)
 308:.\Generated_Source\PSoC5/Cm3Start.c **** 
 309:.\Generated_Source\PSoC5/Cm3Start.c ****         /* Setup DMA - only necessary if the design contains a DMA component. */
 310:.\Generated_Source\PSoC5/Cm3Start.c ****         CyDmacConfigure();
 311:.\Generated_Source\PSoC5/Cm3Start.c **** 
 312:.\Generated_Source\PSoC5/Cm3Start.c ****     #endif  /* (0u != DMA_CHANNELS_USED__MASK0) */
ARM GAS  C:\DOCUME~1\ADMINI~1\LOCALS~1\Temp\cchV86Cp.s 			page 10


 313:.\Generated_Source\PSoC5/Cm3Start.c ****     
 314:.\Generated_Source\PSoC5/Cm3Start.c ****     /* Actually, no need to clean this variable, just to make compiler happy. */
 315:.\Generated_Source\PSoC5/Cm3Start.c ****     cySysNoInitDataValid = 0u;
 190              		.loc 1 315 0
 191 009e 40F20003 		movw	r3, #:lower16:cySysNoInitDataValid
 192 00a2 C0F20003 		movt	r3, #:upper16:cySysNoInitDataValid
 193 00a6 4FF00002 		mov	r2, #0
 194 00aa 1A60     		str	r2, [r3, #0]
 316:.\Generated_Source\PSoC5/Cm3Start.c **** }
 195              		.loc 1 316 0
 196 00ac 07F10807 		add	r7, r7, #8
 197 00b0 BD46     		mov	sp, r7
 198 00b2 80BD     		pop	{r7, pc}
 199              		.cfi_endproc
 200              	.LFE2:
 201              		.size	initialize_psoc, .-initialize_psoc
 202              		.section	.init_array,"aw",%init_array
 203              		.align	2
 204 0000 00000000 		.word	initialize_psoc(target1)
 205              		.text
 206              	.Letext0:
 207              		.section	.debug_loc,"",%progbits
 208              	.Ldebug_loc0:
 209              	.LLST0:
 210 0000 00000000 		.4byte	.LFB0
 211 0004 02000000 		.4byte	.LCFI0
 212 0008 0100     		.2byte	0x1
 213 000a 5D       		.byte	0x5d
 214 000b 02000000 		.4byte	.LCFI0
 215 000f 04000000 		.4byte	.LCFI1
 216 0013 0200     		.2byte	0x2
 217 0015 7D       		.byte	0x7d
 218 0016 04       		.sleb128 4
 219 0017 04000000 		.4byte	.LCFI1
 220 001b 06000000 		.4byte	.LFE0
 221 001f 0200     		.2byte	0x2
 222 0021 77       		.byte	0x77
 223 0022 04       		.sleb128 4
 224 0023 00000000 		.4byte	0x0
 225 0027 00000000 		.4byte	0x0
 226              	.LLST2:
 227 002b 00000000 		.4byte	.LFB2
 228 002f 02000000 		.4byte	.LCFI2
 229 0033 0100     		.2byte	0x1
 230 0035 5D       		.byte	0x5d
 231 0036 02000000 		.4byte	.LCFI2
 232 003a 04000000 		.4byte	.LCFI3
 233 003e 0200     		.2byte	0x2
 234 0040 7D       		.byte	0x7d
 235 0041 08       		.sleb128 8
 236 0042 04000000 		.4byte	.LCFI3
 237 0046 06000000 		.4byte	.LCFI4
 238 004a 0200     		.2byte	0x2
 239 004c 7D       		.byte	0x7d
 240 004d 10       		.sleb128 16
 241 004e 06000000 		.4byte	.LCFI4
 242 0052 B4000000 		.4byte	.LFE2
ARM GAS  C:\DOCUME~1\ADMINI~1\LOCALS~1\Temp\cchV86Cp.s 			page 11


 243 0056 0200     		.2byte	0x2
 244 0058 77       		.byte	0x77
 245 0059 10       		.sleb128 16
 246 005a 00000000 		.4byte	0x0
 247 005e 00000000 		.4byte	0x0
 248              		.file 2 ".\\Generated_Source\\PSoC5\\/cytypes.h"
 249              		.file 3 ".\\Generated_Source\\PSoC5\\/CyLib.h"
 250              		.section	.debug_info
 251 0000 64010000 		.4byte	0x164
 252 0004 0200     		.2byte	0x2
 253 0006 00000000 		.4byte	.Ldebug_abbrev0
 254 000a 04       		.byte	0x4
 255 000b 01       		.uleb128 0x1
 256 000c 73000000 		.4byte	.LASF21
 257 0010 01       		.byte	0x1
 258 0011 83010000 		.4byte	.LASF22
 259 0015 0A010000 		.4byte	.LASF23
 260 0019 00000000 		.4byte	0x0
 261 001d 00000000 		.4byte	0x0
 262 0021 00000000 		.4byte	.Ldebug_ranges0+0x0
 263 0025 00000000 		.4byte	.Ldebug_line0
 264 0029 02       		.uleb128 0x2
 265 002a 01       		.byte	0x1
 266 002b 06       		.byte	0x6
 267 002c E5000000 		.4byte	.LASF0
 268 0030 02       		.uleb128 0x2
 269 0031 01       		.byte	0x1
 270 0032 08       		.byte	0x8
 271 0033 8D000000 		.4byte	.LASF1
 272 0037 02       		.uleb128 0x2
 273 0038 02       		.byte	0x2
 274 0039 05       		.byte	0x5
 275 003a B6000000 		.4byte	.LASF2
 276 003e 02       		.uleb128 0x2
 277 003f 02       		.byte	0x2
 278 0040 07       		.byte	0x7
 279 0041 D2000000 		.4byte	.LASF3
 280 0045 02       		.uleb128 0x2
 281 0046 04       		.byte	0x4
 282 0047 05       		.byte	0x5
 283 0048 A0000000 		.4byte	.LASF4
 284 004c 02       		.uleb128 0x2
 285 004d 04       		.byte	0x4
 286 004e 07       		.byte	0x7
 287 004f 4A000000 		.4byte	.LASF5
 288 0053 02       		.uleb128 0x2
 289 0054 08       		.byte	0x8
 290 0055 05       		.byte	0x5
 291 0056 00000000 		.4byte	.LASF6
 292 005a 02       		.uleb128 0x2
 293 005b 08       		.byte	0x8
 294 005c 07       		.byte	0x7
 295 005d 5C000000 		.4byte	.LASF7
 296 0061 03       		.uleb128 0x3
 297 0062 04       		.byte	0x4
 298 0063 05       		.byte	0x5
 299 0064 696E7400 		.ascii	"int\000"
ARM GAS  C:\DOCUME~1\ADMINI~1\LOCALS~1\Temp\cchV86Cp.s 			page 12


 300 0068 02       		.uleb128 0x2
 301 0069 04       		.byte	0x4
 302 006a 07       		.byte	0x7
 303 006b 15000000 		.4byte	.LASF8
 304 006f 04       		.uleb128 0x4
 305 0070 44000000 		.4byte	.LASF9
 306 0074 02       		.byte	0x2
 307 0075 4C       		.byte	0x4c
 308 0076 30000000 		.4byte	0x30
 309 007a 04       		.uleb128 0x4
 310 007b 0E000000 		.4byte	.LASF10
 311 007f 02       		.byte	0x2
 312 0080 4E       		.byte	0x4e
 313 0081 4C000000 		.4byte	0x4c
 314 0085 02       		.uleb128 0x2
 315 0086 04       		.byte	0x4
 316 0087 04       		.byte	0x4
 317 0088 F1000000 		.4byte	.LASF11
 318 008c 02       		.uleb128 0x2
 319 008d 08       		.byte	0x8
 320 008e 04       		.byte	0x4
 321 008f CB000000 		.4byte	.LASF12
 322 0093 02       		.uleb128 0x2
 323 0094 01       		.byte	0x1
 324 0095 08       		.byte	0x8
 325 0096 9B000000 		.4byte	.LASF13
 326 009a 04       		.uleb128 0x4
 327 009b A9000000 		.4byte	.LASF14
 328 009f 02       		.byte	0x2
 329 00a0 EB       		.byte	0xeb
 330 00a1 A5000000 		.4byte	0xa5
 331 00a5 05       		.uleb128 0x5
 332 00a6 04       		.byte	0x4
 333 00a7 AB000000 		.4byte	0xab
 334 00ab 06       		.uleb128 0x6
 335 00ac 01       		.byte	0x1
 336 00ad 07       		.uleb128 0x7
 337 00ae 04       		.byte	0x4
 338 00af 07       		.byte	0x7
 339 00b0 08       		.uleb128 0x8
 340 00b1 01       		.byte	0x1
 341 00b2 22000000 		.4byte	.LASF15
 342 00b6 01       		.byte	0x1
 343 00b7 51       		.byte	0x51
 344 00b8 01       		.byte	0x1
 345 00b9 00000000 		.4byte	.LFB0
 346 00bd 06000000 		.4byte	.LFE0
 347 00c1 00000000 		.4byte	.LLST0
 348 00c5 09       		.uleb128 0x9
 349 00c6 01       		.byte	0x1
 350 00c7 04010000 		.4byte	.LASF16
 351 00cb 01       		.byte	0x1
 352 00cc D2       		.byte	0xd2
 353 00cd 01       		.byte	0x1
 354 00ce 00000000 		.4byte	.LFB1
 355 00d2 1C000000 		.4byte	.LFE1
 356 00d6 01       		.byte	0x1
ARM GAS  C:\DOCUME~1\ADMINI~1\LOCALS~1\Temp\cchV86Cp.s 			page 13


 357 00d7 5D       		.byte	0x5d
 358 00d8 0A       		.uleb128 0xa
 359 00d9 01       		.byte	0x1
 360 00da 34000000 		.4byte	.LASF24
 361 00de 01       		.byte	0x1
 362 00df 1A01     		.2byte	0x11a
 363 00e1 01       		.byte	0x1
 364 00e2 00000000 		.4byte	.LFB2
 365 00e6 B4000000 		.4byte	.LFE2
 366 00ea 2B000000 		.4byte	.LLST2
 367 00ee 00010000 		.4byte	0x100
 368 00f2 0B       		.uleb128 0xb
 369 00f3 6900     		.ascii	"i\000"
 370 00f5 01       		.byte	0x1
 371 00f6 1C01     		.2byte	0x11c
 372 00f8 7A000000 		.4byte	0x7a
 373 00fc 02       		.byte	0x2
 374 00fd 91       		.byte	0x91
 375 00fe 74       		.sleb128 -12
 376 00ff 00       		.byte	0x0
 377 0100 0C       		.uleb128 0xc
 378 0101 6E010000 		.4byte	.LASF17
 379 0105 01       		.byte	0x1
 380 0106 2F       		.byte	0x2f
 381 0107 7A000000 		.4byte	0x7a
 382 010b 05       		.byte	0x5
 383 010c 03       		.byte	0x3
 384 010d 00000000 		.4byte	cySysNoInitDataValid
 385 0111 0D       		.uleb128 0xd
 386 0112 7F000000 		.4byte	.LASF18
 387 0116 03       		.byte	0x3
 388 0117 31       		.byte	0x31
 389 0118 6F000000 		.4byte	0x6f
 390 011c 01       		.byte	0x1
 391 011d 01       		.byte	0x1
 392 011e 0E       		.uleb128 0xe
 393 011f 9A000000 		.4byte	0x9a
 394 0123 2E010000 		.4byte	0x12e
 395 0127 0F       		.uleb128 0xf
 396 0128 AD000000 		.4byte	0xad
 397 012c 2F       		.byte	0x2f
 398 012d 00       		.byte	0x0
 399 012e 10       		.uleb128 0x10
 400 012f F7000000 		.4byte	.LASF19
 401 0133 01       		.byte	0x1
 402 0134 3C       		.byte	0x3c
 403 0135 1E010000 		.4byte	0x11e
 404 0139 01       		.byte	0x1
 405 013a 05       		.byte	0x5
 406 013b 03       		.byte	0x3
 407 013c 00000000 		.4byte	CyRamVectors
 408 0140 0E       		.uleb128 0xe
 409 0141 9A000000 		.4byte	0x9a
 410 0145 50010000 		.4byte	0x150
 411 0149 0F       		.uleb128 0xf
 412 014a AD000000 		.4byte	0xad
 413 014e 03       		.byte	0x3
ARM GAS  C:\DOCUME~1\ADMINI~1\LOCALS~1\Temp\cchV86Cp.s 			page 14


 414 014f 00       		.byte	0x0
 415 0150 10       		.uleb128 0x10
 416 0151 C0000000 		.4byte	.LASF20
 417 0155 01       		.byte	0x1
 418 0156 FB       		.byte	0xfb
 419 0157 62010000 		.4byte	0x162
 420 015b 01       		.byte	0x1
 421 015c 05       		.byte	0x5
 422 015d 03       		.byte	0x3
 423 015e 00000000 		.4byte	RomVectors
 424 0162 11       		.uleb128 0x11
 425 0163 40010000 		.4byte	0x140
 426 0167 00       		.byte	0x0
 427              		.section	.debug_abbrev
 428 0000 01       		.uleb128 0x1
 429 0001 11       		.uleb128 0x11
 430 0002 01       		.byte	0x1
 431 0003 25       		.uleb128 0x25
 432 0004 0E       		.uleb128 0xe
 433 0005 13       		.uleb128 0x13
 434 0006 0B       		.uleb128 0xb
 435 0007 03       		.uleb128 0x3
 436 0008 0E       		.uleb128 0xe
 437 0009 1B       		.uleb128 0x1b
 438 000a 0E       		.uleb128 0xe
 439 000b 11       		.uleb128 0x11
 440 000c 01       		.uleb128 0x1
 441 000d 52       		.uleb128 0x52
 442 000e 01       		.uleb128 0x1
 443 000f 55       		.uleb128 0x55
 444 0010 06       		.uleb128 0x6
 445 0011 10       		.uleb128 0x10
 446 0012 06       		.uleb128 0x6
 447 0013 00       		.byte	0x0
 448 0014 00       		.byte	0x0
 449 0015 02       		.uleb128 0x2
 450 0016 24       		.uleb128 0x24
 451 0017 00       		.byte	0x0
 452 0018 0B       		.uleb128 0xb
 453 0019 0B       		.uleb128 0xb
 454 001a 3E       		.uleb128 0x3e
 455 001b 0B       		.uleb128 0xb
 456 001c 03       		.uleb128 0x3
 457 001d 0E       		.uleb128 0xe
 458 001e 00       		.byte	0x0
 459 001f 00       		.byte	0x0
 460 0020 03       		.uleb128 0x3
 461 0021 24       		.uleb128 0x24
 462 0022 00       		.byte	0x0
 463 0023 0B       		.uleb128 0xb
 464 0024 0B       		.uleb128 0xb
 465 0025 3E       		.uleb128 0x3e
 466 0026 0B       		.uleb128 0xb
 467 0027 03       		.uleb128 0x3
 468 0028 08       		.uleb128 0x8
 469 0029 00       		.byte	0x0
 470 002a 00       		.byte	0x0
ARM GAS  C:\DOCUME~1\ADMINI~1\LOCALS~1\Temp\cchV86Cp.s 			page 15


 471 002b 04       		.uleb128 0x4
 472 002c 16       		.uleb128 0x16
 473 002d 00       		.byte	0x0
 474 002e 03       		.uleb128 0x3
 475 002f 0E       		.uleb128 0xe
 476 0030 3A       		.uleb128 0x3a
 477 0031 0B       		.uleb128 0xb
 478 0032 3B       		.uleb128 0x3b
 479 0033 0B       		.uleb128 0xb
 480 0034 49       		.uleb128 0x49
 481 0035 13       		.uleb128 0x13
 482 0036 00       		.byte	0x0
 483 0037 00       		.byte	0x0
 484 0038 05       		.uleb128 0x5
 485 0039 0F       		.uleb128 0xf
 486 003a 00       		.byte	0x0
 487 003b 0B       		.uleb128 0xb
 488 003c 0B       		.uleb128 0xb
 489 003d 49       		.uleb128 0x49
 490 003e 13       		.uleb128 0x13
 491 003f 00       		.byte	0x0
 492 0040 00       		.byte	0x0
 493 0041 06       		.uleb128 0x6
 494 0042 15       		.uleb128 0x15
 495 0043 00       		.byte	0x0
 496 0044 27       		.uleb128 0x27
 497 0045 0C       		.uleb128 0xc
 498 0046 00       		.byte	0x0
 499 0047 00       		.byte	0x0
 500 0048 07       		.uleb128 0x7
 501 0049 24       		.uleb128 0x24
 502 004a 00       		.byte	0x0
 503 004b 0B       		.uleb128 0xb
 504 004c 0B       		.uleb128 0xb
 505 004d 3E       		.uleb128 0x3e
 506 004e 0B       		.uleb128 0xb
 507 004f 00       		.byte	0x0
 508 0050 00       		.byte	0x0
 509 0051 08       		.uleb128 0x8
 510 0052 2E       		.uleb128 0x2e
 511 0053 00       		.byte	0x0
 512 0054 3F       		.uleb128 0x3f
 513 0055 0C       		.uleb128 0xc
 514 0056 03       		.uleb128 0x3
 515 0057 0E       		.uleb128 0xe
 516 0058 3A       		.uleb128 0x3a
 517 0059 0B       		.uleb128 0xb
 518 005a 3B       		.uleb128 0x3b
 519 005b 0B       		.uleb128 0xb
 520 005c 27       		.uleb128 0x27
 521 005d 0C       		.uleb128 0xc
 522 005e 11       		.uleb128 0x11
 523 005f 01       		.uleb128 0x1
 524 0060 12       		.uleb128 0x12
 525 0061 01       		.uleb128 0x1
 526 0062 40       		.uleb128 0x40
 527 0063 06       		.uleb128 0x6
ARM GAS  C:\DOCUME~1\ADMINI~1\LOCALS~1\Temp\cchV86Cp.s 			page 16


 528 0064 00       		.byte	0x0
 529 0065 00       		.byte	0x0
 530 0066 09       		.uleb128 0x9
 531 0067 2E       		.uleb128 0x2e
 532 0068 00       		.byte	0x0
 533 0069 3F       		.uleb128 0x3f
 534 006a 0C       		.uleb128 0xc
 535 006b 03       		.uleb128 0x3
 536 006c 0E       		.uleb128 0xe
 537 006d 3A       		.uleb128 0x3a
 538 006e 0B       		.uleb128 0xb
 539 006f 3B       		.uleb128 0x3b
 540 0070 0B       		.uleb128 0xb
 541 0071 27       		.uleb128 0x27
 542 0072 0C       		.uleb128 0xc
 543 0073 11       		.uleb128 0x11
 544 0074 01       		.uleb128 0x1
 545 0075 12       		.uleb128 0x12
 546 0076 01       		.uleb128 0x1
 547 0077 40       		.uleb128 0x40
 548 0078 0A       		.uleb128 0xa
 549 0079 00       		.byte	0x0
 550 007a 00       		.byte	0x0
 551 007b 0A       		.uleb128 0xa
 552 007c 2E       		.uleb128 0x2e
 553 007d 01       		.byte	0x1
 554 007e 3F       		.uleb128 0x3f
 555 007f 0C       		.uleb128 0xc
 556 0080 03       		.uleb128 0x3
 557 0081 0E       		.uleb128 0xe
 558 0082 3A       		.uleb128 0x3a
 559 0083 0B       		.uleb128 0xb
 560 0084 3B       		.uleb128 0x3b
 561 0085 05       		.uleb128 0x5
 562 0086 27       		.uleb128 0x27
 563 0087 0C       		.uleb128 0xc
 564 0088 11       		.uleb128 0x11
 565 0089 01       		.uleb128 0x1
 566 008a 12       		.uleb128 0x12
 567 008b 01       		.uleb128 0x1
 568 008c 40       		.uleb128 0x40
 569 008d 06       		.uleb128 0x6
 570 008e 01       		.uleb128 0x1
 571 008f 13       		.uleb128 0x13
 572 0090 00       		.byte	0x0
 573 0091 00       		.byte	0x0
 574 0092 0B       		.uleb128 0xb
 575 0093 34       		.uleb128 0x34
 576 0094 00       		.byte	0x0
 577 0095 03       		.uleb128 0x3
 578 0096 08       		.uleb128 0x8
 579 0097 3A       		.uleb128 0x3a
 580 0098 0B       		.uleb128 0xb
 581 0099 3B       		.uleb128 0x3b
 582 009a 05       		.uleb128 0x5
 583 009b 49       		.uleb128 0x49
 584 009c 13       		.uleb128 0x13
ARM GAS  C:\DOCUME~1\ADMINI~1\LOCALS~1\Temp\cchV86Cp.s 			page 17


 585 009d 02       		.uleb128 0x2
 586 009e 0A       		.uleb128 0xa
 587 009f 00       		.byte	0x0
 588 00a0 00       		.byte	0x0
 589 00a1 0C       		.uleb128 0xc
 590 00a2 34       		.uleb128 0x34
 591 00a3 00       		.byte	0x0
 592 00a4 03       		.uleb128 0x3
 593 00a5 0E       		.uleb128 0xe
 594 00a6 3A       		.uleb128 0x3a
 595 00a7 0B       		.uleb128 0xb
 596 00a8 3B       		.uleb128 0x3b
 597 00a9 0B       		.uleb128 0xb
 598 00aa 49       		.uleb128 0x49
 599 00ab 13       		.uleb128 0x13
 600 00ac 02       		.uleb128 0x2
 601 00ad 0A       		.uleb128 0xa
 602 00ae 00       		.byte	0x0
 603 00af 00       		.byte	0x0
 604 00b0 0D       		.uleb128 0xd
 605 00b1 34       		.uleb128 0x34
 606 00b2 00       		.byte	0x0
 607 00b3 03       		.uleb128 0x3
 608 00b4 0E       		.uleb128 0xe
 609 00b5 3A       		.uleb128 0x3a
 610 00b6 0B       		.uleb128 0xb
 611 00b7 3B       		.uleb128 0x3b
 612 00b8 0B       		.uleb128 0xb
 613 00b9 49       		.uleb128 0x49
 614 00ba 13       		.uleb128 0x13
 615 00bb 3F       		.uleb128 0x3f
 616 00bc 0C       		.uleb128 0xc
 617 00bd 3C       		.uleb128 0x3c
 618 00be 0C       		.uleb128 0xc
 619 00bf 00       		.byte	0x0
 620 00c0 00       		.byte	0x0
 621 00c1 0E       		.uleb128 0xe
 622 00c2 01       		.uleb128 0x1
 623 00c3 01       		.byte	0x1
 624 00c4 49       		.uleb128 0x49
 625 00c5 13       		.uleb128 0x13
 626 00c6 01       		.uleb128 0x1
 627 00c7 13       		.uleb128 0x13
 628 00c8 00       		.byte	0x0
 629 00c9 00       		.byte	0x0
 630 00ca 0F       		.uleb128 0xf
 631 00cb 21       		.uleb128 0x21
 632 00cc 00       		.byte	0x0
 633 00cd 49       		.uleb128 0x49
 634 00ce 13       		.uleb128 0x13
 635 00cf 2F       		.uleb128 0x2f
 636 00d0 0B       		.uleb128 0xb
 637 00d1 00       		.byte	0x0
 638 00d2 00       		.byte	0x0
 639 00d3 10       		.uleb128 0x10
 640 00d4 34       		.uleb128 0x34
 641 00d5 00       		.byte	0x0
ARM GAS  C:\DOCUME~1\ADMINI~1\LOCALS~1\Temp\cchV86Cp.s 			page 18


 642 00d6 03       		.uleb128 0x3
 643 00d7 0E       		.uleb128 0xe
 644 00d8 3A       		.uleb128 0x3a
 645 00d9 0B       		.uleb128 0xb
 646 00da 3B       		.uleb128 0x3b
 647 00db 0B       		.uleb128 0xb
 648 00dc 49       		.uleb128 0x49
 649 00dd 13       		.uleb128 0x13
 650 00de 3F       		.uleb128 0x3f
 651 00df 0C       		.uleb128 0xc
 652 00e0 02       		.uleb128 0x2
 653 00e1 0A       		.uleb128 0xa
 654 00e2 00       		.byte	0x0
 655 00e3 00       		.byte	0x0
 656 00e4 11       		.uleb128 0x11
 657 00e5 26       		.uleb128 0x26
 658 00e6 00       		.byte	0x0
 659 00e7 49       		.uleb128 0x49
 660 00e8 13       		.uleb128 0x13
 661 00e9 00       		.byte	0x0
 662 00ea 00       		.byte	0x0
 663 00eb 00       		.byte	0x0
 664              		.section	.debug_pubnames,"",%progbits
 665 0000 62000000 		.4byte	0x62
 666 0004 0200     		.2byte	0x2
 667 0006 00000000 		.4byte	.Ldebug_info0
 668 000a 68010000 		.4byte	0x168
 669 000e B0000000 		.4byte	0xb0
 670 0012 496E7444 		.ascii	"IntDefaultHandler\000"
 670      65666175 
 670      6C744861 
 670      6E646C65 
 670      7200
 671 0024 C5000000 		.4byte	0xc5
 672 0028 52657365 		.ascii	"Reset\000"
 672      7400
 673 002e D8000000 		.4byte	0xd8
 674 0032 696E6974 		.ascii	"initialize_psoc\000"
 674      69616C69 
 674      7A655F70 
 674      736F6300 
 675 0042 2E010000 		.4byte	0x12e
 676 0046 43795261 		.ascii	"CyRamVectors\000"
 676      6D566563 
 676      746F7273 
 676      00
 677 0053 50010000 		.4byte	0x150
 678 0057 526F6D56 		.ascii	"RomVectors\000"
 678      6563746F 
 678      727300
 679 0062 00000000 		.4byte	0x0
 680              		.section	.debug_aranges,"",%progbits
 681 0000 2C000000 		.4byte	0x2c
 682 0004 0200     		.2byte	0x2
 683 0006 00000000 		.4byte	.Ldebug_info0
 684 000a 04       		.byte	0x4
 685 000b 00       		.byte	0x0
ARM GAS  C:\DOCUME~1\ADMINI~1\LOCALS~1\Temp\cchV86Cp.s 			page 19


 686 000c 0000     		.2byte	0x0
 687 000e 0000     		.2byte	0x0
 688 0010 00000000 		.4byte	.LFB0
 689 0014 06000000 		.4byte	.LFE0-.LFB0
 690 0018 00000000 		.4byte	.LFB1
 691 001c 1C000000 		.4byte	.LFE1-.LFB1
 692 0020 00000000 		.4byte	.LFB2
 693 0024 B4000000 		.4byte	.LFE2-.LFB2
 694 0028 00000000 		.4byte	0x0
 695 002c 00000000 		.4byte	0x0
 696              		.section	.debug_ranges,"",%progbits
 697              	.Ldebug_ranges0:
 698 0000 00000000 		.4byte	.Ltext0
 699 0004 00000000 		.4byte	.Letext0
 700 0008 00000000 		.4byte	.LFB0
 701 000c 06000000 		.4byte	.LFE0
 702 0010 00000000 		.4byte	.LFB1
 703 0014 1C000000 		.4byte	.LFE1
 704 0018 00000000 		.4byte	.LFB2
 705 001c B4000000 		.4byte	.LFE2
 706 0020 00000000 		.4byte	0x0
 707 0024 00000000 		.4byte	0x0
 708              		.section	.debug_str,"MS",%progbits,1
 709              	.LASF6:
 710 0000 6C6F6E67 		.ascii	"long long int\000"
 710      206C6F6E 
 710      6720696E 
 710      7400
 711              	.LASF10:
 712 000e 75696E74 		.ascii	"uint32\000"
 712      333200
 713              	.LASF8:
 714 0015 756E7369 		.ascii	"unsigned int\000"
 714      676E6564 
 714      20696E74 
 714      00
 715              	.LASF15:
 716 0022 496E7444 		.ascii	"IntDefaultHandler\000"
 716      65666175 
 716      6C744861 
 716      6E646C65 
 716      7200
 717              	.LASF24:
 718 0034 696E6974 		.ascii	"initialize_psoc\000"
 718      69616C69 
 718      7A655F70 
 718      736F6300 
 719              	.LASF9:
 720 0044 75696E74 		.ascii	"uint8\000"
 720      3800
 721              	.LASF5:
 722 004a 6C6F6E67 		.ascii	"long unsigned int\000"
 722      20756E73 
 722      69676E65 
 722      6420696E 
 722      7400
 723              	.LASF7:
ARM GAS  C:\DOCUME~1\ADMINI~1\LOCALS~1\Temp\cchV86Cp.s 			page 20


 724 005c 6C6F6E67 		.ascii	"long long unsigned int\000"
 724      206C6F6E 
 724      6720756E 
 724      7369676E 
 724      65642069 
 725              	.LASF21:
 726 0073 474E5520 		.ascii	"GNU C 4.4.1\000"
 726      4320342E 
 726      342E3100 
 727              	.LASF18:
 728 007f 43795265 		.ascii	"CyResetStatus\000"
 728      73657453 
 728      74617475 
 728      7300
 729              	.LASF1:
 730 008d 756E7369 		.ascii	"unsigned char\000"
 730      676E6564 
 730      20636861 
 730      7200
 731              	.LASF13:
 732 009b 63686172 		.ascii	"char\000"
 732      00
 733              	.LASF4:
 734 00a0 6C6F6E67 		.ascii	"long int\000"
 734      20696E74 
 734      00
 735              	.LASF14:
 736 00a9 63796973 		.ascii	"cyisraddress\000"
 736      72616464 
 736      72657373 
 736      00
 737              	.LASF2:
 738 00b6 73686F72 		.ascii	"short int\000"
 738      7420696E 
 738      7400
 739              	.LASF20:
 740 00c0 526F6D56 		.ascii	"RomVectors\000"
 740      6563746F 
 740      727300
 741              	.LASF12:
 742 00cb 646F7562 		.ascii	"double\000"
 742      6C6500
 743              	.LASF3:
 744 00d2 73686F72 		.ascii	"short unsigned int\000"
 744      7420756E 
 744      7369676E 
 744      65642069 
 744      6E7400
 745              	.LASF0:
 746 00e5 7369676E 		.ascii	"signed char\000"
 746      65642063 
 746      68617200 
 747              	.LASF11:
 748 00f1 666C6F61 		.ascii	"float\000"
 748      7400
 749              	.LASF19:
 750 00f7 43795261 		.ascii	"CyRamVectors\000"
ARM GAS  C:\DOCUME~1\ADMINI~1\LOCALS~1\Temp\cchV86Cp.s 			page 21


 750      6D566563 
 750      746F7273 
 750      00
 751              	.LASF16:
 752 0104 52657365 		.ascii	"Reset\000"
 752      7400
 753              	.LASF23:
 754 010a 5C5C7073 		.ascii	"\\\\psf\\Home\\Desktop\\USB-Audio-PSOC5LP\\Firmware"
 754      665C486F 
 754      6D655C44 
 754      65736B74 
 754      6F705C55 
 755 0137 5C4B6974 		.ascii	"\\KitProg version 2_03\\KitProg\\KitProg_Bootloader"
 755      50726F67 
 755      20766572 
 755      73696F6E 
 755      20325F30 
 756 0167 2E637964 		.ascii	".cydsn\000"
 756      736E00
 757              	.LASF17:
 758 016e 63795379 		.ascii	"cySysNoInitDataValid\000"
 758      734E6F49 
 758      6E697444 
 758      61746156 
 758      616C6964 
 759              	.LASF22:
 760 0183 2E5C4765 		.ascii	".\\Generated_Source\\PSoC5\\Cm3Start.c\000"
 760      6E657261 
 760      7465645F 
 760      536F7572 
 760      63655C50 
 761              		.ident	"GCC: (Sourcery G++ Lite 2010q1-188) 4.4.1"
