--------------- Build Started: 09/19/2013 19:46:32 Project: KitProg_Bootloader, Configuration: ARM GCC 4.4.1 Debug ---------------
cydsfit.exe "-.appdatapath" "C:\Users\wbz\AppData\Local\Cypress Semiconductor\PSoC Creator\2.2" "-.fdsnotice" "-.fdswarpdepfile=warp_dependencies.txt" "-.fdselabdepfile=elab_dependencies.txt" "-.fdsbldfile=generated_files.txt" "-p" "C:\Users\wbz\Desktop\Element14 Posts\101 - PSoC 5LP Programmer Firmware - NS\KitProg version 2_03\KitProg\KitProg_Bootloader.cydsn\KitProg_Bootloader.cyprj" "-d" "CY8C5868LTI-LP039" "-s" "C:\Users\wbz\Desktop\Element14 Posts\101 - PSoC 5LP Programmer Firmware - NS\KitProg version 2_03\KitProg\KitProg_Bootloader.cydsn\Generated_Source\PSoC5" "--" "-yv2" "-v3" "-ygs" "-q10" "-o2" "-.fftcfgtype=LE"
Elaborating Design...
ADD: pft.M0055: warning: Flash Security Warning:  One or more rows of flash have been configured to be read protected; however, debugging has been enabled in the System DWR Editor. This means that the read protected flash rows can still be read via SWD or JTAG. To protect these rows of flash, disable debugging in the System DWR Editor.
 * C:\Users\wbz\Desktop\Element14 Posts\101 - PSoC 5LP Programmer Firmware - NS\KitProg version 2_03\KitProg\KitProg_Bootloader.cydsn\KitProg_Bootloader.cydwr (Enable Device Protection)
HDL Generation ...
Synthesis ...
Place and Route ...
Tech mapping ...
Info: mpr.M0037: Unused pieces of the design have been optimized out. See the Tech mapping section of the report file for details. (App=cydsfit)
Analog Placement ...
Analog Routing ...
Analog Code Generation ...
Digital Placement ...
Digital Routing ...
Bitstream Generation ...
Static timing analysis ...
API Generation ...
Dependency Generation ...
Clean Temporary Files ...
The compile step is up to date, no work needs to be done.
arm-none-eabi-ar.exe -rs .\ARM_GCC_441\Debug\KitProg_Bootloader.a .\ARM_GCC_441\Debug\core_cm3.o .\ARM_GCC_441\Debug\CyBootAsmGnu.o .\ARM_GCC_441\Debug\CyDmac.o .\ARM_GCC_441\Debug\CyFlash.o .\ARM_GCC_441\Debug\CyLib.o .\ARM_GCC_441\Debug\cyPm.o .\ARM_GCC_441\Debug\CySpc.o .\ARM_GCC_441\Debug\cyutils.o .\ARM_GCC_441\Debug\Pin_Status_LED.o .\ARM_GCC_441\Debug\Pin_PSoC4A_XRES.o .\ARM_GCC_441\Debug\Clock_LED_1.o .\ARM_GCC_441\Debug\Bootloader.o .\ARM_GCC_441\Debug\USBFS.o .\ARM_GCC_441\Debug\USBFS_audio.o .\ARM_GCC_441\Debug\USBFS_boot.o .\ARM_GCC_441\Debug\USBFS_cdc.o .\ARM_GCC_441\Debug\USBFS_cls.o .\ARM_GCC_441\Debug\USBFS_descr.o .\ARM_GCC_441\Debug\USBFS_drv.o .\ARM_GCC_441\Debug\USBFS_episr.o .\ARM_GCC_441\Debug\USBFS_hid.o .\ARM_GCC_441\Debug\USBFS_pm.o .\ARM_GCC_441\Debug\USBFS_std.o .\ARM_GCC_441\Debug\USBFS_vnd.o .\ARM_GCC_441\Debug\USBFS_midi.o .\ARM_GCC_441\Debug\PWM.o .\ARM_GCC_441\Debug\PWM_PM.o .\ARM_GCC_441\Debug\USBFS_Dm.o .\ARM_GCC_441\Debug\USBFS_Dp.o .\ARM_GCC_441\Debug\cyfitter_cfg.o
arm-none-eabi-ar.exe: creating .\ARM_GCC_441\Debug\KitProg_Bootloader.a
arm-none-eabi-gcc.exe -mthumb -march=armv7-m -mfix-cortex-m3-ldrd -T .\Generated_Source\PSoC5\cm3gcc.ld -g -Wl,-Map,.\ARM_GCC_441\Debug\KitProg_Bootloader.map -Wl,--gc-sections -Wl,--start-group -o .\ARM_GCC_441\Debug\KitProg_Bootloader.elf .\ARM_GCC_441\Debug\main.o .\ARM_GCC_441\Debug\Cm3Start.o .\ARM_GCC_441\Debug\KitProg_Bootloader.a "C:\Program Files\Cypress\PSoC Creator\2.2\PSoC Creator\psoc\content\cycomponentlibrary\CyComponentLibrary.cylib\CortexM3\ARM_GCC_441\Debug\CyComponentLibrary.a" -Wl,--end-group
arm-none-eabi-objcopy.exe -O ihex .\ARM_GCC_441\Debug\KitProg_Bootloader.elf .\ARM_GCC_441\Debug\KitProg_Bootloader.ihx
cysymboladdressfinder.exe -f .\ARM_GCC_441\Debug\KitProg_Bootloader.elf -s Bootloader_Checksum -p .\ARM_GCC_441\Debug\cksmaddress.txt -l 0
cysymboladdressfinder.exe -f .\ARM_GCC_441\Debug\KitProg_Bootloader.elf -s Bootloader_SizeBytes -p .\ARM_GCC_441\Debug\sizeaddress.txt -l 0
cyhextool -o .\ARM_GCC_441\Debug\KitProg_Bootloader.hex -f .\ARM_GCC_441\Debug\KitProg_Bootloader.ihx -prot .\Generated_Source\PSoC5\protect.hex -id 2E127069 -a EEPROM=90200000:800,PROGRAM=00000000:40000,CONFIG=80000000:8000,PROTECT=90400000:100 -meta 0001 -cunv 00004007 -wonv BC90ACAF -ecc OFF -blver 0200010001 -blcks .\ARM_GCC_441\Debug\cksmaddress.txt -blsize .\ARM_GCC_441\Debug\sizeaddress.txt -flsLine 256 -endian l
Flash used: 20088 of 262144 bytes (7.7 %).
SRAM used: 952 of 65536 bytes (1.5 %).
--------------- Build Succeeded: 09/19/2013 19:49:17 ---------------
