ARM GAS  C:\DOCUME~1\ADMINI~1\LOCALS~1\Temp\ccMvMRW8.s 			page 1


   1              		.syntax unified
   2              		.cpu cortex-m3
   3              		.fpu softvfp
   4              		.eabi_attribute 20, 1
   5              		.eabi_attribute 21, 1
   6              		.eabi_attribute 23, 3
   7              		.eabi_attribute 24, 1
   8              		.eabi_attribute 25, 1
   9              		.eabi_attribute 26, 1
  10              		.eabi_attribute 30, 6
  11              		.eabi_attribute 18, 4
  12              		.thumb
  13              		.file	"USBFS_boot.c"
  14              		.section	.debug_abbrev,"",%progbits
  15              	.Ldebug_abbrev0:
  16              		.section	.debug_info,"",%progbits
  17              	.Ldebug_info0:
  18              		.section	.debug_line,"",%progbits
  19              	.Ldebug_line0:
  20 0000 ED000000 		.text
  20      02006300 
  20      00000201 
  20      FB0E0D00 
  20      01010101 
  21              	.Ltext0:
  22              		.cfi_sections	.debug_frame
  23              		.global	USBFS_universalTime
  24              		.bss
  25              		.align	1
  26              		.type	USBFS_universalTime, %object
  27              		.size	USBFS_universalTime, 2
  28              	USBFS_universalTime:
  29 0000 0000     		.space	2
  30              		.global	USBFS_started
  31              		.type	USBFS_started, %object
  32              		.size	USBFS_started, 1
  33              	USBFS_started:
  34 0002 00       		.space	1
  35 0003 00       		.section	.text.USBFS_CyBtldrCommStart,"ax",%progbits
  36              		.align	2
  37              		.global	USBFS_CyBtldrCommStart
  38              		.thumb
  39              		.thumb_func
  40              		.type	USBFS_CyBtldrCommStart, %function
  41              	USBFS_CyBtldrCommStart:
  42              	.LFB0:
  43              		.file 1 ".\\Generated_Source\\PSoC5\\USBFS_boot.c"
   1:.\Generated_Source\PSoC5/USBFS_boot.c **** /*******************************************************************************
   2:.\Generated_Source\PSoC5/USBFS_boot.c **** * File Name: USBFS_boot.c
   3:.\Generated_Source\PSoC5/USBFS_boot.c **** * Version 2.51
   4:.\Generated_Source\PSoC5/USBFS_boot.c **** *
   5:.\Generated_Source\PSoC5/USBFS_boot.c **** * Description:
   6:.\Generated_Source\PSoC5/USBFS_boot.c **** *  Boot loader API for USBFS Component.
   7:.\Generated_Source\PSoC5/USBFS_boot.c **** *
   8:.\Generated_Source\PSoC5/USBFS_boot.c **** *  Note:
   9:.\Generated_Source\PSoC5/USBFS_boot.c **** *
  10:.\Generated_Source\PSoC5/USBFS_boot.c **** ********************************************************************************
ARM GAS  C:\DOCUME~1\ADMINI~1\LOCALS~1\Temp\ccMvMRW8.s 			page 2


  11:.\Generated_Source\PSoC5/USBFS_boot.c **** * Copyright 2008-2012, Cypress Semiconductor Corporation.  All rights reserved.
  12:.\Generated_Source\PSoC5/USBFS_boot.c **** * You may use this file only in accordance with the license, terms, conditions,
  13:.\Generated_Source\PSoC5/USBFS_boot.c **** * disclaimers, and limitations in the end user license agreement accompanying
  14:.\Generated_Source\PSoC5/USBFS_boot.c **** * the software package with which this file was provided.
  15:.\Generated_Source\PSoC5/USBFS_boot.c **** *******************************************************************************/
  16:.\Generated_Source\PSoC5/USBFS_boot.c **** 
  17:.\Generated_Source\PSoC5/USBFS_boot.c **** #include "USBFS.h"
  18:.\Generated_Source\PSoC5/USBFS_boot.c **** 
  19:.\Generated_Source\PSoC5/USBFS_boot.c **** #if defined(CYDEV_BOOTLOADER_IO_COMP) && ((CYDEV_BOOTLOADER_IO_COMP == CyBtldr_USBFS) || \
  20:.\Generated_Source\PSoC5/USBFS_boot.c ****                                           (CYDEV_BOOTLOADER_IO_COMP == CyBtldr_Custom_Interface))
  21:.\Generated_Source\PSoC5/USBFS_boot.c **** 
  22:.\Generated_Source\PSoC5/USBFS_boot.c **** 
  23:.\Generated_Source\PSoC5/USBFS_boot.c **** /***************************************
  24:.\Generated_Source\PSoC5/USBFS_boot.c **** *    Bootloader defines
  25:.\Generated_Source\PSoC5/USBFS_boot.c **** ***************************************/
  26:.\Generated_Source\PSoC5/USBFS_boot.c **** 
  27:.\Generated_Source\PSoC5/USBFS_boot.c **** #define USBFS_CyBtLdrStarttimer(X, T)         {USBFS_universalTime = T * 10; X = 0u;}
  28:.\Generated_Source\PSoC5/USBFS_boot.c **** #define USBFS_CyBtLdrChecktimer(X)            ((X++ < USBFS_universalTime) ? 1u : 0u)
  29:.\Generated_Source\PSoC5/USBFS_boot.c **** 
  30:.\Generated_Source\PSoC5/USBFS_boot.c **** #define USBFS_BTLDR_OUT_EP      (0x01u)
  31:.\Generated_Source\PSoC5/USBFS_boot.c **** #define USBFS_BTLDR_IN_EP       (0x02u)
  32:.\Generated_Source\PSoC5/USBFS_boot.c **** 
  33:.\Generated_Source\PSoC5/USBFS_boot.c **** 
  34:.\Generated_Source\PSoC5/USBFS_boot.c **** /***************************************
  35:.\Generated_Source\PSoC5/USBFS_boot.c **** *    Bootloader Variables
  36:.\Generated_Source\PSoC5/USBFS_boot.c **** ***************************************/
  37:.\Generated_Source\PSoC5/USBFS_boot.c **** 
  38:.\Generated_Source\PSoC5/USBFS_boot.c **** uint16 USBFS_universalTime = 0u;
  39:.\Generated_Source\PSoC5/USBFS_boot.c **** uint8 USBFS_started = 0u;
  40:.\Generated_Source\PSoC5/USBFS_boot.c **** 
  41:.\Generated_Source\PSoC5/USBFS_boot.c **** 
  42:.\Generated_Source\PSoC5/USBFS_boot.c **** /*******************************************************************************
  43:.\Generated_Source\PSoC5/USBFS_boot.c **** * Function Name: USBFS_CyBtldrCommStart
  44:.\Generated_Source\PSoC5/USBFS_boot.c **** ********************************************************************************
  45:.\Generated_Source\PSoC5/USBFS_boot.c **** *
  46:.\Generated_Source\PSoC5/USBFS_boot.c **** * Summary:
  47:.\Generated_Source\PSoC5/USBFS_boot.c **** *  Starts the component and enables the interupt.
  48:.\Generated_Source\PSoC5/USBFS_boot.c **** *
  49:.\Generated_Source\PSoC5/USBFS_boot.c **** * Parameters:
  50:.\Generated_Source\PSoC5/USBFS_boot.c **** *  None.
  51:.\Generated_Source\PSoC5/USBFS_boot.c **** *
  52:.\Generated_Source\PSoC5/USBFS_boot.c **** * Return:
  53:.\Generated_Source\PSoC5/USBFS_boot.c **** *  None.
  54:.\Generated_Source\PSoC5/USBFS_boot.c **** *
  55:.\Generated_Source\PSoC5/USBFS_boot.c **** * Side Effects:
  56:.\Generated_Source\PSoC5/USBFS_boot.c **** *  This function starts the USB with 3V or 5V operation.
  57:.\Generated_Source\PSoC5/USBFS_boot.c **** *
  58:.\Generated_Source\PSoC5/USBFS_boot.c **** * Reentrant:
  59:.\Generated_Source\PSoC5/USBFS_boot.c **** *  No.
  60:.\Generated_Source\PSoC5/USBFS_boot.c **** *
  61:.\Generated_Source\PSoC5/USBFS_boot.c **** *******************************************************************************/
  62:.\Generated_Source\PSoC5/USBFS_boot.c **** void USBFS_CyBtldrCommStart(void) 
  63:.\Generated_Source\PSoC5/USBFS_boot.c **** {
  44              		.loc 1 63 0
  45              		.cfi_startproc
  46              		@ args = 0, pretend = 0, frame = 0
  47              		@ frame_needed = 1, uses_anonymous_args = 0
ARM GAS  C:\DOCUME~1\ADMINI~1\LOCALS~1\Temp\ccMvMRW8.s 			page 3


  48 0000 80B5     		push	{r7, lr}
  49              	.LCFI0:
  50              		.cfi_def_cfa_offset 8
  51 0002 00AF     		add	r7, sp, #0
  52              		.cfi_offset 14, -4
  53              		.cfi_offset 7, -8
  54              	.LCFI1:
  55              		.cfi_def_cfa_register 7
  64:.\Generated_Source\PSoC5/USBFS_boot.c ****     CyGlobalIntEnable;      /* Enable Global Interrupts */
  56              		.loc 1 64 0
  57              	@ 64 ".\Generated_Source\PSoC5\USBFS_boot.c" 1
  58 0004 62B6     		CPSIE   i
  59              	@ 0 "" 2
  65:.\Generated_Source\PSoC5/USBFS_boot.c **** 
  66:.\Generated_Source\PSoC5/USBFS_boot.c ****     /*Start USBFS Operation/device 0 and with 5V or 3V operation depend on Voltage Congiguration in
  67:.\Generated_Source\PSoC5/USBFS_boot.c ****     USBFS_Start(0u, USBFS_DWR_VDDD_OPERATION);
  60              		.loc 1 67 0
  61              		.thumb
  62 0006 4FF00000 		mov	r0, #0
  63 000a 4FF00201 		mov	r1, #2
  64 000e FFF7FEFF 		bl	USBFS_Start
  68:.\Generated_Source\PSoC5/USBFS_boot.c **** 
  69:.\Generated_Source\PSoC5/USBFS_boot.c ****     /* USB componet started, the correct enumeration will be checked in first Read operation */
  70:.\Generated_Source\PSoC5/USBFS_boot.c ****     USBFS_started = 1u;
  65              		.loc 1 70 0
  66 0012 40F20003 		movw	r3, #:lower16:USBFS_started
  67 0016 C0F20003 		movt	r3, #:upper16:USBFS_started
  68 001a 4FF00102 		mov	r2, #1
  69 001e 1A70     		strb	r2, [r3, #0]
  71:.\Generated_Source\PSoC5/USBFS_boot.c **** 
  72:.\Generated_Source\PSoC5/USBFS_boot.c **** }
  70              		.loc 1 72 0
  71 0020 80BD     		pop	{r7, pc}
  72              		.cfi_endproc
  73              	.LFE0:
  74              		.size	USBFS_CyBtldrCommStart, .-USBFS_CyBtldrCommStart
  75 0022 00BF     		.section	.text.USBFS_CyBtldrCommStop,"ax",%progbits
  76              		.align	2
  77              		.global	USBFS_CyBtldrCommStop
  78              		.thumb
  79              		.thumb_func
  80              		.type	USBFS_CyBtldrCommStop, %function
  81              	USBFS_CyBtldrCommStop:
  82              	.LFB1:
  73:.\Generated_Source\PSoC5/USBFS_boot.c **** 
  74:.\Generated_Source\PSoC5/USBFS_boot.c **** 
  75:.\Generated_Source\PSoC5/USBFS_boot.c **** /*******************************************************************************
  76:.\Generated_Source\PSoC5/USBFS_boot.c **** * Function Name: USBFS_CyBtldrCommStop.
  77:.\Generated_Source\PSoC5/USBFS_boot.c **** ********************************************************************************
  78:.\Generated_Source\PSoC5/USBFS_boot.c **** *
  79:.\Generated_Source\PSoC5/USBFS_boot.c **** * Summary:
  80:.\Generated_Source\PSoC5/USBFS_boot.c **** *  Disable the component and disable the interrupt.
  81:.\Generated_Source\PSoC5/USBFS_boot.c **** *
  82:.\Generated_Source\PSoC5/USBFS_boot.c **** * Parameters:
  83:.\Generated_Source\PSoC5/USBFS_boot.c **** *  None.
  84:.\Generated_Source\PSoC5/USBFS_boot.c **** *
  85:.\Generated_Source\PSoC5/USBFS_boot.c **** * Return:
ARM GAS  C:\DOCUME~1\ADMINI~1\LOCALS~1\Temp\ccMvMRW8.s 			page 4


  86:.\Generated_Source\PSoC5/USBFS_boot.c **** *  None.
  87:.\Generated_Source\PSoC5/USBFS_boot.c **** *
  88:.\Generated_Source\PSoC5/USBFS_boot.c **** *******************************************************************************/
  89:.\Generated_Source\PSoC5/USBFS_boot.c **** void USBFS_CyBtldrCommStop(void) 
  90:.\Generated_Source\PSoC5/USBFS_boot.c **** {
  83              		.loc 1 90 0
  84              		.cfi_startproc
  85              		@ args = 0, pretend = 0, frame = 0
  86              		@ frame_needed = 1, uses_anonymous_args = 0
  87 0000 80B5     		push	{r7, lr}
  88              	.LCFI2:
  89              		.cfi_def_cfa_offset 8
  90 0002 00AF     		add	r7, sp, #0
  91              		.cfi_offset 14, -4
  92              		.cfi_offset 7, -8
  93              	.LCFI3:
  94              		.cfi_def_cfa_register 7
  91:.\Generated_Source\PSoC5/USBFS_boot.c ****     USBFS_Stop();
  95              		.loc 1 91 0
  96 0004 FFF7FEFF 		bl	USBFS_Stop
  92:.\Generated_Source\PSoC5/USBFS_boot.c **** }
  97              		.loc 1 92 0
  98 0008 80BD     		pop	{r7, pc}
  99              		.cfi_endproc
 100              	.LFE1:
 101              		.size	USBFS_CyBtldrCommStop, .-USBFS_CyBtldrCommStop
 102 000a 00BF     		.section	.text.USBFS_CyBtldrCommReset,"ax",%progbits
 103              		.align	2
 104              		.global	USBFS_CyBtldrCommReset
 105              		.thumb
 106              		.thumb_func
 107              		.type	USBFS_CyBtldrCommReset, %function
 108              	USBFS_CyBtldrCommReset:
 109              	.LFB2:
  93:.\Generated_Source\PSoC5/USBFS_boot.c **** 
  94:.\Generated_Source\PSoC5/USBFS_boot.c **** 
  95:.\Generated_Source\PSoC5/USBFS_boot.c **** /*******************************************************************************
  96:.\Generated_Source\PSoC5/USBFS_boot.c **** * Function Name: USBFS_CyBtldrCommReset.
  97:.\Generated_Source\PSoC5/USBFS_boot.c **** ********************************************************************************
  98:.\Generated_Source\PSoC5/USBFS_boot.c **** *
  99:.\Generated_Source\PSoC5/USBFS_boot.c **** * Summary:
 100:.\Generated_Source\PSoC5/USBFS_boot.c **** *  Resets the receive and transmit communication Buffers.
 101:.\Generated_Source\PSoC5/USBFS_boot.c **** *
 102:.\Generated_Source\PSoC5/USBFS_boot.c **** * Parameters:
 103:.\Generated_Source\PSoC5/USBFS_boot.c **** *  None.
 104:.\Generated_Source\PSoC5/USBFS_boot.c **** *
 105:.\Generated_Source\PSoC5/USBFS_boot.c **** * Return:
 106:.\Generated_Source\PSoC5/USBFS_boot.c **** *  None.
 107:.\Generated_Source\PSoC5/USBFS_boot.c **** *
 108:.\Generated_Source\PSoC5/USBFS_boot.c **** * Reentrant:
 109:.\Generated_Source\PSoC5/USBFS_boot.c **** *  No.
 110:.\Generated_Source\PSoC5/USBFS_boot.c **** *
 111:.\Generated_Source\PSoC5/USBFS_boot.c **** *******************************************************************************/
 112:.\Generated_Source\PSoC5/USBFS_boot.c **** void USBFS_CyBtldrCommReset(void) 
 113:.\Generated_Source\PSoC5/USBFS_boot.c **** {
 110              		.loc 1 113 0
 111              		.cfi_startproc
ARM GAS  C:\DOCUME~1\ADMINI~1\LOCALS~1\Temp\ccMvMRW8.s 			page 5


 112              		@ args = 0, pretend = 0, frame = 0
 113              		@ frame_needed = 1, uses_anonymous_args = 0
 114 0000 80B5     		push	{r7, lr}
 115              	.LCFI4:
 116              		.cfi_def_cfa_offset 8
 117 0002 00AF     		add	r7, sp, #0
 118              		.cfi_offset 14, -4
 119              		.cfi_offset 7, -8
 120              	.LCFI5:
 121              		.cfi_def_cfa_register 7
 114:.\Generated_Source\PSoC5/USBFS_boot.c ****     USBFS_EnableOutEP(USBFS_BTLDR_OUT_EP);  /* Enable the OUT endpoint */
 122              		.loc 1 114 0
 123 0004 4FF00100 		mov	r0, #1
 124 0008 FFF7FEFF 		bl	USBFS_EnableOutEP
 115:.\Generated_Source\PSoC5/USBFS_boot.c **** }
 125              		.loc 1 115 0
 126 000c 80BD     		pop	{r7, pc}
 127              		.cfi_endproc
 128              	.LFE2:
 129              		.size	USBFS_CyBtldrCommReset, .-USBFS_CyBtldrCommReset
 130 000e 00BF     		.section	.text.USBFS_CyBtldrCommWrite,"ax",%progbits
 131              		.align	2
 132              		.global	USBFS_CyBtldrCommWrite
 133              		.thumb
 134              		.thumb_func
 135              		.type	USBFS_CyBtldrCommWrite, %function
 136              	USBFS_CyBtldrCommWrite:
 137              	.LFB3:
 116:.\Generated_Source\PSoC5/USBFS_boot.c **** 
 117:.\Generated_Source\PSoC5/USBFS_boot.c **** 
 118:.\Generated_Source\PSoC5/USBFS_boot.c **** /*******************************************************************************
 119:.\Generated_Source\PSoC5/USBFS_boot.c **** * Function Name: USBFS_CyBtldrCommWrite.
 120:.\Generated_Source\PSoC5/USBFS_boot.c **** ********************************************************************************
 121:.\Generated_Source\PSoC5/USBFS_boot.c **** *
 122:.\Generated_Source\PSoC5/USBFS_boot.c **** * Summary:
 123:.\Generated_Source\PSoC5/USBFS_boot.c **** *  Allows the caller to write data to the boot loader host. The function will
 124:.\Generated_Source\PSoC5/USBFS_boot.c **** *  handle polling to allow a block of data to be completely sent to the host
 125:.\Generated_Source\PSoC5/USBFS_boot.c **** *  device.
 126:.\Generated_Source\PSoC5/USBFS_boot.c **** *
 127:.\Generated_Source\PSoC5/USBFS_boot.c **** * Parameters:
 128:.\Generated_Source\PSoC5/USBFS_boot.c **** *  pData:    A pointer to the block of data to send to the device
 129:.\Generated_Source\PSoC5/USBFS_boot.c **** *  size:     The number of bytes to write.
 130:.\Generated_Source\PSoC5/USBFS_boot.c **** *  count:    Pointer to an unsigned short variable to write the number of
 131:.\Generated_Source\PSoC5/USBFS_boot.c **** *             bytes actually written.
 132:.\Generated_Source\PSoC5/USBFS_boot.c **** *  timeOut:  Number of units to wait before returning because of a timeout.
 133:.\Generated_Source\PSoC5/USBFS_boot.c **** *
 134:.\Generated_Source\PSoC5/USBFS_boot.c **** * Return:
 135:.\Generated_Source\PSoC5/USBFS_boot.c **** *  Returns the value that best describes the problem.
 136:.\Generated_Source\PSoC5/USBFS_boot.c **** *
 137:.\Generated_Source\PSoC5/USBFS_boot.c **** * Reentrant:
 138:.\Generated_Source\PSoC5/USBFS_boot.c **** *  No.
 139:.\Generated_Source\PSoC5/USBFS_boot.c **** *
 140:.\Generated_Source\PSoC5/USBFS_boot.c **** *******************************************************************************/
 141:.\Generated_Source\PSoC5/USBFS_boot.c **** cystatus USBFS_CyBtldrCommWrite(uint8 *pData, uint16 size, uint16 *count, uint8 timeOut) CYSMALL
 142:.\Generated_Source\PSoC5/USBFS_boot.c ****                                                             
 143:.\Generated_Source\PSoC5/USBFS_boot.c **** {
 138              		.loc 1 143 0
ARM GAS  C:\DOCUME~1\ADMINI~1\LOCALS~1\Temp\ccMvMRW8.s 			page 6


 139              		.cfi_startproc
 140              		@ args = 0, pretend = 0, frame = 24
 141              		@ frame_needed = 1, uses_anonymous_args = 0
 142 0000 80B5     		push	{r7, lr}
 143              	.LCFI6:
 144              		.cfi_def_cfa_offset 8
 145 0002 86B0     		sub	sp, sp, #24
 146              	.LCFI7:
 147              		.cfi_def_cfa_offset 32
 148 0004 00AF     		add	r7, sp, #0
 149              		.cfi_offset 14, -4
 150              		.cfi_offset 7, -8
 151              	.LCFI8:
 152              		.cfi_def_cfa_register 7
 153 0006 F860     		str	r0, [r7, #12]
 154 0008 7A60     		str	r2, [r7, #4]
 155 000a 0A46     		mov	r2, r1	@ movhi
 156 000c 7A81     		strh	r2, [r7, #10]	@ movhi
 157 000e FB70     		strb	r3, [r7, #3]
 144:.\Generated_Source\PSoC5/USBFS_boot.c ****     uint16 time;
 145:.\Generated_Source\PSoC5/USBFS_boot.c ****     cystatus status;
 146:.\Generated_Source\PSoC5/USBFS_boot.c **** 
 147:.\Generated_Source\PSoC5/USBFS_boot.c ****     /* Enable IN transfer */
 148:.\Generated_Source\PSoC5/USBFS_boot.c ****     USBFS_LoadInEP(USBFS_BTLDR_IN_EP, pData, USBFS_BTLDR_SIZEOF_READ_BUFFER);
 158              		.loc 1 148 0
 159 0010 4FF00200 		mov	r0, #2
 160 0014 F968     		ldr	r1, [r7, #12]
 161 0016 4FF04002 		mov	r2, #64
 162 001a FFF7FEFF 		bl	USBFS_LoadInEP
 149:.\Generated_Source\PSoC5/USBFS_boot.c **** 
 150:.\Generated_Source\PSoC5/USBFS_boot.c ****     /* Start a timer to wait on. */
 151:.\Generated_Source\PSoC5/USBFS_boot.c ****     USBFS_CyBtLdrStarttimer(time, timeOut);
 163              		.loc 1 151 0
 164 001e FB78     		ldrb	r3, [r7, #3]	@ zero_extendqisi2
 165 0020 1A46     		mov	r2, r3	@ movhi
 166 0022 4FEA8202 		lsl	r2, r2, #2
 167 0026 1344     		add	r3, r2, r3
 168 0028 4FEA4303 		lsl	r3, r3, #1
 169 002c 9AB2     		uxth	r2, r3
 170 002e 40F20003 		movw	r3, #:lower16:USBFS_universalTime
 171 0032 C0F20003 		movt	r3, #:upper16:USBFS_universalTime
 172 0036 1A80     		strh	r2, [r3, #0]	@ movhi
 173 0038 4FF00003 		mov	r3, #0
 174 003c 7B82     		strh	r3, [r7, #18]	@ movhi
 152:.\Generated_Source\PSoC5/USBFS_boot.c **** 
 153:.\Generated_Source\PSoC5/USBFS_boot.c ****     /* Wait for the master to read it. */
 154:.\Generated_Source\PSoC5/USBFS_boot.c ****     while((USBFS_GetEPState(USBFS_BTLDR_IN_EP) == USBFS_IN_BUFFER_FULL) && \
 175              		.loc 1 154 0
 176 003e 03E0     		b	.L8
 177              	.L10:
 155:.\Generated_Source\PSoC5/USBFS_boot.c ****            USBFS_CyBtLdrChecktimer(time))
 156:.\Generated_Source\PSoC5/USBFS_boot.c ****     {
 157:.\Generated_Source\PSoC5/USBFS_boot.c ****         CyDelay(1); /* 1ms delay */
 178              		.loc 1 157 0
 179 0040 4FF00100 		mov	r0, #1
 180 0044 FFF7FEFF 		bl	CyDelay
 181              	.L8:
ARM GAS  C:\DOCUME~1\ADMINI~1\LOCALS~1\Temp\ccMvMRW8.s 			page 7


 182              		.loc 1 154 0
 183 0048 4FF00200 		mov	r0, #2
 184 004c FFF7FEFF 		bl	USBFS_GetEPState
 185 0050 0346     		mov	r3, r0
 186 0052 002B     		cmp	r3, #0
 187 0054 10D1     		bne	.L9
 188              		.loc 1 155 0
 189 0056 40F20003 		movw	r3, #:lower16:USBFS_universalTime
 190 005a C0F20003 		movt	r3, #:upper16:USBFS_universalTime
 191 005e 1B88     		ldrh	r3, [r3, #0]
 192 0060 7A8A     		ldrh	r2, [r7, #18]
 193 0062 9A42     		cmp	r2, r3
 194 0064 2CBF     		ite	cs
 195 0066 0023     		movcs	r3, #0
 196 0068 0123     		movcc	r3, #1
 197 006a DBB2     		uxtb	r3, r3
 198 006c 7A8A     		ldrh	r2, [r7, #18]	@ movhi
 199 006e 02F10102 		add	r2, r2, #1
 200 0072 7A82     		strh	r2, [r7, #18]	@ movhi
 201              		.loc 1 154 0
 202 0074 002B     		cmp	r3, #0
 203 0076 E3D1     		bne	.L10
 204              	.L9:
 158:.\Generated_Source\PSoC5/USBFS_boot.c ****     }
 159:.\Generated_Source\PSoC5/USBFS_boot.c **** 
 160:.\Generated_Source\PSoC5/USBFS_boot.c ****     if (USBFS_GetEPState(USBFS_BTLDR_IN_EP) == USBFS_IN_BUFFER_FULL)
 205              		.loc 1 160 0
 206 0078 4FF00200 		mov	r0, #2
 207 007c FFF7FEFF 		bl	USBFS_GetEPState
 208 0080 0346     		mov	r3, r0
 209 0082 002B     		cmp	r3, #0
 210 0084 03D1     		bne	.L11
 161:.\Generated_Source\PSoC5/USBFS_boot.c ****     {
 162:.\Generated_Source\PSoC5/USBFS_boot.c ****         status = CYRET_TIMEOUT;
 211              		.loc 1 162 0
 212 0086 4FF01003 		mov	r3, #16
 213 008a 7B61     		str	r3, [r7, #20]
 214 008c 05E0     		b	.L12
 215              	.L11:
 163:.\Generated_Source\PSoC5/USBFS_boot.c ****     }
 164:.\Generated_Source\PSoC5/USBFS_boot.c ****     else
 165:.\Generated_Source\PSoC5/USBFS_boot.c ****     {
 166:.\Generated_Source\PSoC5/USBFS_boot.c ****         *count = size;
 216              		.loc 1 166 0
 217 008e 7B68     		ldr	r3, [r7, #4]
 218 0090 7A89     		ldrh	r2, [r7, #10]	@ movhi
 219 0092 1A80     		strh	r2, [r3, #0]	@ movhi
 167:.\Generated_Source\PSoC5/USBFS_boot.c ****         status = CYRET_SUCCESS;
 220              		.loc 1 167 0
 221 0094 4FF00003 		mov	r3, #0
 222 0098 7B61     		str	r3, [r7, #20]
 223              	.L12:
 168:.\Generated_Source\PSoC5/USBFS_boot.c ****     }
 169:.\Generated_Source\PSoC5/USBFS_boot.c **** 
 170:.\Generated_Source\PSoC5/USBFS_boot.c ****     return(status);
 224              		.loc 1 170 0
 225 009a 7B69     		ldr	r3, [r7, #20]
ARM GAS  C:\DOCUME~1\ADMINI~1\LOCALS~1\Temp\ccMvMRW8.s 			page 8


 171:.\Generated_Source\PSoC5/USBFS_boot.c **** }
 226              		.loc 1 171 0
 227 009c 1846     		mov	r0, r3
 228 009e 07F11807 		add	r7, r7, #24
 229 00a2 BD46     		mov	sp, r7
 230 00a4 80BD     		pop	{r7, pc}
 231              		.cfi_endproc
 232              	.LFE3:
 233              		.size	USBFS_CyBtldrCommWrite, .-USBFS_CyBtldrCommWrite
 234 00a6 00BF     		.section	.text.USBFS_CyBtldrCommRead,"ax",%progbits
 235              		.align	2
 236              		.global	USBFS_CyBtldrCommRead
 237              		.thumb
 238              		.thumb_func
 239              		.type	USBFS_CyBtldrCommRead, %function
 240              	USBFS_CyBtldrCommRead:
 241              	.LFB4:
 172:.\Generated_Source\PSoC5/USBFS_boot.c **** 
 173:.\Generated_Source\PSoC5/USBFS_boot.c **** 
 174:.\Generated_Source\PSoC5/USBFS_boot.c **** /*******************************************************************************
 175:.\Generated_Source\PSoC5/USBFS_boot.c **** * Function Name: USBFS_CyBtldrCommRead.
 176:.\Generated_Source\PSoC5/USBFS_boot.c **** ********************************************************************************
 177:.\Generated_Source\PSoC5/USBFS_boot.c **** *
 178:.\Generated_Source\PSoC5/USBFS_boot.c **** * Summary:
 179:.\Generated_Source\PSoC5/USBFS_boot.c **** *  Allows the caller to read data from the boot loader host. The function will
 180:.\Generated_Source\PSoC5/USBFS_boot.c **** *  handle polling to allow a block of data to be completely received from the
 181:.\Generated_Source\PSoC5/USBFS_boot.c **** *  host device.
 182:.\Generated_Source\PSoC5/USBFS_boot.c **** *
 183:.\Generated_Source\PSoC5/USBFS_boot.c **** * Parameters:
 184:.\Generated_Source\PSoC5/USBFS_boot.c **** *  pData:    A pointer to the area to store the block of data received
 185:.\Generated_Source\PSoC5/USBFS_boot.c **** *             from the device.
 186:.\Generated_Source\PSoC5/USBFS_boot.c **** *  size:     The number of bytes to read.
 187:.\Generated_Source\PSoC5/USBFS_boot.c **** *  count:    Pointer to an unsigned short variable to write the number
 188:.\Generated_Source\PSoC5/USBFS_boot.c **** *             of bytes actually read.
 189:.\Generated_Source\PSoC5/USBFS_boot.c **** *  timeOut:  Number of units to wait before returning because of a timeOut.
 190:.\Generated_Source\PSoC5/USBFS_boot.c **** *            Timeout is measured in 10s of ms.
 191:.\Generated_Source\PSoC5/USBFS_boot.c **** *
 192:.\Generated_Source\PSoC5/USBFS_boot.c **** * Return:
 193:.\Generated_Source\PSoC5/USBFS_boot.c **** *  Returns the value that best describes the problem.
 194:.\Generated_Source\PSoC5/USBFS_boot.c **** *
 195:.\Generated_Source\PSoC5/USBFS_boot.c **** * Reentrant:
 196:.\Generated_Source\PSoC5/USBFS_boot.c **** *  No.
 197:.\Generated_Source\PSoC5/USBFS_boot.c **** *
 198:.\Generated_Source\PSoC5/USBFS_boot.c **** *******************************************************************************/
 199:.\Generated_Source\PSoC5/USBFS_boot.c **** cystatus USBFS_CyBtldrCommRead(uint8 *pData, uint16 size, uint16 *count, uint8 timeOut) CYSMALL
 200:.\Generated_Source\PSoC5/USBFS_boot.c ****                                                             
 201:.\Generated_Source\PSoC5/USBFS_boot.c **** {
 242              		.loc 1 201 0
 243              		.cfi_startproc
 244              		@ args = 0, pretend = 0, frame = 24
 245              		@ frame_needed = 1, uses_anonymous_args = 0
 246 0000 80B5     		push	{r7, lr}
 247              	.LCFI9:
 248              		.cfi_def_cfa_offset 8
 249 0002 86B0     		sub	sp, sp, #24
 250              	.LCFI10:
 251              		.cfi_def_cfa_offset 32
ARM GAS  C:\DOCUME~1\ADMINI~1\LOCALS~1\Temp\ccMvMRW8.s 			page 9


 252 0004 00AF     		add	r7, sp, #0
 253              		.cfi_offset 14, -4
 254              		.cfi_offset 7, -8
 255              	.LCFI11:
 256              		.cfi_def_cfa_register 7
 257 0006 F860     		str	r0, [r7, #12]
 258 0008 7A60     		str	r2, [r7, #4]
 259 000a 0A46     		mov	r2, r1	@ movhi
 260 000c 7A81     		strh	r2, [r7, #10]	@ movhi
 261 000e FB70     		strb	r3, [r7, #3]
 202:.\Generated_Source\PSoC5/USBFS_boot.c ****     cystatus status;
 203:.\Generated_Source\PSoC5/USBFS_boot.c ****     uint16 time;
 204:.\Generated_Source\PSoC5/USBFS_boot.c **** 
 205:.\Generated_Source\PSoC5/USBFS_boot.c ****     if(size > USBFS_BTLDR_SIZEOF_WRITE_BUFFER)
 262              		.loc 1 205 0
 263 0010 7B89     		ldrh	r3, [r7, #10]
 264 0012 402B     		cmp	r3, #64
 265 0014 02D9     		bls	.L15
 206:.\Generated_Source\PSoC5/USBFS_boot.c ****     {
 207:.\Generated_Source\PSoC5/USBFS_boot.c ****         size = USBFS_BTLDR_SIZEOF_WRITE_BUFFER;
 266              		.loc 1 207 0
 267 0016 4FF04003 		mov	r3, #64
 268 001a 7B81     		strh	r3, [r7, #10]	@ movhi
 269              	.L15:
 208:.\Generated_Source\PSoC5/USBFS_boot.c ****     }
 209:.\Generated_Source\PSoC5/USBFS_boot.c ****     /* Start a timer to wait on. */
 210:.\Generated_Source\PSoC5/USBFS_boot.c ****     USBFS_CyBtLdrStarttimer(time, timeOut);
 270              		.loc 1 210 0
 271 001c FB78     		ldrb	r3, [r7, #3]	@ zero_extendqisi2
 272 001e 1A46     		mov	r2, r3	@ movhi
 273 0020 4FEA8202 		lsl	r2, r2, #2
 274 0024 1344     		add	r3, r2, r3
 275 0026 4FEA4303 		lsl	r3, r3, #1
 276 002a 9AB2     		uxth	r2, r3
 277 002c 40F20003 		movw	r3, #:lower16:USBFS_universalTime
 278 0030 C0F20003 		movt	r3, #:upper16:USBFS_universalTime
 279 0034 1A80     		strh	r2, [r3, #0]	@ movhi
 280 0036 4FF00003 		mov	r3, #0
 281 003a FB82     		strh	r3, [r7, #22]	@ movhi
 211:.\Generated_Source\PSoC5/USBFS_boot.c **** 
 212:.\Generated_Source\PSoC5/USBFS_boot.c ****     /* Wait on enumeration in first time */
 213:.\Generated_Source\PSoC5/USBFS_boot.c ****     if(USBFS_started)
 282              		.loc 1 213 0
 283 003c 40F20003 		movw	r3, #:lower16:USBFS_started
 284 0040 C0F20003 		movt	r3, #:upper16:USBFS_started
 285 0044 1B78     		ldrb	r3, [r3, #0]	@ zero_extendqisi2
 286 0046 002B     		cmp	r3, #0
 287 0048 2BD0     		beq	.L16
 214:.\Generated_Source\PSoC5/USBFS_boot.c ****     {
 215:.\Generated_Source\PSoC5/USBFS_boot.c ****         /* Wait for Device to enumerate */
 216:.\Generated_Source\PSoC5/USBFS_boot.c ****         while(!USBFS_GetConfiguration() && USBFS_CyBtLdrChecktimer(time))
 288              		.loc 1 216 0
 289 004a 03E0     		b	.L17
 290              	.L19:
 217:.\Generated_Source\PSoC5/USBFS_boot.c ****         {
 218:.\Generated_Source\PSoC5/USBFS_boot.c ****             CyDelay(1); /* 1ms delay */
 291              		.loc 1 218 0
ARM GAS  C:\DOCUME~1\ADMINI~1\LOCALS~1\Temp\ccMvMRW8.s 			page 10


 292 004c 4FF00100 		mov	r0, #1
 293 0050 FFF7FEFF 		bl	CyDelay
 294              	.L17:
 295              		.loc 1 216 0
 296 0054 FFF7FEFF 		bl	USBFS_GetConfiguration
 297 0058 0346     		mov	r3, r0
 298 005a 002B     		cmp	r3, #0
 299 005c 10D1     		bne	.L18
 300 005e 40F20003 		movw	r3, #:lower16:USBFS_universalTime
 301 0062 C0F20003 		movt	r3, #:upper16:USBFS_universalTime
 302 0066 1B88     		ldrh	r3, [r3, #0]
 303 0068 FA8A     		ldrh	r2, [r7, #22]
 304 006a 9A42     		cmp	r2, r3
 305 006c 2CBF     		ite	cs
 306 006e 0023     		movcs	r3, #0
 307 0070 0123     		movcc	r3, #1
 308 0072 DBB2     		uxtb	r3, r3
 309 0074 FA8A     		ldrh	r2, [r7, #22]	@ movhi
 310 0076 02F10102 		add	r2, r2, #1
 311 007a FA82     		strh	r2, [r7, #22]	@ movhi
 312 007c 002B     		cmp	r3, #0
 313 007e E5D1     		bne	.L19
 314              	.L18:
 219:.\Generated_Source\PSoC5/USBFS_boot.c ****         }
 220:.\Generated_Source\PSoC5/USBFS_boot.c ****         /* Enable first OUT, if enumeration complete */
 221:.\Generated_Source\PSoC5/USBFS_boot.c ****         if(USBFS_GetConfiguration())
 315              		.loc 1 221 0
 316 0080 FFF7FEFF 		bl	USBFS_GetConfiguration
 317 0084 0346     		mov	r3, r0
 318 0086 002B     		cmp	r3, #0
 319 0088 1DD0     		beq	.L28
 222:.\Generated_Source\PSoC5/USBFS_boot.c ****         {
 223:.\Generated_Source\PSoC5/USBFS_boot.c ****             USBFS_IsConfigurationChanged();  /* Crear configuration changes state status */
 320              		.loc 1 223 0
 321 008a FFF7FEFF 		bl	USBFS_IsConfigurationChanged
 224:.\Generated_Source\PSoC5/USBFS_boot.c ****             USBFS_CyBtldrCommReset();
 322              		.loc 1 224 0
 323 008e FFF7FEFF 		bl	USBFS_CyBtldrCommReset
 225:.\Generated_Source\PSoC5/USBFS_boot.c ****             USBFS_started = 0u;
 324              		.loc 1 225 0
 325 0092 40F20003 		movw	r3, #:lower16:USBFS_started
 326 0096 C0F20003 		movt	r3, #:upper16:USBFS_started
 327 009a 4FF00002 		mov	r2, #0
 328 009e 1A70     		strb	r2, [r3, #0]
 226:.\Generated_Source\PSoC5/USBFS_boot.c ****         }
 227:.\Generated_Source\PSoC5/USBFS_boot.c ****     }
 228:.\Generated_Source\PSoC5/USBFS_boot.c ****     else /* Check for configuration changes has been done by Host */
 229:.\Generated_Source\PSoC5/USBFS_boot.c ****     {
 230:.\Generated_Source\PSoC5/USBFS_boot.c ****         if(USBFS_IsConfigurationChanged() != 0) /* Host could send double SET_INTERFACE request or 
 231:.\Generated_Source\PSoC5/USBFS_boot.c ****         {
 232:.\Generated_Source\PSoC5/USBFS_boot.c ****             if(USBFS_GetConfiguration() != 0)    /* Init IN endpoints when device configured */
 233:.\Generated_Source\PSoC5/USBFS_boot.c ****             {
 234:.\Generated_Source\PSoC5/USBFS_boot.c ****                 USBFS_CyBtldrCommReset();
 235:.\Generated_Source\PSoC5/USBFS_boot.c ****             }
 236:.\Generated_Source\PSoC5/USBFS_boot.c ****         }    
 237:.\Generated_Source\PSoC5/USBFS_boot.c ****     }
 238:.\Generated_Source\PSoC5/USBFS_boot.c **** 
ARM GAS  C:\DOCUME~1\ADMINI~1\LOCALS~1\Temp\ccMvMRW8.s 			page 11


 239:.\Generated_Source\PSoC5/USBFS_boot.c ****     /* Wait on next packet */
 240:.\Generated_Source\PSoC5/USBFS_boot.c ****     while((USBFS_GetEPState(USBFS_BTLDR_OUT_EP) != USBFS_OUT_BUFFER_FULL) && \
 329              		.loc 1 240 0
 330 00a0 16E0     		b	.L22
 331              	.L16:
 332              		.loc 1 230 0
 333 00a2 FFF7FEFF 		bl	USBFS_IsConfigurationChanged
 334 00a6 0346     		mov	r3, r0
 335 00a8 002B     		cmp	r3, #0
 336 00aa 0ED0     		beq	.L29
 337              		.loc 1 232 0
 338 00ac FFF7FEFF 		bl	USBFS_GetConfiguration
 339 00b0 0346     		mov	r3, r0
 340 00b2 002B     		cmp	r3, #0
 341 00b4 0BD0     		beq	.L30
 342              		.loc 1 234 0
 343 00b6 FFF7FEFF 		bl	USBFS_CyBtldrCommReset
 344              		.loc 1 240 0
 345 00ba 09E0     		b	.L22
 346              	.L24:
 241:.\Generated_Source\PSoC5/USBFS_boot.c ****            USBFS_CyBtLdrChecktimer(time))
 242:.\Generated_Source\PSoC5/USBFS_boot.c ****     {
 243:.\Generated_Source\PSoC5/USBFS_boot.c ****         CyDelay(1); /* 1ms delay */
 347              		.loc 1 243 0
 348 00bc 4FF00100 		mov	r0, #1
 349 00c0 FFF7FEFF 		bl	CyDelay
 350 00c4 04E0     		b	.L22
 351              	.L28:
 352              		.loc 1 240 0
 353 00c6 00BF     		nop
 354 00c8 02E0     		b	.L22
 355              	.L29:
 356 00ca 00BF     		nop
 357 00cc 00E0     		b	.L22
 358              	.L30:
 359 00ce 00BF     		nop
 360              	.L22:
 361 00d0 4FF00100 		mov	r0, #1
 362 00d4 FFF7FEFF 		bl	USBFS_GetEPState
 363 00d8 0346     		mov	r3, r0
 364 00da 012B     		cmp	r3, #1
 365 00dc 10D0     		beq	.L23
 366              		.loc 1 241 0
 367 00de 40F20003 		movw	r3, #:lower16:USBFS_universalTime
 368 00e2 C0F20003 		movt	r3, #:upper16:USBFS_universalTime
 369 00e6 1B88     		ldrh	r3, [r3, #0]
 370 00e8 FA8A     		ldrh	r2, [r7, #22]
 371 00ea 9A42     		cmp	r2, r3
 372 00ec 2CBF     		ite	cs
 373 00ee 0023     		movcs	r3, #0
 374 00f0 0123     		movcc	r3, #1
 375 00f2 DBB2     		uxtb	r3, r3
 376 00f4 FA8A     		ldrh	r2, [r7, #22]	@ movhi
 377 00f6 02F10102 		add	r2, r2, #1
 378 00fa FA82     		strh	r2, [r7, #22]	@ movhi
 379              		.loc 1 240 0
 380 00fc 002B     		cmp	r3, #0
ARM GAS  C:\DOCUME~1\ADMINI~1\LOCALS~1\Temp\ccMvMRW8.s 			page 12


 381 00fe DDD1     		bne	.L24
 382              	.L23:
 244:.\Generated_Source\PSoC5/USBFS_boot.c ****     }
 245:.\Generated_Source\PSoC5/USBFS_boot.c **** 
 246:.\Generated_Source\PSoC5/USBFS_boot.c ****     /* OUT EP has completed */
 247:.\Generated_Source\PSoC5/USBFS_boot.c ****     if (USBFS_GetEPState(USBFS_BTLDR_OUT_EP) == USBFS_OUT_BUFFER_FULL)
 383              		.loc 1 247 0
 384 0100 4FF00100 		mov	r0, #1
 385 0104 FFF7FEFF 		bl	USBFS_GetEPState
 386 0108 0346     		mov	r3, r0
 387 010a 012B     		cmp	r3, #1
 388 010c 0ED1     		bne	.L25
 248:.\Generated_Source\PSoC5/USBFS_boot.c ****     {
 249:.\Generated_Source\PSoC5/USBFS_boot.c ****         *count = USBFS_ReadOutEP(USBFS_BTLDR_OUT_EP, pData, size);
 389              		.loc 1 249 0
 390 010e 7B89     		ldrh	r3, [r7, #10]
 391 0110 4FF00100 		mov	r0, #1
 392 0114 F968     		ldr	r1, [r7, #12]
 393 0116 1A46     		mov	r2, r3
 394 0118 FFF7FEFF 		bl	USBFS_ReadOutEP
 395 011c 0346     		mov	r3, r0
 396 011e 1A46     		mov	r2, r3
 397 0120 7B68     		ldr	r3, [r7, #4]
 398 0122 1A80     		strh	r2, [r3, #0]	@ movhi
 250:.\Generated_Source\PSoC5/USBFS_boot.c ****         status = CYRET_SUCCESS;
 399              		.loc 1 250 0
 400 0124 4FF00003 		mov	r3, #0
 401 0128 3B61     		str	r3, [r7, #16]
 402 012a 06E0     		b	.L26
 403              	.L25:
 251:.\Generated_Source\PSoC5/USBFS_boot.c ****     }
 252:.\Generated_Source\PSoC5/USBFS_boot.c ****     else
 253:.\Generated_Source\PSoC5/USBFS_boot.c ****     {
 254:.\Generated_Source\PSoC5/USBFS_boot.c ****         *count = 0u;
 404              		.loc 1 254 0
 405 012c 7B68     		ldr	r3, [r7, #4]
 406 012e 4FF00002 		mov	r2, #0
 407 0132 1A80     		strh	r2, [r3, #0]	@ movhi
 255:.\Generated_Source\PSoC5/USBFS_boot.c ****         status = CYRET_TIMEOUT;
 408              		.loc 1 255 0
 409 0134 4FF01003 		mov	r3, #16
 410 0138 3B61     		str	r3, [r7, #16]
 411              	.L26:
 256:.\Generated_Source\PSoC5/USBFS_boot.c ****     }
 257:.\Generated_Source\PSoC5/USBFS_boot.c ****     return(status);
 412              		.loc 1 257 0
 413 013a 3B69     		ldr	r3, [r7, #16]
 258:.\Generated_Source\PSoC5/USBFS_boot.c **** }
 414              		.loc 1 258 0
 415 013c 1846     		mov	r0, r3
 416 013e 07F11807 		add	r7, r7, #24
 417 0142 BD46     		mov	sp, r7
 418 0144 80BD     		pop	{r7, pc}
 419              		.cfi_endproc
 420              	.LFE4:
 421              		.size	USBFS_CyBtldrCommRead, .-USBFS_CyBtldrCommRead
 422 0146 00BF     		.text
ARM GAS  C:\DOCUME~1\ADMINI~1\LOCALS~1\Temp\ccMvMRW8.s 			page 13


 423              	.Letext0:
 424              		.section	.debug_loc,"",%progbits
 425              	.Ldebug_loc0:
 426              	.LLST0:
 427 0000 00000000 		.4byte	.LFB0
 428 0004 02000000 		.4byte	.LCFI0
 429 0008 0100     		.2byte	0x1
 430 000a 5D       		.byte	0x5d
 431 000b 02000000 		.4byte	.LCFI0
 432 000f 04000000 		.4byte	.LCFI1
 433 0013 0200     		.2byte	0x2
 434 0015 7D       		.byte	0x7d
 435 0016 08       		.sleb128 8
 436 0017 04000000 		.4byte	.LCFI1
 437 001b 22000000 		.4byte	.LFE0
 438 001f 0200     		.2byte	0x2
 439 0021 77       		.byte	0x77
 440 0022 08       		.sleb128 8
 441 0023 00000000 		.4byte	0x0
 442 0027 00000000 		.4byte	0x0
 443              	.LLST1:
 444 002b 00000000 		.4byte	.LFB1
 445 002f 02000000 		.4byte	.LCFI2
 446 0033 0100     		.2byte	0x1
 447 0035 5D       		.byte	0x5d
 448 0036 02000000 		.4byte	.LCFI2
 449 003a 04000000 		.4byte	.LCFI3
 450 003e 0200     		.2byte	0x2
 451 0040 7D       		.byte	0x7d
 452 0041 08       		.sleb128 8
 453 0042 04000000 		.4byte	.LCFI3
 454 0046 0A000000 		.4byte	.LFE1
 455 004a 0200     		.2byte	0x2
 456 004c 77       		.byte	0x77
 457 004d 08       		.sleb128 8
 458 004e 00000000 		.4byte	0x0
 459 0052 00000000 		.4byte	0x0
 460              	.LLST2:
 461 0056 00000000 		.4byte	.LFB2
 462 005a 02000000 		.4byte	.LCFI4
 463 005e 0100     		.2byte	0x1
 464 0060 5D       		.byte	0x5d
 465 0061 02000000 		.4byte	.LCFI4
 466 0065 04000000 		.4byte	.LCFI5
 467 0069 0200     		.2byte	0x2
 468 006b 7D       		.byte	0x7d
 469 006c 08       		.sleb128 8
 470 006d 04000000 		.4byte	.LCFI5
 471 0071 0E000000 		.4byte	.LFE2
 472 0075 0200     		.2byte	0x2
 473 0077 77       		.byte	0x77
 474 0078 08       		.sleb128 8
 475 0079 00000000 		.4byte	0x0
 476 007d 00000000 		.4byte	0x0
 477              	.LLST3:
 478 0081 00000000 		.4byte	.LFB3
 479 0085 02000000 		.4byte	.LCFI6
ARM GAS  C:\DOCUME~1\ADMINI~1\LOCALS~1\Temp\ccMvMRW8.s 			page 14


 480 0089 0100     		.2byte	0x1
 481 008b 5D       		.byte	0x5d
 482 008c 02000000 		.4byte	.LCFI6
 483 0090 04000000 		.4byte	.LCFI7
 484 0094 0200     		.2byte	0x2
 485 0096 7D       		.byte	0x7d
 486 0097 08       		.sleb128 8
 487 0098 04000000 		.4byte	.LCFI7
 488 009c 06000000 		.4byte	.LCFI8
 489 00a0 0200     		.2byte	0x2
 490 00a2 7D       		.byte	0x7d
 491 00a3 20       		.sleb128 32
 492 00a4 06000000 		.4byte	.LCFI8
 493 00a8 A6000000 		.4byte	.LFE3
 494 00ac 0200     		.2byte	0x2
 495 00ae 77       		.byte	0x77
 496 00af 20       		.sleb128 32
 497 00b0 00000000 		.4byte	0x0
 498 00b4 00000000 		.4byte	0x0
 499              	.LLST4:
 500 00b8 00000000 		.4byte	.LFB4
 501 00bc 02000000 		.4byte	.LCFI9
 502 00c0 0100     		.2byte	0x1
 503 00c2 5D       		.byte	0x5d
 504 00c3 02000000 		.4byte	.LCFI9
 505 00c7 04000000 		.4byte	.LCFI10
 506 00cb 0200     		.2byte	0x2
 507 00cd 7D       		.byte	0x7d
 508 00ce 08       		.sleb128 8
 509 00cf 04000000 		.4byte	.LCFI10
 510 00d3 06000000 		.4byte	.LCFI11
 511 00d7 0200     		.2byte	0x2
 512 00d9 7D       		.byte	0x7d
 513 00da 20       		.sleb128 32
 514 00db 06000000 		.4byte	.LCFI11
 515 00df 46010000 		.4byte	.LFE4
 516 00e3 0200     		.2byte	0x2
 517 00e5 77       		.byte	0x77
 518 00e6 20       		.sleb128 32
 519 00e7 00000000 		.4byte	0x0
 520 00eb 00000000 		.4byte	0x0
 521              		.file 2 ".\\Generated_Source\\PSoC5\\/cytypes.h"
 522              		.section	.debug_info
 523 0000 F8010000 		.4byte	0x1f8
 524 0004 0200     		.2byte	0x2
 525 0006 00000000 		.4byte	.Ldebug_abbrev0
 526 000a 04       		.byte	0x4
 527 000b 01       		.uleb128 0x1
 528 000c 08010000 		.4byte	.LASF28
 529 0010 01       		.byte	0x1
 530 0011 D4010000 		.4byte	.LASF29
 531 0015 4E010000 		.4byte	.LASF30
 532 0019 00000000 		.4byte	0x0
 533 001d 00000000 		.4byte	0x0
 534 0021 00000000 		.4byte	.Ldebug_ranges0+0x0
 535 0025 00000000 		.4byte	.Ldebug_line0
 536 0029 02       		.uleb128 0x2
ARM GAS  C:\DOCUME~1\ADMINI~1\LOCALS~1\Temp\ccMvMRW8.s 			page 15


 537 002a 01       		.byte	0x1
 538 002b 06       		.byte	0x6
 539 002c 42010000 		.4byte	.LASF0
 540 0030 02       		.uleb128 0x2
 541 0031 01       		.byte	0x1
 542 0032 08       		.byte	0x8
 543 0033 8E000000 		.4byte	.LASF1
 544 0037 02       		.uleb128 0x2
 545 0038 02       		.byte	0x2
 546 0039 05       		.byte	0x5
 547 003a 19010000 		.4byte	.LASF2
 548 003e 02       		.uleb128 0x2
 549 003f 02       		.byte	0x2
 550 0040 07       		.byte	0x7
 551 0041 1D000000 		.4byte	.LASF3
 552 0045 02       		.uleb128 0x2
 553 0046 04       		.byte	0x4
 554 0047 05       		.byte	0x5
 555 0048 23010000 		.4byte	.LASF4
 556 004c 02       		.uleb128 0x2
 557 004d 04       		.byte	0x4
 558 004e 07       		.byte	0x7
 559 004f 76000000 		.4byte	.LASF5
 560 0053 02       		.uleb128 0x2
 561 0054 08       		.byte	0x8
 562 0055 05       		.byte	0x5
 563 0056 00000000 		.4byte	.LASF6
 564 005a 02       		.uleb128 0x2
 565 005b 08       		.byte	0x8
 566 005c 07       		.byte	0x7
 567 005d CE000000 		.4byte	.LASF7
 568 0061 03       		.uleb128 0x3
 569 0062 04       		.byte	0x4
 570 0063 05       		.byte	0x5
 571 0064 696E7400 		.ascii	"int\000"
 572 0068 02       		.uleb128 0x2
 573 0069 04       		.byte	0x4
 574 006a 07       		.byte	0x7
 575 006b C1000000 		.4byte	.LASF8
 576 006f 04       		.uleb128 0x4
 577 0070 88000000 		.4byte	.LASF9
 578 0074 02       		.byte	0x2
 579 0075 4C       		.byte	0x4c
 580 0076 30000000 		.4byte	0x30
 581 007a 04       		.uleb128 0x4
 582 007b BA000000 		.4byte	.LASF10
 583 007f 02       		.byte	0x2
 584 0080 4D       		.byte	0x4d
 585 0081 3E000000 		.4byte	0x3e
 586 0085 02       		.uleb128 0x2
 587 0086 04       		.byte	0x4
 588 0087 04       		.byte	0x4
 589 0088 6B000000 		.4byte	.LASF11
 590 008c 02       		.uleb128 0x2
 591 008d 08       		.byte	0x8
 592 008e 04       		.byte	0x4
 593 008f 9C000000 		.4byte	.LASF12
ARM GAS  C:\DOCUME~1\ADMINI~1\LOCALS~1\Temp\ccMvMRW8.s 			page 16


 594 0093 02       		.uleb128 0x2
 595 0094 01       		.byte	0x1
 596 0095 08       		.byte	0x8
 597 0096 14010000 		.4byte	.LASF13
 598 009a 04       		.uleb128 0x4
 599 009b 0E000000 		.4byte	.LASF14
 600 009f 02       		.byte	0x2
 601 00a0 D1       		.byte	0xd1
 602 00a1 4C000000 		.4byte	0x4c
 603 00a5 05       		.uleb128 0x5
 604 00a6 04       		.byte	0x4
 605 00a7 07       		.byte	0x7
 606 00a8 06       		.uleb128 0x6
 607 00a9 01       		.byte	0x1
 608 00aa 54000000 		.4byte	.LASF15
 609 00ae 01       		.byte	0x1
 610 00af 3E       		.byte	0x3e
 611 00b0 01       		.byte	0x1
 612 00b1 00000000 		.4byte	.LFB0
 613 00b5 22000000 		.4byte	.LFE0
 614 00b9 00000000 		.4byte	.LLST0
 615 00bd 06       		.uleb128 0x6
 616 00be 01       		.byte	0x1
 617 00bf 2C010000 		.4byte	.LASF16
 618 00c3 01       		.byte	0x1
 619 00c4 59       		.byte	0x59
 620 00c5 01       		.byte	0x1
 621 00c6 00000000 		.4byte	.LFB1
 622 00ca 0A000000 		.4byte	.LFE1
 623 00ce 2B000000 		.4byte	.LLST1
 624 00d2 06       		.uleb128 0x6
 625 00d3 01       		.byte	0x1
 626 00d4 30000000 		.4byte	.LASF17
 627 00d8 01       		.byte	0x1
 628 00d9 70       		.byte	0x70
 629 00da 01       		.byte	0x1
 630 00db 00000000 		.4byte	.LFB2
 631 00df 0E000000 		.4byte	.LFE2
 632 00e3 56000000 		.4byte	.LLST2
 633 00e7 07       		.uleb128 0x7
 634 00e8 01       		.byte	0x1
 635 00e9 A3000000 		.4byte	.LASF24
 636 00ed 01       		.byte	0x1
 637 00ee 8D       		.byte	0x8d
 638 00ef 01       		.byte	0x1
 639 00f0 9A000000 		.4byte	0x9a
 640 00f4 00000000 		.4byte	.LFB3
 641 00f8 A6000000 		.4byte	.LFE3
 642 00fc 81000000 		.4byte	.LLST3
 643 0100 59010000 		.4byte	0x159
 644 0104 08       		.uleb128 0x8
 645 0105 4E000000 		.4byte	.LASF18
 646 0109 01       		.byte	0x1
 647 010a 8D       		.byte	0x8d
 648 010b 59010000 		.4byte	0x159
 649 010f 02       		.byte	0x2
 650 0110 91       		.byte	0x91
ARM GAS  C:\DOCUME~1\ADMINI~1\LOCALS~1\Temp\ccMvMRW8.s 			page 17


 651 0111 6C       		.sleb128 -20
 652 0112 08       		.uleb128 0x8
 653 0113 71000000 		.4byte	.LASF19
 654 0117 01       		.byte	0x1
 655 0118 8D       		.byte	0x8d
 656 0119 7A000000 		.4byte	0x7a
 657 011d 02       		.byte	0x2
 658 011e 91       		.byte	0x91
 659 011f 6A       		.sleb128 -22
 660 0120 08       		.uleb128 0x8
 661 0121 17000000 		.4byte	.LASF20
 662 0125 01       		.byte	0x1
 663 0126 8D       		.byte	0x8d
 664 0127 5F010000 		.4byte	0x15f
 665 012b 02       		.byte	0x2
 666 012c 91       		.byte	0x91
 667 012d 64       		.sleb128 -28
 668 012e 08       		.uleb128 0x8
 669 012f FB000000 		.4byte	.LASF21
 670 0133 01       		.byte	0x1
 671 0134 8D       		.byte	0x8d
 672 0135 6F000000 		.4byte	0x6f
 673 0139 02       		.byte	0x2
 674 013a 91       		.byte	0x91
 675 013b 63       		.sleb128 -29
 676 013c 09       		.uleb128 0x9
 677 013d 03010000 		.4byte	.LASF22
 678 0141 01       		.byte	0x1
 679 0142 90       		.byte	0x90
 680 0143 7A000000 		.4byte	0x7a
 681 0147 02       		.byte	0x2
 682 0148 91       		.byte	0x91
 683 0149 72       		.sleb128 -14
 684 014a 09       		.uleb128 0x9
 685 014b 47000000 		.4byte	.LASF23
 686 014f 01       		.byte	0x1
 687 0150 91       		.byte	0x91
 688 0151 9A000000 		.4byte	0x9a
 689 0155 02       		.byte	0x2
 690 0156 91       		.byte	0x91
 691 0157 74       		.sleb128 -12
 692 0158 00       		.byte	0x0
 693 0159 0A       		.uleb128 0xa
 694 015a 04       		.byte	0x4
 695 015b 6F000000 		.4byte	0x6f
 696 015f 0A       		.uleb128 0xa
 697 0160 04       		.byte	0x4
 698 0161 7A000000 		.4byte	0x7a
 699 0165 07       		.uleb128 0x7
 700 0166 01       		.byte	0x1
 701 0167 E5000000 		.4byte	.LASF25
 702 016b 01       		.byte	0x1
 703 016c C7       		.byte	0xc7
 704 016d 01       		.byte	0x1
 705 016e 9A000000 		.4byte	0x9a
 706 0172 00000000 		.4byte	.LFB4
 707 0176 46010000 		.4byte	.LFE4
ARM GAS  C:\DOCUME~1\ADMINI~1\LOCALS~1\Temp\ccMvMRW8.s 			page 18


 708 017a B8000000 		.4byte	.LLST4
 709 017e D7010000 		.4byte	0x1d7
 710 0182 08       		.uleb128 0x8
 711 0183 4E000000 		.4byte	.LASF18
 712 0187 01       		.byte	0x1
 713 0188 C7       		.byte	0xc7
 714 0189 59010000 		.4byte	0x159
 715 018d 02       		.byte	0x2
 716 018e 91       		.byte	0x91
 717 018f 6C       		.sleb128 -20
 718 0190 08       		.uleb128 0x8
 719 0191 71000000 		.4byte	.LASF19
 720 0195 01       		.byte	0x1
 721 0196 C7       		.byte	0xc7
 722 0197 7A000000 		.4byte	0x7a
 723 019b 02       		.byte	0x2
 724 019c 91       		.byte	0x91
 725 019d 6A       		.sleb128 -22
 726 019e 08       		.uleb128 0x8
 727 019f 17000000 		.4byte	.LASF20
 728 01a3 01       		.byte	0x1
 729 01a4 C7       		.byte	0xc7
 730 01a5 5F010000 		.4byte	0x15f
 731 01a9 02       		.byte	0x2
 732 01aa 91       		.byte	0x91
 733 01ab 64       		.sleb128 -28
 734 01ac 08       		.uleb128 0x8
 735 01ad FB000000 		.4byte	.LASF21
 736 01b1 01       		.byte	0x1
 737 01b2 C7       		.byte	0xc7
 738 01b3 6F000000 		.4byte	0x6f
 739 01b7 02       		.byte	0x2
 740 01b8 91       		.byte	0x91
 741 01b9 63       		.sleb128 -29
 742 01ba 09       		.uleb128 0x9
 743 01bb 47000000 		.4byte	.LASF23
 744 01bf 01       		.byte	0x1
 745 01c0 CA       		.byte	0xca
 746 01c1 9A000000 		.4byte	0x9a
 747 01c5 02       		.byte	0x2
 748 01c6 91       		.byte	0x91
 749 01c7 70       		.sleb128 -16
 750 01c8 09       		.uleb128 0x9
 751 01c9 03010000 		.4byte	.LASF22
 752 01cd 01       		.byte	0x1
 753 01ce CB       		.byte	0xcb
 754 01cf 7A000000 		.4byte	0x7a
 755 01d3 02       		.byte	0x2
 756 01d4 91       		.byte	0x91
 757 01d5 76       		.sleb128 -10
 758 01d6 00       		.byte	0x0
 759 01d7 0B       		.uleb128 0xb
 760 01d8 C0010000 		.4byte	.LASF26
 761 01dc 01       		.byte	0x1
 762 01dd 26       		.byte	0x26
 763 01de 7A000000 		.4byte	0x7a
 764 01e2 01       		.byte	0x1
ARM GAS  C:\DOCUME~1\ADMINI~1\LOCALS~1\Temp\ccMvMRW8.s 			page 19


 765 01e3 05       		.byte	0x5
 766 01e4 03       		.byte	0x3
 767 01e5 00000000 		.4byte	USBFS_universalTime
 768 01e9 0B       		.uleb128 0xb
 769 01ea B2010000 		.4byte	.LASF27
 770 01ee 01       		.byte	0x1
 771 01ef 27       		.byte	0x27
 772 01f0 6F000000 		.4byte	0x6f
 773 01f4 01       		.byte	0x1
 774 01f5 05       		.byte	0x5
 775 01f6 03       		.byte	0x3
 776 01f7 00000000 		.4byte	USBFS_started
 777 01fb 00       		.byte	0x0
 778              		.section	.debug_abbrev
 779 0000 01       		.uleb128 0x1
 780 0001 11       		.uleb128 0x11
 781 0002 01       		.byte	0x1
 782 0003 25       		.uleb128 0x25
 783 0004 0E       		.uleb128 0xe
 784 0005 13       		.uleb128 0x13
 785 0006 0B       		.uleb128 0xb
 786 0007 03       		.uleb128 0x3
 787 0008 0E       		.uleb128 0xe
 788 0009 1B       		.uleb128 0x1b
 789 000a 0E       		.uleb128 0xe
 790 000b 11       		.uleb128 0x11
 791 000c 01       		.uleb128 0x1
 792 000d 52       		.uleb128 0x52
 793 000e 01       		.uleb128 0x1
 794 000f 55       		.uleb128 0x55
 795 0010 06       		.uleb128 0x6
 796 0011 10       		.uleb128 0x10
 797 0012 06       		.uleb128 0x6
 798 0013 00       		.byte	0x0
 799 0014 00       		.byte	0x0
 800 0015 02       		.uleb128 0x2
 801 0016 24       		.uleb128 0x24
 802 0017 00       		.byte	0x0
 803 0018 0B       		.uleb128 0xb
 804 0019 0B       		.uleb128 0xb
 805 001a 3E       		.uleb128 0x3e
 806 001b 0B       		.uleb128 0xb
 807 001c 03       		.uleb128 0x3
 808 001d 0E       		.uleb128 0xe
 809 001e 00       		.byte	0x0
 810 001f 00       		.byte	0x0
 811 0020 03       		.uleb128 0x3
 812 0021 24       		.uleb128 0x24
 813 0022 00       		.byte	0x0
 814 0023 0B       		.uleb128 0xb
 815 0024 0B       		.uleb128 0xb
 816 0025 3E       		.uleb128 0x3e
 817 0026 0B       		.uleb128 0xb
 818 0027 03       		.uleb128 0x3
 819 0028 08       		.uleb128 0x8
 820 0029 00       		.byte	0x0
 821 002a 00       		.byte	0x0
ARM GAS  C:\DOCUME~1\ADMINI~1\LOCALS~1\Temp\ccMvMRW8.s 			page 20


 822 002b 04       		.uleb128 0x4
 823 002c 16       		.uleb128 0x16
 824 002d 00       		.byte	0x0
 825 002e 03       		.uleb128 0x3
 826 002f 0E       		.uleb128 0xe
 827 0030 3A       		.uleb128 0x3a
 828 0031 0B       		.uleb128 0xb
 829 0032 3B       		.uleb128 0x3b
 830 0033 0B       		.uleb128 0xb
 831 0034 49       		.uleb128 0x49
 832 0035 13       		.uleb128 0x13
 833 0036 00       		.byte	0x0
 834 0037 00       		.byte	0x0
 835 0038 05       		.uleb128 0x5
 836 0039 24       		.uleb128 0x24
 837 003a 00       		.byte	0x0
 838 003b 0B       		.uleb128 0xb
 839 003c 0B       		.uleb128 0xb
 840 003d 3E       		.uleb128 0x3e
 841 003e 0B       		.uleb128 0xb
 842 003f 00       		.byte	0x0
 843 0040 00       		.byte	0x0
 844 0041 06       		.uleb128 0x6
 845 0042 2E       		.uleb128 0x2e
 846 0043 00       		.byte	0x0
 847 0044 3F       		.uleb128 0x3f
 848 0045 0C       		.uleb128 0xc
 849 0046 03       		.uleb128 0x3
 850 0047 0E       		.uleb128 0xe
 851 0048 3A       		.uleb128 0x3a
 852 0049 0B       		.uleb128 0xb
 853 004a 3B       		.uleb128 0x3b
 854 004b 0B       		.uleb128 0xb
 855 004c 27       		.uleb128 0x27
 856 004d 0C       		.uleb128 0xc
 857 004e 11       		.uleb128 0x11
 858 004f 01       		.uleb128 0x1
 859 0050 12       		.uleb128 0x12
 860 0051 01       		.uleb128 0x1
 861 0052 40       		.uleb128 0x40
 862 0053 06       		.uleb128 0x6
 863 0054 00       		.byte	0x0
 864 0055 00       		.byte	0x0
 865 0056 07       		.uleb128 0x7
 866 0057 2E       		.uleb128 0x2e
 867 0058 01       		.byte	0x1
 868 0059 3F       		.uleb128 0x3f
 869 005a 0C       		.uleb128 0xc
 870 005b 03       		.uleb128 0x3
 871 005c 0E       		.uleb128 0xe
 872 005d 3A       		.uleb128 0x3a
 873 005e 0B       		.uleb128 0xb
 874 005f 3B       		.uleb128 0x3b
 875 0060 0B       		.uleb128 0xb
 876 0061 27       		.uleb128 0x27
 877 0062 0C       		.uleb128 0xc
 878 0063 49       		.uleb128 0x49
ARM GAS  C:\DOCUME~1\ADMINI~1\LOCALS~1\Temp\ccMvMRW8.s 			page 21


 879 0064 13       		.uleb128 0x13
 880 0065 11       		.uleb128 0x11
 881 0066 01       		.uleb128 0x1
 882 0067 12       		.uleb128 0x12
 883 0068 01       		.uleb128 0x1
 884 0069 40       		.uleb128 0x40
 885 006a 06       		.uleb128 0x6
 886 006b 01       		.uleb128 0x1
 887 006c 13       		.uleb128 0x13
 888 006d 00       		.byte	0x0
 889 006e 00       		.byte	0x0
 890 006f 08       		.uleb128 0x8
 891 0070 05       		.uleb128 0x5
 892 0071 00       		.byte	0x0
 893 0072 03       		.uleb128 0x3
 894 0073 0E       		.uleb128 0xe
 895 0074 3A       		.uleb128 0x3a
 896 0075 0B       		.uleb128 0xb
 897 0076 3B       		.uleb128 0x3b
 898 0077 0B       		.uleb128 0xb
 899 0078 49       		.uleb128 0x49
 900 0079 13       		.uleb128 0x13
 901 007a 02       		.uleb128 0x2
 902 007b 0A       		.uleb128 0xa
 903 007c 00       		.byte	0x0
 904 007d 00       		.byte	0x0
 905 007e 09       		.uleb128 0x9
 906 007f 34       		.uleb128 0x34
 907 0080 00       		.byte	0x0
 908 0081 03       		.uleb128 0x3
 909 0082 0E       		.uleb128 0xe
 910 0083 3A       		.uleb128 0x3a
 911 0084 0B       		.uleb128 0xb
 912 0085 3B       		.uleb128 0x3b
 913 0086 0B       		.uleb128 0xb
 914 0087 49       		.uleb128 0x49
 915 0088 13       		.uleb128 0x13
 916 0089 02       		.uleb128 0x2
 917 008a 0A       		.uleb128 0xa
 918 008b 00       		.byte	0x0
 919 008c 00       		.byte	0x0
 920 008d 0A       		.uleb128 0xa
 921 008e 0F       		.uleb128 0xf
 922 008f 00       		.byte	0x0
 923 0090 0B       		.uleb128 0xb
 924 0091 0B       		.uleb128 0xb
 925 0092 49       		.uleb128 0x49
 926 0093 13       		.uleb128 0x13
 927 0094 00       		.byte	0x0
 928 0095 00       		.byte	0x0
 929 0096 0B       		.uleb128 0xb
 930 0097 34       		.uleb128 0x34
 931 0098 00       		.byte	0x0
 932 0099 03       		.uleb128 0x3
 933 009a 0E       		.uleb128 0xe
 934 009b 3A       		.uleb128 0x3a
 935 009c 0B       		.uleb128 0xb
ARM GAS  C:\DOCUME~1\ADMINI~1\LOCALS~1\Temp\ccMvMRW8.s 			page 22


 936 009d 3B       		.uleb128 0x3b
 937 009e 0B       		.uleb128 0xb
 938 009f 49       		.uleb128 0x49
 939 00a0 13       		.uleb128 0x13
 940 00a1 3F       		.uleb128 0x3f
 941 00a2 0C       		.uleb128 0xc
 942 00a3 02       		.uleb128 0x2
 943 00a4 0A       		.uleb128 0xa
 944 00a5 00       		.byte	0x0
 945 00a6 00       		.byte	0x0
 946 00a7 00       		.byte	0x0
 947              		.section	.debug_pubnames,"",%progbits
 948 0000 BD000000 		.4byte	0xbd
 949 0004 0200     		.2byte	0x2
 950 0006 00000000 		.4byte	.Ldebug_info0
 951 000a FC010000 		.4byte	0x1fc
 952 000e A8000000 		.4byte	0xa8
 953 0012 55534246 		.ascii	"USBFS_CyBtldrCommStart\000"
 953      535F4379 
 953      42746C64 
 953      72436F6D 
 953      6D537461 
 954 0029 BD000000 		.4byte	0xbd
 955 002d 55534246 		.ascii	"USBFS_CyBtldrCommStop\000"
 955      535F4379 
 955      42746C64 
 955      72436F6D 
 955      6D53746F 
 956 0043 D2000000 		.4byte	0xd2
 957 0047 55534246 		.ascii	"USBFS_CyBtldrCommReset\000"
 957      535F4379 
 957      42746C64 
 957      72436F6D 
 957      6D526573 
 958 005e E7000000 		.4byte	0xe7
 959 0062 55534246 		.ascii	"USBFS_CyBtldrCommWrite\000"
 959      535F4379 
 959      42746C64 
 959      72436F6D 
 959      6D577269 
 960 0079 65010000 		.4byte	0x165
 961 007d 55534246 		.ascii	"USBFS_CyBtldrCommRead\000"
 961      535F4379 
 961      42746C64 
 961      72436F6D 
 961      6D526561 
 962 0093 D7010000 		.4byte	0x1d7
 963 0097 55534246 		.ascii	"USBFS_universalTime\000"
 963      535F756E 
 963      69766572 
 963      73616C54 
 963      696D6500 
 964 00ab E9010000 		.4byte	0x1e9
 965 00af 55534246 		.ascii	"USBFS_started\000"
 965      535F7374 
 965      61727465 
 965      6400
ARM GAS  C:\DOCUME~1\ADMINI~1\LOCALS~1\Temp\ccMvMRW8.s 			page 23


 966 00bd 00000000 		.4byte	0x0
 967              		.section	.debug_aranges,"",%progbits
 968 0000 3C000000 		.4byte	0x3c
 969 0004 0200     		.2byte	0x2
 970 0006 00000000 		.4byte	.Ldebug_info0
 971 000a 04       		.byte	0x4
 972 000b 00       		.byte	0x0
 973 000c 0000     		.2byte	0x0
 974 000e 0000     		.2byte	0x0
 975 0010 00000000 		.4byte	.LFB0
 976 0014 22000000 		.4byte	.LFE0-.LFB0
 977 0018 00000000 		.4byte	.LFB1
 978 001c 0A000000 		.4byte	.LFE1-.LFB1
 979 0020 00000000 		.4byte	.LFB2
 980 0024 0E000000 		.4byte	.LFE2-.LFB2
 981 0028 00000000 		.4byte	.LFB3
 982 002c A6000000 		.4byte	.LFE3-.LFB3
 983 0030 00000000 		.4byte	.LFB4
 984 0034 46010000 		.4byte	.LFE4-.LFB4
 985 0038 00000000 		.4byte	0x0
 986 003c 00000000 		.4byte	0x0
 987              		.section	.debug_ranges,"",%progbits
 988              	.Ldebug_ranges0:
 989 0000 00000000 		.4byte	.Ltext0
 990 0004 00000000 		.4byte	.Letext0
 991 0008 00000000 		.4byte	.LFB0
 992 000c 22000000 		.4byte	.LFE0
 993 0010 00000000 		.4byte	.LFB1
 994 0014 0A000000 		.4byte	.LFE1
 995 0018 00000000 		.4byte	.LFB2
 996 001c 0E000000 		.4byte	.LFE2
 997 0020 00000000 		.4byte	.LFB3
 998 0024 A6000000 		.4byte	.LFE3
 999 0028 00000000 		.4byte	.LFB4
 1000 002c 46010000 		.4byte	.LFE4
 1001 0030 00000000 		.4byte	0x0
 1002 0034 00000000 		.4byte	0x0
 1003              		.section	.debug_str,"MS",%progbits,1
 1004              	.LASF6:
 1005 0000 6C6F6E67 		.ascii	"long long int\000"
 1005      206C6F6E 
 1005      6720696E 
 1005      7400
 1006              	.LASF14:
 1007 000e 63797374 		.ascii	"cystatus\000"
 1007      61747573 
 1007      00
 1008              	.LASF20:
 1009 0017 636F756E 		.ascii	"count\000"
 1009      7400
 1010              	.LASF3:
 1011 001d 73686F72 		.ascii	"short unsigned int\000"
 1011      7420756E 
 1011      7369676E 
 1011      65642069 
 1011      6E7400
 1012              	.LASF17:
ARM GAS  C:\DOCUME~1\ADMINI~1\LOCALS~1\Temp\ccMvMRW8.s 			page 24


 1013 0030 55534246 		.ascii	"USBFS_CyBtldrCommReset\000"
 1013      535F4379 
 1013      42746C64 
 1013      72436F6D 
 1013      6D526573 
 1014              	.LASF23:
 1015 0047 73746174 		.ascii	"status\000"
 1015      757300
 1016              	.LASF18:
 1017 004e 70446174 		.ascii	"pData\000"
 1017      6100
 1018              	.LASF15:
 1019 0054 55534246 		.ascii	"USBFS_CyBtldrCommStart\000"
 1019      535F4379 
 1019      42746C64 
 1019      72436F6D 
 1019      6D537461 
 1020              	.LASF11:
 1021 006b 666C6F61 		.ascii	"float\000"
 1021      7400
 1022              	.LASF19:
 1023 0071 73697A65 		.ascii	"size\000"
 1023      00
 1024              	.LASF5:
 1025 0076 6C6F6E67 		.ascii	"long unsigned int\000"
 1025      20756E73 
 1025      69676E65 
 1025      6420696E 
 1025      7400
 1026              	.LASF9:
 1027 0088 75696E74 		.ascii	"uint8\000"
 1027      3800
 1028              	.LASF1:
 1029 008e 756E7369 		.ascii	"unsigned char\000"
 1029      676E6564 
 1029      20636861 
 1029      7200
 1030              	.LASF12:
 1031 009c 646F7562 		.ascii	"double\000"
 1031      6C6500
 1032              	.LASF24:
 1033 00a3 55534246 		.ascii	"USBFS_CyBtldrCommWrite\000"
 1033      535F4379 
 1033      42746C64 
 1033      72436F6D 
 1033      6D577269 
 1034              	.LASF10:
 1035 00ba 75696E74 		.ascii	"uint16\000"
 1035      313600
 1036              	.LASF8:
 1037 00c1 756E7369 		.ascii	"unsigned int\000"
 1037      676E6564 
 1037      20696E74 
 1037      00
 1038              	.LASF7:
 1039 00ce 6C6F6E67 		.ascii	"long long unsigned int\000"
 1039      206C6F6E 
ARM GAS  C:\DOCUME~1\ADMINI~1\LOCALS~1\Temp\ccMvMRW8.s 			page 25


 1039      6720756E 
 1039      7369676E 
 1039      65642069 
 1040              	.LASF25:
 1041 00e5 55534246 		.ascii	"USBFS_CyBtldrCommRead\000"
 1041      535F4379 
 1041      42746C64 
 1041      72436F6D 
 1041      6D526561 
 1042              	.LASF21:
 1043 00fb 74696D65 		.ascii	"timeOut\000"
 1043      4F757400 
 1044              	.LASF22:
 1045 0103 74696D65 		.ascii	"time\000"
 1045      00
 1046              	.LASF28:
 1047 0108 474E5520 		.ascii	"GNU C 4.4.1\000"
 1047      4320342E 
 1047      342E3100 
 1048              	.LASF13:
 1049 0114 63686172 		.ascii	"char\000"
 1049      00
 1050              	.LASF2:
 1051 0119 73686F72 		.ascii	"short int\000"
 1051      7420696E 
 1051      7400
 1052              	.LASF4:
 1053 0123 6C6F6E67 		.ascii	"long int\000"
 1053      20696E74 
 1053      00
 1054              	.LASF16:
 1055 012c 55534246 		.ascii	"USBFS_CyBtldrCommStop\000"
 1055      535F4379 
 1055      42746C64 
 1055      72436F6D 
 1055      6D53746F 
 1056              	.LASF0:
 1057 0142 7369676E 		.ascii	"signed char\000"
 1057      65642063 
 1057      68617200 
 1058              	.LASF30:
 1059 014e 5C5C7073 		.ascii	"\\\\psf\\Home\\Desktop\\USB-Audio-PSOC5LP\\Firmware"
 1059      665C486F 
 1059      6D655C44 
 1059      65736B74 
 1059      6F705C55 
 1060 017b 5C4B6974 		.ascii	"\\KitProg version 2_03\\KitProg\\KitProg_Bootloader"
 1060      50726F67 
 1060      20766572 
 1060      73696F6E 
 1060      20325F30 
 1061 01ab 2E637964 		.ascii	".cydsn\000"
 1061      736E00
 1062              	.LASF27:
 1063 01b2 55534246 		.ascii	"USBFS_started\000"
 1063      535F7374 
 1063      61727465 
ARM GAS  C:\DOCUME~1\ADMINI~1\LOCALS~1\Temp\ccMvMRW8.s 			page 26


 1063      6400
 1064              	.LASF26:
 1065 01c0 55534246 		.ascii	"USBFS_universalTime\000"
 1065      535F756E 
 1065      69766572 
 1065      73616C54 
 1065      696D6500 
 1066              	.LASF29:
 1067 01d4 2E5C4765 		.ascii	".\\Generated_Source\\PSoC5\\USBFS_boot.c\000"
 1067      6E657261 
 1067      7465645F 
 1067      536F7572 
 1067      63655C50 
 1068              		.ident	"GCC: (Sourcery G++ Lite 2010q1-188) 4.4.1"
