ARM GAS  C:\DOCUME~1\ADMINI~1\LOCALS~1\Temp\ccz4QJxJ.s 			page 1


   1              		.syntax unified
   2              		.cpu cortex-m3
   3              		.fpu softvfp
   4              		.eabi_attribute 20, 1
   5              		.eabi_attribute 21, 1
   6              		.eabi_attribute 23, 3
   7              		.eabi_attribute 24, 1
   8              		.eabi_attribute 25, 1
   9              		.eabi_attribute 26, 1
  10              		.eabi_attribute 30, 6
  11              		.eabi_attribute 18, 4
  12              		.thumb
  13              		.file	"USBFS_descr.c"
  14              		.section	.debug_abbrev,"",%progbits
  15              	.Ldebug_abbrev0:
  16              		.section	.debug_info,"",%progbits
  17              	.Ldebug_info0:
  18              		.section	.debug_line,"",%progbits
  19              	.Ldebug_line0:
  20 0000 75000000 		.text
  20      02006F00 
  20      00000201 
  20      FB0E0D00 
  20      01010101 
  21              	.Ltext0:
  22              		.cfi_sections	.debug_frame
  23              		.global	USBFS_DEVICE0_DESCR
  24              		.section	.rodata
  25              		.align	2
  26              		.type	USBFS_DEVICE0_DESCR, %object
  27              		.size	USBFS_DEVICE0_DESCR, 18
  28              	USBFS_DEVICE0_DESCR:
  29 0000 12       		.byte	18
  30 0001 01       		.byte	1
  31 0002 00       		.byte	0
  32 0003 02       		.byte	2
  33 0004 00       		.byte	0
  34 0005 00       		.byte	0
  35 0006 00       		.byte	0
  36 0007 08       		.byte	8
  37 0008 B4       		.byte	-76
  38 0009 04       		.byte	4
  39 000a 3B       		.byte	59
  40 000b F1       		.byte	-15
  41 000c 00       		.byte	0
  42 000d 01       		.byte	1
  43 000e 01       		.byte	1
  44 000f 04       		.byte	4
  45 0010 80       		.byte	-128
  46 0011 01       		.byte	1
  47              		.global	USBFS_DEVICE0_CONFIGURATION0_DESCR
  48 0012 0000     		.align	2
  49              		.type	USBFS_DEVICE0_CONFIGURATION0_DESCR, %object
  50              		.size	USBFS_DEVICE0_CONFIGURATION0_DESCR, 41
  51              	USBFS_DEVICE0_CONFIGURATION0_DESCR:
  52 0014 09       		.byte	9
  53 0015 02       		.byte	2
ARM GAS  C:\DOCUME~1\ADMINI~1\LOCALS~1\Temp\ccz4QJxJ.s 			page 2


  54 0016 29       		.byte	41
  55 0017 00       		.byte	0
  56 0018 01       		.byte	1
  57 0019 01       		.byte	1
  58 001a 02       		.byte	2
  59 001b 80       		.byte	-128
  60 001c FA       		.byte	-6
  61 001d 09       		.byte	9
  62 001e 04       		.byte	4
  63 001f 00       		.byte	0
  64 0020 00       		.byte	0
  65 0021 02       		.byte	2
  66 0022 03       		.byte	3
  67 0023 00       		.byte	0
  68 0024 00       		.byte	0
  69 0025 03       		.byte	3
  70 0026 09       		.byte	9
  71 0027 21       		.byte	33
  72 0028 11       		.byte	17
  73 0029 01       		.byte	1
  74 002a 00       		.byte	0
  75 002b 01       		.byte	1
  76 002c 22       		.byte	34
  77 002d 24       		.byte	36
  78 002e 00       		.byte	0
  79 002f 07       		.byte	7
  80 0030 05       		.byte	5
  81 0031 01       		.byte	1
  82 0032 03       		.byte	3
  83 0033 40       		.byte	64
  84 0034 00       		.byte	0
  85 0035 01       		.byte	1
  86 0036 07       		.byte	7
  87 0037 05       		.byte	5
  88 0038 82       		.byte	-126
  89 0039 03       		.byte	3
  90 003a 40       		.byte	64
  91 003b 00       		.byte	0
  92 003c 01       		.byte	1
  93              		.global	USBFS_STRING_DESCRIPTORS
  94 003d 000000   		.align	2
  95              		.type	USBFS_STRING_DESCRIPTORS, %object
  96              		.size	USBFS_STRING_DESCRIPTORS, 163
  97              	USBFS_STRING_DESCRIPTORS:
  98 0040 04       		.byte	4
  99 0041 03       		.byte	3
 100 0042 09       		.byte	9
 101 0043 04       		.byte	4
 102 0044 2C       		.byte	44
 103 0045 03       		.byte	3
 104 0046 43       		.byte	67
 105 0047 00       		.byte	0
 106 0048 79       		.byte	121
 107 0049 00       		.byte	0
 108 004a 70       		.byte	112
 109 004b 00       		.byte	0
 110 004c 72       		.byte	114
ARM GAS  C:\DOCUME~1\ADMINI~1\LOCALS~1\Temp\ccz4QJxJ.s 			page 3


 111 004d 00       		.byte	0
 112 004e 65       		.byte	101
 113 004f 00       		.byte	0
 114 0050 73       		.byte	115
 115 0051 00       		.byte	0
 116 0052 73       		.byte	115
 117 0053 00       		.byte	0
 118 0054 20       		.byte	32
 119 0055 00       		.byte	0
 120 0056 53       		.byte	83
 121 0057 00       		.byte	0
 122 0058 65       		.byte	101
 123 0059 00       		.byte	0
 124 005a 6D       		.byte	109
 125 005b 00       		.byte	0
 126 005c 69       		.byte	105
 127 005d 00       		.byte	0
 128 005e 63       		.byte	99
 129 005f 00       		.byte	0
 130 0060 6F       		.byte	111
 131 0061 00       		.byte	0
 132 0062 6E       		.byte	110
 133 0063 00       		.byte	0
 134 0064 64       		.byte	100
 135 0065 00       		.byte	0
 136 0066 75       		.byte	117
 137 0067 00       		.byte	0
 138 0068 63       		.byte	99
 139 0069 00       		.byte	0
 140 006a 74       		.byte	116
 141 006b 00       		.byte	0
 142 006c 6F       		.byte	111
 143 006d 00       		.byte	0
 144 006e 72       		.byte	114
 145 006f 00       		.byte	0
 146 0070 2A       		.byte	42
 147 0071 03       		.byte	3
 148 0072 43       		.byte	67
 149 0073 00       		.byte	0
 150 0074 6F       		.byte	111
 151 0075 00       		.byte	0
 152 0076 6E       		.byte	110
 153 0077 00       		.byte	0
 154 0078 66       		.byte	102
 155 0079 00       		.byte	0
 156 007a 69       		.byte	105
 157 007b 00       		.byte	0
 158 007c 67       		.byte	103
 159 007d 00       		.byte	0
 160 007e 75       		.byte	117
 161 007f 00       		.byte	0
 162 0080 72       		.byte	114
 163 0081 00       		.byte	0
 164 0082 61       		.byte	97
 165 0083 00       		.byte	0
 166 0084 74       		.byte	116
 167 0085 00       		.byte	0
ARM GAS  C:\DOCUME~1\ADMINI~1\LOCALS~1\Temp\ccz4QJxJ.s 			page 4


 168 0086 69       		.byte	105
 169 0087 00       		.byte	0
 170 0088 6F       		.byte	111
 171 0089 00       		.byte	0
 172 008a 6E       		.byte	110
 173 008b 00       		.byte	0
 174 008c 20       		.byte	32
 175 008d 00       		.byte	0
 176 008e 30       		.byte	48
 177 008f 00       		.byte	0
 178 0090 78       		.byte	120
 179 0091 00       		.byte	0
 180 0092 30       		.byte	48
 181 0093 00       		.byte	0
 182 0094 30       		.byte	48
 183 0095 00       		.byte	0
 184 0096 30       		.byte	48
 185 0097 00       		.byte	0
 186 0098 31       		.byte	49
 187 0099 00       		.byte	0
 188 009a 22       		.byte	34
 189 009b 03       		.byte	3
 190 009c 49       		.byte	73
 191 009d 00       		.byte	0
 192 009e 6E       		.byte	110
 193 009f 00       		.byte	0
 194 00a0 74       		.byte	116
 195 00a1 00       		.byte	0
 196 00a2 65       		.byte	101
 197 00a3 00       		.byte	0
 198 00a4 72       		.byte	114
 199 00a5 00       		.byte	0
 200 00a6 66       		.byte	102
 201 00a7 00       		.byte	0
 202 00a8 61       		.byte	97
 203 00a9 00       		.byte	0
 204 00aa 63       		.byte	99
 205 00ab 00       		.byte	0
 206 00ac 65       		.byte	101
 207 00ad 00       		.byte	0
 208 00ae 20       		.byte	32
 209 00af 00       		.byte	0
 210 00b0 30       		.byte	48
 211 00b1 00       		.byte	0
 212 00b2 78       		.byte	120
 213 00b3 00       		.byte	0
 214 00b4 30       		.byte	48
 215 00b5 00       		.byte	0
 216 00b6 30       		.byte	48
 217 00b7 00       		.byte	0
 218 00b8 30       		.byte	48
 219 00b9 00       		.byte	0
 220 00ba 31       		.byte	49
 221 00bb 00       		.byte	0
 222 00bc 26       		.byte	38
 223 00bd 03       		.byte	3
 224 00be 4B       		.byte	75
ARM GAS  C:\DOCUME~1\ADMINI~1\LOCALS~1\Temp\ccz4QJxJ.s 			page 5


 225 00bf 00       		.byte	0
 226 00c0 69       		.byte	105
 227 00c1 00       		.byte	0
 228 00c2 74       		.byte	116
 229 00c3 00       		.byte	0
 230 00c4 50       		.byte	80
 231 00c5 00       		.byte	0
 232 00c6 72       		.byte	114
 233 00c7 00       		.byte	0
 234 00c8 6F       		.byte	111
 235 00c9 00       		.byte	0
 236 00ca 67       		.byte	103
 237 00cb 00       		.byte	0
 238 00cc 20       		.byte	32
 239 00cd 00       		.byte	0
 240 00ce 42       		.byte	66
 241 00cf 00       		.byte	0
 242 00d0 6F       		.byte	111
 243 00d1 00       		.byte	0
 244 00d2 6F       		.byte	111
 245 00d3 00       		.byte	0
 246 00d4 74       		.byte	116
 247 00d5 00       		.byte	0
 248 00d6 6C       		.byte	108
 249 00d7 00       		.byte	0
 250 00d8 6F       		.byte	111
 251 00d9 00       		.byte	0
 252 00da 61       		.byte	97
 253 00db 00       		.byte	0
 254 00dc 64       		.byte	100
 255 00dd 00       		.byte	0
 256 00de 65       		.byte	101
 257 00df 00       		.byte	0
 258 00e0 72       		.byte	114
 259 00e1 00       		.byte	0
 260 00e2 00       		.byte	0
 261              		.global	USBFS_SN_STRING_DESCRIPTOR
 262 00e3 00       		.align	2
 263              		.type	USBFS_SN_STRING_DESCRIPTOR, %object
 264              		.size	USBFS_SN_STRING_DESCRIPTOR, 2
 265              	USBFS_SN_STRING_DESCRIPTOR:
 266 00e4 02       		.byte	2
 267 00e5 03       		.byte	3
 268              		.global	USBFS_HIDREPORT_DESCRIPTOR1
 269 00e6 0000     		.align	2
 270              		.type	USBFS_HIDREPORT_DESCRIPTOR1, %object
 271              		.size	USBFS_HIDREPORT_DESCRIPTOR1, 40
 272              	USBFS_HIDREPORT_DESCRIPTOR1:
 273 00e8 24       		.byte	36
 274 00e9 00       		.byte	0
 275 00ea 05       		.byte	5
 276 00eb FF       		.byte	-1
 277 00ec 09       		.byte	9
 278 00ed 00       		.byte	0
 279 00ee A1       		.byte	-95
 280 00ef 01       		.byte	1
 281 00f0 09       		.byte	9
ARM GAS  C:\DOCUME~1\ADMINI~1\LOCALS~1\Temp\ccz4QJxJ.s 			page 6


 282 00f1 00       		.byte	0
 283 00f2 A1       		.byte	-95
 284 00f3 01       		.byte	1
 285 00f4 09       		.byte	9
 286 00f5 00       		.byte	0
 287 00f6 15       		.byte	21
 288 00f7 00       		.byte	0
 289 00f8 25       		.byte	37
 290 00f9 FF       		.byte	-1
 291 00fa 75       		.byte	117
 292 00fb 08       		.byte	8
 293 00fc 95       		.byte	-107
 294 00fd 40       		.byte	64
 295 00fe 91       		.byte	-111
 296 00ff 02       		.byte	2
 297 0100 09       		.byte	9
 298 0101 00       		.byte	0
 299 0102 15       		.byte	21
 300 0103 00       		.byte	0
 301 0104 25       		.byte	37
 302 0105 FF       		.byte	-1
 303 0106 75       		.byte	117
 304 0107 08       		.byte	8
 305 0108 95       		.byte	-107
 306 0109 40       		.byte	64
 307 010a 81       		.byte	-127
 308 010b 02       		.byte	2
 309 010c C0       		.byte	-64
 310 010d C0       		.byte	-64
 311 010e 00       		.byte	0
 312 010f 00       		.byte	0
 313              		.comm	USBFS_DEVICE0_CONFIGURATION0_INTERFACE0_ALTERNATE0_HID_IN_RPT_SCB,4,4
 314              		.comm	USBFS_DEVICE0_CONFIGURATION0_INTERFACE0_ALTERNATE0_HID_IN_BUF,65,4
 315              		.global	USBFS_DEVICE0_CONFIGURATION0_INTERFACE0_ALTERNATE0_HID_IN_RPT_TABLE
 316              		.align	2
 317              		.type	USBFS_DEVICE0_CONFIGURATION0_INTERFACE0_ALTERNATE0_HID_IN_RPT_TABLE, %object
 318              		.size	USBFS_DEVICE0_CONFIGURATION0_INTERFACE0_ALTERNATE0_HID_IN_RPT_TABLE, 12
 319              	USBFS_DEVICE0_CONFIGURATION0_INTERFACE0_ALTERNATE0_HID_IN_RPT_TABLE:
 320 0110 4100     		.short	65
 321 0112 0000     		.space	2
 322 0114 00000000 		.word	USBFS_DEVICE0_CONFIGURATION0_INTERFACE0_ALTERNATE0_HID_IN_BUF
 323 0118 00000000 		.word	USBFS_DEVICE0_CONFIGURATION0_INTERFACE0_ALTERNATE0_HID_IN_RPT_SCB
 324              		.comm	USBFS_DEVICE0_CONFIGURATION0_INTERFACE0_ALTERNATE0_HID_OUT_RPT_SCB,4,4
 325              		.comm	USBFS_DEVICE0_CONFIGURATION0_INTERFACE0_ALTERNATE0_HID_OUT_BUF,65,4
 326              		.global	USBFS_DEVICE0_CONFIGURATION0_INTERFACE0_ALTERNATE0_HID_OUT_RPT_TABLE
 327              		.align	2
 328              		.type	USBFS_DEVICE0_CONFIGURATION0_INTERFACE0_ALTERNATE0_HID_OUT_RPT_TABLE, %object
 329              		.size	USBFS_DEVICE0_CONFIGURATION0_INTERFACE0_ALTERNATE0_HID_OUT_RPT_TABLE, 12
 330              	USBFS_DEVICE0_CONFIGURATION0_INTERFACE0_ALTERNATE0_HID_OUT_RPT_TABLE:
 331 011c 4100     		.short	65
 332 011e 0000     		.space	2
 333 0120 00000000 		.word	USBFS_DEVICE0_CONFIGURATION0_INTERFACE0_ALTERNATE0_HID_OUT_BUF
 334 0124 00000000 		.word	USBFS_DEVICE0_CONFIGURATION0_INTERFACE0_ALTERNATE0_HID_OUT_RPT_SCB
 335              		.global	USBFS_DEVICE0_CONFIGURATION0_INTERFACE0_ALTERNATE0_HID_TABLE
 336              		.align	2
 337              		.type	USBFS_DEVICE0_CONFIGURATION0_INTERFACE0_ALTERNATE0_HID_TABLE, %object
 338              		.size	USBFS_DEVICE0_CONFIGURATION0_INTERFACE0_ALTERNATE0_HID_TABLE, 40
ARM GAS  C:\DOCUME~1\ADMINI~1\LOCALS~1\Temp\ccz4QJxJ.s 			page 7


 339              	USBFS_DEVICE0_CONFIGURATION0_INTERFACE0_ALTERNATE0_HID_TABLE:
 340 0128 00       		.byte	0
 341 0129 000000   		.space	3
 342 012c 00000000 		.word	USBFS_DEVICE0_CONFIGURATION0_INTERFACE0_ALTERNATE0_HID_IN_RPT_TABLE
 343 0130 00       		.byte	0
 344 0131 000000   		.space	3
 345 0134 00000000 		.word	USBFS_DEVICE0_CONFIGURATION0_INTERFACE0_ALTERNATE0_HID_OUT_RPT_TABLE
 346 0138 00       		.byte	0
 347 0139 000000   		.space	3
 348 013c 00000000 		.word	0
 349 0140 01       		.byte	1
 350 0141 000000   		.space	3
 351 0144 00000000 		.word	USBFS_HIDREPORT_DESCRIPTOR1
 352 0148 01       		.byte	1
 353 0149 000000   		.space	3
 354 014c 12000000 		.word	USBFS_DEVICE0_CONFIGURATION0_DESCR+18
 355              		.global	USBFS_DEVICE0_CONFIGURATION0_INTERFACE0_TABLE
 356              		.align	2
 357              		.type	USBFS_DEVICE0_CONFIGURATION0_INTERFACE0_TABLE, %object
 358              		.size	USBFS_DEVICE0_CONFIGURATION0_INTERFACE0_TABLE, 8
 359              	USBFS_DEVICE0_CONFIGURATION0_INTERFACE0_TABLE:
 360 0150 01       		.byte	1
 361 0151 000000   		.space	3
 362 0154 00000000 		.word	USBFS_DEVICE0_CONFIGURATION0_INTERFACE0_ALTERNATE0_HID_TABLE
 363              		.global	USBFS_DEVICE0_CONFIGURATION0_EP_SETTINGS_TABLE
 364              		.align	2
 365              		.type	USBFS_DEVICE0_CONFIGURATION0_EP_SETTINGS_TABLE, %object
 366              		.size	USBFS_DEVICE0_CONFIGURATION0_EP_SETTINGS_TABLE, 16
 367              	USBFS_DEVICE0_CONFIGURATION0_EP_SETTINGS_TABLE:
 368 0158 00       		.byte	0
 369 0159 00       		.byte	0
 370 015a 01       		.byte	1
 371 015b 03       		.byte	3
 372 015c 4000     		.short	64
 373 015e 03       		.byte	3
 374 015f 00       		.space	1
 375 0160 00       		.byte	0
 376 0161 00       		.byte	0
 377 0162 82       		.byte	-126
 378 0163 03       		.byte	3
 379 0164 4000     		.short	64
 380 0166 03       		.byte	3
 381 0167 00       		.space	1
 382              		.global	USBFS_DEVICE0_CONFIGURATION0_INTERFACE_CLASS
 383              		.align	2
 384              		.type	USBFS_DEVICE0_CONFIGURATION0_INTERFACE_CLASS, %object
 385              		.size	USBFS_DEVICE0_CONFIGURATION0_INTERFACE_CLASS, 1
 386              	USBFS_DEVICE0_CONFIGURATION0_INTERFACE_CLASS:
 387 0168 03       		.byte	3
 388              		.global	USBFS_DEVICE0_CONFIGURATION0_TABLE
 389 0169 000000   		.align	2
 390              		.type	USBFS_DEVICE0_CONFIGURATION0_TABLE, %object
 391              		.size	USBFS_DEVICE0_CONFIGURATION0_TABLE, 32
 392              	USBFS_DEVICE0_CONFIGURATION0_TABLE:
 393 016c 01       		.byte	1
 394 016d 000000   		.space	3
 395 0170 00000000 		.word	USBFS_DEVICE0_CONFIGURATION0_DESCR
ARM GAS  C:\DOCUME~1\ADMINI~1\LOCALS~1\Temp\ccz4QJxJ.s 			page 8


 396 0174 02       		.byte	2
 397 0175 000000   		.space	3
 398 0178 00000000 		.word	USBFS_DEVICE0_CONFIGURATION0_EP_SETTINGS_TABLE
 399 017c 01       		.byte	1
 400 017d 000000   		.space	3
 401 0180 00000000 		.word	USBFS_DEVICE0_CONFIGURATION0_INTERFACE0_TABLE
 402 0184 00       		.byte	0
 403 0185 000000   		.space	3
 404 0188 00000000 		.word	USBFS_DEVICE0_CONFIGURATION0_INTERFACE_CLASS
 405              		.global	USBFS_DEVICE0_TABLE
 406              		.align	2
 407              		.type	USBFS_DEVICE0_TABLE, %object
 408              		.size	USBFS_DEVICE0_TABLE, 16
 409              	USBFS_DEVICE0_TABLE:
 410 018c 01       		.byte	1
 411 018d 000000   		.space	3
 412 0190 00000000 		.word	USBFS_DEVICE0_DESCR
 413 0194 01       		.byte	1
 414 0195 000000   		.space	3
 415 0198 00000000 		.word	USBFS_DEVICE0_CONFIGURATION0_TABLE
 416              		.global	USBFS_TABLE
 417              		.align	2
 418              		.type	USBFS_TABLE, %object
 419              		.size	USBFS_TABLE, 8
 420              	USBFS_TABLE:
 421 019c 01       		.byte	1
 422 019d 000000   		.space	3
 423 01a0 00000000 		.word	USBFS_DEVICE0_TABLE
 424              		.text
 425              	.Letext0:
 426              		.file 1 ".\\Generated_Source\\PSoC5\\/cytypes.h"
 427              		.file 2 ".\\Generated_Source\\PSoC5\\/USBFS.h"
 428              		.file 3 ".\\Generated_Source\\PSoC5\\USBFS_descr.c"
 429              		.section	.debug_info
 430 0000 1B040000 		.4byte	0x41b
 431 0004 0200     		.2byte	0x2
 432 0006 00000000 		.4byte	.Ldebug_abbrev0
 433 000a 04       		.byte	0x4
 434 000b 01       		.uleb128 0x1
 435 000c 32040000 		.4byte	.LASF52
 436 0010 01       		.byte	0x1
 437 0011 4F040000 		.4byte	.LASF53
 438 0015 6F020000 		.4byte	.LASF54
 439 0019 00000000 		.4byte	.Ltext0
 440 001d 00000000 		.4byte	.Letext0
 441 0021 00000000 		.4byte	.Ldebug_line0
 442 0025 02       		.uleb128 0x2
 443 0026 01       		.byte	0x1
 444 0027 06       		.byte	0x6
 445 0028 09050000 		.4byte	.LASF0
 446 002c 02       		.uleb128 0x2
 447 002d 01       		.byte	0x1
 448 002e 08       		.byte	0x8
 449 002f 10040000 		.4byte	.LASF1
 450 0033 02       		.uleb128 0x2
 451 0034 02       		.byte	0x2
 452 0035 05       		.byte	0x5
ARM GAS  C:\DOCUME~1\ADMINI~1\LOCALS~1\Temp\ccz4QJxJ.s 			page 9


 453 0036 81040000 		.4byte	.LASF2
 454 003a 02       		.uleb128 0x2
 455 003b 02       		.byte	0x2
 456 003c 07       		.byte	0x7
 457 003d 11010000 		.4byte	.LASF3
 458 0041 02       		.uleb128 0x2
 459 0042 04       		.byte	0x4
 460 0043 05       		.byte	0x5
 461 0044 F9040000 		.4byte	.LASF4
 462 0048 02       		.uleb128 0x2
 463 0049 04       		.byte	0x4
 464 004a 07       		.byte	0x7
 465 004b B9030000 		.4byte	.LASF5
 466 004f 02       		.uleb128 0x2
 467 0050 08       		.byte	0x8
 468 0051 05       		.byte	0x5
 469 0052 00000000 		.4byte	.LASF6
 470 0056 02       		.uleb128 0x2
 471 0057 08       		.byte	0x8
 472 0058 07       		.byte	0x7
 473 0059 D8030000 		.4byte	.LASF7
 474 005d 03       		.uleb128 0x3
 475 005e 04       		.byte	0x4
 476 005f 05       		.byte	0x5
 477 0060 696E7400 		.ascii	"int\000"
 478 0064 02       		.uleb128 0x2
 479 0065 04       		.byte	0x4
 480 0066 07       		.byte	0x7
 481 0067 CB030000 		.4byte	.LASF8
 482 006b 04       		.uleb128 0x4
 483 006c E9040000 		.4byte	.LASF9
 484 0070 01       		.byte	0x1
 485 0071 4C       		.byte	0x4c
 486 0072 2C000000 		.4byte	0x2c
 487 0076 04       		.uleb128 0x4
 488 0077 3F030000 		.4byte	.LASF10
 489 007b 01       		.byte	0x1
 490 007c 4D       		.byte	0x4d
 491 007d 3A000000 		.4byte	0x3a
 492 0081 02       		.uleb128 0x2
 493 0082 04       		.byte	0x4
 494 0083 04       		.byte	0x4
 495 0084 8E010000 		.4byte	.LASF11
 496 0088 02       		.uleb128 0x2
 497 0089 08       		.byte	0x8
 498 008a 04       		.byte	0x4
 499 008b 38030000 		.4byte	.LASF12
 500 008f 02       		.uleb128 0x2
 501 0090 01       		.byte	0x1
 502 0091 08       		.byte	0x8
 503 0092 4A040000 		.4byte	.LASF13
 504 0096 05       		.uleb128 0x5
 505 0097 6B000000 		.4byte	0x6b
 506 009b 06       		.uleb128 0x6
 507 009c 04       		.byte	0x4
 508 009d 07       		.byte	0x7
 509 009e 07       		.uleb128 0x7
ARM GAS  C:\DOCUME~1\ADMINI~1\LOCALS~1\Temp\ccz4QJxJ.s 			page 10


 510 009f 04       		.byte	0x4
 511 00a0 08       		.uleb128 0x8
 512 00a1 75030000 		.4byte	.LASF21
 513 00a5 08       		.byte	0x8
 514 00a6 02       		.byte	0x2
 515 00a7 87       		.byte	0x87
 516 00a8 01010000 		.4byte	0x101
 517 00ac 09       		.uleb128 0x9
 518 00ad EF040000 		.4byte	.LASF14
 519 00b1 02       		.byte	0x2
 520 00b2 88       		.byte	0x88
 521 00b3 6B000000 		.4byte	0x6b
 522 00b7 02       		.byte	0x2
 523 00b8 23       		.byte	0x23
 524 00b9 00       		.uleb128 0x0
 525 00ba 09       		.uleb128 0x9
 526 00bb 94010000 		.4byte	.LASF15
 527 00bf 02       		.byte	0x2
 528 00c0 89       		.byte	0x89
 529 00c1 6B000000 		.4byte	0x6b
 530 00c5 02       		.byte	0x2
 531 00c6 23       		.byte	0x23
 532 00c7 01       		.uleb128 0x1
 533 00c8 09       		.uleb128 0x9
 534 00c9 56020000 		.4byte	.LASF16
 535 00cd 02       		.byte	0x2
 536 00ce 8A       		.byte	0x8a
 537 00cf 6B000000 		.4byte	0x6b
 538 00d3 02       		.byte	0x2
 539 00d4 23       		.byte	0x23
 540 00d5 02       		.uleb128 0x2
 541 00d6 09       		.uleb128 0x9
 542 00d7 0E020000 		.4byte	.LASF17
 543 00db 02       		.byte	0x2
 544 00dc 8B       		.byte	0x8b
 545 00dd 6B000000 		.4byte	0x6b
 546 00e1 02       		.byte	0x2
 547 00e2 23       		.byte	0x23
 548 00e3 03       		.uleb128 0x3
 549 00e4 09       		.uleb128 0x9
 550 00e5 76040000 		.4byte	.LASF18
 551 00e9 02       		.byte	0x2
 552 00ea 8C       		.byte	0x8c
 553 00eb 76000000 		.4byte	0x76
 554 00ef 02       		.byte	0x2
 555 00f0 23       		.byte	0x23
 556 00f1 04       		.uleb128 0x4
 557 00f2 09       		.uleb128 0x9
 558 00f3 27050000 		.4byte	.LASF19
 559 00f7 02       		.byte	0x2
 560 00f8 8D       		.byte	0x8d
 561 00f9 6B000000 		.4byte	0x6b
 562 00fd 02       		.byte	0x2
 563 00fe 23       		.byte	0x23
 564 00ff 06       		.uleb128 0x6
 565 0100 00       		.byte	0x0
 566 0101 04       		.uleb128 0x4
ARM GAS  C:\DOCUME~1\ADMINI~1\LOCALS~1\Temp\ccz4QJxJ.s 			page 11


 567 0102 F6030000 		.4byte	.LASF20
 568 0106 02       		.byte	0x2
 569 0107 8E       		.byte	0x8e
 570 0108 A0000000 		.4byte	0xa0
 571 010c 08       		.uleb128 0x8
 572 010d F7010000 		.4byte	.LASF22
 573 0111 04       		.byte	0x4
 574 0112 02       		.byte	0x2
 575 0113 91       		.byte	0x91
 576 0114 35010000 		.4byte	0x135
 577 0118 09       		.uleb128 0x9
 578 0119 02050000 		.4byte	.LASF23
 579 011d 02       		.byte	0x2
 580 011e 92       		.byte	0x92
 581 011f 6B000000 		.4byte	0x6b
 582 0123 02       		.byte	0x2
 583 0124 23       		.byte	0x23
 584 0125 00       		.uleb128 0x0
 585 0126 09       		.uleb128 0x9
 586 0127 15050000 		.4byte	.LASF24
 587 012b 02       		.byte	0x2
 588 012c 93       		.byte	0x93
 589 012d 76000000 		.4byte	0x76
 590 0131 02       		.byte	0x2
 591 0132 23       		.byte	0x23
 592 0133 02       		.uleb128 0x2
 593 0134 00       		.byte	0x0
 594 0135 04       		.uleb128 0x4
 595 0136 19020000 		.4byte	.LASF25
 596 013a 02       		.byte	0x2
 597 013b 94       		.byte	0x94
 598 013c 0C010000 		.4byte	0x10c
 599 0140 08       		.uleb128 0x8
 600 0141 AF030000 		.4byte	.LASF26
 601 0145 0C       		.byte	0xc
 602 0146 02       		.byte	0x2
 603 0147 97       		.byte	0x97
 604 0148 77010000 		.4byte	0x177
 605 014c 09       		.uleb128 0x9
 606 014d DD000000 		.4byte	.LASF27
 607 0151 02       		.byte	0x2
 608 0152 98       		.byte	0x98
 609 0153 76000000 		.4byte	0x76
 610 0157 02       		.byte	0x2
 611 0158 23       		.byte	0x23
 612 0159 00       		.uleb128 0x0
 613 015a 09       		.uleb128 0x9
 614 015b 7D010000 		.4byte	.LASF28
 615 015f 02       		.byte	0x2
 616 0160 99       		.byte	0x99
 617 0161 77010000 		.4byte	0x177
 618 0165 02       		.byte	0x2
 619 0166 23       		.byte	0x23
 620 0167 04       		.uleb128 0x4
 621 0168 09       		.uleb128 0x9
 622 0169 0E000000 		.4byte	.LASF29
 623 016d 02       		.byte	0x2
ARM GAS  C:\DOCUME~1\ADMINI~1\LOCALS~1\Temp\ccz4QJxJ.s 			page 12


 624 016e 9A       		.byte	0x9a
 625 016f 7D010000 		.4byte	0x17d
 626 0173 02       		.byte	0x2
 627 0174 23       		.byte	0x23
 628 0175 08       		.uleb128 0x8
 629 0176 00       		.byte	0x0
 630 0177 0A       		.uleb128 0xa
 631 0178 04       		.byte	0x4
 632 0179 96000000 		.4byte	0x96
 633 017d 0A       		.uleb128 0xa
 634 017e 04       		.byte	0x4
 635 017f 35010000 		.4byte	0x135
 636 0183 04       		.uleb128 0x4
 637 0184 83010000 		.4byte	.LASF30
 638 0188 02       		.byte	0x2
 639 0189 9B       		.byte	0x9b
 640 018a 40010000 		.4byte	0x140
 641 018e 08       		.uleb128 0x8
 642 018f 1C050000 		.4byte	.LASF31
 643 0193 08       		.byte	0x8
 644 0194 02       		.byte	0x2
 645 0195 9E       		.byte	0x9e
 646 0196 B5010000 		.4byte	0x1b5
 647 019a 0B       		.uleb128 0xb
 648 019b 6300     		.ascii	"c\000"
 649 019d 02       		.byte	0x2
 650 019e 9F       		.byte	0x9f
 651 019f 6B000000 		.4byte	0x6b
 652 01a3 02       		.byte	0x2
 653 01a4 23       		.byte	0x23
 654 01a5 00       		.uleb128 0x0
 655 01a6 09       		.uleb128 0x9
 656 01a7 EF030000 		.4byte	.LASF32
 657 01ab 02       		.byte	0x2
 658 01ac A0       		.byte	0xa0
 659 01ad 9E000000 		.4byte	0x9e
 660 01b1 02       		.byte	0x2
 661 01b2 23       		.byte	0x23
 662 01b3 04       		.uleb128 0x4
 663 01b4 00       		.byte	0x0
 664 01b5 04       		.uleb128 0x4
 665 01b6 3E040000 		.4byte	.LASF33
 666 01ba 02       		.byte	0x2
 667 01bb A1       		.byte	0xa1
 668 01bc 8E010000 		.4byte	0x18e
 669 01c0 0C       		.uleb128 0xc
 670 01c1 6B000000 		.4byte	0x6b
 671 01c5 D0010000 		.4byte	0x1d0
 672 01c9 0D       		.uleb128 0xd
 673 01ca 9B000000 		.4byte	0x9b
 674 01ce 11       		.byte	0x11
 675 01cf 00       		.byte	0x0
 676 01d0 0E       		.uleb128 0xe
 677 01d1 1E040000 		.4byte	.LASF34
 678 01d5 03       		.byte	0x3
 679 01d6 26       		.byte	0x26
 680 01d7 E2010000 		.4byte	0x1e2
ARM GAS  C:\DOCUME~1\ADMINI~1\LOCALS~1\Temp\ccz4QJxJ.s 			page 13


 681 01db 01       		.byte	0x1
 682 01dc 05       		.byte	0x5
 683 01dd 03       		.byte	0x3
 684 01de 00000000 		.4byte	USBFS_DEVICE0_DESCR
 685 01e2 0F       		.uleb128 0xf
 686 01e3 C0010000 		.4byte	0x1c0
 687 01e7 0C       		.uleb128 0xc
 688 01e8 6B000000 		.4byte	0x6b
 689 01ec F7010000 		.4byte	0x1f7
 690 01f0 0D       		.uleb128 0xd
 691 01f1 9B000000 		.4byte	0x9b
 692 01f5 28       		.byte	0x28
 693 01f6 00       		.byte	0x0
 694 01f7 0E       		.uleb128 0xe
 695 01f8 8C030000 		.4byte	.LASF35
 696 01fc 03       		.byte	0x3
 697 01fd 39       		.byte	0x39
 698 01fe 09020000 		.4byte	0x209
 699 0202 01       		.byte	0x1
 700 0203 05       		.byte	0x5
 701 0204 03       		.byte	0x3
 702 0205 00000000 		.4byte	USBFS_DEVICE0_CONFIGURATION0_DESCR
 703 0209 0F       		.uleb128 0xf
 704 020a E7010000 		.4byte	0x1e7
 705 020e 0C       		.uleb128 0xc
 706 020f 6B000000 		.4byte	0x6b
 707 0213 1E020000 		.4byte	0x21e
 708 0217 0D       		.uleb128 0xd
 709 0218 9B000000 		.4byte	0x9b
 710 021c A2       		.byte	0xa2
 711 021d 00       		.byte	0x0
 712 021e 0E       		.uleb128 0xe
 713 021f DE010000 		.4byte	.LASF36
 714 0223 03       		.byte	0x3
 715 0224 70       		.byte	0x70
 716 0225 30020000 		.4byte	0x230
 717 0229 01       		.byte	0x1
 718 022a 05       		.byte	0x5
 719 022b 03       		.byte	0x3
 720 022c 00000000 		.4byte	USBFS_STRING_DESCRIPTORS
 721 0230 0F       		.uleb128 0xf
 722 0231 0E020000 		.4byte	0x20e
 723 0235 0C       		.uleb128 0xc
 724 0236 6B000000 		.4byte	0x6b
 725 023a 45020000 		.4byte	0x245
 726 023e 0D       		.uleb128 0xd
 727 023f 9B000000 		.4byte	0x9b
 728 0243 01       		.byte	0x1
 729 0244 00       		.byte	0x0
 730 0245 0E       		.uleb128 0xe
 731 0246 24010000 		.4byte	.LASF37
 732 024a 03       		.byte	0x3
 733 024b 9B       		.byte	0x9b
 734 024c 57020000 		.4byte	0x257
 735 0250 01       		.byte	0x1
 736 0251 05       		.byte	0x5
 737 0252 03       		.byte	0x3
ARM GAS  C:\DOCUME~1\ADMINI~1\LOCALS~1\Temp\ccz4QJxJ.s 			page 14


 738 0253 00000000 		.4byte	USBFS_SN_STRING_DESCRIPTOR
 739 0257 0F       		.uleb128 0xf
 740 0258 35020000 		.4byte	0x235
 741 025c 0C       		.uleb128 0xc
 742 025d 6B000000 		.4byte	0x6b
 743 0261 6C020000 		.4byte	0x26c
 744 0265 0D       		.uleb128 0xd
 745 0266 9B000000 		.4byte	0x9b
 746 026a 27       		.byte	0x27
 747 026b 00       		.byte	0x0
 748 026c 0E       		.uleb128 0xe
 749 026d 8B040000 		.4byte	.LASF38
 750 0271 03       		.byte	0x3
 751 0272 A3       		.byte	0xa3
 752 0273 7E020000 		.4byte	0x27e
 753 0277 01       		.byte	0x1
 754 0278 05       		.byte	0x5
 755 0279 03       		.byte	0x3
 756 027a 00000000 		.4byte	USBFS_HIDREPORT_DESCRIPTOR1
 757 027e 0F       		.uleb128 0xf
 758 027f 5C020000 		.4byte	0x25c
 759 0283 0E       		.uleb128 0xe
 760 0284 A7040000 		.4byte	.LASF39
 761 0288 03       		.byte	0x3
 762 0289 C1       		.byte	0xc1
 763 028a 35010000 		.4byte	0x135
 764 028e 01       		.byte	0x1
 765 028f 05       		.byte	0x5
 766 0290 03       		.byte	0x3
 767 0291 00000000 		.4byte	USBFS_DEVICE0_CONFIGURATION0_INTERFACE0_ALTERNATE0_HID_IN_RPT_SCB
 768 0295 0C       		.uleb128 0xc
 769 0296 6B000000 		.4byte	0x6b
 770 029a A5020000 		.4byte	0x2a5
 771 029e 0D       		.uleb128 0xd
 772 029f 9B000000 		.4byte	0x9b
 773 02a3 40       		.byte	0x40
 774 02a4 00       		.byte	0x0
 775 02a5 0E       		.uleb128 0xe
 776 02a6 3F010000 		.4byte	.LASF40
 777 02aa 03       		.byte	0x3
 778 02ab C2       		.byte	0xc2
 779 02ac 95020000 		.4byte	0x295
 780 02b0 01       		.byte	0x1
 781 02b1 05       		.byte	0x5
 782 02b2 03       		.byte	0x3
 783 02b3 00000000 		.4byte	USBFS_DEVICE0_CONFIGURATION0_INTERFACE0_ALTERNATE0_HID_IN_BUF
 784 02b7 0C       		.uleb128 0xc
 785 02b8 83010000 		.4byte	0x183
 786 02bc C7020000 		.4byte	0x2c7
 787 02c0 0D       		.uleb128 0xd
 788 02c1 9B000000 		.4byte	0x9b
 789 02c5 00       		.byte	0x0
 790 02c6 00       		.byte	0x0
 791 02c7 0E       		.uleb128 0xe
 792 02c8 8D000000 		.4byte	.LASF41
 793 02cc 03       		.byte	0x3
 794 02cd C8       		.byte	0xc8
ARM GAS  C:\DOCUME~1\ADMINI~1\LOCALS~1\Temp\ccz4QJxJ.s 			page 15


 795 02ce D9020000 		.4byte	0x2d9
 796 02d2 01       		.byte	0x1
 797 02d3 05       		.byte	0x5
 798 02d4 03       		.byte	0x3
 799 02d5 00000000 		.4byte	USBFS_DEVICE0_CONFIGURATION0_INTERFACE0_ALTERNATE0_HID_IN_RPT_TABLE
 800 02d9 0F       		.uleb128 0xf
 801 02da B7020000 		.4byte	0x2b7
 802 02de 0E       		.uleb128 0xe
 803 02df B8020000 		.4byte	.LASF42
 804 02e3 03       		.byte	0x3
 805 02e4 D0       		.byte	0xd0
 806 02e5 35010000 		.4byte	0x135
 807 02e9 01       		.byte	0x1
 808 02ea 05       		.byte	0x5
 809 02eb 03       		.byte	0x3
 810 02ec 00000000 		.4byte	USBFS_DEVICE0_CONFIGURATION0_INTERFACE0_ALTERNATE0_HID_OUT_RPT_SCB
 811 02f0 0E       		.uleb128 0xe
 812 02f1 9F010000 		.4byte	.LASF43
 813 02f5 03       		.byte	0x3
 814 02f6 D1       		.byte	0xd1
 815 02f7 95020000 		.4byte	0x295
 816 02fb 01       		.byte	0x1
 817 02fc 05       		.byte	0x5
 818 02fd 03       		.byte	0x3
 819 02fe 00000000 		.4byte	USBFS_DEVICE0_CONFIGURATION0_INTERFACE0_ALTERNATE0_HID_OUT_BUF
 820 0302 0E       		.uleb128 0xe
 821 0303 48000000 		.4byte	.LASF44
 822 0307 03       		.byte	0x3
 823 0308 D7       		.byte	0xd7
 824 0309 14030000 		.4byte	0x314
 825 030d 01       		.byte	0x1
 826 030e 05       		.byte	0x5
 827 030f 03       		.byte	0x3
 828 0310 00000000 		.4byte	USBFS_DEVICE0_CONFIGURATION0_INTERFACE0_ALTERNATE0_HID_OUT_RPT_TABLE
 829 0314 0F       		.uleb128 0xf
 830 0315 B7020000 		.4byte	0x2b7
 831 0319 0C       		.uleb128 0xc
 832 031a B5010000 		.4byte	0x1b5
 833 031e 29030000 		.4byte	0x329
 834 0322 0D       		.uleb128 0xd
 835 0323 9B000000 		.4byte	0x9b
 836 0327 04       		.byte	0x4
 837 0328 00       		.byte	0x0
 838 0329 0E       		.uleb128 0xe
 839 032a FB020000 		.4byte	.LASF45
 840 032e 03       		.byte	0x3
 841 032f E4       		.byte	0xe4
 842 0330 3B030000 		.4byte	0x33b
 843 0334 01       		.byte	0x1
 844 0335 05       		.byte	0x5
 845 0336 03       		.byte	0x3
 846 0337 00000000 		.4byte	USBFS_DEVICE0_CONFIGURATION0_INTERFACE0_ALTERNATE0_HID_TABLE
 847 033b 0F       		.uleb128 0xf
 848 033c 19030000 		.4byte	0x319
 849 0340 0C       		.uleb128 0xc
 850 0341 B5010000 		.4byte	0x1b5
 851 0345 50030000 		.4byte	0x350
ARM GAS  C:\DOCUME~1\ADMINI~1\LOCALS~1\Temp\ccz4QJxJ.s 			page 16


 852 0349 0D       		.uleb128 0xd
 853 034a 9B000000 		.4byte	0x9b
 854 034e 00       		.byte	0x0
 855 034f 00       		.byte	0x0
 856 0350 0E       		.uleb128 0xe
 857 0351 E3000000 		.4byte	.LASF46
 858 0355 03       		.byte	0x3
 859 0356 F0       		.byte	0xf0
 860 0357 62030000 		.4byte	0x362
 861 035b 01       		.byte	0x1
 862 035c 05       		.byte	0x5
 863 035d 03       		.byte	0x3
 864 035e 00000000 		.4byte	USBFS_DEVICE0_CONFIGURATION0_INTERFACE0_TABLE
 865 0362 0F       		.uleb128 0xf
 866 0363 40030000 		.4byte	0x340
 867 0367 0C       		.uleb128 0xc
 868 0368 01010000 		.4byte	0x101
 869 036c 77030000 		.4byte	0x377
 870 0370 0D       		.uleb128 0xd
 871 0371 9B000000 		.4byte	0x9b
 872 0375 01       		.byte	0x1
 873 0376 00       		.byte	0x0
 874 0377 0E       		.uleb128 0xe
 875 0378 46030000 		.4byte	.LASF47
 876 037c 03       		.byte	0x3
 877 037d FB       		.byte	0xfb
 878 037e 89030000 		.4byte	0x389
 879 0382 01       		.byte	0x1
 880 0383 05       		.byte	0x5
 881 0384 03       		.byte	0x3
 882 0385 00000000 		.4byte	USBFS_DEVICE0_CONFIGURATION0_EP_SETTINGS_TABLE
 883 0389 0F       		.uleb128 0xf
 884 038a 67030000 		.4byte	0x367
 885 038e 0C       		.uleb128 0xc
 886 038f 6B000000 		.4byte	0x6b
 887 0393 9E030000 		.4byte	0x39e
 888 0397 0D       		.uleb128 0xd
 889 0398 9B000000 		.4byte	0x9b
 890 039c 00       		.byte	0x0
 891 039d 00       		.byte	0x0
 892 039e 10       		.uleb128 0x10
 893 039f 1B000000 		.4byte	.LASF48
 894 03a3 03       		.byte	0x3
 895 03a4 0001     		.2byte	0x100
 896 03a6 B1030000 		.4byte	0x3b1
 897 03aa 01       		.byte	0x1
 898 03ab 05       		.byte	0x5
 899 03ac 03       		.byte	0x3
 900 03ad 00000000 		.4byte	USBFS_DEVICE0_CONFIGURATION0_INTERFACE_CLASS
 901 03b1 0F       		.uleb128 0xf
 902 03b2 8E030000 		.4byte	0x38e
 903 03b6 0C       		.uleb128 0xc
 904 03b7 B5010000 		.4byte	0x1b5
 905 03bb C6030000 		.4byte	0x3c6
 906 03bf 0D       		.uleb128 0xd
 907 03c0 9B000000 		.4byte	0x9b
 908 03c4 03       		.byte	0x3
ARM GAS  C:\DOCUME~1\ADMINI~1\LOCALS~1\Temp\ccz4QJxJ.s 			page 17


 909 03c5 00       		.byte	0x0
 910 03c6 10       		.uleb128 0x10
 911 03c7 33020000 		.4byte	.LASF49
 912 03cb 03       		.byte	0x3
 913 03cc 0801     		.2byte	0x108
 914 03ce D9030000 		.4byte	0x3d9
 915 03d2 01       		.byte	0x1
 916 03d3 05       		.byte	0x5
 917 03d4 03       		.byte	0x3
 918 03d5 00000000 		.4byte	USBFS_DEVICE0_CONFIGURATION0_TABLE
 919 03d9 0F       		.uleb128 0xf
 920 03da B6030000 		.4byte	0x3b6
 921 03de 0C       		.uleb128 0xc
 922 03df B5010000 		.4byte	0x1b5
 923 03e3 EE030000 		.4byte	0x3ee
 924 03e7 0D       		.uleb128 0xd
 925 03e8 9B000000 		.4byte	0x9b
 926 03ec 01       		.byte	0x1
 927 03ed 00       		.byte	0x0
 928 03ee 10       		.uleb128 0x10
 929 03ef 5B020000 		.4byte	.LASF50
 930 03f3 03       		.byte	0x3
 931 03f4 1201     		.2byte	0x112
 932 03f6 01040000 		.4byte	0x401
 933 03fa 01       		.byte	0x1
 934 03fb 05       		.byte	0x5
 935 03fc 03       		.byte	0x3
 936 03fd 00000000 		.4byte	USBFS_DEVICE0_TABLE
 937 0401 0F       		.uleb128 0xf
 938 0402 DE030000 		.4byte	0x3de
 939 0406 10       		.uleb128 0x10
 940 0407 D1000000 		.4byte	.LASF51
 941 040b 03       		.byte	0x3
 942 040c 1901     		.2byte	0x119
 943 040e 19040000 		.4byte	0x419
 944 0412 01       		.byte	0x1
 945 0413 05       		.byte	0x5
 946 0414 03       		.byte	0x3
 947 0415 00000000 		.4byte	USBFS_TABLE
 948 0419 0F       		.uleb128 0xf
 949 041a 40030000 		.4byte	0x340
 950 041e 00       		.byte	0x0
 951              		.section	.debug_abbrev
 952 0000 01       		.uleb128 0x1
 953 0001 11       		.uleb128 0x11
 954 0002 01       		.byte	0x1
 955 0003 25       		.uleb128 0x25
 956 0004 0E       		.uleb128 0xe
 957 0005 13       		.uleb128 0x13
 958 0006 0B       		.uleb128 0xb
 959 0007 03       		.uleb128 0x3
 960 0008 0E       		.uleb128 0xe
 961 0009 1B       		.uleb128 0x1b
 962 000a 0E       		.uleb128 0xe
 963 000b 11       		.uleb128 0x11
 964 000c 01       		.uleb128 0x1
 965 000d 12       		.uleb128 0x12
ARM GAS  C:\DOCUME~1\ADMINI~1\LOCALS~1\Temp\ccz4QJxJ.s 			page 18


 966 000e 01       		.uleb128 0x1
 967 000f 10       		.uleb128 0x10
 968 0010 06       		.uleb128 0x6
 969 0011 00       		.byte	0x0
 970 0012 00       		.byte	0x0
 971 0013 02       		.uleb128 0x2
 972 0014 24       		.uleb128 0x24
 973 0015 00       		.byte	0x0
 974 0016 0B       		.uleb128 0xb
 975 0017 0B       		.uleb128 0xb
 976 0018 3E       		.uleb128 0x3e
 977 0019 0B       		.uleb128 0xb
 978 001a 03       		.uleb128 0x3
 979 001b 0E       		.uleb128 0xe
 980 001c 00       		.byte	0x0
 981 001d 00       		.byte	0x0
 982 001e 03       		.uleb128 0x3
 983 001f 24       		.uleb128 0x24
 984 0020 00       		.byte	0x0
 985 0021 0B       		.uleb128 0xb
 986 0022 0B       		.uleb128 0xb
 987 0023 3E       		.uleb128 0x3e
 988 0024 0B       		.uleb128 0xb
 989 0025 03       		.uleb128 0x3
 990 0026 08       		.uleb128 0x8
 991 0027 00       		.byte	0x0
 992 0028 00       		.byte	0x0
 993 0029 04       		.uleb128 0x4
 994 002a 16       		.uleb128 0x16
 995 002b 00       		.byte	0x0
 996 002c 03       		.uleb128 0x3
 997 002d 0E       		.uleb128 0xe
 998 002e 3A       		.uleb128 0x3a
 999 002f 0B       		.uleb128 0xb
 1000 0030 3B       		.uleb128 0x3b
 1001 0031 0B       		.uleb128 0xb
 1002 0032 49       		.uleb128 0x49
 1003 0033 13       		.uleb128 0x13
 1004 0034 00       		.byte	0x0
 1005 0035 00       		.byte	0x0
 1006 0036 05       		.uleb128 0x5
 1007 0037 35       		.uleb128 0x35
 1008 0038 00       		.byte	0x0
 1009 0039 49       		.uleb128 0x49
 1010 003a 13       		.uleb128 0x13
 1011 003b 00       		.byte	0x0
 1012 003c 00       		.byte	0x0
 1013 003d 06       		.uleb128 0x6
 1014 003e 24       		.uleb128 0x24
 1015 003f 00       		.byte	0x0
 1016 0040 0B       		.uleb128 0xb
 1017 0041 0B       		.uleb128 0xb
 1018 0042 3E       		.uleb128 0x3e
 1019 0043 0B       		.uleb128 0xb
 1020 0044 00       		.byte	0x0
 1021 0045 00       		.byte	0x0
 1022 0046 07       		.uleb128 0x7
ARM GAS  C:\DOCUME~1\ADMINI~1\LOCALS~1\Temp\ccz4QJxJ.s 			page 19


 1023 0047 0F       		.uleb128 0xf
 1024 0048 00       		.byte	0x0
 1025 0049 0B       		.uleb128 0xb
 1026 004a 0B       		.uleb128 0xb
 1027 004b 00       		.byte	0x0
 1028 004c 00       		.byte	0x0
 1029 004d 08       		.uleb128 0x8
 1030 004e 13       		.uleb128 0x13
 1031 004f 01       		.byte	0x1
 1032 0050 03       		.uleb128 0x3
 1033 0051 0E       		.uleb128 0xe
 1034 0052 0B       		.uleb128 0xb
 1035 0053 0B       		.uleb128 0xb
 1036 0054 3A       		.uleb128 0x3a
 1037 0055 0B       		.uleb128 0xb
 1038 0056 3B       		.uleb128 0x3b
 1039 0057 0B       		.uleb128 0xb
 1040 0058 01       		.uleb128 0x1
 1041 0059 13       		.uleb128 0x13
 1042 005a 00       		.byte	0x0
 1043 005b 00       		.byte	0x0
 1044 005c 09       		.uleb128 0x9
 1045 005d 0D       		.uleb128 0xd
 1046 005e 00       		.byte	0x0
 1047 005f 03       		.uleb128 0x3
 1048 0060 0E       		.uleb128 0xe
 1049 0061 3A       		.uleb128 0x3a
 1050 0062 0B       		.uleb128 0xb
 1051 0063 3B       		.uleb128 0x3b
 1052 0064 0B       		.uleb128 0xb
 1053 0065 49       		.uleb128 0x49
 1054 0066 13       		.uleb128 0x13
 1055 0067 38       		.uleb128 0x38
 1056 0068 0A       		.uleb128 0xa
 1057 0069 00       		.byte	0x0
 1058 006a 00       		.byte	0x0
 1059 006b 0A       		.uleb128 0xa
 1060 006c 0F       		.uleb128 0xf
 1061 006d 00       		.byte	0x0
 1062 006e 0B       		.uleb128 0xb
 1063 006f 0B       		.uleb128 0xb
 1064 0070 49       		.uleb128 0x49
 1065 0071 13       		.uleb128 0x13
 1066 0072 00       		.byte	0x0
 1067 0073 00       		.byte	0x0
 1068 0074 0B       		.uleb128 0xb
 1069 0075 0D       		.uleb128 0xd
 1070 0076 00       		.byte	0x0
 1071 0077 03       		.uleb128 0x3
 1072 0078 08       		.uleb128 0x8
 1073 0079 3A       		.uleb128 0x3a
 1074 007a 0B       		.uleb128 0xb
 1075 007b 3B       		.uleb128 0x3b
 1076 007c 0B       		.uleb128 0xb
 1077 007d 49       		.uleb128 0x49
 1078 007e 13       		.uleb128 0x13
 1079 007f 38       		.uleb128 0x38
ARM GAS  C:\DOCUME~1\ADMINI~1\LOCALS~1\Temp\ccz4QJxJ.s 			page 20


 1080 0080 0A       		.uleb128 0xa
 1081 0081 00       		.byte	0x0
 1082 0082 00       		.byte	0x0
 1083 0083 0C       		.uleb128 0xc
 1084 0084 01       		.uleb128 0x1
 1085 0085 01       		.byte	0x1
 1086 0086 49       		.uleb128 0x49
 1087 0087 13       		.uleb128 0x13
 1088 0088 01       		.uleb128 0x1
 1089 0089 13       		.uleb128 0x13
 1090 008a 00       		.byte	0x0
 1091 008b 00       		.byte	0x0
 1092 008c 0D       		.uleb128 0xd
 1093 008d 21       		.uleb128 0x21
 1094 008e 00       		.byte	0x0
 1095 008f 49       		.uleb128 0x49
 1096 0090 13       		.uleb128 0x13
 1097 0091 2F       		.uleb128 0x2f
 1098 0092 0B       		.uleb128 0xb
 1099 0093 00       		.byte	0x0
 1100 0094 00       		.byte	0x0
 1101 0095 0E       		.uleb128 0xe
 1102 0096 34       		.uleb128 0x34
 1103 0097 00       		.byte	0x0
 1104 0098 03       		.uleb128 0x3
 1105 0099 0E       		.uleb128 0xe
 1106 009a 3A       		.uleb128 0x3a
 1107 009b 0B       		.uleb128 0xb
 1108 009c 3B       		.uleb128 0x3b
 1109 009d 0B       		.uleb128 0xb
 1110 009e 49       		.uleb128 0x49
 1111 009f 13       		.uleb128 0x13
 1112 00a0 3F       		.uleb128 0x3f
 1113 00a1 0C       		.uleb128 0xc
 1114 00a2 02       		.uleb128 0x2
 1115 00a3 0A       		.uleb128 0xa
 1116 00a4 00       		.byte	0x0
 1117 00a5 00       		.byte	0x0
 1118 00a6 0F       		.uleb128 0xf
 1119 00a7 26       		.uleb128 0x26
 1120 00a8 00       		.byte	0x0
 1121 00a9 49       		.uleb128 0x49
 1122 00aa 13       		.uleb128 0x13
 1123 00ab 00       		.byte	0x0
 1124 00ac 00       		.byte	0x0
 1125 00ad 10       		.uleb128 0x10
 1126 00ae 34       		.uleb128 0x34
 1127 00af 00       		.byte	0x0
 1128 00b0 03       		.uleb128 0x3
 1129 00b1 0E       		.uleb128 0xe
 1130 00b2 3A       		.uleb128 0x3a
 1131 00b3 0B       		.uleb128 0xb
 1132 00b4 3B       		.uleb128 0x3b
 1133 00b5 05       		.uleb128 0x5
 1134 00b6 49       		.uleb128 0x49
 1135 00b7 13       		.uleb128 0x13
 1136 00b8 3F       		.uleb128 0x3f
ARM GAS  C:\DOCUME~1\ADMINI~1\LOCALS~1\Temp\ccz4QJxJ.s 			page 21


 1137 00b9 0C       		.uleb128 0xc
 1138 00ba 02       		.uleb128 0x2
 1139 00bb 0A       		.uleb128 0xa
 1140 00bc 00       		.byte	0x0
 1141 00bd 00       		.byte	0x0
 1142 00be 00       		.byte	0x0
 1143              		.section	.debug_pubnames,"",%progbits
 1144 0000 72030000 		.4byte	0x372
 1145 0004 0200     		.2byte	0x2
 1146 0006 00000000 		.4byte	.Ldebug_info0
 1147 000a 1F040000 		.4byte	0x41f
 1148 000e D0010000 		.4byte	0x1d0
 1149 0012 55534246 		.ascii	"USBFS_DEVICE0_DESCR\000"
 1149      535F4445 
 1149      56494345 
 1149      305F4445 
 1149      53435200 
 1150 0026 F7010000 		.4byte	0x1f7
 1151 002a 55534246 		.ascii	"USBFS_DEVICE0_CONFIGURATION0_DESCR\000"
 1151      535F4445 
 1151      56494345 
 1151      305F434F 
 1151      4E464947 
 1152 004d 1E020000 		.4byte	0x21e
 1153 0051 55534246 		.ascii	"USBFS_STRING_DESCRIPTORS\000"
 1153      535F5354 
 1153      52494E47 
 1153      5F444553 
 1153      43524950 
 1154 006a 45020000 		.4byte	0x245
 1155 006e 55534246 		.ascii	"USBFS_SN_STRING_DESCRIPTOR\000"
 1155      535F534E 
 1155      5F535452 
 1155      494E475F 
 1155      44455343 
 1156 0089 6C020000 		.4byte	0x26c
 1157 008d 55534246 		.ascii	"USBFS_HIDREPORT_DESCRIPTOR1\000"
 1157      535F4849 
 1157      44524550 
 1157      4F52545F 
 1157      44455343 
 1158 00a9 83020000 		.4byte	0x283
 1159 00ad 55534246 		.ascii	"USBFS_DEVICE0_CONFIGURATION0_INTERFACE0_ALTERNATE0_"
 1159      535F4445 
 1159      56494345 
 1159      305F434F 
 1159      4E464947 
 1160 00e0 4849445F 		.ascii	"HID_IN_RPT_SCB\000"
 1160      494E5F52 
 1160      50545F53 
 1160      434200
 1161 00ef A5020000 		.4byte	0x2a5
 1162 00f3 55534246 		.ascii	"USBFS_DEVICE0_CONFIGURATION0_INTERFACE0_ALTERNATE0_"
 1162      535F4445 
 1162      56494345 
 1162      305F434F 
 1162      4E464947 
ARM GAS  C:\DOCUME~1\ADMINI~1\LOCALS~1\Temp\ccz4QJxJ.s 			page 22


 1163 0126 4849445F 		.ascii	"HID_IN_BUF\000"
 1163      494E5F42 
 1163      554600
 1164 0131 C7020000 		.4byte	0x2c7
 1165 0135 55534246 		.ascii	"USBFS_DEVICE0_CONFIGURATION0_INTERFACE0_ALTERNATE0_"
 1165      535F4445 
 1165      56494345 
 1165      305F434F 
 1165      4E464947 
 1166 0168 4849445F 		.ascii	"HID_IN_RPT_TABLE\000"
 1166      494E5F52 
 1166      50545F54 
 1166      41424C45 
 1166      00
 1167 0179 DE020000 		.4byte	0x2de
 1168 017d 55534246 		.ascii	"USBFS_DEVICE0_CONFIGURATION0_INTERFACE0_ALTERNATE0_"
 1168      535F4445 
 1168      56494345 
 1168      305F434F 
 1168      4E464947 
 1169 01b0 4849445F 		.ascii	"HID_OUT_RPT_SCB\000"
 1169      4F55545F 
 1169      5250545F 
 1169      53434200 
 1170 01c0 F0020000 		.4byte	0x2f0
 1171 01c4 55534246 		.ascii	"USBFS_DEVICE0_CONFIGURATION0_INTERFACE0_ALTERNATE0_"
 1171      535F4445 
 1171      56494345 
 1171      305F434F 
 1171      4E464947 
 1172 01f7 4849445F 		.ascii	"HID_OUT_BUF\000"
 1172      4F55545F 
 1172      42554600 
 1173 0203 02030000 		.4byte	0x302
 1174 0207 55534246 		.ascii	"USBFS_DEVICE0_CONFIGURATION0_INTERFACE0_ALTERNATE0_"
 1174      535F4445 
 1174      56494345 
 1174      305F434F 
 1174      4E464947 
 1175 023a 4849445F 		.ascii	"HID_OUT_RPT_TABLE\000"
 1175      4F55545F 
 1175      5250545F 
 1175      5441424C 
 1175      4500
 1176 024c 29030000 		.4byte	0x329
 1177 0250 55534246 		.ascii	"USBFS_DEVICE0_CONFIGURATION0_INTERFACE0_ALTERNATE0_"
 1177      535F4445 
 1177      56494345 
 1177      305F434F 
 1177      4E464947 
 1178 0283 4849445F 		.ascii	"HID_TABLE\000"
 1178      5441424C 
 1178      4500
 1179 028d 50030000 		.4byte	0x350
 1180 0291 55534246 		.ascii	"USBFS_DEVICE0_CONFIGURATION0_INTERFACE0_TABLE\000"
 1180      535F4445 
 1180      56494345 
ARM GAS  C:\DOCUME~1\ADMINI~1\LOCALS~1\Temp\ccz4QJxJ.s 			page 23


 1180      305F434F 
 1180      4E464947 
 1181 02bf 77030000 		.4byte	0x377
 1182 02c3 55534246 		.ascii	"USBFS_DEVICE0_CONFIGURATION0_EP_SETTINGS_TABLE\000"
 1182      535F4445 
 1182      56494345 
 1182      305F434F 
 1182      4E464947 
 1183 02f2 9E030000 		.4byte	0x39e
 1184 02f6 55534246 		.ascii	"USBFS_DEVICE0_CONFIGURATION0_INTERFACE_CLASS\000"
 1184      535F4445 
 1184      56494345 
 1184      305F434F 
 1184      4E464947 
 1185 0323 C6030000 		.4byte	0x3c6
 1186 0327 55534246 		.ascii	"USBFS_DEVICE0_CONFIGURATION0_TABLE\000"
 1186      535F4445 
 1186      56494345 
 1186      305F434F 
 1186      4E464947 
 1187 034a EE030000 		.4byte	0x3ee
 1188 034e 55534246 		.ascii	"USBFS_DEVICE0_TABLE\000"
 1188      535F4445 
 1188      56494345 
 1188      305F5441 
 1188      424C4500 
 1189 0362 06040000 		.4byte	0x406
 1190 0366 55534246 		.ascii	"USBFS_TABLE\000"
 1190      535F5441 
 1190      424C4500 
 1191 0372 00000000 		.4byte	0x0
 1192              		.section	.debug_str,"MS",%progbits,1
 1193              	.LASF6:
 1194 0000 6C6F6E67 		.ascii	"long long int\000"
 1194      206C6F6E 
 1194      6720696E 
 1194      7400
 1195              	.LASF29:
 1196 000e 70537461 		.ascii	"pStatusBlock\000"
 1196      74757342 
 1196      6C6F636B 
 1196      00
 1197              	.LASF48:
 1198 001b 55534246 		.ascii	"USBFS_DEVICE0_CONFIGURATION0_INTERFACE_CLASS\000"
 1198      535F4445 
 1198      56494345 
 1198      305F434F 
 1198      4E464947 
 1199              	.LASF44:
 1200 0048 55534246 		.ascii	"USBFS_DEVICE0_CONFIGURATION0_INTERFACE0_ALTERNATE0_"
 1200      535F4445 
 1200      56494345 
 1200      305F434F 
 1200      4E464947 
 1201 007b 4849445F 		.ascii	"HID_OUT_RPT_TABLE\000"
 1201      4F55545F 
 1201      5250545F 
ARM GAS  C:\DOCUME~1\ADMINI~1\LOCALS~1\Temp\ccz4QJxJ.s 			page 24


 1201      5441424C 
 1201      4500
 1202              	.LASF41:
 1203 008d 55534246 		.ascii	"USBFS_DEVICE0_CONFIGURATION0_INTERFACE0_ALTERNATE0_"
 1203      535F4445 
 1203      56494345 
 1203      305F434F 
 1203      4E464947 
 1204 00c0 4849445F 		.ascii	"HID_IN_RPT_TABLE\000"
 1204      494E5F52 
 1204      50545F54 
 1204      41424C45 
 1204      00
 1205              	.LASF51:
 1206 00d1 55534246 		.ascii	"USBFS_TABLE\000"
 1206      535F5441 
 1206      424C4500 
 1207              	.LASF27:
 1208 00dd 636F756E 		.ascii	"count\000"
 1208      7400
 1209              	.LASF46:
 1210 00e3 55534246 		.ascii	"USBFS_DEVICE0_CONFIGURATION0_INTERFACE0_TABLE\000"
 1210      535F4445 
 1210      56494345 
 1210      305F434F 
 1210      4E464947 
 1211              	.LASF3:
 1212 0111 73686F72 		.ascii	"short unsigned int\000"
 1212      7420756E 
 1212      7369676E 
 1212      65642069 
 1212      6E7400
 1213              	.LASF37:
 1214 0124 55534246 		.ascii	"USBFS_SN_STRING_DESCRIPTOR\000"
 1214      535F534E 
 1214      5F535452 
 1214      494E475F 
 1214      44455343 
 1215              	.LASF40:
 1216 013f 55534246 		.ascii	"USBFS_DEVICE0_CONFIGURATION0_INTERFACE0_ALTERNATE0_"
 1216      535F4445 
 1216      56494345 
 1216      305F434F 
 1216      4E464947 
 1217 0172 4849445F 		.ascii	"HID_IN_BUF\000"
 1217      494E5F42 
 1217      554600
 1218              	.LASF28:
 1219 017d 70446174 		.ascii	"pData\000"
 1219      6100
 1220              	.LASF30:
 1221 0183 545F5553 		.ascii	"T_USBFS_TD\000"
 1221      4246535F 
 1221      544400
 1222              	.LASF11:
 1223 018e 666C6F61 		.ascii	"float\000"
 1223      7400
ARM GAS  C:\DOCUME~1\ADMINI~1\LOCALS~1\Temp\ccz4QJxJ.s 			page 25


 1224              	.LASF15:
 1225 0194 616C7453 		.ascii	"altSetting\000"
 1225      65747469 
 1225      6E6700
 1226              	.LASF43:
 1227 019f 55534246 		.ascii	"USBFS_DEVICE0_CONFIGURATION0_INTERFACE0_ALTERNATE0_"
 1227      535F4445 
 1227      56494345 
 1227      305F434F 
 1227      4E464947 
 1228 01d2 4849445F 		.ascii	"HID_OUT_BUF\000"
 1228      4F55545F 
 1228      42554600 
 1229              	.LASF36:
 1230 01de 55534246 		.ascii	"USBFS_STRING_DESCRIPTORS\000"
 1230      535F5354 
 1230      52494E47 
 1230      5F444553 
 1230      43524950 
 1231              	.LASF22:
 1232 01f7 5F555342 		.ascii	"_USBFS_XferStatusBlock\000"
 1232      46535F58 
 1232      66657253 
 1232      74617475 
 1232      73426C6F 
 1233              	.LASF17:
 1234 020e 61747472 		.ascii	"attributes\000"
 1234      69627574 
 1234      657300
 1235              	.LASF25:
 1236 0219 545F5553 		.ascii	"T_USBFS_XFER_STATUS_BLOCK\000"
 1236      4246535F 
 1236      58464552 
 1236      5F535441 
 1236      5455535F 
 1237              	.LASF49:
 1238 0233 55534246 		.ascii	"USBFS_DEVICE0_CONFIGURATION0_TABLE\000"
 1238      535F4445 
 1238      56494345 
 1238      305F434F 
 1238      4E464947 
 1239              	.LASF16:
 1240 0256 61646472 		.ascii	"addr\000"
 1240      00
 1241              	.LASF50:
 1242 025b 55534246 		.ascii	"USBFS_DEVICE0_TABLE\000"
 1242      535F4445 
 1242      56494345 
 1242      305F5441 
 1242      424C4500 
 1243              	.LASF54:
 1244 026f 5C5C7073 		.ascii	"\\\\psf\\Home\\Desktop\\KitProg version 2_03\\KitPr"
 1244      665C486F 
 1244      6D655C44 
 1244      65736B74 
 1244      6F705C4B 
 1245 029c 6F675C4B 		.ascii	"og\\KitProg_Bootloader.cydsn\000"
ARM GAS  C:\DOCUME~1\ADMINI~1\LOCALS~1\Temp\ccz4QJxJ.s 			page 26


 1245      69745072 
 1245      6F675F42 
 1245      6F6F746C 
 1245      6F616465 
 1246              	.LASF42:
 1247 02b8 55534246 		.ascii	"USBFS_DEVICE0_CONFIGURATION0_INTERFACE0_ALTERNATE0_"
 1247      535F4445 
 1247      56494345 
 1247      305F434F 
 1247      4E464947 
 1248 02eb 4849445F 		.ascii	"HID_OUT_RPT_SCB\000"
 1248      4F55545F 
 1248      5250545F 
 1248      53434200 
 1249              	.LASF45:
 1250 02fb 55534246 		.ascii	"USBFS_DEVICE0_CONFIGURATION0_INTERFACE0_ALTERNATE0_"
 1250      535F4445 
 1250      56494345 
 1250      305F434F 
 1250      4E464947 
 1251 032e 4849445F 		.ascii	"HID_TABLE\000"
 1251      5441424C 
 1251      4500
 1252              	.LASF12:
 1253 0338 646F7562 		.ascii	"double\000"
 1253      6C6500
 1254              	.LASF10:
 1255 033f 75696E74 		.ascii	"uint16\000"
 1255      313600
 1256              	.LASF47:
 1257 0346 55534246 		.ascii	"USBFS_DEVICE0_CONFIGURATION0_EP_SETTINGS_TABLE\000"
 1257      535F4445 
 1257      56494345 
 1257      305F434F 
 1257      4E464947 
 1258              	.LASF21:
 1259 0375 5F555342 		.ascii	"_USBFS_EpSettingsBlock\000"
 1259      46535F45 
 1259      70536574 
 1259      74696E67 
 1259      73426C6F 
 1260              	.LASF35:
 1261 038c 55534246 		.ascii	"USBFS_DEVICE0_CONFIGURATION0_DESCR\000"
 1261      535F4445 
 1261      56494345 
 1261      305F434F 
 1261      4E464947 
 1262              	.LASF26:
 1263 03af 5F555342 		.ascii	"_USBFS_Td\000"
 1263      46535F54 
 1263      6400
 1264              	.LASF5:
 1265 03b9 6C6F6E67 		.ascii	"long unsigned int\000"
 1265      20756E73 
 1265      69676E65 
 1265      6420696E 
 1265      7400
ARM GAS  C:\DOCUME~1\ADMINI~1\LOCALS~1\Temp\ccz4QJxJ.s 			page 27


 1266              	.LASF8:
 1267 03cb 756E7369 		.ascii	"unsigned int\000"
 1267      676E6564 
 1267      20696E74 
 1267      00
 1268              	.LASF7:
 1269 03d8 6C6F6E67 		.ascii	"long long unsigned int\000"
 1269      206C6F6E 
 1269      6720756E 
 1269      7369676E 
 1269      65642069 
 1270              	.LASF32:
 1271 03ef 705F6C69 		.ascii	"p_list\000"
 1271      737400
 1272              	.LASF20:
 1273 03f6 545F5553 		.ascii	"T_USBFS_EP_SETTINGS_BLOCK\000"
 1273      4246535F 
 1273      45505F53 
 1273      45545449 
 1273      4E47535F 
 1274              	.LASF1:
 1275 0410 756E7369 		.ascii	"unsigned char\000"
 1275      676E6564 
 1275      20636861 
 1275      7200
 1276              	.LASF34:
 1277 041e 55534246 		.ascii	"USBFS_DEVICE0_DESCR\000"
 1277      535F4445 
 1277      56494345 
 1277      305F4445 
 1277      53435200 
 1278              	.LASF52:
 1279 0432 474E5520 		.ascii	"GNU C 4.4.1\000"
 1279      4320342E 
 1279      342E3100 
 1280              	.LASF33:
 1281 043e 545F5553 		.ascii	"T_USBFS_LUT\000"
 1281      4246535F 
 1281      4C555400 
 1282              	.LASF13:
 1283 044a 63686172 		.ascii	"char\000"
 1283      00
 1284              	.LASF53:
 1285 044f 2E5C4765 		.ascii	".\\Generated_Source\\PSoC5\\USBFS_descr.c\000"
 1285      6E657261 
 1285      7465645F 
 1285      536F7572 
 1285      63655C50 
 1286              	.LASF18:
 1287 0476 62756666 		.ascii	"bufferSize\000"
 1287      65725369 
 1287      7A6500
 1288              	.LASF2:
 1289 0481 73686F72 		.ascii	"short int\000"
 1289      7420696E 
 1289      7400
 1290              	.LASF38:
ARM GAS  C:\DOCUME~1\ADMINI~1\LOCALS~1\Temp\ccz4QJxJ.s 			page 28


 1291 048b 55534246 		.ascii	"USBFS_HIDREPORT_DESCRIPTOR1\000"
 1291      535F4849 
 1291      44524550 
 1291      4F52545F 
 1291      44455343 
 1292              	.LASF39:
 1293 04a7 55534246 		.ascii	"USBFS_DEVICE0_CONFIGURATION0_INTERFACE0_ALTERNATE0_"
 1293      535F4445 
 1293      56494345 
 1293      305F434F 
 1293      4E464947 
 1294 04da 4849445F 		.ascii	"HID_IN_RPT_SCB\000"
 1294      494E5F52 
 1294      50545F53 
 1294      434200
 1295              	.LASF9:
 1296 04e9 75696E74 		.ascii	"uint8\000"
 1296      3800
 1297              	.LASF14:
 1298 04ef 696E7465 		.ascii	"interface\000"
 1298      72666163 
 1298      6500
 1299              	.LASF4:
 1300 04f9 6C6F6E67 		.ascii	"long int\000"
 1300      20696E74 
 1300      00
 1301              	.LASF23:
 1302 0502 73746174 		.ascii	"status\000"
 1302      757300
 1303              	.LASF0:
 1304 0509 7369676E 		.ascii	"signed char\000"
 1304      65642063 
 1304      68617200 
 1305              	.LASF24:
 1306 0515 6C656E67 		.ascii	"length\000"
 1306      746800
 1307              	.LASF31:
 1308 051c 5F555342 		.ascii	"_USBFS_Lut\000"
 1308      46535F4C 
 1308      757400
 1309              	.LASF19:
 1310 0527 624D6973 		.ascii	"bMisc\000"
 1310      6300
 1311              		.ident	"GCC: (Sourcery G++ Lite 2010q1-188) 4.4.1"
