ARM GAS  C:\DOCUME~1\ADMINI~1\LOCALS~1\Temp\ccRLWY6M.s 			page 1


   1              		.syntax unified
   2              		.cpu cortex-m3
   3              		.fpu softvfp
   4              		.eabi_attribute 20, 1
   5              		.eabi_attribute 21, 1
   6              		.eabi_attribute 23, 3
   7              		.eabi_attribute 24, 1
   8              		.eabi_attribute 25, 1
   9              		.eabi_attribute 26, 1
  10              		.eabi_attribute 30, 6
  11              		.eabi_attribute 18, 4
  12              		.thumb
  13              		.file	"USBFS_vnd.c"
  14              		.section	.debug_abbrev,"",%progbits
  15              	.Ldebug_abbrev0:
  16              		.section	.debug_info,"",%progbits
  17              	.Ldebug_info0:
  18              		.section	.debug_line,"",%progbits
  19              	.Ldebug_line0:
  20 0000 7F000000 		.text
  20      02006200 
  20      00000201 
  20      FB0E0D00 
  20      01010101 
  21              	.Ltext0:
  22              		.cfi_sections	.debug_frame
  23              		.section	.text.USBFS_HandleVendorRqst,"ax",%progbits
  24              		.align	2
  25              		.global	USBFS_HandleVendorRqst
  26              		.thumb
  27              		.thumb_func
  28              		.type	USBFS_HandleVendorRqst, %function
  29              	USBFS_HandleVendorRqst:
  30              	.LFB0:
  31              		.file 1 ".\\Generated_Source\\PSoC5\\USBFS_vnd.c"
   1:.\Generated_Source\PSoC5/USBFS_vnd.c **** /*******************************************************************************
   2:.\Generated_Source\PSoC5/USBFS_vnd.c **** * File Name: USBFS_vnd.c
   3:.\Generated_Source\PSoC5/USBFS_vnd.c **** * Version 2.51
   4:.\Generated_Source\PSoC5/USBFS_vnd.c **** *
   5:.\Generated_Source\PSoC5/USBFS_vnd.c **** * Description:
   6:.\Generated_Source\PSoC5/USBFS_vnd.c **** *  USB vendor request handler.
   7:.\Generated_Source\PSoC5/USBFS_vnd.c **** *
   8:.\Generated_Source\PSoC5/USBFS_vnd.c **** * Note:
   9:.\Generated_Source\PSoC5/USBFS_vnd.c **** *
  10:.\Generated_Source\PSoC5/USBFS_vnd.c **** ********************************************************************************
  11:.\Generated_Source\PSoC5/USBFS_vnd.c **** * Copyright 2008-2012, Cypress Semiconductor Corporation.  All rights reserved.
  12:.\Generated_Source\PSoC5/USBFS_vnd.c **** * You may use this file only in accordance with the license, terms, conditions,
  13:.\Generated_Source\PSoC5/USBFS_vnd.c **** * disclaimers, and limitations in the end user license agreement accompanying
  14:.\Generated_Source\PSoC5/USBFS_vnd.c **** * the software package with which this file was provided.
  15:.\Generated_Source\PSoC5/USBFS_vnd.c **** *******************************************************************************/
  16:.\Generated_Source\PSoC5/USBFS_vnd.c **** 
  17:.\Generated_Source\PSoC5/USBFS_vnd.c **** #include "USBFS.h"
  18:.\Generated_Source\PSoC5/USBFS_vnd.c **** 
  19:.\Generated_Source\PSoC5/USBFS_vnd.c **** #if(USBFS_EXTERN_VND == USBFS_FALSE)
  20:.\Generated_Source\PSoC5/USBFS_vnd.c **** 
  21:.\Generated_Source\PSoC5/USBFS_vnd.c **** 
  22:.\Generated_Source\PSoC5/USBFS_vnd.c **** /***************************************
ARM GAS  C:\DOCUME~1\ADMINI~1\LOCALS~1\Temp\ccRLWY6M.s 			page 2


  23:.\Generated_Source\PSoC5/USBFS_vnd.c **** * Vendor Specific Declarations
  24:.\Generated_Source\PSoC5/USBFS_vnd.c **** ***************************************/
  25:.\Generated_Source\PSoC5/USBFS_vnd.c **** 
  26:.\Generated_Source\PSoC5/USBFS_vnd.c **** /* `#START VENDOR_SPECIFIC_DECLARATIONS` Place your declaration here */
  27:.\Generated_Source\PSoC5/USBFS_vnd.c **** 
  28:.\Generated_Source\PSoC5/USBFS_vnd.c **** /* `#END` */
  29:.\Generated_Source\PSoC5/USBFS_vnd.c **** 
  30:.\Generated_Source\PSoC5/USBFS_vnd.c **** 
  31:.\Generated_Source\PSoC5/USBFS_vnd.c **** /***************************************
  32:.\Generated_Source\PSoC5/USBFS_vnd.c **** * External References
  33:.\Generated_Source\PSoC5/USBFS_vnd.c **** ***************************************/
  34:.\Generated_Source\PSoC5/USBFS_vnd.c **** 
  35:.\Generated_Source\PSoC5/USBFS_vnd.c **** uint8 USBFS_InitControlRead(void) ;
  36:.\Generated_Source\PSoC5/USBFS_vnd.c **** uint8 USBFS_InitControlWrite(void) ;
  37:.\Generated_Source\PSoC5/USBFS_vnd.c **** 
  38:.\Generated_Source\PSoC5/USBFS_vnd.c **** 
  39:.\Generated_Source\PSoC5/USBFS_vnd.c **** extern uint8 CYCODE USBFS_MSOS_CONFIGURATION_DESCR[];
  40:.\Generated_Source\PSoC5/USBFS_vnd.c **** 
  41:.\Generated_Source\PSoC5/USBFS_vnd.c **** extern volatile T_USBFS_TD USBFS_currentTD;
  42:.\Generated_Source\PSoC5/USBFS_vnd.c **** 
  43:.\Generated_Source\PSoC5/USBFS_vnd.c **** 
  44:.\Generated_Source\PSoC5/USBFS_vnd.c **** /*******************************************************************************
  45:.\Generated_Source\PSoC5/USBFS_vnd.c **** * Function Name: USBFS_HandleVendorRqst
  46:.\Generated_Source\PSoC5/USBFS_vnd.c **** ********************************************************************************
  47:.\Generated_Source\PSoC5/USBFS_vnd.c **** *
  48:.\Generated_Source\PSoC5/USBFS_vnd.c **** * Summary:
  49:.\Generated_Source\PSoC5/USBFS_vnd.c **** *  This routine provide users with a method to implement vendor specifc
  50:.\Generated_Source\PSoC5/USBFS_vnd.c **** *  requests.
  51:.\Generated_Source\PSoC5/USBFS_vnd.c **** *
  52:.\Generated_Source\PSoC5/USBFS_vnd.c **** *  To implement vendor specific requests, add your code in this function to
  53:.\Generated_Source\PSoC5/USBFS_vnd.c **** *  decode and disposition the request.  If the request is handled, your code
  54:.\Generated_Source\PSoC5/USBFS_vnd.c **** *  must set the variable "requestHandled" to TRUE, indicating that the
  55:.\Generated_Source\PSoC5/USBFS_vnd.c **** *  request has been handled.
  56:.\Generated_Source\PSoC5/USBFS_vnd.c **** *
  57:.\Generated_Source\PSoC5/USBFS_vnd.c **** * Parameters:
  58:.\Generated_Source\PSoC5/USBFS_vnd.c **** *  None.
  59:.\Generated_Source\PSoC5/USBFS_vnd.c **** *
  60:.\Generated_Source\PSoC5/USBFS_vnd.c **** * Return:
  61:.\Generated_Source\PSoC5/USBFS_vnd.c **** *  requestHandled.
  62:.\Generated_Source\PSoC5/USBFS_vnd.c **** *
  63:.\Generated_Source\PSoC5/USBFS_vnd.c **** * Reentrant:
  64:.\Generated_Source\PSoC5/USBFS_vnd.c **** *  No.
  65:.\Generated_Source\PSoC5/USBFS_vnd.c **** *
  66:.\Generated_Source\PSoC5/USBFS_vnd.c **** *******************************************************************************/
  67:.\Generated_Source\PSoC5/USBFS_vnd.c **** uint8 USBFS_HandleVendorRqst(void) 
  68:.\Generated_Source\PSoC5/USBFS_vnd.c **** {
  32              		.loc 1 68 0
  33              		.cfi_startproc
  34              		@ args = 0, pretend = 0, frame = 8
  35              		@ frame_needed = 1, uses_anonymous_args = 0
  36              		@ link register save eliminated.
  37 0000 80B4     		push	{r7}
  38              	.LCFI0:
  39              		.cfi_def_cfa_offset 4
  40 0002 83B0     		sub	sp, sp, #12
  41              	.LCFI1:
  42              		.cfi_def_cfa_offset 16
ARM GAS  C:\DOCUME~1\ADMINI~1\LOCALS~1\Temp\ccRLWY6M.s 			page 3


  43 0004 00AF     		add	r7, sp, #0
  44              		.cfi_offset 7, -4
  45              	.LCFI2:
  46              		.cfi_def_cfa_register 7
  69:.\Generated_Source\PSoC5/USBFS_vnd.c ****     uint8 requestHandled = USBFS_FALSE;
  47              		.loc 1 69 0
  48 0006 4FF00003 		mov	r3, #0
  49 000a FB71     		strb	r3, [r7, #7]
  70:.\Generated_Source\PSoC5/USBFS_vnd.c **** 
  71:.\Generated_Source\PSoC5/USBFS_vnd.c ****     if ((CY_GET_REG8(USBFS_bmRequestType) & USBFS_RQST_DIR_MASK) == USBFS_RQST_DIR_D2H)
  50              		.loc 1 71 0
  51 000c 46F20003 		movw	r3, #:lower16:1073766400
  52 0010 C4F20003 		movt	r3, #:upper16:1073766400
  53 0014 1B78     		ldrb	r3, [r3, #0]
  54 0016 DBB2     		uxtb	r3, r3
  55 0018 5BB2     		sxtb	r3, r3
  56 001a 002B     		cmp	r3, #0
  57 001c 04DA     		bge	.L2
  72:.\Generated_Source\PSoC5/USBFS_vnd.c ****     {
  73:.\Generated_Source\PSoC5/USBFS_vnd.c ****         /* Control Read */
  74:.\Generated_Source\PSoC5/USBFS_vnd.c ****         switch (CY_GET_REG8(USBFS_bRequest))
  58              		.loc 1 74 0
  59 001e 46F20103 		movw	r3, #:lower16:1073766401
  60 0022 C4F20003 		movt	r3, #:upper16:1073766401
  61 0026 1B78     		ldrb	r3, [r3, #0]
  62              	.L2:
  75:.\Generated_Source\PSoC5/USBFS_vnd.c ****         {
  76:.\Generated_Source\PSoC5/USBFS_vnd.c ****             case USBFS_GET_EXTENDED_CONFIG_DESCRIPTOR:
  77:.\Generated_Source\PSoC5/USBFS_vnd.c ****                 #if defined(USBFS_ENABLE_MSOS_STRING)
  78:.\Generated_Source\PSoC5/USBFS_vnd.c ****                     USBFS_currentTD.pData = &USBFS_MSOS_CONFIGURATION_DESCR[0u];
  79:.\Generated_Source\PSoC5/USBFS_vnd.c ****                     USBFS_currentTD.count = USBFS_MSOS_CONFIGURATION_DESCR[0u];
  80:.\Generated_Source\PSoC5/USBFS_vnd.c ****                     requestHandled  = USBFS_InitControlRead();
  81:.\Generated_Source\PSoC5/USBFS_vnd.c ****                 #endif /* End USBFS_ENABLE_MSOS_STRING */
  82:.\Generated_Source\PSoC5/USBFS_vnd.c ****                 break;
  83:.\Generated_Source\PSoC5/USBFS_vnd.c ****             default:
  84:.\Generated_Source\PSoC5/USBFS_vnd.c ****                 break;
  85:.\Generated_Source\PSoC5/USBFS_vnd.c ****         }
  86:.\Generated_Source\PSoC5/USBFS_vnd.c ****     }
  87:.\Generated_Source\PSoC5/USBFS_vnd.c **** 
  88:.\Generated_Source\PSoC5/USBFS_vnd.c ****     /* `#START VENDOR_SPECIFIC_CODE` Place your vendor specific request here */
  89:.\Generated_Source\PSoC5/USBFS_vnd.c **** 
  90:.\Generated_Source\PSoC5/USBFS_vnd.c ****     /* `#END` */
  91:.\Generated_Source\PSoC5/USBFS_vnd.c **** 
  92:.\Generated_Source\PSoC5/USBFS_vnd.c ****     return(requestHandled);
  63              		.loc 1 92 0
  64 0028 FB79     		ldrb	r3, [r7, #7]	@ zero_extendqisi2
  93:.\Generated_Source\PSoC5/USBFS_vnd.c **** }
  65              		.loc 1 93 0
  66 002a 1846     		mov	r0, r3
  67 002c 07F10C07 		add	r7, r7, #12
  68 0030 BD46     		mov	sp, r7
  69 0032 80BC     		pop	{r7}
  70 0034 7047     		bx	lr
  71              		.cfi_endproc
  72              	.LFE0:
  73              		.size	USBFS_HandleVendorRqst, .-USBFS_HandleVendorRqst
  74 0036 00BF     		.text
ARM GAS  C:\DOCUME~1\ADMINI~1\LOCALS~1\Temp\ccRLWY6M.s 			page 4


  75              	.Letext0:
  76              		.section	.debug_loc,"",%progbits
  77              	.Ldebug_loc0:
  78              	.LLST0:
  79 0000 00000000 		.4byte	.LFB0
  80 0004 02000000 		.4byte	.LCFI0
  81 0008 0100     		.2byte	0x1
  82 000a 5D       		.byte	0x5d
  83 000b 02000000 		.4byte	.LCFI0
  84 000f 04000000 		.4byte	.LCFI1
  85 0013 0200     		.2byte	0x2
  86 0015 7D       		.byte	0x7d
  87 0016 04       		.sleb128 4
  88 0017 04000000 		.4byte	.LCFI1
  89 001b 06000000 		.4byte	.LCFI2
  90 001f 0200     		.2byte	0x2
  91 0021 7D       		.byte	0x7d
  92 0022 10       		.sleb128 16
  93 0023 06000000 		.4byte	.LCFI2
  94 0027 36000000 		.4byte	.LFE0
  95 002b 0200     		.2byte	0x2
  96 002d 77       		.byte	0x77
  97 002e 10       		.sleb128 16
  98 002f 00000000 		.4byte	0x0
  99 0033 00000000 		.4byte	0x0
 100              		.file 2 ".\\Generated_Source\\PSoC5\\/cytypes.h"
 101              		.section	.debug_info
 102 0000 B7000000 		.4byte	0xb7
 103 0004 0200     		.2byte	0x2
 104 0006 00000000 		.4byte	.Ldebug_abbrev0
 105 000a 04       		.byte	0x4
 106 000b 01       		.uleb128 0x1
 107 000c 95000000 		.4byte	.LASF12
 108 0010 01       		.byte	0x1
 109 0011 1B000000 		.4byte	.LASF13
 110 0015 F3000000 		.4byte	.LASF14
 111 0019 00000000 		.4byte	0x0
 112 001d 00000000 		.4byte	0x0
 113 0021 00000000 		.4byte	.Ldebug_ranges0+0x0
 114 0025 00000000 		.4byte	.Ldebug_line0
 115 0029 02       		.uleb128 0x2
 116 002a 01       		.byte	0x1
 117 002b 06       		.byte	0x6
 118 002c D7000000 		.4byte	.LASF0
 119 0030 02       		.uleb128 0x2
 120 0031 01       		.byte	0x1
 121 0032 08       		.byte	0x8
 122 0033 A1000000 		.4byte	.LASF1
 123 0037 02       		.uleb128 0x2
 124 0038 02       		.byte	0x2
 125 0039 05       		.byte	0x5
 126 003a E9000000 		.4byte	.LASF2
 127 003e 02       		.uleb128 0x2
 128 003f 02       		.byte	0x2
 129 0040 07       		.byte	0x7
 130 0041 C4000000 		.4byte	.LASF3
 131 0045 02       		.uleb128 0x2
ARM GAS  C:\DOCUME~1\ADMINI~1\LOCALS~1\Temp\ccRLWY6M.s 			page 5


 132 0046 04       		.byte	0x4
 133 0047 05       		.byte	0x5
 134 0048 B4000000 		.4byte	.LASF4
 135 004c 02       		.uleb128 0x2
 136 004d 04       		.byte	0x4
 137 004e 07       		.byte	0x7
 138 004f 5D000000 		.4byte	.LASF5
 139 0053 02       		.uleb128 0x2
 140 0054 08       		.byte	0x8
 141 0055 05       		.byte	0x5
 142 0056 00000000 		.4byte	.LASF6
 143 005a 02       		.uleb128 0x2
 144 005b 08       		.byte	0x8
 145 005c 07       		.byte	0x7
 146 005d 7E000000 		.4byte	.LASF7
 147 0061 03       		.uleb128 0x3
 148 0062 04       		.byte	0x4
 149 0063 05       		.byte	0x5
 150 0064 696E7400 		.ascii	"int\000"
 151 0068 02       		.uleb128 0x2
 152 0069 04       		.byte	0x4
 153 006a 07       		.byte	0x7
 154 006b 0E000000 		.4byte	.LASF8
 155 006f 04       		.uleb128 0x4
 156 0070 57000000 		.4byte	.LASF15
 157 0074 02       		.byte	0x2
 158 0075 4C       		.byte	0x4c
 159 0076 30000000 		.4byte	0x30
 160 007a 02       		.uleb128 0x2
 161 007b 04       		.byte	0x4
 162 007c 04       		.byte	0x4
 163 007d E3000000 		.4byte	.LASF9
 164 0081 02       		.uleb128 0x2
 165 0082 08       		.byte	0x8
 166 0083 04       		.byte	0x4
 167 0084 BD000000 		.4byte	.LASF10
 168 0088 02       		.uleb128 0x2
 169 0089 01       		.byte	0x1
 170 008a 08       		.byte	0x8
 171 008b AF000000 		.4byte	.LASF11
 172 008f 05       		.uleb128 0x5
 173 0090 04       		.byte	0x4
 174 0091 07       		.byte	0x7
 175 0092 06       		.uleb128 0x6
 176 0093 01       		.byte	0x1
 177 0094 40000000 		.4byte	.LASF16
 178 0098 01       		.byte	0x1
 179 0099 43       		.byte	0x43
 180 009a 01       		.byte	0x1
 181 009b 6F000000 		.4byte	0x6f
 182 009f 00000000 		.4byte	.LFB0
 183 00a3 36000000 		.4byte	.LFE0
 184 00a7 00000000 		.4byte	.LLST0
 185 00ab 07       		.uleb128 0x7
 186 00ac 6F000000 		.4byte	.LASF17
 187 00b0 01       		.byte	0x1
 188 00b1 45       		.byte	0x45
ARM GAS  C:\DOCUME~1\ADMINI~1\LOCALS~1\Temp\ccRLWY6M.s 			page 6


 189 00b2 6F000000 		.4byte	0x6f
 190 00b6 02       		.byte	0x2
 191 00b7 91       		.byte	0x91
 192 00b8 77       		.sleb128 -9
 193 00b9 00       		.byte	0x0
 194 00ba 00       		.byte	0x0
 195              		.section	.debug_abbrev
 196 0000 01       		.uleb128 0x1
 197 0001 11       		.uleb128 0x11
 198 0002 01       		.byte	0x1
 199 0003 25       		.uleb128 0x25
 200 0004 0E       		.uleb128 0xe
 201 0005 13       		.uleb128 0x13
 202 0006 0B       		.uleb128 0xb
 203 0007 03       		.uleb128 0x3
 204 0008 0E       		.uleb128 0xe
 205 0009 1B       		.uleb128 0x1b
 206 000a 0E       		.uleb128 0xe
 207 000b 11       		.uleb128 0x11
 208 000c 01       		.uleb128 0x1
 209 000d 52       		.uleb128 0x52
 210 000e 01       		.uleb128 0x1
 211 000f 55       		.uleb128 0x55
 212 0010 06       		.uleb128 0x6
 213 0011 10       		.uleb128 0x10
 214 0012 06       		.uleb128 0x6
 215 0013 00       		.byte	0x0
 216 0014 00       		.byte	0x0
 217 0015 02       		.uleb128 0x2
 218 0016 24       		.uleb128 0x24
 219 0017 00       		.byte	0x0
 220 0018 0B       		.uleb128 0xb
 221 0019 0B       		.uleb128 0xb
 222 001a 3E       		.uleb128 0x3e
 223 001b 0B       		.uleb128 0xb
 224 001c 03       		.uleb128 0x3
 225 001d 0E       		.uleb128 0xe
 226 001e 00       		.byte	0x0
 227 001f 00       		.byte	0x0
 228 0020 03       		.uleb128 0x3
 229 0021 24       		.uleb128 0x24
 230 0022 00       		.byte	0x0
 231 0023 0B       		.uleb128 0xb
 232 0024 0B       		.uleb128 0xb
 233 0025 3E       		.uleb128 0x3e
 234 0026 0B       		.uleb128 0xb
 235 0027 03       		.uleb128 0x3
 236 0028 08       		.uleb128 0x8
 237 0029 00       		.byte	0x0
 238 002a 00       		.byte	0x0
 239 002b 04       		.uleb128 0x4
 240 002c 16       		.uleb128 0x16
 241 002d 00       		.byte	0x0
 242 002e 03       		.uleb128 0x3
 243 002f 0E       		.uleb128 0xe
 244 0030 3A       		.uleb128 0x3a
 245 0031 0B       		.uleb128 0xb
ARM GAS  C:\DOCUME~1\ADMINI~1\LOCALS~1\Temp\ccRLWY6M.s 			page 7


 246 0032 3B       		.uleb128 0x3b
 247 0033 0B       		.uleb128 0xb
 248 0034 49       		.uleb128 0x49
 249 0035 13       		.uleb128 0x13
 250 0036 00       		.byte	0x0
 251 0037 00       		.byte	0x0
 252 0038 05       		.uleb128 0x5
 253 0039 24       		.uleb128 0x24
 254 003a 00       		.byte	0x0
 255 003b 0B       		.uleb128 0xb
 256 003c 0B       		.uleb128 0xb
 257 003d 3E       		.uleb128 0x3e
 258 003e 0B       		.uleb128 0xb
 259 003f 00       		.byte	0x0
 260 0040 00       		.byte	0x0
 261 0041 06       		.uleb128 0x6
 262 0042 2E       		.uleb128 0x2e
 263 0043 01       		.byte	0x1
 264 0044 3F       		.uleb128 0x3f
 265 0045 0C       		.uleb128 0xc
 266 0046 03       		.uleb128 0x3
 267 0047 0E       		.uleb128 0xe
 268 0048 3A       		.uleb128 0x3a
 269 0049 0B       		.uleb128 0xb
 270 004a 3B       		.uleb128 0x3b
 271 004b 0B       		.uleb128 0xb
 272 004c 27       		.uleb128 0x27
 273 004d 0C       		.uleb128 0xc
 274 004e 49       		.uleb128 0x49
 275 004f 13       		.uleb128 0x13
 276 0050 11       		.uleb128 0x11
 277 0051 01       		.uleb128 0x1
 278 0052 12       		.uleb128 0x12
 279 0053 01       		.uleb128 0x1
 280 0054 40       		.uleb128 0x40
 281 0055 06       		.uleb128 0x6
 282 0056 00       		.byte	0x0
 283 0057 00       		.byte	0x0
 284 0058 07       		.uleb128 0x7
 285 0059 34       		.uleb128 0x34
 286 005a 00       		.byte	0x0
 287 005b 03       		.uleb128 0x3
 288 005c 0E       		.uleb128 0xe
 289 005d 3A       		.uleb128 0x3a
 290 005e 0B       		.uleb128 0xb
 291 005f 3B       		.uleb128 0x3b
 292 0060 0B       		.uleb128 0xb
 293 0061 49       		.uleb128 0x49
 294 0062 13       		.uleb128 0x13
 295 0063 02       		.uleb128 0x2
 296 0064 0A       		.uleb128 0xa
 297 0065 00       		.byte	0x0
 298 0066 00       		.byte	0x0
 299 0067 00       		.byte	0x0
 300              		.section	.debug_pubnames,"",%progbits
 301 0000 29000000 		.4byte	0x29
 302 0004 0200     		.2byte	0x2
ARM GAS  C:\DOCUME~1\ADMINI~1\LOCALS~1\Temp\ccRLWY6M.s 			page 8


 303 0006 00000000 		.4byte	.Ldebug_info0
 304 000a BB000000 		.4byte	0xbb
 305 000e 92000000 		.4byte	0x92
 306 0012 55534246 		.ascii	"USBFS_HandleVendorRqst\000"
 306      535F4861 
 306      6E646C65 
 306      56656E64 
 306      6F725271 
 307 0029 00000000 		.4byte	0x0
 308              		.section	.debug_aranges,"",%progbits
 309 0000 1C000000 		.4byte	0x1c
 310 0004 0200     		.2byte	0x2
 311 0006 00000000 		.4byte	.Ldebug_info0
 312 000a 04       		.byte	0x4
 313 000b 00       		.byte	0x0
 314 000c 0000     		.2byte	0x0
 315 000e 0000     		.2byte	0x0
 316 0010 00000000 		.4byte	.LFB0
 317 0014 36000000 		.4byte	.LFE0-.LFB0
 318 0018 00000000 		.4byte	0x0
 319 001c 00000000 		.4byte	0x0
 320              		.section	.debug_ranges,"",%progbits
 321              	.Ldebug_ranges0:
 322 0000 00000000 		.4byte	.Ltext0
 323 0004 00000000 		.4byte	.Letext0
 324 0008 00000000 		.4byte	.LFB0
 325 000c 36000000 		.4byte	.LFE0
 326 0010 00000000 		.4byte	0x0
 327 0014 00000000 		.4byte	0x0
 328              		.section	.debug_str,"MS",%progbits,1
 329              	.LASF6:
 330 0000 6C6F6E67 		.ascii	"long long int\000"
 330      206C6F6E 
 330      6720696E 
 330      7400
 331              	.LASF8:
 332 000e 756E7369 		.ascii	"unsigned int\000"
 332      676E6564 
 332      20696E74 
 332      00
 333              	.LASF13:
 334 001b 2E5C4765 		.ascii	".\\Generated_Source\\PSoC5\\USBFS_vnd.c\000"
 334      6E657261 
 334      7465645F 
 334      536F7572 
 334      63655C50 
 335              	.LASF16:
 336 0040 55534246 		.ascii	"USBFS_HandleVendorRqst\000"
 336      535F4861 
 336      6E646C65 
 336      56656E64 
 336      6F725271 
 337              	.LASF15:
 338 0057 75696E74 		.ascii	"uint8\000"
 338      3800
 339              	.LASF5:
 340 005d 6C6F6E67 		.ascii	"long unsigned int\000"
ARM GAS  C:\DOCUME~1\ADMINI~1\LOCALS~1\Temp\ccRLWY6M.s 			page 9


 340      20756E73 
 340      69676E65 
 340      6420696E 
 340      7400
 341              	.LASF17:
 342 006f 72657175 		.ascii	"requestHandled\000"
 342      65737448 
 342      616E646C 
 342      656400
 343              	.LASF7:
 344 007e 6C6F6E67 		.ascii	"long long unsigned int\000"
 344      206C6F6E 
 344      6720756E 
 344      7369676E 
 344      65642069 
 345              	.LASF12:
 346 0095 474E5520 		.ascii	"GNU C 4.4.1\000"
 346      4320342E 
 346      342E3100 
 347              	.LASF1:
 348 00a1 756E7369 		.ascii	"unsigned char\000"
 348      676E6564 
 348      20636861 
 348      7200
 349              	.LASF11:
 350 00af 63686172 		.ascii	"char\000"
 350      00
 351              	.LASF4:
 352 00b4 6C6F6E67 		.ascii	"long int\000"
 352      20696E74 
 352      00
 353              	.LASF10:
 354 00bd 646F7562 		.ascii	"double\000"
 354      6C6500
 355              	.LASF3:
 356 00c4 73686F72 		.ascii	"short unsigned int\000"
 356      7420756E 
 356      7369676E 
 356      65642069 
 356      6E7400
 357              	.LASF0:
 358 00d7 7369676E 		.ascii	"signed char\000"
 358      65642063 
 358      68617200 
 359              	.LASF9:
 360 00e3 666C6F61 		.ascii	"float\000"
 360      7400
 361              	.LASF2:
 362 00e9 73686F72 		.ascii	"short int\000"
 362      7420696E 
 362      7400
 363              	.LASF14:
 364 00f3 5C5C7073 		.ascii	"\\\\psf\\Home\\Desktop\\USB-Audio-PSOC5LP\\Firmware"
 364      665C486F 
 364      6D655C44 
 364      65736B74 
 364      6F705C55 
ARM GAS  C:\DOCUME~1\ADMINI~1\LOCALS~1\Temp\ccRLWY6M.s 			page 10


 365 0120 5C4B6974 		.ascii	"\\KitProg version 2_03\\KitProg\\KitProg_Bootloader"
 365      50726F67 
 365      20766572 
 365      73696F6E 
 365      20325F30 
 366 0150 2E637964 		.ascii	".cydsn\000"
 366      736E00
 367              		.ident	"GCC: (Sourcery G++ Lite 2010q1-188) 4.4.1"
