ARM GAS  C:\DOCUME~1\ADMINI~1\LOCALS~1\Temp\ccDUMUra.s 			page 1


   1              		.syntax unified
   2              		.cpu cortex-m3
   3              		.fpu softvfp
   4              		.eabi_attribute 20, 1
   5              		.eabi_attribute 21, 1
   6              		.eabi_attribute 23, 3
   7              		.eabi_attribute 24, 1
   8              		.eabi_attribute 25, 1
   9              		.eabi_attribute 26, 1
  10              		.eabi_attribute 30, 6
  11              		.eabi_attribute 18, 4
  12              		.thumb
  13              		.file	"USBFS_pm.c"
  14              		.section	.debug_abbrev,"",%progbits
  15              	.Ldebug_abbrev0:
  16              		.section	.debug_info,"",%progbits
  17              	.Ldebug_info0:
  18              		.section	.debug_line,"",%progbits
  19              	.Ldebug_line0:
  20 0000 07010000 		.text
  20      02007900 
  20      00000201 
  20      FB0E0D00 
  20      01010101 
  21              	.Ltext0:
  22              		.cfi_sections	.debug_frame
  23              		.bss
  24              		.align	2
  25              	USBFS_backup:
  26 0000 0000     		.space	2
  27 0002 0000     		.section	.text.USBFS_DP_ISR,"ax",%progbits
  28              		.align	2
  29              		.global	USBFS_DP_ISR
  30              		.thumb
  31              		.thumb_func
  32              		.type	USBFS_DP_ISR, %function
  33              	USBFS_DP_ISR:
  34              	.LFB29:
  35              		.file 1 ".\\Generated_Source\\PSoC5\\USBFS_pm.c"
   1:.\Generated_Source\PSoC5/USBFS_pm.c **** /*******************************************************************************
   2:.\Generated_Source\PSoC5/USBFS_pm.c **** * File Name: USBFS_pm.c
   3:.\Generated_Source\PSoC5/USBFS_pm.c **** * Version 2.51
   4:.\Generated_Source\PSoC5/USBFS_pm.c **** *
   5:.\Generated_Source\PSoC5/USBFS_pm.c **** * Description:
   6:.\Generated_Source\PSoC5/USBFS_pm.c **** *  This file provides Suspend/Resume APIs functionality.
   7:.\Generated_Source\PSoC5/USBFS_pm.c **** *
   8:.\Generated_Source\PSoC5/USBFS_pm.c **** * Note:
   9:.\Generated_Source\PSoC5/USBFS_pm.c **** *
  10:.\Generated_Source\PSoC5/USBFS_pm.c **** ********************************************************************************
  11:.\Generated_Source\PSoC5/USBFS_pm.c **** * Copyright 2008-2012, Cypress Semiconductor Corporation.  All rights reserved.
  12:.\Generated_Source\PSoC5/USBFS_pm.c **** * You may use this file only in accordance with the license, terms, conditions,
  13:.\Generated_Source\PSoC5/USBFS_pm.c **** * disclaimers, and limitations in the end user license agreement accompanying
  14:.\Generated_Source\PSoC5/USBFS_pm.c **** * the software package with which this file was provided.
  15:.\Generated_Source\PSoC5/USBFS_pm.c **** *******************************************************************************/
  16:.\Generated_Source\PSoC5/USBFS_pm.c **** 
  17:.\Generated_Source\PSoC5/USBFS_pm.c **** #include <device.h>
  18:.\Generated_Source\PSoC5/USBFS_pm.c **** #include "USBFS.h"
ARM GAS  C:\DOCUME~1\ADMINI~1\LOCALS~1\Temp\ccDUMUra.s 			page 2


  19:.\Generated_Source\PSoC5/USBFS_pm.c **** 
  20:.\Generated_Source\PSoC5/USBFS_pm.c **** 
  21:.\Generated_Source\PSoC5/USBFS_pm.c **** /***************************************
  22:.\Generated_Source\PSoC5/USBFS_pm.c **** * Custom Declarations
  23:.\Generated_Source\PSoC5/USBFS_pm.c **** ***************************************/
  24:.\Generated_Source\PSoC5/USBFS_pm.c **** /* `#START PM_CUSTOM_DECLARATIONS` Place your declaration here */
  25:.\Generated_Source\PSoC5/USBFS_pm.c **** 
  26:.\Generated_Source\PSoC5/USBFS_pm.c **** /* `#END` */
  27:.\Generated_Source\PSoC5/USBFS_pm.c **** 
  28:.\Generated_Source\PSoC5/USBFS_pm.c **** 
  29:.\Generated_Source\PSoC5/USBFS_pm.c **** /***************************************
  30:.\Generated_Source\PSoC5/USBFS_pm.c **** * Local data allocation
  31:.\Generated_Source\PSoC5/USBFS_pm.c **** ***************************************/
  32:.\Generated_Source\PSoC5/USBFS_pm.c **** 
  33:.\Generated_Source\PSoC5/USBFS_pm.c **** static USBFS_BACKUP_STRUCT  USBFS_backup;
  34:.\Generated_Source\PSoC5/USBFS_pm.c **** 
  35:.\Generated_Source\PSoC5/USBFS_pm.c **** 
  36:.\Generated_Source\PSoC5/USBFS_pm.c **** /***************************************
  37:.\Generated_Source\PSoC5/USBFS_pm.c **** * External data references
  38:.\Generated_Source\PSoC5/USBFS_pm.c **** ***************************************/
  39:.\Generated_Source\PSoC5/USBFS_pm.c **** 
  40:.\Generated_Source\PSoC5/USBFS_pm.c **** extern volatile uint8 USBFS_configuration;
  41:.\Generated_Source\PSoC5/USBFS_pm.c **** 
  42:.\Generated_Source\PSoC5/USBFS_pm.c **** 
  43:.\Generated_Source\PSoC5/USBFS_pm.c **** /***************************************
  44:.\Generated_Source\PSoC5/USBFS_pm.c **** * External function references
  45:.\Generated_Source\PSoC5/USBFS_pm.c **** ***************************************/
  46:.\Generated_Source\PSoC5/USBFS_pm.c **** 
  47:.\Generated_Source\PSoC5/USBFS_pm.c **** extern void USBFS_ConfigReg(void) ;
  48:.\Generated_Source\PSoC5/USBFS_pm.c **** #if(USBFS_EP_MM != USBFS__EP_MANUAL)
  49:.\Generated_Source\PSoC5/USBFS_pm.c ****     extern void USBFS_Stop_DMA(uint8 epNumber) ;
  50:.\Generated_Source\PSoC5/USBFS_pm.c **** #endif   /* End USBFS_EP_MM != USBFS__EP_MANUAL */
  51:.\Generated_Source\PSoC5/USBFS_pm.c **** 
  52:.\Generated_Source\PSoC5/USBFS_pm.c **** #if((USBFS_DP_ISR_REMOVE == 0u) && (!CY_PSOC5A))
  53:.\Generated_Source\PSoC5/USBFS_pm.c **** 
  54:.\Generated_Source\PSoC5/USBFS_pm.c **** 
  55:.\Generated_Source\PSoC5/USBFS_pm.c ****     /*******************************************************************************
  56:.\Generated_Source\PSoC5/USBFS_pm.c ****     * Function Name: USBFS_DP_Interrupt
  57:.\Generated_Source\PSoC5/USBFS_pm.c ****     ********************************************************************************
  58:.\Generated_Source\PSoC5/USBFS_pm.c ****     *
  59:.\Generated_Source\PSoC5/USBFS_pm.c ****     * Summary:
  60:.\Generated_Source\PSoC5/USBFS_pm.c ****     *  This Interrupt Service Routine handles DP pin changes for wake-up from
  61:.\Generated_Source\PSoC5/USBFS_pm.c ****     *  the sleep mode.
  62:.\Generated_Source\PSoC5/USBFS_pm.c ****     *
  63:.\Generated_Source\PSoC5/USBFS_pm.c ****     * Parameters:
  64:.\Generated_Source\PSoC5/USBFS_pm.c ****     *  None.
  65:.\Generated_Source\PSoC5/USBFS_pm.c ****     *
  66:.\Generated_Source\PSoC5/USBFS_pm.c ****     * Return:
  67:.\Generated_Source\PSoC5/USBFS_pm.c ****     *  None.
  68:.\Generated_Source\PSoC5/USBFS_pm.c ****     *
  69:.\Generated_Source\PSoC5/USBFS_pm.c ****     *******************************************************************************/
  70:.\Generated_Source\PSoC5/USBFS_pm.c ****     CY_ISR(USBFS_DP_ISR)
  71:.\Generated_Source\PSoC5/USBFS_pm.c ****     {
  36              		.loc 1 71 0
  37              		.cfi_startproc
  38              		@ args = 0, pretend = 0, frame = 0
  39              		@ frame_needed = 1, uses_anonymous_args = 0
ARM GAS  C:\DOCUME~1\ADMINI~1\LOCALS~1\Temp\ccDUMUra.s 			page 3


  40              		@ link register save eliminated.
  41 0000 80B4     		push	{r7}
  42              	.LCFI0:
  43              		.cfi_def_cfa_offset 4
  44 0002 00AF     		add	r7, sp, #0
  45              		.cfi_offset 7, -4
  46              	.LCFI1:
  47              		.cfi_def_cfa_register 7
  72:.\Generated_Source\PSoC5/USBFS_pm.c ****         /* `#START DP_USER_CODE` Place your code here */
  73:.\Generated_Source\PSoC5/USBFS_pm.c **** 
  74:.\Generated_Source\PSoC5/USBFS_pm.c ****         /* `#END` */
  75:.\Generated_Source\PSoC5/USBFS_pm.c **** 
  76:.\Generated_Source\PSoC5/USBFS_pm.c ****         /* Clears active interrupt */
  77:.\Generated_Source\PSoC5/USBFS_pm.c ****         CY_GET_REG8(USBFS_DP_INTSTAT_PTR);
  48              		.loc 1 77 0
  49 0004 44F28F53 		movw	r3, #:lower16:1073759631
  50 0008 C4F20003 		movt	r3, #:upper16:1073759631
  51 000c 1B78     		ldrb	r3, [r3, #0]
  78:.\Generated_Source\PSoC5/USBFS_pm.c ****     }
  52              		.loc 1 78 0
  53 000e BD46     		mov	sp, r7
  54 0010 80BC     		pop	{r7}
  55 0012 7047     		bx	lr
  56              		.cfi_endproc
  57              	.LFE29:
  58              		.size	USBFS_DP_ISR, .-USBFS_DP_ISR
  59              		.section	.text.USBFS_SaveConfig,"ax",%progbits
  60              		.align	2
  61              		.global	USBFS_SaveConfig
  62              		.thumb
  63              		.thumb_func
  64              		.type	USBFS_SaveConfig, %function
  65              	USBFS_SaveConfig:
  66              	.LFB30:
  79:.\Generated_Source\PSoC5/USBFS_pm.c **** 
  80:.\Generated_Source\PSoC5/USBFS_pm.c **** #endif /* (USBFS_DP_ISR_REMOVE == 0u) && (!CY_PSOC5A) */
  81:.\Generated_Source\PSoC5/USBFS_pm.c **** 
  82:.\Generated_Source\PSoC5/USBFS_pm.c **** 
  83:.\Generated_Source\PSoC5/USBFS_pm.c **** /*******************************************************************************
  84:.\Generated_Source\PSoC5/USBFS_pm.c **** * Function Name: USBFS_SaveConfig
  85:.\Generated_Source\PSoC5/USBFS_pm.c **** ********************************************************************************
  86:.\Generated_Source\PSoC5/USBFS_pm.c **** *
  87:.\Generated_Source\PSoC5/USBFS_pm.c **** * Summary:
  88:.\Generated_Source\PSoC5/USBFS_pm.c **** *  Saves the current user configuration.
  89:.\Generated_Source\PSoC5/USBFS_pm.c **** *
  90:.\Generated_Source\PSoC5/USBFS_pm.c **** * Parameters:
  91:.\Generated_Source\PSoC5/USBFS_pm.c **** *  None.
  92:.\Generated_Source\PSoC5/USBFS_pm.c **** *
  93:.\Generated_Source\PSoC5/USBFS_pm.c **** * Return:
  94:.\Generated_Source\PSoC5/USBFS_pm.c **** *  None.
  95:.\Generated_Source\PSoC5/USBFS_pm.c **** *
  96:.\Generated_Source\PSoC5/USBFS_pm.c **** * Reentrant:
  97:.\Generated_Source\PSoC5/USBFS_pm.c **** *  No.
  98:.\Generated_Source\PSoC5/USBFS_pm.c **** *
  99:.\Generated_Source\PSoC5/USBFS_pm.c **** *******************************************************************************/
 100:.\Generated_Source\PSoC5/USBFS_pm.c **** void USBFS_SaveConfig(void) 
 101:.\Generated_Source\PSoC5/USBFS_pm.c **** {
ARM GAS  C:\DOCUME~1\ADMINI~1\LOCALS~1\Temp\ccDUMUra.s 			page 4


  67              		.loc 1 101 0
  68              		.cfi_startproc
  69              		@ args = 0, pretend = 0, frame = 0
  70              		@ frame_needed = 1, uses_anonymous_args = 0
  71              		@ link register save eliminated.
  72 0000 80B4     		push	{r7}
  73              	.LCFI2:
  74              		.cfi_def_cfa_offset 4
  75 0002 00AF     		add	r7, sp, #0
  76              		.cfi_offset 7, -4
  77              	.LCFI3:
  78              		.cfi_def_cfa_register 7
 102:.\Generated_Source\PSoC5/USBFS_pm.c **** 
 103:.\Generated_Source\PSoC5/USBFS_pm.c **** }
  79              		.loc 1 103 0
  80 0004 BD46     		mov	sp, r7
  81 0006 80BC     		pop	{r7}
  82 0008 7047     		bx	lr
  83              		.cfi_endproc
  84              	.LFE30:
  85              		.size	USBFS_SaveConfig, .-USBFS_SaveConfig
  86 000a 00BF     		.section	.text.USBFS_RestoreConfig,"ax",%progbits
  87              		.align	2
  88              		.global	USBFS_RestoreConfig
  89              		.thumb
  90              		.thumb_func
  91              		.type	USBFS_RestoreConfig, %function
  92              	USBFS_RestoreConfig:
  93              	.LFB31:
 104:.\Generated_Source\PSoC5/USBFS_pm.c **** 
 105:.\Generated_Source\PSoC5/USBFS_pm.c **** 
 106:.\Generated_Source\PSoC5/USBFS_pm.c **** /*******************************************************************************
 107:.\Generated_Source\PSoC5/USBFS_pm.c **** * Function Name: USBFS_RestoreConfig
 108:.\Generated_Source\PSoC5/USBFS_pm.c **** ********************************************************************************
 109:.\Generated_Source\PSoC5/USBFS_pm.c **** *
 110:.\Generated_Source\PSoC5/USBFS_pm.c **** * Summary:
 111:.\Generated_Source\PSoC5/USBFS_pm.c **** *  Restores the current user configuration.
 112:.\Generated_Source\PSoC5/USBFS_pm.c **** *
 113:.\Generated_Source\PSoC5/USBFS_pm.c **** * Parameters:
 114:.\Generated_Source\PSoC5/USBFS_pm.c **** *  None.
 115:.\Generated_Source\PSoC5/USBFS_pm.c **** *
 116:.\Generated_Source\PSoC5/USBFS_pm.c **** * Return:
 117:.\Generated_Source\PSoC5/USBFS_pm.c **** *  None.
 118:.\Generated_Source\PSoC5/USBFS_pm.c **** *
 119:.\Generated_Source\PSoC5/USBFS_pm.c **** * Reentrant:
 120:.\Generated_Source\PSoC5/USBFS_pm.c **** *  No.
 121:.\Generated_Source\PSoC5/USBFS_pm.c **** *
 122:.\Generated_Source\PSoC5/USBFS_pm.c **** *******************************************************************************/
 123:.\Generated_Source\PSoC5/USBFS_pm.c **** void USBFS_RestoreConfig(void) 
 124:.\Generated_Source\PSoC5/USBFS_pm.c **** {
  94              		.loc 1 124 0
  95              		.cfi_startproc
  96              		@ args = 0, pretend = 0, frame = 0
  97              		@ frame_needed = 1, uses_anonymous_args = 0
  98 0000 80B5     		push	{r7, lr}
  99              	.LCFI4:
 100              		.cfi_def_cfa_offset 8
ARM GAS  C:\DOCUME~1\ADMINI~1\LOCALS~1\Temp\ccDUMUra.s 			page 5


 101 0002 00AF     		add	r7, sp, #0
 102              		.cfi_offset 14, -4
 103              		.cfi_offset 7, -8
 104              	.LCFI5:
 105              		.cfi_def_cfa_register 7
 125:.\Generated_Source\PSoC5/USBFS_pm.c ****     if(USBFS_configuration != 0)
 106              		.loc 1 125 0
 107 0004 40F20003 		movw	r3, #:lower16:USBFS_configuration
 108 0008 C0F20003 		movt	r3, #:upper16:USBFS_configuration
 109 000c 1B78     		ldrb	r3, [r3, #0]
 110 000e DBB2     		uxtb	r3, r3
 111 0010 002B     		cmp	r3, #0
 112 0012 01D0     		beq	.L7
 126:.\Generated_Source\PSoC5/USBFS_pm.c ****     {
 127:.\Generated_Source\PSoC5/USBFS_pm.c ****         USBFS_ConfigReg();    
 113              		.loc 1 127 0
 114 0014 FFF7FEFF 		bl	USBFS_ConfigReg
 115              	.L7:
 128:.\Generated_Source\PSoC5/USBFS_pm.c ****     }
 129:.\Generated_Source\PSoC5/USBFS_pm.c **** }
 116              		.loc 1 129 0
 117 0018 80BD     		pop	{r7, pc}
 118              		.cfi_endproc
 119              	.LFE31:
 120              		.size	USBFS_RestoreConfig, .-USBFS_RestoreConfig
 121 001a 00BF     		.section	.text.USBFS_Suspend,"ax",%progbits
 122              		.align	2
 123              		.global	USBFS_Suspend
 124              		.thumb
 125              		.thumb_func
 126              		.type	USBFS_Suspend, %function
 127              	USBFS_Suspend:
 128              	.LFB32:
 130:.\Generated_Source\PSoC5/USBFS_pm.c **** 
 131:.\Generated_Source\PSoC5/USBFS_pm.c **** 
 132:.\Generated_Source\PSoC5/USBFS_pm.c **** /*******************************************************************************
 133:.\Generated_Source\PSoC5/USBFS_pm.c **** * Function Name: USBFS_Suspend
 134:.\Generated_Source\PSoC5/USBFS_pm.c **** ********************************************************************************
 135:.\Generated_Source\PSoC5/USBFS_pm.c **** *
 136:.\Generated_Source\PSoC5/USBFS_pm.c **** * Summary:
 137:.\Generated_Source\PSoC5/USBFS_pm.c **** *  This function disables the USBFS block and prepares for power donwn mode.
 138:.\Generated_Source\PSoC5/USBFS_pm.c **** *
 139:.\Generated_Source\PSoC5/USBFS_pm.c **** * Parameters:
 140:.\Generated_Source\PSoC5/USBFS_pm.c **** *  None.
 141:.\Generated_Source\PSoC5/USBFS_pm.c **** *
 142:.\Generated_Source\PSoC5/USBFS_pm.c **** * Return:
 143:.\Generated_Source\PSoC5/USBFS_pm.c **** *   None.
 144:.\Generated_Source\PSoC5/USBFS_pm.c **** *
 145:.\Generated_Source\PSoC5/USBFS_pm.c **** * Global variables:
 146:.\Generated_Source\PSoC5/USBFS_pm.c **** *  USBFS_backup.enable:  modified.
 147:.\Generated_Source\PSoC5/USBFS_pm.c **** *
 148:.\Generated_Source\PSoC5/USBFS_pm.c **** * Reentrant:
 149:.\Generated_Source\PSoC5/USBFS_pm.c **** *  No.
 150:.\Generated_Source\PSoC5/USBFS_pm.c **** *
 151:.\Generated_Source\PSoC5/USBFS_pm.c **** *******************************************************************************/
 152:.\Generated_Source\PSoC5/USBFS_pm.c **** void USBFS_Suspend(void) 
 153:.\Generated_Source\PSoC5/USBFS_pm.c **** {
ARM GAS  C:\DOCUME~1\ADMINI~1\LOCALS~1\Temp\ccDUMUra.s 			page 6


 129              		.loc 1 153 0
 130              		.cfi_startproc
 131              		@ args = 0, pretend = 0, frame = 8
 132              		@ frame_needed = 1, uses_anonymous_args = 0
 133 0000 80B5     		push	{r7, lr}
 134              	.LCFI6:
 135              		.cfi_def_cfa_offset 8
 136 0002 82B0     		sub	sp, sp, #8
 137              	.LCFI7:
 138              		.cfi_def_cfa_offset 16
 139 0004 00AF     		add	r7, sp, #0
 140              		.cfi_offset 14, -4
 141              		.cfi_offset 7, -8
 142              	.LCFI8:
 143              		.cfi_def_cfa_register 7
 154:.\Generated_Source\PSoC5/USBFS_pm.c ****     uint8 enableInterrupts;
 155:.\Generated_Source\PSoC5/USBFS_pm.c ****     enableInterrupts = CyEnterCriticalSection();
 144              		.loc 1 155 0
 145 0006 FFF7FEFF 		bl	CyEnterCriticalSection
 146 000a 0346     		mov	r3, r0
 147 000c FB71     		strb	r3, [r7, #7]
 156:.\Generated_Source\PSoC5/USBFS_pm.c **** 
 157:.\Generated_Source\PSoC5/USBFS_pm.c ****     if((CY_GET_REG8(USBFS_CR0_PTR) & USBFS_CR0_ENABLE) != 0u)
 148              		.loc 1 157 0
 149 000e 46F20803 		movw	r3, #:lower16:1073766408
 150 0012 C4F20003 		movt	r3, #:upper16:1073766408
 151 0016 1B78     		ldrb	r3, [r3, #0]
 152 0018 DBB2     		uxtb	r3, r3
 153 001a 5BB2     		sxtb	r3, r3
 154 001c 002B     		cmp	r3, #0
 155 001e 80F28F80 		bge	.L9
 158:.\Generated_Source\PSoC5/USBFS_pm.c ****     {   /* USB block is enabled */
 159:.\Generated_Source\PSoC5/USBFS_pm.c ****         USBFS_backup.enableState = 1u;
 156              		.loc 1 159 0
 157 0022 40F20003 		movw	r3, #:lower16:USBFS_backup
 158 0026 C0F20003 		movt	r3, #:upper16:USBFS_backup
 159 002a 4FF00102 		mov	r2, #1
 160 002e 1A70     		strb	r2, [r3, #0]
 160:.\Generated_Source\PSoC5/USBFS_pm.c **** 
 161:.\Generated_Source\PSoC5/USBFS_pm.c ****         #if(USBFS_EP_MM != USBFS__EP_MANUAL)
 162:.\Generated_Source\PSoC5/USBFS_pm.c ****             USBFS_Stop_DMA(USBFS_MAX_EP);     /* Stop all DMAs */
 163:.\Generated_Source\PSoC5/USBFS_pm.c ****         #endif   /* End USBFS_EP_MM != USBFS__EP_MANUAL */
 164:.\Generated_Source\PSoC5/USBFS_pm.c **** 
 165:.\Generated_Source\PSoC5/USBFS_pm.c ****         #if(CY_PSOC5A)
 166:.\Generated_Source\PSoC5/USBFS_pm.c ****             /* Disable USBIO block */
 167:.\Generated_Source\PSoC5/USBFS_pm.c ****             USBFS_PM_AVAIL_CR_REG &= ~USBFS_PM_AVAIL_EN_FSUSBIO;
 168:.\Generated_Source\PSoC5/USBFS_pm.c ****         #endif /* End CY_PSOC5A */
 169:.\Generated_Source\PSoC5/USBFS_pm.c **** 
 170:.\Generated_Source\PSoC5/USBFS_pm.c ****         /* Power Down Sequencing for USBIO for TO4*/
 171:.\Generated_Source\PSoC5/USBFS_pm.c ****         #if(!CY_PSOC5A)
 172:.\Generated_Source\PSoC5/USBFS_pm.c ****             /* Ensure USB transmit enable is low (USB_USBIO_CR0.ten). - Manual Transmission - Disab
 173:.\Generated_Source\PSoC5/USBFS_pm.c ****             USBFS_USBIO_CR0_REG &= ~USBFS_USBIO_CR0_TEN;
 161              		.loc 1 173 0
 162 0030 46F21003 		movw	r3, #:lower16:1073766416
 163 0034 C4F20003 		movt	r3, #:upper16:1073766416
 164 0038 46F21002 		movw	r2, #:lower16:1073766416
 165 003c C4F20002 		movt	r2, #:upper16:1073766416
ARM GAS  C:\DOCUME~1\ADMINI~1\LOCALS~1\Temp\ccDUMUra.s 			page 7


 166 0040 1278     		ldrb	r2, [r2, #0]
 167 0042 D2B2     		uxtb	r2, r2
 168 0044 02F07F02 		and	r2, r2, #127
 169 0048 1A70     		strb	r2, [r3, #0]
 174:.\Generated_Source\PSoC5/USBFS_pm.c ****             CyDelayUs(0);  /*~50ns delay */
 170              		.loc 1 174 0
 171 004a 4FF00000 		mov	r0, #0
 172 004e FFF7FEFF 		bl	CyDelayUs
 175:.\Generated_Source\PSoC5/USBFS_pm.c **** 
 176:.\Generated_Source\PSoC5/USBFS_pm.c ****             /* Disable the USBIO by asserting PM.USB_CR0.fsusbio_pd_n(Inverted) and pd_pullup_hv(In
 177:.\Generated_Source\PSoC5/USBFS_pm.c ****             USBFS_PM_USB_CR0_REG &= \
 173              		.loc 1 177 0
 174 0052 44F29433 		movw	r3, #:lower16:1073759124
 175 0056 C4F20003 		movt	r3, #:upper16:1073759124
 176 005a 44F29432 		movw	r2, #:lower16:1073759124
 177 005e C4F20002 		movt	r2, #:upper16:1073759124
 178 0062 1278     		ldrb	r2, [r2, #0]
 179 0064 D2B2     		uxtb	r2, r2
 180 0066 02F0F902 		and	r2, r2, #249
 181 006a 1A70     		strb	r2, [r3, #0]
 178:.\Generated_Source\PSoC5/USBFS_pm.c ****                                     ~(USBFS_PM_USB_CR0_PD_N | USBFS_PM_USB_CR0_PD_PULLUP_N);
 179:.\Generated_Source\PSoC5/USBFS_pm.c ****          #endif /* End !CY_PSOC5A */
 180:.\Generated_Source\PSoC5/USBFS_pm.c **** 
 181:.\Generated_Source\PSoC5/USBFS_pm.c ****         /* Disable the SIE */
 182:.\Generated_Source\PSoC5/USBFS_pm.c ****         USBFS_CR0_REG &= ~USBFS_CR0_ENABLE;
 182              		.loc 1 182 0
 183 006c 46F20803 		movw	r3, #:lower16:1073766408
 184 0070 C4F20003 		movt	r3, #:upper16:1073766408
 185 0074 46F20802 		movw	r2, #:lower16:1073766408
 186 0078 C4F20002 		movt	r2, #:upper16:1073766408
 187 007c 1278     		ldrb	r2, [r2, #0]
 188 007e D2B2     		uxtb	r2, r2
 189 0080 02F07F02 		and	r2, r2, #127
 190 0084 1A70     		strb	r2, [r3, #0]
 183:.\Generated_Source\PSoC5/USBFS_pm.c **** 
 184:.\Generated_Source\PSoC5/USBFS_pm.c ****         #if(!CY_PSOC5A)
 185:.\Generated_Source\PSoC5/USBFS_pm.c ****             CyDelayUs(0);  /*~50ns delay */
 191              		.loc 1 185 0
 192 0086 4FF00000 		mov	r0, #0
 193 008a FFF7FEFF 		bl	CyDelayUs
 186:.\Generated_Source\PSoC5/USBFS_pm.c ****             /* Store mode and Disable VRegulator*/
 187:.\Generated_Source\PSoC5/USBFS_pm.c ****             USBFS_backup.mode = USBFS_CR1_REG & USBFS_CR1_REG_ENABLE;
 194              		.loc 1 187 0
 195 008e 46F20903 		movw	r3, #:lower16:1073766409
 196 0092 C4F20003 		movt	r3, #:upper16:1073766409
 197 0096 1B78     		ldrb	r3, [r3, #0]
 198 0098 DBB2     		uxtb	r3, r3
 199 009a 1A46     		mov	r2, r3
 200 009c 02F00102 		and	r2, r2, #1
 201 00a0 40F20003 		movw	r3, #:lower16:USBFS_backup
 202 00a4 C0F20003 		movt	r3, #:upper16:USBFS_backup
 203 00a8 5A70     		strb	r2, [r3, #1]
 188:.\Generated_Source\PSoC5/USBFS_pm.c ****             USBFS_CR1_REG &= ~USBFS_CR1_REG_ENABLE;
 204              		.loc 1 188 0
 205 00aa 46F20903 		movw	r3, #:lower16:1073766409
 206 00ae C4F20003 		movt	r3, #:upper16:1073766409
 207 00b2 46F20902 		movw	r2, #:lower16:1073766409
ARM GAS  C:\DOCUME~1\ADMINI~1\LOCALS~1\Temp\ccDUMUra.s 			page 8


 208 00b6 C4F20002 		movt	r2, #:upper16:1073766409
 209 00ba 1278     		ldrb	r2, [r2, #0]
 210 00bc D2B2     		uxtb	r2, r2
 211 00be 02F0FE02 		and	r2, r2, #254
 212 00c2 1A70     		strb	r2, [r3, #0]
 189:.\Generated_Source\PSoC5/USBFS_pm.c **** 
 190:.\Generated_Source\PSoC5/USBFS_pm.c ****             CyDelayUs(1);  /* 0.5 us min delay */
 213              		.loc 1 190 0
 214 00c4 4FF00100 		mov	r0, #1
 215 00c8 FFF7FEFF 		bl	CyDelayUs
 191:.\Generated_Source\PSoC5/USBFS_pm.c ****             /* Disable the USBIO reference by setting PM.USB_CR0.fsusbio_ref_en.*/
 192:.\Generated_Source\PSoC5/USBFS_pm.c ****             USBFS_PM_USB_CR0_REG &= ~USBFS_PM_USB_CR0_REF_EN;
 216              		.loc 1 192 0
 217 00cc 44F29433 		movw	r3, #:lower16:1073759124
 218 00d0 C4F20003 		movt	r3, #:upper16:1073759124
 219 00d4 44F29432 		movw	r2, #:lower16:1073759124
 220 00d8 C4F20002 		movt	r2, #:upper16:1073759124
 221 00dc 1278     		ldrb	r2, [r2, #0]
 222 00de D2B2     		uxtb	r2, r2
 223 00e0 02F0FE02 		and	r2, r2, #254
 224 00e4 1A70     		strb	r2, [r3, #0]
 193:.\Generated_Source\PSoC5/USBFS_pm.c **** 
 194:.\Generated_Source\PSoC5/USBFS_pm.c ****             /* Switch DP and DM terminals to GPIO mode and disconnect 1.5k pullup*/
 195:.\Generated_Source\PSoC5/USBFS_pm.c ****             USBFS_USBIO_CR1_REG |= USBFS_USBIO_CR1_IOMODE;
 225              		.loc 1 195 0
 226 00e6 46F21203 		movw	r3, #:lower16:1073766418
 227 00ea C4F20003 		movt	r3, #:upper16:1073766418
 228 00ee 46F21202 		movw	r2, #:lower16:1073766418
 229 00f2 C4F20002 		movt	r2, #:upper16:1073766418
 230 00f6 1278     		ldrb	r2, [r2, #0]
 231 00f8 D2B2     		uxtb	r2, r2
 232 00fa 42F02002 		orr	r2, r2, #32
 233 00fe D2B2     		uxtb	r2, r2
 234 0100 1A70     		strb	r2, [r3, #0]
 196:.\Generated_Source\PSoC5/USBFS_pm.c **** 
 197:.\Generated_Source\PSoC5/USBFS_pm.c ****         #endif /* End !CY_PSOC5A*/
 198:.\Generated_Source\PSoC5/USBFS_pm.c **** 
 199:.\Generated_Source\PSoC5/USBFS_pm.c ****         /* Disable USB in ACT PM */
 200:.\Generated_Source\PSoC5/USBFS_pm.c ****         USBFS_PM_ACT_CFG_REG &= ~USBFS_PM_ACT_EN_FSUSB;
 235              		.loc 1 200 0
 236 0102 44F2A533 		movw	r3, #:lower16:1073759141
 237 0106 C4F20003 		movt	r3, #:upper16:1073759141
 238 010a 44F2A532 		movw	r2, #:lower16:1073759141
 239 010e C4F20002 		movt	r2, #:upper16:1073759141
 240 0112 1278     		ldrb	r2, [r2, #0]
 241 0114 D2B2     		uxtb	r2, r2
 242 0116 02F0FE02 		and	r2, r2, #254
 243 011a 1A70     		strb	r2, [r3, #0]
 201:.\Generated_Source\PSoC5/USBFS_pm.c ****         /* Disable USB block for Standby Power Mode */
 202:.\Generated_Source\PSoC5/USBFS_pm.c ****         USBFS_PM_STBY_CFG_REG &= ~USBFS_PM_STBY_EN_FSUSB;
 244              		.loc 1 202 0
 245 011c 44F2B533 		movw	r3, #:lower16:1073759157
 246 0120 C4F20003 		movt	r3, #:upper16:1073759157
 247 0124 44F2B532 		movw	r2, #:lower16:1073759157
 248 0128 C4F20002 		movt	r2, #:upper16:1073759157
 249 012c 1278     		ldrb	r2, [r2, #0]
 250 012e D2B2     		uxtb	r2, r2
ARM GAS  C:\DOCUME~1\ADMINI~1\LOCALS~1\Temp\ccDUMUra.s 			page 9


 251 0130 02F0FE02 		and	r2, r2, #254
 252 0134 1A70     		strb	r2, [r3, #0]
 203:.\Generated_Source\PSoC5/USBFS_pm.c ****         CyDelayUs(1); /* min  0.5us delay required */
 253              		.loc 1 203 0
 254 0136 4FF00100 		mov	r0, #1
 255 013a FFF7FEFF 		bl	CyDelayUs
 256 013e 06E0     		b	.L10
 257              	.L9:
 204:.\Generated_Source\PSoC5/USBFS_pm.c **** 
 205:.\Generated_Source\PSoC5/USBFS_pm.c ****     }
 206:.\Generated_Source\PSoC5/USBFS_pm.c ****     else
 207:.\Generated_Source\PSoC5/USBFS_pm.c ****     {
 208:.\Generated_Source\PSoC5/USBFS_pm.c ****         USBFS_backup.enableState = 0u;
 258              		.loc 1 208 0
 259 0140 40F20003 		movw	r3, #:lower16:USBFS_backup
 260 0144 C0F20003 		movt	r3, #:upper16:USBFS_backup
 261 0148 4FF00002 		mov	r2, #0
 262 014c 1A70     		strb	r2, [r3, #0]
 263              	.L10:
 209:.\Generated_Source\PSoC5/USBFS_pm.c ****     }
 210:.\Generated_Source\PSoC5/USBFS_pm.c ****     CyExitCriticalSection(enableInterrupts);
 264              		.loc 1 210 0
 265 014e FB79     		ldrb	r3, [r7, #7]	@ zero_extendqisi2
 266 0150 1846     		mov	r0, r3
 267 0152 FFF7FEFF 		bl	CyExitCriticalSection
 211:.\Generated_Source\PSoC5/USBFS_pm.c **** 
 212:.\Generated_Source\PSoC5/USBFS_pm.c ****     /* Set the DP Interrupt for wake-up from sleep mode. */
 213:.\Generated_Source\PSoC5/USBFS_pm.c ****     #if((USBFS_DP_ISR_REMOVE == 0u) && (!CY_PSOC5A))
 214:.\Generated_Source\PSoC5/USBFS_pm.c ****         CyIntSetVector(USBFS_DP_INTC_VECT_NUM,   USBFS_DP_ISR);
 268              		.loc 1 214 0
 269 0156 4FF00C00 		mov	r0, #12
 270 015a 40F20001 		movw	r1, #:lower16:USBFS_DP_ISR
 271 015e C0F20001 		movt	r1, #:upper16:USBFS_DP_ISR
 272 0162 FFF7FEFF 		bl	CyIntSetVector
 215:.\Generated_Source\PSoC5/USBFS_pm.c ****         CyIntSetPriority(USBFS_DP_INTC_VECT_NUM, USBFS_DP_INTC_PRIOR);
 273              		.loc 1 215 0
 274 0166 4FF00C00 		mov	r0, #12
 275 016a 4FF00701 		mov	r1, #7
 276 016e FFF7FEFF 		bl	CyIntSetPriority
 216:.\Generated_Source\PSoC5/USBFS_pm.c ****         CyIntClearPending(USBFS_DP_INTC_VECT_NUM);
 277              		.loc 1 216 0
 278 0172 4EF28023 		movw	r3, #:lower16:-536812928
 279 0176 CEF20003 		movt	r3, #:upper16:-536812928
 280 017a 4FF48052 		mov	r2, #4096
 281 017e 1A60     		str	r2, [r3, #0]
 217:.\Generated_Source\PSoC5/USBFS_pm.c ****         CyIntEnable(USBFS_DP_INTC_VECT_NUM);
 282              		.loc 1 217 0
 283 0180 4EF20013 		movw	r3, #:lower16:-536813312
 284 0184 CEF20003 		movt	r3, #:upper16:-536813312
 285 0188 4FF48052 		mov	r2, #4096
 286 018c 1A60     		str	r2, [r3, #0]
 218:.\Generated_Source\PSoC5/USBFS_pm.c ****     #endif /* (USBFS_DP_ISR_REMOVE == 0u) && (!CY_PSOC5A) */
 219:.\Generated_Source\PSoC5/USBFS_pm.c **** 
 220:.\Generated_Source\PSoC5/USBFS_pm.c **** }
 287              		.loc 1 220 0
 288 018e 07F10807 		add	r7, r7, #8
 289 0192 BD46     		mov	sp, r7
ARM GAS  C:\DOCUME~1\ADMINI~1\LOCALS~1\Temp\ccDUMUra.s 			page 10


 290 0194 80BD     		pop	{r7, pc}
 291              		.cfi_endproc
 292              	.LFE32:
 293              		.size	USBFS_Suspend, .-USBFS_Suspend
 294 0196 00BF     		.section	.text.USBFS_Resume,"ax",%progbits
 295              		.align	2
 296              		.global	USBFS_Resume
 297              		.thumb
 298              		.thumb_func
 299              		.type	USBFS_Resume, %function
 300              	USBFS_Resume:
 301              	.LFB33:
 221:.\Generated_Source\PSoC5/USBFS_pm.c **** 
 222:.\Generated_Source\PSoC5/USBFS_pm.c **** 
 223:.\Generated_Source\PSoC5/USBFS_pm.c **** /*******************************************************************************
 224:.\Generated_Source\PSoC5/USBFS_pm.c **** * Function Name: USBFS_Resume
 225:.\Generated_Source\PSoC5/USBFS_pm.c **** ********************************************************************************
 226:.\Generated_Source\PSoC5/USBFS_pm.c **** *
 227:.\Generated_Source\PSoC5/USBFS_pm.c **** * Summary:
 228:.\Generated_Source\PSoC5/USBFS_pm.c **** *  This function enables the USBFS block after power down mode.
 229:.\Generated_Source\PSoC5/USBFS_pm.c **** *
 230:.\Generated_Source\PSoC5/USBFS_pm.c **** * Parameters:
 231:.\Generated_Source\PSoC5/USBFS_pm.c **** *  None.
 232:.\Generated_Source\PSoC5/USBFS_pm.c **** *
 233:.\Generated_Source\PSoC5/USBFS_pm.c **** * Return:
 234:.\Generated_Source\PSoC5/USBFS_pm.c **** *  None.
 235:.\Generated_Source\PSoC5/USBFS_pm.c **** *
 236:.\Generated_Source\PSoC5/USBFS_pm.c **** * Global variables:
 237:.\Generated_Source\PSoC5/USBFS_pm.c **** *  USBFS_backup - checked.
 238:.\Generated_Source\PSoC5/USBFS_pm.c **** *
 239:.\Generated_Source\PSoC5/USBFS_pm.c **** * Reentrant:
 240:.\Generated_Source\PSoC5/USBFS_pm.c **** *  No.
 241:.\Generated_Source\PSoC5/USBFS_pm.c **** *
 242:.\Generated_Source\PSoC5/USBFS_pm.c **** *******************************************************************************/
 243:.\Generated_Source\PSoC5/USBFS_pm.c **** void USBFS_Resume(void) 
 244:.\Generated_Source\PSoC5/USBFS_pm.c **** {
 302              		.loc 1 244 0
 303              		.cfi_startproc
 304              		@ args = 0, pretend = 0, frame = 8
 305              		@ frame_needed = 1, uses_anonymous_args = 0
 306 0000 80B5     		push	{r7, lr}
 307              	.LCFI9:
 308              		.cfi_def_cfa_offset 8
 309 0002 82B0     		sub	sp, sp, #8
 310              	.LCFI10:
 311              		.cfi_def_cfa_offset 16
 312 0004 00AF     		add	r7, sp, #0
 313              		.cfi_offset 14, -4
 314              		.cfi_offset 7, -8
 315              	.LCFI11:
 316              		.cfi_def_cfa_register 7
 245:.\Generated_Source\PSoC5/USBFS_pm.c ****     uint8 enableInterrupts;
 246:.\Generated_Source\PSoC5/USBFS_pm.c ****     enableInterrupts = CyEnterCriticalSection();
 317              		.loc 1 246 0
 318 0006 FFF7FEFF 		bl	CyEnterCriticalSection
 319 000a 0346     		mov	r3, r0
 320 000c FB71     		strb	r3, [r7, #7]
ARM GAS  C:\DOCUME~1\ADMINI~1\LOCALS~1\Temp\ccDUMUra.s 			page 11


 247:.\Generated_Source\PSoC5/USBFS_pm.c **** 
 248:.\Generated_Source\PSoC5/USBFS_pm.c ****     if(USBFS_backup.enableState != 0u)
 321              		.loc 1 248 0
 322 000e 40F20003 		movw	r3, #:lower16:USBFS_backup
 323 0012 C0F20003 		movt	r3, #:upper16:USBFS_backup
 324 0016 1B78     		ldrb	r3, [r3, #0]	@ zero_extendqisi2
 325 0018 002B     		cmp	r3, #0
 326 001a 00F09E80 		beq	.L13
 249:.\Generated_Source\PSoC5/USBFS_pm.c ****     {
 250:.\Generated_Source\PSoC5/USBFS_pm.c ****         #if((USBFS_DP_ISR_REMOVE == 0u) && (!CY_PSOC5A))
 251:.\Generated_Source\PSoC5/USBFS_pm.c ****             CyIntDisable(USBFS_DP_INTC_VECT_NUM);
 327              		.loc 1 251 0
 328 001e 4EF28013 		movw	r3, #:lower16:-536813184
 329 0022 CEF20003 		movt	r3, #:upper16:-536813184
 330 0026 4FF48052 		mov	r2, #4096
 331 002a 1A60     		str	r2, [r3, #0]
 252:.\Generated_Source\PSoC5/USBFS_pm.c ****         #endif /* End USBFS_DP_ISR_REMOVE */
 253:.\Generated_Source\PSoC5/USBFS_pm.c **** 
 254:.\Generated_Source\PSoC5/USBFS_pm.c ****         #if(CY_PSOC5A)
 255:.\Generated_Source\PSoC5/USBFS_pm.c ****             /* Enable USBIO block */
 256:.\Generated_Source\PSoC5/USBFS_pm.c ****             USBFS_PM_AVAIL_CR_REG |= USBFS_PM_AVAIL_EN_FSUSBIO;
 257:.\Generated_Source\PSoC5/USBFS_pm.c **** 
 258:.\Generated_Source\PSoC5/USBFS_pm.c ****             /* Bus Reset Length, It has correct default value in ES3 */
 259:.\Generated_Source\PSoC5/USBFS_pm.c ****             USBFS_BUS_RST_CNT_REG = USBFS_BUS_RST_COUNT;
 260:.\Generated_Source\PSoC5/USBFS_pm.c ****         #endif /* End CY_PSOC5A */
 261:.\Generated_Source\PSoC5/USBFS_pm.c **** 
 262:.\Generated_Source\PSoC5/USBFS_pm.c ****         /* Enable USB block */
 263:.\Generated_Source\PSoC5/USBFS_pm.c ****         USBFS_PM_ACT_CFG_REG |= USBFS_PM_ACT_EN_FSUSB;
 332              		.loc 1 263 0
 333 002c 44F2A533 		movw	r3, #:lower16:1073759141
 334 0030 C4F20003 		movt	r3, #:upper16:1073759141
 335 0034 44F2A532 		movw	r2, #:lower16:1073759141
 336 0038 C4F20002 		movt	r2, #:upper16:1073759141
 337 003c 1278     		ldrb	r2, [r2, #0]
 338 003e D2B2     		uxtb	r2, r2
 339 0040 42F00102 		orr	r2, r2, #1
 340 0044 D2B2     		uxtb	r2, r2
 341 0046 1A70     		strb	r2, [r3, #0]
 264:.\Generated_Source\PSoC5/USBFS_pm.c ****         /* Enable USB block for Standby Power Mode */
 265:.\Generated_Source\PSoC5/USBFS_pm.c ****         USBFS_PM_STBY_CFG_REG |= USBFS_PM_STBY_EN_FSUSB;
 342              		.loc 1 265 0
 343 0048 44F2B533 		movw	r3, #:lower16:1073759157
 344 004c C4F20003 		movt	r3, #:upper16:1073759157
 345 0050 44F2B532 		movw	r2, #:lower16:1073759157
 346 0054 C4F20002 		movt	r2, #:upper16:1073759157
 347 0058 1278     		ldrb	r2, [r2, #0]
 348 005a D2B2     		uxtb	r2, r2
 349 005c 42F00102 		orr	r2, r2, #1
 350 0060 D2B2     		uxtb	r2, r2
 351 0062 1A70     		strb	r2, [r3, #0]
 266:.\Generated_Source\PSoC5/USBFS_pm.c ****         /* Enable core clock */
 267:.\Generated_Source\PSoC5/USBFS_pm.c ****         USBFS_USB_CLK_EN_REG |= USBFS_USB_CLK_ENABLE;
 352              		.loc 1 267 0
 353 0064 46F29D03 		movw	r3, #:lower16:1073766557
 354 0068 C4F20003 		movt	r3, #:upper16:1073766557
 355 006c 46F29D02 		movw	r2, #:lower16:1073766557
 356 0070 C4F20002 		movt	r2, #:upper16:1073766557
ARM GAS  C:\DOCUME~1\ADMINI~1\LOCALS~1\Temp\ccDUMUra.s 			page 12


 357 0074 1278     		ldrb	r2, [r2, #0]
 358 0076 D2B2     		uxtb	r2, r2
 359 0078 42F00102 		orr	r2, r2, #1
 360 007c D2B2     		uxtb	r2, r2
 361 007e 1A70     		strb	r2, [r3, #0]
 268:.\Generated_Source\PSoC5/USBFS_pm.c **** 
 269:.\Generated_Source\PSoC5/USBFS_pm.c ****         /* USBIO Wakeup Sequencing for TO4 */
 270:.\Generated_Source\PSoC5/USBFS_pm.c ****         #if (!CY_PSOC5A)
 271:.\Generated_Source\PSoC5/USBFS_pm.c ****             /* Enable the USBIO reference by setting PM.USB_CR0.fsusbio_ref_en.*/
 272:.\Generated_Source\PSoC5/USBFS_pm.c ****             USBFS_PM_USB_CR0_REG |= USBFS_PM_USB_CR0_REF_EN;
 362              		.loc 1 272 0
 363 0080 44F29433 		movw	r3, #:lower16:1073759124
 364 0084 C4F20003 		movt	r3, #:upper16:1073759124
 365 0088 44F29432 		movw	r2, #:lower16:1073759124
 366 008c C4F20002 		movt	r2, #:upper16:1073759124
 367 0090 1278     		ldrb	r2, [r2, #0]
 368 0092 D2B2     		uxtb	r2, r2
 369 0094 42F00102 		orr	r2, r2, #1
 370 0098 D2B2     		uxtb	r2, r2
 371 009a 1A70     		strb	r2, [r3, #0]
 273:.\Generated_Source\PSoC5/USBFS_pm.c ****             /* The reference will be available ~40us after power restored */
 274:.\Generated_Source\PSoC5/USBFS_pm.c ****             CyDelayUs(40);
 372              		.loc 1 274 0
 373 009c 4FF02800 		mov	r0, #40
 374 00a0 FFF7FEFF 		bl	CyDelayUs
 275:.\Generated_Source\PSoC5/USBFS_pm.c ****             /* Return VRegulator*/
 276:.\Generated_Source\PSoC5/USBFS_pm.c ****             USBFS_CR1_REG |= USBFS_backup.mode;
 375              		.loc 1 276 0
 376 00a4 46F20903 		movw	r3, #:lower16:1073766409
 377 00a8 C4F20003 		movt	r3, #:upper16:1073766409
 378 00ac 46F20902 		movw	r2, #:lower16:1073766409
 379 00b0 C4F20002 		movt	r2, #:upper16:1073766409
 380 00b4 1278     		ldrb	r2, [r2, #0]
 381 00b6 D1B2     		uxtb	r1, r2
 382 00b8 40F20002 		movw	r2, #:lower16:USBFS_backup
 383 00bc C0F20002 		movt	r2, #:upper16:USBFS_backup
 384 00c0 5278     		ldrb	r2, [r2, #1]	@ zero_extendqisi2
 385 00c2 41EA0202 		orr	r2, r1, r2
 386 00c6 D2B2     		uxtb	r2, r2
 387 00c8 1A70     		strb	r2, [r3, #0]
 277:.\Generated_Source\PSoC5/USBFS_pm.c ****             CyDelayUs(0);  /*~50ns delay */
 388              		.loc 1 277 0
 389 00ca 4FF00000 		mov	r0, #0
 390 00ce FFF7FEFF 		bl	CyDelayUs
 278:.\Generated_Source\PSoC5/USBFS_pm.c ****             /* Enable USBIO */
 279:.\Generated_Source\PSoC5/USBFS_pm.c ****             USBFS_PM_USB_CR0_REG |= USBFS_PM_USB_CR0_PD_N;
 391              		.loc 1 279 0
 392 00d2 44F29433 		movw	r3, #:lower16:1073759124
 393 00d6 C4F20003 		movt	r3, #:upper16:1073759124
 394 00da 44F29432 		movw	r2, #:lower16:1073759124
 395 00de C4F20002 		movt	r2, #:upper16:1073759124
 396 00e2 1278     		ldrb	r2, [r2, #0]
 397 00e4 D2B2     		uxtb	r2, r2
 398 00e6 42F00202 		orr	r2, r2, #2
 399 00ea D2B2     		uxtb	r2, r2
 400 00ec 1A70     		strb	r2, [r3, #0]
 280:.\Generated_Source\PSoC5/USBFS_pm.c ****             CyDelayUs(2);
ARM GAS  C:\DOCUME~1\ADMINI~1\LOCALS~1\Temp\ccDUMUra.s 			page 13


 401              		.loc 1 280 0
 402 00ee 4FF00200 		mov	r0, #2
 403 00f2 FFF7FEFF 		bl	CyDelayUs
 281:.\Generated_Source\PSoC5/USBFS_pm.c ****             /* Set the USBIO pull-up enable */
 282:.\Generated_Source\PSoC5/USBFS_pm.c ****             USBFS_PM_USB_CR0_REG |= USBFS_PM_USB_CR0_PD_PULLUP_N;
 404              		.loc 1 282 0
 405 00f6 44F29433 		movw	r3, #:lower16:1073759124
 406 00fa C4F20003 		movt	r3, #:upper16:1073759124
 407 00fe 44F29432 		movw	r2, #:lower16:1073759124
 408 0102 C4F20002 		movt	r2, #:upper16:1073759124
 409 0106 1278     		ldrb	r2, [r2, #0]
 410 0108 D2B2     		uxtb	r2, r2
 411 010a 42F00402 		orr	r2, r2, #4
 412 010e D2B2     		uxtb	r2, r2
 413 0110 1A70     		strb	r2, [r3, #0]
 283:.\Generated_Source\PSoC5/USBFS_pm.c ****         #endif /* End !CY_PSOC5A */
 284:.\Generated_Source\PSoC5/USBFS_pm.c **** 
 285:.\Generated_Source\PSoC5/USBFS_pm.c ****         /* Reinit Arbiter congiguration for DMA transfers */
 286:.\Generated_Source\PSoC5/USBFS_pm.c ****         #if(USBFS_EP_MM != USBFS__EP_MANUAL)
 287:.\Generated_Source\PSoC5/USBFS_pm.c ****             /* usb arb interrupt enable */
 288:.\Generated_Source\PSoC5/USBFS_pm.c ****             USBFS_ARB_INT_EN_REG = USBFS_ARB_INT_MASK;
 289:.\Generated_Source\PSoC5/USBFS_pm.c ****             #if(USBFS_EP_MM == USBFS__EP_DMAMANUAL)
 290:.\Generated_Source\PSoC5/USBFS_pm.c ****                 USBFS_ARB_CFG_REG = USBFS_ARB_CFG_MANUAL_DMA;
 291:.\Generated_Source\PSoC5/USBFS_pm.c ****             #endif   /* End USBFS_EP_MM == USBFS__EP_DMAMANUAL */
 292:.\Generated_Source\PSoC5/USBFS_pm.c ****             #if(USBFS_EP_MM == USBFS__EP_DMAAUTO)
 293:.\Generated_Source\PSoC5/USBFS_pm.c ****                 /*Set cfg cmplt this rises DMA request when the full configuration is done */
 294:.\Generated_Source\PSoC5/USBFS_pm.c ****                 USBFS_ARB_CFG_REG = USBFS_ARB_CFG_AUTO_DMA | USBFS_ARB_CFG_AUTO_MEM;
 295:.\Generated_Source\PSoC5/USBFS_pm.c ****             #endif   /* End USBFS_EP_MM == USBFS__EP_DMAAUTO */
 296:.\Generated_Source\PSoC5/USBFS_pm.c ****         #endif   /* End USBFS_EP_MM != USBFS__EP_MANUAL */
 297:.\Generated_Source\PSoC5/USBFS_pm.c **** 
 298:.\Generated_Source\PSoC5/USBFS_pm.c ****         /* STALL_IN_OUT */
 299:.\Generated_Source\PSoC5/USBFS_pm.c ****         CY_SET_REG8(USBFS_EP0_CR_PTR, USBFS_MODE_STALL_IN_OUT);
 414              		.loc 1 299 0
 415 0112 46F22803 		movw	r3, #:lower16:1073766440
 416 0116 C4F20003 		movt	r3, #:upper16:1073766440
 417 011a 4FF00302 		mov	r2, #3
 418 011e 1A70     		strb	r2, [r3, #0]
 300:.\Generated_Source\PSoC5/USBFS_pm.c ****         /* Enable the SIE with a last address */
 301:.\Generated_Source\PSoC5/USBFS_pm.c ****         USBFS_CR0_REG |= USBFS_CR0_ENABLE;
 419              		.loc 1 301 0
 420 0120 46F20803 		movw	r3, #:lower16:1073766408
 421 0124 C4F20003 		movt	r3, #:upper16:1073766408
 422 0128 46F20802 		movw	r2, #:lower16:1073766408
 423 012c C4F20002 		movt	r2, #:upper16:1073766408
 424 0130 1278     		ldrb	r2, [r2, #0]
 425 0132 D2B2     		uxtb	r2, r2
 426 0134 6FEA4262 		mvn	r2, r2, lsl #25
 427 0138 6FEA5262 		mvn	r2, r2, lsr #25
 428 013c D2B2     		uxtb	r2, r2
 429 013e 1A70     		strb	r2, [r3, #0]
 302:.\Generated_Source\PSoC5/USBFS_pm.c ****         CyDelayCycles(1);
 430              		.loc 1 302 0
 431 0140 4FF00100 		mov	r0, #1
 432 0144 FFF7FEFF 		bl	CyDelayCycles
 303:.\Generated_Source\PSoC5/USBFS_pm.c ****         /* Finally, Enable d+ pullup and select iomode to USB mode*/
 304:.\Generated_Source\PSoC5/USBFS_pm.c ****         CY_SET_REG8(USBFS_USBIO_CR1_PTR, USBFS_USBIO_CR1_USBPUEN);
 433              		.loc 1 304 0
ARM GAS  C:\DOCUME~1\ADMINI~1\LOCALS~1\Temp\ccDUMUra.s 			page 14


 434 0148 46F21203 		movw	r3, #:lower16:1073766418
 435 014c C4F20003 		movt	r3, #:upper16:1073766418
 436 0150 4FF00402 		mov	r2, #4
 437 0154 1A70     		strb	r2, [r3, #0]
 305:.\Generated_Source\PSoC5/USBFS_pm.c **** 
 306:.\Generated_Source\PSoC5/USBFS_pm.c ****         /* Restore USB register settings */
 307:.\Generated_Source\PSoC5/USBFS_pm.c ****         USBFS_RestoreConfig();
 438              		.loc 1 307 0
 439 0156 FFF7FEFF 		bl	USBFS_RestoreConfig
 440              	.L13:
 308:.\Generated_Source\PSoC5/USBFS_pm.c ****     
 309:.\Generated_Source\PSoC5/USBFS_pm.c ****     }
 310:.\Generated_Source\PSoC5/USBFS_pm.c ****     CyExitCriticalSection(enableInterrupts);
 441              		.loc 1 310 0
 442 015a FB79     		ldrb	r3, [r7, #7]	@ zero_extendqisi2
 443 015c 1846     		mov	r0, r3
 444 015e FFF7FEFF 		bl	CyExitCriticalSection
 311:.\Generated_Source\PSoC5/USBFS_pm.c **** }
 445              		.loc 1 311 0
 446 0162 07F10807 		add	r7, r7, #8
 447 0166 BD46     		mov	sp, r7
 448 0168 80BD     		pop	{r7, pc}
 449              		.cfi_endproc
 450              	.LFE33:
 451              		.size	USBFS_Resume, .-USBFS_Resume
 452 016a 00BF     		.text
 453              	.Letext0:
 454              		.section	.debug_loc,"",%progbits
 455              	.Ldebug_loc0:
 456              	.LLST0:
 457 0000 00000000 		.4byte	.LFB29
 458 0004 02000000 		.4byte	.LCFI0
 459 0008 0100     		.2byte	0x1
 460 000a 5D       		.byte	0x5d
 461 000b 02000000 		.4byte	.LCFI0
 462 000f 04000000 		.4byte	.LCFI1
 463 0013 0200     		.2byte	0x2
 464 0015 7D       		.byte	0x7d
 465 0016 04       		.sleb128 4
 466 0017 04000000 		.4byte	.LCFI1
 467 001b 14000000 		.4byte	.LFE29
 468 001f 0200     		.2byte	0x2
 469 0021 77       		.byte	0x77
 470 0022 04       		.sleb128 4
 471 0023 00000000 		.4byte	0x0
 472 0027 00000000 		.4byte	0x0
 473              	.LLST1:
 474 002b 00000000 		.4byte	.LFB30
 475 002f 02000000 		.4byte	.LCFI2
 476 0033 0100     		.2byte	0x1
 477 0035 5D       		.byte	0x5d
 478 0036 02000000 		.4byte	.LCFI2
 479 003a 04000000 		.4byte	.LCFI3
 480 003e 0200     		.2byte	0x2
 481 0040 7D       		.byte	0x7d
 482 0041 04       		.sleb128 4
 483 0042 04000000 		.4byte	.LCFI3
ARM GAS  C:\DOCUME~1\ADMINI~1\LOCALS~1\Temp\ccDUMUra.s 			page 15


 484 0046 0A000000 		.4byte	.LFE30
 485 004a 0200     		.2byte	0x2
 486 004c 77       		.byte	0x77
 487 004d 04       		.sleb128 4
 488 004e 00000000 		.4byte	0x0
 489 0052 00000000 		.4byte	0x0
 490              	.LLST2:
 491 0056 00000000 		.4byte	.LFB31
 492 005a 02000000 		.4byte	.LCFI4
 493 005e 0100     		.2byte	0x1
 494 0060 5D       		.byte	0x5d
 495 0061 02000000 		.4byte	.LCFI4
 496 0065 04000000 		.4byte	.LCFI5
 497 0069 0200     		.2byte	0x2
 498 006b 7D       		.byte	0x7d
 499 006c 08       		.sleb128 8
 500 006d 04000000 		.4byte	.LCFI5
 501 0071 1A000000 		.4byte	.LFE31
 502 0075 0200     		.2byte	0x2
 503 0077 77       		.byte	0x77
 504 0078 08       		.sleb128 8
 505 0079 00000000 		.4byte	0x0
 506 007d 00000000 		.4byte	0x0
 507              	.LLST3:
 508 0081 00000000 		.4byte	.LFB32
 509 0085 02000000 		.4byte	.LCFI6
 510 0089 0100     		.2byte	0x1
 511 008b 5D       		.byte	0x5d
 512 008c 02000000 		.4byte	.LCFI6
 513 0090 04000000 		.4byte	.LCFI7
 514 0094 0200     		.2byte	0x2
 515 0096 7D       		.byte	0x7d
 516 0097 08       		.sleb128 8
 517 0098 04000000 		.4byte	.LCFI7
 518 009c 06000000 		.4byte	.LCFI8
 519 00a0 0200     		.2byte	0x2
 520 00a2 7D       		.byte	0x7d
 521 00a3 10       		.sleb128 16
 522 00a4 06000000 		.4byte	.LCFI8
 523 00a8 96010000 		.4byte	.LFE32
 524 00ac 0200     		.2byte	0x2
 525 00ae 77       		.byte	0x77
 526 00af 10       		.sleb128 16
 527 00b0 00000000 		.4byte	0x0
 528 00b4 00000000 		.4byte	0x0
 529              	.LLST4:
 530 00b8 00000000 		.4byte	.LFB33
 531 00bc 02000000 		.4byte	.LCFI9
 532 00c0 0100     		.2byte	0x1
 533 00c2 5D       		.byte	0x5d
 534 00c3 02000000 		.4byte	.LCFI9
 535 00c7 04000000 		.4byte	.LCFI10
 536 00cb 0200     		.2byte	0x2
 537 00cd 7D       		.byte	0x7d
 538 00ce 08       		.sleb128 8
 539 00cf 04000000 		.4byte	.LCFI10
 540 00d3 06000000 		.4byte	.LCFI11
ARM GAS  C:\DOCUME~1\ADMINI~1\LOCALS~1\Temp\ccDUMUra.s 			page 16


 541 00d7 0200     		.2byte	0x2
 542 00d9 7D       		.byte	0x7d
 543 00da 10       		.sleb128 16
 544 00db 06000000 		.4byte	.LCFI11
 545 00df 6A010000 		.4byte	.LFE33
 546 00e3 0200     		.2byte	0x2
 547 00e5 77       		.byte	0x77
 548 00e6 10       		.sleb128 16
 549 00e7 00000000 		.4byte	0x0
 550 00eb 00000000 		.4byte	0x0
 551              		.file 2 "./Generated_Source/PSoC5/USBFS.h"
 552              		.file 3 "./Generated_Source/PSoC5/cytypes.h"
 553              		.file 4 "./Generated_Source/PSoC5/core_cm3.h"
 554              		.section	.debug_info
 555 0000 88010000 		.4byte	0x188
 556 0004 0200     		.2byte	0x2
 557 0006 00000000 		.4byte	.Ldebug_abbrev0
 558 000a 04       		.byte	0x4
 559 000b 01       		.uleb128 0x1
 560 000c 2E010000 		.4byte	.LASF25
 561 0010 01       		.byte	0x1
 562 0011 8D010000 		.4byte	.LASF26
 563 0015 3C000000 		.4byte	.LASF27
 564 0019 00000000 		.4byte	0x0
 565 001d 00000000 		.4byte	0x0
 566 0021 00000000 		.4byte	.Ldebug_ranges0+0x0
 567 0025 00000000 		.4byte	.Ldebug_line0
 568 0029 02       		.uleb128 0x2
 569 002a 01       		.byte	0x1
 570 002b 06       		.byte	0x6
 571 002c BE010000 		.4byte	.LASF0
 572 0030 02       		.uleb128 0x2
 573 0031 01       		.byte	0x1
 574 0032 08       		.byte	0x8
 575 0033 29000000 		.4byte	.LASF1
 576 0037 02       		.uleb128 0x2
 577 0038 02       		.byte	0x2
 578 0039 05       		.byte	0x5
 579 003a D0010000 		.4byte	.LASF2
 580 003e 02       		.uleb128 0x2
 581 003f 02       		.byte	0x2
 582 0040 07       		.byte	0x7
 583 0041 CE000000 		.4byte	.LASF3
 584 0045 02       		.uleb128 0x2
 585 0046 04       		.byte	0x4
 586 0047 05       		.byte	0x5
 587 0048 70010000 		.4byte	.LASF4
 588 004c 02       		.uleb128 0x2
 589 004d 04       		.byte	0x4
 590 004e 07       		.byte	0x7
 591 004f A5000000 		.4byte	.LASF5
 592 0053 02       		.uleb128 0x2
 593 0054 08       		.byte	0x8
 594 0055 05       		.byte	0x5
 595 0056 00000000 		.4byte	.LASF6
 596 005a 02       		.uleb128 0x2
 597 005b 08       		.byte	0x8
ARM GAS  C:\DOCUME~1\ADMINI~1\LOCALS~1\Temp\ccDUMUra.s 			page 17


 598 005c 07       		.byte	0x7
 599 005d B7000000 		.4byte	.LASF7
 600 0061 03       		.uleb128 0x3
 601 0062 04       		.byte	0x4
 602 0063 05       		.byte	0x5
 603 0064 696E7400 		.ascii	"int\000"
 604 0068 02       		.uleb128 0x2
 605 0069 04       		.byte	0x4
 606 006a 07       		.byte	0x7
 607 006b 1C000000 		.4byte	.LASF8
 608 006f 04       		.uleb128 0x4
 609 0070 85000000 		.4byte	.LASF14
 610 0074 03       		.byte	0x3
 611 0075 4C       		.byte	0x4c
 612 0076 30000000 		.4byte	0x30
 613 007a 02       		.uleb128 0x2
 614 007b 04       		.byte	0x4
 615 007c 04       		.byte	0x4
 616 007d CA010000 		.4byte	.LASF9
 617 0081 02       		.uleb128 0x2
 618 0082 08       		.byte	0x8
 619 0083 04       		.byte	0x4
 620 0084 86010000 		.4byte	.LASF10
 621 0088 02       		.uleb128 0x2
 622 0089 01       		.byte	0x1
 623 008a 08       		.byte	0x8
 624 008b 57010000 		.4byte	.LASF11
 625 008f 05       		.uleb128 0x5
 626 0090 6F000000 		.4byte	0x6f
 627 0094 06       		.uleb128 0x6
 628 0095 04       		.byte	0x4
 629 0096 07       		.byte	0x7
 630 0097 07       		.uleb128 0x7
 631 0098 06010000 		.4byte	.LASF28
 632 009c 02       		.byte	0x2
 633 009d 02       		.byte	0x2
 634 009e A5       		.byte	0xa5
 635 009f C0000000 		.4byte	0xc0
 636 00a3 08       		.uleb128 0x8
 637 00a4 4B010000 		.4byte	.LASF12
 638 00a8 02       		.byte	0x2
 639 00a9 A6       		.byte	0xa6
 640 00aa 6F000000 		.4byte	0x6f
 641 00ae 02       		.byte	0x2
 642 00af 23       		.byte	0x23
 643 00b0 00       		.uleb128 0x0
 644 00b1 08       		.uleb128 0x8
 645 00b2 37000000 		.4byte	.LASF13
 646 00b6 02       		.byte	0x2
 647 00b7 A7       		.byte	0xa7
 648 00b8 6F000000 		.4byte	0x6f
 649 00bc 02       		.byte	0x2
 650 00bd 23       		.byte	0x23
 651 00be 01       		.uleb128 0x1
 652 00bf 00       		.byte	0x0
 653 00c0 04       		.uleb128 0x4
 654 00c1 F2000000 		.4byte	.LASF15
ARM GAS  C:\DOCUME~1\ADMINI~1\LOCALS~1\Temp\ccDUMUra.s 			page 18


 655 00c5 02       		.byte	0x2
 656 00c6 A8       		.byte	0xa8
 657 00c7 97000000 		.4byte	0x97
 658 00cb 09       		.uleb128 0x9
 659 00cc 01       		.byte	0x1
 660 00cd 8B000000 		.4byte	.LASF16
 661 00d1 01       		.byte	0x1
 662 00d2 46       		.byte	0x46
 663 00d3 01       		.byte	0x1
 664 00d4 00000000 		.4byte	.LFB29
 665 00d8 14000000 		.4byte	.LFE29
 666 00dc 00000000 		.4byte	.LLST0
 667 00e0 09       		.uleb128 0x9
 668 00e1 01       		.byte	0x1
 669 00e2 3A010000 		.4byte	.LASF17
 670 00e6 01       		.byte	0x1
 671 00e7 64       		.byte	0x64
 672 00e8 01       		.byte	0x1
 673 00e9 00000000 		.4byte	.LFB30
 674 00ed 0A000000 		.4byte	.LFE30
 675 00f1 2B000000 		.4byte	.LLST1
 676 00f5 09       		.uleb128 0x9
 677 00f6 01       		.byte	0x1
 678 00f7 1A010000 		.4byte	.LASF18
 679 00fb 01       		.byte	0x1
 680 00fc 7B       		.byte	0x7b
 681 00fd 01       		.byte	0x1
 682 00fe 00000000 		.4byte	.LFB31
 683 0102 1A000000 		.4byte	.LFE31
 684 0106 56000000 		.4byte	.LLST2
 685 010a 0A       		.uleb128 0xa
 686 010b 01       		.byte	0x1
 687 010c 0E000000 		.4byte	.LASF19
 688 0110 01       		.byte	0x1
 689 0111 98       		.byte	0x98
 690 0112 01       		.byte	0x1
 691 0113 00000000 		.4byte	.LFB32
 692 0117 96010000 		.4byte	.LFE32
 693 011b 81000000 		.4byte	.LLST3
 694 011f 32010000 		.4byte	0x132
 695 0123 0B       		.uleb128 0xb
 696 0124 E1000000 		.4byte	.LASF21
 697 0128 01       		.byte	0x1
 698 0129 9A       		.byte	0x9a
 699 012a 6F000000 		.4byte	0x6f
 700 012e 02       		.byte	0x2
 701 012f 91       		.byte	0x91
 702 0130 77       		.sleb128 -9
 703 0131 00       		.byte	0x0
 704 0132 0A       		.uleb128 0xa
 705 0133 01       		.byte	0x1
 706 0134 98000000 		.4byte	.LASF20
 707 0138 01       		.byte	0x1
 708 0139 F3       		.byte	0xf3
 709 013a 01       		.byte	0x1
 710 013b 00000000 		.4byte	.LFB33
 711 013f 6A010000 		.4byte	.LFE33
ARM GAS  C:\DOCUME~1\ADMINI~1\LOCALS~1\Temp\ccDUMUra.s 			page 19


 712 0143 B8000000 		.4byte	.LLST4
 713 0147 5A010000 		.4byte	0x15a
 714 014b 0B       		.uleb128 0xb
 715 014c E1000000 		.4byte	.LASF21
 716 0150 01       		.byte	0x1
 717 0151 F5       		.byte	0xf5
 718 0152 6F000000 		.4byte	0x6f
 719 0156 02       		.byte	0x2
 720 0157 91       		.byte	0x91
 721 0158 77       		.sleb128 -9
 722 0159 00       		.byte	0x0
 723 015a 0B       		.uleb128 0xb
 724 015b 79010000 		.4byte	.LASF22
 725 015f 01       		.byte	0x1
 726 0160 21       		.byte	0x21
 727 0161 C0000000 		.4byte	0xc0
 728 0165 05       		.byte	0x5
 729 0166 03       		.byte	0x3
 730 0167 00000000 		.4byte	USBFS_backup
 731 016b 0C       		.uleb128 0xc
 732 016c B1010000 		.4byte	.LASF23
 733 0170 04       		.byte	0x4
 734 0171 CE06     		.2byte	0x6ce
 735 0173 79010000 		.4byte	0x179
 736 0177 01       		.byte	0x1
 737 0178 01       		.byte	0x1
 738 0179 05       		.uleb128 0x5
 739 017a 61000000 		.4byte	0x61
 740 017e 0D       		.uleb128 0xd
 741 017f 5C010000 		.4byte	.LASF24
 742 0183 01       		.byte	0x1
 743 0184 28       		.byte	0x28
 744 0185 8F000000 		.4byte	0x8f
 745 0189 01       		.byte	0x1
 746 018a 01       		.byte	0x1
 747 018b 00       		.byte	0x0
 748              		.section	.debug_abbrev
 749 0000 01       		.uleb128 0x1
 750 0001 11       		.uleb128 0x11
 751 0002 01       		.byte	0x1
 752 0003 25       		.uleb128 0x25
 753 0004 0E       		.uleb128 0xe
 754 0005 13       		.uleb128 0x13
 755 0006 0B       		.uleb128 0xb
 756 0007 03       		.uleb128 0x3
 757 0008 0E       		.uleb128 0xe
 758 0009 1B       		.uleb128 0x1b
 759 000a 0E       		.uleb128 0xe
 760 000b 11       		.uleb128 0x11
 761 000c 01       		.uleb128 0x1
 762 000d 52       		.uleb128 0x52
 763 000e 01       		.uleb128 0x1
 764 000f 55       		.uleb128 0x55
 765 0010 06       		.uleb128 0x6
 766 0011 10       		.uleb128 0x10
 767 0012 06       		.uleb128 0x6
 768 0013 00       		.byte	0x0
ARM GAS  C:\DOCUME~1\ADMINI~1\LOCALS~1\Temp\ccDUMUra.s 			page 20


 769 0014 00       		.byte	0x0
 770 0015 02       		.uleb128 0x2
 771 0016 24       		.uleb128 0x24
 772 0017 00       		.byte	0x0
 773 0018 0B       		.uleb128 0xb
 774 0019 0B       		.uleb128 0xb
 775 001a 3E       		.uleb128 0x3e
 776 001b 0B       		.uleb128 0xb
 777 001c 03       		.uleb128 0x3
 778 001d 0E       		.uleb128 0xe
 779 001e 00       		.byte	0x0
 780 001f 00       		.byte	0x0
 781 0020 03       		.uleb128 0x3
 782 0021 24       		.uleb128 0x24
 783 0022 00       		.byte	0x0
 784 0023 0B       		.uleb128 0xb
 785 0024 0B       		.uleb128 0xb
 786 0025 3E       		.uleb128 0x3e
 787 0026 0B       		.uleb128 0xb
 788 0027 03       		.uleb128 0x3
 789 0028 08       		.uleb128 0x8
 790 0029 00       		.byte	0x0
 791 002a 00       		.byte	0x0
 792 002b 04       		.uleb128 0x4
 793 002c 16       		.uleb128 0x16
 794 002d 00       		.byte	0x0
 795 002e 03       		.uleb128 0x3
 796 002f 0E       		.uleb128 0xe
 797 0030 3A       		.uleb128 0x3a
 798 0031 0B       		.uleb128 0xb
 799 0032 3B       		.uleb128 0x3b
 800 0033 0B       		.uleb128 0xb
 801 0034 49       		.uleb128 0x49
 802 0035 13       		.uleb128 0x13
 803 0036 00       		.byte	0x0
 804 0037 00       		.byte	0x0
 805 0038 05       		.uleb128 0x5
 806 0039 35       		.uleb128 0x35
 807 003a 00       		.byte	0x0
 808 003b 49       		.uleb128 0x49
 809 003c 13       		.uleb128 0x13
 810 003d 00       		.byte	0x0
 811 003e 00       		.byte	0x0
 812 003f 06       		.uleb128 0x6
 813 0040 24       		.uleb128 0x24
 814 0041 00       		.byte	0x0
 815 0042 0B       		.uleb128 0xb
 816 0043 0B       		.uleb128 0xb
 817 0044 3E       		.uleb128 0x3e
 818 0045 0B       		.uleb128 0xb
 819 0046 00       		.byte	0x0
 820 0047 00       		.byte	0x0
 821 0048 07       		.uleb128 0x7
 822 0049 13       		.uleb128 0x13
 823 004a 01       		.byte	0x1
 824 004b 03       		.uleb128 0x3
 825 004c 0E       		.uleb128 0xe
ARM GAS  C:\DOCUME~1\ADMINI~1\LOCALS~1\Temp\ccDUMUra.s 			page 21


 826 004d 0B       		.uleb128 0xb
 827 004e 0B       		.uleb128 0xb
 828 004f 3A       		.uleb128 0x3a
 829 0050 0B       		.uleb128 0xb
 830 0051 3B       		.uleb128 0x3b
 831 0052 0B       		.uleb128 0xb
 832 0053 01       		.uleb128 0x1
 833 0054 13       		.uleb128 0x13
 834 0055 00       		.byte	0x0
 835 0056 00       		.byte	0x0
 836 0057 08       		.uleb128 0x8
 837 0058 0D       		.uleb128 0xd
 838 0059 00       		.byte	0x0
 839 005a 03       		.uleb128 0x3
 840 005b 0E       		.uleb128 0xe
 841 005c 3A       		.uleb128 0x3a
 842 005d 0B       		.uleb128 0xb
 843 005e 3B       		.uleb128 0x3b
 844 005f 0B       		.uleb128 0xb
 845 0060 49       		.uleb128 0x49
 846 0061 13       		.uleb128 0x13
 847 0062 38       		.uleb128 0x38
 848 0063 0A       		.uleb128 0xa
 849 0064 00       		.byte	0x0
 850 0065 00       		.byte	0x0
 851 0066 09       		.uleb128 0x9
 852 0067 2E       		.uleb128 0x2e
 853 0068 00       		.byte	0x0
 854 0069 3F       		.uleb128 0x3f
 855 006a 0C       		.uleb128 0xc
 856 006b 03       		.uleb128 0x3
 857 006c 0E       		.uleb128 0xe
 858 006d 3A       		.uleb128 0x3a
 859 006e 0B       		.uleb128 0xb
 860 006f 3B       		.uleb128 0x3b
 861 0070 0B       		.uleb128 0xb
 862 0071 27       		.uleb128 0x27
 863 0072 0C       		.uleb128 0xc
 864 0073 11       		.uleb128 0x11
 865 0074 01       		.uleb128 0x1
 866 0075 12       		.uleb128 0x12
 867 0076 01       		.uleb128 0x1
 868 0077 40       		.uleb128 0x40
 869 0078 06       		.uleb128 0x6
 870 0079 00       		.byte	0x0
 871 007a 00       		.byte	0x0
 872 007b 0A       		.uleb128 0xa
 873 007c 2E       		.uleb128 0x2e
 874 007d 01       		.byte	0x1
 875 007e 3F       		.uleb128 0x3f
 876 007f 0C       		.uleb128 0xc
 877 0080 03       		.uleb128 0x3
 878 0081 0E       		.uleb128 0xe
 879 0082 3A       		.uleb128 0x3a
 880 0083 0B       		.uleb128 0xb
 881 0084 3B       		.uleb128 0x3b
 882 0085 0B       		.uleb128 0xb
ARM GAS  C:\DOCUME~1\ADMINI~1\LOCALS~1\Temp\ccDUMUra.s 			page 22


 883 0086 27       		.uleb128 0x27
 884 0087 0C       		.uleb128 0xc
 885 0088 11       		.uleb128 0x11
 886 0089 01       		.uleb128 0x1
 887 008a 12       		.uleb128 0x12
 888 008b 01       		.uleb128 0x1
 889 008c 40       		.uleb128 0x40
 890 008d 06       		.uleb128 0x6
 891 008e 01       		.uleb128 0x1
 892 008f 13       		.uleb128 0x13
 893 0090 00       		.byte	0x0
 894 0091 00       		.byte	0x0
 895 0092 0B       		.uleb128 0xb
 896 0093 34       		.uleb128 0x34
 897 0094 00       		.byte	0x0
 898 0095 03       		.uleb128 0x3
 899 0096 0E       		.uleb128 0xe
 900 0097 3A       		.uleb128 0x3a
 901 0098 0B       		.uleb128 0xb
 902 0099 3B       		.uleb128 0x3b
 903 009a 0B       		.uleb128 0xb
 904 009b 49       		.uleb128 0x49
 905 009c 13       		.uleb128 0x13
 906 009d 02       		.uleb128 0x2
 907 009e 0A       		.uleb128 0xa
 908 009f 00       		.byte	0x0
 909 00a0 00       		.byte	0x0
 910 00a1 0C       		.uleb128 0xc
 911 00a2 34       		.uleb128 0x34
 912 00a3 00       		.byte	0x0
 913 00a4 03       		.uleb128 0x3
 914 00a5 0E       		.uleb128 0xe
 915 00a6 3A       		.uleb128 0x3a
 916 00a7 0B       		.uleb128 0xb
 917 00a8 3B       		.uleb128 0x3b
 918 00a9 05       		.uleb128 0x5
 919 00aa 49       		.uleb128 0x49
 920 00ab 13       		.uleb128 0x13
 921 00ac 3F       		.uleb128 0x3f
 922 00ad 0C       		.uleb128 0xc
 923 00ae 3C       		.uleb128 0x3c
 924 00af 0C       		.uleb128 0xc
 925 00b0 00       		.byte	0x0
 926 00b1 00       		.byte	0x0
 927 00b2 0D       		.uleb128 0xd
 928 00b3 34       		.uleb128 0x34
 929 00b4 00       		.byte	0x0
 930 00b5 03       		.uleb128 0x3
 931 00b6 0E       		.uleb128 0xe
 932 00b7 3A       		.uleb128 0x3a
 933 00b8 0B       		.uleb128 0xb
 934 00b9 3B       		.uleb128 0x3b
 935 00ba 0B       		.uleb128 0xb
 936 00bb 49       		.uleb128 0x49
 937 00bc 13       		.uleb128 0x13
 938 00bd 3F       		.uleb128 0x3f
 939 00be 0C       		.uleb128 0xc
ARM GAS  C:\DOCUME~1\ADMINI~1\LOCALS~1\Temp\ccDUMUra.s 			page 23


 940 00bf 3C       		.uleb128 0x3c
 941 00c0 0C       		.uleb128 0xc
 942 00c1 00       		.byte	0x0
 943 00c2 00       		.byte	0x0
 944 00c3 00       		.byte	0x0
 945              		.section	.debug_pubnames,"",%progbits
 946 0000 6F000000 		.4byte	0x6f
 947 0004 0200     		.2byte	0x2
 948 0006 00000000 		.4byte	.Ldebug_info0
 949 000a 8C010000 		.4byte	0x18c
 950 000e CB000000 		.4byte	0xcb
 951 0012 55534246 		.ascii	"USBFS_DP_ISR\000"
 951      535F4450 
 951      5F495352 
 951      00
 952 001f E0000000 		.4byte	0xe0
 953 0023 55534246 		.ascii	"USBFS_SaveConfig\000"
 953      535F5361 
 953      7665436F 
 953      6E666967 
 953      00
 954 0034 F5000000 		.4byte	0xf5
 955 0038 55534246 		.ascii	"USBFS_RestoreConfig\000"
 955      535F5265 
 955      73746F72 
 955      65436F6E 
 955      66696700 
 956 004c 0A010000 		.4byte	0x10a
 957 0050 55534246 		.ascii	"USBFS_Suspend\000"
 957      535F5375 
 957      7370656E 
 957      6400
 958 005e 32010000 		.4byte	0x132
 959 0062 55534246 		.ascii	"USBFS_Resume\000"
 959      535F5265 
 959      73756D65 
 959      00
 960 006f 00000000 		.4byte	0x0
 961              		.section	.debug_aranges,"",%progbits
 962 0000 3C000000 		.4byte	0x3c
 963 0004 0200     		.2byte	0x2
 964 0006 00000000 		.4byte	.Ldebug_info0
 965 000a 04       		.byte	0x4
 966 000b 00       		.byte	0x0
 967 000c 0000     		.2byte	0x0
 968 000e 0000     		.2byte	0x0
 969 0010 00000000 		.4byte	.LFB29
 970 0014 14000000 		.4byte	.LFE29-.LFB29
 971 0018 00000000 		.4byte	.LFB30
 972 001c 0A000000 		.4byte	.LFE30-.LFB30
 973 0020 00000000 		.4byte	.LFB31
 974 0024 1A000000 		.4byte	.LFE31-.LFB31
 975 0028 00000000 		.4byte	.LFB32
 976 002c 96010000 		.4byte	.LFE32-.LFB32
 977 0030 00000000 		.4byte	.LFB33
 978 0034 6A010000 		.4byte	.LFE33-.LFB33
 979 0038 00000000 		.4byte	0x0
ARM GAS  C:\DOCUME~1\ADMINI~1\LOCALS~1\Temp\ccDUMUra.s 			page 24


 980 003c 00000000 		.4byte	0x0
 981              		.section	.debug_ranges,"",%progbits
 982              	.Ldebug_ranges0:
 983 0000 00000000 		.4byte	.Ltext0
 984 0004 00000000 		.4byte	.Letext0
 985 0008 00000000 		.4byte	.LFB29
 986 000c 14000000 		.4byte	.LFE29
 987 0010 00000000 		.4byte	.LFB30
 988 0014 0A000000 		.4byte	.LFE30
 989 0018 00000000 		.4byte	.LFB31
 990 001c 1A000000 		.4byte	.LFE31
 991 0020 00000000 		.4byte	.LFB32
 992 0024 96010000 		.4byte	.LFE32
 993 0028 00000000 		.4byte	.LFB33
 994 002c 6A010000 		.4byte	.LFE33
 995 0030 00000000 		.4byte	0x0
 996 0034 00000000 		.4byte	0x0
 997              		.section	.debug_str,"MS",%progbits,1
 998              	.LASF6:
 999 0000 6C6F6E67 		.ascii	"long long int\000"
 999      206C6F6E 
 999      6720696E 
 999      7400
 1000              	.LASF19:
 1001 000e 55534246 		.ascii	"USBFS_Suspend\000"
 1001      535F5375 
 1001      7370656E 
 1001      6400
 1002              	.LASF8:
 1003 001c 756E7369 		.ascii	"unsigned int\000"
 1003      676E6564 
 1003      20696E74 
 1003      00
 1004              	.LASF1:
 1005 0029 756E7369 		.ascii	"unsigned char\000"
 1005      676E6564 
 1005      20636861 
 1005      7200
 1006              	.LASF13:
 1007 0037 6D6F6465 		.ascii	"mode\000"
 1007      00
 1008              	.LASF27:
 1009 003c 5C5C7073 		.ascii	"\\\\psf\\Home\\Desktop\\KitProg version 2_03\\KitPr"
 1009      665C486F 
 1009      6D655C44 
 1009      65736B74 
 1009      6F705C4B 
 1010 0069 6F675C4B 		.ascii	"og\\KitProg_Bootloader.cydsn\000"
 1010      69745072 
 1010      6F675F42 
 1010      6F6F746C 
 1010      6F616465 
 1011              	.LASF14:
 1012 0085 75696E74 		.ascii	"uint8\000"
 1012      3800
 1013              	.LASF16:
 1014 008b 55534246 		.ascii	"USBFS_DP_ISR\000"
ARM GAS  C:\DOCUME~1\ADMINI~1\LOCALS~1\Temp\ccDUMUra.s 			page 25


 1014      535F4450 
 1014      5F495352 
 1014      00
 1015              	.LASF20:
 1016 0098 55534246 		.ascii	"USBFS_Resume\000"
 1016      535F5265 
 1016      73756D65 
 1016      00
 1017              	.LASF5:
 1018 00a5 6C6F6E67 		.ascii	"long unsigned int\000"
 1018      20756E73 
 1018      69676E65 
 1018      6420696E 
 1018      7400
 1019              	.LASF7:
 1020 00b7 6C6F6E67 		.ascii	"long long unsigned int\000"
 1020      206C6F6E 
 1020      6720756E 
 1020      7369676E 
 1020      65642069 
 1021              	.LASF3:
 1022 00ce 73686F72 		.ascii	"short unsigned int\000"
 1022      7420756E 
 1022      7369676E 
 1022      65642069 
 1022      6E7400
 1023              	.LASF21:
 1024 00e1 656E6162 		.ascii	"enableInterrupts\000"
 1024      6C65496E 
 1024      74657272 
 1024      75707473 
 1024      00
 1025              	.LASF15:
 1026 00f2 55534246 		.ascii	"USBFS_BACKUP_STRUCT\000"
 1026      535F4241 
 1026      434B5550 
 1026      5F535452 
 1026      55435400 
 1027              	.LASF28:
 1028 0106 5F555342 		.ascii	"_USBFS_BackupStruct\000"
 1028      46535F42 
 1028      61636B75 
 1028      70537472 
 1028      75637400 
 1029              	.LASF18:
 1030 011a 55534246 		.ascii	"USBFS_RestoreConfig\000"
 1030      535F5265 
 1030      73746F72 
 1030      65436F6E 
 1030      66696700 
 1031              	.LASF25:
 1032 012e 474E5520 		.ascii	"GNU C 4.4.1\000"
 1032      4320342E 
 1032      342E3100 
 1033              	.LASF17:
 1034 013a 55534246 		.ascii	"USBFS_SaveConfig\000"
 1034      535F5361 
ARM GAS  C:\DOCUME~1\ADMINI~1\LOCALS~1\Temp\ccDUMUra.s 			page 26


 1034      7665436F 
 1034      6E666967 
 1034      00
 1035              	.LASF12:
 1036 014b 656E6162 		.ascii	"enableState\000"
 1036      6C655374 
 1036      61746500 
 1037              	.LASF11:
 1038 0157 63686172 		.ascii	"char\000"
 1038      00
 1039              	.LASF24:
 1040 015c 55534246 		.ascii	"USBFS_configuration\000"
 1040      535F636F 
 1040      6E666967 
 1040      75726174 
 1040      696F6E00 
 1041              	.LASF4:
 1042 0170 6C6F6E67 		.ascii	"long int\000"
 1042      20696E74 
 1042      00
 1043              	.LASF22:
 1044 0179 55534246 		.ascii	"USBFS_backup\000"
 1044      535F6261 
 1044      636B7570 
 1044      00
 1045              	.LASF10:
 1046 0186 646F7562 		.ascii	"double\000"
 1046      6C6500
 1047              	.LASF26:
 1048 018d 2E5C4765 		.ascii	".\\Generated_Source\\PSoC5\\USBFS_pm.c\000"
 1048      6E657261 
 1048      7465645F 
 1048      536F7572 
 1048      63655C50 
 1049              	.LASF23:
 1050 01b1 49544D5F 		.ascii	"ITM_RxBuffer\000"
 1050      52784275 
 1050      66666572 
 1050      00
 1051              	.LASF0:
 1052 01be 7369676E 		.ascii	"signed char\000"
 1052      65642063 
 1052      68617200 
 1053              	.LASF9:
 1054 01ca 666C6F61 		.ascii	"float\000"
 1054      7400
 1055              	.LASF2:
 1056 01d0 73686F72 		.ascii	"short int\000"
 1056      7420696E 
 1056      7400
 1057              		.ident	"GCC: (Sourcery G++ Lite 2010q1-188) 4.4.1"
