ARM GAS  C:\DOCUME~1\ADMINI~1\LOCALS~1\Temp\ccBTUq2a.s 			page 1


   1              		.syntax unified
   2              		.cpu cortex-m3
   3              		.fpu softvfp
   4              		.eabi_attribute 20, 1
   5              		.eabi_attribute 21, 1
   6              		.eabi_attribute 23, 3
   7              		.eabi_attribute 24, 1
   8              		.eabi_attribute 25, 1
   9              		.eabi_attribute 26, 1
  10              		.eabi_attribute 30, 4
  11              		.eabi_attribute 18, 4
  12              		.thumb
  13              		.file	"ADC_Voltage_Target_PM.c"
  14              		.section	.debug_abbrev,"",%progbits
  15              	.Ldebug_abbrev0:
  16              		.section	.debug_info,"",%progbits
  17              	.Ldebug_info0:
  18              		.section	.debug_line,"",%progbits
  19              	.Ldebug_line0:
  20 0000 DD000000 		.text
  20      02008600 
  20      00000201 
  20      FB0E0D00 
  20      01010101 
  21              	.Ltext0:
  22              		.cfi_sections	.debug_frame
  23              		.section	.text.ADC_Voltage_Target_SaveConfig,"ax",%progbits
  24              		.align	1
  25              		.global	ADC_Voltage_Target_SaveConfig
  26              		.thumb
  27              		.thumb_func
  28              		.type	ADC_Voltage_Target_SaveConfig, %function
  29              	ADC_Voltage_Target_SaveConfig:
  30              	.LFB0:
  31              		.file 1 ".\\Generated_Source\\PSoC5\\ADC_Voltage_Target_PM.c"
   1:.\Generated_Source\PSoC5/ADC_Voltage_Target_PM.c **** /*******************************************************************************
   2:.\Generated_Source\PSoC5/ADC_Voltage_Target_PM.c **** * File Name: ADC_Voltage_Target_PM.c  
   3:.\Generated_Source\PSoC5/ADC_Voltage_Target_PM.c **** * Version 2.30
   4:.\Generated_Source\PSoC5/ADC_Voltage_Target_PM.c **** *
   5:.\Generated_Source\PSoC5/ADC_Voltage_Target_PM.c **** * Description:
   6:.\Generated_Source\PSoC5/ADC_Voltage_Target_PM.c **** *  This file provides the power manager source code to the API for the 
   7:.\Generated_Source\PSoC5/ADC_Voltage_Target_PM.c **** *  Delta-Sigma ADC Component.
   8:.\Generated_Source\PSoC5/ADC_Voltage_Target_PM.c **** *
   9:.\Generated_Source\PSoC5/ADC_Voltage_Target_PM.c **** * Note:
  10:.\Generated_Source\PSoC5/ADC_Voltage_Target_PM.c **** *
  11:.\Generated_Source\PSoC5/ADC_Voltage_Target_PM.c **** *******************************************************************************
  12:.\Generated_Source\PSoC5/ADC_Voltage_Target_PM.c **** * Copyright 2008-2012, Cypress Semiconductor Corporation.  All rights reserved.
  13:.\Generated_Source\PSoC5/ADC_Voltage_Target_PM.c **** * You may use this file only in accordance with the license, terms, conditions, 
  14:.\Generated_Source\PSoC5/ADC_Voltage_Target_PM.c **** * disclaimers, and limitations in the end user license agreement accompanying 
  15:.\Generated_Source\PSoC5/ADC_Voltage_Target_PM.c **** * the software package with which this file was provided.
  16:.\Generated_Source\PSoC5/ADC_Voltage_Target_PM.c **** ********************************************************************************/
  17:.\Generated_Source\PSoC5/ADC_Voltage_Target_PM.c **** 
  18:.\Generated_Source\PSoC5/ADC_Voltage_Target_PM.c **** #include "ADC_Voltage_Target.h"
  19:.\Generated_Source\PSoC5/ADC_Voltage_Target_PM.c **** 
  20:.\Generated_Source\PSoC5/ADC_Voltage_Target_PM.c **** static ADC_Voltage_Target_BACKUP_STRUCT ADC_Voltage_Target_backup = 
  21:.\Generated_Source\PSoC5/ADC_Voltage_Target_PM.c **** {
  22:.\Generated_Source\PSoC5/ADC_Voltage_Target_PM.c ****     ADC_Voltage_Target_DISABLED,
ARM GAS  C:\DOCUME~1\ADMINI~1\LOCALS~1\Temp\ccBTUq2a.s 			page 2


  23:.\Generated_Source\PSoC5/ADC_Voltage_Target_PM.c ****     ADC_Voltage_Target_CFG1_DEC_CR
  24:.\Generated_Source\PSoC5/ADC_Voltage_Target_PM.c **** };
  25:.\Generated_Source\PSoC5/ADC_Voltage_Target_PM.c **** 
  26:.\Generated_Source\PSoC5/ADC_Voltage_Target_PM.c **** 
  27:.\Generated_Source\PSoC5/ADC_Voltage_Target_PM.c **** /*******************************************************************************  
  28:.\Generated_Source\PSoC5/ADC_Voltage_Target_PM.c **** * Function Name: ADC_Voltage_Target_SaveConfig
  29:.\Generated_Source\PSoC5/ADC_Voltage_Target_PM.c **** ********************************************************************************
  30:.\Generated_Source\PSoC5/ADC_Voltage_Target_PM.c **** *
  31:.\Generated_Source\PSoC5/ADC_Voltage_Target_PM.c **** * Summary:
  32:.\Generated_Source\PSoC5/ADC_Voltage_Target_PM.c **** *  Save the register configuration which are not retention.
  33:.\Generated_Source\PSoC5/ADC_Voltage_Target_PM.c **** * 
  34:.\Generated_Source\PSoC5/ADC_Voltage_Target_PM.c **** * Parameters:
  35:.\Generated_Source\PSoC5/ADC_Voltage_Target_PM.c **** *  void
  36:.\Generated_Source\PSoC5/ADC_Voltage_Target_PM.c **** * 
  37:.\Generated_Source\PSoC5/ADC_Voltage_Target_PM.c **** * Return:
  38:.\Generated_Source\PSoC5/ADC_Voltage_Target_PM.c **** *  void
  39:.\Generated_Source\PSoC5/ADC_Voltage_Target_PM.c **** *
  40:.\Generated_Source\PSoC5/ADC_Voltage_Target_PM.c **** * Global variables:
  41:.\Generated_Source\PSoC5/ADC_Voltage_Target_PM.c **** *  ADC_Voltage_Target_backup:  This global structure variable is used to store 
  42:.\Generated_Source\PSoC5/ADC_Voltage_Target_PM.c **** *  configuration registers which are non retention whenever user wants to go 
  43:.\Generated_Source\PSoC5/ADC_Voltage_Target_PM.c **** *  sleep mode by calling Sleep() API.
  44:.\Generated_Source\PSoC5/ADC_Voltage_Target_PM.c **** *
  45:.\Generated_Source\PSoC5/ADC_Voltage_Target_PM.c **** *******************************************************************************/
  46:.\Generated_Source\PSoC5/ADC_Voltage_Target_PM.c **** void ADC_Voltage_Target_SaveConfig(void) 
  47:.\Generated_Source\PSoC5/ADC_Voltage_Target_PM.c **** {
  32              		.loc 1 47 0
  33              		.cfi_startproc
  34              		@ args = 0, pretend = 0, frame = 0
  35              		@ frame_needed = 0, uses_anonymous_args = 0
  36              		@ link register save eliminated.
  48:.\Generated_Source\PSoC5/ADC_Voltage_Target_PM.c ****     ADC_Voltage_Target_backup.deccr = ADC_Voltage_Target_DEC_CR_REG;
  37              		.loc 1 48 0
  38 0000 024B     		ldr	r3, .L3
  39 0002 1A78     		ldrb	r2, [r3, #0]	@ zero_extendqisi2
  40 0004 024B     		ldr	r3, .L3+4
  41 0006 5A70     		strb	r2, [r3, #1]
  49:.\Generated_Source\PSoC5/ADC_Voltage_Target_PM.c **** }
  42              		.loc 1 49 0
  43 0008 7047     		bx	lr
  44              	.L4:
  45 000a 00BF     		.align	2
  46              	.L3:
  47 000c 004E0040 		.word	1073761792
  48 0010 00000000 		.word	.LANCHOR0
  49              		.cfi_endproc
  50              	.LFE0:
  51              		.size	ADC_Voltage_Target_SaveConfig, .-ADC_Voltage_Target_SaveConfig
  52              		.section	.text.ADC_Voltage_Target_RestoreConfig,"ax",%progbits
  53              		.align	1
  54              		.global	ADC_Voltage_Target_RestoreConfig
  55              		.thumb
  56              		.thumb_func
  57              		.type	ADC_Voltage_Target_RestoreConfig, %function
  58              	ADC_Voltage_Target_RestoreConfig:
  59              	.LFB1:
  50:.\Generated_Source\PSoC5/ADC_Voltage_Target_PM.c **** 
  51:.\Generated_Source\PSoC5/ADC_Voltage_Target_PM.c **** 
ARM GAS  C:\DOCUME~1\ADMINI~1\LOCALS~1\Temp\ccBTUq2a.s 			page 3


  52:.\Generated_Source\PSoC5/ADC_Voltage_Target_PM.c **** /*******************************************************************************  
  53:.\Generated_Source\PSoC5/ADC_Voltage_Target_PM.c **** * Function Name: ADC_Voltage_Target_RestoreConfig
  54:.\Generated_Source\PSoC5/ADC_Voltage_Target_PM.c **** ********************************************************************************
  55:.\Generated_Source\PSoC5/ADC_Voltage_Target_PM.c **** *
  56:.\Generated_Source\PSoC5/ADC_Voltage_Target_PM.c **** * Summary:
  57:.\Generated_Source\PSoC5/ADC_Voltage_Target_PM.c **** *  Restore the register configurations which are not retention.
  58:.\Generated_Source\PSoC5/ADC_Voltage_Target_PM.c **** * 
  59:.\Generated_Source\PSoC5/ADC_Voltage_Target_PM.c **** * Parameters:
  60:.\Generated_Source\PSoC5/ADC_Voltage_Target_PM.c **** *  void
  61:.\Generated_Source\PSoC5/ADC_Voltage_Target_PM.c **** * 
  62:.\Generated_Source\PSoC5/ADC_Voltage_Target_PM.c **** * Return:
  63:.\Generated_Source\PSoC5/ADC_Voltage_Target_PM.c **** *  void
  64:.\Generated_Source\PSoC5/ADC_Voltage_Target_PM.c **** *
  65:.\Generated_Source\PSoC5/ADC_Voltage_Target_PM.c **** * Global variables:
  66:.\Generated_Source\PSoC5/ADC_Voltage_Target_PM.c **** *  ADC_Voltage_Target_backup:  This global structure variable is used to restore 
  67:.\Generated_Source\PSoC5/ADC_Voltage_Target_PM.c **** *  configuration registers which are non retention whenever user wants to switch 
  68:.\Generated_Source\PSoC5/ADC_Voltage_Target_PM.c **** *  to active power mode by calling Wakeup() API.
  69:.\Generated_Source\PSoC5/ADC_Voltage_Target_PM.c **** *
  70:.\Generated_Source\PSoC5/ADC_Voltage_Target_PM.c **** *******************************************************************************/
  71:.\Generated_Source\PSoC5/ADC_Voltage_Target_PM.c **** void ADC_Voltage_Target_RestoreConfig(void) 
  72:.\Generated_Source\PSoC5/ADC_Voltage_Target_PM.c **** {
  60              		.loc 1 72 0
  61              		.cfi_startproc
  62              		@ args = 0, pretend = 0, frame = 0
  63              		@ frame_needed = 0, uses_anonymous_args = 0
  64              		@ link register save eliminated.
  73:.\Generated_Source\PSoC5/ADC_Voltage_Target_PM.c ****     ADC_Voltage_Target_DEC_CR_REG = ADC_Voltage_Target_backup.deccr;
  65              		.loc 1 73 0
  66 0000 024B     		ldr	r3, .L7
  67 0002 5A78     		ldrb	r2, [r3, #1]	@ zero_extendqisi2
  68 0004 024B     		ldr	r3, .L7+4
  69 0006 1A70     		strb	r2, [r3, #0]
  74:.\Generated_Source\PSoC5/ADC_Voltage_Target_PM.c **** }
  70              		.loc 1 74 0
  71 0008 7047     		bx	lr
  72              	.L8:
  73 000a 00BF     		.align	2
  74              	.L7:
  75 000c 00000000 		.word	.LANCHOR0
  76 0010 004E0040 		.word	1073761792
  77              		.cfi_endproc
  78              	.LFE1:
  79              		.size	ADC_Voltage_Target_RestoreConfig, .-ADC_Voltage_Target_RestoreConfig
  80              		.section	.text.ADC_Voltage_Target_Wakeup,"ax",%progbits
  81              		.align	1
  82              		.global	ADC_Voltage_Target_Wakeup
  83              		.thumb
  84              		.thumb_func
  85              		.type	ADC_Voltage_Target_Wakeup, %function
  86              	ADC_Voltage_Target_Wakeup:
  87              	.LFB3:
  75:.\Generated_Source\PSoC5/ADC_Voltage_Target_PM.c **** 
  76:.\Generated_Source\PSoC5/ADC_Voltage_Target_PM.c **** 
  77:.\Generated_Source\PSoC5/ADC_Voltage_Target_PM.c **** /******************************************************************************* 
  78:.\Generated_Source\PSoC5/ADC_Voltage_Target_PM.c **** * Function Name: ADC_Voltage_Target_Sleep
  79:.\Generated_Source\PSoC5/ADC_Voltage_Target_PM.c **** ********************************************************************************
  80:.\Generated_Source\PSoC5/ADC_Voltage_Target_PM.c **** *
ARM GAS  C:\DOCUME~1\ADMINI~1\LOCALS~1\Temp\ccBTUq2a.s 			page 4


  81:.\Generated_Source\PSoC5/ADC_Voltage_Target_PM.c **** * Summary:
  82:.\Generated_Source\PSoC5/ADC_Voltage_Target_PM.c **** *  Stops the operation of the block and saves the user configuration. 
  83:.\Generated_Source\PSoC5/ADC_Voltage_Target_PM.c **** *  
  84:.\Generated_Source\PSoC5/ADC_Voltage_Target_PM.c **** * Parameters:  
  85:.\Generated_Source\PSoC5/ADC_Voltage_Target_PM.c **** *  void
  86:.\Generated_Source\PSoC5/ADC_Voltage_Target_PM.c **** *
  87:.\Generated_Source\PSoC5/ADC_Voltage_Target_PM.c **** * Return: 
  88:.\Generated_Source\PSoC5/ADC_Voltage_Target_PM.c **** *  void
  89:.\Generated_Source\PSoC5/ADC_Voltage_Target_PM.c **** *
  90:.\Generated_Source\PSoC5/ADC_Voltage_Target_PM.c **** * Global variables:
  91:.\Generated_Source\PSoC5/ADC_Voltage_Target_PM.c **** *  ADC_Voltage_Target_backup:  The structure field 'enableState' is modified 
  92:.\Generated_Source\PSoC5/ADC_Voltage_Target_PM.c **** *  depending on the enable state of the block before entering to sleep mode.
  93:.\Generated_Source\PSoC5/ADC_Voltage_Target_PM.c **** *
  94:.\Generated_Source\PSoC5/ADC_Voltage_Target_PM.c **** *******************************************************************************/
  95:.\Generated_Source\PSoC5/ADC_Voltage_Target_PM.c **** void ADC_Voltage_Target_Sleep(void) 
  96:.\Generated_Source\PSoC5/ADC_Voltage_Target_PM.c **** {
  97:.\Generated_Source\PSoC5/ADC_Voltage_Target_PM.c ****     /* Save ADC enable state */
  98:.\Generated_Source\PSoC5/ADC_Voltage_Target_PM.c ****     if((ADC_Voltage_Target_ACT_PWR_DEC_EN == (ADC_Voltage_Target_PWRMGR_DEC_REG & ADC_Voltage_Targe
  99:.\Generated_Source\PSoC5/ADC_Voltage_Target_PM.c ****        (ADC_Voltage_Target_ACT_PWR_DSM_EN == (ADC_Voltage_Target_PWRMGR_DSM_REG & ADC_Voltage_Targe
 100:.\Generated_Source\PSoC5/ADC_Voltage_Target_PM.c ****     {
 101:.\Generated_Source\PSoC5/ADC_Voltage_Target_PM.c ****         /* Component is enabled */
 102:.\Generated_Source\PSoC5/ADC_Voltage_Target_PM.c ****         ADC_Voltage_Target_backup.enableState = ADC_Voltage_Target_ENABLED;
 103:.\Generated_Source\PSoC5/ADC_Voltage_Target_PM.c ****     }
 104:.\Generated_Source\PSoC5/ADC_Voltage_Target_PM.c ****     else
 105:.\Generated_Source\PSoC5/ADC_Voltage_Target_PM.c ****     {
 106:.\Generated_Source\PSoC5/ADC_Voltage_Target_PM.c ****         /* Component is disabled */
 107:.\Generated_Source\PSoC5/ADC_Voltage_Target_PM.c ****         ADC_Voltage_Target_backup.enableState = ADC_Voltage_Target_DISABLED;
 108:.\Generated_Source\PSoC5/ADC_Voltage_Target_PM.c ****     }
 109:.\Generated_Source\PSoC5/ADC_Voltage_Target_PM.c **** 
 110:.\Generated_Source\PSoC5/ADC_Voltage_Target_PM.c ****     /* Stop the configuration */
 111:.\Generated_Source\PSoC5/ADC_Voltage_Target_PM.c ****     ADC_Voltage_Target_Stop();
 112:.\Generated_Source\PSoC5/ADC_Voltage_Target_PM.c **** 
 113:.\Generated_Source\PSoC5/ADC_Voltage_Target_PM.c ****     /* Save the user configuration */
 114:.\Generated_Source\PSoC5/ADC_Voltage_Target_PM.c ****     ADC_Voltage_Target_SaveConfig();
 115:.\Generated_Source\PSoC5/ADC_Voltage_Target_PM.c **** }
 116:.\Generated_Source\PSoC5/ADC_Voltage_Target_PM.c **** 
 117:.\Generated_Source\PSoC5/ADC_Voltage_Target_PM.c **** 
 118:.\Generated_Source\PSoC5/ADC_Voltage_Target_PM.c **** /******************************************************************************* 
 119:.\Generated_Source\PSoC5/ADC_Voltage_Target_PM.c **** * Function Name: ADC_Voltage_Target_Wakeup
 120:.\Generated_Source\PSoC5/ADC_Voltage_Target_PM.c **** ********************************************************************************
 121:.\Generated_Source\PSoC5/ADC_Voltage_Target_PM.c **** *
 122:.\Generated_Source\PSoC5/ADC_Voltage_Target_PM.c **** * Summary:
 123:.\Generated_Source\PSoC5/ADC_Voltage_Target_PM.c **** *  Restores the user configuration and enables the power to the block.
 124:.\Generated_Source\PSoC5/ADC_Voltage_Target_PM.c **** *  
 125:.\Generated_Source\PSoC5/ADC_Voltage_Target_PM.c **** * Parameters:  
 126:.\Generated_Source\PSoC5/ADC_Voltage_Target_PM.c **** *  void
 127:.\Generated_Source\PSoC5/ADC_Voltage_Target_PM.c **** *
 128:.\Generated_Source\PSoC5/ADC_Voltage_Target_PM.c **** * Return: 
 129:.\Generated_Source\PSoC5/ADC_Voltage_Target_PM.c **** *  void
 130:.\Generated_Source\PSoC5/ADC_Voltage_Target_PM.c **** *
 131:.\Generated_Source\PSoC5/ADC_Voltage_Target_PM.c **** * Global variables:
 132:.\Generated_Source\PSoC5/ADC_Voltage_Target_PM.c **** *  ADC_Voltage_Target_backup:  The structure field 'enableState' is used to 
 133:.\Generated_Source\PSoC5/ADC_Voltage_Target_PM.c **** *  restore the enable state of block after wakeup from sleep mode.
 134:.\Generated_Source\PSoC5/ADC_Voltage_Target_PM.c **** *
 135:.\Generated_Source\PSoC5/ADC_Voltage_Target_PM.c **** *******************************************************************************/
 136:.\Generated_Source\PSoC5/ADC_Voltage_Target_PM.c **** void ADC_Voltage_Target_Wakeup(void) 
 137:.\Generated_Source\PSoC5/ADC_Voltage_Target_PM.c **** {
ARM GAS  C:\DOCUME~1\ADMINI~1\LOCALS~1\Temp\ccBTUq2a.s 			page 5


  88              		.loc 1 137 0
  89              		.cfi_startproc
  90              		@ args = 0, pretend = 0, frame = 0
  91              		@ frame_needed = 0, uses_anonymous_args = 0
  92 0000 10B5     		push	{r4, lr}
  93              	.LCFI0:
  94              		.cfi_def_cfa_offset 8
 138:.\Generated_Source\PSoC5/ADC_Voltage_Target_PM.c ****     /* Restore the configuration */
 139:.\Generated_Source\PSoC5/ADC_Voltage_Target_PM.c ****     ADC_Voltage_Target_RestoreConfig();
  95              		.loc 1 139 0
  96              		.cfi_offset 14, -4
  97              		.cfi_offset 4, -8
  98 0002 FFF7FEFF 		bl	ADC_Voltage_Target_RestoreConfig
 140:.\Generated_Source\PSoC5/ADC_Voltage_Target_PM.c **** 
 141:.\Generated_Source\PSoC5/ADC_Voltage_Target_PM.c ****     /* Enable's the component operation */
 142:.\Generated_Source\PSoC5/ADC_Voltage_Target_PM.c ****     if(ADC_Voltage_Target_backup.enableState == ADC_Voltage_Target_ENABLED)
  99              		.loc 1 142 0
 100 0006 084B     		ldr	r3, .L13
 101 0008 1B78     		ldrb	r3, [r3, #0]	@ zero_extendqisi2
 102 000a 012B     		cmp	r3, #1
 103 000c 0AD1     		bne	.L11
 143:.\Generated_Source\PSoC5/ADC_Voltage_Target_PM.c ****     {
 144:.\Generated_Source\PSoC5/ADC_Voltage_Target_PM.c ****         ADC_Voltage_Target_Enable();
 104              		.loc 1 144 0
 105 000e FFF7FEFF 		bl	ADC_Voltage_Target_Enable
 145:.\Generated_Source\PSoC5/ADC_Voltage_Target_PM.c **** 
 146:.\Generated_Source\PSoC5/ADC_Voltage_Target_PM.c ****         /* Start the conversion only if conversion is not triggered by the hardware */
 147:.\Generated_Source\PSoC5/ADC_Voltage_Target_PM.c ****         if(!(ADC_Voltage_Target_DEC_CR_REG & ADC_Voltage_Target_DEC_XSTART_EN))
 106              		.loc 1 147 0
 107 0012 064B     		ldr	r3, .L13+4
 108 0014 1B78     		ldrb	r3, [r3, #0]	@ zero_extendqisi2
 109 0016 13F0020F 		tst	r3, #2
 110 001a 03D1     		bne	.L11
 148:.\Generated_Source\PSoC5/ADC_Voltage_Target_PM.c ****         {
 149:.\Generated_Source\PSoC5/ADC_Voltage_Target_PM.c ****             ADC_Voltage_Target_StartConvert();
 150:.\Generated_Source\PSoC5/ADC_Voltage_Target_PM.c ****         }
 151:.\Generated_Source\PSoC5/ADC_Voltage_Target_PM.c **** 
 152:.\Generated_Source\PSoC5/ADC_Voltage_Target_PM.c ****     } /* Do nothing if component was disable before */
 153:.\Generated_Source\PSoC5/ADC_Voltage_Target_PM.c **** }
 111              		.loc 1 153 0
 112 001c BDE81040 		pop	{r4, lr}
 113              		.loc 1 149 0
 114 0020 FFF7FEBF 		b	ADC_Voltage_Target_StartConvert
 115              	.L11:
 116 0024 10BD     		pop	{r4, pc}
 117              	.L14:
 118 0026 00BF     		.align	2
 119              	.L13:
 120 0028 00000000 		.word	.LANCHOR0
 121 002c 004E0040 		.word	1073761792
 122              		.cfi_endproc
 123              	.LFE3:
 124              		.size	ADC_Voltage_Target_Wakeup, .-ADC_Voltage_Target_Wakeup
 125              		.section	.text.ADC_Voltage_Target_Sleep,"ax",%progbits
 126              		.align	1
 127              		.global	ADC_Voltage_Target_Sleep
 128              		.thumb
ARM GAS  C:\DOCUME~1\ADMINI~1\LOCALS~1\Temp\ccBTUq2a.s 			page 6


 129              		.thumb_func
 130              		.type	ADC_Voltage_Target_Sleep, %function
 131              	ADC_Voltage_Target_Sleep:
 132              	.LFB2:
 133              		.loc 1 96 0
 134              		.cfi_startproc
 135              		@ args = 0, pretend = 0, frame = 0
 136              		@ frame_needed = 0, uses_anonymous_args = 0
 137 0000 10B5     		push	{r4, lr}
 138              	.LCFI1:
 139              		.cfi_def_cfa_offset 8
 140              		.loc 1 98 0
 141 0002 0A4B     		ldr	r3, .L20
 142 0004 1A78     		ldrb	r2, [r3, #0]	@ zero_extendqisi2
 143 0006 12F0010F 		tst	r2, #1
 144 000a 05D0     		beq	.L16
 145              		.cfi_offset 14, -4
 146              		.cfi_offset 4, -8
 147              		.loc 1 99 0
 148 000c 1B78     		ldrb	r3, [r3, #0]	@ zero_extendqisi2
 149              		.loc 1 98 0
 150 000e 13F0100F 		tst	r3, #16
 151 0012 01D0     		beq	.L16
 152              		.loc 1 102 0
 153 0014 0122     		movs	r2, #1
 154 0016 00E0     		b	.L19
 155              	.L16:
 156              		.loc 1 107 0
 157 0018 0022     		movs	r2, #0
 158              	.L19:
 159 001a 054B     		ldr	r3, .L20+4
 160 001c 1A70     		strb	r2, [r3, #0]
 161              		.loc 1 111 0
 162 001e FFF7FEFF 		bl	ADC_Voltage_Target_Stop
 163              		.loc 1 115 0
 164 0022 BDE81040 		pop	{r4, lr}
 165              		.loc 1 114 0
 166 0026 FFF7FEBF 		b	ADC_Voltage_Target_SaveConfig
 167              	.L21:
 168 002a 00BF     		.align	2
 169              	.L20:
 170 002c AA430040 		.word	1073759146
 171 0030 00000000 		.word	.LANCHOR0
 172              		.cfi_endproc
 173              	.LFE2:
 174              		.size	ADC_Voltage_Target_Sleep, .-ADC_Voltage_Target_Sleep
 175              		.data
 176              		.align	2
 177              		.set	.LANCHOR0,. + 0
 178              		.type	ADC_Voltage_Target_backup, %object
 179              		.size	ADC_Voltage_Target_backup, 2
 180              	ADC_Voltage_Target_backup:
 181 0000 00       		.byte	0
 182 0001 38       		.byte	56
 183 0002 0000     		.text
 184              	.Letext0:
 185              		.section	.debug_loc,"",%progbits
ARM GAS  C:\DOCUME~1\ADMINI~1\LOCALS~1\Temp\ccBTUq2a.s 			page 7


 186              	.Ldebug_loc0:
 187              	.LLST2:
 188 0000 00000000 		.4byte	.LFB3
 189 0004 02000000 		.4byte	.LCFI0
 190 0008 0100     		.2byte	0x1
 191 000a 5D       		.byte	0x5d
 192 000b 02000000 		.4byte	.LCFI0
 193 000f 30000000 		.4byte	.LFE3
 194 0013 0200     		.2byte	0x2
 195 0015 7D       		.byte	0x7d
 196 0016 08       		.sleb128 8
 197 0017 00000000 		.4byte	0x0
 198 001b 00000000 		.4byte	0x0
 199              	.LLST3:
 200 001f 00000000 		.4byte	.LFB2
 201 0023 02000000 		.4byte	.LCFI1
 202 0027 0100     		.2byte	0x1
 203 0029 5D       		.byte	0x5d
 204 002a 02000000 		.4byte	.LCFI1
 205 002e 34000000 		.4byte	.LFE2
 206 0032 0200     		.2byte	0x2
 207 0034 7D       		.byte	0x7d
 208 0035 08       		.sleb128 8
 209 0036 00000000 		.4byte	0x0
 210 003a 00000000 		.4byte	0x0
 211              		.file 2 ".\\Generated_Source\\PSoC5\\/ADC_Voltage_Target.h"
 212              		.file 3 ".\\Generated_Source\\PSoC5\\/cytypes.h"
 213              		.section	.debug_info
 214 0000 24010000 		.4byte	0x124
 215 0004 0200     		.2byte	0x2
 216 0006 00000000 		.4byte	.Ldebug_abbrev0
 217 000a 04       		.byte	0x4
 218 000b 01       		.uleb128 0x1
 219 000c 55010000 		.4byte	.LASF20
 220 0010 01       		.byte	0x1
 221 0011 C5010000 		.4byte	.LASF21
 222 0015 59000000 		.4byte	.LASF22
 223 0019 00000000 		.4byte	0x0
 224 001d 00000000 		.4byte	0x0
 225 0021 00000000 		.4byte	.Ldebug_ranges0+0x0
 226 0025 00000000 		.4byte	.Ldebug_line0
 227 0029 02       		.uleb128 0x2
 228 002a 01       		.byte	0x1
 229 002b 06       		.byte	0x6
 230 002c 74010000 		.4byte	.LASF0
 231 0030 02       		.uleb128 0x2
 232 0031 01       		.byte	0x1
 233 0032 08       		.byte	0x8
 234 0033 E9000000 		.4byte	.LASF1
 235 0037 02       		.uleb128 0x2
 236 0038 02       		.byte	0x2
 237 0039 05       		.byte	0x5
 238 003a 05010000 		.4byte	.LASF2
 239 003e 02       		.uleb128 0x2
 240 003f 02       		.byte	0x2
 241 0040 07       		.byte	0x7
 242 0041 61010000 		.4byte	.LASF3
ARM GAS  C:\DOCUME~1\ADMINI~1\LOCALS~1\Temp\ccBTUq2a.s 			page 8


 243 0045 02       		.uleb128 0x2
 244 0046 04       		.byte	0x4
 245 0047 05       		.byte	0x5
 246 0048 FC000000 		.4byte	.LASF4
 247 004c 02       		.uleb128 0x2
 248 004d 04       		.byte	0x4
 249 004e 07       		.byte	0x7
 250 004f 47000000 		.4byte	.LASF5
 251 0053 02       		.uleb128 0x2
 252 0054 08       		.byte	0x8
 253 0055 05       		.byte	0x5
 254 0056 00000000 		.4byte	.LASF6
 255 005a 02       		.uleb128 0x2
 256 005b 08       		.byte	0x8
 257 005c 07       		.byte	0x7
 258 005d D2000000 		.4byte	.LASF7
 259 0061 03       		.uleb128 0x3
 260 0062 04       		.byte	0x4
 261 0063 05       		.byte	0x5
 262 0064 696E7400 		.ascii	"int\000"
 263 0068 02       		.uleb128 0x2
 264 0069 04       		.byte	0x4
 265 006a 07       		.byte	0x7
 266 006b 1A000000 		.4byte	.LASF8
 267 006f 04       		.uleb128 0x4
 268 0070 41000000 		.4byte	.LASF14
 269 0074 03       		.byte	0x3
 270 0075 4C       		.byte	0x4c
 271 0076 30000000 		.4byte	0x30
 272 007a 02       		.uleb128 0x2
 273 007b 04       		.byte	0x4
 274 007c 04       		.byte	0x4
 275 007d A6010000 		.4byte	.LASF9
 276 0081 02       		.uleb128 0x2
 277 0082 08       		.byte	0x8
 278 0083 04       		.byte	0x4
 279 0084 2D010000 		.4byte	.LASF10
 280 0088 02       		.uleb128 0x2
 281 0089 01       		.byte	0x1
 282 008a 08       		.byte	0x8
 283 008b F7000000 		.4byte	.LASF11
 284 008f 05       		.uleb128 0x5
 285 0090 04       		.byte	0x4
 286 0091 07       		.byte	0x7
 287 0092 06       		.uleb128 0x6
 288 0093 86010000 		.4byte	.LASF23
 289 0097 02       		.byte	0x2
 290 0098 02       		.byte	0x2
 291 0099 27       		.byte	0x27
 292 009a BB000000 		.4byte	0xbb
 293 009e 07       		.uleb128 0x7
 294 009f 0E000000 		.4byte	.LASF12
 295 00a3 02       		.byte	0x2
 296 00a4 28       		.byte	0x28
 297 00a5 6F000000 		.4byte	0x6f
 298 00a9 02       		.byte	0x2
 299 00aa 23       		.byte	0x23
ARM GAS  C:\DOCUME~1\ADMINI~1\LOCALS~1\Temp\ccBTUq2a.s 			page 9


 300 00ab 00       		.uleb128 0x0
 301 00ac 07       		.uleb128 0x7
 302 00ad 80010000 		.4byte	.LASF13
 303 00b1 02       		.byte	0x2
 304 00b2 29       		.byte	0x29
 305 00b3 6F000000 		.4byte	0x6f
 306 00b7 02       		.byte	0x2
 307 00b8 23       		.byte	0x23
 308 00b9 01       		.uleb128 0x1
 309 00ba 00       		.byte	0x0
 310 00bb 04       		.uleb128 0x4
 311 00bc 34010000 		.4byte	.LASF15
 312 00c0 02       		.byte	0x2
 313 00c1 2A       		.byte	0x2a
 314 00c2 92000000 		.4byte	0x92
 315 00c6 08       		.uleb128 0x8
 316 00c7 01       		.byte	0x1
 317 00c8 0F010000 		.4byte	.LASF16
 318 00cc 01       		.byte	0x1
 319 00cd 2E       		.byte	0x2e
 320 00ce 01       		.byte	0x1
 321 00cf 00000000 		.4byte	.LFB0
 322 00d3 14000000 		.4byte	.LFE0
 323 00d7 01       		.byte	0x1
 324 00d8 5D       		.byte	0x5d
 325 00d9 08       		.uleb128 0x8
 326 00da 01       		.byte	0x1
 327 00db 97000000 		.4byte	.LASF17
 328 00df 01       		.byte	0x1
 329 00e0 47       		.byte	0x47
 330 00e1 01       		.byte	0x1
 331 00e2 00000000 		.4byte	.LFB1
 332 00e6 14000000 		.4byte	.LFE1
 333 00ea 01       		.byte	0x1
 334 00eb 5D       		.byte	0x5d
 335 00ec 09       		.uleb128 0x9
 336 00ed 01       		.byte	0x1
 337 00ee B8000000 		.4byte	.LASF18
 338 00f2 01       		.byte	0x1
 339 00f3 88       		.byte	0x88
 340 00f4 01       		.byte	0x1
 341 00f5 00000000 		.4byte	.LFB3
 342 00f9 30000000 		.4byte	.LFE3
 343 00fd 00000000 		.4byte	.LLST2
 344 0101 09       		.uleb128 0x9
 345 0102 01       		.byte	0x1
 346 0103 AC010000 		.4byte	.LASF19
 347 0107 01       		.byte	0x1
 348 0108 5F       		.byte	0x5f
 349 0109 01       		.byte	0x1
 350 010a 00000000 		.4byte	.LFB2
 351 010e 34000000 		.4byte	.LFE2
 352 0112 1F000000 		.4byte	.LLST3
 353 0116 0A       		.uleb128 0xa
 354 0117 27000000 		.4byte	.LASF24
 355 011b 01       		.byte	0x1
 356 011c 14       		.byte	0x14
ARM GAS  C:\DOCUME~1\ADMINI~1\LOCALS~1\Temp\ccBTUq2a.s 			page 10


 357 011d BB000000 		.4byte	0xbb
 358 0121 05       		.byte	0x5
 359 0122 03       		.byte	0x3
 360 0123 00000000 		.4byte	ADC_Voltage_Target_backup
 361 0127 00       		.byte	0x0
 362              		.section	.debug_abbrev
 363 0000 01       		.uleb128 0x1
 364 0001 11       		.uleb128 0x11
 365 0002 01       		.byte	0x1
 366 0003 25       		.uleb128 0x25
 367 0004 0E       		.uleb128 0xe
 368 0005 13       		.uleb128 0x13
 369 0006 0B       		.uleb128 0xb
 370 0007 03       		.uleb128 0x3
 371 0008 0E       		.uleb128 0xe
 372 0009 1B       		.uleb128 0x1b
 373 000a 0E       		.uleb128 0xe
 374 000b 11       		.uleb128 0x11
 375 000c 01       		.uleb128 0x1
 376 000d 52       		.uleb128 0x52
 377 000e 01       		.uleb128 0x1
 378 000f 55       		.uleb128 0x55
 379 0010 06       		.uleb128 0x6
 380 0011 10       		.uleb128 0x10
 381 0012 06       		.uleb128 0x6
 382 0013 00       		.byte	0x0
 383 0014 00       		.byte	0x0
 384 0015 02       		.uleb128 0x2
 385 0016 24       		.uleb128 0x24
 386 0017 00       		.byte	0x0
 387 0018 0B       		.uleb128 0xb
 388 0019 0B       		.uleb128 0xb
 389 001a 3E       		.uleb128 0x3e
 390 001b 0B       		.uleb128 0xb
 391 001c 03       		.uleb128 0x3
 392 001d 0E       		.uleb128 0xe
 393 001e 00       		.byte	0x0
 394 001f 00       		.byte	0x0
 395 0020 03       		.uleb128 0x3
 396 0021 24       		.uleb128 0x24
 397 0022 00       		.byte	0x0
 398 0023 0B       		.uleb128 0xb
 399 0024 0B       		.uleb128 0xb
 400 0025 3E       		.uleb128 0x3e
 401 0026 0B       		.uleb128 0xb
 402 0027 03       		.uleb128 0x3
 403 0028 08       		.uleb128 0x8
 404 0029 00       		.byte	0x0
 405 002a 00       		.byte	0x0
 406 002b 04       		.uleb128 0x4
 407 002c 16       		.uleb128 0x16
 408 002d 00       		.byte	0x0
 409 002e 03       		.uleb128 0x3
 410 002f 0E       		.uleb128 0xe
 411 0030 3A       		.uleb128 0x3a
 412 0031 0B       		.uleb128 0xb
 413 0032 3B       		.uleb128 0x3b
ARM GAS  C:\DOCUME~1\ADMINI~1\LOCALS~1\Temp\ccBTUq2a.s 			page 11


 414 0033 0B       		.uleb128 0xb
 415 0034 49       		.uleb128 0x49
 416 0035 13       		.uleb128 0x13
 417 0036 00       		.byte	0x0
 418 0037 00       		.byte	0x0
 419 0038 05       		.uleb128 0x5
 420 0039 24       		.uleb128 0x24
 421 003a 00       		.byte	0x0
 422 003b 0B       		.uleb128 0xb
 423 003c 0B       		.uleb128 0xb
 424 003d 3E       		.uleb128 0x3e
 425 003e 0B       		.uleb128 0xb
 426 003f 00       		.byte	0x0
 427 0040 00       		.byte	0x0
 428 0041 06       		.uleb128 0x6
 429 0042 13       		.uleb128 0x13
 430 0043 01       		.byte	0x1
 431 0044 03       		.uleb128 0x3
 432 0045 0E       		.uleb128 0xe
 433 0046 0B       		.uleb128 0xb
 434 0047 0B       		.uleb128 0xb
 435 0048 3A       		.uleb128 0x3a
 436 0049 0B       		.uleb128 0xb
 437 004a 3B       		.uleb128 0x3b
 438 004b 0B       		.uleb128 0xb
 439 004c 01       		.uleb128 0x1
 440 004d 13       		.uleb128 0x13
 441 004e 00       		.byte	0x0
 442 004f 00       		.byte	0x0
 443 0050 07       		.uleb128 0x7
 444 0051 0D       		.uleb128 0xd
 445 0052 00       		.byte	0x0
 446 0053 03       		.uleb128 0x3
 447 0054 0E       		.uleb128 0xe
 448 0055 3A       		.uleb128 0x3a
 449 0056 0B       		.uleb128 0xb
 450 0057 3B       		.uleb128 0x3b
 451 0058 0B       		.uleb128 0xb
 452 0059 49       		.uleb128 0x49
 453 005a 13       		.uleb128 0x13
 454 005b 38       		.uleb128 0x38
 455 005c 0A       		.uleb128 0xa
 456 005d 00       		.byte	0x0
 457 005e 00       		.byte	0x0
 458 005f 08       		.uleb128 0x8
 459 0060 2E       		.uleb128 0x2e
 460 0061 00       		.byte	0x0
 461 0062 3F       		.uleb128 0x3f
 462 0063 0C       		.uleb128 0xc
 463 0064 03       		.uleb128 0x3
 464 0065 0E       		.uleb128 0xe
 465 0066 3A       		.uleb128 0x3a
 466 0067 0B       		.uleb128 0xb
 467 0068 3B       		.uleb128 0x3b
 468 0069 0B       		.uleb128 0xb
 469 006a 27       		.uleb128 0x27
 470 006b 0C       		.uleb128 0xc
ARM GAS  C:\DOCUME~1\ADMINI~1\LOCALS~1\Temp\ccBTUq2a.s 			page 12


 471 006c 11       		.uleb128 0x11
 472 006d 01       		.uleb128 0x1
 473 006e 12       		.uleb128 0x12
 474 006f 01       		.uleb128 0x1
 475 0070 40       		.uleb128 0x40
 476 0071 0A       		.uleb128 0xa
 477 0072 00       		.byte	0x0
 478 0073 00       		.byte	0x0
 479 0074 09       		.uleb128 0x9
 480 0075 2E       		.uleb128 0x2e
 481 0076 00       		.byte	0x0
 482 0077 3F       		.uleb128 0x3f
 483 0078 0C       		.uleb128 0xc
 484 0079 03       		.uleb128 0x3
 485 007a 0E       		.uleb128 0xe
 486 007b 3A       		.uleb128 0x3a
 487 007c 0B       		.uleb128 0xb
 488 007d 3B       		.uleb128 0x3b
 489 007e 0B       		.uleb128 0xb
 490 007f 27       		.uleb128 0x27
 491 0080 0C       		.uleb128 0xc
 492 0081 11       		.uleb128 0x11
 493 0082 01       		.uleb128 0x1
 494 0083 12       		.uleb128 0x12
 495 0084 01       		.uleb128 0x1
 496 0085 40       		.uleb128 0x40
 497 0086 06       		.uleb128 0x6
 498 0087 00       		.byte	0x0
 499 0088 00       		.byte	0x0
 500 0089 0A       		.uleb128 0xa
 501 008a 34       		.uleb128 0x34
 502 008b 00       		.byte	0x0
 503 008c 03       		.uleb128 0x3
 504 008d 0E       		.uleb128 0xe
 505 008e 3A       		.uleb128 0x3a
 506 008f 0B       		.uleb128 0xb
 507 0090 3B       		.uleb128 0x3b
 508 0091 0B       		.uleb128 0xb
 509 0092 49       		.uleb128 0x49
 510 0093 13       		.uleb128 0x13
 511 0094 02       		.uleb128 0x2
 512 0095 0A       		.uleb128 0xa
 513 0096 00       		.byte	0x0
 514 0097 00       		.byte	0x0
 515 0098 00       		.byte	0x0
 516              		.section	.debug_pubnames,"",%progbits
 517 0000 90000000 		.4byte	0x90
 518 0004 0200     		.2byte	0x2
 519 0006 00000000 		.4byte	.Ldebug_info0
 520 000a 28010000 		.4byte	0x128
 521 000e C6000000 		.4byte	0xc6
 522 0012 4144435F 		.ascii	"ADC_Voltage_Target_SaveConfig\000"
 522      566F6C74 
 522      6167655F 
 522      54617267 
 522      65745F53 
 523 0030 D9000000 		.4byte	0xd9
ARM GAS  C:\DOCUME~1\ADMINI~1\LOCALS~1\Temp\ccBTUq2a.s 			page 13


 524 0034 4144435F 		.ascii	"ADC_Voltage_Target_RestoreConfig\000"
 524      566F6C74 
 524      6167655F 
 524      54617267 
 524      65745F52 
 525 0055 EC000000 		.4byte	0xec
 526 0059 4144435F 		.ascii	"ADC_Voltage_Target_Wakeup\000"
 526      566F6C74 
 526      6167655F 
 526      54617267 
 526      65745F57 
 527 0073 01010000 		.4byte	0x101
 528 0077 4144435F 		.ascii	"ADC_Voltage_Target_Sleep\000"
 528      566F6C74 
 528      6167655F 
 528      54617267 
 528      65745F53 
 529 0090 00000000 		.4byte	0x0
 530              		.section	.debug_aranges,"",%progbits
 531 0000 34000000 		.4byte	0x34
 532 0004 0200     		.2byte	0x2
 533 0006 00000000 		.4byte	.Ldebug_info0
 534 000a 04       		.byte	0x4
 535 000b 00       		.byte	0x0
 536 000c 0000     		.2byte	0x0
 537 000e 0000     		.2byte	0x0
 538 0010 00000000 		.4byte	.LFB0
 539 0014 14000000 		.4byte	.LFE0-.LFB0
 540 0018 00000000 		.4byte	.LFB1
 541 001c 14000000 		.4byte	.LFE1-.LFB1
 542 0020 00000000 		.4byte	.LFB3
 543 0024 30000000 		.4byte	.LFE3-.LFB3
 544 0028 00000000 		.4byte	.LFB2
 545 002c 34000000 		.4byte	.LFE2-.LFB2
 546 0030 00000000 		.4byte	0x0
 547 0034 00000000 		.4byte	0x0
 548              		.section	.debug_ranges,"",%progbits
 549              	.Ldebug_ranges0:
 550 0000 00000000 		.4byte	.Ltext0
 551 0004 00000000 		.4byte	.Letext0
 552 0008 00000000 		.4byte	.LFB0
 553 000c 14000000 		.4byte	.LFE0
 554 0010 00000000 		.4byte	.LFB1
 555 0014 14000000 		.4byte	.LFE1
 556 0018 00000000 		.4byte	.LFB3
 557 001c 30000000 		.4byte	.LFE3
 558 0020 00000000 		.4byte	.LFB2
 559 0024 34000000 		.4byte	.LFE2
 560 0028 00000000 		.4byte	0x0
 561 002c 00000000 		.4byte	0x0
 562              		.section	.debug_str,"MS",%progbits,1
 563              	.LASF6:
 564 0000 6C6F6E67 		.ascii	"long long int\000"
 564      206C6F6E 
 564      6720696E 
 564      7400
 565              	.LASF12:
ARM GAS  C:\DOCUME~1\ADMINI~1\LOCALS~1\Temp\ccBTUq2a.s 			page 14


 566 000e 656E6162 		.ascii	"enableState\000"
 566      6C655374 
 566      61746500 
 567              	.LASF8:
 568 001a 756E7369 		.ascii	"unsigned int\000"
 568      676E6564 
 568      20696E74 
 568      00
 569              	.LASF24:
 570 0027 4144435F 		.ascii	"ADC_Voltage_Target_backup\000"
 570      566F6C74 
 570      6167655F 
 570      54617267 
 570      65745F62 
 571              	.LASF14:
 572 0041 75696E74 		.ascii	"uint8\000"
 572      3800
 573              	.LASF5:
 574 0047 6C6F6E67 		.ascii	"long unsigned int\000"
 574      20756E73 
 574      69676E65 
 574      6420696E 
 574      7400
 575              	.LASF22:
 576 0059 5C5C7073 		.ascii	"\\\\psf\\Home\\Desktop\\KitProg version 2_03\\KitPr"
 576      665C486F 
 576      6D655C44 
 576      65736B74 
 576      6F705C4B 
 577 0086 6F675C4B 		.ascii	"og\\KitProg.cydsn\000"
 577      69745072 
 577      6F672E63 
 577      7964736E 
 577      00
 578              	.LASF17:
 579 0097 4144435F 		.ascii	"ADC_Voltage_Target_RestoreConfig\000"
 579      566F6C74 
 579      6167655F 
 579      54617267 
 579      65745F52 
 580              	.LASF18:
 581 00b8 4144435F 		.ascii	"ADC_Voltage_Target_Wakeup\000"
 581      566F6C74 
 581      6167655F 
 581      54617267 
 581      65745F57 
 582              	.LASF7:
 583 00d2 6C6F6E67 		.ascii	"long long unsigned int\000"
 583      206C6F6E 
 583      6720756E 
 583      7369676E 
 583      65642069 
 584              	.LASF1:
 585 00e9 756E7369 		.ascii	"unsigned char\000"
 585      676E6564 
 585      20636861 
 585      7200
ARM GAS  C:\DOCUME~1\ADMINI~1\LOCALS~1\Temp\ccBTUq2a.s 			page 15


 586              	.LASF11:
 587 00f7 63686172 		.ascii	"char\000"
 587      00
 588              	.LASF4:
 589 00fc 6C6F6E67 		.ascii	"long int\000"
 589      20696E74 
 589      00
 590              	.LASF2:
 591 0105 73686F72 		.ascii	"short int\000"
 591      7420696E 
 591      7400
 592              	.LASF16:
 593 010f 4144435F 		.ascii	"ADC_Voltage_Target_SaveConfig\000"
 593      566F6C74 
 593      6167655F 
 593      54617267 
 593      65745F53 
 594              	.LASF10:
 595 012d 646F7562 		.ascii	"double\000"
 595      6C6500
 596              	.LASF15:
 597 0134 4144435F 		.ascii	"ADC_Voltage_Target_BACKUP_STRUCT\000"
 597      566F6C74 
 597      6167655F 
 597      54617267 
 597      65745F42 
 598              	.LASF20:
 599 0155 474E5520 		.ascii	"GNU C 4.4.1\000"
 599      4320342E 
 599      342E3100 
 600              	.LASF3:
 601 0161 73686F72 		.ascii	"short unsigned int\000"
 601      7420756E 
 601      7369676E 
 601      65642069 
 601      6E7400
 602              	.LASF0:
 603 0174 7369676E 		.ascii	"signed char\000"
 603      65642063 
 603      68617200 
 604              	.LASF13:
 605 0180 64656363 		.ascii	"deccr\000"
 605      7200
 606              	.LASF23:
 607 0186 4144435F 		.ascii	"ADC_Voltage_Target_backupStruct\000"
 607      566F6C74 
 607      6167655F 
 607      54617267 
 607      65745F62 
 608              	.LASF9:
 609 01a6 666C6F61 		.ascii	"float\000"
 609      7400
 610              	.LASF19:
 611 01ac 4144435F 		.ascii	"ADC_Voltage_Target_Sleep\000"
 611      566F6C74 
 611      6167655F 
 611      54617267 
ARM GAS  C:\DOCUME~1\ADMINI~1\LOCALS~1\Temp\ccBTUq2a.s 			page 16


 611      65745F53 
 612              	.LASF21:
 613 01c5 2E5C4765 		.ascii	".\\Generated_Source\\PSoC5\\ADC_Voltage_Target_PM.c"
 613      6E657261 
 613      7465645F 
 613      536F7572 
 613      63655C50 
 614 01f5 00       		.ascii	"\000"
 615              		.ident	"GCC: (Sourcery G++ Lite 2010q1-188) 4.4.1"
