ARM GAS  C:\DOCUME~1\ADMINI~1\LOCALS~1\Temp\cc9gz4qV.s 			page 1


   1              		.syntax unified
   2              		.cpu cortex-m3
   3              		.fpu softvfp
   4              		.eabi_attribute 20, 1
   5              		.eabi_attribute 21, 1
   6              		.eabi_attribute 23, 3
   7              		.eabi_attribute 24, 1
   8              		.eabi_attribute 25, 1
   9              		.eabi_attribute 26, 1
  10              		.eabi_attribute 30, 4
  11              		.eabi_attribute 18, 4
  12              		.thumb
  13              		.file	"ADC_Voltage_Target_INT.c"
  14              		.section	.debug_abbrev,"",%progbits
  15              	.Ldebug_abbrev0:
  16              		.section	.debug_info,"",%progbits
  17              	.Ldebug_info0:
  18              		.section	.debug_line,"",%progbits
  19              	.Ldebug_line0:
  20 0000 99000000 		.text
  20      02004800 
  20      00000201 
  20      FB0E0D00 
  20      01010101 
  21              	.Ltext0:
  22              		.cfi_sections	.debug_frame
  23              		.section	.text.ADC_Voltage_Target_ISR1,"ax",%progbits
  24              		.align	1
  25              		.global	ADC_Voltage_Target_ISR1
  26              		.thumb
  27              		.thumb_func
  28              		.type	ADC_Voltage_Target_ISR1, %function
  29              	ADC_Voltage_Target_ISR1:
  30              	.LFB0:
  31              		.file 1 ".\\Generated_Source\\PSoC5\\ADC_Voltage_Target_INT.c"
   1:.\Generated_Source\PSoC5/ADC_Voltage_Target_INT.c **** /*******************************************************************************
   2:.\Generated_Source\PSoC5/ADC_Voltage_Target_INT.c **** * File Name: ADC_Voltage_Target_INT.c  
   3:.\Generated_Source\PSoC5/ADC_Voltage_Target_INT.c **** * Version 2.30
   4:.\Generated_Source\PSoC5/ADC_Voltage_Target_INT.c **** *
   5:.\Generated_Source\PSoC5/ADC_Voltage_Target_INT.c **** * Description:
   6:.\Generated_Source\PSoC5/ADC_Voltage_Target_INT.c **** *  This file contains the code that operates during the ADC_DelSig interrupt 
   7:.\Generated_Source\PSoC5/ADC_Voltage_Target_INT.c **** *  service routine.  
   8:.\Generated_Source\PSoC5/ADC_Voltage_Target_INT.c **** *
   9:.\Generated_Source\PSoC5/ADC_Voltage_Target_INT.c **** * Note:
  10:.\Generated_Source\PSoC5/ADC_Voltage_Target_INT.c **** *
  11:.\Generated_Source\PSoC5/ADC_Voltage_Target_INT.c **** *******************************************************************************
  12:.\Generated_Source\PSoC5/ADC_Voltage_Target_INT.c **** * Copyright 2008-2012, Cypress Semiconductor Corporation.  All rights reserved.
  13:.\Generated_Source\PSoC5/ADC_Voltage_Target_INT.c **** * You may use this file only in accordance with the license, terms, conditions, 
  14:.\Generated_Source\PSoC5/ADC_Voltage_Target_INT.c **** * disclaimers, and limitations in the end user license agreement accompanying 
  15:.\Generated_Source\PSoC5/ADC_Voltage_Target_INT.c **** * the software package with which this file was provided.
  16:.\Generated_Source\PSoC5/ADC_Voltage_Target_INT.c **** ********************************************************************************/
  17:.\Generated_Source\PSoC5/ADC_Voltage_Target_INT.c **** 
  18:.\Generated_Source\PSoC5/ADC_Voltage_Target_INT.c **** #include "ADC_Voltage_Target.h"  
  19:.\Generated_Source\PSoC5/ADC_Voltage_Target_INT.c **** 
  20:.\Generated_Source\PSoC5/ADC_Voltage_Target_INT.c **** 
  21:.\Generated_Source\PSoC5/ADC_Voltage_Target_INT.c **** /*******************************************************************************
  22:.\Generated_Source\PSoC5/ADC_Voltage_Target_INT.c **** * Custom Declarations and Variables
ARM GAS  C:\DOCUME~1\ADMINI~1\LOCALS~1\Temp\cc9gz4qV.s 			page 2


  23:.\Generated_Source\PSoC5/ADC_Voltage_Target_INT.c **** * - add user inlcude files, prototypes and variables between the following 
  24:.\Generated_Source\PSoC5/ADC_Voltage_Target_INT.c **** *   #START and #END tags
  25:.\Generated_Source\PSoC5/ADC_Voltage_Target_INT.c **** *******************************************************************************/
  26:.\Generated_Source\PSoC5/ADC_Voltage_Target_INT.c **** /* `#START ADC_SYS_VAR`  */
  27:.\Generated_Source\PSoC5/ADC_Voltage_Target_INT.c **** 
  28:.\Generated_Source\PSoC5/ADC_Voltage_Target_INT.c **** /* `#END`  */
  29:.\Generated_Source\PSoC5/ADC_Voltage_Target_INT.c **** 
  30:.\Generated_Source\PSoC5/ADC_Voltage_Target_INT.c **** 
  31:.\Generated_Source\PSoC5/ADC_Voltage_Target_INT.c **** /*****************************************************************************
  32:.\Generated_Source\PSoC5/ADC_Voltage_Target_INT.c **** * Function Name: ADC_Voltage_Target_ISR1
  33:.\Generated_Source\PSoC5/ADC_Voltage_Target_INT.c **** ******************************************************************************
  34:.\Generated_Source\PSoC5/ADC_Voltage_Target_INT.c **** *
  35:.\Generated_Source\PSoC5/ADC_Voltage_Target_INT.c **** * Summary:
  36:.\Generated_Source\PSoC5/ADC_Voltage_Target_INT.c **** *  Handle Interrupt Service Routine.  
  37:.\Generated_Source\PSoC5/ADC_Voltage_Target_INT.c **** *
  38:.\Generated_Source\PSoC5/ADC_Voltage_Target_INT.c **** * Parameters:  
  39:.\Generated_Source\PSoC5/ADC_Voltage_Target_INT.c **** *  void
  40:.\Generated_Source\PSoC5/ADC_Voltage_Target_INT.c **** *
  41:.\Generated_Source\PSoC5/ADC_Voltage_Target_INT.c **** * Return: 
  42:.\Generated_Source\PSoC5/ADC_Voltage_Target_INT.c **** *  void 
  43:.\Generated_Source\PSoC5/ADC_Voltage_Target_INT.c **** *
  44:.\Generated_Source\PSoC5/ADC_Voltage_Target_INT.c **** * Reentrant: 
  45:.\Generated_Source\PSoC5/ADC_Voltage_Target_INT.c **** *  No
  46:.\Generated_Source\PSoC5/ADC_Voltage_Target_INT.c **** *
  47:.\Generated_Source\PSoC5/ADC_Voltage_Target_INT.c **** *****************************************************************************/
  48:.\Generated_Source\PSoC5/ADC_Voltage_Target_INT.c **** CY_ISR( ADC_Voltage_Target_ISR1)
  49:.\Generated_Source\PSoC5/ADC_Voltage_Target_INT.c **** {
  32              		.loc 1 49 0
  33              		.cfi_startproc
  34              		@ args = 0, pretend = 0, frame = 0
  35              		@ frame_needed = 0, uses_anonymous_args = 0
  36              		@ link register save eliminated.
  50:.\Generated_Source\PSoC5/ADC_Voltage_Target_INT.c ****     /***************************************************************************
  51:.\Generated_Source\PSoC5/ADC_Voltage_Target_INT.c ****     *  Custom Code
  52:.\Generated_Source\PSoC5/ADC_Voltage_Target_INT.c ****     *  - add user ISR code between the following #START and #END tags
  53:.\Generated_Source\PSoC5/ADC_Voltage_Target_INT.c ****     **************************************************************************/
  54:.\Generated_Source\PSoC5/ADC_Voltage_Target_INT.c ****     /* `#START MAIN_ADC_ISR1`  */
  55:.\Generated_Source\PSoC5/ADC_Voltage_Target_INT.c **** 
  56:.\Generated_Source\PSoC5/ADC_Voltage_Target_INT.c ****     /* `#END`  */
  57:.\Generated_Source\PSoC5/ADC_Voltage_Target_INT.c ****     
  58:.\Generated_Source\PSoC5/ADC_Voltage_Target_INT.c ****     /* Stop the conversion if conversion mode is single sample and resolution
  59:.\Generated_Source\PSoC5/ADC_Voltage_Target_INT.c ****        is above 16 bits. 
  60:.\Generated_Source\PSoC5/ADC_Voltage_Target_INT.c ****     */
  61:.\Generated_Source\PSoC5/ADC_Voltage_Target_INT.c ****     #if(ADC_Voltage_Target_CFG1_RESOLUTION > 16 && \
  62:.\Generated_Source\PSoC5/ADC_Voltage_Target_INT.c ****         ADC_Voltage_Target_CFG1_CONV_MODE == ADC_Voltage_Target_MODE_SINGLE_SAMPLE) 
  63:.\Generated_Source\PSoC5/ADC_Voltage_Target_INT.c ****         ADC_Voltage_Target_StopConvert(); 
  64:.\Generated_Source\PSoC5/ADC_Voltage_Target_INT.c ****     #endif /* Single sample conversion mode with resolution above 16 bits */         
  65:.\Generated_Source\PSoC5/ADC_Voltage_Target_INT.c ****         
  66:.\Generated_Source\PSoC5/ADC_Voltage_Target_INT.c **** }
  37              		.loc 1 66 0
  38 0000 7047     		bx	lr
  39              		.cfi_endproc
  40              	.LFE0:
  41              		.size	ADC_Voltage_Target_ISR1, .-ADC_Voltage_Target_ISR1
  42              		.section	.text.ADC_Voltage_Target_ISR2,"ax",%progbits
  43              		.align	1
  44              		.global	ADC_Voltage_Target_ISR2
ARM GAS  C:\DOCUME~1\ADMINI~1\LOCALS~1\Temp\cc9gz4qV.s 			page 3


  45              		.thumb
  46              		.thumb_func
  47              		.type	ADC_Voltage_Target_ISR2, %function
  48              	ADC_Voltage_Target_ISR2:
  49              	.LFB1:
  67:.\Generated_Source\PSoC5/ADC_Voltage_Target_INT.c **** 
  68:.\Generated_Source\PSoC5/ADC_Voltage_Target_INT.c **** 
  69:.\Generated_Source\PSoC5/ADC_Voltage_Target_INT.c **** /*****************************************************************************
  70:.\Generated_Source\PSoC5/ADC_Voltage_Target_INT.c **** * Function Name: ADC_Voltage_Target_ISR2
  71:.\Generated_Source\PSoC5/ADC_Voltage_Target_INT.c **** ******************************************************************************
  72:.\Generated_Source\PSoC5/ADC_Voltage_Target_INT.c **** *
  73:.\Generated_Source\PSoC5/ADC_Voltage_Target_INT.c **** * Summary:
  74:.\Generated_Source\PSoC5/ADC_Voltage_Target_INT.c **** *  Handle Interrupt Service Routine.  
  75:.\Generated_Source\PSoC5/ADC_Voltage_Target_INT.c **** *
  76:.\Generated_Source\PSoC5/ADC_Voltage_Target_INT.c **** * Parameters:  
  77:.\Generated_Source\PSoC5/ADC_Voltage_Target_INT.c **** *  void
  78:.\Generated_Source\PSoC5/ADC_Voltage_Target_INT.c **** *
  79:.\Generated_Source\PSoC5/ADC_Voltage_Target_INT.c **** * Return: 
  80:.\Generated_Source\PSoC5/ADC_Voltage_Target_INT.c **** *  void 
  81:.\Generated_Source\PSoC5/ADC_Voltage_Target_INT.c **** *
  82:.\Generated_Source\PSoC5/ADC_Voltage_Target_INT.c **** * Reentrant: 
  83:.\Generated_Source\PSoC5/ADC_Voltage_Target_INT.c **** *  No
  84:.\Generated_Source\PSoC5/ADC_Voltage_Target_INT.c **** *
  85:.\Generated_Source\PSoC5/ADC_Voltage_Target_INT.c **** *****************************************************************************/
  86:.\Generated_Source\PSoC5/ADC_Voltage_Target_INT.c **** CY_ISR( ADC_Voltage_Target_ISR2)
  87:.\Generated_Source\PSoC5/ADC_Voltage_Target_INT.c **** {
  50              		.loc 1 87 0
  51              		.cfi_startproc
  52              		@ args = 0, pretend = 0, frame = 0
  53              		@ frame_needed = 0, uses_anonymous_args = 0
  54              		@ link register save eliminated.
  88:.\Generated_Source\PSoC5/ADC_Voltage_Target_INT.c ****     /***************************************************************************
  89:.\Generated_Source\PSoC5/ADC_Voltage_Target_INT.c ****     *  Custom Code
  90:.\Generated_Source\PSoC5/ADC_Voltage_Target_INT.c ****     *  - add user ISR code between the following #START and #END tags
  91:.\Generated_Source\PSoC5/ADC_Voltage_Target_INT.c ****     **************************************************************************/
  92:.\Generated_Source\PSoC5/ADC_Voltage_Target_INT.c ****     /* `#START MAIN_ADC_ISR2`  */
  93:.\Generated_Source\PSoC5/ADC_Voltage_Target_INT.c **** 
  94:.\Generated_Source\PSoC5/ADC_Voltage_Target_INT.c ****     /* `#END`  */
  95:.\Generated_Source\PSoC5/ADC_Voltage_Target_INT.c ****     
  96:.\Generated_Source\PSoC5/ADC_Voltage_Target_INT.c ****     /* Stop the conversion conversion mode is single sample and resolution
  97:.\Generated_Source\PSoC5/ADC_Voltage_Target_INT.c ****        is above 16 bits.
  98:.\Generated_Source\PSoC5/ADC_Voltage_Target_INT.c ****     */
  99:.\Generated_Source\PSoC5/ADC_Voltage_Target_INT.c ****     #if(ADC_Voltage_Target_CFG2_RESOLUTION > 16 && \
 100:.\Generated_Source\PSoC5/ADC_Voltage_Target_INT.c ****         ADC_Voltage_Target_CFG2_CONVMODE == ADC_Voltage_Target_MODE_SINGLE_SAMPLE) 
 101:.\Generated_Source\PSoC5/ADC_Voltage_Target_INT.c ****         ADC_Voltage_Target_StopConvert(); 
 102:.\Generated_Source\PSoC5/ADC_Voltage_Target_INT.c ****     #endif /* Single sample conversion mode with resolution above 16 bits */
 103:.\Generated_Source\PSoC5/ADC_Voltage_Target_INT.c ****     
 104:.\Generated_Source\PSoC5/ADC_Voltage_Target_INT.c **** }
  55              		.loc 1 104 0
  56 0000 7047     		bx	lr
  57              		.cfi_endproc
  58              	.LFE1:
  59              		.size	ADC_Voltage_Target_ISR2, .-ADC_Voltage_Target_ISR2
  60              		.section	.text.ADC_Voltage_Target_ISR3,"ax",%progbits
  61              		.align	1
  62              		.global	ADC_Voltage_Target_ISR3
  63              		.thumb
ARM GAS  C:\DOCUME~1\ADMINI~1\LOCALS~1\Temp\cc9gz4qV.s 			page 4


  64              		.thumb_func
  65              		.type	ADC_Voltage_Target_ISR3, %function
  66              	ADC_Voltage_Target_ISR3:
  67              	.LFB2:
 105:.\Generated_Source\PSoC5/ADC_Voltage_Target_INT.c **** 
 106:.\Generated_Source\PSoC5/ADC_Voltage_Target_INT.c **** 
 107:.\Generated_Source\PSoC5/ADC_Voltage_Target_INT.c **** /*****************************************************************************
 108:.\Generated_Source\PSoC5/ADC_Voltage_Target_INT.c **** * Function Name: ADC_Voltage_Target_ISR3
 109:.\Generated_Source\PSoC5/ADC_Voltage_Target_INT.c **** ******************************************************************************
 110:.\Generated_Source\PSoC5/ADC_Voltage_Target_INT.c **** *
 111:.\Generated_Source\PSoC5/ADC_Voltage_Target_INT.c **** * Summary:
 112:.\Generated_Source\PSoC5/ADC_Voltage_Target_INT.c **** *  Handle Interrupt Service Routine.  
 113:.\Generated_Source\PSoC5/ADC_Voltage_Target_INT.c **** *
 114:.\Generated_Source\PSoC5/ADC_Voltage_Target_INT.c **** * Parameters:  
 115:.\Generated_Source\PSoC5/ADC_Voltage_Target_INT.c **** *  void
 116:.\Generated_Source\PSoC5/ADC_Voltage_Target_INT.c **** *
 117:.\Generated_Source\PSoC5/ADC_Voltage_Target_INT.c **** * Return: 
 118:.\Generated_Source\PSoC5/ADC_Voltage_Target_INT.c **** *  void 
 119:.\Generated_Source\PSoC5/ADC_Voltage_Target_INT.c **** *
 120:.\Generated_Source\PSoC5/ADC_Voltage_Target_INT.c **** * Reentrant: 
 121:.\Generated_Source\PSoC5/ADC_Voltage_Target_INT.c **** *  No
 122:.\Generated_Source\PSoC5/ADC_Voltage_Target_INT.c **** *
 123:.\Generated_Source\PSoC5/ADC_Voltage_Target_INT.c **** *****************************************************************************/
 124:.\Generated_Source\PSoC5/ADC_Voltage_Target_INT.c **** CY_ISR( ADC_Voltage_Target_ISR3)
 125:.\Generated_Source\PSoC5/ADC_Voltage_Target_INT.c **** {
  68              		.loc 1 125 0
  69              		.cfi_startproc
  70              		@ args = 0, pretend = 0, frame = 0
  71              		@ frame_needed = 0, uses_anonymous_args = 0
  72              		@ link register save eliminated.
 126:.\Generated_Source\PSoC5/ADC_Voltage_Target_INT.c ****     /***************************************************************************
 127:.\Generated_Source\PSoC5/ADC_Voltage_Target_INT.c ****     *  Custom Code
 128:.\Generated_Source\PSoC5/ADC_Voltage_Target_INT.c ****     *  - add user ISR code between the following #START and #END tags
 129:.\Generated_Source\PSoC5/ADC_Voltage_Target_INT.c ****     **************************************************************************/
 130:.\Generated_Source\PSoC5/ADC_Voltage_Target_INT.c ****     /* `#START MAIN_ADC_ISR3`  */
 131:.\Generated_Source\PSoC5/ADC_Voltage_Target_INT.c **** 
 132:.\Generated_Source\PSoC5/ADC_Voltage_Target_INT.c ****     /* `#END`  */
 133:.\Generated_Source\PSoC5/ADC_Voltage_Target_INT.c **** 
 134:.\Generated_Source\PSoC5/ADC_Voltage_Target_INT.c ****     /* Stop the conversion if conversion mode is set to single sample and 
 135:.\Generated_Source\PSoC5/ADC_Voltage_Target_INT.c ****        resolution is above 16 bits. 
 136:.\Generated_Source\PSoC5/ADC_Voltage_Target_INT.c ****     */
 137:.\Generated_Source\PSoC5/ADC_Voltage_Target_INT.c ****     #if(ADC_Voltage_Target_CFG3_RESOLUTION > 16 && \
 138:.\Generated_Source\PSoC5/ADC_Voltage_Target_INT.c ****         ADC_Voltage_Target_CFG3_CONVMODE == ADC_Voltage_Target_MODE_SINGLE_SAMPLE) 
 139:.\Generated_Source\PSoC5/ADC_Voltage_Target_INT.c ****         ADC_Voltage_Target_StopConvert(); 
 140:.\Generated_Source\PSoC5/ADC_Voltage_Target_INT.c ****     #endif /* Single sample conversion mode with resolution above 16 bits */  
 141:.\Generated_Source\PSoC5/ADC_Voltage_Target_INT.c **** }
  73              		.loc 1 141 0
  74 0000 7047     		bx	lr
  75              		.cfi_endproc
  76              	.LFE2:
  77              		.size	ADC_Voltage_Target_ISR3, .-ADC_Voltage_Target_ISR3
  78              		.section	.text.ADC_Voltage_Target_ISR4,"ax",%progbits
  79              		.align	1
  80              		.global	ADC_Voltage_Target_ISR4
  81              		.thumb
  82              		.thumb_func
  83              		.type	ADC_Voltage_Target_ISR4, %function
ARM GAS  C:\DOCUME~1\ADMINI~1\LOCALS~1\Temp\cc9gz4qV.s 			page 5


  84              	ADC_Voltage_Target_ISR4:
  85              	.LFB3:
 142:.\Generated_Source\PSoC5/ADC_Voltage_Target_INT.c **** 
 143:.\Generated_Source\PSoC5/ADC_Voltage_Target_INT.c **** 
 144:.\Generated_Source\PSoC5/ADC_Voltage_Target_INT.c **** /*****************************************************************************
 145:.\Generated_Source\PSoC5/ADC_Voltage_Target_INT.c **** * Function Name: ADC_Voltage_Target_ISR4
 146:.\Generated_Source\PSoC5/ADC_Voltage_Target_INT.c **** ******************************************************************************
 147:.\Generated_Source\PSoC5/ADC_Voltage_Target_INT.c **** *
 148:.\Generated_Source\PSoC5/ADC_Voltage_Target_INT.c **** * Summary:
 149:.\Generated_Source\PSoC5/ADC_Voltage_Target_INT.c **** *  Handle Interrupt Service Routine.  
 150:.\Generated_Source\PSoC5/ADC_Voltage_Target_INT.c **** *
 151:.\Generated_Source\PSoC5/ADC_Voltage_Target_INT.c **** * Parameters:  
 152:.\Generated_Source\PSoC5/ADC_Voltage_Target_INT.c **** *  void
 153:.\Generated_Source\PSoC5/ADC_Voltage_Target_INT.c **** *
 154:.\Generated_Source\PSoC5/ADC_Voltage_Target_INT.c **** * Return: 
 155:.\Generated_Source\PSoC5/ADC_Voltage_Target_INT.c **** *  void 
 156:.\Generated_Source\PSoC5/ADC_Voltage_Target_INT.c **** *
 157:.\Generated_Source\PSoC5/ADC_Voltage_Target_INT.c **** * Reentrant: 
 158:.\Generated_Source\PSoC5/ADC_Voltage_Target_INT.c **** *  No
 159:.\Generated_Source\PSoC5/ADC_Voltage_Target_INT.c **** *
 160:.\Generated_Source\PSoC5/ADC_Voltage_Target_INT.c **** *****************************************************************************/
 161:.\Generated_Source\PSoC5/ADC_Voltage_Target_INT.c **** CY_ISR( ADC_Voltage_Target_ISR4)
 162:.\Generated_Source\PSoC5/ADC_Voltage_Target_INT.c **** {
  86              		.loc 1 162 0
  87              		.cfi_startproc
  88              		@ args = 0, pretend = 0, frame = 0
  89              		@ frame_needed = 0, uses_anonymous_args = 0
  90              		@ link register save eliminated.
 163:.\Generated_Source\PSoC5/ADC_Voltage_Target_INT.c ****     /***************************************************************************
 164:.\Generated_Source\PSoC5/ADC_Voltage_Target_INT.c ****     *  Custom Code
 165:.\Generated_Source\PSoC5/ADC_Voltage_Target_INT.c ****     *  - add user ISR code between the following #START and #END tags
 166:.\Generated_Source\PSoC5/ADC_Voltage_Target_INT.c ****     **************************************************************************/
 167:.\Generated_Source\PSoC5/ADC_Voltage_Target_INT.c ****     /* `#START MAIN_ADC_ISR4`  */
 168:.\Generated_Source\PSoC5/ADC_Voltage_Target_INT.c **** 
 169:.\Generated_Source\PSoC5/ADC_Voltage_Target_INT.c ****     /* `#END`  */
 170:.\Generated_Source\PSoC5/ADC_Voltage_Target_INT.c ****     
 171:.\Generated_Source\PSoC5/ADC_Voltage_Target_INT.c ****     /* Stop the conversion if conversion mode is set to single sample and 
 172:.\Generated_Source\PSoC5/ADC_Voltage_Target_INT.c ****        resolution is above 16 bits. 
 173:.\Generated_Source\PSoC5/ADC_Voltage_Target_INT.c ****     */
 174:.\Generated_Source\PSoC5/ADC_Voltage_Target_INT.c ****     #if(ADC_Voltage_Target_CFG4_RESOLUTION > 16 && \
 175:.\Generated_Source\PSoC5/ADC_Voltage_Target_INT.c ****         ADC_Voltage_Target_CFG4_CONVMODE == ADC_Voltage_Target_MODE_SINGLE_SAMPLE) 
 176:.\Generated_Source\PSoC5/ADC_Voltage_Target_INT.c ****         ADC_Voltage_Target_StopConvert(); 
 177:.\Generated_Source\PSoC5/ADC_Voltage_Target_INT.c ****     #endif /* Single sample conversion mode with resolution above 16 bits */
 178:.\Generated_Source\PSoC5/ADC_Voltage_Target_INT.c **** }
  91              		.loc 1 178 0
  92 0000 7047     		bx	lr
  93              		.cfi_endproc
  94              	.LFE3:
  95              		.size	ADC_Voltage_Target_ISR4, .-ADC_Voltage_Target_ISR4
  96              		.text
  97              	.Letext0:
  98              		.section	.debug_info
  99 0000 D0000000 		.4byte	0xd0
 100 0004 0200     		.2byte	0x2
 101 0006 00000000 		.4byte	.Ldebug_abbrev0
 102 000a 04       		.byte	0x4
 103 000b 01       		.uleb128 0x1
ARM GAS  C:\DOCUME~1\ADMINI~1\LOCALS~1\Temp\cc9gz4qV.s 			page 6


 104 000c D7000000 		.4byte	.LASF16
 105 0010 01       		.byte	0x1
 106 0011 9E000000 		.4byte	.LASF17
 107 0015 2D000000 		.4byte	.LASF18
 108 0019 00000000 		.4byte	0x0
 109 001d 00000000 		.4byte	0x0
 110 0021 00000000 		.4byte	.Ldebug_ranges0+0x0
 111 0025 00000000 		.4byte	.Ldebug_line0
 112 0029 02       		.uleb128 0x2
 113 002a 01       		.byte	0x1
 114 002b 06       		.byte	0x6
 115 002c F6000000 		.4byte	.LASF0
 116 0030 02       		.uleb128 0x2
 117 0031 01       		.byte	0x1
 118 0032 08       		.byte	0x8
 119 0033 82000000 		.4byte	.LASF1
 120 0037 02       		.uleb128 0x2
 121 0038 02       		.byte	0x2
 122 0039 05       		.byte	0x5
 123 003a 68010000 		.4byte	.LASF2
 124 003e 02       		.uleb128 0x2
 125 003f 02       		.byte	0x2
 126 0040 07       		.byte	0x7
 127 0041 E3000000 		.4byte	.LASF3
 128 0045 02       		.uleb128 0x2
 129 0046 04       		.byte	0x4
 130 0047 05       		.byte	0x5
 131 0048 95000000 		.4byte	.LASF4
 132 004c 02       		.uleb128 0x2
 133 004d 04       		.byte	0x4
 134 004e 07       		.byte	0x7
 135 004f 1B000000 		.4byte	.LASF5
 136 0053 02       		.uleb128 0x2
 137 0054 08       		.byte	0x8
 138 0055 05       		.byte	0x5
 139 0056 00000000 		.4byte	.LASF6
 140 005a 02       		.uleb128 0x2
 141 005b 08       		.byte	0x8
 142 005c 07       		.byte	0x7
 143 005d 6B000000 		.4byte	.LASF7
 144 0061 03       		.uleb128 0x3
 145 0062 04       		.byte	0x4
 146 0063 05       		.byte	0x5
 147 0064 696E7400 		.ascii	"int\000"
 148 0068 02       		.uleb128 0x2
 149 0069 04       		.byte	0x4
 150 006a 07       		.byte	0x7
 151 006b 0E000000 		.4byte	.LASF8
 152 006f 02       		.uleb128 0x2
 153 0070 04       		.byte	0x4
 154 0071 04       		.byte	0x4
 155 0072 62010000 		.4byte	.LASF9
 156 0076 02       		.uleb128 0x2
 157 0077 08       		.byte	0x8
 158 0078 04       		.byte	0x4
 159 0079 D0000000 		.4byte	.LASF10
 160 007d 02       		.uleb128 0x2
ARM GAS  C:\DOCUME~1\ADMINI~1\LOCALS~1\Temp\cc9gz4qV.s 			page 7


 161 007e 01       		.byte	0x1
 162 007f 08       		.byte	0x8
 163 0080 90000000 		.4byte	.LASF11
 164 0084 04       		.uleb128 0x4
 165 0085 04       		.byte	0x4
 166 0086 07       		.byte	0x7
 167 0087 05       		.uleb128 0x5
 168 0088 01       		.byte	0x1
 169 0089 4A010000 		.4byte	.LASF12
 170 008d 01       		.byte	0x1
 171 008e 30       		.byte	0x30
 172 008f 01       		.byte	0x1
 173 0090 00000000 		.4byte	.LFB0
 174 0094 02000000 		.4byte	.LFE0
 175 0098 01       		.byte	0x1
 176 0099 5D       		.byte	0x5d
 177 009a 05       		.uleb128 0x5
 178 009b 01       		.byte	0x1
 179 009c 02010000 		.4byte	.LASF13
 180 00a0 01       		.byte	0x1
 181 00a1 56       		.byte	0x56
 182 00a2 01       		.byte	0x1
 183 00a3 00000000 		.4byte	.LFB1
 184 00a7 02000000 		.4byte	.LFE1
 185 00ab 01       		.byte	0x1
 186 00ac 5D       		.byte	0x5d
 187 00ad 05       		.uleb128 0x5
 188 00ae 01       		.byte	0x1
 189 00af 1A010000 		.4byte	.LASF14
 190 00b3 01       		.byte	0x1
 191 00b4 7C       		.byte	0x7c
 192 00b5 01       		.byte	0x1
 193 00b6 00000000 		.4byte	.LFB2
 194 00ba 02000000 		.4byte	.LFE2
 195 00be 01       		.byte	0x1
 196 00bf 5D       		.byte	0x5d
 197 00c0 05       		.uleb128 0x5
 198 00c1 01       		.byte	0x1
 199 00c2 32010000 		.4byte	.LASF15
 200 00c6 01       		.byte	0x1
 201 00c7 A1       		.byte	0xa1
 202 00c8 01       		.byte	0x1
 203 00c9 00000000 		.4byte	.LFB3
 204 00cd 02000000 		.4byte	.LFE3
 205 00d1 01       		.byte	0x1
 206 00d2 5D       		.byte	0x5d
 207 00d3 00       		.byte	0x0
 208              		.section	.debug_abbrev
 209 0000 01       		.uleb128 0x1
 210 0001 11       		.uleb128 0x11
 211 0002 01       		.byte	0x1
 212 0003 25       		.uleb128 0x25
 213 0004 0E       		.uleb128 0xe
 214 0005 13       		.uleb128 0x13
 215 0006 0B       		.uleb128 0xb
 216 0007 03       		.uleb128 0x3
 217 0008 0E       		.uleb128 0xe
ARM GAS  C:\DOCUME~1\ADMINI~1\LOCALS~1\Temp\cc9gz4qV.s 			page 8


 218 0009 1B       		.uleb128 0x1b
 219 000a 0E       		.uleb128 0xe
 220 000b 11       		.uleb128 0x11
 221 000c 01       		.uleb128 0x1
 222 000d 52       		.uleb128 0x52
 223 000e 01       		.uleb128 0x1
 224 000f 55       		.uleb128 0x55
 225 0010 06       		.uleb128 0x6
 226 0011 10       		.uleb128 0x10
 227 0012 06       		.uleb128 0x6
 228 0013 00       		.byte	0x0
 229 0014 00       		.byte	0x0
 230 0015 02       		.uleb128 0x2
 231 0016 24       		.uleb128 0x24
 232 0017 00       		.byte	0x0
 233 0018 0B       		.uleb128 0xb
 234 0019 0B       		.uleb128 0xb
 235 001a 3E       		.uleb128 0x3e
 236 001b 0B       		.uleb128 0xb
 237 001c 03       		.uleb128 0x3
 238 001d 0E       		.uleb128 0xe
 239 001e 00       		.byte	0x0
 240 001f 00       		.byte	0x0
 241 0020 03       		.uleb128 0x3
 242 0021 24       		.uleb128 0x24
 243 0022 00       		.byte	0x0
 244 0023 0B       		.uleb128 0xb
 245 0024 0B       		.uleb128 0xb
 246 0025 3E       		.uleb128 0x3e
 247 0026 0B       		.uleb128 0xb
 248 0027 03       		.uleb128 0x3
 249 0028 08       		.uleb128 0x8
 250 0029 00       		.byte	0x0
 251 002a 00       		.byte	0x0
 252 002b 04       		.uleb128 0x4
 253 002c 24       		.uleb128 0x24
 254 002d 00       		.byte	0x0
 255 002e 0B       		.uleb128 0xb
 256 002f 0B       		.uleb128 0xb
 257 0030 3E       		.uleb128 0x3e
 258 0031 0B       		.uleb128 0xb
 259 0032 00       		.byte	0x0
 260 0033 00       		.byte	0x0
 261 0034 05       		.uleb128 0x5
 262 0035 2E       		.uleb128 0x2e
 263 0036 00       		.byte	0x0
 264 0037 3F       		.uleb128 0x3f
 265 0038 0C       		.uleb128 0xc
 266 0039 03       		.uleb128 0x3
 267 003a 0E       		.uleb128 0xe
 268 003b 3A       		.uleb128 0x3a
 269 003c 0B       		.uleb128 0xb
 270 003d 3B       		.uleb128 0x3b
 271 003e 0B       		.uleb128 0xb
 272 003f 27       		.uleb128 0x27
 273 0040 0C       		.uleb128 0xc
 274 0041 11       		.uleb128 0x11
ARM GAS  C:\DOCUME~1\ADMINI~1\LOCALS~1\Temp\cc9gz4qV.s 			page 9


 275 0042 01       		.uleb128 0x1
 276 0043 12       		.uleb128 0x12
 277 0044 01       		.uleb128 0x1
 278 0045 40       		.uleb128 0x40
 279 0046 0A       		.uleb128 0xa
 280 0047 00       		.byte	0x0
 281 0048 00       		.byte	0x0
 282 0049 00       		.byte	0x0
 283              		.section	.debug_pubnames,"",%progbits
 284 0000 7E000000 		.4byte	0x7e
 285 0004 0200     		.2byte	0x2
 286 0006 00000000 		.4byte	.Ldebug_info0
 287 000a D4000000 		.4byte	0xd4
 288 000e 87000000 		.4byte	0x87
 289 0012 4144435F 		.ascii	"ADC_Voltage_Target_ISR1\000"
 289      566F6C74 
 289      6167655F 
 289      54617267 
 289      65745F49 
 290 002a 9A000000 		.4byte	0x9a
 291 002e 4144435F 		.ascii	"ADC_Voltage_Target_ISR2\000"
 291      566F6C74 
 291      6167655F 
 291      54617267 
 291      65745F49 
 292 0046 AD000000 		.4byte	0xad
 293 004a 4144435F 		.ascii	"ADC_Voltage_Target_ISR3\000"
 293      566F6C74 
 293      6167655F 
 293      54617267 
 293      65745F49 
 294 0062 C0000000 		.4byte	0xc0
 295 0066 4144435F 		.ascii	"ADC_Voltage_Target_ISR4\000"
 295      566F6C74 
 295      6167655F 
 295      54617267 
 295      65745F49 
 296 007e 00000000 		.4byte	0x0
 297              		.section	.debug_aranges,"",%progbits
 298 0000 34000000 		.4byte	0x34
 299 0004 0200     		.2byte	0x2
 300 0006 00000000 		.4byte	.Ldebug_info0
 301 000a 04       		.byte	0x4
 302 000b 00       		.byte	0x0
 303 000c 0000     		.2byte	0x0
 304 000e 0000     		.2byte	0x0
 305 0010 00000000 		.4byte	.LFB0
 306 0014 02000000 		.4byte	.LFE0-.LFB0
 307 0018 00000000 		.4byte	.LFB1
 308 001c 02000000 		.4byte	.LFE1-.LFB1
 309 0020 00000000 		.4byte	.LFB2
 310 0024 02000000 		.4byte	.LFE2-.LFB2
 311 0028 00000000 		.4byte	.LFB3
 312 002c 02000000 		.4byte	.LFE3-.LFB3
 313 0030 00000000 		.4byte	0x0
 314 0034 00000000 		.4byte	0x0
 315              		.section	.debug_ranges,"",%progbits
ARM GAS  C:\DOCUME~1\ADMINI~1\LOCALS~1\Temp\cc9gz4qV.s 			page 10


 316              	.Ldebug_ranges0:
 317 0000 00000000 		.4byte	.Ltext0
 318 0004 00000000 		.4byte	.Letext0
 319 0008 00000000 		.4byte	.LFB0
 320 000c 02000000 		.4byte	.LFE0
 321 0010 00000000 		.4byte	.LFB1
 322 0014 02000000 		.4byte	.LFE1
 323 0018 00000000 		.4byte	.LFB2
 324 001c 02000000 		.4byte	.LFE2
 325 0020 00000000 		.4byte	.LFB3
 326 0024 02000000 		.4byte	.LFE3
 327 0028 00000000 		.4byte	0x0
 328 002c 00000000 		.4byte	0x0
 329              		.section	.debug_str,"MS",%progbits,1
 330              	.LASF6:
 331 0000 6C6F6E67 		.ascii	"long long int\000"
 331      206C6F6E 
 331      6720696E 
 331      7400
 332              	.LASF8:
 333 000e 756E7369 		.ascii	"unsigned int\000"
 333      676E6564 
 333      20696E74 
 333      00
 334              	.LASF5:
 335 001b 6C6F6E67 		.ascii	"long unsigned int\000"
 335      20756E73 
 335      69676E65 
 335      6420696E 
 335      7400
 336              	.LASF18:
 337 002d 5C5C7073 		.ascii	"\\\\psf\\Home\\Desktop\\KitProg version 2_03\\KitPr"
 337      665C486F 
 337      6D655C44 
 337      65736B74 
 337      6F705C4B 
 338 005a 6F675C4B 		.ascii	"og\\KitProg.cydsn\000"
 338      69745072 
 338      6F672E63 
 338      7964736E 
 338      00
 339              	.LASF7:
 340 006b 6C6F6E67 		.ascii	"long long unsigned int\000"
 340      206C6F6E 
 340      6720756E 
 340      7369676E 
 340      65642069 
 341              	.LASF1:
 342 0082 756E7369 		.ascii	"unsigned char\000"
 342      676E6564 
 342      20636861 
 342      7200
 343              	.LASF11:
 344 0090 63686172 		.ascii	"char\000"
 344      00
 345              	.LASF4:
 346 0095 6C6F6E67 		.ascii	"long int\000"
ARM GAS  C:\DOCUME~1\ADMINI~1\LOCALS~1\Temp\cc9gz4qV.s 			page 11


 346      20696E74 
 346      00
 347              	.LASF17:
 348 009e 2E5C4765 		.ascii	".\\Generated_Source\\PSoC5\\ADC_Voltage_Target_INT."
 348      6E657261 
 348      7465645F 
 348      536F7572 
 348      63655C50 
 349 00ce 6300     		.ascii	"c\000"
 350              	.LASF10:
 351 00d0 646F7562 		.ascii	"double\000"
 351      6C6500
 352              	.LASF16:
 353 00d7 474E5520 		.ascii	"GNU C 4.4.1\000"
 353      4320342E 
 353      342E3100 
 354              	.LASF3:
 355 00e3 73686F72 		.ascii	"short unsigned int\000"
 355      7420756E 
 355      7369676E 
 355      65642069 
 355      6E7400
 356              	.LASF0:
 357 00f6 7369676E 		.ascii	"signed char\000"
 357      65642063 
 357      68617200 
 358              	.LASF13:
 359 0102 4144435F 		.ascii	"ADC_Voltage_Target_ISR2\000"
 359      566F6C74 
 359      6167655F 
 359      54617267 
 359      65745F49 
 360              	.LASF14:
 361 011a 4144435F 		.ascii	"ADC_Voltage_Target_ISR3\000"
 361      566F6C74 
 361      6167655F 
 361      54617267 
 361      65745F49 
 362              	.LASF15:
 363 0132 4144435F 		.ascii	"ADC_Voltage_Target_ISR4\000"
 363      566F6C74 
 363      6167655F 
 363      54617267 
 363      65745F49 
 364              	.LASF12:
 365 014a 4144435F 		.ascii	"ADC_Voltage_Target_ISR1\000"
 365      566F6C74 
 365      6167655F 
 365      54617267 
 365      65745F49 
 366              	.LASF9:
 367 0162 666C6F61 		.ascii	"float\000"
 367      7400
 368              	.LASF2:
 369 0168 73686F72 		.ascii	"short int\000"
 369      7420696E 
 369      7400
ARM GAS  C:\DOCUME~1\ADMINI~1\LOCALS~1\Temp\cc9gz4qV.s 			page 12


 370              		.ident	"GCC: (Sourcery G++ Lite 2010q1-188) 4.4.1"
