ARM GAS  C:\DOCUME~1\ADMINI~1\LOCALS~1\Temp\ccouDQWf.s 			page 1


   1              		.syntax unified
   2              		.cpu cortex-m3
   3              		.fpu softvfp
   4              		.eabi_attribute 20, 1
   5              		.eabi_attribute 21, 1
   6              		.eabi_attribute 23, 3
   7              		.eabi_attribute 24, 1
   8              		.eabi_attribute 25, 1
   9              		.eabi_attribute 26, 1
  10              		.eabi_attribute 30, 4
  11              		.eabi_attribute 18, 4
  12              		.thumb
  13              		.file	"AMux.c"
  14              		.section	.debug_abbrev,"",%progbits
  15              	.Ldebug_abbrev0:
  16              		.section	.debug_info,"",%progbits
  17              	.Ldebug_info0:
  18              		.section	.debug_line,"",%progbits
  19              	.Ldebug_line0:
  20 0000 A1000000 		.text
  20      02005D00 
  20      00000201 
  20      FB0E0D00 
  20      01010101 
  21              	.Ltext0:
  22              		.cfi_sections	.debug_frame
  23              		.section	.text.AMux_Start,"ax",%progbits
  24              		.align	1
  25              		.global	AMux_Start
  26              		.thumb
  27              		.thumb_func
  28              		.type	AMux_Start, %function
  29              	AMux_Start:
  30              	.LFB0:
  31              		.file 1 ".\\Generated_Source\\PSoC5\\AMux.c"
   1:.\Generated_Source\PSoC5/AMux.c **** /*******************************************************************************
   2:.\Generated_Source\PSoC5/AMux.c **** * File Name: AMux.c
   3:.\Generated_Source\PSoC5/AMux.c **** * Version 1.70
   4:.\Generated_Source\PSoC5/AMux.c **** *
   5:.\Generated_Source\PSoC5/AMux.c **** *  Description:
   6:.\Generated_Source\PSoC5/AMux.c **** *    This file contains all functions required for the analog multiplexer
   7:.\Generated_Source\PSoC5/AMux.c **** *    AMux User Module.
   8:.\Generated_Source\PSoC5/AMux.c **** *
   9:.\Generated_Source\PSoC5/AMux.c **** *   Note:
  10:.\Generated_Source\PSoC5/AMux.c **** *
  11:.\Generated_Source\PSoC5/AMux.c **** *******************************************************************************
  12:.\Generated_Source\PSoC5/AMux.c **** * Copyright 2008-2010, Cypress Semiconductor Corporation.  All rights reserved.
  13:.\Generated_Source\PSoC5/AMux.c **** * You may use this file only in accordance with the license, terms, conditions, 
  14:.\Generated_Source\PSoC5/AMux.c **** * disclaimers, and limitations in the end user license agreement accompanying 
  15:.\Generated_Source\PSoC5/AMux.c **** * the software package with which this file was provided.
  16:.\Generated_Source\PSoC5/AMux.c **** ********************************************************************************/
  17:.\Generated_Source\PSoC5/AMux.c **** 
  18:.\Generated_Source\PSoC5/AMux.c **** #include "AMux.h"
  19:.\Generated_Source\PSoC5/AMux.c **** 
  20:.\Generated_Source\PSoC5/AMux.c **** uint8 AMux_lastChannel = AMux_NULL_CHANNEL;
  21:.\Generated_Source\PSoC5/AMux.c **** 
  22:.\Generated_Source\PSoC5/AMux.c **** 
ARM GAS  C:\DOCUME~1\ADMINI~1\LOCALS~1\Temp\ccouDQWf.s 			page 2


  23:.\Generated_Source\PSoC5/AMux.c **** /*******************************************************************************
  24:.\Generated_Source\PSoC5/AMux.c **** * Function Name: AMux_Start
  25:.\Generated_Source\PSoC5/AMux.c **** ********************************************************************************
  26:.\Generated_Source\PSoC5/AMux.c **** * Summary:
  27:.\Generated_Source\PSoC5/AMux.c **** *  Disconnect all channels.
  28:.\Generated_Source\PSoC5/AMux.c **** *
  29:.\Generated_Source\PSoC5/AMux.c **** * Parameters:
  30:.\Generated_Source\PSoC5/AMux.c **** *  void
  31:.\Generated_Source\PSoC5/AMux.c **** *
  32:.\Generated_Source\PSoC5/AMux.c **** * Return:
  33:.\Generated_Source\PSoC5/AMux.c **** *  void
  34:.\Generated_Source\PSoC5/AMux.c **** *
  35:.\Generated_Source\PSoC5/AMux.c **** *******************************************************************************/
  36:.\Generated_Source\PSoC5/AMux.c **** void AMux_Start(void)
  37:.\Generated_Source\PSoC5/AMux.c **** {
  32              		.loc 1 37 0
  33              		.cfi_startproc
  34              		@ args = 0, pretend = 0, frame = 0
  35              		@ frame_needed = 0, uses_anonymous_args = 0
  36 0000 08B5     		push	{r3, lr}
  37              	.LCFI0:
  38              		.cfi_def_cfa_offset 8
  38:.\Generated_Source\PSoC5/AMux.c ****     uint8 chan;
  39:.\Generated_Source\PSoC5/AMux.c **** 
  40:.\Generated_Source\PSoC5/AMux.c ****     for(chan = 0; chan < AMux_CHANNELS ; chan++)
  41:.\Generated_Source\PSoC5/AMux.c ****     {
  42:.\Generated_Source\PSoC5/AMux.c **** #if(AMux_MUXTYPE == AMux_MUX_SINGLE)
  43:.\Generated_Source\PSoC5/AMux.c ****         AMux_Unset(chan);
  39              		.loc 1 43 0
  40 0002 0020     		movs	r0, #0
  41              		.cfi_offset 14, -4
  42              		.cfi_offset 3, -8
  43 0004 FFF7FEFF 		bl	AMux_Unset
  44 0008 0120     		movs	r0, #1
  45 000a FFF7FEFF 		bl	AMux_Unset
  44:.\Generated_Source\PSoC5/AMux.c **** #else
  45:.\Generated_Source\PSoC5/AMux.c ****         AMux_CYAMUXSIDE_A_Unset(chan);
  46:.\Generated_Source\PSoC5/AMux.c ****         AMux_CYAMUXSIDE_B_Unset(chan);
  47:.\Generated_Source\PSoC5/AMux.c **** #endif
  48:.\Generated_Source\PSoC5/AMux.c ****     }
  49:.\Generated_Source\PSoC5/AMux.c **** 
  50:.\Generated_Source\PSoC5/AMux.c **** 	AMux_lastChannel = AMux_NULL_CHANNEL;
  46              		.loc 1 50 0
  47 000e 024B     		ldr	r3, .L3
  48 0010 4FF0FF32 		mov	r2, #-1
  49 0014 1A70     		strb	r2, [r3, #0]
  51:.\Generated_Source\PSoC5/AMux.c **** }
  50              		.loc 1 51 0
  51 0016 08BD     		pop	{r3, pc}
  52              	.L4:
  53              		.align	2
  54              	.L3:
  55 0018 00000000 		.word	.LANCHOR0
  56              		.cfi_endproc
  57              	.LFE0:
  58              		.size	AMux_Start, .-AMux_Start
  59              		.section	.text.AMux_FastSelect,"ax",%progbits
ARM GAS  C:\DOCUME~1\ADMINI~1\LOCALS~1\Temp\ccouDQWf.s 			page 3


  60              		.align	1
  61              		.global	AMux_FastSelect
  62              		.thumb
  63              		.thumb_func
  64              		.type	AMux_FastSelect, %function
  65              	AMux_FastSelect:
  66              	.LFB2:
  52:.\Generated_Source\PSoC5/AMux.c **** 
  53:.\Generated_Source\PSoC5/AMux.c **** 
  54:.\Generated_Source\PSoC5/AMux.c **** #if(!AMux_ATMOSTONE)
  55:.\Generated_Source\PSoC5/AMux.c **** /*******************************************************************************
  56:.\Generated_Source\PSoC5/AMux.c **** * Function Name: AMux_Select
  57:.\Generated_Source\PSoC5/AMux.c **** ********************************************************************************
  58:.\Generated_Source\PSoC5/AMux.c **** * Summary:
  59:.\Generated_Source\PSoC5/AMux.c **** *  This functions first disconnects all channels then connects the given
  60:.\Generated_Source\PSoC5/AMux.c **** *  channel.
  61:.\Generated_Source\PSoC5/AMux.c **** *
  62:.\Generated_Source\PSoC5/AMux.c **** * Parameters:
  63:.\Generated_Source\PSoC5/AMux.c **** *  channel:  The channel to connect to the common terminal.
  64:.\Generated_Source\PSoC5/AMux.c **** *
  65:.\Generated_Source\PSoC5/AMux.c **** * Return:
  66:.\Generated_Source\PSoC5/AMux.c **** *  void
  67:.\Generated_Source\PSoC5/AMux.c **** *
  68:.\Generated_Source\PSoC5/AMux.c **** *******************************************************************************/
  69:.\Generated_Source\PSoC5/AMux.c **** void AMux_Select(uint8 channel) 
  70:.\Generated_Source\PSoC5/AMux.c **** {
  71:.\Generated_Source\PSoC5/AMux.c ****     AMux_DisconnectAll();        /* Disconnect all previous connections */
  72:.\Generated_Source\PSoC5/AMux.c ****     AMux_Connect(channel);       /* Make the given selection */
  73:.\Generated_Source\PSoC5/AMux.c ****     AMux_lastChannel = channel;  /* Update last channel */
  74:.\Generated_Source\PSoC5/AMux.c **** }
  75:.\Generated_Source\PSoC5/AMux.c **** #endif
  76:.\Generated_Source\PSoC5/AMux.c **** 
  77:.\Generated_Source\PSoC5/AMux.c **** 
  78:.\Generated_Source\PSoC5/AMux.c **** /*******************************************************************************
  79:.\Generated_Source\PSoC5/AMux.c **** * Function Name: AMux_FastSelect
  80:.\Generated_Source\PSoC5/AMux.c **** ********************************************************************************
  81:.\Generated_Source\PSoC5/AMux.c **** * Summary:
  82:.\Generated_Source\PSoC5/AMux.c **** *  This function first disconnects the last connection made with FastSelect or
  83:.\Generated_Source\PSoC5/AMux.c **** *  Select, then connects the given channel. The FastSelect function is similar
  84:.\Generated_Source\PSoC5/AMux.c **** *  to the Select function, except it is faster since it only disconnects the
  85:.\Generated_Source\PSoC5/AMux.c **** *  last channel selected rather than all channels.
  86:.\Generated_Source\PSoC5/AMux.c **** *
  87:.\Generated_Source\PSoC5/AMux.c **** * Parameters:
  88:.\Generated_Source\PSoC5/AMux.c **** *  channel:  The channel to connect to the common terminal.
  89:.\Generated_Source\PSoC5/AMux.c **** *
  90:.\Generated_Source\PSoC5/AMux.c **** * Return:
  91:.\Generated_Source\PSoC5/AMux.c **** *  void
  92:.\Generated_Source\PSoC5/AMux.c **** *
  93:.\Generated_Source\PSoC5/AMux.c **** *******************************************************************************/
  94:.\Generated_Source\PSoC5/AMux.c **** void AMux_FastSelect(uint8 channel) 
  95:.\Generated_Source\PSoC5/AMux.c **** {
  67              		.loc 1 95 0
  68              		.cfi_startproc
  69              		@ args = 0, pretend = 0, frame = 0
  70              		@ frame_needed = 0, uses_anonymous_args = 0
  71              	.LVL0:
  72 0000 10B5     		push	{r4, lr}
ARM GAS  C:\DOCUME~1\ADMINI~1\LOCALS~1\Temp\ccouDQWf.s 			page 4


  73              	.LCFI1:
  74              		.cfi_def_cfa_offset 8
  96:.\Generated_Source\PSoC5/AMux.c ****     /* Disconnect the last valid channel */
  97:.\Generated_Source\PSoC5/AMux.c ****     if( AMux_lastChannel != AMux_NULL_CHANNEL)
  75              		.loc 1 97 0
  76 0002 064B     		ldr	r3, .L9
  77              		.loc 1 95 0
  78 0004 0446     		mov	r4, r0
  79              		.cfi_offset 14, -4
  80              		.cfi_offset 4, -8
  81              		.loc 1 97 0
  82 0006 1878     		ldrb	r0, [r3, #0]	@ zero_extendqisi2
  83              	.LVL1:
  84 0008 FF28     		cmp	r0, #255
  85 000a 01D0     		beq	.L6
  98:.\Generated_Source\PSoC5/AMux.c ****     {
  99:.\Generated_Source\PSoC5/AMux.c ****         AMux_Disconnect(AMux_lastChannel);
  86              		.loc 1 99 0
  87 000c FFF7FEFF 		bl	AMux_Unset
  88              	.L6:
 100:.\Generated_Source\PSoC5/AMux.c ****     }
 101:.\Generated_Source\PSoC5/AMux.c **** 
 102:.\Generated_Source\PSoC5/AMux.c ****     /* Make the new channel connection */
 103:.\Generated_Source\PSoC5/AMux.c **** #if(AMux_MUXTYPE == AMux_MUX_SINGLE)
 104:.\Generated_Source\PSoC5/AMux.c ****     AMux_Set(channel);
  89              		.loc 1 104 0
  90 0010 2046     		mov	r0, r4
  91 0012 FFF7FEFF 		bl	AMux_Set
 105:.\Generated_Source\PSoC5/AMux.c **** #else
 106:.\Generated_Source\PSoC5/AMux.c ****     AMux_CYAMUXSIDE_A_Set(channel);
 107:.\Generated_Source\PSoC5/AMux.c ****     AMux_CYAMUXSIDE_B_Set(channel);
 108:.\Generated_Source\PSoC5/AMux.c **** #endif
 109:.\Generated_Source\PSoC5/AMux.c **** 
 110:.\Generated_Source\PSoC5/AMux.c **** 
 111:.\Generated_Source\PSoC5/AMux.c **** 	AMux_lastChannel = channel;   /* Update last channel */
  92              		.loc 1 111 0
  93 0016 014B     		ldr	r3, .L9
  94 0018 1C70     		strb	r4, [r3, #0]
 112:.\Generated_Source\PSoC5/AMux.c **** }
  95              		.loc 1 112 0
  96 001a 10BD     		pop	{r4, pc}
  97              	.L10:
  98              		.align	2
  99              	.L9:
 100 001c 00000000 		.word	.LANCHOR0
 101              		.cfi_endproc
 102              	.LFE2:
 103              		.size	AMux_FastSelect, .-AMux_FastSelect
 104              		.section	.text.AMux_Select,"ax",%progbits
 105              		.align	1
 106              		.global	AMux_Select
 107              		.thumb
 108              		.thumb_func
 109              		.type	AMux_Select, %function
 110              	AMux_Select:
 111              	.LFB1:
 112              		.loc 1 70 0
ARM GAS  C:\DOCUME~1\ADMINI~1\LOCALS~1\Temp\ccouDQWf.s 			page 5


 113              		.cfi_startproc
 114              		@ args = 0, pretend = 0, frame = 0
 115              		@ frame_needed = 0, uses_anonymous_args = 0
 116              	.LVL2:
 117 0000 10B5     		push	{r4, lr}
 118              	.LCFI2:
 119              		.cfi_def_cfa_offset 8
 120              		.loc 1 70 0
 121 0002 0446     		mov	r4, r0
 122              		.cfi_offset 14, -4
 123              		.cfi_offset 4, -8
 124              		.loc 1 71 0
 125 0004 FFF7FEFF 		bl	AMux_Start
 126              	.LVL3:
 127              		.loc 1 72 0
 128 0008 2046     		mov	r0, r4
 129 000a FFF7FEFF 		bl	AMux_Set
 130              		.loc 1 73 0
 131 000e 014B     		ldr	r3, .L13
 132 0010 1C70     		strb	r4, [r3, #0]
 133              		.loc 1 74 0
 134 0012 10BD     		pop	{r4, pc}
 135              	.L14:
 136              		.align	2
 137              	.L13:
 138 0014 00000000 		.word	.LANCHOR0
 139              		.cfi_endproc
 140              	.LFE1:
 141              		.size	AMux_Select, .-AMux_Select
 142              		.global	AMux_lastChannel
 143              		.data
 144              		.set	.LANCHOR0,. + 0
 145              		.type	AMux_lastChannel, %object
 146              		.size	AMux_lastChannel, 1
 147              	AMux_lastChannel:
 148 0000 FF       		.byte	-1
 149              		.text
 150              	.Letext0:
 151              		.section	.debug_loc,"",%progbits
 152              	.Ldebug_loc0:
 153              	.LLST0:
 154 0000 00000000 		.4byte	.LFB0
 155 0004 02000000 		.4byte	.LCFI0
 156 0008 0100     		.2byte	0x1
 157 000a 5D       		.byte	0x5d
 158 000b 02000000 		.4byte	.LCFI0
 159 000f 1C000000 		.4byte	.LFE0
 160 0013 0200     		.2byte	0x2
 161 0015 7D       		.byte	0x7d
 162 0016 08       		.sleb128 8
 163 0017 00000000 		.4byte	0x0
 164 001b 00000000 		.4byte	0x0
 165              	.LLST1:
 166 001f 00000000 		.4byte	.LFB2
 167 0023 02000000 		.4byte	.LCFI1
 168 0027 0100     		.2byte	0x1
 169 0029 5D       		.byte	0x5d
ARM GAS  C:\DOCUME~1\ADMINI~1\LOCALS~1\Temp\ccouDQWf.s 			page 6


 170 002a 02000000 		.4byte	.LCFI1
 171 002e 20000000 		.4byte	.LFE2
 172 0032 0200     		.2byte	0x2
 173 0034 7D       		.byte	0x7d
 174 0035 08       		.sleb128 8
 175 0036 00000000 		.4byte	0x0
 176 003a 00000000 		.4byte	0x0
 177              	.LLST2:
 178 003e 00000000 		.4byte	.LVL0
 179 0042 08000000 		.4byte	.LVL1
 180 0046 0100     		.2byte	0x1
 181 0048 50       		.byte	0x50
 182 0049 08000000 		.4byte	.LVL1
 183 004d 20000000 		.4byte	.LFE2
 184 0051 0100     		.2byte	0x1
 185 0053 54       		.byte	0x54
 186 0054 00000000 		.4byte	0x0
 187 0058 00000000 		.4byte	0x0
 188              	.LLST3:
 189 005c 00000000 		.4byte	.LFB1
 190 0060 02000000 		.4byte	.LCFI2
 191 0064 0100     		.2byte	0x1
 192 0066 5D       		.byte	0x5d
 193 0067 02000000 		.4byte	.LCFI2
 194 006b 18000000 		.4byte	.LFE1
 195 006f 0200     		.2byte	0x2
 196 0071 7D       		.byte	0x7d
 197 0072 08       		.sleb128 8
 198 0073 00000000 		.4byte	0x0
 199 0077 00000000 		.4byte	0x0
 200              	.LLST4:
 201 007b 00000000 		.4byte	.LVL2
 202 007f 08000000 		.4byte	.LVL3
 203 0083 0100     		.2byte	0x1
 204 0085 50       		.byte	0x50
 205 0086 08000000 		.4byte	.LVL3
 206 008a 18000000 		.4byte	.LFE1
 207 008e 0100     		.2byte	0x1
 208 0090 54       		.byte	0x54
 209 0091 00000000 		.4byte	0x0
 210 0095 00000000 		.4byte	0x0
 211              		.file 2 ".\\Generated_Source\\PSoC5\\/cytypes.h"
 212              		.section	.debug_info
 213 0000 15010000 		.4byte	0x115
 214 0004 0200     		.2byte	0x2
 215 0006 00000000 		.4byte	.Ldebug_abbrev0
 216 000a 04       		.byte	0x4
 217 000b 01       		.uleb128 0x1
 218 000c B7000000 		.4byte	.LASF16
 219 0010 01       		.byte	0x1
 220 0011 E1000000 		.4byte	.LASF17
 221 0015 0D010000 		.4byte	.LASF18
 222 0019 00000000 		.4byte	0x0
 223 001d 00000000 		.4byte	0x0
 224 0021 00000000 		.4byte	.Ldebug_ranges0+0x0
 225 0025 00000000 		.4byte	.Ldebug_line0
 226 0029 02       		.uleb128 0x2
ARM GAS  C:\DOCUME~1\ADMINI~1\LOCALS~1\Temp\ccouDQWf.s 			page 7


 227 002a 01       		.byte	0x1
 228 002b 06       		.byte	0x6
 229 002c 01010000 		.4byte	.LASF0
 230 0030 02       		.uleb128 0x2
 231 0031 01       		.byte	0x1
 232 0032 08       		.byte	0x8
 233 0033 2D000000 		.4byte	.LASF1
 234 0037 02       		.uleb128 0x2
 235 0038 02       		.byte	0x2
 236 0039 05       		.byte	0x5
 237 003a C8000000 		.4byte	.LASF2
 238 003e 02       		.uleb128 0x2
 239 003f 02       		.byte	0x2
 240 0040 07       		.byte	0x7
 241 0041 58000000 		.4byte	.LASF3
 242 0045 02       		.uleb128 0x2
 243 0046 04       		.byte	0x4
 244 0047 05       		.byte	0x5
 245 0048 D8000000 		.4byte	.LASF4
 246 004c 02       		.uleb128 0x2
 247 004d 04       		.byte	0x4
 248 004e 07       		.byte	0x7
 249 004f 46000000 		.4byte	.LASF5
 250 0053 02       		.uleb128 0x2
 251 0054 08       		.byte	0x8
 252 0055 05       		.byte	0x5
 253 0056 00000000 		.4byte	.LASF6
 254 005a 02       		.uleb128 0x2
 255 005b 08       		.byte	0x8
 256 005c 07       		.byte	0x7
 257 005d 8B000000 		.4byte	.LASF7
 258 0061 03       		.uleb128 0x3
 259 0062 04       		.byte	0x4
 260 0063 05       		.byte	0x5
 261 0064 696E7400 		.ascii	"int\000"
 262 0068 02       		.uleb128 0x2
 263 0069 04       		.byte	0x4
 264 006a 07       		.byte	0x7
 265 006b 7E000000 		.4byte	.LASF8
 266 006f 04       		.uleb128 0x4
 267 0070 D2000000 		.4byte	.LASF19
 268 0074 02       		.byte	0x2
 269 0075 4C       		.byte	0x4c
 270 0076 30000000 		.4byte	0x30
 271 007a 02       		.uleb128 0x2
 272 007b 04       		.byte	0x4
 273 007c 04       		.byte	0x4
 274 007d 27000000 		.4byte	.LASF9
 275 0081 02       		.uleb128 0x2
 276 0082 08       		.byte	0x8
 277 0083 04       		.byte	0x4
 278 0084 6B000000 		.4byte	.LASF10
 279 0088 02       		.uleb128 0x2
 280 0089 01       		.byte	0x1
 281 008a 08       		.byte	0x8
 282 008b C3000000 		.4byte	.LASF11
 283 008f 05       		.uleb128 0x5
ARM GAS  C:\DOCUME~1\ADMINI~1\LOCALS~1\Temp\ccouDQWf.s 			page 8


 284 0090 01       		.byte	0x1
 285 0091 3B000000 		.4byte	.LASF12
 286 0095 01       		.byte	0x1
 287 0096 24       		.byte	0x24
 288 0097 01       		.byte	0x1
 289 0098 00000000 		.4byte	.LFB0
 290 009c 1C000000 		.4byte	.LFE0
 291 00a0 00000000 		.4byte	.LLST0
 292 00a4 B4000000 		.4byte	0xb4
 293 00a8 06       		.uleb128 0x6
 294 00a9 B2000000 		.4byte	.LASF20
 295 00ad 01       		.byte	0x1
 296 00ae 26       		.byte	0x26
 297 00af 6F000000 		.4byte	0x6f
 298 00b3 00       		.byte	0x0
 299 00b4 05       		.uleb128 0x5
 300 00b5 01       		.byte	0x1
 301 00b6 A2000000 		.4byte	.LASF13
 302 00ba 01       		.byte	0x1
 303 00bb 5E       		.byte	0x5e
 304 00bc 01       		.byte	0x1
 305 00bd 00000000 		.4byte	.LFB2
 306 00c1 20000000 		.4byte	.LFE2
 307 00c5 1F000000 		.4byte	.LLST1
 308 00c9 DD000000 		.4byte	0xdd
 309 00cd 07       		.uleb128 0x7
 310 00ce 0E000000 		.4byte	.LASF15
 311 00d2 01       		.byte	0x1
 312 00d3 5E       		.byte	0x5e
 313 00d4 6F000000 		.4byte	0x6f
 314 00d8 3E000000 		.4byte	.LLST2
 315 00dc 00       		.byte	0x0
 316 00dd 05       		.uleb128 0x5
 317 00de 01       		.byte	0x1
 318 00df 72000000 		.4byte	.LASF14
 319 00e3 01       		.byte	0x1
 320 00e4 45       		.byte	0x45
 321 00e5 01       		.byte	0x1
 322 00e6 00000000 		.4byte	.LFB1
 323 00ea 18000000 		.4byte	.LFE1
 324 00ee 5C000000 		.4byte	.LLST3
 325 00f2 06010000 		.4byte	0x106
 326 00f6 07       		.uleb128 0x7
 327 00f7 0E000000 		.4byte	.LASF15
 328 00fb 01       		.byte	0x1
 329 00fc 45       		.byte	0x45
 330 00fd 6F000000 		.4byte	0x6f
 331 0101 7B000000 		.4byte	.LLST4
 332 0105 00       		.byte	0x0
 333 0106 08       		.uleb128 0x8
 334 0107 16000000 		.4byte	.LASF21
 335 010b 01       		.byte	0x1
 336 010c 14       		.byte	0x14
 337 010d 6F000000 		.4byte	0x6f
 338 0111 01       		.byte	0x1
 339 0112 05       		.byte	0x5
 340 0113 03       		.byte	0x3
ARM GAS  C:\DOCUME~1\ADMINI~1\LOCALS~1\Temp\ccouDQWf.s 			page 9


 341 0114 00000000 		.4byte	AMux_lastChannel
 342 0118 00       		.byte	0x0
 343              		.section	.debug_abbrev
 344 0000 01       		.uleb128 0x1
 345 0001 11       		.uleb128 0x11
 346 0002 01       		.byte	0x1
 347 0003 25       		.uleb128 0x25
 348 0004 0E       		.uleb128 0xe
 349 0005 13       		.uleb128 0x13
 350 0006 0B       		.uleb128 0xb
 351 0007 03       		.uleb128 0x3
 352 0008 0E       		.uleb128 0xe
 353 0009 1B       		.uleb128 0x1b
 354 000a 0E       		.uleb128 0xe
 355 000b 11       		.uleb128 0x11
 356 000c 01       		.uleb128 0x1
 357 000d 52       		.uleb128 0x52
 358 000e 01       		.uleb128 0x1
 359 000f 55       		.uleb128 0x55
 360 0010 06       		.uleb128 0x6
 361 0011 10       		.uleb128 0x10
 362 0012 06       		.uleb128 0x6
 363 0013 00       		.byte	0x0
 364 0014 00       		.byte	0x0
 365 0015 02       		.uleb128 0x2
 366 0016 24       		.uleb128 0x24
 367 0017 00       		.byte	0x0
 368 0018 0B       		.uleb128 0xb
 369 0019 0B       		.uleb128 0xb
 370 001a 3E       		.uleb128 0x3e
 371 001b 0B       		.uleb128 0xb
 372 001c 03       		.uleb128 0x3
 373 001d 0E       		.uleb128 0xe
 374 001e 00       		.byte	0x0
 375 001f 00       		.byte	0x0
 376 0020 03       		.uleb128 0x3
 377 0021 24       		.uleb128 0x24
 378 0022 00       		.byte	0x0
 379 0023 0B       		.uleb128 0xb
 380 0024 0B       		.uleb128 0xb
 381 0025 3E       		.uleb128 0x3e
 382 0026 0B       		.uleb128 0xb
 383 0027 03       		.uleb128 0x3
 384 0028 08       		.uleb128 0x8
 385 0029 00       		.byte	0x0
 386 002a 00       		.byte	0x0
 387 002b 04       		.uleb128 0x4
 388 002c 16       		.uleb128 0x16
 389 002d 00       		.byte	0x0
 390 002e 03       		.uleb128 0x3
 391 002f 0E       		.uleb128 0xe
 392 0030 3A       		.uleb128 0x3a
 393 0031 0B       		.uleb128 0xb
 394 0032 3B       		.uleb128 0x3b
 395 0033 0B       		.uleb128 0xb
 396 0034 49       		.uleb128 0x49
 397 0035 13       		.uleb128 0x13
ARM GAS  C:\DOCUME~1\ADMINI~1\LOCALS~1\Temp\ccouDQWf.s 			page 10


 398 0036 00       		.byte	0x0
 399 0037 00       		.byte	0x0
 400 0038 05       		.uleb128 0x5
 401 0039 2E       		.uleb128 0x2e
 402 003a 01       		.byte	0x1
 403 003b 3F       		.uleb128 0x3f
 404 003c 0C       		.uleb128 0xc
 405 003d 03       		.uleb128 0x3
 406 003e 0E       		.uleb128 0xe
 407 003f 3A       		.uleb128 0x3a
 408 0040 0B       		.uleb128 0xb
 409 0041 3B       		.uleb128 0x3b
 410 0042 0B       		.uleb128 0xb
 411 0043 27       		.uleb128 0x27
 412 0044 0C       		.uleb128 0xc
 413 0045 11       		.uleb128 0x11
 414 0046 01       		.uleb128 0x1
 415 0047 12       		.uleb128 0x12
 416 0048 01       		.uleb128 0x1
 417 0049 40       		.uleb128 0x40
 418 004a 06       		.uleb128 0x6
 419 004b 01       		.uleb128 0x1
 420 004c 13       		.uleb128 0x13
 421 004d 00       		.byte	0x0
 422 004e 00       		.byte	0x0
 423 004f 06       		.uleb128 0x6
 424 0050 34       		.uleb128 0x34
 425 0051 00       		.byte	0x0
 426 0052 03       		.uleb128 0x3
 427 0053 0E       		.uleb128 0xe
 428 0054 3A       		.uleb128 0x3a
 429 0055 0B       		.uleb128 0xb
 430 0056 3B       		.uleb128 0x3b
 431 0057 0B       		.uleb128 0xb
 432 0058 49       		.uleb128 0x49
 433 0059 13       		.uleb128 0x13
 434 005a 00       		.byte	0x0
 435 005b 00       		.byte	0x0
 436 005c 07       		.uleb128 0x7
 437 005d 05       		.uleb128 0x5
 438 005e 00       		.byte	0x0
 439 005f 03       		.uleb128 0x3
 440 0060 0E       		.uleb128 0xe
 441 0061 3A       		.uleb128 0x3a
 442 0062 0B       		.uleb128 0xb
 443 0063 3B       		.uleb128 0x3b
 444 0064 0B       		.uleb128 0xb
 445 0065 49       		.uleb128 0x49
 446 0066 13       		.uleb128 0x13
 447 0067 02       		.uleb128 0x2
 448 0068 06       		.uleb128 0x6
 449 0069 00       		.byte	0x0
 450 006a 00       		.byte	0x0
 451 006b 08       		.uleb128 0x8
 452 006c 34       		.uleb128 0x34
 453 006d 00       		.byte	0x0
 454 006e 03       		.uleb128 0x3
ARM GAS  C:\DOCUME~1\ADMINI~1\LOCALS~1\Temp\ccouDQWf.s 			page 11


 455 006f 0E       		.uleb128 0xe
 456 0070 3A       		.uleb128 0x3a
 457 0071 0B       		.uleb128 0xb
 458 0072 3B       		.uleb128 0x3b
 459 0073 0B       		.uleb128 0xb
 460 0074 49       		.uleb128 0x49
 461 0075 13       		.uleb128 0x13
 462 0076 3F       		.uleb128 0x3f
 463 0077 0C       		.uleb128 0xc
 464 0078 02       		.uleb128 0x2
 465 0079 0A       		.uleb128 0xa
 466 007a 00       		.byte	0x0
 467 007b 00       		.byte	0x0
 468 007c 00       		.byte	0x0
 469              		.section	.debug_pubnames,"",%progbits
 470 0000 56000000 		.4byte	0x56
 471 0004 0200     		.2byte	0x2
 472 0006 00000000 		.4byte	.Ldebug_info0
 473 000a 19010000 		.4byte	0x119
 474 000e 8F000000 		.4byte	0x8f
 475 0012 414D7578 		.ascii	"AMux_Start\000"
 475      5F537461 
 475      727400
 476 001d B4000000 		.4byte	0xb4
 477 0021 414D7578 		.ascii	"AMux_FastSelect\000"
 477      5F466173 
 477      7453656C 
 477      65637400 
 478 0031 DD000000 		.4byte	0xdd
 479 0035 414D7578 		.ascii	"AMux_Select\000"
 479      5F53656C 
 479      65637400 
 480 0041 06010000 		.4byte	0x106
 481 0045 414D7578 		.ascii	"AMux_lastChannel\000"
 481      5F6C6173 
 481      74436861 
 481      6E6E656C 
 481      00
 482 0056 00000000 		.4byte	0x0
 483              		.section	.debug_aranges,"",%progbits
 484 0000 2C000000 		.4byte	0x2c
 485 0004 0200     		.2byte	0x2
 486 0006 00000000 		.4byte	.Ldebug_info0
 487 000a 04       		.byte	0x4
 488 000b 00       		.byte	0x0
 489 000c 0000     		.2byte	0x0
 490 000e 0000     		.2byte	0x0
 491 0010 00000000 		.4byte	.LFB0
 492 0014 1C000000 		.4byte	.LFE0-.LFB0
 493 0018 00000000 		.4byte	.LFB2
 494 001c 20000000 		.4byte	.LFE2-.LFB2
 495 0020 00000000 		.4byte	.LFB1
 496 0024 18000000 		.4byte	.LFE1-.LFB1
 497 0028 00000000 		.4byte	0x0
 498 002c 00000000 		.4byte	0x0
 499              		.section	.debug_ranges,"",%progbits
 500              	.Ldebug_ranges0:
ARM GAS  C:\DOCUME~1\ADMINI~1\LOCALS~1\Temp\ccouDQWf.s 			page 12


 501 0000 00000000 		.4byte	.Ltext0
 502 0004 00000000 		.4byte	.Letext0
 503 0008 00000000 		.4byte	.LFB0
 504 000c 1C000000 		.4byte	.LFE0
 505 0010 00000000 		.4byte	.LFB2
 506 0014 20000000 		.4byte	.LFE2
 507 0018 00000000 		.4byte	.LFB1
 508 001c 18000000 		.4byte	.LFE1
 509 0020 00000000 		.4byte	0x0
 510 0024 00000000 		.4byte	0x0
 511              		.section	.debug_str,"MS",%progbits,1
 512              	.LASF6:
 513 0000 6C6F6E67 		.ascii	"long long int\000"
 513      206C6F6E 
 513      6720696E 
 513      7400
 514              	.LASF15:
 515 000e 6368616E 		.ascii	"channel\000"
 515      6E656C00 
 516              	.LASF21:
 517 0016 414D7578 		.ascii	"AMux_lastChannel\000"
 517      5F6C6173 
 517      74436861 
 517      6E6E656C 
 517      00
 518              	.LASF9:
 519 0027 666C6F61 		.ascii	"float\000"
 519      7400
 520              	.LASF1:
 521 002d 756E7369 		.ascii	"unsigned char\000"
 521      676E6564 
 521      20636861 
 521      7200
 522              	.LASF12:
 523 003b 414D7578 		.ascii	"AMux_Start\000"
 523      5F537461 
 523      727400
 524              	.LASF5:
 525 0046 6C6F6E67 		.ascii	"long unsigned int\000"
 525      20756E73 
 525      69676E65 
 525      6420696E 
 525      7400
 526              	.LASF3:
 527 0058 73686F72 		.ascii	"short unsigned int\000"
 527      7420756E 
 527      7369676E 
 527      65642069 
 527      6E7400
 528              	.LASF10:
 529 006b 646F7562 		.ascii	"double\000"
 529      6C6500
 530              	.LASF14:
 531 0072 414D7578 		.ascii	"AMux_Select\000"
 531      5F53656C 
 531      65637400 
 532              	.LASF8:
ARM GAS  C:\DOCUME~1\ADMINI~1\LOCALS~1\Temp\ccouDQWf.s 			page 13


 533 007e 756E7369 		.ascii	"unsigned int\000"
 533      676E6564 
 533      20696E74 
 533      00
 534              	.LASF7:
 535 008b 6C6F6E67 		.ascii	"long long unsigned int\000"
 535      206C6F6E 
 535      6720756E 
 535      7369676E 
 535      65642069 
 536              	.LASF13:
 537 00a2 414D7578 		.ascii	"AMux_FastSelect\000"
 537      5F466173 
 537      7453656C 
 537      65637400 
 538              	.LASF20:
 539 00b2 6368616E 		.ascii	"chan\000"
 539      00
 540              	.LASF16:
 541 00b7 474E5520 		.ascii	"GNU C 4.4.1\000"
 541      4320342E 
 541      342E3100 
 542              	.LASF11:
 543 00c3 63686172 		.ascii	"char\000"
 543      00
 544              	.LASF2:
 545 00c8 73686F72 		.ascii	"short int\000"
 545      7420696E 
 545      7400
 546              	.LASF19:
 547 00d2 75696E74 		.ascii	"uint8\000"
 547      3800
 548              	.LASF4:
 549 00d8 6C6F6E67 		.ascii	"long int\000"
 549      20696E74 
 549      00
 550              	.LASF17:
 551 00e1 2E5C4765 		.ascii	".\\Generated_Source\\PSoC5\\AMux.c\000"
 551      6E657261 
 551      7465645F 
 551      536F7572 
 551      63655C50 
 552              	.LASF0:
 553 0101 7369676E 		.ascii	"signed char\000"
 553      65642063 
 553      68617200 
 554              	.LASF18:
 555 010d 5C5C7073 		.ascii	"\\\\psf\\Home\\Desktop\\KitProg version 2_03\\KitPr"
 555      665C486F 
 555      6D655C44 
 555      65736B74 
 555      6F705C4B 
 556 013a 6F675C4B 		.ascii	"og\\KitProg.cydsn\000"
 556      69745072 
 556      6F672E63 
 556      7964736E 
 556      00
ARM GAS  C:\DOCUME~1\ADMINI~1\LOCALS~1\Temp\ccouDQWf.s 			page 14


 557              		.ident	"GCC: (Sourcery G++ Lite 2010q1-188) 4.4.1"
