ARM GAS  C:\DOCUME~1\ADMINI~1\LOCALS~1\Temp\ccv2LmRr.s 			page 1


   1              		.syntax unified
   2              		.cpu cortex-m3
   3              		.fpu softvfp
   4              		.eabi_attribute 20, 1
   5              		.eabi_attribute 21, 1
   6              		.eabi_attribute 23, 3
   7              		.eabi_attribute 24, 1
   8              		.eabi_attribute 25, 1
   9              		.eabi_attribute 26, 1
  10              		.eabi_attribute 30, 4
  11              		.eabi_attribute 18, 4
  12              		.thumb
  13              		.file	"Cm3Start.c"
  14              		.section	.debug_abbrev,"",%progbits
  15              	.Ldebug_abbrev0:
  16              		.section	.debug_info,"",%progbits
  17              	.Ldebug_info0:
  18              		.section	.debug_line,"",%progbits
  19              	.Ldebug_line0:
  20 0000 B7000000 		.text
  20      02006C00 
  20      00000201 
  20      FB0E0D00 
  20      01010101 
  21              	.Ltext0:
  22              		.cfi_sections	.debug_frame
  23              		.section	.text.IntDefaultHandler,"ax",%progbits
  24              		.align	1
  25              		.global	IntDefaultHandler
  26              		.thumb
  27              		.thumb_func
  28              		.type	IntDefaultHandler, %function
  29              	IntDefaultHandler:
  30              	.LFB0:
  31              		.file 1 ".\\Generated_Source\\PSoC5\\Cm3Start.c"
   1:.\Generated_Source\PSoC5/Cm3Start.c **** /*******************************************************************************
   2:.\Generated_Source\PSoC5/Cm3Start.c **** * File Name: Cm3Start.c
   3:.\Generated_Source\PSoC5/Cm3Start.c **** * Version 3.40
   4:.\Generated_Source\PSoC5/Cm3Start.c **** *
   5:.\Generated_Source\PSoC5/Cm3Start.c **** *  Description:
   6:.\Generated_Source\PSoC5/Cm3Start.c **** *  Startup code for the ARM CM3.
   7:.\Generated_Source\PSoC5/Cm3Start.c **** *
   8:.\Generated_Source\PSoC5/Cm3Start.c **** ********************************************************************************
   9:.\Generated_Source\PSoC5/Cm3Start.c **** * Copyright 2008-2013, Cypress Semiconductor Corporation. All rights reserved.
  10:.\Generated_Source\PSoC5/Cm3Start.c **** * You may use this file only in accordance with the license, terms, conditions,
  11:.\Generated_Source\PSoC5/Cm3Start.c **** * disclaimers, and limitations in the end user license agreement accompanying
  12:.\Generated_Source\PSoC5/Cm3Start.c **** * the software package with which this file was provided.
  13:.\Generated_Source\PSoC5/Cm3Start.c **** *******************************************************************************/
  14:.\Generated_Source\PSoC5/Cm3Start.c **** 
  15:.\Generated_Source\PSoC5/Cm3Start.c **** #include "cydevice_trm.h"
  16:.\Generated_Source\PSoC5/Cm3Start.c **** #include "cytypes.h"
  17:.\Generated_Source\PSoC5/Cm3Start.c **** #include "cyfitter_cfg.h"
  18:.\Generated_Source\PSoC5/Cm3Start.c **** #include "CyLib.h"
  19:.\Generated_Source\PSoC5/Cm3Start.c **** #include "CyDmac.h"
  20:.\Generated_Source\PSoC5/Cm3Start.c **** #include "cyfitter.h"
  21:.\Generated_Source\PSoC5/Cm3Start.c **** 
  22:.\Generated_Source\PSoC5/Cm3Start.c **** #define NUM_INTERRUPTS              32u
ARM GAS  C:\DOCUME~1\ADMINI~1\LOCALS~1\Temp\ccv2LmRr.s 			page 2


  23:.\Generated_Source\PSoC5/Cm3Start.c **** #define NUM_VECTORS                 (CYINT_IRQ_BASE+NUM_INTERRUPTS)
  24:.\Generated_Source\PSoC5/Cm3Start.c **** #define NUM_ROM_VECTORS             4u
  25:.\Generated_Source\PSoC5/Cm3Start.c **** #define NVIC_APINT                  ((reg32 *) CYREG_NVIC_APPLN_INTR)
  26:.\Generated_Source\PSoC5/Cm3Start.c **** #define NVIC_CFG_CTRL               ((reg32 *) CYREG_NVIC_CFG_CONTROL)
  27:.\Generated_Source\PSoC5/Cm3Start.c **** #define NVIC_APINT_PRIGROUP_3_5     0x00000400u  /* Priority group 3.5 split */
  28:.\Generated_Source\PSoC5/Cm3Start.c **** #define NVIC_APINT_VECTKEY          0x05FA0000u  /* This key is required in order to write the NVIC
  29:.\Generated_Source\PSoC5/Cm3Start.c **** #define NVIC_CFG_STACKALIGN         0x00000200u  /* This specifies that the exception stack must be
  30:.\Generated_Source\PSoC5/Cm3Start.c **** 
  31:.\Generated_Source\PSoC5/Cm3Start.c **** /* Extern functions */
  32:.\Generated_Source\PSoC5/Cm3Start.c **** extern void CyBtldr_CheckLaunch(void);
  33:.\Generated_Source\PSoC5/Cm3Start.c **** 
  34:.\Generated_Source\PSoC5/Cm3Start.c **** /* Function prototypes */
  35:.\Generated_Source\PSoC5/Cm3Start.c **** void initialize_psoc(void);
  36:.\Generated_Source\PSoC5/Cm3Start.c **** CY_ISR(IntDefaultHandler);
  37:.\Generated_Source\PSoC5/Cm3Start.c **** void Reset(void);
  38:.\Generated_Source\PSoC5/Cm3Start.c **** CY_ISR(IntDefaultHandler);
  39:.\Generated_Source\PSoC5/Cm3Start.c **** 
  40:.\Generated_Source\PSoC5/Cm3Start.c **** #if defined(__ARMCC_VERSION)
  41:.\Generated_Source\PSoC5/Cm3Start.c ****     #define INITIAL_STACK_POINTER (cyisraddress)(uint32)&Image$$ARM_LIB_STACK$$ZI$$Limit
  42:.\Generated_Source\PSoC5/Cm3Start.c **** #elif defined (__GNUC__)
  43:.\Generated_Source\PSoC5/Cm3Start.c ****     #define INITIAL_STACK_POINTER __cs3_stack
  44:.\Generated_Source\PSoC5/Cm3Start.c **** #endif  /* (__ARMCC_VERSION) */
  45:.\Generated_Source\PSoC5/Cm3Start.c **** 
  46:.\Generated_Source\PSoC5/Cm3Start.c **** /* Global variables */
  47:.\Generated_Source\PSoC5/Cm3Start.c **** CY_NOINIT static uint32 cySysNoInitDataValid;
  48:.\Generated_Source\PSoC5/Cm3Start.c **** 
  49:.\Generated_Source\PSoC5/Cm3Start.c **** 
  50:.\Generated_Source\PSoC5/Cm3Start.c **** /*******************************************************************************
  51:.\Generated_Source\PSoC5/Cm3Start.c **** * Default Ram Interrupt Vector table storage area. Must be 256-byte aligned.
  52:.\Generated_Source\PSoC5/Cm3Start.c **** *******************************************************************************/
  53:.\Generated_Source\PSoC5/Cm3Start.c **** 
  54:.\Generated_Source\PSoC5/Cm3Start.c **** __attribute__ ((section(".ramvectors")))
  55:.\Generated_Source\PSoC5/Cm3Start.c **** #if defined(__ARMCC_VERSION)
  56:.\Generated_Source\PSoC5/Cm3Start.c **** __align(256)
  57:.\Generated_Source\PSoC5/Cm3Start.c **** #elif defined (__GNUC__)
  58:.\Generated_Source\PSoC5/Cm3Start.c **** __attribute__ ((aligned(256)))
  59:.\Generated_Source\PSoC5/Cm3Start.c **** #endif
  60:.\Generated_Source\PSoC5/Cm3Start.c **** cyisraddress CyRamVectors[NUM_VECTORS];
  61:.\Generated_Source\PSoC5/Cm3Start.c **** 
  62:.\Generated_Source\PSoC5/Cm3Start.c **** 
  63:.\Generated_Source\PSoC5/Cm3Start.c **** /*******************************************************************************
  64:.\Generated_Source\PSoC5/Cm3Start.c **** * Function Name: IntDefaultHandler
  65:.\Generated_Source\PSoC5/Cm3Start.c **** ********************************************************************************
  66:.\Generated_Source\PSoC5/Cm3Start.c **** *
  67:.\Generated_Source\PSoC5/Cm3Start.c **** * Summary:
  68:.\Generated_Source\PSoC5/Cm3Start.c **** *  This function is called for all interrupts, other than reset, that get
  69:.\Generated_Source\PSoC5/Cm3Start.c **** *  called before the system is setup.
  70:.\Generated_Source\PSoC5/Cm3Start.c **** *
  71:.\Generated_Source\PSoC5/Cm3Start.c **** * Parameters:
  72:.\Generated_Source\PSoC5/Cm3Start.c **** *  None
  73:.\Generated_Source\PSoC5/Cm3Start.c **** *
  74:.\Generated_Source\PSoC5/Cm3Start.c **** * Return:
  75:.\Generated_Source\PSoC5/Cm3Start.c **** *  None
  76:.\Generated_Source\PSoC5/Cm3Start.c **** *
  77:.\Generated_Source\PSoC5/Cm3Start.c **** * Theory:
  78:.\Generated_Source\PSoC5/Cm3Start.c **** *  Any value other than zero is acceptable.
  79:.\Generated_Source\PSoC5/Cm3Start.c **** *
ARM GAS  C:\DOCUME~1\ADMINI~1\LOCALS~1\Temp\ccv2LmRr.s 			page 3


  80:.\Generated_Source\PSoC5/Cm3Start.c **** *******************************************************************************/
  81:.\Generated_Source\PSoC5/Cm3Start.c **** CY_ISR(IntDefaultHandler)
  82:.\Generated_Source\PSoC5/Cm3Start.c **** {
  32              		.loc 1 82 0
  33              		.cfi_startproc
  34              		@ args = 0, pretend = 0, frame = 0
  35              		@ frame_needed = 0, uses_anonymous_args = 0
  36              		@ link register save eliminated.
  37              	.L2:
  38 0000 FEE7     		b	.L2
  39              		.cfi_endproc
  40              	.LFE0:
  41              		.size	IntDefaultHandler, .-IntDefaultHandler
  42              		.section	.text.Reset,"ax",%progbits
  43              		.align	1
  44              		.global	Reset
  45              		.thumb
  46              		.thumb_func
  47              		.type	Reset, %function
  48              	Reset:
  49              	.LFB1:
  83:.\Generated_Source\PSoC5/Cm3Start.c **** 
  84:.\Generated_Source\PSoC5/Cm3Start.c ****     while(1)
  85:.\Generated_Source\PSoC5/Cm3Start.c ****     {
  86:.\Generated_Source\PSoC5/Cm3Start.c ****         /***********************************************************************
  87:.\Generated_Source\PSoC5/Cm3Start.c ****         * We should never get here. If we do, a serious problem occured, so go
  88:.\Generated_Source\PSoC5/Cm3Start.c ****         * into an infinite loop.
  89:.\Generated_Source\PSoC5/Cm3Start.c ****         ***********************************************************************/
  90:.\Generated_Source\PSoC5/Cm3Start.c ****     }
  91:.\Generated_Source\PSoC5/Cm3Start.c **** }
  92:.\Generated_Source\PSoC5/Cm3Start.c **** 
  93:.\Generated_Source\PSoC5/Cm3Start.c **** 
  94:.\Generated_Source\PSoC5/Cm3Start.c **** #if defined(__ARMCC_VERSION)
  95:.\Generated_Source\PSoC5/Cm3Start.c **** 
  96:.\Generated_Source\PSoC5/Cm3Start.c **** /* Local function for the device reset. */
  97:.\Generated_Source\PSoC5/Cm3Start.c **** extern void Reset(void);
  98:.\Generated_Source\PSoC5/Cm3Start.c **** 
  99:.\Generated_Source\PSoC5/Cm3Start.c **** /* Application entry point. */
 100:.\Generated_Source\PSoC5/Cm3Start.c **** extern void $Super$$main(void);
 101:.\Generated_Source\PSoC5/Cm3Start.c **** 
 102:.\Generated_Source\PSoC5/Cm3Start.c **** /* Linker-generated Stack Base addresses, Two Region and One Region */
 103:.\Generated_Source\PSoC5/Cm3Start.c **** extern uint32 Image$$ARM_LIB_STACK$$ZI$$Limit;
 104:.\Generated_Source\PSoC5/Cm3Start.c **** 
 105:.\Generated_Source\PSoC5/Cm3Start.c **** /* RealView C Library initialization. */
 106:.\Generated_Source\PSoC5/Cm3Start.c **** extern int __main(void);
 107:.\Generated_Source\PSoC5/Cm3Start.c **** 
 108:.\Generated_Source\PSoC5/Cm3Start.c **** 
 109:.\Generated_Source\PSoC5/Cm3Start.c **** /*******************************************************************************
 110:.\Generated_Source\PSoC5/Cm3Start.c **** * Function Name: Reset
 111:.\Generated_Source\PSoC5/Cm3Start.c **** ********************************************************************************
 112:.\Generated_Source\PSoC5/Cm3Start.c **** *
 113:.\Generated_Source\PSoC5/Cm3Start.c **** * Summary:
 114:.\Generated_Source\PSoC5/Cm3Start.c **** *  This function handles the reset interrupt for the RVDS/MDK toolchains.
 115:.\Generated_Source\PSoC5/Cm3Start.c **** *  This is the first bit of code that is executed at startup.
 116:.\Generated_Source\PSoC5/Cm3Start.c **** *
 117:.\Generated_Source\PSoC5/Cm3Start.c **** * Parameters:
 118:.\Generated_Source\PSoC5/Cm3Start.c **** *  None
ARM GAS  C:\DOCUME~1\ADMINI~1\LOCALS~1\Temp\ccv2LmRr.s 			page 4


 119:.\Generated_Source\PSoC5/Cm3Start.c **** *
 120:.\Generated_Source\PSoC5/Cm3Start.c **** * Return:
 121:.\Generated_Source\PSoC5/Cm3Start.c **** *  None
 122:.\Generated_Source\PSoC5/Cm3Start.c **** *
 123:.\Generated_Source\PSoC5/Cm3Start.c **** *******************************************************************************/
 124:.\Generated_Source\PSoC5/Cm3Start.c **** __asm void Reset(void)
 125:.\Generated_Source\PSoC5/Cm3Start.c **** {
 126:.\Generated_Source\PSoC5/Cm3Start.c ****     PRESERVE8
 127:.\Generated_Source\PSoC5/Cm3Start.c ****     EXTERN __main
 128:.\Generated_Source\PSoC5/Cm3Start.c ****     EXTERN CyResetStatus
 129:.\Generated_Source\PSoC5/Cm3Start.c **** 
 130:.\Generated_Source\PSoC5/Cm3Start.c ****     #if(CYDEV_BOOTLOADER_ENABLE)
 131:.\Generated_Source\PSoC5/Cm3Start.c ****         EXTERN CyBtldr_CheckLaunch
 132:.\Generated_Source\PSoC5/Cm3Start.c ****     #endif  /* (CYDEV_BOOTLOADER_ENABLE) */
 133:.\Generated_Source\PSoC5/Cm3Start.c **** 
 134:.\Generated_Source\PSoC5/Cm3Start.c **** 
 135:.\Generated_Source\PSoC5/Cm3Start.c ****     #if(CYDEV_PROJ_TYPE != CYDEV_PROJ_TYPE_LOADABLE)
 136:.\Generated_Source\PSoC5/Cm3Start.c ****         #if(CYDEV_DEBUGGING_ENABLE)
 137:.\Generated_Source\PSoC5/Cm3Start.c ****             ldr  r3, =0x400046e8 /* CYDEV_DEBUG_ENABLE_REGISTER */
 138:.\Generated_Source\PSoC5/Cm3Start.c ****             ldrb r4, [r3, #0]
 139:.\Generated_Source\PSoC5/Cm3Start.c ****             orr  r4, r4, #01
 140:.\Generated_Source\PSoC5/Cm3Start.c ****             strb r4, [r3, #0]
 141:.\Generated_Source\PSoC5/Cm3Start.c **** debugEnabled
 142:.\Generated_Source\PSoC5/Cm3Start.c ****         #endif    /* (CYDEV_DEBUGGING_ENABLE) */
 143:.\Generated_Source\PSoC5/Cm3Start.c **** 
 144:.\Generated_Source\PSoC5/Cm3Start.c ****         ldr  r3, =0x400046fa /* CYREG_RESET_SR0 */
 145:.\Generated_Source\PSoC5/Cm3Start.c ****         ldrb r2, [r3, #0]
 146:.\Generated_Source\PSoC5/Cm3Start.c **** 
 147:.\Generated_Source\PSoC5/Cm3Start.c ****     #endif  /* (CYDEV_PROJ_TYPE != CYDEV_PROJ_TYPE_LOADABLE) */
 148:.\Generated_Source\PSoC5/Cm3Start.c **** 
 149:.\Generated_Source\PSoC5/Cm3Start.c ****     ldr  r3, =0x400076BC /* CYREG_PHUB_CFGMEM23_CFG1 */
 150:.\Generated_Source\PSoC5/Cm3Start.c ****     strb r2, [r3, #0]
 151:.\Generated_Source\PSoC5/Cm3Start.c **** 
 152:.\Generated_Source\PSoC5/Cm3Start.c ****     #if(CYDEV_BOOTLOADER_ENABLE)
 153:.\Generated_Source\PSoC5/Cm3Start.c ****         bl CyBtldr_CheckLaunch
 154:.\Generated_Source\PSoC5/Cm3Start.c ****     #endif /* (CYDEV_BOOTLOADER_ENABLE) */
 155:.\Generated_Source\PSoC5/Cm3Start.c **** 
 156:.\Generated_Source\PSoC5/Cm3Start.c ****     /* Let RealView setup the libraries. */
 157:.\Generated_Source\PSoC5/Cm3Start.c ****     bl __main
 158:.\Generated_Source\PSoC5/Cm3Start.c **** 
 159:.\Generated_Source\PSoC5/Cm3Start.c ****     ALIGN
 160:.\Generated_Source\PSoC5/Cm3Start.c **** }
 161:.\Generated_Source\PSoC5/Cm3Start.c **** 
 162:.\Generated_Source\PSoC5/Cm3Start.c **** 
 163:.\Generated_Source\PSoC5/Cm3Start.c **** /*******************************************************************************
 164:.\Generated_Source\PSoC5/Cm3Start.c **** * Function Name: $Sub$$main
 165:.\Generated_Source\PSoC5/Cm3Start.c **** ********************************************************************************
 166:.\Generated_Source\PSoC5/Cm3Start.c **** *
 167:.\Generated_Source\PSoC5/Cm3Start.c **** * Summary:
 168:.\Generated_Source\PSoC5/Cm3Start.c **** *  This function is called imediatly before the users main
 169:.\Generated_Source\PSoC5/Cm3Start.c **** *
 170:.\Generated_Source\PSoC5/Cm3Start.c **** * Parameters:
 171:.\Generated_Source\PSoC5/Cm3Start.c **** *  None
 172:.\Generated_Source\PSoC5/Cm3Start.c **** *
 173:.\Generated_Source\PSoC5/Cm3Start.c **** * Return:
 174:.\Generated_Source\PSoC5/Cm3Start.c **** *  None
 175:.\Generated_Source\PSoC5/Cm3Start.c **** *
ARM GAS  C:\DOCUME~1\ADMINI~1\LOCALS~1\Temp\ccv2LmRr.s 			page 5


 176:.\Generated_Source\PSoC5/Cm3Start.c **** *******************************************************************************/
 177:.\Generated_Source\PSoC5/Cm3Start.c **** void $Sub$$main(void)
 178:.\Generated_Source\PSoC5/Cm3Start.c **** {
 179:.\Generated_Source\PSoC5/Cm3Start.c ****     initialize_psoc();
 180:.\Generated_Source\PSoC5/Cm3Start.c **** 
 181:.\Generated_Source\PSoC5/Cm3Start.c ****     /* Call original main */
 182:.\Generated_Source\PSoC5/Cm3Start.c ****     $Super$$main();
 183:.\Generated_Source\PSoC5/Cm3Start.c **** 
 184:.\Generated_Source\PSoC5/Cm3Start.c ****     /* If main returns it is undefined what we should do. */
 185:.\Generated_Source\PSoC5/Cm3Start.c ****     while (1);
 186:.\Generated_Source\PSoC5/Cm3Start.c **** }
 187:.\Generated_Source\PSoC5/Cm3Start.c **** 
 188:.\Generated_Source\PSoC5/Cm3Start.c **** #elif defined(__GNUC__)
 189:.\Generated_Source\PSoC5/Cm3Start.c **** 
 190:.\Generated_Source\PSoC5/Cm3Start.c **** extern void __cs3_stack(void);
 191:.\Generated_Source\PSoC5/Cm3Start.c **** extern void __cs3_start_c(void);
 192:.\Generated_Source\PSoC5/Cm3Start.c **** 
 193:.\Generated_Source\PSoC5/Cm3Start.c **** 
 194:.\Generated_Source\PSoC5/Cm3Start.c **** /*******************************************************************************
 195:.\Generated_Source\PSoC5/Cm3Start.c **** * Function Name: Reset
 196:.\Generated_Source\PSoC5/Cm3Start.c **** ********************************************************************************
 197:.\Generated_Source\PSoC5/Cm3Start.c **** *
 198:.\Generated_Source\PSoC5/Cm3Start.c **** * Summary:
 199:.\Generated_Source\PSoC5/Cm3Start.c **** *  This function handles the reset interrupt for the GCC toolchain.  This is the
 200:.\Generated_Source\PSoC5/Cm3Start.c **** *  first bit of code that is executed at startup.
 201:.\Generated_Source\PSoC5/Cm3Start.c **** *
 202:.\Generated_Source\PSoC5/Cm3Start.c **** * Parameters:
 203:.\Generated_Source\PSoC5/Cm3Start.c **** *  None
 204:.\Generated_Source\PSoC5/Cm3Start.c **** *
 205:.\Generated_Source\PSoC5/Cm3Start.c **** * Return:
 206:.\Generated_Source\PSoC5/Cm3Start.c **** *  None
 207:.\Generated_Source\PSoC5/Cm3Start.c **** *
 208:.\Generated_Source\PSoC5/Cm3Start.c **** *******************************************************************************/
 209:.\Generated_Source\PSoC5/Cm3Start.c **** __attribute__ ((naked))
 210:.\Generated_Source\PSoC5/Cm3Start.c **** void Reset(void)
 211:.\Generated_Source\PSoC5/Cm3Start.c **** {
  50              		.loc 1 211 0
  51              		.cfi_startproc
  52              		@ Naked Function: prologue and epilogue provided by programmer.
  53              		@ args = 0, pretend = 0, frame = 0
  54              		@ frame_needed = 0, uses_anonymous_args = 0
 212:.\Generated_Source\PSoC5/Cm3Start.c ****     __asm volatile(
  55              		.loc 1 212 0
  56              	@ 212 ".\Generated_Source\PSoC5\Cm3Start.c" 1
  57 0000 014B     		    ldr  r3, =#1073772220
  58 0002 1A70     	    strb r2, [r3, #0]
  59 0004 FFF7FEFF 	    bl __cs3_start_c
  60              	
  61              	@ 0 "" 2
 213:.\Generated_Source\PSoC5/Cm3Start.c **** #if(CYDEV_PROJ_TYPE != CYDEV_PROJ_TYPE_LOADABLE)
 214:.\Generated_Source\PSoC5/Cm3Start.c **** 
 215:.\Generated_Source\PSoC5/Cm3Start.c ****   #if(CYDEV_DEBUGGING_ENABLE)
 216:.\Generated_Source\PSoC5/Cm3Start.c ****     "    ldr  r3, =%0\n"
 217:.\Generated_Source\PSoC5/Cm3Start.c ****     "    ldrb r4, [r3, #0]\n"
 218:.\Generated_Source\PSoC5/Cm3Start.c ****     "    orr  r4, r4, #01\n"
 219:.\Generated_Source\PSoC5/Cm3Start.c ****     "    strb r4, [r3, #0]\n"
 220:.\Generated_Source\PSoC5/Cm3Start.c ****     "debugEnabled:\n"
ARM GAS  C:\DOCUME~1\ADMINI~1\LOCALS~1\Temp\ccv2LmRr.s 			page 6


 221:.\Generated_Source\PSoC5/Cm3Start.c ****   #endif    /* (CYDEV_DEBUGGING_ENABLE) */
 222:.\Generated_Source\PSoC5/Cm3Start.c **** 
 223:.\Generated_Source\PSoC5/Cm3Start.c ****     "    ldr  r3, =%1\n"
 224:.\Generated_Source\PSoC5/Cm3Start.c ****     "    ldrb r2, [r3, #0]\n"
 225:.\Generated_Source\PSoC5/Cm3Start.c ****     "    uxtb r2, r2\n"
 226:.\Generated_Source\PSoC5/Cm3Start.c **** #endif  /* (CYDEV_PROJ_TYPE != CYDEV_PROJ_TYPE_LOADABLE) */
 227:.\Generated_Source\PSoC5/Cm3Start.c **** 
 228:.\Generated_Source\PSoC5/Cm3Start.c ****     "    ldr  r3, =%2\n"
 229:.\Generated_Source\PSoC5/Cm3Start.c ****     "    strb r2, [r3, #0]\n"
 230:.\Generated_Source\PSoC5/Cm3Start.c **** 
 231:.\Generated_Source\PSoC5/Cm3Start.c **** #if(CYDEV_BOOTLOADER_ENABLE)
 232:.\Generated_Source\PSoC5/Cm3Start.c ****     "    bl CyBtldr_CheckLaunch\n"
 233:.\Generated_Source\PSoC5/Cm3Start.c **** #endif /* (CYDEV_BOOTLOADER_ENABLE) */
 234:.\Generated_Source\PSoC5/Cm3Start.c **** 
 235:.\Generated_Source\PSoC5/Cm3Start.c ****     /*  Switch to C initialization phase */
 236:.\Generated_Source\PSoC5/Cm3Start.c ****     "    bl __cs3_start_c\n" : : "i" (CYDEV_DEBUG_ENABLE_REGISTER), "i" (CYREG_RESET_SR0), "i" (CYR
 237:.\Generated_Source\PSoC5/Cm3Start.c **** }
  62              		.loc 1 237 0
  63              		.thumb
  64              		.cfi_endproc
  65              	.LFE1:
  66              		.size	Reset, .-Reset
  67              		.section	.text.initialize_psoc,"ax",%progbits
  68              		.align	1
  69              		.global	initialize_psoc
  70              		.thumb
  71              		.thumb_func
  72              		.type	initialize_psoc, %function
  73              	initialize_psoc:
  74              	.LFB2:
 238:.\Generated_Source\PSoC5/Cm3Start.c **** 
 239:.\Generated_Source\PSoC5/Cm3Start.c **** #endif /* __GNUC__ */
 240:.\Generated_Source\PSoC5/Cm3Start.c **** 
 241:.\Generated_Source\PSoC5/Cm3Start.c **** 
 242:.\Generated_Source\PSoC5/Cm3Start.c **** /*******************************************************************************
 243:.\Generated_Source\PSoC5/Cm3Start.c **** *
 244:.\Generated_Source\PSoC5/Cm3Start.c **** * Default Rom Interrupt Vector table.
 245:.\Generated_Source\PSoC5/Cm3Start.c **** *
 246:.\Generated_Source\PSoC5/Cm3Start.c **** *******************************************************************************/
 247:.\Generated_Source\PSoC5/Cm3Start.c **** #if defined(__ARMCC_VERSION)
 248:.\Generated_Source\PSoC5/Cm3Start.c ****     #pragma diag_suppress 1296
 249:.\Generated_Source\PSoC5/Cm3Start.c **** #endif
 250:.\Generated_Source\PSoC5/Cm3Start.c **** __attribute__ ((section(".romvectors")))
 251:.\Generated_Source\PSoC5/Cm3Start.c **** const cyisraddress RomVectors[NUM_ROM_VECTORS] =
 252:.\Generated_Source\PSoC5/Cm3Start.c **** {
 253:.\Generated_Source\PSoC5/Cm3Start.c ****     #if defined(__ARMCC_VERSION)
 254:.\Generated_Source\PSoC5/Cm3Start.c ****         INITIAL_STACK_POINTER,           /* The initial stack pointer  0 */
 255:.\Generated_Source\PSoC5/Cm3Start.c ****     #elif defined (__GNUC__)
 256:.\Generated_Source\PSoC5/Cm3Start.c ****         &INITIAL_STACK_POINTER,          /* The initial stack pointer  0 */
 257:.\Generated_Source\PSoC5/Cm3Start.c ****     #endif  /* (__ARMCC_VERSION) */
 258:.\Generated_Source\PSoC5/Cm3Start.c ****     (cyisraddress)&Reset,    /* The reset handler          1 */
 259:.\Generated_Source\PSoC5/Cm3Start.c ****     &IntDefaultHandler,      /* The NMI handler            2 */
 260:.\Generated_Source\PSoC5/Cm3Start.c ****     &IntDefaultHandler,      /* The hard fault handler     3 */
 261:.\Generated_Source\PSoC5/Cm3Start.c **** };
 262:.\Generated_Source\PSoC5/Cm3Start.c **** 
 263:.\Generated_Source\PSoC5/Cm3Start.c **** 
 264:.\Generated_Source\PSoC5/Cm3Start.c **** /*******************************************************************************
ARM GAS  C:\DOCUME~1\ADMINI~1\LOCALS~1\Temp\ccv2LmRr.s 			page 7


 265:.\Generated_Source\PSoC5/Cm3Start.c **** * Function Name: initialize_psoc
 266:.\Generated_Source\PSoC5/Cm3Start.c **** ********************************************************************************
 267:.\Generated_Source\PSoC5/Cm3Start.c **** *
 268:.\Generated_Source\PSoC5/Cm3Start.c **** * Summary:
 269:.\Generated_Source\PSoC5/Cm3Start.c **** *  This function used to initialize the PSoC chip before calling main.
 270:.\Generated_Source\PSoC5/Cm3Start.c **** *
 271:.\Generated_Source\PSoC5/Cm3Start.c **** * Parameters:
 272:.\Generated_Source\PSoC5/Cm3Start.c **** *  None
 273:.\Generated_Source\PSoC5/Cm3Start.c **** *
 274:.\Generated_Source\PSoC5/Cm3Start.c **** * Return:
 275:.\Generated_Source\PSoC5/Cm3Start.c **** *  None
 276:.\Generated_Source\PSoC5/Cm3Start.c **** *
 277:.\Generated_Source\PSoC5/Cm3Start.c **** *******************************************************************************/
 278:.\Generated_Source\PSoC5/Cm3Start.c **** #if (defined(__GNUC__) && !defined(__ARMCC_VERSION))
 279:.\Generated_Source\PSoC5/Cm3Start.c **** __attribute__ ((constructor(101)))
 280:.\Generated_Source\PSoC5/Cm3Start.c **** #endif
 281:.\Generated_Source\PSoC5/Cm3Start.c **** 
 282:.\Generated_Source\PSoC5/Cm3Start.c **** void initialize_psoc(void)
 283:.\Generated_Source\PSoC5/Cm3Start.c **** {
  75              		.loc 1 283 0
  76              		.cfi_startproc
  77              		@ args = 0, pretend = 0, frame = 0
  78              		@ frame_needed = 0, uses_anonymous_args = 0
 284:.\Generated_Source\PSoC5/Cm3Start.c ****     uint32 i;
 285:.\Generated_Source\PSoC5/Cm3Start.c **** 
 286:.\Generated_Source\PSoC5/Cm3Start.c ****     /* Set Priority group 5. */
 287:.\Generated_Source\PSoC5/Cm3Start.c **** 
 288:.\Generated_Source\PSoC5/Cm3Start.c ****     /* Writes to NVIC_APINT register require the VECTKEY in the upper half */
 289:.\Generated_Source\PSoC5/Cm3Start.c ****     *NVIC_APINT = NVIC_APINT_VECTKEY | NVIC_APINT_PRIGROUP_3_5;
  79              		.loc 1 289 0
  80 0000 104A     		ldr	r2, .L12
  81              		.loc 1 283 0
  82 0002 08B5     		push	{r3, lr}
  83              	.LCFI0:
  84              		.cfi_def_cfa_offset 8
  85              		.loc 1 289 0
  86 0004 104B     		ldr	r3, .L12+4
  87              		.cfi_offset 14, -4
  88              		.cfi_offset 3, -8
  89 0006 1A60     		str	r2, [r3, #0]
 290:.\Generated_Source\PSoC5/Cm3Start.c ****     *NVIC_CFG_CTRL |= NVIC_CFG_STACKALIGN;
  90              		.loc 1 290 0
  91 0008 0833     		adds	r3, r3, #8
  92 000a 1A68     		ldr	r2, [r3, #0]
  93 000c 42F40072 		orr	r2, r2, #512
  94 0010 1A60     		str	r2, [r3, #0]
  95 0012 0023     		movs	r3, #0
  96 0014 1A46     		mov	r2, r3
  97              	.LVL0:
  98              	.L9:
 291:.\Generated_Source\PSoC5/Cm3Start.c **** 
 292:.\Generated_Source\PSoC5/Cm3Start.c ****     /* Set Ram interrupt vectors to default functions. */
 293:.\Generated_Source\PSoC5/Cm3Start.c ****     for(i = 0u; i < NUM_VECTORS; i++)
 294:.\Generated_Source\PSoC5/Cm3Start.c ****     {
 295:.\Generated_Source\PSoC5/Cm3Start.c ****         CyRamVectors[i] = (i < NUM_ROM_VECTORS) ? RomVectors[i] : &IntDefaultHandler;
  99              		.loc 1 295 0
 100 0016 032A     		cmp	r2, #3
ARM GAS  C:\DOCUME~1\ADMINI~1\LOCALS~1\Temp\ccv2LmRr.s 			page 8


 101 0018 96BF     		itet	ls
 102 001a 0C49     		ldrls	r1, .L12+8
 103 001c 0C48     		ldrhi	r0, .L12+12
 104 001e C858     		ldrls	r0, [r1, r3]
 105 0020 0C49     		ldr	r1, .L12+16
 106              		.loc 1 293 0
 107 0022 0132     		adds	r2, r2, #1
 108              		.loc 1 295 0
 109 0024 C850     		str	r0, [r1, r3]
 110              		.loc 1 293 0
 111 0026 0433     		adds	r3, r3, #4
 112 0028 302A     		cmp	r2, #48
 113 002a F4D1     		bne	.L9
 296:.\Generated_Source\PSoC5/Cm3Start.c ****     }
 297:.\Generated_Source\PSoC5/Cm3Start.c **** 
 298:.\Generated_Source\PSoC5/Cm3Start.c ****     /* Was stored in CFGMEM to avoid being cleared while SRAM gets cleared */
 299:.\Generated_Source\PSoC5/Cm3Start.c ****     CyResetStatus = CY_GET_REG8(CYREG_PHUB_CFGMEM23_CFG1);
 114              		.loc 1 299 0
 115 002c 0A4B     		ldr	r3, .L12+20
 116 002e 1A78     		ldrb	r2, [r3, #0]	@ zero_extendqisi2
 117              	.LVL1:
 118 0030 0A4B     		ldr	r3, .L12+24
 119 0032 1A70     		strb	r2, [r3, #0]
 300:.\Generated_Source\PSoC5/Cm3Start.c **** 
 301:.\Generated_Source\PSoC5/Cm3Start.c ****     /* Point NVIC at the RAM vector table. */
 302:.\Generated_Source\PSoC5/Cm3Start.c ****     *CYINT_VECT_TABLE = CyRamVectors;
 120              		.loc 1 302 0
 121 0034 0A4B     		ldr	r3, .L12+28
 122 0036 1960     		str	r1, [r3, #0]
 303:.\Generated_Source\PSoC5/Cm3Start.c **** 
 304:.\Generated_Source\PSoC5/Cm3Start.c ****     /* Initialize the configuration registers. */
 305:.\Generated_Source\PSoC5/Cm3Start.c ****     cyfitter_cfg();
 123              		.loc 1 305 0
 124 0038 FFF7FEFF 		bl	cyfitter_cfg
 306:.\Generated_Source\PSoC5/Cm3Start.c **** 
 307:.\Generated_Source\PSoC5/Cm3Start.c ****     #if(0u != DMA_CHANNELS_USED__MASK0)
 308:.\Generated_Source\PSoC5/Cm3Start.c **** 
 309:.\Generated_Source\PSoC5/Cm3Start.c ****         /* Setup DMA - only necessary if the design contains a DMA component. */
 310:.\Generated_Source\PSoC5/Cm3Start.c ****         CyDmacConfigure();
 311:.\Generated_Source\PSoC5/Cm3Start.c **** 
 312:.\Generated_Source\PSoC5/Cm3Start.c ****     #endif  /* (0u != DMA_CHANNELS_USED__MASK0) */
 313:.\Generated_Source\PSoC5/Cm3Start.c ****     
 314:.\Generated_Source\PSoC5/Cm3Start.c ****     /* Actually, no need to clean this variable, just to make compiler happy. */
 315:.\Generated_Source\PSoC5/Cm3Start.c ****     cySysNoInitDataValid = 0u;
 125              		.loc 1 315 0
 126 003c 094B     		ldr	r3, .L12+32
 127 003e 0022     		movs	r2, #0
 128 0040 1A60     		str	r2, [r3, #0]
 316:.\Generated_Source\PSoC5/Cm3Start.c **** }
 129              		.loc 1 316 0
 130 0042 08BD     		pop	{r3, pc}
 131              	.L13:
 132              		.align	2
 133              	.L12:
 134 0044 0004FA05 		.word	100271104
 135 0048 0CED00E0 		.word	-536810228
 136 004c 00000000 		.word	.LANCHOR0
ARM GAS  C:\DOCUME~1\ADMINI~1\LOCALS~1\Temp\ccv2LmRr.s 			page 9


 137 0050 00000000 		.word	IntDefaultHandler
 138 0054 00000000 		.word	.LANCHOR1
 139 0058 BC760040 		.word	1073772220
 140 005c 00000000 		.word	CyResetStatus
 141 0060 08ED00E0 		.word	-536810232
 142 0064 00000000 		.word	.LANCHOR2
 143              		.cfi_endproc
 144              	.LFE2:
 145              		.size	initialize_psoc, .-initialize_psoc
 146              		.section	.init_array,"aw",%init_array
 147              		.align	2
 148 0000 00000000 		.word	initialize_psoc(target1)
 149              		.global	RomVectors
 150              		.global	CyRamVectors
 151              		.section	.romvectors,"a",%progbits
 152              		.align	2
 153              		.set	.LANCHOR0,. + 0
 154              		.type	RomVectors, %object
 155              		.size	RomVectors, 16
 156              	RomVectors:
 157 0000 00000000 		.word	__cs3_stack
 158 0004 00000000 		.word	Reset
 159 0008 00000000 		.word	IntDefaultHandler
 160 000c 00000000 		.word	IntDefaultHandler
 161              		.section	.noinit,"aw",%progbits
 162              		.align	2
 163              		.set	.LANCHOR2,. + 0
 164              		.type	cySysNoInitDataValid, %object
 165              		.size	cySysNoInitDataValid, 4
 166              	cySysNoInitDataValid:
 167 0000 00000000 		.space	4
 168              		.section	.ramvectors,"aw",%progbits
 169              		.align	8
 170              		.set	.LANCHOR1,. + 0
 171              		.type	CyRamVectors, %object
 172              		.size	CyRamVectors, 192
 173              	CyRamVectors:
 174 0000 00000000 		.space	192
 174      00000000 
 174      00000000 
 174      00000000 
 174      00000000 
 175 00c0 00000000 		.text
 175      00000000 
 175      00000000 
 175      00000000 
 175      00000000 
 176              	.Letext0:
 177              		.section	.debug_loc,"",%progbits
 178              	.Ldebug_loc0:
 179              	.LLST2:
 180 0000 00000000 		.4byte	.LFB2
 181 0004 04000000 		.4byte	.LCFI0
 182 0008 0100     		.2byte	0x1
 183 000a 5D       		.byte	0x5d
 184 000b 04000000 		.4byte	.LCFI0
 185 000f 68000000 		.4byte	.LFE2
ARM GAS  C:\DOCUME~1\ADMINI~1\LOCALS~1\Temp\ccv2LmRr.s 			page 10


 186 0013 0200     		.2byte	0x2
 187 0015 7D       		.byte	0x7d
 188 0016 08       		.sleb128 8
 189 0017 00000000 		.4byte	0x0
 190 001b 00000000 		.4byte	0x0
 191              	.LLST3:
 192 001f 16000000 		.4byte	.LVL0
 193 0023 30000000 		.4byte	.LVL1
 194 0027 0100     		.2byte	0x1
 195 0029 52       		.byte	0x52
 196 002a 00000000 		.4byte	0x0
 197 002e 00000000 		.4byte	0x0
 198              		.file 2 ".\\Generated_Source\\PSoC5\\/cytypes.h"
 199              		.file 3 ".\\Generated_Source\\PSoC5\\/CyLib.h"
 200              		.section	.debug_info
 201 0000 63010000 		.4byte	0x163
 202 0004 0200     		.2byte	0x2
 203 0006 00000000 		.4byte	.Ldebug_abbrev0
 204 000a 04       		.byte	0x4
 205 000b 01       		.uleb128 0x1
 206 000c 04010000 		.4byte	.LASF21
 207 0010 01       		.byte	0x1
 208 0011 5D010000 		.4byte	.LASF22
 209 0015 5C000000 		.4byte	.LASF23
 210 0019 00000000 		.4byte	0x0
 211 001d 00000000 		.4byte	0x0
 212 0021 00000000 		.4byte	.Ldebug_ranges0+0x0
 213 0025 00000000 		.4byte	.Ldebug_line0
 214 0029 02       		.uleb128 0x2
 215 002a 01       		.byte	0x1
 216 002b 06       		.byte	0x6
 217 002c 23010000 		.4byte	.LASF0
 218 0030 02       		.uleb128 0x2
 219 0031 01       		.byte	0x1
 220 0032 08       		.byte	0x8
 221 0033 BF000000 		.4byte	.LASF1
 222 0037 02       		.uleb128 0x2
 223 0038 02       		.byte	0x2
 224 0039 05       		.byte	0x5
 225 003a E8000000 		.4byte	.LASF2
 226 003e 02       		.uleb128 0x2
 227 003f 02       		.byte	0x2
 228 0040 07       		.byte	0x7
 229 0041 10010000 		.4byte	.LASF3
 230 0045 02       		.uleb128 0x2
 231 0046 04       		.byte	0x4
 232 0047 05       		.byte	0x5
 233 0048 D2000000 		.4byte	.LASF4
 234 004c 02       		.uleb128 0x2
 235 004d 04       		.byte	0x4
 236 004e 07       		.byte	0x7
 237 004f 4A000000 		.4byte	.LASF5
 238 0053 02       		.uleb128 0x2
 239 0054 08       		.byte	0x8
 240 0055 05       		.byte	0x5
 241 0056 00000000 		.4byte	.LASF6
 242 005a 02       		.uleb128 0x2
ARM GAS  C:\DOCUME~1\ADMINI~1\LOCALS~1\Temp\ccv2LmRr.s 			page 11


 243 005b 08       		.byte	0x8
 244 005c 07       		.byte	0x7
 245 005d 9A000000 		.4byte	.LASF7
 246 0061 03       		.uleb128 0x3
 247 0062 04       		.byte	0x4
 248 0063 05       		.byte	0x5
 249 0064 696E7400 		.ascii	"int\000"
 250 0068 02       		.uleb128 0x2
 251 0069 04       		.byte	0x4
 252 006a 07       		.byte	0x7
 253 006b 15000000 		.4byte	.LASF8
 254 006f 04       		.uleb128 0x4
 255 0070 44000000 		.4byte	.LASF9
 256 0074 02       		.byte	0x2
 257 0075 4C       		.byte	0x4c
 258 0076 30000000 		.4byte	0x30
 259 007a 04       		.uleb128 0x4
 260 007b 0E000000 		.4byte	.LASF10
 261 007f 02       		.byte	0x2
 262 0080 4E       		.byte	0x4e
 263 0081 4C000000 		.4byte	0x4c
 264 0085 02       		.uleb128 0x2
 265 0086 04       		.byte	0x4
 266 0087 04       		.byte	0x4
 267 0088 2F010000 		.4byte	.LASF11
 268 008c 02       		.uleb128 0x2
 269 008d 08       		.byte	0x8
 270 008e 04       		.byte	0x4
 271 008f FD000000 		.4byte	.LASF12
 272 0093 02       		.uleb128 0x2
 273 0094 01       		.byte	0x1
 274 0095 08       		.byte	0x8
 275 0096 CD000000 		.4byte	.LASF13
 276 009a 04       		.uleb128 0x4
 277 009b DB000000 		.4byte	.LASF14
 278 009f 02       		.byte	0x2
 279 00a0 EB       		.byte	0xeb
 280 00a1 A5000000 		.4byte	0xa5
 281 00a5 05       		.uleb128 0x5
 282 00a6 04       		.byte	0x4
 283 00a7 AB000000 		.4byte	0xab
 284 00ab 06       		.uleb128 0x6
 285 00ac 01       		.byte	0x1
 286 00ad 07       		.uleb128 0x7
 287 00ae 04       		.byte	0x4
 288 00af 07       		.byte	0x7
 289 00b0 08       		.uleb128 0x8
 290 00b1 01       		.byte	0x1
 291 00b2 22000000 		.4byte	.LASF15
 292 00b6 01       		.byte	0x1
 293 00b7 51       		.byte	0x51
 294 00b8 01       		.byte	0x1
 295 00b9 00000000 		.4byte	.LFB0
 296 00bd 02000000 		.4byte	.LFE0
 297 00c1 01       		.byte	0x1
 298 00c2 5D       		.byte	0x5d
 299 00c3 08       		.uleb128 0x8
ARM GAS  C:\DOCUME~1\ADMINI~1\LOCALS~1\Temp\ccv2LmRr.s 			page 12


 300 00c4 01       		.byte	0x1
 301 00c5 42010000 		.4byte	.LASF16
 302 00c9 01       		.byte	0x1
 303 00ca D2       		.byte	0xd2
 304 00cb 01       		.byte	0x1
 305 00cc 00000000 		.4byte	.LFB1
 306 00d0 08000000 		.4byte	.LFE1
 307 00d4 01       		.byte	0x1
 308 00d5 5D       		.byte	0x5d
 309 00d6 09       		.uleb128 0x9
 310 00d7 01       		.byte	0x1
 311 00d8 34000000 		.4byte	.LASF24
 312 00dc 01       		.byte	0x1
 313 00dd 1A01     		.2byte	0x11a
 314 00df 01       		.byte	0x1
 315 00e0 00000000 		.4byte	.LFB2
 316 00e4 68000000 		.4byte	.LFE2
 317 00e8 00000000 		.4byte	.LLST2
 318 00ec FF000000 		.4byte	0xff
 319 00f0 0A       		.uleb128 0xa
 320 00f1 6900     		.ascii	"i\000"
 321 00f3 01       		.byte	0x1
 322 00f4 1C01     		.2byte	0x11c
 323 00f6 7A000000 		.4byte	0x7a
 324 00fa 1F000000 		.4byte	.LLST3
 325 00fe 00       		.byte	0x0
 326 00ff 0B       		.uleb128 0xb
 327 0100 48010000 		.4byte	.LASF17
 328 0104 01       		.byte	0x1
 329 0105 2F       		.byte	0x2f
 330 0106 7A000000 		.4byte	0x7a
 331 010a 05       		.byte	0x5
 332 010b 03       		.byte	0x3
 333 010c 00000000 		.4byte	cySysNoInitDataValid
 334 0110 0C       		.uleb128 0xc
 335 0111 B1000000 		.4byte	.LASF18
 336 0115 03       		.byte	0x3
 337 0116 31       		.byte	0x31
 338 0117 6F000000 		.4byte	0x6f
 339 011b 01       		.byte	0x1
 340 011c 01       		.byte	0x1
 341 011d 0D       		.uleb128 0xd
 342 011e 9A000000 		.4byte	0x9a
 343 0122 2D010000 		.4byte	0x12d
 344 0126 0E       		.uleb128 0xe
 345 0127 AD000000 		.4byte	0xad
 346 012b 2F       		.byte	0x2f
 347 012c 00       		.byte	0x0
 348 012d 0F       		.uleb128 0xf
 349 012e 35010000 		.4byte	.LASF19
 350 0132 01       		.byte	0x1
 351 0133 3C       		.byte	0x3c
 352 0134 1D010000 		.4byte	0x11d
 353 0138 01       		.byte	0x1
 354 0139 05       		.byte	0x5
 355 013a 03       		.byte	0x3
 356 013b 00000000 		.4byte	CyRamVectors
ARM GAS  C:\DOCUME~1\ADMINI~1\LOCALS~1\Temp\ccv2LmRr.s 			page 13


 357 013f 0D       		.uleb128 0xd
 358 0140 9A000000 		.4byte	0x9a
 359 0144 4F010000 		.4byte	0x14f
 360 0148 0E       		.uleb128 0xe
 361 0149 AD000000 		.4byte	0xad
 362 014d 03       		.byte	0x3
 363 014e 00       		.byte	0x0
 364 014f 0F       		.uleb128 0xf
 365 0150 F2000000 		.4byte	.LASF20
 366 0154 01       		.byte	0x1
 367 0155 FB       		.byte	0xfb
 368 0156 61010000 		.4byte	0x161
 369 015a 01       		.byte	0x1
 370 015b 05       		.byte	0x5
 371 015c 03       		.byte	0x3
 372 015d 00000000 		.4byte	RomVectors
 373 0161 10       		.uleb128 0x10
 374 0162 3F010000 		.4byte	0x13f
 375 0166 00       		.byte	0x0
 376              		.section	.debug_abbrev
 377 0000 01       		.uleb128 0x1
 378 0001 11       		.uleb128 0x11
 379 0002 01       		.byte	0x1
 380 0003 25       		.uleb128 0x25
 381 0004 0E       		.uleb128 0xe
 382 0005 13       		.uleb128 0x13
 383 0006 0B       		.uleb128 0xb
 384 0007 03       		.uleb128 0x3
 385 0008 0E       		.uleb128 0xe
 386 0009 1B       		.uleb128 0x1b
 387 000a 0E       		.uleb128 0xe
 388 000b 11       		.uleb128 0x11
 389 000c 01       		.uleb128 0x1
 390 000d 52       		.uleb128 0x52
 391 000e 01       		.uleb128 0x1
 392 000f 55       		.uleb128 0x55
 393 0010 06       		.uleb128 0x6
 394 0011 10       		.uleb128 0x10
 395 0012 06       		.uleb128 0x6
 396 0013 00       		.byte	0x0
 397 0014 00       		.byte	0x0
 398 0015 02       		.uleb128 0x2
 399 0016 24       		.uleb128 0x24
 400 0017 00       		.byte	0x0
 401 0018 0B       		.uleb128 0xb
 402 0019 0B       		.uleb128 0xb
 403 001a 3E       		.uleb128 0x3e
 404 001b 0B       		.uleb128 0xb
 405 001c 03       		.uleb128 0x3
 406 001d 0E       		.uleb128 0xe
 407 001e 00       		.byte	0x0
 408 001f 00       		.byte	0x0
 409 0020 03       		.uleb128 0x3
 410 0021 24       		.uleb128 0x24
 411 0022 00       		.byte	0x0
 412 0023 0B       		.uleb128 0xb
 413 0024 0B       		.uleb128 0xb
ARM GAS  C:\DOCUME~1\ADMINI~1\LOCALS~1\Temp\ccv2LmRr.s 			page 14


 414 0025 3E       		.uleb128 0x3e
 415 0026 0B       		.uleb128 0xb
 416 0027 03       		.uleb128 0x3
 417 0028 08       		.uleb128 0x8
 418 0029 00       		.byte	0x0
 419 002a 00       		.byte	0x0
 420 002b 04       		.uleb128 0x4
 421 002c 16       		.uleb128 0x16
 422 002d 00       		.byte	0x0
 423 002e 03       		.uleb128 0x3
 424 002f 0E       		.uleb128 0xe
 425 0030 3A       		.uleb128 0x3a
 426 0031 0B       		.uleb128 0xb
 427 0032 3B       		.uleb128 0x3b
 428 0033 0B       		.uleb128 0xb
 429 0034 49       		.uleb128 0x49
 430 0035 13       		.uleb128 0x13
 431 0036 00       		.byte	0x0
 432 0037 00       		.byte	0x0
 433 0038 05       		.uleb128 0x5
 434 0039 0F       		.uleb128 0xf
 435 003a 00       		.byte	0x0
 436 003b 0B       		.uleb128 0xb
 437 003c 0B       		.uleb128 0xb
 438 003d 49       		.uleb128 0x49
 439 003e 13       		.uleb128 0x13
 440 003f 00       		.byte	0x0
 441 0040 00       		.byte	0x0
 442 0041 06       		.uleb128 0x6
 443 0042 15       		.uleb128 0x15
 444 0043 00       		.byte	0x0
 445 0044 27       		.uleb128 0x27
 446 0045 0C       		.uleb128 0xc
 447 0046 00       		.byte	0x0
 448 0047 00       		.byte	0x0
 449 0048 07       		.uleb128 0x7
 450 0049 24       		.uleb128 0x24
 451 004a 00       		.byte	0x0
 452 004b 0B       		.uleb128 0xb
 453 004c 0B       		.uleb128 0xb
 454 004d 3E       		.uleb128 0x3e
 455 004e 0B       		.uleb128 0xb
 456 004f 00       		.byte	0x0
 457 0050 00       		.byte	0x0
 458 0051 08       		.uleb128 0x8
 459 0052 2E       		.uleb128 0x2e
 460 0053 00       		.byte	0x0
 461 0054 3F       		.uleb128 0x3f
 462 0055 0C       		.uleb128 0xc
 463 0056 03       		.uleb128 0x3
 464 0057 0E       		.uleb128 0xe
 465 0058 3A       		.uleb128 0x3a
 466 0059 0B       		.uleb128 0xb
 467 005a 3B       		.uleb128 0x3b
 468 005b 0B       		.uleb128 0xb
 469 005c 27       		.uleb128 0x27
 470 005d 0C       		.uleb128 0xc
ARM GAS  C:\DOCUME~1\ADMINI~1\LOCALS~1\Temp\ccv2LmRr.s 			page 15


 471 005e 11       		.uleb128 0x11
 472 005f 01       		.uleb128 0x1
 473 0060 12       		.uleb128 0x12
 474 0061 01       		.uleb128 0x1
 475 0062 40       		.uleb128 0x40
 476 0063 0A       		.uleb128 0xa
 477 0064 00       		.byte	0x0
 478 0065 00       		.byte	0x0
 479 0066 09       		.uleb128 0x9
 480 0067 2E       		.uleb128 0x2e
 481 0068 01       		.byte	0x1
 482 0069 3F       		.uleb128 0x3f
 483 006a 0C       		.uleb128 0xc
 484 006b 03       		.uleb128 0x3
 485 006c 0E       		.uleb128 0xe
 486 006d 3A       		.uleb128 0x3a
 487 006e 0B       		.uleb128 0xb
 488 006f 3B       		.uleb128 0x3b
 489 0070 05       		.uleb128 0x5
 490 0071 27       		.uleb128 0x27
 491 0072 0C       		.uleb128 0xc
 492 0073 11       		.uleb128 0x11
 493 0074 01       		.uleb128 0x1
 494 0075 12       		.uleb128 0x12
 495 0076 01       		.uleb128 0x1
 496 0077 40       		.uleb128 0x40
 497 0078 06       		.uleb128 0x6
 498 0079 01       		.uleb128 0x1
 499 007a 13       		.uleb128 0x13
 500 007b 00       		.byte	0x0
 501 007c 00       		.byte	0x0
 502 007d 0A       		.uleb128 0xa
 503 007e 34       		.uleb128 0x34
 504 007f 00       		.byte	0x0
 505 0080 03       		.uleb128 0x3
 506 0081 08       		.uleb128 0x8
 507 0082 3A       		.uleb128 0x3a
 508 0083 0B       		.uleb128 0xb
 509 0084 3B       		.uleb128 0x3b
 510 0085 05       		.uleb128 0x5
 511 0086 49       		.uleb128 0x49
 512 0087 13       		.uleb128 0x13
 513 0088 02       		.uleb128 0x2
 514 0089 06       		.uleb128 0x6
 515 008a 00       		.byte	0x0
 516 008b 00       		.byte	0x0
 517 008c 0B       		.uleb128 0xb
 518 008d 34       		.uleb128 0x34
 519 008e 00       		.byte	0x0
 520 008f 03       		.uleb128 0x3
 521 0090 0E       		.uleb128 0xe
 522 0091 3A       		.uleb128 0x3a
 523 0092 0B       		.uleb128 0xb
 524 0093 3B       		.uleb128 0x3b
 525 0094 0B       		.uleb128 0xb
 526 0095 49       		.uleb128 0x49
 527 0096 13       		.uleb128 0x13
ARM GAS  C:\DOCUME~1\ADMINI~1\LOCALS~1\Temp\ccv2LmRr.s 			page 16


 528 0097 02       		.uleb128 0x2
 529 0098 0A       		.uleb128 0xa
 530 0099 00       		.byte	0x0
 531 009a 00       		.byte	0x0
 532 009b 0C       		.uleb128 0xc
 533 009c 34       		.uleb128 0x34
 534 009d 00       		.byte	0x0
 535 009e 03       		.uleb128 0x3
 536 009f 0E       		.uleb128 0xe
 537 00a0 3A       		.uleb128 0x3a
 538 00a1 0B       		.uleb128 0xb
 539 00a2 3B       		.uleb128 0x3b
 540 00a3 0B       		.uleb128 0xb
 541 00a4 49       		.uleb128 0x49
 542 00a5 13       		.uleb128 0x13
 543 00a6 3F       		.uleb128 0x3f
 544 00a7 0C       		.uleb128 0xc
 545 00a8 3C       		.uleb128 0x3c
 546 00a9 0C       		.uleb128 0xc
 547 00aa 00       		.byte	0x0
 548 00ab 00       		.byte	0x0
 549 00ac 0D       		.uleb128 0xd
 550 00ad 01       		.uleb128 0x1
 551 00ae 01       		.byte	0x1
 552 00af 49       		.uleb128 0x49
 553 00b0 13       		.uleb128 0x13
 554 00b1 01       		.uleb128 0x1
 555 00b2 13       		.uleb128 0x13
 556 00b3 00       		.byte	0x0
 557 00b4 00       		.byte	0x0
 558 00b5 0E       		.uleb128 0xe
 559 00b6 21       		.uleb128 0x21
 560 00b7 00       		.byte	0x0
 561 00b8 49       		.uleb128 0x49
 562 00b9 13       		.uleb128 0x13
 563 00ba 2F       		.uleb128 0x2f
 564 00bb 0B       		.uleb128 0xb
 565 00bc 00       		.byte	0x0
 566 00bd 00       		.byte	0x0
 567 00be 0F       		.uleb128 0xf
 568 00bf 34       		.uleb128 0x34
 569 00c0 00       		.byte	0x0
 570 00c1 03       		.uleb128 0x3
 571 00c2 0E       		.uleb128 0xe
 572 00c3 3A       		.uleb128 0x3a
 573 00c4 0B       		.uleb128 0xb
 574 00c5 3B       		.uleb128 0x3b
 575 00c6 0B       		.uleb128 0xb
 576 00c7 49       		.uleb128 0x49
 577 00c8 13       		.uleb128 0x13
 578 00c9 3F       		.uleb128 0x3f
 579 00ca 0C       		.uleb128 0xc
 580 00cb 02       		.uleb128 0x2
 581 00cc 0A       		.uleb128 0xa
 582 00cd 00       		.byte	0x0
 583 00ce 00       		.byte	0x0
 584 00cf 10       		.uleb128 0x10
ARM GAS  C:\DOCUME~1\ADMINI~1\LOCALS~1\Temp\ccv2LmRr.s 			page 17


 585 00d0 26       		.uleb128 0x26
 586 00d1 00       		.byte	0x0
 587 00d2 49       		.uleb128 0x49
 588 00d3 13       		.uleb128 0x13
 589 00d4 00       		.byte	0x0
 590 00d5 00       		.byte	0x0
 591 00d6 00       		.byte	0x0
 592              		.section	.debug_pubnames,"",%progbits
 593 0000 62000000 		.4byte	0x62
 594 0004 0200     		.2byte	0x2
 595 0006 00000000 		.4byte	.Ldebug_info0
 596 000a 67010000 		.4byte	0x167
 597 000e B0000000 		.4byte	0xb0
 598 0012 496E7444 		.ascii	"IntDefaultHandler\000"
 598      65666175 
 598      6C744861 
 598      6E646C65 
 598      7200
 599 0024 C3000000 		.4byte	0xc3
 600 0028 52657365 		.ascii	"Reset\000"
 600      7400
 601 002e D6000000 		.4byte	0xd6
 602 0032 696E6974 		.ascii	"initialize_psoc\000"
 602      69616C69 
 602      7A655F70 
 602      736F6300 
 603 0042 2D010000 		.4byte	0x12d
 604 0046 43795261 		.ascii	"CyRamVectors\000"
 604      6D566563 
 604      746F7273 
 604      00
 605 0053 4F010000 		.4byte	0x14f
 606 0057 526F6D56 		.ascii	"RomVectors\000"
 606      6563746F 
 606      727300
 607 0062 00000000 		.4byte	0x0
 608              		.section	.debug_aranges,"",%progbits
 609 0000 2C000000 		.4byte	0x2c
 610 0004 0200     		.2byte	0x2
 611 0006 00000000 		.4byte	.Ldebug_info0
 612 000a 04       		.byte	0x4
 613 000b 00       		.byte	0x0
 614 000c 0000     		.2byte	0x0
 615 000e 0000     		.2byte	0x0
 616 0010 00000000 		.4byte	.LFB0
 617 0014 02000000 		.4byte	.LFE0-.LFB0
 618 0018 00000000 		.4byte	.LFB1
 619 001c 08000000 		.4byte	.LFE1-.LFB1
 620 0020 00000000 		.4byte	.LFB2
 621 0024 68000000 		.4byte	.LFE2-.LFB2
 622 0028 00000000 		.4byte	0x0
 623 002c 00000000 		.4byte	0x0
 624              		.section	.debug_ranges,"",%progbits
 625              	.Ldebug_ranges0:
 626 0000 00000000 		.4byte	.Ltext0
 627 0004 00000000 		.4byte	.Letext0
 628 0008 00000000 		.4byte	.LFB0
ARM GAS  C:\DOCUME~1\ADMINI~1\LOCALS~1\Temp\ccv2LmRr.s 			page 18


 629 000c 02000000 		.4byte	.LFE0
 630 0010 00000000 		.4byte	.LFB1
 631 0014 08000000 		.4byte	.LFE1
 632 0018 00000000 		.4byte	.LFB2
 633 001c 68000000 		.4byte	.LFE2
 634 0020 00000000 		.4byte	0x0
 635 0024 00000000 		.4byte	0x0
 636              		.section	.debug_str,"MS",%progbits,1
 637              	.LASF6:
 638 0000 6C6F6E67 		.ascii	"long long int\000"
 638      206C6F6E 
 638      6720696E 
 638      7400
 639              	.LASF10:
 640 000e 75696E74 		.ascii	"uint32\000"
 640      333200
 641              	.LASF8:
 642 0015 756E7369 		.ascii	"unsigned int\000"
 642      676E6564 
 642      20696E74 
 642      00
 643              	.LASF15:
 644 0022 496E7444 		.ascii	"IntDefaultHandler\000"
 644      65666175 
 644      6C744861 
 644      6E646C65 
 644      7200
 645              	.LASF24:
 646 0034 696E6974 		.ascii	"initialize_psoc\000"
 646      69616C69 
 646      7A655F70 
 646      736F6300 
 647              	.LASF9:
 648 0044 75696E74 		.ascii	"uint8\000"
 648      3800
 649              	.LASF5:
 650 004a 6C6F6E67 		.ascii	"long unsigned int\000"
 650      20756E73 
 650      69676E65 
 650      6420696E 
 650      7400
 651              	.LASF23:
 652 005c 5C5C7073 		.ascii	"\\\\psf\\Home\\Desktop\\KitProg version 2_03\\KitPr"
 652      665C486F 
 652      6D655C44 
 652      65736B74 
 652      6F705C4B 
 653 0089 6F675C4B 		.ascii	"og\\KitProg.cydsn\000"
 653      69745072 
 653      6F672E63 
 653      7964736E 
 653      00
 654              	.LASF7:
 655 009a 6C6F6E67 		.ascii	"long long unsigned int\000"
 655      206C6F6E 
 655      6720756E 
 655      7369676E 
ARM GAS  C:\DOCUME~1\ADMINI~1\LOCALS~1\Temp\ccv2LmRr.s 			page 19


 655      65642069 
 656              	.LASF18:
 657 00b1 43795265 		.ascii	"CyResetStatus\000"
 657      73657453 
 657      74617475 
 657      7300
 658              	.LASF1:
 659 00bf 756E7369 		.ascii	"unsigned char\000"
 659      676E6564 
 659      20636861 
 659      7200
 660              	.LASF13:
 661 00cd 63686172 		.ascii	"char\000"
 661      00
 662              	.LASF4:
 663 00d2 6C6F6E67 		.ascii	"long int\000"
 663      20696E74 
 663      00
 664              	.LASF14:
 665 00db 63796973 		.ascii	"cyisraddress\000"
 665      72616464 
 665      72657373 
 665      00
 666              	.LASF2:
 667 00e8 73686F72 		.ascii	"short int\000"
 667      7420696E 
 667      7400
 668              	.LASF20:
 669 00f2 526F6D56 		.ascii	"RomVectors\000"
 669      6563746F 
 669      727300
 670              	.LASF12:
 671 00fd 646F7562 		.ascii	"double\000"
 671      6C6500
 672              	.LASF21:
 673 0104 474E5520 		.ascii	"GNU C 4.4.1\000"
 673      4320342E 
 673      342E3100 
 674              	.LASF3:
 675 0110 73686F72 		.ascii	"short unsigned int\000"
 675      7420756E 
 675      7369676E 
 675      65642069 
 675      6E7400
 676              	.LASF0:
 677 0123 7369676E 		.ascii	"signed char\000"
 677      65642063 
 677      68617200 
 678              	.LASF11:
 679 012f 666C6F61 		.ascii	"float\000"
 679      7400
 680              	.LASF19:
 681 0135 43795261 		.ascii	"CyRamVectors\000"
 681      6D566563 
 681      746F7273 
 681      00
 682              	.LASF16:
ARM GAS  C:\DOCUME~1\ADMINI~1\LOCALS~1\Temp\ccv2LmRr.s 			page 20


 683 0142 52657365 		.ascii	"Reset\000"
 683      7400
 684              	.LASF17:
 685 0148 63795379 		.ascii	"cySysNoInitDataValid\000"
 685      734E6F49 
 685      6E697444 
 685      61746156 
 685      616C6964 
 686              	.LASF22:
 687 015d 2E5C4765 		.ascii	".\\Generated_Source\\PSoC5\\Cm3Start.c\000"
 687      6E657261 
 687      7465645F 
 687      536F7572 
 687      63655C50 
 688              		.ident	"GCC: (Sourcery G++ Lite 2010q1-188) 4.4.1"
