ARM GAS  C:\DOCUME~1\ADMINI~1\LOCALS~1\Temp\cc7sPdwj.s 			page 1


   1              		.syntax unified
   2              		.cpu cortex-m3
   3              		.fpu softvfp
   4              		.eabi_attribute 20, 1
   5              		.eabi_attribute 21, 1
   6              		.eabi_attribute 23, 3
   7              		.eabi_attribute 24, 1
   8              		.eabi_attribute 25, 1
   9              		.eabi_attribute 26, 1
  10              		.eabi_attribute 30, 4
  11              		.eabi_attribute 18, 4
  12              		.thumb
  13              		.file	"commandprocessor.c"
  14              		.section	.debug_abbrev,"",%progbits
  15              	.Ldebug_abbrev0:
  16              		.section	.debug_info,"",%progbits
  17              	.Ldebug_info0:
  18              		.section	.debug_line,"",%progbits
  19              	.Ldebug_line0:
  20 0000 EA000000 		.text
  20      02008A00 
  20      00000201 
  20      FB0E0D00 
  20      01010101 
  21              	.Ltext0:
  22              		.cfi_sections	.debug_frame
  23              		.section	.text.CmdReset,"ax",%progbits
  24              		.align	1
  25              		.global	CmdReset
  26              		.thumb
  27              		.thumb_func
  28              		.type	CmdReset, %function
  29              	CmdReset:
  30              	.LFB30:
  31              		.file 1 ".\\commandprocessor.c"
   1:.\commandprocessor.c **** /*****************************************************************************
   2:.\commandprocessor.c **** * File Name: commandProcessor.c
   3:.\commandprocessor.c **** *
   4:.\commandprocessor.c **** * Version 2.03
   5:.\commandprocessor.c **** *
   6:.\commandprocessor.c **** * Description: This files provides source code to handle communication between 
   7:.\commandprocessor.c **** * PSoC Programmer GUI and the KitProg.
   8:.\commandprocessor.c **** *
   9:.\commandprocessor.c **** * Owner:
  10:.\commandprocessor.c **** *	Ranjith M, Applications Engineer (rnjt@cypress.com)
  11:.\commandprocessor.c **** *
  12:.\commandprocessor.c **** * Related Document:
  13:.\commandprocessor.c **** * 	001-85925 - CY8CKIT-042 PSoC 4 Pioneer Kit IROS
  14:.\commandprocessor.c **** *	RNJT#18
  15:.\commandprocessor.c **** *
  16:.\commandprocessor.c **** * Hardware Dependency:
  17:.\commandprocessor.c **** * 	CY8CKIT-042 (KitProg) 
  18:.\commandprocessor.c **** *
  19:.\commandprocessor.c **** * Code Tested With:
  20:.\commandprocessor.c **** * 	Creator 2.2
  21:.\commandprocessor.c **** *	GCC1 4.4.1
  22:.\commandprocessor.c **** *	CY8CKIT-042 Rev 1
ARM GAS  C:\DOCUME~1\ADMINI~1\LOCALS~1\Temp\cc7sPdwj.s 			page 2


  23:.\commandprocessor.c **** *
  24:.\commandprocessor.c **** ******************************************************************************
  25:.\commandprocessor.c **** * Copyright (2013), Cypress Semiconductor Corporation.
  26:.\commandprocessor.c **** ******************************************************************************
  27:.\commandprocessor.c **** * This software is owned by Cypress Semiconductor Corporation (Cypress) and is
  28:.\commandprocessor.c **** * protected by and subject to worldwide patent protection (United States and
  29:.\commandprocessor.c **** * foreign), United States copyright laws and international treaty provisions.
  30:.\commandprocessor.c **** * Cypress hereby grants to licensee a personal, non-exclusive, non-transferable
  31:.\commandprocessor.c **** * license to copy, use, modify, create derivative works of, and compile the
  32:.\commandprocessor.c **** * Cypress Source Code and derivative works for the sole purpose of creating
  33:.\commandprocessor.c **** * custom software in support of licensee product to be used only in conjunction
  34:.\commandprocessor.c **** * with a Cypress integrated circuit as specified in the applicable agreement.
  35:.\commandprocessor.c **** * Any reproduction, modification, translation, compilation, or representation of
  36:.\commandprocessor.c **** * this software except as specified above is prohibited without the express
  37:.\commandprocessor.c **** * written permission of Cypress.
  38:.\commandprocessor.c **** *
  39:.\commandprocessor.c **** * Disclaimer: CYPRESS MAKES NO WARRANTY OF ANY KIND, EXPRESS OR IMPLIED, WITH
  40:.\commandprocessor.c **** * REGARD TO THIS MATERIAL, INCLUDING, BUT NOT LIMITED TO, THE IMPLIED
  41:.\commandprocessor.c **** * WARRANTIES OF MERCHANTABILITY AND FITNESS FOR A PARTICULAR PURPOSE.
  42:.\commandprocessor.c **** * Cypress reserves the right to make changes without further notice to the
  43:.\commandprocessor.c **** * materials described herein. Cypress does not assume any liability arising out
  44:.\commandprocessor.c **** * of the application or use of any product or circuit described herein. Cypress
  45:.\commandprocessor.c **** * does not authorize its products for use as critical components in life-support
  46:.\commandprocessor.c **** * systems where a malfunction or failure may reasonably be expected to result in
  47:.\commandprocessor.c **** * significant injury to the user. The inclusion of Cypress' product in a life-
  48:.\commandprocessor.c **** * support systems application implies that the manufacturer assumes all risk of
  49:.\commandprocessor.c **** * such use and in doing so indemnifies Cypress against all charges. Use may be
  50:.\commandprocessor.c **** * limited by and subject to the applicable Cypress software license agreement.
  51:.\commandprocessor.c **** *****************************************************************************/
  52:.\commandprocessor.c **** #include "kitprog.h"
  53:.\commandprocessor.c **** 
  54:.\commandprocessor.c **** /*****************************************************************************
  55:.\commandprocessor.c **** * Local Function Prototypes
  56:.\commandprocessor.c **** *****************************************************************************/
  57:.\commandprocessor.c **** void CmdReset(void);
  58:.\commandprocessor.c **** void CmdStatus(void);
  59:.\commandprocessor.c **** void SWDComm(void);
  60:.\commandprocessor.c **** 
  61:.\commandprocessor.c **** /*****************************************************************************
  62:.\commandprocessor.c **** * Local Global Variable Declarations
  63:.\commandprocessor.c **** *****************************************************************************/
  64:.\commandprocessor.c **** uint8 SWDFlag = SET;
  65:.\commandprocessor.c **** 
  66:.\commandprocessor.c **** /*******************************************************************************
  67:.\commandprocessor.c **** * Function Name: cmdReset()
  68:.\commandprocessor.c **** ********************************************************************************
  69:.\commandprocessor.c **** * Summary:
  70:.\commandprocessor.c **** *  Polls the status of the programmer 
  71:.\commandprocessor.c **** *
  72:.\commandprocessor.c **** * Parameters:
  73:.\commandprocessor.c **** *  void
  74:.\commandprocessor.c **** *
  75:.\commandprocessor.c **** * Return:
  76:.\commandprocessor.c **** *  void
  77:.\commandprocessor.c **** *
  78:.\commandprocessor.c **** *******************************************************************************/
  79:.\commandprocessor.c **** void CmdStatus(void)
ARM GAS  C:\DOCUME~1\ADMINI~1\LOCALS~1\Temp\cc7sPdwj.s 			page 3


  80:.\commandprocessor.c **** {
  81:.\commandprocessor.c **** 	/* Power is detected by the programmer */
  82:.\commandprocessor.c **** 	if(GetVoltage() > ONE_VOLT)
  83:.\commandprocessor.c **** 	{
  84:.\commandprocessor.c ****        	pifBuf[3] = ACK_POWER_DETECTED;
  85:.\commandprocessor.c **** 	}
  86:.\commandprocessor.c **** 	else
  87:.\commandprocessor.c **** 	{
  88:.\commandprocessor.c **** 		pifBuf[3] = ACK_POWER_NOT_DETECTED;
  89:.\commandprocessor.c **** 	}
  90:.\commandprocessor.c **** 	
  91:.\commandprocessor.c **** 	/* Power is supplied by the programmer. Works on inverse logic. 0x00 for power supplied and 0x01 f
  92:.\commandprocessor.c ****     pifBuf[4] = POWER_SUPPLIED_INVERSE;
  93:.\commandprocessor.c **** }
  94:.\commandprocessor.c **** /*******************************************************************************
  95:.\commandprocessor.c **** * Function Name: cmdReset()
  96:.\commandprocessor.c **** ********************************************************************************
  97:.\commandprocessor.c **** * Summary:
  98:.\commandprocessor.c **** *  Resets the PSoC 4 
  99:.\commandprocessor.c **** *
 100:.\commandprocessor.c **** * Parameters:
 101:.\commandprocessor.c **** *  void
 102:.\commandprocessor.c **** *
 103:.\commandprocessor.c **** * Return:
 104:.\commandprocessor.c **** *  void
 105:.\commandprocessor.c **** *
 106:.\commandprocessor.c **** *******************************************************************************/
 107:.\commandprocessor.c **** void CmdReset(void)
 108:.\commandprocessor.c **** {
  32              		.loc 1 108 0
  33              		.cfi_startproc
  34              		@ args = 0, pretend = 0, frame = 0
  35              		@ frame_needed = 0, uses_anonymous_args = 0
  36 0000 10B5     		push	{r4, lr}
  37              	.LCFI0:
  38              		.cfi_def_cfa_offset 8
 109:.\commandprocessor.c **** 	/* Set the pins to Strong drive state */
 110:.\commandprocessor.c **** 	SWD_SET_XRES_OUT;
  39              		.loc 1 110 0
  40 0002 0C4C     		ldr	r4, .L3
  41              		.cfi_offset 14, -4
  42              		.cfi_offset 4, -8
 111:.\commandprocessor.c **** 	
 112:.\commandprocessor.c **** //	/* Ensure that current state is high */
 113:.\commandprocessor.c **** //    SWD_SET_XRES_HI;	
 114:.\commandprocessor.c **** //    CyDelayUs(50);
 115:.\commandprocessor.c **** 	
 116:.\commandprocessor.c **** 	/* Set low to reset */
 117:.\commandprocessor.c ****     SWD_SET_XRES_LO; 
 118:.\commandprocessor.c ****     CyDelayUs(400);
  43              		.loc 1 118 0
  44 0004 4FF4C870 		mov	r0, #400
  45              		.loc 1 110 0
  46 0008 2378     		ldrb	r3, [r4, #0]	@ zero_extendqisi2
  47 000a 03F0F103 		and	r3, r3, #241
  48 000e 43F00C03 		orr	r3, r3, #12
  49 0012 2370     		strb	r3, [r4, #0]
ARM GAS  C:\DOCUME~1\ADMINI~1\LOCALS~1\Temp\cc7sPdwj.s 			page 4


  50              		.loc 1 117 0
  51 0014 2378     		ldrb	r3, [r4, #0]	@ zero_extendqisi2
  52 0016 03F0FE03 		and	r3, r3, #254
  53 001a 2370     		strb	r3, [r4, #0]
  54              		.loc 1 118 0
  55 001c FFF7FEFF 		bl	CyDelayUs
 119:.\commandprocessor.c **** 	
 120:.\commandprocessor.c **** //	/* Return to high to release */
 121:.\commandprocessor.c **** //    SWD_SET_XRES_HI;
 122:.\commandprocessor.c **** //    CyDelayUs(50);
 123:.\commandprocessor.c **** 	
 124:.\commandprocessor.c **** 	/* Set the pins to High-Z state */
 125:.\commandprocessor.c **** 	SWD_SET_XRES_IN;
  56              		.loc 1 125 0
  57 0020 2378     		ldrb	r3, [r4, #0]	@ zero_extendqisi2
  58 0022 03F0F103 		and	r3, r3, #241
  59 0026 43F00203 		orr	r3, r3, #2
  60 002a 2370     		strb	r3, [r4, #0]
 126:.\commandprocessor.c **** 	
 127:.\commandprocessor.c **** 	SWDHalt();
 128:.\commandprocessor.c **** 	return;
 129:.\commandprocessor.c **** }
  61              		.loc 1 129 0
  62 002c BDE81040 		pop	{r4, lr}
  63              		.loc 1 127 0
  64 0030 FFF7FEBF 		b	SWDHalt
  65              	.L4:
  66              		.align	2
  67              	.L3:
  68 0034 14500040 		.word	1073762324
  69              		.cfi_endproc
  70              	.LFE30:
  71              		.size	CmdReset, .-CmdReset
  72              		.section	.text.CmdStatus,"ax",%progbits
  73              		.align	1
  74              		.global	CmdStatus
  75              		.thumb
  76              		.thumb_func
  77              		.type	CmdStatus, %function
  78              	CmdStatus:
  79              	.LFB29:
  80              		.loc 1 80 0
  81              		.cfi_startproc
  82              		@ args = 0, pretend = 0, frame = 0
  83              		@ frame_needed = 0, uses_anonymous_args = 0
  84 0000 08B5     		push	{r3, lr}
  85              	.LCFI1:
  86              		.cfi_def_cfa_offset 8
  87              		.loc 1 82 0
  88              		.cfi_offset 14, -4
  89              		.cfi_offset 3, -8
  90 0002 FFF7FEFF 		bl	GetVoltage
  91 0006 B0F57A7F 		cmp	r0, #1000
  92 000a 054B     		ldr	r3, .L11
  93 000c 01D9     		bls	.L6
  94              		.loc 1 84 0
  95 000e 4022     		movs	r2, #64
ARM GAS  C:\DOCUME~1\ADMINI~1\LOCALS~1\Temp\cc7sPdwj.s 			page 5


  96 0010 00E0     		b	.L9
  97              	.L6:
  98              		.loc 1 88 0
  99 0012 0022     		movs	r2, #0
 100              	.L9:
 101 0014 DA70     		strb	r2, [r3, #3]
 102              		.loc 1 92 0
 103 0016 024B     		ldr	r3, .L11
 104 0018 0022     		movs	r2, #0
 105 001a 1A71     		strb	r2, [r3, #4]
 106              		.loc 1 93 0
 107 001c 08BD     		pop	{r3, pc}
 108              	.L12:
 109 001e 00BF     		.align	2
 110              	.L11:
 111 0020 00000000 		.word	pifBuf
 112              		.cfi_endproc
 113              	.LFE29:
 114              		.size	CmdStatus, .-CmdStatus
 115              		.section	.text.SWDComm,"ax",%progbits
 116              		.align	1
 117              		.global	SWDComm
 118              		.thumb
 119              		.thumb_func
 120              		.type	SWDComm, %function
 121              	SWDComm:
 122              	.LFB31:
 130:.\commandprocessor.c **** /*******************************************************************************
 131:.\commandprocessor.c **** * Function Name: SWDComm()
 132:.\commandprocessor.c **** ********************************************************************************
 133:.\commandprocessor.c **** * Summary:
 134:.\commandprocessor.c **** * Checks the command received through the USB control endpoint and invokes 
 135:.\commandprocessor.c **** * apporpriate functions.
 136:.\commandprocessor.c **** *
 137:.\commandprocessor.c **** * Parameters:
 138:.\commandprocessor.c **** *  void
 139:.\commandprocessor.c **** *
 140:.\commandprocessor.c **** * Return:
 141:.\commandprocessor.c **** *  void
 142:.\commandprocessor.c **** *
 143:.\commandprocessor.c **** *******************************************************************************/
 144:.\commandprocessor.c **** void SWDComm(void)
 145:.\commandprocessor.c **** {
 123              		.loc 1 145 0
 124              		.cfi_startproc
 125              		@ args = 0, pretend = 0, frame = 0
 126              		@ frame_needed = 0, uses_anonymous_args = 0
 127 0000 10B5     		push	{r4, lr}
 128              	.LCFI2:
 129              		.cfi_def_cfa_offset 8
 146:.\commandprocessor.c ****     uint8 progProtocol = 0u;
 147:.\commandprocessor.c **** 	/* Global variable pendingOp is set inside the function VendorCmd() defined in USBFS_commandInterf
 148:.\commandprocessor.c **** 	if(pendingOp)
 130              		.loc 1 148 0
 131 0002 214B     		ldr	r3, .L31
 132 0004 1B78     		ldrb	r3, [r3, #0]	@ zero_extendqisi2
 133 0006 002B     		cmp	r3, #0
ARM GAS  C:\DOCUME~1\ADMINI~1\LOCALS~1\Temp\cc7sPdwj.s 			page 6


 134 0008 31D0     		beq	.L14
 135              		.cfi_offset 14, -4
 136              		.cfi_offset 4, -8
 149:.\commandprocessor.c ****     {
 150:.\commandprocessor.c ****         switch(pendingOp)
 137              		.loc 1 150 0
 138 000a 402B     		cmp	r3, #64
 139 000c 11D0     		beq	.L18
 140 000e 04D8     		bhi	.L22
 141 0010 012B     		cmp	r3, #1
 142 0012 08D0     		beq	.L16
 143 0014 042B     		cmp	r3, #4
 144 0016 25D1     		bne	.L15
 145 0018 08E0     		b	.L29
 146              	.L22:
 147 001a 422B     		cmp	r3, #66
 148 001c 1AD0     		beq	.L20
 149 001e 10D3     		bcc	.L19
 150 0020 432B     		cmp	r3, #67
 151 0022 1FD1     		bne	.L15
 152 0024 19E0     		b	.L30
 153              	.L16:
 151:.\commandprocessor.c ****         {
 152:.\commandprocessor.c **** 			/* Command = 0x01, programmer polls the status (connected, powered) of the KitProg */
 153:.\commandprocessor.c **** 			case CMD_STATUS:
 154:.\commandprocessor.c **** 					CmdStatus();
 154              		.loc 1 154 0
 155 0026 FFF7FEFF 		bl	CmdStatus
 155:.\commandprocessor.c **** 					break;
 156              		.loc 1 155 0
 157 002a 1BE0     		b	.L15
 158              	.L29:
 156:.\commandprocessor.c **** 			
 157:.\commandprocessor.c **** 			/* Command = 0x04, to reset the PSoC 4 */
 158:.\commandprocessor.c ****             case CMD_RESET:
 159:.\commandprocessor.c **** 					CmdReset();
 159              		.loc 1 159 0
 160 002c FFF7FEFF 		bl	CmdReset
 160:.\commandprocessor.c ****                     break;	
 161              		.loc 1 160 0
 162 0030 18E0     		b	.L15
 163              	.L18:
 161:.\commandprocessor.c **** 			
 162:.\commandprocessor.c **** 			/* Command = 0x40, sets the protocol to be SWD */		
 163:.\commandprocessor.c **** 			case CMD_SET_PROTOCOL: 
 164:.\commandprocessor.c ****                     progProtocol = pifData[0];
 164              		.loc 1 164 0
 165 0032 164B     		ldr	r3, .L31+4
 166 0034 1A78     		ldrb	r2, [r3, #0]	@ zero_extendqisi2
 167 0036 164B     		ldr	r3, .L31+8
 168 0038 012A     		cmp	r2, #1
 165:.\commandprocessor.c ****                     /* If protocol is SWD set the flag. Otherwise ignore the command. */
 166:.\commandprocessor.c ****                     if (progProtocol == 1)
 167:.\commandprocessor.c ****                     {
 168:.\commandprocessor.c ****                         SWDFlag = SET;
 169:.\commandprocessor.c **** 					} 
 170:.\commandprocessor.c **** 					else 
ARM GAS  C:\DOCUME~1\ADMINI~1\LOCALS~1\Temp\cc7sPdwj.s 			page 7


 171:.\commandprocessor.c **** 					{
 172:.\commandprocessor.c ****                         SWDFlag = NOT_SET;
 169              		.loc 1 172 0
 170 003a 18BF     		it	ne
 171 003c 0022     		movne	r2, #0
 172 003e 1A70     		strb	r2, [r3, #0]
 173 0040 10E0     		b	.L15
 174              	.L19:
 173:.\commandprocessor.c **** 					}
 174:.\commandprocessor.c **** 					break;
 175:.\commandprocessor.c **** 					
 176:.\commandprocessor.c ****             /* Command = 0x41, synchronise data transfer of the data endpoints with control endpoin
 177:.\commandprocessor.c ****             case CMD_SWD_SYNC: 
 178:.\commandprocessor.c ****                     bufOutOffset = 0;
 175              		.loc 1 178 0
 176 0042 144B     		ldr	r3, .L31+12
 177 0044 4FF00002 		mov	r2, #0	@ movhi
 178 0048 1A80     		strh	r2, [r3, #0]	@ movhi
 179:.\commandprocessor.c ****                     bufInOffset = 0;
 179              		.loc 1 179 0
 180 004a 134B     		ldr	r3, .L31+16
 181 004c 1A80     		strh	r2, [r3, #0]	@ movhi
 180:.\commandprocessor.c ****                     bufOutLen = 0;
 182              		.loc 1 180 0
 183 004e 134B     		ldr	r3, .L31+20
 184 0050 1A80     		strh	r2, [r3, #0]	@ movhi
 181:.\commandprocessor.c ****                     break;
 185              		.loc 1 181 0
 186 0052 07E0     		b	.L15
 187              	.L20:
 182:.\commandprocessor.c **** 					
 183:.\commandprocessor.c ****             /* Command = 0x42, Acquires PSoC 3/4/5. CmdSWDAcquire() defined in swd.c  */
 184:.\commandprocessor.c ****             case CMD_SWD_ACQUIRE: 
 185:.\commandprocessor.c ****                     CmdSWDAcquire();
 188              		.loc 1 185 0
 189 0054 FFF7FEFF 		bl	CmdSWDAcquire
 186:.\commandprocessor.c ****                     break;
 190              		.loc 1 186 0
 191 0058 04E0     		b	.L15
 192              	.L30:
 187:.\commandprocessor.c **** 					
 188:.\commandprocessor.c ****             /* Command = 0x43, to reset the SWD bus. SWDResetBus() defined in swd.c */
 189:.\commandprocessor.c ****             case CMD_SWD_SPECIAL: 
 190:.\commandprocessor.c ****                     if(pifData[0] == 0)
 193              		.loc 1 190 0
 194 005a 0C4B     		ldr	r3, .L31+4
 195 005c 1B78     		ldrb	r3, [r3, #0]	@ zero_extendqisi2
 196 005e 0BB9     		cbnz	r3, .L15
 191:.\commandprocessor.c **** 					{
 192:.\commandprocessor.c ****                         SWDResetBus();
 197              		.loc 1 192 0
 198 0060 FFF7FEFF 		bl	SWDResetBus
 199              	.L15:
 193:.\commandprocessor.c ****                     } 
 194:.\commandprocessor.c ****                     break;
 195:.\commandprocessor.c **** 
 196:.\commandprocessor.c ****             default:
ARM GAS  C:\DOCUME~1\ADMINI~1\LOCALS~1\Temp\cc7sPdwj.s 			page 8


 197:.\commandprocessor.c **** 			/* Ignore other commands for now */
 198:.\commandprocessor.c **** 					break;
 199:.\commandprocessor.c ****         }		
 200:.\commandprocessor.c **** 
 201:.\commandprocessor.c ****         pendingOp = CLEAR_OP;
 200              		.loc 1 201 0
 201 0064 084A     		ldr	r2, .L31
 202 0066 0023     		movs	r3, #0
 203 0068 1370     		strb	r3, [r2, #0]
 202:.\commandprocessor.c ****         fTcBusy = CLEAR_BUSY;
 204              		.loc 1 202 0
 205 006a 0D4A     		ldr	r2, .L31+24
 206 006c 1370     		strb	r3, [r2, #0]
 207              	.L14:
 203:.\commandprocessor.c ****     }
 204:.\commandprocessor.c **** 	/* If a packet is received in the OUT endpoint */
 205:.\commandprocessor.c ****     if(USBFS_bGetEPAckState(SWD_OUT_EP))
 208              		.loc 1 205 0
 209 006e 0220     		movs	r0, #2
 210 0070 FFF7FEFF 		bl	USBFS_GetEPAckState
 211 0074 38B1     		cbz	r0, .L25
 206:.\commandprocessor.c ****     {
 207:.\commandprocessor.c **** 		/* If protocol is SWD, then use FSM algorithm for 64-bytes packets on SWD-commands */
 208:.\commandprocessor.c ****         if(SWDFlag == SET) 
 212              		.loc 1 208 0
 213 0076 064B     		ldr	r3, .L31+8
 214 0078 1B78     		ldrb	r3, [r3, #0]	@ zero_extendqisi2
 215 007a 012B     		cmp	r3, #1
 216 007c 03D1     		bne	.L25
 209:.\commandprocessor.c ****         {
 210:.\commandprocessor.c ****             /* Handles the swd commands. Defined in swd.c */
 211:.\commandprocessor.c **** 			HandleSWDRequest();
 212:.\commandprocessor.c ****         }
 213:.\commandprocessor.c ****         
 214:.\commandprocessor.c ****     }
 215:.\commandprocessor.c **** 	
 216:.\commandprocessor.c **** 	return;
 217:.\commandprocessor.c **** }
 217              		.loc 1 217 0
 218 007e BDE81040 		pop	{r4, lr}
 219              		.loc 1 211 0
 220 0082 FFF7FEBF 		b	HandleSWDRequest
 221              	.L25:
 222 0086 10BD     		pop	{r4, pc}
 223              	.L32:
 224              		.align	2
 225              	.L31:
 226 0088 00000000 		.word	pendingOp
 227 008c 00000000 		.word	pifData
 228 0090 00000000 		.word	.LANCHOR0
 229 0094 00000000 		.word	bufOutOffset
 230 0098 00000000 		.word	bufInOffset
 231 009c 00000000 		.word	bufOutLen
 232 00a0 00000000 		.word	fTcBusy
 233              		.cfi_endproc
 234              	.LFE31:
 235              		.size	SWDComm, .-SWDComm
ARM GAS  C:\DOCUME~1\ADMINI~1\LOCALS~1\Temp\cc7sPdwj.s 			page 9


 236              		.global	SWDFlag
 237              		.data
 238              		.set	.LANCHOR0,. + 0
 239              		.type	SWDFlag, %object
 240              		.size	SWDFlag, 1
 241              	SWDFlag:
 242 0000 01       		.byte	1
 243              		.text
 244              	.Letext0:
 245              		.section	.debug_loc,"",%progbits
 246              	.Ldebug_loc0:
 247              	.LLST0:
 248 0000 00000000 		.4byte	.LFB30
 249 0004 02000000 		.4byte	.LCFI0
 250 0008 0100     		.2byte	0x1
 251 000a 5D       		.byte	0x5d
 252 000b 02000000 		.4byte	.LCFI0
 253 000f 38000000 		.4byte	.LFE30
 254 0013 0200     		.2byte	0x2
 255 0015 7D       		.byte	0x7d
 256 0016 08       		.sleb128 8
 257 0017 00000000 		.4byte	0x0
 258 001b 00000000 		.4byte	0x0
 259              	.LLST1:
 260 001f 00000000 		.4byte	.LFB29
 261 0023 02000000 		.4byte	.LCFI1
 262 0027 0100     		.2byte	0x1
 263 0029 5D       		.byte	0x5d
 264 002a 02000000 		.4byte	.LCFI1
 265 002e 24000000 		.4byte	.LFE29
 266 0032 0200     		.2byte	0x2
 267 0034 7D       		.byte	0x7d
 268 0035 08       		.sleb128 8
 269 0036 00000000 		.4byte	0x0
 270 003a 00000000 		.4byte	0x0
 271              	.LLST2:
 272 003e 00000000 		.4byte	.LFB31
 273 0042 02000000 		.4byte	.LCFI2
 274 0046 0100     		.2byte	0x1
 275 0048 5D       		.byte	0x5d
 276 0049 02000000 		.4byte	.LCFI2
 277 004d A4000000 		.4byte	.LFE31
 278 0051 0200     		.2byte	0x2
 279 0053 7D       		.byte	0x7d
 280 0054 08       		.sleb128 8
 281 0055 00000000 		.4byte	0x0
 282 0059 00000000 		.4byte	0x0
 283              		.file 2 "./Generated_Source/PSoC5/cytypes.h"
 284              		.file 3 "./Generated_Source/PSoC5/core_cm3.h"
 285              		.file 4 ".\\/USBFS_commandinterface.h"
 286              		.file 5 ".\\/swd.h"
 287              		.section	.debug_info
 288 0000 89010000 		.4byte	0x189
 289 0004 0200     		.2byte	0x2
 290 0006 00000000 		.4byte	.Ldebug_abbrev0
 291 000a 04       		.byte	0x4
 292 000b 01       		.uleb128 0x1
ARM GAS  C:\DOCUME~1\ADMINI~1\LOCALS~1\Temp\cc7sPdwj.s 			page 10


 293 000c C1000000 		.4byte	.LASF25
 294 0010 01       		.byte	0x1
 295 0011 EC000000 		.4byte	.LASF26
 296 0015 32010000 		.4byte	.LASF27
 297 0019 00000000 		.4byte	0x0
 298 001d 00000000 		.4byte	0x0
 299 0021 00000000 		.4byte	.Ldebug_ranges0+0x0
 300 0025 00000000 		.4byte	.Ldebug_line0
 301 0029 02       		.uleb128 0x2
 302 002a 01       		.byte	0x1
 303 002b 06       		.byte	0x6
 304 002c 26010000 		.4byte	.LASF0
 305 0030 02       		.uleb128 0x2
 306 0031 01       		.byte	0x1
 307 0032 08       		.byte	0x8
 308 0033 35000000 		.4byte	.LASF1
 309 0037 02       		.uleb128 0x2
 310 0038 02       		.byte	0x2
 311 0039 05       		.byte	0x5
 312 003a 0D010000 		.4byte	.LASF2
 313 003e 02       		.uleb128 0x2
 314 003f 02       		.byte	0x2
 315 0040 07       		.byte	0x7
 316 0041 5B000000 		.4byte	.LASF3
 317 0045 02       		.uleb128 0x2
 318 0046 04       		.byte	0x4
 319 0047 05       		.byte	0x5
 320 0048 1D010000 		.4byte	.LASF4
 321 004c 02       		.uleb128 0x2
 322 004d 04       		.byte	0x4
 323 004e 07       		.byte	0x7
 324 004f 49000000 		.4byte	.LASF5
 325 0053 02       		.uleb128 0x2
 326 0054 08       		.byte	0x8
 327 0055 05       		.byte	0x5
 328 0056 00000000 		.4byte	.LASF6
 329 005a 02       		.uleb128 0x2
 330 005b 08       		.byte	0x8
 331 005c 07       		.byte	0x7
 332 005d AA000000 		.4byte	.LASF7
 333 0061 03       		.uleb128 0x3
 334 0062 04       		.byte	0x4
 335 0063 05       		.byte	0x5
 336 0064 696E7400 		.ascii	"int\000"
 337 0068 02       		.uleb128 0x2
 338 0069 04       		.byte	0x4
 339 006a 07       		.byte	0x7
 340 006b 9D000000 		.4byte	.LASF8
 341 006f 04       		.uleb128 0x4
 342 0070 17010000 		.4byte	.LASF9
 343 0074 02       		.byte	0x2
 344 0075 4C       		.byte	0x4c
 345 0076 30000000 		.4byte	0x30
 346 007a 04       		.uleb128 0x4
 347 007b 43000000 		.4byte	.LASF10
 348 007f 02       		.byte	0x2
 349 0080 50       		.byte	0x50
ARM GAS  C:\DOCUME~1\ADMINI~1\LOCALS~1\Temp\cc7sPdwj.s 			page 11


 350 0081 37000000 		.4byte	0x37
 351 0085 02       		.uleb128 0x2
 352 0086 04       		.byte	0x4
 353 0087 04       		.byte	0x4
 354 0088 2F000000 		.4byte	.LASF11
 355 008c 02       		.uleb128 0x2
 356 008d 08       		.byte	0x8
 357 008e 04       		.byte	0x4
 358 008f 7B000000 		.4byte	.LASF12
 359 0093 02       		.uleb128 0x2
 360 0094 01       		.byte	0x1
 361 0095 08       		.byte	0x8
 362 0096 E7000000 		.4byte	.LASF13
 363 009a 05       		.uleb128 0x5
 364 009b 04       		.byte	0x4
 365 009c 07       		.byte	0x7
 366 009d 06       		.uleb128 0x6
 367 009e 01       		.byte	0x1
 368 009f 8A000000 		.4byte	.LASF14
 369 00a3 01       		.byte	0x1
 370 00a4 6B       		.byte	0x6b
 371 00a5 01       		.byte	0x1
 372 00a6 00000000 		.4byte	.LFB30
 373 00aa 38000000 		.4byte	.LFE30
 374 00ae 00000000 		.4byte	.LLST0
 375 00b2 06       		.uleb128 0x6
 376 00b3 01       		.byte	0x1
 377 00b4 78010000 		.4byte	.LASF15
 378 00b8 01       		.byte	0x1
 379 00b9 4F       		.byte	0x4f
 380 00ba 01       		.byte	0x1
 381 00bb 00000000 		.4byte	.LFB29
 382 00bf 24000000 		.4byte	.LFE29
 383 00c3 1F000000 		.4byte	.LLST1
 384 00c7 07       		.uleb128 0x7
 385 00c8 01       		.byte	0x1
 386 00c9 82000000 		.4byte	.LASF28
 387 00cd 01       		.byte	0x1
 388 00ce 90       		.byte	0x90
 389 00cf 01       		.byte	0x1
 390 00d0 00000000 		.4byte	.LFB31
 391 00d4 A4000000 		.4byte	.LFE31
 392 00d8 3E000000 		.4byte	.LLST2
 393 00dc EC000000 		.4byte	0xec
 394 00e0 08       		.uleb128 0x8
 395 00e1 CD000000 		.4byte	.LASF29
 396 00e5 01       		.byte	0x1
 397 00e6 92       		.byte	0x92
 398 00e7 6F000000 		.4byte	0x6f
 399 00eb 00       		.byte	0x0
 400 00ec 09       		.uleb128 0x9
 401 00ed 6E000000 		.4byte	.LASF16
 402 00f1 03       		.byte	0x3
 403 00f2 CE06     		.2byte	0x6ce
 404 00f4 FA000000 		.4byte	0xfa
 405 00f8 01       		.byte	0x1
 406 00f9 01       		.byte	0x1
ARM GAS  C:\DOCUME~1\ADMINI~1\LOCALS~1\Temp\cc7sPdwj.s 			page 12


 407 00fa 0A       		.uleb128 0xa
 408 00fb 61000000 		.4byte	0x61
 409 00ff 0B       		.uleb128 0xb
 410 0100 93000000 		.4byte	.LASF17
 411 0104 04       		.byte	0x4
 412 0105 47       		.byte	0x47
 413 0106 6F000000 		.4byte	0x6f
 414 010a 01       		.byte	0x1
 415 010b 01       		.byte	0x1
 416 010c 0B       		.uleb128 0xb
 417 010d 0E000000 		.4byte	.LASF18
 418 0111 04       		.byte	0x4
 419 0112 48       		.byte	0x48
 420 0113 6F000000 		.4byte	0x6f
 421 0117 01       		.byte	0x1
 422 0118 01       		.byte	0x1
 423 0119 0C       		.uleb128 0xc
 424 011a 6F000000 		.4byte	0x6f
 425 011e 29010000 		.4byte	0x129
 426 0122 0D       		.uleb128 0xd
 427 0123 9A000000 		.4byte	0x9a
 428 0127 01       		.byte	0x1
 429 0128 00       		.byte	0x0
 430 0129 0B       		.uleb128 0xb
 431 012a 16000000 		.4byte	.LASF19
 432 012e 04       		.byte	0x4
 433 012f 49       		.byte	0x49
 434 0130 19010000 		.4byte	0x119
 435 0134 01       		.byte	0x1
 436 0135 01       		.byte	0x1
 437 0136 0C       		.uleb128 0xc
 438 0137 6F000000 		.4byte	0x6f
 439 013b 46010000 		.4byte	0x146
 440 013f 0D       		.uleb128 0xd
 441 0140 9A000000 		.4byte	0x9a
 442 0144 3F       		.byte	0x3f
 443 0145 00       		.byte	0x0
 444 0146 0B       		.uleb128 0xb
 445 0147 1E000000 		.4byte	.LASF20
 446 014b 04       		.byte	0x4
 447 014c 4A       		.byte	0x4a
 448 014d 36010000 		.4byte	0x136
 449 0151 01       		.byte	0x1
 450 0152 01       		.byte	0x1
 451 0153 0B       		.uleb128 0xb
 452 0154 DA000000 		.4byte	.LASF21
 453 0158 05       		.byte	0x5
 454 0159 8B       		.byte	0x8b
 455 015a 7A000000 		.4byte	0x7a
 456 015e 01       		.byte	0x1
 457 015f 01       		.byte	0x1
 458 0160 0B       		.uleb128 0xb
 459 0161 01010000 		.4byte	.LASF22
 460 0165 05       		.byte	0x5
 461 0166 8C       		.byte	0x8c
 462 0167 7A000000 		.4byte	0x7a
 463 016b 01       		.byte	0x1
ARM GAS  C:\DOCUME~1\ADMINI~1\LOCALS~1\Temp\cc7sPdwj.s 			page 13


 464 016c 01       		.byte	0x1
 465 016d 0B       		.uleb128 0xb
 466 016e 25000000 		.4byte	.LASF23
 467 0172 05       		.byte	0x5
 468 0173 8D       		.byte	0x8d
 469 0174 7A000000 		.4byte	0x7a
 470 0178 01       		.byte	0x1
 471 0179 01       		.byte	0x1
 472 017a 0E       		.uleb128 0xe
 473 017b 70010000 		.4byte	.LASF24
 474 017f 01       		.byte	0x1
 475 0180 40       		.byte	0x40
 476 0181 6F000000 		.4byte	0x6f
 477 0185 01       		.byte	0x1
 478 0186 05       		.byte	0x5
 479 0187 03       		.byte	0x3
 480 0188 00000000 		.4byte	SWDFlag
 481 018c 00       		.byte	0x0
 482              		.section	.debug_abbrev
 483 0000 01       		.uleb128 0x1
 484 0001 11       		.uleb128 0x11
 485 0002 01       		.byte	0x1
 486 0003 25       		.uleb128 0x25
 487 0004 0E       		.uleb128 0xe
 488 0005 13       		.uleb128 0x13
 489 0006 0B       		.uleb128 0xb
 490 0007 03       		.uleb128 0x3
 491 0008 0E       		.uleb128 0xe
 492 0009 1B       		.uleb128 0x1b
 493 000a 0E       		.uleb128 0xe
 494 000b 11       		.uleb128 0x11
 495 000c 01       		.uleb128 0x1
 496 000d 52       		.uleb128 0x52
 497 000e 01       		.uleb128 0x1
 498 000f 55       		.uleb128 0x55
 499 0010 06       		.uleb128 0x6
 500 0011 10       		.uleb128 0x10
 501 0012 06       		.uleb128 0x6
 502 0013 00       		.byte	0x0
 503 0014 00       		.byte	0x0
 504 0015 02       		.uleb128 0x2
 505 0016 24       		.uleb128 0x24
 506 0017 00       		.byte	0x0
 507 0018 0B       		.uleb128 0xb
 508 0019 0B       		.uleb128 0xb
 509 001a 3E       		.uleb128 0x3e
 510 001b 0B       		.uleb128 0xb
 511 001c 03       		.uleb128 0x3
 512 001d 0E       		.uleb128 0xe
 513 001e 00       		.byte	0x0
 514 001f 00       		.byte	0x0
 515 0020 03       		.uleb128 0x3
 516 0021 24       		.uleb128 0x24
 517 0022 00       		.byte	0x0
 518 0023 0B       		.uleb128 0xb
 519 0024 0B       		.uleb128 0xb
 520 0025 3E       		.uleb128 0x3e
ARM GAS  C:\DOCUME~1\ADMINI~1\LOCALS~1\Temp\cc7sPdwj.s 			page 14


 521 0026 0B       		.uleb128 0xb
 522 0027 03       		.uleb128 0x3
 523 0028 08       		.uleb128 0x8
 524 0029 00       		.byte	0x0
 525 002a 00       		.byte	0x0
 526 002b 04       		.uleb128 0x4
 527 002c 16       		.uleb128 0x16
 528 002d 00       		.byte	0x0
 529 002e 03       		.uleb128 0x3
 530 002f 0E       		.uleb128 0xe
 531 0030 3A       		.uleb128 0x3a
 532 0031 0B       		.uleb128 0xb
 533 0032 3B       		.uleb128 0x3b
 534 0033 0B       		.uleb128 0xb
 535 0034 49       		.uleb128 0x49
 536 0035 13       		.uleb128 0x13
 537 0036 00       		.byte	0x0
 538 0037 00       		.byte	0x0
 539 0038 05       		.uleb128 0x5
 540 0039 24       		.uleb128 0x24
 541 003a 00       		.byte	0x0
 542 003b 0B       		.uleb128 0xb
 543 003c 0B       		.uleb128 0xb
 544 003d 3E       		.uleb128 0x3e
 545 003e 0B       		.uleb128 0xb
 546 003f 00       		.byte	0x0
 547 0040 00       		.byte	0x0
 548 0041 06       		.uleb128 0x6
 549 0042 2E       		.uleb128 0x2e
 550 0043 00       		.byte	0x0
 551 0044 3F       		.uleb128 0x3f
 552 0045 0C       		.uleb128 0xc
 553 0046 03       		.uleb128 0x3
 554 0047 0E       		.uleb128 0xe
 555 0048 3A       		.uleb128 0x3a
 556 0049 0B       		.uleb128 0xb
 557 004a 3B       		.uleb128 0x3b
 558 004b 0B       		.uleb128 0xb
 559 004c 27       		.uleb128 0x27
 560 004d 0C       		.uleb128 0xc
 561 004e 11       		.uleb128 0x11
 562 004f 01       		.uleb128 0x1
 563 0050 12       		.uleb128 0x12
 564 0051 01       		.uleb128 0x1
 565 0052 40       		.uleb128 0x40
 566 0053 06       		.uleb128 0x6
 567 0054 00       		.byte	0x0
 568 0055 00       		.byte	0x0
 569 0056 07       		.uleb128 0x7
 570 0057 2E       		.uleb128 0x2e
 571 0058 01       		.byte	0x1
 572 0059 3F       		.uleb128 0x3f
 573 005a 0C       		.uleb128 0xc
 574 005b 03       		.uleb128 0x3
 575 005c 0E       		.uleb128 0xe
 576 005d 3A       		.uleb128 0x3a
 577 005e 0B       		.uleb128 0xb
ARM GAS  C:\DOCUME~1\ADMINI~1\LOCALS~1\Temp\cc7sPdwj.s 			page 15


 578 005f 3B       		.uleb128 0x3b
 579 0060 0B       		.uleb128 0xb
 580 0061 27       		.uleb128 0x27
 581 0062 0C       		.uleb128 0xc
 582 0063 11       		.uleb128 0x11
 583 0064 01       		.uleb128 0x1
 584 0065 12       		.uleb128 0x12
 585 0066 01       		.uleb128 0x1
 586 0067 40       		.uleb128 0x40
 587 0068 06       		.uleb128 0x6
 588 0069 01       		.uleb128 0x1
 589 006a 13       		.uleb128 0x13
 590 006b 00       		.byte	0x0
 591 006c 00       		.byte	0x0
 592 006d 08       		.uleb128 0x8
 593 006e 34       		.uleb128 0x34
 594 006f 00       		.byte	0x0
 595 0070 03       		.uleb128 0x3
 596 0071 0E       		.uleb128 0xe
 597 0072 3A       		.uleb128 0x3a
 598 0073 0B       		.uleb128 0xb
 599 0074 3B       		.uleb128 0x3b
 600 0075 0B       		.uleb128 0xb
 601 0076 49       		.uleb128 0x49
 602 0077 13       		.uleb128 0x13
 603 0078 00       		.byte	0x0
 604 0079 00       		.byte	0x0
 605 007a 09       		.uleb128 0x9
 606 007b 34       		.uleb128 0x34
 607 007c 00       		.byte	0x0
 608 007d 03       		.uleb128 0x3
 609 007e 0E       		.uleb128 0xe
 610 007f 3A       		.uleb128 0x3a
 611 0080 0B       		.uleb128 0xb
 612 0081 3B       		.uleb128 0x3b
 613 0082 05       		.uleb128 0x5
 614 0083 49       		.uleb128 0x49
 615 0084 13       		.uleb128 0x13
 616 0085 3F       		.uleb128 0x3f
 617 0086 0C       		.uleb128 0xc
 618 0087 3C       		.uleb128 0x3c
 619 0088 0C       		.uleb128 0xc
 620 0089 00       		.byte	0x0
 621 008a 00       		.byte	0x0
 622 008b 0A       		.uleb128 0xa
 623 008c 35       		.uleb128 0x35
 624 008d 00       		.byte	0x0
 625 008e 49       		.uleb128 0x49
 626 008f 13       		.uleb128 0x13
 627 0090 00       		.byte	0x0
 628 0091 00       		.byte	0x0
 629 0092 0B       		.uleb128 0xb
 630 0093 34       		.uleb128 0x34
 631 0094 00       		.byte	0x0
 632 0095 03       		.uleb128 0x3
 633 0096 0E       		.uleb128 0xe
 634 0097 3A       		.uleb128 0x3a
ARM GAS  C:\DOCUME~1\ADMINI~1\LOCALS~1\Temp\cc7sPdwj.s 			page 16


 635 0098 0B       		.uleb128 0xb
 636 0099 3B       		.uleb128 0x3b
 637 009a 0B       		.uleb128 0xb
 638 009b 49       		.uleb128 0x49
 639 009c 13       		.uleb128 0x13
 640 009d 3F       		.uleb128 0x3f
 641 009e 0C       		.uleb128 0xc
 642 009f 3C       		.uleb128 0x3c
 643 00a0 0C       		.uleb128 0xc
 644 00a1 00       		.byte	0x0
 645 00a2 00       		.byte	0x0
 646 00a3 0C       		.uleb128 0xc
 647 00a4 01       		.uleb128 0x1
 648 00a5 01       		.byte	0x1
 649 00a6 49       		.uleb128 0x49
 650 00a7 13       		.uleb128 0x13
 651 00a8 01       		.uleb128 0x1
 652 00a9 13       		.uleb128 0x13
 653 00aa 00       		.byte	0x0
 654 00ab 00       		.byte	0x0
 655 00ac 0D       		.uleb128 0xd
 656 00ad 21       		.uleb128 0x21
 657 00ae 00       		.byte	0x0
 658 00af 49       		.uleb128 0x49
 659 00b0 13       		.uleb128 0x13
 660 00b1 2F       		.uleb128 0x2f
 661 00b2 0B       		.uleb128 0xb
 662 00b3 00       		.byte	0x0
 663 00b4 00       		.byte	0x0
 664 00b5 0E       		.uleb128 0xe
 665 00b6 34       		.uleb128 0x34
 666 00b7 00       		.byte	0x0
 667 00b8 03       		.uleb128 0x3
 668 00b9 0E       		.uleb128 0xe
 669 00ba 3A       		.uleb128 0x3a
 670 00bb 0B       		.uleb128 0xb
 671 00bc 3B       		.uleb128 0x3b
 672 00bd 0B       		.uleb128 0xb
 673 00be 49       		.uleb128 0x49
 674 00bf 13       		.uleb128 0x13
 675 00c0 3F       		.uleb128 0x3f
 676 00c1 0C       		.uleb128 0xc
 677 00c2 02       		.uleb128 0x2
 678 00c3 0A       		.uleb128 0xa
 679 00c4 00       		.byte	0x0
 680 00c5 00       		.byte	0x0
 681 00c6 00       		.byte	0x0
 682              		.section	.debug_pubnames,"",%progbits
 683 0000 41000000 		.4byte	0x41
 684 0004 0200     		.2byte	0x2
 685 0006 00000000 		.4byte	.Ldebug_info0
 686 000a 8D010000 		.4byte	0x18d
 687 000e 9D000000 		.4byte	0x9d
 688 0012 436D6452 		.ascii	"CmdReset\000"
 688      65736574 
 688      00
 689 001b B2000000 		.4byte	0xb2
ARM GAS  C:\DOCUME~1\ADMINI~1\LOCALS~1\Temp\cc7sPdwj.s 			page 17


 690 001f 436D6453 		.ascii	"CmdStatus\000"
 690      74617475 
 690      7300
 691 0029 C7000000 		.4byte	0xc7
 692 002d 53574443 		.ascii	"SWDComm\000"
 692      6F6D6D00 
 693 0035 7A010000 		.4byte	0x17a
 694 0039 53574446 		.ascii	"SWDFlag\000"
 694      6C616700 
 695 0041 00000000 		.4byte	0x0
 696              		.section	.debug_aranges,"",%progbits
 697 0000 2C000000 		.4byte	0x2c
 698 0004 0200     		.2byte	0x2
 699 0006 00000000 		.4byte	.Ldebug_info0
 700 000a 04       		.byte	0x4
 701 000b 00       		.byte	0x0
 702 000c 0000     		.2byte	0x0
 703 000e 0000     		.2byte	0x0
 704 0010 00000000 		.4byte	.LFB30
 705 0014 38000000 		.4byte	.LFE30-.LFB30
 706 0018 00000000 		.4byte	.LFB29
 707 001c 24000000 		.4byte	.LFE29-.LFB29
 708 0020 00000000 		.4byte	.LFB31
 709 0024 A4000000 		.4byte	.LFE31-.LFB31
 710 0028 00000000 		.4byte	0x0
 711 002c 00000000 		.4byte	0x0
 712              		.section	.debug_ranges,"",%progbits
 713              	.Ldebug_ranges0:
 714 0000 00000000 		.4byte	.Ltext0
 715 0004 00000000 		.4byte	.Letext0
 716 0008 00000000 		.4byte	.LFB30
 717 000c 38000000 		.4byte	.LFE30
 718 0010 00000000 		.4byte	.LFB29
 719 0014 24000000 		.4byte	.LFE29
 720 0018 00000000 		.4byte	.LFB31
 721 001c A4000000 		.4byte	.LFE31
 722 0020 00000000 		.4byte	0x0
 723 0024 00000000 		.4byte	0x0
 724              		.section	.debug_str,"MS",%progbits,1
 725              	.LASF6:
 726 0000 6C6F6E67 		.ascii	"long long int\000"
 726      206C6F6E 
 726      6720696E 
 726      7400
 727              	.LASF18:
 728 000e 66546342 		.ascii	"fTcBusy\000"
 728      75737900 
 729              	.LASF19:
 730 0016 70696644 		.ascii	"pifData\000"
 730      61746100 
 731              	.LASF20:
 732 001e 70696642 		.ascii	"pifBuf\000"
 732      756600
 733              	.LASF23:
 734 0025 6275664F 		.ascii	"bufOutLen\000"
 734      75744C65 
 734      6E00
ARM GAS  C:\DOCUME~1\ADMINI~1\LOCALS~1\Temp\cc7sPdwj.s 			page 18


 735              	.LASF11:
 736 002f 666C6F61 		.ascii	"float\000"
 736      7400
 737              	.LASF1:
 738 0035 756E7369 		.ascii	"unsigned char\000"
 738      676E6564 
 738      20636861 
 738      7200
 739              	.LASF10:
 740 0043 696E7431 		.ascii	"int16\000"
 740      3600
 741              	.LASF5:
 742 0049 6C6F6E67 		.ascii	"long unsigned int\000"
 742      20756E73 
 742      69676E65 
 742      6420696E 
 742      7400
 743              	.LASF3:
 744 005b 73686F72 		.ascii	"short unsigned int\000"
 744      7420756E 
 744      7369676E 
 744      65642069 
 744      6E7400
 745              	.LASF16:
 746 006e 49544D5F 		.ascii	"ITM_RxBuffer\000"
 746      52784275 
 746      66666572 
 746      00
 747              	.LASF12:
 748 007b 646F7562 		.ascii	"double\000"
 748      6C6500
 749              	.LASF28:
 750 0082 53574443 		.ascii	"SWDComm\000"
 750      6F6D6D00 
 751              	.LASF14:
 752 008a 436D6452 		.ascii	"CmdReset\000"
 752      65736574 
 752      00
 753              	.LASF17:
 754 0093 70656E64 		.ascii	"pendingOp\000"
 754      696E674F 
 754      7000
 755              	.LASF8:
 756 009d 756E7369 		.ascii	"unsigned int\000"
 756      676E6564 
 756      20696E74 
 756      00
 757              	.LASF7:
 758 00aa 6C6F6E67 		.ascii	"long long unsigned int\000"
 758      206C6F6E 
 758      6720756E 
 758      7369676E 
 758      65642069 
 759              	.LASF25:
 760 00c1 474E5520 		.ascii	"GNU C 4.4.1\000"
 760      4320342E 
 760      342E3100 
ARM GAS  C:\DOCUME~1\ADMINI~1\LOCALS~1\Temp\cc7sPdwj.s 			page 19


 761              	.LASF29:
 762 00cd 70726F67 		.ascii	"progProtocol\000"
 762      50726F74 
 762      6F636F6C 
 762      00
 763              	.LASF21:
 764 00da 6275664F 		.ascii	"bufOutOffset\000"
 764      75744F66 
 764      66736574 
 764      00
 765              	.LASF13:
 766 00e7 63686172 		.ascii	"char\000"
 766      00
 767              	.LASF26:
 768 00ec 2E5C636F 		.ascii	".\\commandprocessor.c\000"
 768      6D6D616E 
 768      6470726F 
 768      63657373 
 768      6F722E63 
 769              	.LASF22:
 770 0101 62756649 		.ascii	"bufInOffset\000"
 770      6E4F6666 
 770      73657400 
 771              	.LASF2:
 772 010d 73686F72 		.ascii	"short int\000"
 772      7420696E 
 772      7400
 773              	.LASF9:
 774 0117 75696E74 		.ascii	"uint8\000"
 774      3800
 775              	.LASF4:
 776 011d 6C6F6E67 		.ascii	"long int\000"
 776      20696E74 
 776      00
 777              	.LASF0:
 778 0126 7369676E 		.ascii	"signed char\000"
 778      65642063 
 778      68617200 
 779              	.LASF27:
 780 0132 5C5C7073 		.ascii	"\\\\psf\\Home\\Desktop\\KitProg version 2_03\\KitPr"
 780      665C486F 
 780      6D655C44 
 780      65736B74 
 780      6F705C4B 
 781 015f 6F675C4B 		.ascii	"og\\KitProg.cydsn\000"
 781      69745072 
 781      6F672E63 
 781      7964736E 
 781      00
 782              	.LASF24:
 783 0170 53574446 		.ascii	"SWDFlag\000"
 783      6C616700 
 784              	.LASF15:
 785 0178 436D6453 		.ascii	"CmdStatus\000"
 785      74617475 
 785      7300
 786              		.ident	"GCC: (Sourcery G++ Lite 2010q1-188) 4.4.1"
ARM GAS  C:\DOCUME~1\ADMINI~1\LOCALS~1\Temp\cc7sPdwj.s 			page 20


