ARM GAS  C:\DOCUME~1\ADMINI~1\LOCALS~1\Temp\ccrErQo0.s 			page 1


   1              		.syntax unified
   2              		.cpu cortex-m3
   3              		.fpu softvfp
   4              		.eabi_attribute 20, 1
   5              		.eabi_attribute 21, 1
   6              		.eabi_attribute 23, 3
   7              		.eabi_attribute 24, 1
   8              		.eabi_attribute 25, 1
   9              		.eabi_attribute 26, 1
  10              		.eabi_attribute 30, 4
  11              		.eabi_attribute 18, 4
  12              		.thumb
  13              		.file	"cyutils.c"
  14              		.section	.debug_abbrev,"",%progbits
  15              	.Ldebug_abbrev0:
  16              		.section	.debug_info,"",%progbits
  17              	.Ldebug_info0:
  18              		.section	.debug_line,"",%progbits
  19              	.Ldebug_line0:
  20 0000 7D000000 		.text
  20      02006000 
  20      00000201 
  20      FB0E0D00 
  20      01010101 
  21              	.Ltext0:
  22              		.cfi_sections	.debug_frame
  23              		.section	.text.CySetReg24,"ax",%progbits
  24              		.align	1
  25              		.global	CySetReg24
  26              		.thumb
  27              		.thumb_func
  28              		.type	CySetReg24, %function
  29              	CySetReg24:
  30              	.LFB0:
  31              		.file 1 ".\\Generated_Source\\PSoC5\\cyutils.c"
   1:.\Generated_Source\PSoC5/cyutils.c **** /*******************************************************************************
   2:.\Generated_Source\PSoC5/cyutils.c **** * FILENAME: cyutils.c
   3:.\Generated_Source\PSoC5/cyutils.c **** * Version 3.40
   4:.\Generated_Source\PSoC5/cyutils.c **** *
   5:.\Generated_Source\PSoC5/cyutils.c **** *  Description:
   6:.\Generated_Source\PSoC5/cyutils.c **** *   CyUtils provides function to handle 24-bit value writes.
   7:.\Generated_Source\PSoC5/cyutils.c **** *
   8:.\Generated_Source\PSoC5/cyutils.c **** ********************************************************************************
   9:.\Generated_Source\PSoC5/cyutils.c **** * Copyright 2008-2013, Cypress Semiconductor Corporation.  All rights reserved.
  10:.\Generated_Source\PSoC5/cyutils.c **** * You may use this file only in accordance with the license, terms, conditions,
  11:.\Generated_Source\PSoC5/cyutils.c **** * disclaimers, and limitations in the end user license agreement accompanying
  12:.\Generated_Source\PSoC5/cyutils.c **** * the software package with which this file was provided.
  13:.\Generated_Source\PSoC5/cyutils.c **** *******************************************************************************/
  14:.\Generated_Source\PSoC5/cyutils.c **** 
  15:.\Generated_Source\PSoC5/cyutils.c **** #include "cytypes.h"
  16:.\Generated_Source\PSoC5/cyutils.c **** 
  17:.\Generated_Source\PSoC5/cyutils.c **** #if (!CY_PSOC3)
  18:.\Generated_Source\PSoC5/cyutils.c **** 
  19:.\Generated_Source\PSoC5/cyutils.c ****     /***************************************************************************
  20:.\Generated_Source\PSoC5/cyutils.c ****     * Function Name: CySetReg24
  21:.\Generated_Source\PSoC5/cyutils.c ****     ****************************************************************************
  22:.\Generated_Source\PSoC5/cyutils.c ****     *
ARM GAS  C:\DOCUME~1\ADMINI~1\LOCALS~1\Temp\ccrErQo0.s 			page 2


  23:.\Generated_Source\PSoC5/cyutils.c ****     * Summary:
  24:.\Generated_Source\PSoC5/cyutils.c ****     *  Writes the 24-bit value to the specified register.
  25:.\Generated_Source\PSoC5/cyutils.c ****     *
  26:.\Generated_Source\PSoC5/cyutils.c ****     * Parameters:
  27:.\Generated_Source\PSoC5/cyutils.c ****     *  addr : adress where data must be written
  28:.\Generated_Source\PSoC5/cyutils.c ****     *  value: data that must be written
  29:.\Generated_Source\PSoC5/cyutils.c ****     *
  30:.\Generated_Source\PSoC5/cyutils.c ****     * Return:
  31:.\Generated_Source\PSoC5/cyutils.c ****     *  None
  32:.\Generated_Source\PSoC5/cyutils.c ****     *
  33:.\Generated_Source\PSoC5/cyutils.c ****     * Reentrant:
  34:.\Generated_Source\PSoC5/cyutils.c ****     *  No
  35:.\Generated_Source\PSoC5/cyutils.c ****     *
  36:.\Generated_Source\PSoC5/cyutils.c ****     ***************************************************************************/
  37:.\Generated_Source\PSoC5/cyutils.c ****     void CySetReg24(uint32 volatile * addr, uint32 value)
  38:.\Generated_Source\PSoC5/cyutils.c ****     {
  32              		.loc 1 38 0
  33              		.cfi_startproc
  34              		@ args = 0, pretend = 0, frame = 0
  35              		@ frame_needed = 0, uses_anonymous_args = 0
  36              		@ link register save eliminated.
  37              	.LVL0:
  39:.\Generated_Source\PSoC5/cyutils.c ****         uint8 volatile *tmpAddr;
  40:.\Generated_Source\PSoC5/cyutils.c **** 
  41:.\Generated_Source\PSoC5/cyutils.c ****         tmpAddr = (uint8 volatile *) addr;
  42:.\Generated_Source\PSoC5/cyutils.c **** 
  43:.\Generated_Source\PSoC5/cyutils.c ****         tmpAddr[0u] = (uint8) value;
  38              		.loc 1 43 0
  39 0000 CBB2     		uxtb	r3, r1
  40 0002 0370     		strb	r3, [r0, #0]
  44:.\Generated_Source\PSoC5/cyutils.c ****         tmpAddr[1u] = (uint8) (value >> 8u);
  41              		.loc 1 44 0
  42 0004 0B0A     		lsrs	r3, r1, #8
  45:.\Generated_Source\PSoC5/cyutils.c ****         tmpAddr[2u] = (uint8) (value >> 16u);
  43              		.loc 1 45 0
  44 0006 090C     		lsrs	r1, r1, #16
  45              	.LVL1:
  46              		.loc 1 44 0
  47 0008 DBB2     		uxtb	r3, r3
  48              		.loc 1 45 0
  49 000a C9B2     		uxtb	r1, r1
  50              		.loc 1 44 0
  51 000c 4370     		strb	r3, [r0, #1]
  52              		.loc 1 45 0
  53 000e 8170     		strb	r1, [r0, #2]
  46:.\Generated_Source\PSoC5/cyutils.c ****     }
  54              		.loc 1 46 0
  55 0010 7047     		bx	lr
  56              		.cfi_endproc
  57              	.LFE0:
  58              		.size	CySetReg24, .-CySetReg24
  59              		.text
  60              	.Letext0:
  61              		.section	.debug_loc,"",%progbits
  62              	.Ldebug_loc0:
  63              	.LLST1:
  64 0000 00000000 		.4byte	.LVL0
ARM GAS  C:\DOCUME~1\ADMINI~1\LOCALS~1\Temp\ccrErQo0.s 			page 3


  65 0004 08000000 		.4byte	.LVL1
  66 0008 0100     		.2byte	0x1
  67 000a 51       		.byte	0x51
  68 000b 00000000 		.4byte	0x0
  69 000f 00000000 		.4byte	0x0
  70              		.file 2 ".\\Generated_Source\\PSoC5\\/cytypes.h"
  71              		.section	.debug_info
  72 0000 EC000000 		.4byte	0xec
  73 0004 0200     		.2byte	0x2
  74 0006 00000000 		.4byte	.Ldebug_abbrev0
  75 000a 04       		.byte	0x4
  76 000b 01       		.uleb128 0x1
  77 000c BA000000 		.4byte	.LASF16
  78 0010 01       		.byte	0x1
  79 0011 14000000 		.4byte	.LASF17
  80 0015 F0000000 		.4byte	.LASF18
  81 0019 00000000 		.4byte	0x0
  82 001d 00000000 		.4byte	0x0
  83 0021 00000000 		.4byte	.Ldebug_ranges0+0x0
  84 0025 00000000 		.4byte	.Ldebug_line0
  85 0029 02       		.uleb128 0x2
  86 002a 01       		.byte	0x1
  87 002b 06       		.byte	0x6
  88 002c E4000000 		.4byte	.LASF0
  89 0030 02       		.uleb128 0x2
  90 0031 01       		.byte	0x1
  91 0032 08       		.byte	0x8
  92 0033 4D000000 		.4byte	.LASF1
  93 0037 02       		.uleb128 0x2
  94 0038 02       		.byte	0x2
  95 0039 05       		.byte	0x5
  96 003a CB000000 		.4byte	.LASF2
  97 003e 02       		.uleb128 0x2
  98 003f 02       		.byte	0x2
  99 0040 07       		.byte	0x7
 100 0041 75000000 		.4byte	.LASF3
 101 0045 02       		.uleb128 0x2
 102 0046 04       		.byte	0x4
 103 0047 05       		.byte	0x5
 104 0048 DB000000 		.4byte	.LASF4
 105 004c 02       		.uleb128 0x2
 106 004d 04       		.byte	0x4
 107 004e 07       		.byte	0x7
 108 004f 63000000 		.4byte	.LASF5
 109 0053 02       		.uleb128 0x2
 110 0054 08       		.byte	0x8
 111 0055 05       		.byte	0x5
 112 0056 00000000 		.4byte	.LASF6
 113 005a 02       		.uleb128 0x2
 114 005b 08       		.byte	0x8
 115 005c 07       		.byte	0x7
 116 005d A3000000 		.4byte	.LASF7
 117 0061 03       		.uleb128 0x3
 118 0062 04       		.byte	0x4
 119 0063 05       		.byte	0x5
 120 0064 696E7400 		.ascii	"int\000"
 121 0068 02       		.uleb128 0x2
ARM GAS  C:\DOCUME~1\ADMINI~1\LOCALS~1\Temp\ccrErQo0.s 			page 4


 122 0069 04       		.byte	0x4
 123 006a 07       		.byte	0x7
 124 006b 96000000 		.4byte	.LASF8
 125 006f 04       		.uleb128 0x4
 126 0070 D5000000 		.4byte	.LASF9
 127 0074 02       		.byte	0x2
 128 0075 4C       		.byte	0x4c
 129 0076 30000000 		.4byte	0x30
 130 007a 04       		.uleb128 0x4
 131 007b 8F000000 		.4byte	.LASF10
 132 007f 02       		.byte	0x2
 133 0080 4E       		.byte	0x4e
 134 0081 4C000000 		.4byte	0x4c
 135 0085 02       		.uleb128 0x2
 136 0086 04       		.byte	0x4
 137 0087 04       		.byte	0x4
 138 0088 47000000 		.4byte	.LASF11
 139 008c 02       		.uleb128 0x2
 140 008d 08       		.byte	0x8
 141 008e 04       		.byte	0x4
 142 008f 88000000 		.4byte	.LASF12
 143 0093 02       		.uleb128 0x2
 144 0094 01       		.byte	0x1
 145 0095 08       		.byte	0x8
 146 0096 C6000000 		.4byte	.LASF13
 147 009a 05       		.uleb128 0x5
 148 009b 6F000000 		.4byte	0x6f
 149 009f 05       		.uleb128 0x5
 150 00a0 7A000000 		.4byte	0x7a
 151 00a4 06       		.uleb128 0x6
 152 00a5 01       		.byte	0x1
 153 00a6 37000000 		.4byte	.LASF19
 154 00aa 01       		.byte	0x1
 155 00ab 25       		.byte	0x25
 156 00ac 01       		.byte	0x1
 157 00ad 00000000 		.4byte	.LFB0
 158 00b1 12000000 		.4byte	.LFE0
 159 00b5 01       		.byte	0x1
 160 00b6 5D       		.byte	0x5d
 161 00b7 E3000000 		.4byte	0xe3
 162 00bb 07       		.uleb128 0x7
 163 00bc 42000000 		.4byte	.LASF14
 164 00c0 01       		.byte	0x1
 165 00c1 25       		.byte	0x25
 166 00c2 E3000000 		.4byte	0xe3
 167 00c6 01       		.byte	0x1
 168 00c7 50       		.byte	0x50
 169 00c8 08       		.uleb128 0x8
 170 00c9 0E000000 		.4byte	.LASF15
 171 00cd 01       		.byte	0x1
 172 00ce 25       		.byte	0x25
 173 00cf 7A000000 		.4byte	0x7a
 174 00d3 00000000 		.4byte	.LLST1
 175 00d7 09       		.uleb128 0x9
 176 00d8 5B000000 		.4byte	.LASF20
 177 00dc 01       		.byte	0x1
 178 00dd 27       		.byte	0x27
ARM GAS  C:\DOCUME~1\ADMINI~1\LOCALS~1\Temp\ccrErQo0.s 			page 5


 179 00de E9000000 		.4byte	0xe9
 180 00e2 00       		.byte	0x0
 181 00e3 0A       		.uleb128 0xa
 182 00e4 04       		.byte	0x4
 183 00e5 9F000000 		.4byte	0x9f
 184 00e9 0A       		.uleb128 0xa
 185 00ea 04       		.byte	0x4
 186 00eb 9A000000 		.4byte	0x9a
 187 00ef 00       		.byte	0x0
 188              		.section	.debug_abbrev
 189 0000 01       		.uleb128 0x1
 190 0001 11       		.uleb128 0x11
 191 0002 01       		.byte	0x1
 192 0003 25       		.uleb128 0x25
 193 0004 0E       		.uleb128 0xe
 194 0005 13       		.uleb128 0x13
 195 0006 0B       		.uleb128 0xb
 196 0007 03       		.uleb128 0x3
 197 0008 0E       		.uleb128 0xe
 198 0009 1B       		.uleb128 0x1b
 199 000a 0E       		.uleb128 0xe
 200 000b 11       		.uleb128 0x11
 201 000c 01       		.uleb128 0x1
 202 000d 52       		.uleb128 0x52
 203 000e 01       		.uleb128 0x1
 204 000f 55       		.uleb128 0x55
 205 0010 06       		.uleb128 0x6
 206 0011 10       		.uleb128 0x10
 207 0012 06       		.uleb128 0x6
 208 0013 00       		.byte	0x0
 209 0014 00       		.byte	0x0
 210 0015 02       		.uleb128 0x2
 211 0016 24       		.uleb128 0x24
 212 0017 00       		.byte	0x0
 213 0018 0B       		.uleb128 0xb
 214 0019 0B       		.uleb128 0xb
 215 001a 3E       		.uleb128 0x3e
 216 001b 0B       		.uleb128 0xb
 217 001c 03       		.uleb128 0x3
 218 001d 0E       		.uleb128 0xe
 219 001e 00       		.byte	0x0
 220 001f 00       		.byte	0x0
 221 0020 03       		.uleb128 0x3
 222 0021 24       		.uleb128 0x24
 223 0022 00       		.byte	0x0
 224 0023 0B       		.uleb128 0xb
 225 0024 0B       		.uleb128 0xb
 226 0025 3E       		.uleb128 0x3e
 227 0026 0B       		.uleb128 0xb
 228 0027 03       		.uleb128 0x3
 229 0028 08       		.uleb128 0x8
 230 0029 00       		.byte	0x0
 231 002a 00       		.byte	0x0
 232 002b 04       		.uleb128 0x4
 233 002c 16       		.uleb128 0x16
 234 002d 00       		.byte	0x0
 235 002e 03       		.uleb128 0x3
ARM GAS  C:\DOCUME~1\ADMINI~1\LOCALS~1\Temp\ccrErQo0.s 			page 6


 236 002f 0E       		.uleb128 0xe
 237 0030 3A       		.uleb128 0x3a
 238 0031 0B       		.uleb128 0xb
 239 0032 3B       		.uleb128 0x3b
 240 0033 0B       		.uleb128 0xb
 241 0034 49       		.uleb128 0x49
 242 0035 13       		.uleb128 0x13
 243 0036 00       		.byte	0x0
 244 0037 00       		.byte	0x0
 245 0038 05       		.uleb128 0x5
 246 0039 35       		.uleb128 0x35
 247 003a 00       		.byte	0x0
 248 003b 49       		.uleb128 0x49
 249 003c 13       		.uleb128 0x13
 250 003d 00       		.byte	0x0
 251 003e 00       		.byte	0x0
 252 003f 06       		.uleb128 0x6
 253 0040 2E       		.uleb128 0x2e
 254 0041 01       		.byte	0x1
 255 0042 3F       		.uleb128 0x3f
 256 0043 0C       		.uleb128 0xc
 257 0044 03       		.uleb128 0x3
 258 0045 0E       		.uleb128 0xe
 259 0046 3A       		.uleb128 0x3a
 260 0047 0B       		.uleb128 0xb
 261 0048 3B       		.uleb128 0x3b
 262 0049 0B       		.uleb128 0xb
 263 004a 27       		.uleb128 0x27
 264 004b 0C       		.uleb128 0xc
 265 004c 11       		.uleb128 0x11
 266 004d 01       		.uleb128 0x1
 267 004e 12       		.uleb128 0x12
 268 004f 01       		.uleb128 0x1
 269 0050 40       		.uleb128 0x40
 270 0051 0A       		.uleb128 0xa
 271 0052 01       		.uleb128 0x1
 272 0053 13       		.uleb128 0x13
 273 0054 00       		.byte	0x0
 274 0055 00       		.byte	0x0
 275 0056 07       		.uleb128 0x7
 276 0057 05       		.uleb128 0x5
 277 0058 00       		.byte	0x0
 278 0059 03       		.uleb128 0x3
 279 005a 0E       		.uleb128 0xe
 280 005b 3A       		.uleb128 0x3a
 281 005c 0B       		.uleb128 0xb
 282 005d 3B       		.uleb128 0x3b
 283 005e 0B       		.uleb128 0xb
 284 005f 49       		.uleb128 0x49
 285 0060 13       		.uleb128 0x13
 286 0061 02       		.uleb128 0x2
 287 0062 0A       		.uleb128 0xa
 288 0063 00       		.byte	0x0
 289 0064 00       		.byte	0x0
 290 0065 08       		.uleb128 0x8
 291 0066 05       		.uleb128 0x5
 292 0067 00       		.byte	0x0
ARM GAS  C:\DOCUME~1\ADMINI~1\LOCALS~1\Temp\ccrErQo0.s 			page 7


 293 0068 03       		.uleb128 0x3
 294 0069 0E       		.uleb128 0xe
 295 006a 3A       		.uleb128 0x3a
 296 006b 0B       		.uleb128 0xb
 297 006c 3B       		.uleb128 0x3b
 298 006d 0B       		.uleb128 0xb
 299 006e 49       		.uleb128 0x49
 300 006f 13       		.uleb128 0x13
 301 0070 02       		.uleb128 0x2
 302 0071 06       		.uleb128 0x6
 303 0072 00       		.byte	0x0
 304 0073 00       		.byte	0x0
 305 0074 09       		.uleb128 0x9
 306 0075 34       		.uleb128 0x34
 307 0076 00       		.byte	0x0
 308 0077 03       		.uleb128 0x3
 309 0078 0E       		.uleb128 0xe
 310 0079 3A       		.uleb128 0x3a
 311 007a 0B       		.uleb128 0xb
 312 007b 3B       		.uleb128 0x3b
 313 007c 0B       		.uleb128 0xb
 314 007d 49       		.uleb128 0x49
 315 007e 13       		.uleb128 0x13
 316 007f 00       		.byte	0x0
 317 0080 00       		.byte	0x0
 318 0081 0A       		.uleb128 0xa
 319 0082 0F       		.uleb128 0xf
 320 0083 00       		.byte	0x0
 321 0084 0B       		.uleb128 0xb
 322 0085 0B       		.uleb128 0xb
 323 0086 49       		.uleb128 0x49
 324 0087 13       		.uleb128 0x13
 325 0088 00       		.byte	0x0
 326 0089 00       		.byte	0x0
 327 008a 00       		.byte	0x0
 328              		.section	.debug_pubnames,"",%progbits
 329 0000 1D000000 		.4byte	0x1d
 330 0004 0200     		.2byte	0x2
 331 0006 00000000 		.4byte	.Ldebug_info0
 332 000a F0000000 		.4byte	0xf0
 333 000e A4000000 		.4byte	0xa4
 334 0012 43795365 		.ascii	"CySetReg24\000"
 334      74526567 
 334      323400
 335 001d 00000000 		.4byte	0x0
 336              		.section	.debug_aranges,"",%progbits
 337 0000 1C000000 		.4byte	0x1c
 338 0004 0200     		.2byte	0x2
 339 0006 00000000 		.4byte	.Ldebug_info0
 340 000a 04       		.byte	0x4
 341 000b 00       		.byte	0x0
 342 000c 0000     		.2byte	0x0
 343 000e 0000     		.2byte	0x0
 344 0010 00000000 		.4byte	.LFB0
 345 0014 12000000 		.4byte	.LFE0-.LFB0
 346 0018 00000000 		.4byte	0x0
 347 001c 00000000 		.4byte	0x0
ARM GAS  C:\DOCUME~1\ADMINI~1\LOCALS~1\Temp\ccrErQo0.s 			page 8


 348              		.section	.debug_ranges,"",%progbits
 349              	.Ldebug_ranges0:
 350 0000 00000000 		.4byte	.Ltext0
 351 0004 00000000 		.4byte	.Letext0
 352 0008 00000000 		.4byte	.LFB0
 353 000c 12000000 		.4byte	.LFE0
 354 0010 00000000 		.4byte	0x0
 355 0014 00000000 		.4byte	0x0
 356              		.section	.debug_str,"MS",%progbits,1
 357              	.LASF6:
 358 0000 6C6F6E67 		.ascii	"long long int\000"
 358      206C6F6E 
 358      6720696E 
 358      7400
 359              	.LASF15:
 360 000e 76616C75 		.ascii	"value\000"
 360      6500
 361              	.LASF17:
 362 0014 2E5C4765 		.ascii	".\\Generated_Source\\PSoC5\\cyutils.c\000"
 362      6E657261 
 362      7465645F 
 362      536F7572 
 362      63655C50 
 363              	.LASF19:
 364 0037 43795365 		.ascii	"CySetReg24\000"
 364      74526567 
 364      323400
 365              	.LASF14:
 366 0042 61646472 		.ascii	"addr\000"
 366      00
 367              	.LASF11:
 368 0047 666C6F61 		.ascii	"float\000"
 368      7400
 369              	.LASF1:
 370 004d 756E7369 		.ascii	"unsigned char\000"
 370      676E6564 
 370      20636861 
 370      7200
 371              	.LASF20:
 372 005b 746D7041 		.ascii	"tmpAddr\000"
 372      64647200 
 373              	.LASF5:
 374 0063 6C6F6E67 		.ascii	"long unsigned int\000"
 374      20756E73 
 374      69676E65 
 374      6420696E 
 374      7400
 375              	.LASF3:
 376 0075 73686F72 		.ascii	"short unsigned int\000"
 376      7420756E 
 376      7369676E 
 376      65642069 
 376      6E7400
 377              	.LASF12:
 378 0088 646F7562 		.ascii	"double\000"
 378      6C6500
 379              	.LASF10:
ARM GAS  C:\DOCUME~1\ADMINI~1\LOCALS~1\Temp\ccrErQo0.s 			page 9


 380 008f 75696E74 		.ascii	"uint32\000"
 380      333200
 381              	.LASF8:
 382 0096 756E7369 		.ascii	"unsigned int\000"
 382      676E6564 
 382      20696E74 
 382      00
 383              	.LASF7:
 384 00a3 6C6F6E67 		.ascii	"long long unsigned int\000"
 384      206C6F6E 
 384      6720756E 
 384      7369676E 
 384      65642069 
 385              	.LASF16:
 386 00ba 474E5520 		.ascii	"GNU C 4.4.1\000"
 386      4320342E 
 386      342E3100 
 387              	.LASF13:
 388 00c6 63686172 		.ascii	"char\000"
 388      00
 389              	.LASF2:
 390 00cb 73686F72 		.ascii	"short int\000"
 390      7420696E 
 390      7400
 391              	.LASF9:
 392 00d5 75696E74 		.ascii	"uint8\000"
 392      3800
 393              	.LASF4:
 394 00db 6C6F6E67 		.ascii	"long int\000"
 394      20696E74 
 394      00
 395              	.LASF0:
 396 00e4 7369676E 		.ascii	"signed char\000"
 396      65642063 
 396      68617200 
 397              	.LASF18:
 398 00f0 5C5C7073 		.ascii	"\\\\psf\\Home\\Desktop\\KitProg version 2_03\\KitPr"
 398      665C486F 
 398      6D655C44 
 398      65736B74 
 398      6F705C4B 
 399 011d 6F675C4B 		.ascii	"og\\KitProg.cydsn\000"
 399      69745072 
 399      6F672E63 
 399      7964736E 
 399      00
 400              		.ident	"GCC: (Sourcery G++ Lite 2010q1-188) 4.4.1"
