ARM GAS  C:\DOCUME~1\ADMINI~1\LOCALS~1\Temp\ccNBrMLw.s 			page 1


   1              		.syntax unified
   2              		.cpu cortex-m3
   3              		.fpu softvfp
   4              		.eabi_attribute 20, 1
   5              		.eabi_attribute 21, 1
   6              		.eabi_attribute 23, 3
   7              		.eabi_attribute 24, 1
   8              		.eabi_attribute 25, 1
   9              		.eabi_attribute 26, 1
  10              		.eabi_attribute 30, 4
  11              		.eabi_attribute 18, 4
  12              		.thumb
  13              		.file	"I2CHW.c"
  14              		.section	.debug_abbrev,"",%progbits
  15              	.Ldebug_abbrev0:
  16              		.section	.debug_info,"",%progbits
  17              	.Ldebug_info0:
  18              		.section	.debug_line,"",%progbits
  19              	.Ldebug_line0:
  20 0000 D3000000 		.text
  20      02005E00 
  20      00000201 
  20      FB0E0D00 
  20      01010101 
  21              	.Ltext0:
  22              		.cfi_sections	.debug_frame
  23              		.section	.text.I2CHW_Enable,"ax",%progbits
  24              		.align	1
  25              		.global	I2CHW_Enable
  26              		.thumb
  27              		.thumb_func
  28              		.type	I2CHW_Enable, %function
  29              	I2CHW_Enable:
  30              	.LFB1:
  31              		.file 1 ".\\Generated_Source\\PSoC5\\I2CHW.c"
   1:.\Generated_Source\PSoC5/I2CHW.c **** /*******************************************************************************
   2:.\Generated_Source\PSoC5/I2CHW.c **** * File Name: I2CHW.c
   3:.\Generated_Source\PSoC5/I2CHW.c **** * Version 3.30
   4:.\Generated_Source\PSoC5/I2CHW.c **** *
   5:.\Generated_Source\PSoC5/I2CHW.c **** * Description:
   6:.\Generated_Source\PSoC5/I2CHW.c **** *  This file provides the source code of APIs for the I2C component.
   7:.\Generated_Source\PSoC5/I2CHW.c **** *  Actual protocol and operation code resides in the interrupt service routine
   8:.\Generated_Source\PSoC5/I2CHW.c **** *  file.
   9:.\Generated_Source\PSoC5/I2CHW.c **** *
  10:.\Generated_Source\PSoC5/I2CHW.c **** * Note:
  11:.\Generated_Source\PSoC5/I2CHW.c **** *
  12:.\Generated_Source\PSoC5/I2CHW.c **** *******************************************************************************
  13:.\Generated_Source\PSoC5/I2CHW.c **** * Copyright 2008-2012, Cypress Semiconductor Corporation. All rights reserved.
  14:.\Generated_Source\PSoC5/I2CHW.c **** * You may use this file only in accordance with the license, terms, conditions,
  15:.\Generated_Source\PSoC5/I2CHW.c **** * disclaimers, and limitations in the end user license agreement accompanying
  16:.\Generated_Source\PSoC5/I2CHW.c **** * the software package with which this file was provided.
  17:.\Generated_Source\PSoC5/I2CHW.c **** *******************************************************************************/
  18:.\Generated_Source\PSoC5/I2CHW.c **** 
  19:.\Generated_Source\PSoC5/I2CHW.c **** #include "I2CHW_PVT.h"
  20:.\Generated_Source\PSoC5/I2CHW.c **** 
  21:.\Generated_Source\PSoC5/I2CHW.c **** 
  22:.\Generated_Source\PSoC5/I2CHW.c **** /**********************************
ARM GAS  C:\DOCUME~1\ADMINI~1\LOCALS~1\Temp\ccNBrMLw.s 			page 2


  23:.\Generated_Source\PSoC5/I2CHW.c **** *      System variables
  24:.\Generated_Source\PSoC5/I2CHW.c **** **********************************/
  25:.\Generated_Source\PSoC5/I2CHW.c **** 
  26:.\Generated_Source\PSoC5/I2CHW.c **** uint8 I2CHW_initVar = 0u;    /* Defines if component was initialized */
  27:.\Generated_Source\PSoC5/I2CHW.c **** 
  28:.\Generated_Source\PSoC5/I2CHW.c **** volatile uint8 I2CHW_state;  /* Current state of I2C FSM */
  29:.\Generated_Source\PSoC5/I2CHW.c **** 
  30:.\Generated_Source\PSoC5/I2CHW.c **** 
  31:.\Generated_Source\PSoC5/I2CHW.c **** /*******************************************************************************
  32:.\Generated_Source\PSoC5/I2CHW.c **** * Function Name: I2CHW_Init
  33:.\Generated_Source\PSoC5/I2CHW.c **** ********************************************************************************
  34:.\Generated_Source\PSoC5/I2CHW.c **** *
  35:.\Generated_Source\PSoC5/I2CHW.c **** * Summary:
  36:.\Generated_Source\PSoC5/I2CHW.c **** *  Initializes I2C registers with initial values provided from customizer.
  37:.\Generated_Source\PSoC5/I2CHW.c **** *
  38:.\Generated_Source\PSoC5/I2CHW.c **** * Parameters:
  39:.\Generated_Source\PSoC5/I2CHW.c **** *  None
  40:.\Generated_Source\PSoC5/I2CHW.c **** *
  41:.\Generated_Source\PSoC5/I2CHW.c **** * Return:
  42:.\Generated_Source\PSoC5/I2CHW.c **** *  None
  43:.\Generated_Source\PSoC5/I2CHW.c **** *
  44:.\Generated_Source\PSoC5/I2CHW.c **** * Global variables:
  45:.\Generated_Source\PSoC5/I2CHW.c **** *  None
  46:.\Generated_Source\PSoC5/I2CHW.c **** *
  47:.\Generated_Source\PSoC5/I2CHW.c **** * Reentrant:
  48:.\Generated_Source\PSoC5/I2CHW.c **** *  No
  49:.\Generated_Source\PSoC5/I2CHW.c **** *
  50:.\Generated_Source\PSoC5/I2CHW.c **** *******************************************************************************/
  51:.\Generated_Source\PSoC5/I2CHW.c **** void I2CHW_Init(void) 
  52:.\Generated_Source\PSoC5/I2CHW.c **** {
  53:.\Generated_Source\PSoC5/I2CHW.c ****     #if(I2CHW_FF_IMPLEMENTED)
  54:.\Generated_Source\PSoC5/I2CHW.c ****         I2CHW_CFG_REG  = I2CHW_DEFAULT_CFG;
  55:.\Generated_Source\PSoC5/I2CHW.c ****         I2CHW_XCFG_REG = I2CHW_DEFAULT_XCFG;
  56:.\Generated_Source\PSoC5/I2CHW.c **** 
  57:.\Generated_Source\PSoC5/I2CHW.c ****         #if(CY_PSOC5A)
  58:.\Generated_Source\PSoC5/I2CHW.c ****             I2CHW_CLKDIV_REG  = LO8(I2CHW_DEFAULT_DIVIDE_FACTOR);
  59:.\Generated_Source\PSoC5/I2CHW.c ****         #else
  60:.\Generated_Source\PSoC5/I2CHW.c ****             I2CHW_CLKDIV1_REG = LO8(I2CHW_DEFAULT_DIVIDE_FACTOR);
  61:.\Generated_Source\PSoC5/I2CHW.c ****             I2CHW_CLKDIV2_REG = HI8(I2CHW_DEFAULT_DIVIDE_FACTOR);
  62:.\Generated_Source\PSoC5/I2CHW.c ****         #endif /* (CY_PSOC5A) */
  63:.\Generated_Source\PSoC5/I2CHW.c **** 
  64:.\Generated_Source\PSoC5/I2CHW.c ****     #else
  65:.\Generated_Source\PSoC5/I2CHW.c ****         uint8 enableInterrupts;
  66:.\Generated_Source\PSoC5/I2CHW.c **** 
  67:.\Generated_Source\PSoC5/I2CHW.c ****         I2CHW_CFG_REG      = I2CHW_DEFAULT_CFG;      /* control  */
  68:.\Generated_Source\PSoC5/I2CHW.c ****         I2CHW_INT_MASK_REG = I2CHW_DEFAULT_INT_MASK; /* int_mask */
  69:.\Generated_Source\PSoC5/I2CHW.c **** 
  70:.\Generated_Source\PSoC5/I2CHW.c ****         /* Enable interrupts from block */
  71:.\Generated_Source\PSoC5/I2CHW.c ****         enableInterrupts = CyEnterCriticalSection();
  72:.\Generated_Source\PSoC5/I2CHW.c ****         I2CHW_INT_ENABLE_REG |= I2CHW_INTR_ENABLE; /* aux_ctl */
  73:.\Generated_Source\PSoC5/I2CHW.c ****         CyExitCriticalSection(enableInterrupts);
  74:.\Generated_Source\PSoC5/I2CHW.c **** 
  75:.\Generated_Source\PSoC5/I2CHW.c ****         #if(I2CHW_MODE_MASTER_ENABLED)
  76:.\Generated_Source\PSoC5/I2CHW.c ****             I2CHW_MCLK_PRD_REG = I2CHW_DEFAULT_MCLK_PRD;
  77:.\Generated_Source\PSoC5/I2CHW.c ****             I2CHW_MCLK_CMP_REG = I2CHW_DEFAULT_MCLK_CMP;
  78:.\Generated_Source\PSoC5/I2CHW.c ****          #endif /* (I2CHW_MODE_MASTER_ENABLED) */
  79:.\Generated_Source\PSoC5/I2CHW.c **** 
ARM GAS  C:\DOCUME~1\ADMINI~1\LOCALS~1\Temp\ccNBrMLw.s 			page 3


  80:.\Generated_Source\PSoC5/I2CHW.c ****         #if(I2CHW_MODE_SLAVE_ENABLED)
  81:.\Generated_Source\PSoC5/I2CHW.c ****             I2CHW_PERIOD_REG = I2CHW_DEFAULT_PERIOD;
  82:.\Generated_Source\PSoC5/I2CHW.c ****         #endif  /* (I2CHW_MODE_SLAVE_ENABLED) */
  83:.\Generated_Source\PSoC5/I2CHW.c **** 
  84:.\Generated_Source\PSoC5/I2CHW.c ****     #endif /* (I2CHW_FF_IMPLEMENTED) */
  85:.\Generated_Source\PSoC5/I2CHW.c **** 
  86:.\Generated_Source\PSoC5/I2CHW.c ****     #if(I2CHW_TIMEOUT_ENABLED)
  87:.\Generated_Source\PSoC5/I2CHW.c ****         I2CHW_TimeoutInit();
  88:.\Generated_Source\PSoC5/I2CHW.c ****     #endif /* (I2CHW_TIMEOUT_ENABLED) */
  89:.\Generated_Source\PSoC5/I2CHW.c **** 
  90:.\Generated_Source\PSoC5/I2CHW.c ****     /* Disable Interrupt and set vector and priority */
  91:.\Generated_Source\PSoC5/I2CHW.c ****     CyIntDisable    (I2CHW_ISR_NUMBER);
  92:.\Generated_Source\PSoC5/I2CHW.c ****     CyIntSetPriority(I2CHW_ISR_NUMBER, I2CHW_ISR_PRIORITY);
  93:.\Generated_Source\PSoC5/I2CHW.c ****     #if(I2CHW_INTERN_I2C_INTR_HANDLER)
  94:.\Generated_Source\PSoC5/I2CHW.c ****         (void) CyIntSetVector(I2CHW_ISR_NUMBER, &I2CHW_ISR);
  95:.\Generated_Source\PSoC5/I2CHW.c ****     #endif /* (I2CHW_INTERN_I2C_INTR_HANDLER) */
  96:.\Generated_Source\PSoC5/I2CHW.c **** 
  97:.\Generated_Source\PSoC5/I2CHW.c **** 
  98:.\Generated_Source\PSoC5/I2CHW.c ****     /* Put state machine in idle state */
  99:.\Generated_Source\PSoC5/I2CHW.c ****     I2CHW_state = I2CHW_SM_IDLE;
 100:.\Generated_Source\PSoC5/I2CHW.c **** 
 101:.\Generated_Source\PSoC5/I2CHW.c ****     #if(I2CHW_MODE_SLAVE_ENABLED)
 102:.\Generated_Source\PSoC5/I2CHW.c ****         /* Reset status and buffers index */
 103:.\Generated_Source\PSoC5/I2CHW.c ****         I2CHW_SlaveClearReadBuf();
 104:.\Generated_Source\PSoC5/I2CHW.c ****         I2CHW_SlaveClearWriteBuf();
 105:.\Generated_Source\PSoC5/I2CHW.c ****         I2CHW_slStatus = 0u; /* Reset slave status */
 106:.\Generated_Source\PSoC5/I2CHW.c **** 
 107:.\Generated_Source\PSoC5/I2CHW.c ****         /* Set default address */
 108:.\Generated_Source\PSoC5/I2CHW.c ****         I2CHW_SlaveSetAddress(I2CHW_DEFAULT_ADDR);
 109:.\Generated_Source\PSoC5/I2CHW.c ****     #endif /* (I2CHW_MODE_SLAVE_ENABLED) */
 110:.\Generated_Source\PSoC5/I2CHW.c **** 
 111:.\Generated_Source\PSoC5/I2CHW.c ****     #if(I2CHW_MODE_MASTER_ENABLED)
 112:.\Generated_Source\PSoC5/I2CHW.c ****         /* Reset status and buffers index */
 113:.\Generated_Source\PSoC5/I2CHW.c ****         I2CHW_MasterClearReadBuf();
 114:.\Generated_Source\PSoC5/I2CHW.c ****         I2CHW_MasterClearWriteBuf();
 115:.\Generated_Source\PSoC5/I2CHW.c ****         (void) I2CHW_MasterClearStatus();
 116:.\Generated_Source\PSoC5/I2CHW.c ****     #endif /* (I2CHW_MODE_MASTER_ENABLED) */
 117:.\Generated_Source\PSoC5/I2CHW.c **** }
 118:.\Generated_Source\PSoC5/I2CHW.c **** 
 119:.\Generated_Source\PSoC5/I2CHW.c **** 
 120:.\Generated_Source\PSoC5/I2CHW.c **** /*******************************************************************************
 121:.\Generated_Source\PSoC5/I2CHW.c **** * Function Name: I2CHW_Enable
 122:.\Generated_Source\PSoC5/I2CHW.c **** ********************************************************************************
 123:.\Generated_Source\PSoC5/I2CHW.c **** *
 124:.\Generated_Source\PSoC5/I2CHW.c **** * Summary:
 125:.\Generated_Source\PSoC5/I2CHW.c **** *  Enables I2C operations.
 126:.\Generated_Source\PSoC5/I2CHW.c **** *
 127:.\Generated_Source\PSoC5/I2CHW.c **** * Parameters:
 128:.\Generated_Source\PSoC5/I2CHW.c **** *  None
 129:.\Generated_Source\PSoC5/I2CHW.c **** *
 130:.\Generated_Source\PSoC5/I2CHW.c **** * Return:
 131:.\Generated_Source\PSoC5/I2CHW.c **** *  None
 132:.\Generated_Source\PSoC5/I2CHW.c **** *
 133:.\Generated_Source\PSoC5/I2CHW.c **** * Global variables:
 134:.\Generated_Source\PSoC5/I2CHW.c **** *  None
 135:.\Generated_Source\PSoC5/I2CHW.c **** *
 136:.\Generated_Source\PSoC5/I2CHW.c **** *******************************************************************************/
ARM GAS  C:\DOCUME~1\ADMINI~1\LOCALS~1\Temp\ccNBrMLw.s 			page 4


 137:.\Generated_Source\PSoC5/I2CHW.c **** void I2CHW_Enable(void) 
 138:.\Generated_Source\PSoC5/I2CHW.c **** {
  32              		.loc 1 138 0
  33              		.cfi_startproc
  34              		@ args = 0, pretend = 0, frame = 0
  35              		@ frame_needed = 0, uses_anonymous_args = 0
  36              		@ link register save eliminated.
 139:.\Generated_Source\PSoC5/I2CHW.c ****     #if(I2CHW_FF_IMPLEMENTED)
 140:.\Generated_Source\PSoC5/I2CHW.c ****         uint8 enableInterrupts;
 141:.\Generated_Source\PSoC5/I2CHW.c **** 
 142:.\Generated_Source\PSoC5/I2CHW.c ****         /* Enable power to I2C FF block */
 143:.\Generated_Source\PSoC5/I2CHW.c ****         enableInterrupts = CyEnterCriticalSection();
 144:.\Generated_Source\PSoC5/I2CHW.c ****         I2CHW_ACT_PWRMGR_REG  |= I2CHW_ACT_PWR_EN;
 145:.\Generated_Source\PSoC5/I2CHW.c ****         I2CHW_STBY_PWRMGR_REG |= I2CHW_STBY_PWR_EN;
 146:.\Generated_Source\PSoC5/I2CHW.c ****         CyExitCriticalSection(enableInterrupts);
 147:.\Generated_Source\PSoC5/I2CHW.c **** 
 148:.\Generated_Source\PSoC5/I2CHW.c ****     #else
 149:.\Generated_Source\PSoC5/I2CHW.c **** 
 150:.\Generated_Source\PSoC5/I2CHW.c ****         #if(I2CHW_MODE_SLAVE_ENABLED)
 151:.\Generated_Source\PSoC5/I2CHW.c ****             uint8 enableInterrupts;
 152:.\Generated_Source\PSoC5/I2CHW.c ****         #endif /* (I2CHW_MODE_SLAVE_ENABLED) */
 153:.\Generated_Source\PSoC5/I2CHW.c **** 
 154:.\Generated_Source\PSoC5/I2CHW.c ****         #if(I2CHW_MODE_SLAVE_ENABLED)
 155:.\Generated_Source\PSoC5/I2CHW.c ****             /* Enable slave bit counter */
 156:.\Generated_Source\PSoC5/I2CHW.c ****             enableInterrupts = CyEnterCriticalSection();
 157:.\Generated_Source\PSoC5/I2CHW.c ****             I2CHW_COUNTER_AUX_CTL_REG |= I2CHW_CNT7_ENABLE;   /* aux_ctl */
 158:.\Generated_Source\PSoC5/I2CHW.c ****             CyExitCriticalSection(enableInterrupts);
 159:.\Generated_Source\PSoC5/I2CHW.c ****         #endif /* (I2CHW_MODE_SLAVE_ENABLED) */
 160:.\Generated_Source\PSoC5/I2CHW.c **** 
 161:.\Generated_Source\PSoC5/I2CHW.c ****         I2CHW_CFG_REG |= I2CHW_ENABLE_MS;
  37              		.loc 1 161 0
  38 0000 024B     		ldr	r3, .L3
  39 0002 1A78     		ldrb	r2, [r3, #0]	@ zero_extendqisi2
  40 0004 42F00202 		orr	r2, r2, #2
  41 0008 1A70     		strb	r2, [r3, #0]
 162:.\Generated_Source\PSoC5/I2CHW.c **** 
 163:.\Generated_Source\PSoC5/I2CHW.c ****     #endif /* (I2CHW_FF_IMPLEMENTED) */
 164:.\Generated_Source\PSoC5/I2CHW.c **** 
 165:.\Generated_Source\PSoC5/I2CHW.c ****     #if(I2CHW_TIMEOUT_ENABLED)
 166:.\Generated_Source\PSoC5/I2CHW.c ****         I2CHW_TimeoutEnable();
 167:.\Generated_Source\PSoC5/I2CHW.c ****     #endif /* (I2CHW_TIMEOUT_ENABLED) */
 168:.\Generated_Source\PSoC5/I2CHW.c **** }
  42              		.loc 1 168 0
  43 000a 7047     		bx	lr
  44              	.L4:
  45              		.align	2
  46              	.L3:
  47 000c 70640040 		.word	1073767536
  48              		.cfi_endproc
  49              	.LFE1:
  50              		.size	I2CHW_Enable, .-I2CHW_Enable
  51              		.section	.text.I2CHW_Stop,"ax",%progbits
  52              		.align	1
  53              		.global	I2CHW_Stop
  54              		.thumb
  55              		.thumb_func
  56              		.type	I2CHW_Stop, %function
ARM GAS  C:\DOCUME~1\ADMINI~1\LOCALS~1\Temp\ccNBrMLw.s 			page 5


  57              	I2CHW_Stop:
  58              	.LFB3:
 169:.\Generated_Source\PSoC5/I2CHW.c **** 
 170:.\Generated_Source\PSoC5/I2CHW.c **** 
 171:.\Generated_Source\PSoC5/I2CHW.c **** /*******************************************************************************
 172:.\Generated_Source\PSoC5/I2CHW.c **** * Function Name: I2CHW_Start
 173:.\Generated_Source\PSoC5/I2CHW.c **** ********************************************************************************
 174:.\Generated_Source\PSoC5/I2CHW.c **** *
 175:.\Generated_Source\PSoC5/I2CHW.c **** * Summary:
 176:.\Generated_Source\PSoC5/I2CHW.c **** *  Starts the I2C hardware. Enables Active mode power template bits or clock
 177:.\Generated_Source\PSoC5/I2CHW.c **** *  gating as appropriate. It is required to be executed before I2C bus
 178:.\Generated_Source\PSoC5/I2CHW.c **** *  operation.
 179:.\Generated_Source\PSoC5/I2CHW.c **** *  The I2C interrupt remains disabled after this function call.
 180:.\Generated_Source\PSoC5/I2CHW.c **** *
 181:.\Generated_Source\PSoC5/I2CHW.c **** * Parameters:
 182:.\Generated_Source\PSoC5/I2CHW.c **** *  None
 183:.\Generated_Source\PSoC5/I2CHW.c **** *
 184:.\Generated_Source\PSoC5/I2CHW.c **** * Return:
 185:.\Generated_Source\PSoC5/I2CHW.c **** *  None
 186:.\Generated_Source\PSoC5/I2CHW.c **** *
 187:.\Generated_Source\PSoC5/I2CHW.c **** * Side Effects:
 188:.\Generated_Source\PSoC5/I2CHW.c **** *  This component automatically enables it's interrupt.  If I2C is enabled
 189:.\Generated_Source\PSoC5/I2CHW.c **** *  without the interrupt enabled, it could lock up the I2C bus.
 190:.\Generated_Source\PSoC5/I2CHW.c **** *
 191:.\Generated_Source\PSoC5/I2CHW.c **** * Global variables:
 192:.\Generated_Source\PSoC5/I2CHW.c **** *  I2CHW_initVar - used to check initial configuration, modified
 193:.\Generated_Source\PSoC5/I2CHW.c **** *  on first function call.
 194:.\Generated_Source\PSoC5/I2CHW.c **** *
 195:.\Generated_Source\PSoC5/I2CHW.c **** * Reentrant:
 196:.\Generated_Source\PSoC5/I2CHW.c **** *  No
 197:.\Generated_Source\PSoC5/I2CHW.c **** *
 198:.\Generated_Source\PSoC5/I2CHW.c **** *******************************************************************************/
 199:.\Generated_Source\PSoC5/I2CHW.c **** void I2CHW_Start(void) 
 200:.\Generated_Source\PSoC5/I2CHW.c **** {
 201:.\Generated_Source\PSoC5/I2CHW.c ****     /* Initialize I2C registers, reset I2C buffer index and clears status */
 202:.\Generated_Source\PSoC5/I2CHW.c ****     if(0u == I2CHW_initVar)
 203:.\Generated_Source\PSoC5/I2CHW.c ****     {
 204:.\Generated_Source\PSoC5/I2CHW.c ****         I2CHW_Init();
 205:.\Generated_Source\PSoC5/I2CHW.c ****         I2CHW_initVar = 1u; /* Component initialized */
 206:.\Generated_Source\PSoC5/I2CHW.c ****     }
 207:.\Generated_Source\PSoC5/I2CHW.c **** 
 208:.\Generated_Source\PSoC5/I2CHW.c ****     I2CHW_Enable();
 209:.\Generated_Source\PSoC5/I2CHW.c ****     I2CHW_EnableInt();
 210:.\Generated_Source\PSoC5/I2CHW.c **** }
 211:.\Generated_Source\PSoC5/I2CHW.c **** 
 212:.\Generated_Source\PSoC5/I2CHW.c **** 
 213:.\Generated_Source\PSoC5/I2CHW.c **** /*******************************************************************************
 214:.\Generated_Source\PSoC5/I2CHW.c **** * Function Name: I2CHW_Stop
 215:.\Generated_Source\PSoC5/I2CHW.c **** ********************************************************************************
 216:.\Generated_Source\PSoC5/I2CHW.c **** *
 217:.\Generated_Source\PSoC5/I2CHW.c **** * Summary:
 218:.\Generated_Source\PSoC5/I2CHW.c **** *  Disables I2C hardware and disables I2C interrupt. Disables Active mode power
 219:.\Generated_Source\PSoC5/I2CHW.c **** *  template bits or clock gating as appropriate.
 220:.\Generated_Source\PSoC5/I2CHW.c **** *
 221:.\Generated_Source\PSoC5/I2CHW.c **** * Parameters:
 222:.\Generated_Source\PSoC5/I2CHW.c **** *  None
 223:.\Generated_Source\PSoC5/I2CHW.c **** *
ARM GAS  C:\DOCUME~1\ADMINI~1\LOCALS~1\Temp\ccNBrMLw.s 			page 6


 224:.\Generated_Source\PSoC5/I2CHW.c **** * Return:
 225:.\Generated_Source\PSoC5/I2CHW.c **** *  None
 226:.\Generated_Source\PSoC5/I2CHW.c **** *
 227:.\Generated_Source\PSoC5/I2CHW.c **** *******************************************************************************/
 228:.\Generated_Source\PSoC5/I2CHW.c **** void I2CHW_Stop(void) 
 229:.\Generated_Source\PSoC5/I2CHW.c **** {
  59              		.loc 1 229 0
  60              		.cfi_startproc
  61              		@ args = 0, pretend = 0, frame = 0
  62              		@ frame_needed = 0, uses_anonymous_args = 0
  63              		@ link register save eliminated.
 230:.\Generated_Source\PSoC5/I2CHW.c ****     #if((I2CHW_FF_IMPLEMENTED)  || \
 231:.\Generated_Source\PSoC5/I2CHW.c ****         (I2CHW_UDB_IMPLEMENTED && I2CHW_MODE_SLAVE_ENABLED))
 232:.\Generated_Source\PSoC5/I2CHW.c ****         uint8 enableInterrupts;
 233:.\Generated_Source\PSoC5/I2CHW.c ****     #endif /* ((I2CHW_FF_IMPLEMENTED)  || \
 234:.\Generated_Source\PSoC5/I2CHW.c ****                (I2CHW_UDB_IMPLEMENTED && I2CHW_MODE_SLAVE_ENABLED)) */
 235:.\Generated_Source\PSoC5/I2CHW.c **** 
 236:.\Generated_Source\PSoC5/I2CHW.c ****     I2CHW_DisableInt();
  64              		.loc 1 236 0
  65 0000 0A4A     		ldr	r2, .L7
  66 0002 0123     		movs	r3, #1
  67 0004 1360     		str	r3, [r2, #0]
 237:.\Generated_Source\PSoC5/I2CHW.c **** 
 238:.\Generated_Source\PSoC5/I2CHW.c ****     I2CHW_DISABLE_INT_ON_STOP;   /* Interrupt on Stop can be enabled by write */
  68              		.loc 1 238 0
  69 0006 0A4A     		ldr	r2, .L7+4
  70 0008 1178     		ldrb	r1, [r2, #0]	@ zero_extendqisi2
  71 000a 01F0DF01 		and	r1, r1, #223
  72 000e 1170     		strb	r1, [r2, #0]
 239:.\Generated_Source\PSoC5/I2CHW.c ****     (void) I2CHW_CSR_REG;        /* Clear CSR reg */
  73              		.loc 1 239 0
  74 0010 203A     		subs	r2, r2, #32
  75 0012 1278     		ldrb	r2, [r2, #0]	@ zero_extendqisi2
 240:.\Generated_Source\PSoC5/I2CHW.c ****     
 241:.\Generated_Source\PSoC5/I2CHW.c ****     #if(I2CHW_TIMEOUT_ENABLED)
 242:.\Generated_Source\PSoC5/I2CHW.c ****         I2CHW_TimeoutStop();
 243:.\Generated_Source\PSoC5/I2CHW.c ****     #endif  /* End (I2CHW_TIMEOUT_ENABLED) */
 244:.\Generated_Source\PSoC5/I2CHW.c **** 
 245:.\Generated_Source\PSoC5/I2CHW.c ****     #if(I2CHW_FF_IMPLEMENTED)
 246:.\Generated_Source\PSoC5/I2CHW.c ****         #if(CY_PSOC3 || CY_PSOC5LP)
 247:.\Generated_Source\PSoC5/I2CHW.c ****             /* Store registers which are held in reset when Master and Slave bits are cleared */
 248:.\Generated_Source\PSoC5/I2CHW.c ****             #if(I2CHW_MODE_SLAVE_ENABLED)
 249:.\Generated_Source\PSoC5/I2CHW.c ****                 I2CHW_backup.addr = I2CHW_ADDR_REG;
 250:.\Generated_Source\PSoC5/I2CHW.c ****             #endif /* (I2CHW_MODE_SLAVE_ENABLED) */
 251:.\Generated_Source\PSoC5/I2CHW.c **** 
 252:.\Generated_Source\PSoC5/I2CHW.c ****             I2CHW_backup.clkDiv1  = I2CHW_CLKDIV1_REG;
 253:.\Generated_Source\PSoC5/I2CHW.c ****             I2CHW_backup.clkDiv2  = I2CHW_CLKDIV2_REG;
 254:.\Generated_Source\PSoC5/I2CHW.c **** 
 255:.\Generated_Source\PSoC5/I2CHW.c **** 
 256:.\Generated_Source\PSoC5/I2CHW.c ****             /* Reset FF block */
 257:.\Generated_Source\PSoC5/I2CHW.c ****             I2CHW_CFG_REG &= ((uint8) ~I2CHW_ENABLE_MS);
 258:.\Generated_Source\PSoC5/I2CHW.c ****             CyDelayUs(I2CHW_FF_RESET_DELAY);
 259:.\Generated_Source\PSoC5/I2CHW.c ****             I2CHW_CFG_REG |= ((uint8)  I2CHW_ENABLE_MS);
 260:.\Generated_Source\PSoC5/I2CHW.c **** 
 261:.\Generated_Source\PSoC5/I2CHW.c **** 
 262:.\Generated_Source\PSoC5/I2CHW.c ****             /* Restore registers */
 263:.\Generated_Source\PSoC5/I2CHW.c ****             #if(I2CHW_MODE_SLAVE_ENABLED)
ARM GAS  C:\DOCUME~1\ADMINI~1\LOCALS~1\Temp\ccNBrMLw.s 			page 7


 264:.\Generated_Source\PSoC5/I2CHW.c ****                 I2CHW_ADDR_REG = I2CHW_backup.addr;
 265:.\Generated_Source\PSoC5/I2CHW.c ****             #endif /* (I2CHW_MODE_SLAVE_ENABLED) */
 266:.\Generated_Source\PSoC5/I2CHW.c **** 
 267:.\Generated_Source\PSoC5/I2CHW.c ****             I2CHW_CLKDIV1_REG = I2CHW_backup.clkDiv1;
 268:.\Generated_Source\PSoC5/I2CHW.c ****             I2CHW_CLKDIV2_REG = I2CHW_backup.clkDiv2;
 269:.\Generated_Source\PSoC5/I2CHW.c **** 
 270:.\Generated_Source\PSoC5/I2CHW.c ****         #endif /* (CY_PSOC3 || CY_PSOC5LP) */
 271:.\Generated_Source\PSoC5/I2CHW.c **** 
 272:.\Generated_Source\PSoC5/I2CHW.c ****         /* Disable power to I2C block */
 273:.\Generated_Source\PSoC5/I2CHW.c ****         enableInterrupts = CyEnterCriticalSection();
 274:.\Generated_Source\PSoC5/I2CHW.c ****         I2CHW_ACT_PWRMGR_REG  &= ((uint8) ~I2CHW_ACT_PWR_EN);
 275:.\Generated_Source\PSoC5/I2CHW.c ****         I2CHW_STBY_PWRMGR_REG &= ((uint8) ~I2CHW_STBY_PWR_EN);
 276:.\Generated_Source\PSoC5/I2CHW.c ****         CyExitCriticalSection(enableInterrupts);
 277:.\Generated_Source\PSoC5/I2CHW.c **** 
 278:.\Generated_Source\PSoC5/I2CHW.c ****     #else
 279:.\Generated_Source\PSoC5/I2CHW.c **** 
 280:.\Generated_Source\PSoC5/I2CHW.c ****         #if(I2CHW_MODE_SLAVE_ENABLED)
 281:.\Generated_Source\PSoC5/I2CHW.c ****             /* Disable slave bit counter */
 282:.\Generated_Source\PSoC5/I2CHW.c ****             enableInterrupts = CyEnterCriticalSection();
 283:.\Generated_Source\PSoC5/I2CHW.c ****             I2CHW_COUNTER_AUX_CTL_REG &= ((uint8) ~I2CHW_CNT7_ENABLE);
 284:.\Generated_Source\PSoC5/I2CHW.c ****             CyExitCriticalSection(enableInterrupts);
 285:.\Generated_Source\PSoC5/I2CHW.c ****         #endif /* (I2CHW_MODE_SLAVE_ENABLED) */
 286:.\Generated_Source\PSoC5/I2CHW.c **** 
 287:.\Generated_Source\PSoC5/I2CHW.c ****         I2CHW_CFG_REG &= ((uint8) ~I2CHW_ENABLE_MS);
  76              		.loc 1 287 0
  77 0014 074A     		ldr	r2, .L7+8
  78 0016 1178     		ldrb	r1, [r2, #0]	@ zero_extendqisi2
  79 0018 01F0FD01 		and	r1, r1, #253
  80 001c 1170     		strb	r1, [r2, #0]
 288:.\Generated_Source\PSoC5/I2CHW.c **** 
 289:.\Generated_Source\PSoC5/I2CHW.c ****     #endif /* (I2CHW_FF_IMPLEMENTED) */
 290:.\Generated_Source\PSoC5/I2CHW.c **** 
 291:.\Generated_Source\PSoC5/I2CHW.c ****     I2CHW_ClearPendingInt();  /* Clear interrupt triggers on reset */
  81              		.loc 1 291 0
  82 001e 064A     		ldr	r2, .L7+12
  83 0020 1360     		str	r3, [r2, #0]
 292:.\Generated_Source\PSoC5/I2CHW.c **** 
 293:.\Generated_Source\PSoC5/I2CHW.c ****     I2CHW_state = I2CHW_SM_IDLE;  /* Reset software FSM */
  84              		.loc 1 293 0
  85 0022 064B     		ldr	r3, .L7+16
  86 0024 1022     		movs	r2, #16
  87 0026 1A70     		strb	r2, [r3, #0]
 294:.\Generated_Source\PSoC5/I2CHW.c **** }
  88              		.loc 1 294 0
  89 0028 7047     		bx	lr
  90              	.L8:
  91 002a 00BF     		.align	2
  92              	.L7:
  93 002c 80E100E0 		.word	-536813184
  94 0030 88640040 		.word	1073767560
  95 0034 70640040 		.word	1073767536
  96 0038 80E200E0 		.word	-536812928
  97 003c 00000000 		.word	I2CHW_state
  98              		.cfi_endproc
  99              	.LFE3:
 100              		.size	I2CHW_Stop, .-I2CHW_Stop
 101              		.section	.text.I2CHW_Init,"ax",%progbits
ARM GAS  C:\DOCUME~1\ADMINI~1\LOCALS~1\Temp\ccNBrMLw.s 			page 8


 102              		.align	1
 103              		.global	I2CHW_Init
 104              		.thumb
 105              		.thumb_func
 106              		.type	I2CHW_Init, %function
 107              	I2CHW_Init:
 108              	.LFB0:
 109              		.loc 1 52 0
 110              		.cfi_startproc
 111              		@ args = 0, pretend = 0, frame = 0
 112              		@ frame_needed = 0, uses_anonymous_args = 0
 113              		.loc 1 67 0
 114 0000 154B     		ldr	r3, .L11
 115              		.loc 1 52 0
 116 0002 70B5     		push	{r4, r5, r6, lr}
 117              	.LCFI0:
 118              		.cfi_def_cfa_offset 16
 119              		.loc 1 67 0
 120 0004 0024     		movs	r4, #0
 121              		.cfi_offset 14, -4
 122              		.cfi_offset 6, -8
 123              		.cfi_offset 5, -12
 124              		.cfi_offset 4, -16
 125 0006 1C70     		strb	r4, [r3, #0]
 126              		.loc 1 68 0
 127 0008 0125     		movs	r5, #1
 128 000a 1833     		adds	r3, r3, #24
 129 000c 1D70     		strb	r5, [r3, #0]
 130              		.loc 1 71 0
 131 000e FFF7FEFF 		bl	CyEnterCriticalSection
 132              		.loc 1 72 0
 133 0012 124B     		ldr	r3, .L11+4
 134 0014 1A78     		ldrb	r2, [r3, #0]	@ zero_extendqisi2
 135 0016 42F01002 		orr	r2, r2, #16
 136 001a 1A70     		strb	r2, [r3, #0]
 137              		.loc 1 73 0
 138 001c FFF7FEFF 		bl	CyExitCriticalSection
 139              		.loc 1 76 0
 140 0020 0F4B     		ldr	r3, .L11+8
 141 0022 0F22     		movs	r2, #15
 142 0024 1A70     		strb	r2, [r3, #0]
 143              		.loc 1 77 0
 144 0026 073A     		subs	r2, r2, #7
 145 0028 1033     		adds	r3, r3, #16
 146 002a 1A70     		strb	r2, [r3, #0]
 147              		.loc 1 91 0
 148 002c 0D4B     		ldr	r3, .L11+12
 149              		.loc 1 92 0
 150 002e 2046     		mov	r0, r4
 151              		.loc 1 91 0
 152 0030 1D60     		str	r5, [r3, #0]
 153              		.loc 1 92 0
 154 0032 0521     		movs	r1, #5
 155 0034 FFF7FEFF 		bl	CyIntSetPriority
 156              		.loc 1 94 0
 157 0038 0B49     		ldr	r1, .L11+16
 158 003a 2046     		mov	r0, r4
ARM GAS  C:\DOCUME~1\ADMINI~1\LOCALS~1\Temp\ccNBrMLw.s 			page 9


 159 003c FFF7FEFF 		bl	CyIntSetVector
 160              		.loc 1 99 0
 161 0040 0A4B     		ldr	r3, .L11+20
 162 0042 1022     		movs	r2, #16
 163 0044 1A70     		strb	r2, [r3, #0]
 164              		.loc 1 113 0
 165 0046 FFF7FEFF 		bl	I2CHW_MasterClearReadBuf
 166              		.loc 1 114 0
 167 004a FFF7FEFF 		bl	I2CHW_MasterClearWriteBuf
 168              		.loc 1 117 0
 169 004e BDE87040 		pop	{r4, r5, r6, lr}
 170              		.loc 1 115 0
 171 0052 FFF7FEBF 		b	I2CHW_MasterClearStatus
 172              	.L12:
 173 0056 00BF     		.align	2
 174              	.L11:
 175 0058 70640040 		.word	1073767536
 176 005c 98640040 		.word	1073767576
 177 0060 29640040 		.word	1073767465
 178 0064 80E100E0 		.word	-536813184
 179 0068 00000000 		.word	I2CHW_ISR
 180 006c 00000000 		.word	I2CHW_state
 181              		.cfi_endproc
 182              	.LFE0:
 183              		.size	I2CHW_Init, .-I2CHW_Init
 184              		.section	.text.I2CHW_Start,"ax",%progbits
 185              		.align	1
 186              		.global	I2CHW_Start
 187              		.thumb
 188              		.thumb_func
 189              		.type	I2CHW_Start, %function
 190              	I2CHW_Start:
 191              	.LFB2:
 192              		.loc 1 200 0
 193              		.cfi_startproc
 194              		@ args = 0, pretend = 0, frame = 0
 195              		@ frame_needed = 0, uses_anonymous_args = 0
 196 0000 10B5     		push	{r4, lr}
 197              	.LCFI1:
 198              		.cfi_def_cfa_offset 8
 199              		.loc 1 202 0
 200 0002 064C     		ldr	r4, .L17
 201              		.cfi_offset 14, -4
 202              		.cfi_offset 4, -8
 203 0004 2378     		ldrb	r3, [r4, #0]	@ zero_extendqisi2
 204 0006 1BB9     		cbnz	r3, .L14
 205              		.loc 1 204 0
 206 0008 FFF7FEFF 		bl	I2CHW_Init
 207              		.loc 1 205 0
 208 000c 0123     		movs	r3, #1
 209 000e 2370     		strb	r3, [r4, #0]
 210              	.L14:
 211              		.loc 1 208 0
 212 0010 FFF7FEFF 		bl	I2CHW_Enable
 213              		.loc 1 209 0
 214 0014 024B     		ldr	r3, .L17+4
 215 0016 0122     		movs	r2, #1
ARM GAS  C:\DOCUME~1\ADMINI~1\LOCALS~1\Temp\ccNBrMLw.s 			page 10


 216 0018 1A60     		str	r2, [r3, #0]
 217              		.loc 1 210 0
 218 001a 10BD     		pop	{r4, pc}
 219              	.L18:
 220              		.align	2
 221              	.L17:
 222 001c 00000000 		.word	.LANCHOR0
 223 0020 00E100E0 		.word	-536813312
 224              		.cfi_endproc
 225              	.LFE2:
 226              		.size	I2CHW_Start, .-I2CHW_Start
 227              		.global	I2CHW_initVar
 228              		.comm	I2CHW_state,1,1
 229              		.bss
 230              		.set	.LANCHOR0,. + 0
 231              		.type	I2CHW_initVar, %object
 232              		.size	I2CHW_initVar, 1
 233              	I2CHW_initVar:
 234 0000 00       		.space	1
 235              		.text
 236              	.Letext0:
 237              		.section	.debug_loc,"",%progbits
 238              	.Ldebug_loc0:
 239              	.LLST2:
 240 0000 00000000 		.4byte	.LFB0
 241 0004 04000000 		.4byte	.LCFI0
 242 0008 0100     		.2byte	0x1
 243 000a 5D       		.byte	0x5d
 244 000b 04000000 		.4byte	.LCFI0
 245 000f 70000000 		.4byte	.LFE0
 246 0013 0200     		.2byte	0x2
 247 0015 7D       		.byte	0x7d
 248 0016 10       		.sleb128 16
 249 0017 00000000 		.4byte	0x0
 250 001b 00000000 		.4byte	0x0
 251              	.LLST3:
 252 001f 00000000 		.4byte	.LFB2
 253 0023 02000000 		.4byte	.LCFI1
 254 0027 0100     		.2byte	0x1
 255 0029 5D       		.byte	0x5d
 256 002a 02000000 		.4byte	.LCFI1
 257 002e 24000000 		.4byte	.LFE2
 258 0032 0200     		.2byte	0x2
 259 0034 7D       		.byte	0x7d
 260 0035 08       		.sleb128 8
 261 0036 00000000 		.4byte	0x0
 262 003a 00000000 		.4byte	0x0
 263              		.file 2 ".\\Generated_Source\\PSoC5\\/cytypes.h"
 264              		.section	.debug_info
 265 0000 18010000 		.4byte	0x118
 266 0004 0200     		.2byte	0x2
 267 0006 00000000 		.4byte	.Ldebug_abbrev0
 268 000a 04       		.byte	0x4
 269 000b 01       		.uleb128 0x1
 270 000c 19010000 		.4byte	.LASF17
 271 0010 01       		.byte	0x1
 272 0011 0E000000 		.4byte	.LASF18
ARM GAS  C:\DOCUME~1\ADMINI~1\LOCALS~1\Temp\ccNBrMLw.s 			page 11


 273 0015 7D000000 		.4byte	.LASF19
 274 0019 00000000 		.4byte	0x0
 275 001d 00000000 		.4byte	0x0
 276 0021 00000000 		.4byte	.Ldebug_ranges0+0x0
 277 0025 00000000 		.4byte	.Ldebug_line0
 278 0029 02       		.uleb128 0x2
 279 002a 01       		.byte	0x1
 280 002b 06       		.byte	0x6
 281 002c 38010000 		.4byte	.LASF0
 282 0030 02       		.uleb128 0x2
 283 0031 01       		.byte	0x1
 284 0032 08       		.byte	0x8
 285 0033 2F000000 		.4byte	.LASF1
 286 0037 02       		.uleb128 0x2
 287 0038 02       		.byte	0x2
 288 0039 05       		.byte	0x5
 289 003a 4A010000 		.4byte	.LASF2
 290 003e 02       		.uleb128 0x2
 291 003f 02       		.byte	0x2
 292 0040 07       		.byte	0x7
 293 0041 25010000 		.4byte	.LASF3
 294 0045 02       		.uleb128 0x2
 295 0046 04       		.byte	0x4
 296 0047 05       		.byte	0x5
 297 0048 F0000000 		.4byte	.LASF4
 298 004c 02       		.uleb128 0x2
 299 004d 04       		.byte	0x4
 300 004e 07       		.byte	0x7
 301 004f 6B000000 		.4byte	.LASF5
 302 0053 02       		.uleb128 0x2
 303 0054 08       		.byte	0x8
 304 0055 05       		.byte	0x5
 305 0056 00000000 		.4byte	.LASF6
 306 005a 02       		.uleb128 0x2
 307 005b 08       		.byte	0x8
 308 005c 07       		.byte	0x7
 309 005d C7000000 		.4byte	.LASF7
 310 0061 03       		.uleb128 0x3
 311 0062 04       		.byte	0x4
 312 0063 05       		.byte	0x5
 313 0064 696E7400 		.ascii	"int\000"
 314 0068 02       		.uleb128 0x2
 315 0069 04       		.byte	0x4
 316 006a 07       		.byte	0x7
 317 006b 54010000 		.4byte	.LASF8
 318 006f 04       		.uleb128 0x4
 319 0070 65000000 		.4byte	.LASF20
 320 0074 02       		.byte	0x2
 321 0075 4C       		.byte	0x4c
 322 0076 30000000 		.4byte	0x30
 323 007a 02       		.uleb128 0x2
 324 007b 04       		.byte	0x4
 325 007c 04       		.byte	0x4
 326 007d 44010000 		.4byte	.LASF9
 327 0081 02       		.uleb128 0x2
 328 0082 08       		.byte	0x8
 329 0083 04       		.byte	0x4
ARM GAS  C:\DOCUME~1\ADMINI~1\LOCALS~1\Temp\ccNBrMLw.s 			page 12


 330 0084 04010000 		.4byte	.LASF10
 331 0088 02       		.uleb128 0x2
 332 0089 01       		.byte	0x1
 333 008a 08       		.byte	0x8
 334 008b EB000000 		.4byte	.LASF11
 335 008f 05       		.uleb128 0x5
 336 0090 6F000000 		.4byte	0x6f
 337 0094 06       		.uleb128 0x6
 338 0095 04       		.byte	0x4
 339 0096 07       		.byte	0x7
 340 0097 07       		.uleb128 0x7
 341 0098 01       		.byte	0x1
 342 0099 DE000000 		.4byte	.LASF12
 343 009d 01       		.byte	0x1
 344 009e 89       		.byte	0x89
 345 009f 01       		.byte	0x1
 346 00a0 00000000 		.4byte	.LFB1
 347 00a4 10000000 		.4byte	.LFE1
 348 00a8 01       		.byte	0x1
 349 00a9 5D       		.byte	0x5d
 350 00aa 07       		.uleb128 0x7
 351 00ab 01       		.byte	0x1
 352 00ac F9000000 		.4byte	.LASF13
 353 00b0 01       		.byte	0x1
 354 00b1 E4       		.byte	0xe4
 355 00b2 01       		.byte	0x1
 356 00b3 00000000 		.4byte	.LFB3
 357 00b7 40000000 		.4byte	.LFE3
 358 00bb 01       		.byte	0x1
 359 00bc 5D       		.byte	0x5d
 360 00bd 08       		.uleb128 0x8
 361 00be 01       		.byte	0x1
 362 00bf 3D000000 		.4byte	.LASF21
 363 00c3 01       		.byte	0x1
 364 00c4 33       		.byte	0x33
 365 00c5 01       		.byte	0x1
 366 00c6 00000000 		.4byte	.LFB0
 367 00ca 70000000 		.4byte	.LFE0
 368 00ce 00000000 		.4byte	.LLST2
 369 00d2 E2000000 		.4byte	0xe2
 370 00d6 09       		.uleb128 0x9
 371 00d7 48000000 		.4byte	.LASF22
 372 00db 01       		.byte	0x1
 373 00dc 41       		.byte	0x41
 374 00dd 6F000000 		.4byte	0x6f
 375 00e1 00       		.byte	0x0
 376 00e2 0A       		.uleb128 0xa
 377 00e3 01       		.byte	0x1
 378 00e4 BB000000 		.4byte	.LASF14
 379 00e8 01       		.byte	0x1
 380 00e9 C7       		.byte	0xc7
 381 00ea 01       		.byte	0x1
 382 00eb 00000000 		.4byte	.LFB2
 383 00ef 24000000 		.4byte	.LFE2
 384 00f3 1F000000 		.4byte	.LLST3
 385 00f7 0B       		.uleb128 0xb
 386 00f8 0B010000 		.4byte	.LASF15
ARM GAS  C:\DOCUME~1\ADMINI~1\LOCALS~1\Temp\ccNBrMLw.s 			page 13


 387 00fc 01       		.byte	0x1
 388 00fd 1A       		.byte	0x1a
 389 00fe 6F000000 		.4byte	0x6f
 390 0102 01       		.byte	0x1
 391 0103 05       		.byte	0x5
 392 0104 03       		.byte	0x3
 393 0105 00000000 		.4byte	I2CHW_initVar
 394 0109 0B       		.uleb128 0xb
 395 010a 59000000 		.4byte	.LASF16
 396 010e 01       		.byte	0x1
 397 010f 1C       		.byte	0x1c
 398 0110 8F000000 		.4byte	0x8f
 399 0114 01       		.byte	0x1
 400 0115 05       		.byte	0x5
 401 0116 03       		.byte	0x3
 402 0117 00000000 		.4byte	I2CHW_state
 403 011b 00       		.byte	0x0
 404              		.section	.debug_abbrev
 405 0000 01       		.uleb128 0x1
 406 0001 11       		.uleb128 0x11
 407 0002 01       		.byte	0x1
 408 0003 25       		.uleb128 0x25
 409 0004 0E       		.uleb128 0xe
 410 0005 13       		.uleb128 0x13
 411 0006 0B       		.uleb128 0xb
 412 0007 03       		.uleb128 0x3
 413 0008 0E       		.uleb128 0xe
 414 0009 1B       		.uleb128 0x1b
 415 000a 0E       		.uleb128 0xe
 416 000b 11       		.uleb128 0x11
 417 000c 01       		.uleb128 0x1
 418 000d 52       		.uleb128 0x52
 419 000e 01       		.uleb128 0x1
 420 000f 55       		.uleb128 0x55
 421 0010 06       		.uleb128 0x6
 422 0011 10       		.uleb128 0x10
 423 0012 06       		.uleb128 0x6
 424 0013 00       		.byte	0x0
 425 0014 00       		.byte	0x0
 426 0015 02       		.uleb128 0x2
 427 0016 24       		.uleb128 0x24
 428 0017 00       		.byte	0x0
 429 0018 0B       		.uleb128 0xb
 430 0019 0B       		.uleb128 0xb
 431 001a 3E       		.uleb128 0x3e
 432 001b 0B       		.uleb128 0xb
 433 001c 03       		.uleb128 0x3
 434 001d 0E       		.uleb128 0xe
 435 001e 00       		.byte	0x0
 436 001f 00       		.byte	0x0
 437 0020 03       		.uleb128 0x3
 438 0021 24       		.uleb128 0x24
 439 0022 00       		.byte	0x0
 440 0023 0B       		.uleb128 0xb
 441 0024 0B       		.uleb128 0xb
 442 0025 3E       		.uleb128 0x3e
 443 0026 0B       		.uleb128 0xb
ARM GAS  C:\DOCUME~1\ADMINI~1\LOCALS~1\Temp\ccNBrMLw.s 			page 14


 444 0027 03       		.uleb128 0x3
 445 0028 08       		.uleb128 0x8
 446 0029 00       		.byte	0x0
 447 002a 00       		.byte	0x0
 448 002b 04       		.uleb128 0x4
 449 002c 16       		.uleb128 0x16
 450 002d 00       		.byte	0x0
 451 002e 03       		.uleb128 0x3
 452 002f 0E       		.uleb128 0xe
 453 0030 3A       		.uleb128 0x3a
 454 0031 0B       		.uleb128 0xb
 455 0032 3B       		.uleb128 0x3b
 456 0033 0B       		.uleb128 0xb
 457 0034 49       		.uleb128 0x49
 458 0035 13       		.uleb128 0x13
 459 0036 00       		.byte	0x0
 460 0037 00       		.byte	0x0
 461 0038 05       		.uleb128 0x5
 462 0039 35       		.uleb128 0x35
 463 003a 00       		.byte	0x0
 464 003b 49       		.uleb128 0x49
 465 003c 13       		.uleb128 0x13
 466 003d 00       		.byte	0x0
 467 003e 00       		.byte	0x0
 468 003f 06       		.uleb128 0x6
 469 0040 24       		.uleb128 0x24
 470 0041 00       		.byte	0x0
 471 0042 0B       		.uleb128 0xb
 472 0043 0B       		.uleb128 0xb
 473 0044 3E       		.uleb128 0x3e
 474 0045 0B       		.uleb128 0xb
 475 0046 00       		.byte	0x0
 476 0047 00       		.byte	0x0
 477 0048 07       		.uleb128 0x7
 478 0049 2E       		.uleb128 0x2e
 479 004a 00       		.byte	0x0
 480 004b 3F       		.uleb128 0x3f
 481 004c 0C       		.uleb128 0xc
 482 004d 03       		.uleb128 0x3
 483 004e 0E       		.uleb128 0xe
 484 004f 3A       		.uleb128 0x3a
 485 0050 0B       		.uleb128 0xb
 486 0051 3B       		.uleb128 0x3b
 487 0052 0B       		.uleb128 0xb
 488 0053 27       		.uleb128 0x27
 489 0054 0C       		.uleb128 0xc
 490 0055 11       		.uleb128 0x11
 491 0056 01       		.uleb128 0x1
 492 0057 12       		.uleb128 0x12
 493 0058 01       		.uleb128 0x1
 494 0059 40       		.uleb128 0x40
 495 005a 0A       		.uleb128 0xa
 496 005b 00       		.byte	0x0
 497 005c 00       		.byte	0x0
 498 005d 08       		.uleb128 0x8
 499 005e 2E       		.uleb128 0x2e
 500 005f 01       		.byte	0x1
ARM GAS  C:\DOCUME~1\ADMINI~1\LOCALS~1\Temp\ccNBrMLw.s 			page 15


 501 0060 3F       		.uleb128 0x3f
 502 0061 0C       		.uleb128 0xc
 503 0062 03       		.uleb128 0x3
 504 0063 0E       		.uleb128 0xe
 505 0064 3A       		.uleb128 0x3a
 506 0065 0B       		.uleb128 0xb
 507 0066 3B       		.uleb128 0x3b
 508 0067 0B       		.uleb128 0xb
 509 0068 27       		.uleb128 0x27
 510 0069 0C       		.uleb128 0xc
 511 006a 11       		.uleb128 0x11
 512 006b 01       		.uleb128 0x1
 513 006c 12       		.uleb128 0x12
 514 006d 01       		.uleb128 0x1
 515 006e 40       		.uleb128 0x40
 516 006f 06       		.uleb128 0x6
 517 0070 01       		.uleb128 0x1
 518 0071 13       		.uleb128 0x13
 519 0072 00       		.byte	0x0
 520 0073 00       		.byte	0x0
 521 0074 09       		.uleb128 0x9
 522 0075 34       		.uleb128 0x34
 523 0076 00       		.byte	0x0
 524 0077 03       		.uleb128 0x3
 525 0078 0E       		.uleb128 0xe
 526 0079 3A       		.uleb128 0x3a
 527 007a 0B       		.uleb128 0xb
 528 007b 3B       		.uleb128 0x3b
 529 007c 0B       		.uleb128 0xb
 530 007d 49       		.uleb128 0x49
 531 007e 13       		.uleb128 0x13
 532 007f 00       		.byte	0x0
 533 0080 00       		.byte	0x0
 534 0081 0A       		.uleb128 0xa
 535 0082 2E       		.uleb128 0x2e
 536 0083 00       		.byte	0x0
 537 0084 3F       		.uleb128 0x3f
 538 0085 0C       		.uleb128 0xc
 539 0086 03       		.uleb128 0x3
 540 0087 0E       		.uleb128 0xe
 541 0088 3A       		.uleb128 0x3a
 542 0089 0B       		.uleb128 0xb
 543 008a 3B       		.uleb128 0x3b
 544 008b 0B       		.uleb128 0xb
 545 008c 27       		.uleb128 0x27
 546 008d 0C       		.uleb128 0xc
 547 008e 11       		.uleb128 0x11
 548 008f 01       		.uleb128 0x1
 549 0090 12       		.uleb128 0x12
 550 0091 01       		.uleb128 0x1
 551 0092 40       		.uleb128 0x40
 552 0093 06       		.uleb128 0x6
 553 0094 00       		.byte	0x0
 554 0095 00       		.byte	0x0
 555 0096 0B       		.uleb128 0xb
 556 0097 34       		.uleb128 0x34
 557 0098 00       		.byte	0x0
ARM GAS  C:\DOCUME~1\ADMINI~1\LOCALS~1\Temp\ccNBrMLw.s 			page 16


 558 0099 03       		.uleb128 0x3
 559 009a 0E       		.uleb128 0xe
 560 009b 3A       		.uleb128 0x3a
 561 009c 0B       		.uleb128 0xb
 562 009d 3B       		.uleb128 0x3b
 563 009e 0B       		.uleb128 0xb
 564 009f 49       		.uleb128 0x49
 565 00a0 13       		.uleb128 0x13
 566 00a1 3F       		.uleb128 0x3f
 567 00a2 0C       		.uleb128 0xc
 568 00a3 02       		.uleb128 0x2
 569 00a4 0A       		.uleb128 0xa
 570 00a5 00       		.byte	0x0
 571 00a6 00       		.byte	0x0
 572 00a7 00       		.byte	0x0
 573              		.section	.debug_pubnames,"",%progbits
 574 0000 6F000000 		.4byte	0x6f
 575 0004 0200     		.2byte	0x2
 576 0006 00000000 		.4byte	.Ldebug_info0
 577 000a 1C010000 		.4byte	0x11c
 578 000e 97000000 		.4byte	0x97
 579 0012 49324348 		.ascii	"I2CHW_Enable\000"
 579      575F456E 
 579      61626C65 
 579      00
 580 001f AA000000 		.4byte	0xaa
 581 0023 49324348 		.ascii	"I2CHW_Stop\000"
 581      575F5374 
 581      6F7000
 582 002e BD000000 		.4byte	0xbd
 583 0032 49324348 		.ascii	"I2CHW_Init\000"
 583      575F496E 
 583      697400
 584 003d E2000000 		.4byte	0xe2
 585 0041 49324348 		.ascii	"I2CHW_Start\000"
 585      575F5374 
 585      61727400 
 586 004d F7000000 		.4byte	0xf7
 587 0051 49324348 		.ascii	"I2CHW_initVar\000"
 587      575F696E 
 587      69745661 
 587      7200
 588 005f 09010000 		.4byte	0x109
 589 0063 49324348 		.ascii	"I2CHW_state\000"
 589      575F7374 
 589      61746500 
 590 006f 00000000 		.4byte	0x0
 591              		.section	.debug_aranges,"",%progbits
 592 0000 34000000 		.4byte	0x34
 593 0004 0200     		.2byte	0x2
 594 0006 00000000 		.4byte	.Ldebug_info0
 595 000a 04       		.byte	0x4
 596 000b 00       		.byte	0x0
 597 000c 0000     		.2byte	0x0
 598 000e 0000     		.2byte	0x0
 599 0010 00000000 		.4byte	.LFB1
 600 0014 10000000 		.4byte	.LFE1-.LFB1
ARM GAS  C:\DOCUME~1\ADMINI~1\LOCALS~1\Temp\ccNBrMLw.s 			page 17


 601 0018 00000000 		.4byte	.LFB3
 602 001c 40000000 		.4byte	.LFE3-.LFB3
 603 0020 00000000 		.4byte	.LFB0
 604 0024 70000000 		.4byte	.LFE0-.LFB0
 605 0028 00000000 		.4byte	.LFB2
 606 002c 24000000 		.4byte	.LFE2-.LFB2
 607 0030 00000000 		.4byte	0x0
 608 0034 00000000 		.4byte	0x0
 609              		.section	.debug_ranges,"",%progbits
 610              	.Ldebug_ranges0:
 611 0000 00000000 		.4byte	.Ltext0
 612 0004 00000000 		.4byte	.Letext0
 613 0008 00000000 		.4byte	.LFB1
 614 000c 10000000 		.4byte	.LFE1
 615 0010 00000000 		.4byte	.LFB3
 616 0014 40000000 		.4byte	.LFE3
 617 0018 00000000 		.4byte	.LFB0
 618 001c 70000000 		.4byte	.LFE0
 619 0020 00000000 		.4byte	.LFB2
 620 0024 24000000 		.4byte	.LFE2
 621 0028 00000000 		.4byte	0x0
 622 002c 00000000 		.4byte	0x0
 623              		.section	.debug_str,"MS",%progbits,1
 624              	.LASF6:
 625 0000 6C6F6E67 		.ascii	"long long int\000"
 625      206C6F6E 
 625      6720696E 
 625      7400
 626              	.LASF18:
 627 000e 2E5C4765 		.ascii	".\\Generated_Source\\PSoC5\\I2CHW.c\000"
 627      6E657261 
 627      7465645F 
 627      536F7572 
 627      63655C50 
 628              	.LASF1:
 629 002f 756E7369 		.ascii	"unsigned char\000"
 629      676E6564 
 629      20636861 
 629      7200
 630              	.LASF21:
 631 003d 49324348 		.ascii	"I2CHW_Init\000"
 631      575F496E 
 631      697400
 632              	.LASF22:
 633 0048 656E6162 		.ascii	"enableInterrupts\000"
 633      6C65496E 
 633      74657272 
 633      75707473 
 633      00
 634              	.LASF16:
 635 0059 49324348 		.ascii	"I2CHW_state\000"
 635      575F7374 
 635      61746500 
 636              	.LASF20:
 637 0065 75696E74 		.ascii	"uint8\000"
 637      3800
 638              	.LASF5:
ARM GAS  C:\DOCUME~1\ADMINI~1\LOCALS~1\Temp\ccNBrMLw.s 			page 18


 639 006b 6C6F6E67 		.ascii	"long unsigned int\000"
 639      20756E73 
 639      69676E65 
 639      6420696E 
 639      7400
 640              	.LASF19:
 641 007d 5C5C7073 		.ascii	"\\\\psf\\Home\\Desktop\\KitProg version 2_03\\KitPr"
 641      665C486F 
 641      6D655C44 
 641      65736B74 
 641      6F705C4B 
 642 00aa 6F675C4B 		.ascii	"og\\KitProg.cydsn\000"
 642      69745072 
 642      6F672E63 
 642      7964736E 
 642      00
 643              	.LASF14:
 644 00bb 49324348 		.ascii	"I2CHW_Start\000"
 644      575F5374 
 644      61727400 
 645              	.LASF7:
 646 00c7 6C6F6E67 		.ascii	"long long unsigned int\000"
 646      206C6F6E 
 646      6720756E 
 646      7369676E 
 646      65642069 
 647              	.LASF12:
 648 00de 49324348 		.ascii	"I2CHW_Enable\000"
 648      575F456E 
 648      61626C65 
 648      00
 649              	.LASF11:
 650 00eb 63686172 		.ascii	"char\000"
 650      00
 651              	.LASF4:
 652 00f0 6C6F6E67 		.ascii	"long int\000"
 652      20696E74 
 652      00
 653              	.LASF13:
 654 00f9 49324348 		.ascii	"I2CHW_Stop\000"
 654      575F5374 
 654      6F7000
 655              	.LASF10:
 656 0104 646F7562 		.ascii	"double\000"
 656      6C6500
 657              	.LASF15:
 658 010b 49324348 		.ascii	"I2CHW_initVar\000"
 658      575F696E 
 658      69745661 
 658      7200
 659              	.LASF17:
 660 0119 474E5520 		.ascii	"GNU C 4.4.1\000"
 660      4320342E 
 660      342E3100 
 661              	.LASF3:
 662 0125 73686F72 		.ascii	"short unsigned int\000"
 662      7420756E 
ARM GAS  C:\DOCUME~1\ADMINI~1\LOCALS~1\Temp\ccNBrMLw.s 			page 19


 662      7369676E 
 662      65642069 
 662      6E7400
 663              	.LASF0:
 664 0138 7369676E 		.ascii	"signed char\000"
 664      65642063 
 664      68617200 
 665              	.LASF9:
 666 0144 666C6F61 		.ascii	"float\000"
 666      7400
 667              	.LASF2:
 668 014a 73686F72 		.ascii	"short int\000"
 668      7420696E 
 668      7400
 669              	.LASF8:
 670 0154 756E7369 		.ascii	"unsigned int\000"
 670      676E6564 
 670      20696E74 
 670      00
 671              		.ident	"GCC: (Sourcery G++ Lite 2010q1-188) 4.4.1"
