--------------- Rebuild Started: 08/26/2015 19:31:10 Project: KitProg, Configuration: ARM GCC 4.4.1 Release ---------------
cydsfit.exe "-.appdatapath" "C:\Documents and Settings\Administrator\Local Settings\Application Data\Cypress Semiconductor\PSoC Creator\2.2" "-.fdsnotice" "-.fdswarpdepfile=warp_dependencies.txt" "-.fdselabdepfile=elab_dependencies.txt" "-.fdsbldfile=generated_files.txt" "-p" "\\psf\Home\Desktop\KitProg version 2_03\KitProg\KitProg.cydsn\KitProg.cyprj" "-d" "CY8C5666LTI-LP005" "-s" "\\psf\Home\Desktop\KitProg version 2_03\KitProg\KitProg.cydsn\Generated_Source\PSoC5" "--" "-yv2" "-v3" "-ygs" "-q10" "-o2" "-.fftcfgtype=LE"
Elaborating Design...
ADD: pft.M0035: information: Voltage Reference Information: Vref '1.024V' is connected to terminal 'vplus' of '\ADC_Voltage_Target:DSM4\' but no direct hardware connection exists.
 * \\psf\Home\Desktop\KitProg version 2_03\KitProg\KitProg.cydsn\TopDesign\TopDesign.cysch (Instance: vRef_1)
 * C:\Program Files\Cypress\PSoC Creator\2.2\PSoC Creator\psoc\content\cycomponentlibrary\CyComponentLibrary.cylib\ADC_DelSig_v2_30\PSoC5\ADC_DelSig_v2_30.cysch (Instance: DSM4)
ADD: pft.M0055: warning: Flash Security Warning:  One or more rows of flash have been configured to be read protected; however, debugging has been enabled in the System DWR Editor. This means that the read protected flash rows can still be read via SWD or JTAG. To protect these rows of flash, disable debugging in the System DWR Editor.
 * \\psf\Home\Desktop\KitProg version 2_03\KitProg\KitProg.cydsn\KitProg.cydwr (Enable Device Protection)
HDL Generation ...
Synthesis ...
Place and Route ...
Tech mapping ...
Info: mpr.M0037: Unused pieces of the design have been optimized out. See the Tech mapping section of the report file for details. (App=cydsfit)
Analog Placement ...
Log: apr.M0058: The analog placement iterative improvement is 41% done. (App=cydsfit)
Log: apr.M0058: The analog placement iterative improvement is 63% done. (App=cydsfit)
Log: apr.M0058: The analog placement iterative improvement is 85% done. (App=cydsfit)
Analog Routing ...
Log: apr.M0017: ============ VeraRouter Improve 1 OverUse=1 ============ (App=cydsfit)
Analog Code Generation ...
Info: apr.M0060: Comparator 'Comparator[2]@[FFB(Comparator,2)]' is powered up by analog subsystem to support an auto-enabled vref. (App=cydsfit)
Digital Placement ...
Info: plm.M0038: The pin named Pin_HWVersionE(0) at location P3[2] prevents usage of special purposes: DSM:ExtVref. (App=cydsfit)
Digital Routing ...
Bitstream Generation ...
Static timing analysis ...
API Generation ...
Dependency Generation ...
Clean Temporary Files ...
arm-none-eabi-gcc.exe -I. -Wno-main -I./Generated_Source/PSoC5 -mcpu=cortex-m3 -mthumb -Wall -g -D NDEBUG -Wa,-alh=.\ARM_GCC_441\Release\main.lst -Os -ffunction-sections -c .\main.c -o .\ARM_GCC_441\Release\main.o
arm-none-eabi-gcc.exe -I. -Wno-main -I./Generated_Source/PSoC5 -mcpu=cortex-m3 -mthumb -Wall -g -D NDEBUG -Wa,-alh=.\ARM_GCC_441\Release\swd.lst -Os -ffunction-sections -c .\swd.c -o .\ARM_GCC_441\Release\swd.o
arm-none-eabi-gcc.exe -I. -Wno-main -I./Generated_Source/PSoC5 -mcpu=cortex-m3 -mthumb -Wall -g -D NDEBUG -Wa,-alh=.\ARM_GCC_441\Release\commandprocessor.lst -Os -ffunction-sections -c .\commandprocessor.c -o .\ARM_GCC_441\Release\commandprocessor.o
arm-none-eabi-gcc.exe -I. -Wno-main -I./Generated_Source/PSoC5 -mcpu=cortex-m3 -mthumb -Wall -g -D NDEBUG -Wa,-alh=.\ARM_GCC_441\Release\USBFS_commandinterface.lst -Os -ffunction-sections -c .\USBFS_commandinterface.c -o .\ARM_GCC_441\Release\USBFS_commandinterface.o
arm-none-eabi-gcc.exe -I. -Wno-main -I./Generated_Source/PSoC5 -mcpu=cortex-m3 -mthumb -Wall -g -D NDEBUG -Wa,-alh=.\ARM_GCC_441\Release\USBFS_HID_interface.lst -Os -ffunction-sections -c .\USBFS_HID_interface.c -o .\ARM_GCC_441\Release\USBFS_HID_interface.o
arm-none-eabi-gcc.exe -I. -Wno-main -I./Generated_Source/PSoC5 -mcpu=cortex-m3 -mthumb -Wall -g -D NDEBUG -Wa,-alh=.\ARM_GCC_441\Release\version.lst -Os -ffunction-sections -c .\version.c -o .\ARM_GCC_441\Release\version.o
arm-none-eabi-gcc.exe -I. -Wno-main -I./Generated_Source/PSoC5 -mcpu=cortex-m3 -mthumb -Wall -g -D NDEBUG -Wa,-alh=.\ARM_GCC_441\Release\power.lst -Os -ffunction-sections -c .\power.c -o .\ARM_GCC_441\Release\power.o
arm-none-eabi-gcc.exe -I. -Wno-main -I./Generated_Source/PSoC5 -mcpu=cortex-m3 -mthumb -Wall -g -D NDEBUG -Wa,-alh=.\ARM_GCC_441\Release\USBUART.lst -Os -ffunction-sections -c .\USBUART.c -o .\ARM_GCC_441\Release\USBUART.o
arm-none-eabi-gcc.exe -I. -Wno-main -I./Generated_Source/PSoC5 -mcpu=cortex-m3 -mthumb -Wall -g -D NDEBUG -Wa,-alh=.\ARM_GCC_441\Release\Cm3Start.lst -Os -ffunction-sections -c .\Generated_Source\PSoC5\Cm3Start.c -o .\ARM_GCC_441\Release\Cm3Start.o
arm-none-eabi-gcc.exe -I. -Wno-main -I./Generated_Source/PSoC5 -mcpu=cortex-m3 -mthumb -Wall -g -D NDEBUG -Wa,-alh=.\ARM_GCC_441\Release\core_cm3.lst -Os -ffunction-sections -c .\Generated_Source\PSoC5\core_cm3.c -o .\ARM_GCC_441\Release\core_cm3.o
arm-none-eabi-as.exe -I. -I./Generated_Source/PSoC5 -mcpu=cortex-m3 -mthumb -g -alh=.\ARM_GCC_441\Release/CyBootAsmGnu.lst -o .\ARM_GCC_441\Release\CyBootAsmGnu.o .\Generated_Source\PSoC5\CyBootAsmGnu.s
arm-none-eabi-gcc.exe -I. -Wno-main -I./Generated_Source/PSoC5 -mcpu=cortex-m3 -mthumb -Wall -g -D NDEBUG -Wa,-alh=.\ARM_GCC_441\Release\CyDmac.lst -Os -ffunction-sections -c .\Generated_Source\PSoC5\CyDmac.c -o .\ARM_GCC_441\Release\CyDmac.o
arm-none-eabi-gcc.exe -I. -Wno-main -I./Generated_Source/PSoC5 -mcpu=cortex-m3 -mthumb -Wall -g -D NDEBUG -Wa,-alh=.\ARM_GCC_441\Release\CyFlash.lst -Os -ffunction-sections -c .\Generated_Source\PSoC5\CyFlash.c -o .\ARM_GCC_441\Release\CyFlash.o
arm-none-eabi-gcc.exe -I. -Wno-main -I./Generated_Source/PSoC5 -mcpu=cortex-m3 -mthumb -Wall -g -D NDEBUG -Wa,-alh=.\ARM_GCC_441\Release\CyLib.lst -Os -ffunction-sections -c .\Generated_Source\PSoC5\CyLib.c -o .\ARM_GCC_441\Release\CyLib.o
arm-none-eabi-gcc.exe -I. -Wno-main -I./Generated_Source/PSoC5 -mcpu=cortex-m3 -mthumb -Wall -g -D NDEBUG -Wa,-alh=.\ARM_GCC_441\Release\cyPm.lst -Os -ffunction-sections -c .\Generated_Source\PSoC5\cyPm.c -o .\ARM_GCC_441\Release\cyPm.o
arm-none-eabi-gcc.exe -I. -Wno-main -I./Generated_Source/PSoC5 -mcpu=cortex-m3 -mthumb -Wall -g -D NDEBUG -Wa,-alh=.\ARM_GCC_441\Release\CySpc.lst -Os -ffunction-sections -c .\Generated_Source\PSoC5\CySpc.c -o .\ARM_GCC_441\Release\CySpc.o
arm-none-eabi-gcc.exe -I. -Wno-main -I./Generated_Source/PSoC5 -mcpu=cortex-m3 -mthumb -Wall -g -D NDEBUG -Wa,-alh=.\ARM_GCC_441\Release\cyutils.lst -Os -ffunction-sections -c .\Generated_Source\PSoC5\cyutils.c -o .\ARM_GCC_441\Release\cyutils.o
arm-none-eabi-gcc.exe -I. -Wno-main -I./Generated_Source/PSoC5 -mcpu=cortex-m3 -mthumb -Wall -g -D NDEBUG -Wa,-alh=.\ARM_GCC_441\Release\Clock_I2C.lst -Os -ffunction-sections -c .\Generated_Source\PSoC5\Clock_I2C.c -o .\ARM_GCC_441\Release\Clock_I2C.o
arm-none-eabi-gcc.exe -I. -Wno-main -I./Generated_Source/PSoC5 -mcpu=cortex-m3 -mthumb -Wall -g -D NDEBUG -Wa,-alh=.\ARM_GCC_441\Release\SWDCLK.lst -Os -ffunction-sections -c .\Generated_Source\PSoC5\SWDCLK.c -o .\ARM_GCC_441\Release\SWDCLK.o
arm-none-eabi-gcc.exe -I. -Wno-main -I./Generated_Source/PSoC5 -mcpu=cortex-m3 -mthumb -Wall -g -D NDEBUG -Wa,-alh=.\ARM_GCC_441\Release\SWDIO.lst -Os -ffunction-sections -c .\Generated_Source\PSoC5\SWDIO.c -o .\ARM_GCC_441\Release\SWDIO.o
arm-none-eabi-gcc.exe -I. -Wno-main -I./Generated_Source/PSoC5 -mcpu=cortex-m3 -mthumb -Wall -g -D NDEBUG -Wa,-alh=.\ARM_GCC_441\Release\Pin_StatusLED.lst -Os -ffunction-sections -c .\Generated_Source\PSoC5\Pin_StatusLED.c -o .\ARM_GCC_441\Release\Pin_StatusLED.o
arm-none-eabi-gcc.exe -I. -Wno-main -I./Generated_Source/PSoC5 -mcpu=cortex-m3 -mthumb -Wall -g -D NDEBUG -Wa,-alh=.\ARM_GCC_441\Release\ADC_Voltage_Target.lst -Os -ffunction-sections -c .\Generated_Source\PSoC5\ADC_Voltage_Target.c -o .\ARM_GCC_441\Release\ADC_Voltage_Target.o
arm-none-eabi-gcc.exe -I. -Wno-main -I./Generated_Source/PSoC5 -mcpu=cortex-m3 -mthumb -Wall -g -D NDEBUG -Wa,-alh=.\ARM_GCC_441\Release\ADC_Voltage_Target_PM.lst -Os -ffunction-sections -c .\Generated_Source\PSoC5\ADC_Voltage_Target_PM.c -o .\ARM_GCC_441\Release\ADC_Voltage_Target_PM.o
arm-none-eabi-gcc.exe -I. -Wno-main -I./Generated_Source/PSoC5 -mcpu=cortex-m3 -mthumb -Wall -g -D NDEBUG -Wa,-alh=.\ARM_GCC_441\Release\ADC_Voltage_Target_INT.lst -Os -ffunction-sections -c .\Generated_Source\PSoC5\ADC_Voltage_Target_INT.c -o .\ARM_GCC_441\Release\ADC_Voltage_Target_INT.o
arm-none-eabi-gcc.exe -I. -Wno-main -I./Generated_Source/PSoC5 -mcpu=cortex-m3 -mthumb -Wall -g -D NDEBUG -Wa,-alh=.\ARM_GCC_441\Release\ADC_Voltage_Target_theACLK.lst -Os -ffunction-sections -c .\Generated_Source\PSoC5\ADC_Voltage_Target_theACLK.c -o .\ARM_GCC_441\Release\ADC_Voltage_Target_theACLK.o
arm-none-eabi-gcc.exe -I. -Wno-main -I./Generated_Source/PSoC5 -mcpu=cortex-m3 -mthumb -Wall -g -D NDEBUG -Wa,-alh=.\ARM_GCC_441\Release\ADC_Voltage_Target_Ext_CP_Clk.lst -Os -ffunction-sections -c .\Generated_Source\PSoC5\ADC_Voltage_Target_Ext_CP_Clk.c -o .\ARM_GCC_441\Release\ADC_Voltage_Target_Ext_CP_Clk.o
arm-none-eabi-gcc.exe -I. -Wno-main -I./Generated_Source/PSoC5 -mcpu=cortex-m3 -mthumb -Wall -g -D NDEBUG -Wa,-alh=.\ARM_GCC_441\Release\ADC_Voltage_Target_AMux.lst -Os -ffunction-sections -c .\Generated_Source\PSoC5\ADC_Voltage_Target_AMux.c -o .\ARM_GCC_441\Release\ADC_Voltage_Target_AMux.o
arm-none-eabi-gcc.exe -I. -Wno-main -I./Generated_Source/PSoC5 -mcpu=cortex-m3 -mthumb -Wall -g -D NDEBUG -Wa,-alh=.\ARM_GCC_441\Release\AMux.lst -Os -ffunction-sections -c .\Generated_Source\PSoC5\AMux.c -o .\ARM_GCC_441\Release\AMux.o
arm-none-eabi-gcc.exe -I. -Wno-main -I./Generated_Source/PSoC5 -mcpu=cortex-m3 -mthumb -Wall -g -D NDEBUG -Wa,-alh=.\ARM_GCC_441\Release\Clock_UART.lst -Os -ffunction-sections -c .\Generated_Source\PSoC5\Clock_UART.c -o .\ARM_GCC_441\Release\Clock_UART.o
arm-none-eabi-gcc.exe -I. -Wno-main -I./Generated_Source/PSoC5 -mcpu=cortex-m3 -mthumb -Wall -g -D NDEBUG -Wa,-alh=.\ARM_GCC_441\Release\I2CHW.lst -Os -ffunction-sections -c .\Generated_Source\PSoC5\I2CHW.c -o .\ARM_GCC_441\Release\I2CHW.o
arm-none-eabi-gcc.exe -I. -Wno-main -I./Generated_Source/PSoC5 -mcpu=cortex-m3 -mthumb -Wall -g -D NDEBUG -Wa,-alh=.\ARM_GCC_441\Release\I2CHW_BOOT.lst -Os -ffunction-sections -c .\Generated_Source\PSoC5\I2CHW_BOOT.c -o .\ARM_GCC_441\Release\I2CHW_BOOT.o
arm-none-eabi-gcc.exe -I. -Wno-main -I./Generated_Source/PSoC5 -mcpu=cortex-m3 -mthumb -Wall -g -D NDEBUG -Wa,-alh=.\ARM_GCC_441\Release\I2CHW_INT.lst -Os -ffunction-sections -c .\Generated_Source\PSoC5\I2CHW_INT.c -o .\ARM_GCC_441\Release\I2CHW_INT.o
arm-none-eabi-gcc.exe -I. -Wno-main -I./Generated_Source/PSoC5 -mcpu=cortex-m3 -mthumb -Wall -g -D NDEBUG -Wa,-alh=.\ARM_GCC_441\Release\I2CHW_PM.lst -Os -ffunction-sections -c .\Generated_Source\PSoC5\I2CHW_PM.c -o .\ARM_GCC_441\Release\I2CHW_PM.o
arm-none-eabi-gcc.exe -I. -Wno-main -I./Generated_Source/PSoC5 -mcpu=cortex-m3 -mthumb -Wall -g -D NDEBUG -Wa,-alh=.\ARM_GCC_441\Release\I2CHW_SLAVE.lst -Os -ffunction-sections -c .\Generated_Source\PSoC5\I2CHW_SLAVE.c -o .\ARM_GCC_441\Release\I2CHW_SLAVE.o
arm-none-eabi-gcc.exe -I. -Wno-main -I./Generated_Source/PSoC5 -mcpu=cortex-m3 -mthumb -Wall -g -D NDEBUG -Wa,-alh=.\ARM_GCC_441\Release\I2CHW_MASTER.lst -Os -ffunction-sections -c .\Generated_Source\PSoC5\I2CHW_MASTER.c -o .\ARM_GCC_441\Release\I2CHW_MASTER.o
arm-none-eabi-gcc.exe -I. -Wno-main -I./Generated_Source/PSoC5 -mcpu=cortex-m3 -mthumb -Wall -g -D NDEBUG -Wa,-alh=.\ARM_GCC_441\Release\Pin_VTarget.lst -Os -ffunction-sections -c .\Generated_Source\PSoC5\Pin_VTarget.c -o .\ARM_GCC_441\Release\Pin_VTarget.o
arm-none-eabi-gcc.exe -I. -Wno-main -I./Generated_Source/PSoC5 -mcpu=cortex-m3 -mthumb -Wall -g -D NDEBUG -Wa,-alh=.\ARM_GCC_441\Release\Pin_I2C_SCL.lst -Os -ffunction-sections -c .\Generated_Source\PSoC5\Pin_I2C_SCL.c -o .\ARM_GCC_441\Release\Pin_I2C_SCL.o
arm-none-eabi-gcc.exe -I. -Wno-main -I./Generated_Source/PSoC5 -mcpu=cortex-m3 -mthumb -Wall -g -D NDEBUG -Wa,-alh=.\ARM_GCC_441\Release\Pin_I2C_SDA.lst -Os -ffunction-sections -c .\Generated_Source\PSoC5\Pin_I2C_SDA.c -o .\ARM_GCC_441\Release\Pin_I2C_SDA.o
arm-none-eabi-gcc.exe -I. -Wno-main -I./Generated_Source/PSoC5 -mcpu=cortex-m3 -mthumb -Wall -g -D NDEBUG -Wa,-alh=.\ARM_GCC_441\Release\Pin_UART_Tx.lst -Os -ffunction-sections -c .\Generated_Source\PSoC5\Pin_UART_Tx.c -o .\ARM_GCC_441\Release\Pin_UART_Tx.o
arm-none-eabi-gcc.exe -I. -Wno-main -I./Generated_Source/PSoC5 -mcpu=cortex-m3 -mthumb -Wall -g -D NDEBUG -Wa,-alh=.\ARM_GCC_441\Release\Pin_UART_Rx.lst -Os -ffunction-sections -c .\Generated_Source\PSoC5\Pin_UART_Rx.c -o .\ARM_GCC_441\Release\Pin_UART_Rx.o
arm-none-eabi-gcc.exe -I. -Wno-main -I./Generated_Source/PSoC5 -mcpu=cortex-m3 -mthumb -Wall -g -D NDEBUG -Wa,-alh=.\ARM_GCC_441\Release\SWDXRES.lst -Os -ffunction-sections -c .\Generated_Source\PSoC5\SWDXRES.c -o .\ARM_GCC_441\Release\SWDXRES.o
arm-none-eabi-gcc.exe -I. -Wno-main -I./Generated_Source/PSoC5 -mcpu=cortex-m3 -mthumb -Wall -g -D NDEBUG -Wa,-alh=.\ARM_GCC_441\Release\USBFS.lst -Os -ffunction-sections -c .\Generated_Source\PSoC5\USBFS.c -o .\ARM_GCC_441\Release\USBFS.o
arm-none-eabi-gcc.exe -I. -Wno-main -I./Generated_Source/PSoC5 -mcpu=cortex-m3 -mthumb -Wall -g -D NDEBUG -Wa,-alh=.\ARM_GCC_441\Release\USBFS_audio.lst -Os -ffunction-sections -c .\Generated_Source\PSoC5\USBFS_audio.c -o .\ARM_GCC_441\Release\USBFS_audio.o
arm-none-eabi-gcc.exe -I. -Wno-main -I./Generated_Source/PSoC5 -mcpu=cortex-m3 -mthumb -Wall -g -D NDEBUG -Wa,-alh=.\ARM_GCC_441\Release\USBFS_boot.lst -Os -ffunction-sections -c .\Generated_Source\PSoC5\USBFS_boot.c -o .\ARM_GCC_441\Release\USBFS_boot.o
arm-none-eabi-gcc.exe -I. -Wno-main -I./Generated_Source/PSoC5 -mcpu=cortex-m3 -mthumb -Wall -g -D NDEBUG -Wa,-alh=.\ARM_GCC_441\Release\USBFS_cdc.lst -Os -ffunction-sections -c .\Generated_Source\PSoC5\USBFS_cdc.c -o .\ARM_GCC_441\Release\USBFS_cdc.o
arm-none-eabi-gcc.exe -I. -Wno-main -I./Generated_Source/PSoC5 -mcpu=cortex-m3 -mthumb -Wall -g -D NDEBUG -Wa,-alh=.\ARM_GCC_441\Release\USBFS_cls.lst -Os -ffunction-sections -c .\Generated_Source\PSoC5\USBFS_cls.c -o .\ARM_GCC_441\Release\USBFS_cls.o
arm-none-eabi-gcc.exe -I. -Wno-main -I./Generated_Source/PSoC5 -mcpu=cortex-m3 -mthumb -Wall -g -D NDEBUG -Wa,-alh=.\ARM_GCC_441\Release\USBFS_descr.lst -Os -ffunction-sections -c .\Generated_Source\PSoC5\USBFS_descr.c -o .\ARM_GCC_441\Release\USBFS_descr.o
arm-none-eabi-gcc.exe -I. -Wno-main -I./Generated_Source/PSoC5 -mcpu=cortex-m3 -mthumb -Wall -g -D NDEBUG -Wa,-alh=.\ARM_GCC_441\Release\USBFS_drv.lst -Os -ffunction-sections -c .\Generated_Source\PSoC5\USBFS_drv.c -o .\ARM_GCC_441\Release\USBFS_drv.o
arm-none-eabi-gcc.exe -I. -Wno-main -I./Generated_Source/PSoC5 -mcpu=cortex-m3 -mthumb -Wall -g -D NDEBUG -Wa,-alh=.\ARM_GCC_441\Release\USBFS_episr.lst -Os -ffunction-sections -c .\Generated_Source\PSoC5\USBFS_episr.c -o .\ARM_GCC_441\Release\USBFS_episr.o
arm-none-eabi-gcc.exe -I. -Wno-main -I./Generated_Source/PSoC5 -mcpu=cortex-m3 -mthumb -Wall -g -D NDEBUG -Wa,-alh=.\ARM_GCC_441\Release\USBFS_hid.lst -Os -ffunction-sections -c .\Generated_Source\PSoC5\USBFS_hid.c -o .\ARM_GCC_441\Release\USBFS_hid.o
arm-none-eabi-gcc.exe -I. -Wno-main -I./Generated_Source/PSoC5 -mcpu=cortex-m3 -mthumb -Wall -g -D NDEBUG -Wa,-alh=.\ARM_GCC_441\Release\USBFS_pm.lst -Os -ffunction-sections -c .\Generated_Source\PSoC5\USBFS_pm.c -o .\ARM_GCC_441\Release\USBFS_pm.o
arm-none-eabi-gcc.exe -I. -Wno-main -I./Generated_Source/PSoC5 -mcpu=cortex-m3 -mthumb -Wall -g -D NDEBUG -Wa,-alh=.\ARM_GCC_441\Release\USBFS_std.lst -Os -ffunction-sections -c .\Generated_Source\PSoC5\USBFS_std.c -o .\ARM_GCC_441\Release\USBFS_std.o
arm-none-eabi-gcc.exe -I. -Wno-main -I./Generated_Source/PSoC5 -mcpu=cortex-m3 -mthumb -Wall -g -D NDEBUG -Wa,-alh=.\ARM_GCC_441\Release\USBFS_vnd.lst -Os -ffunction-sections -c .\Generated_Source\PSoC5\USBFS_vnd.c -o .\ARM_GCC_441\Release\USBFS_vnd.o
arm-none-eabi-gcc.exe -I. -Wno-main -I./Generated_Source/PSoC5 -mcpu=cortex-m3 -mthumb -Wall -g -D NDEBUG -Wa,-alh=.\ARM_GCC_441\Release\USBFS_midi.lst -Os -ffunction-sections -c .\Generated_Source\PSoC5\USBFS_midi.c -o .\ARM_GCC_441\Release\USBFS_midi.o
arm-none-eabi-gcc.exe -I. -Wno-main -I./Generated_Source/PSoC5 -mcpu=cortex-m3 -mthumb -Wall -g -D NDEBUG -Wa,-alh=.\ARM_GCC_441\Release\USBFS_Dm.lst -Os -ffunction-sections -c .\Generated_Source\PSoC5\USBFS_Dm.c -o .\ARM_GCC_441\Release\USBFS_Dm.o
arm-none-eabi-gcc.exe -I. -Wno-main -I./Generated_Source/PSoC5 -mcpu=cortex-m3 -mthumb -Wall -g -D NDEBUG -Wa,-alh=.\ARM_GCC_441\Release\USBFS_VBUS.lst -Os -ffunction-sections -c .\Generated_Source\PSoC5\USBFS_VBUS.c -o .\ARM_GCC_441\Release\USBFS_VBUS.o
arm-none-eabi-gcc.exe -I. -Wno-main -I./Generated_Source/PSoC5 -mcpu=cortex-m3 -mthumb -Wall -g -D NDEBUG -Wa,-alh=.\ARM_GCC_441\Release\USBFS_Dp.lst -Os -ffunction-sections -c .\Generated_Source\PSoC5\USBFS_Dp.c -o .\ARM_GCC_441\Release\USBFS_Dp.o
arm-none-eabi-gcc.exe -I. -Wno-main -I./Generated_Source/PSoC5 -mcpu=cortex-m3 -mthumb -Wall -g -D NDEBUG -Wa,-alh=.\ARM_GCC_441\Release\Bootloadable.lst -Os -ffunction-sections -c .\Generated_Source\PSoC5\Bootloadable.c -o .\ARM_GCC_441\Release\Bootloadable.o
arm-none-eabi-gcc.exe -I. -Wno-main -I./Generated_Source/PSoC5 -mcpu=cortex-m3 -mthumb -Wall -g -D NDEBUG -Wa,-alh=.\ARM_GCC_441\Release\UART_Bridge.lst -Os -ffunction-sections -c .\Generated_Source\PSoC5\UART_Bridge.c -o .\ARM_GCC_441\Release\UART_Bridge.o
arm-none-eabi-gcc.exe -I. -Wno-main -I./Generated_Source/PSoC5 -mcpu=cortex-m3 -mthumb -Wall -g -D NDEBUG -Wa,-alh=.\ARM_GCC_441\Release\UART_Bridge_PM.lst -Os -ffunction-sections -c .\Generated_Source\PSoC5\UART_Bridge_PM.c -o .\ARM_GCC_441\Release\UART_Bridge_PM.o
arm-none-eabi-gcc.exe -I. -Wno-main -I./Generated_Source/PSoC5 -mcpu=cortex-m3 -mthumb -Wall -g -D NDEBUG -Wa,-alh=.\ARM_GCC_441\Release\UART_Bridge_INT.lst -Os -ffunction-sections -c .\Generated_Source\PSoC5\UART_Bridge_INT.c -o .\ARM_GCC_441\Release\UART_Bridge_INT.o
arm-none-eabi-gcc.exe -I. -Wno-main -I./Generated_Source/PSoC5 -mcpu=cortex-m3 -mthumb -Wall -g -D NDEBUG -Wa,-alh=.\ARM_GCC_441\Release\UART_Bridge_BOOT.lst -Os -ffunction-sections -c .\Generated_Source\PSoC5\UART_Bridge_BOOT.c -o .\ARM_GCC_441\Release\UART_Bridge_BOOT.o
arm-none-eabi-gcc.exe -I. -Wno-main -I./Generated_Source/PSoC5 -mcpu=cortex-m3 -mthumb -Wall -g -D NDEBUG -Wa,-alh=.\ARM_GCC_441\Release\Pin_SDAPullUp_Enable.lst -Os -ffunction-sections -c .\Generated_Source\PSoC5\Pin_SDAPullUp_Enable.c -o .\ARM_GCC_441\Release\Pin_SDAPullUp_Enable.o
arm-none-eabi-gcc.exe -I. -Wno-main -I./Generated_Source/PSoC5 -mcpu=cortex-m3 -mthumb -Wall -g -D NDEBUG -Wa,-alh=.\ARM_GCC_441\Release\Pin_SCLPullUp_Enable.lst -Os -ffunction-sections -c .\Generated_Source\PSoC5\Pin_SCLPullUp_Enable.c -o .\ARM_GCC_441\Release\Pin_SCLPullUp_Enable.o
arm-none-eabi-gcc.exe -I. -Wno-main -I./Generated_Source/PSoC5 -mcpu=cortex-m3 -mthumb -Wall -g -D NDEBUG -Wa,-alh=.\ARM_GCC_441\Release\Pin_HWVersionA.lst -Os -ffunction-sections -c .\Generated_Source\PSoC5\Pin_HWVersionA.c -o .\ARM_GCC_441\Release\Pin_HWVersionA.o
arm-none-eabi-gcc.exe -I. -Wno-main -I./Generated_Source/PSoC5 -mcpu=cortex-m3 -mthumb -Wall -g -D NDEBUG -Wa,-alh=.\ARM_GCC_441\Release\Pin_HWVersionB.lst -Os -ffunction-sections -c .\Generated_Source\PSoC5\Pin_HWVersionB.c -o .\ARM_GCC_441\Release\Pin_HWVersionB.o
arm-none-eabi-gcc.exe -I. -Wno-main -I./Generated_Source/PSoC5 -mcpu=cortex-m3 -mthumb -Wall -g -D NDEBUG -Wa,-alh=.\ARM_GCC_441\Release\Pin_HWVersionC.lst -Os -ffunction-sections -c .\Generated_Source\PSoC5\Pin_HWVersionC.c -o .\ARM_GCC_441\Release\Pin_HWVersionC.o
arm-none-eabi-gcc.exe -I. -Wno-main -I./Generated_Source/PSoC5 -mcpu=cortex-m3 -mthumb -Wall -g -D NDEBUG -Wa,-alh=.\ARM_GCC_441\Release\Pin_HWVersionD.lst -Os -ffunction-sections -c .\Generated_Source\PSoC5\Pin_HWVersionD.c -o .\ARM_GCC_441\Release\Pin_HWVersionD.o
arm-none-eabi-gcc.exe -I. -Wno-main -I./Generated_Source/PSoC5 -mcpu=cortex-m3 -mthumb -Wall -g -D NDEBUG -Wa,-alh=.\ARM_GCC_441\Release\Pin_HWVersionE.lst -Os -ffunction-sections -c .\Generated_Source\PSoC5\Pin_HWVersionE.c -o .\ARM_GCC_441\Release\Pin_HWVersionE.o
arm-none-eabi-gcc.exe -I. -Wno-main -I./Generated_Source/PSoC5 -mcpu=cortex-m3 -mthumb -Wall -g -D NDEBUG -Wa,-alh=.\ARM_GCC_441\Release\Pin_HWVersionF.lst -Os -ffunction-sections -c .\Generated_Source\PSoC5\Pin_HWVersionF.c -o .\ARM_GCC_441\Release\Pin_HWVersionF.o
arm-none-eabi-gcc.exe -I. -Wno-main -I./Generated_Source/PSoC5 -mcpu=cortex-m3 -mthumb -Wall -g -D NDEBUG -Wa,-alh=.\ARM_GCC_441\Release\isr_UsbSuspend.lst -Os -ffunction-sections -c .\Generated_Source\PSoC5\isr_UsbSuspend.c -o .\ARM_GCC_441\Release\isr_UsbSuspend.o
arm-none-eabi-gcc.exe -I. -Wno-main -I./Generated_Source/PSoC5 -mcpu=cortex-m3 -mthumb -Wall -g -D NDEBUG -Wa,-alh=.\ARM_GCC_441\Release\Clock_UsbSuspend.lst -Os -ffunction-sections -c .\Generated_Source\PSoC5\Clock_UsbSuspend.c -o .\ARM_GCC_441\Release\Clock_UsbSuspend.o
arm-none-eabi-gcc.exe -I. -Wno-main -I./Generated_Source/PSoC5 -mcpu=cortex-m3 -mthumb -Wall -g -D NDEBUG -Wa,-alh=.\ARM_GCC_441\Release\Timer_UsbSuspend.lst -Os -ffunction-sections -c .\Generated_Source\PSoC5\Timer_UsbSuspend.c -o .\ARM_GCC_441\Release\Timer_UsbSuspend.o
arm-none-eabi-gcc.exe -I. -Wno-main -I./Generated_Source/PSoC5 -mcpu=cortex-m3 -mthumb -Wall -g -D NDEBUG -Wa,-alh=.\ARM_GCC_441\Release\Timer_UsbSuspend_PM.lst -Os -ffunction-sections -c .\Generated_Source\PSoC5\Timer_UsbSuspend_PM.c -o .\ARM_GCC_441\Release\Timer_UsbSuspend_PM.o
arm-none-eabi-gcc.exe -I. -Wno-main -I./Generated_Source/PSoC5 -mcpu=cortex-m3 -mthumb -Wall -g -D NDEBUG -Wa,-alh=.\ARM_GCC_441\Release\cyfitter_cfg.lst -Os -ffunction-sections -c .\Generated_Source\PSoC5\cyfitter_cfg.c -o .\ARM_GCC_441\Release\cyfitter_cfg.o -D CYAPP_ECC_OFFSET=2464
arm-none-eabi-ar.exe -rs .\ARM_GCC_441\Release\KitProg.a .\ARM_GCC_441\Release\core_cm3.o .\ARM_GCC_441\Release\CyBootAsmGnu.o .\ARM_GCC_441\Release\CyDmac.o .\ARM_GCC_441\Release\CyFlash.o .\ARM_GCC_441\Release\CyLib.o .\ARM_GCC_441\Release\cyPm.o .\ARM_GCC_441\Release\CySpc.o .\ARM_GCC_441\Release\cyutils.o .\ARM_GCC_441\Release\Clock_I2C.o .\ARM_GCC_441\Release\SWDCLK.o .\ARM_GCC_441\Release\SWDIO.o .\ARM_GCC_441\Release\Pin_StatusLED.o .\ARM_GCC_441\Release\ADC_Voltage_Target.o .\ARM_GCC_441\Release\ADC_Voltage_Target_PM.o .\ARM_GCC_441\Release\ADC_Voltage_Target_INT.o .\ARM_GCC_441\Release\ADC_Voltage_Target_theACLK.o .\ARM_GCC_441\Release\ADC_Voltage_Target_Ext_CP_Clk.o .\ARM_GCC_441\Release\ADC_Voltage_Target_AMux.o .\ARM_GCC_441\Release\AMux.o .\ARM_GCC_441\Release\Clock_UART.o .\ARM_GCC_441\Release\I2CHW.o .\ARM_GCC_441\Release\I2CHW_BOOT.o .\ARM_GCC_441\Release\I2CHW_INT.o .\ARM_GCC_441\Release\I2CHW_PM.o .\ARM_GCC_441\Release\I2CHW_SLAVE.o .\ARM_GCC_441\Release\I2CHW_MASTER.o .\ARM_GCC_441\Release\Pin_VTarget.o .\ARM_GCC_441\Release\Pin_I2C_SCL.o .\ARM_GCC_441\Release\Pin_I2C_SDA.o .\ARM_GCC_441\Release\Pin_UART_Tx.o .\ARM_GCC_441\Release\Pin_UART_Rx.o .\ARM_GCC_441\Release\SWDXRES.o .\ARM_GCC_441\Release\USBFS.o .\ARM_GCC_441\Release\USBFS_audio.o .\ARM_GCC_441\Release\USBFS_boot.o .\ARM_GCC_441\Release\USBFS_cdc.o .\ARM_GCC_441\Release\USBFS_cls.o .\ARM_GCC_441\Release\USBFS_descr.o .\ARM_GCC_441\Release\USBFS_drv.o .\ARM_GCC_441\Release\USBFS_episr.o .\ARM_GCC_441\Release\USBFS_hid.o .\ARM_GCC_441\Release\USBFS_pm.o .\ARM_GCC_441\Release\USBFS_std.o .\ARM_GCC_441\Release\USBFS_vnd.o .\ARM_GCC_441\Release\USBFS_midi.o .\ARM_GCC_441\Release\USBFS_Dm.o .\ARM_GCC_441\Release\USBFS_VBUS.o .\ARM_GCC_441\Release\USBFS_Dp.o .\ARM_GCC_441\Release\Bootloadable.o .\ARM_GCC_441\Release\UART_Bridge.o .\ARM_GCC_441\Release\UART_Bridge_PM.o .\ARM_GCC_441\Release\UART_Bridge_INT.o .\ARM_GCC_441\Release\UART_Bridge_BOOT.o .\ARM_GCC_441\Release\Pin_SDAPullUp_Enable.o .\ARM_GCC_441\Release\Pin_SCLPullUp_Enable.o .\ARM_GCC_441\Release\Pin_HWVersionA.o .\ARM_GCC_441\Release\Pin_HWVersionB.o .\ARM_GCC_441\Release\Pin_HWVersionC.o .\ARM_GCC_441\Release\Pin_HWVersionD.o .\ARM_GCC_441\Release\Pin_HWVersionE.o .\ARM_GCC_441\Release\Pin_HWVersionF.o .\ARM_GCC_441\Release\isr_UsbSuspend.o .\ARM_GCC_441\Release\Clock_UsbSuspend.o .\ARM_GCC_441\Release\Timer_UsbSuspend.o .\ARM_GCC_441\Release\Timer_UsbSuspend_PM.o .\ARM_GCC_441\Release\cyfitter_cfg.o
arm-none-eabi-ar.exe: creating .\ARM_GCC_441\Release\KitProg.a
arm-none-eabi-gcc.exe -mthumb -march=armv7-m -mfix-cortex-m3-ldrd -T .\Generated_Source\PSoC5\cm3gcc.ld -g -Wl,-Map,.\ARM_GCC_441\Release\KitProg.map -Wl,--gc-sections -Wl,--start-group -o .\ARM_GCC_441\Release\KitProg.elf .\ARM_GCC_441\Release\main.o .\ARM_GCC_441\Release\swd.o .\ARM_GCC_441\Release\commandprocessor.o .\ARM_GCC_441\Release\USBFS_commandinterface.o .\ARM_GCC_441\Release\USBFS_HID_interface.o .\ARM_GCC_441\Release\version.o .\ARM_GCC_441\Release\power.o .\ARM_GCC_441\Release\USBUART.o .\ARM_GCC_441\Release\Cm3Start.o .\ARM_GCC_441\Release\KitProg.a "C:\Program Files\Cypress\PSoC Creator\2.2\PSoC Creator\psoc\content\cycomponentlibrary\CyComponentLibrary.cylib\CortexM3\ARM_GCC_441\Release\CyComponentLibrary.a" -Wl,--end-group
arm-none-eabi-objcopy.exe -O ihex .\ARM_GCC_441\Release\KitProg.elf .\ARM_GCC_441\Release\KitProg.ihx
cysymboladdressfinder.exe -f .\ARM_GCC_441\Release\KitProg.elf -s Reset -p .\ARM_GCC_441\Release\entryaddress.txt -l 0
cyhextool -o .\ARM_GCC_441\Release\KitProg.cyacd -f .\ARM_GCC_441\Release\KitProg.ihx -flsLine 256 -arraySize 65536 -id 2E105069 -rev 0 -ecc OFF -metaRow 0 -blver 00020000000000000000 -chksumEcc -blChkType 0 -endian l -a EEPROM=90200000:800,PROGRAM=00000000:10000,CONFIG=80000000:2000,PROTECT=90400000:40 -acd -acdStart 4D00 -e .\ARM_GCC_441\Release\entryaddress.txt
cyhextool -o .\ARM_GCC_441\Release\KitProg.hex -flsLine 256 -arraySize 65536 -bl ..\KitProg_Bootloader.cydsn\ARM_GCC_441\Debug\KitProg_Bootloader.hex -blver 00020000000000000000 -chksumEcc -blChkType 0 -endian l -prot .\Generated_Source\PSoC5\protect.hex -id 2E105069 -a EEPROM=90200000:800,PROGRAM=00000000:10000,CONFIG=80000000:2000,PROTECT=90400000:40 -meta 0001 -cunv 00004007 -wonv BC90ACAF -ecc OFF -ld .\ARM_GCC_441\Release\KitProg.ihx=4D00:B2BF -acdStart 4D00 -e .\ARM_GCC_441\Release\entryaddress.txt
Flash used: 26224 of 65536 bytes (40.0 %).
SRAM used: 2284 of 16384 bytes (13.9 %).
--------------- Rebuild Succeeded: 08/26/2015 19:37:20 ---------------
