ARM GAS  C:\DOCUME~1\ADMINI~1\LOCALS~1\Temp\cck5LmRr.s 			page 1


   1              		.syntax unified
   2              		.cpu cortex-m3
   3              		.fpu softvfp
   4              		.eabi_attribute 20, 1
   5              		.eabi_attribute 21, 1
   6              		.eabi_attribute 23, 3
   7              		.eabi_attribute 24, 1
   8              		.eabi_attribute 25, 1
   9              		.eabi_attribute 26, 1
  10              		.eabi_attribute 30, 4
  11              		.eabi_attribute 18, 4
  12              		.thumb
  13              		.file	"Pin_I2C_SCL.c"
  14              		.section	.debug_abbrev,"",%progbits
  15              	.Ldebug_abbrev0:
  16              		.section	.debug_info,"",%progbits
  17              	.Ldebug_info0:
  18              		.section	.debug_line,"",%progbits
  19              	.Ldebug_line0:
  20 0000 B3000000 		.text
  20      02006400 
  20      00000201 
  20      FB0E0D00 
  20      01010101 
  21              	.Ltext0:
  22              		.cfi_sections	.debug_frame
  23              		.section	.text.Pin_I2C_SCL_Write,"ax",%progbits
  24              		.align	1
  25              		.global	Pin_I2C_SCL_Write
  26              		.thumb
  27              		.thumb_func
  28              		.type	Pin_I2C_SCL_Write, %function
  29              	Pin_I2C_SCL_Write:
  30              	.LFB0:
  31              		.file 1 ".\\Generated_Source\\PSoC5\\Pin_I2C_SCL.c"
   1:.\Generated_Source\PSoC5/Pin_I2C_SCL.c **** /*******************************************************************************
   2:.\Generated_Source\PSoC5/Pin_I2C_SCL.c **** * File Name: Pin_I2C_SCL.c  
   3:.\Generated_Source\PSoC5/Pin_I2C_SCL.c **** * Version 1.90
   4:.\Generated_Source\PSoC5/Pin_I2C_SCL.c **** *
   5:.\Generated_Source\PSoC5/Pin_I2C_SCL.c **** * Description:
   6:.\Generated_Source\PSoC5/Pin_I2C_SCL.c **** *  This file contains API to enable firmware control of a Pins component.
   7:.\Generated_Source\PSoC5/Pin_I2C_SCL.c **** *
   8:.\Generated_Source\PSoC5/Pin_I2C_SCL.c **** * Note:
   9:.\Generated_Source\PSoC5/Pin_I2C_SCL.c **** *
  10:.\Generated_Source\PSoC5/Pin_I2C_SCL.c **** ********************************************************************************
  11:.\Generated_Source\PSoC5/Pin_I2C_SCL.c **** * Copyright 2008-2012, Cypress Semiconductor Corporation.  All rights reserved.
  12:.\Generated_Source\PSoC5/Pin_I2C_SCL.c **** * You may use this file only in accordance with the license, terms, conditions, 
  13:.\Generated_Source\PSoC5/Pin_I2C_SCL.c **** * disclaimers, and limitations in the end user license agreement accompanying 
  14:.\Generated_Source\PSoC5/Pin_I2C_SCL.c **** * the software package with which this file was provided.
  15:.\Generated_Source\PSoC5/Pin_I2C_SCL.c **** *******************************************************************************/
  16:.\Generated_Source\PSoC5/Pin_I2C_SCL.c **** 
  17:.\Generated_Source\PSoC5/Pin_I2C_SCL.c **** #include "cytypes.h"
  18:.\Generated_Source\PSoC5/Pin_I2C_SCL.c **** #include "Pin_I2C_SCL.h"
  19:.\Generated_Source\PSoC5/Pin_I2C_SCL.c **** 
  20:.\Generated_Source\PSoC5/Pin_I2C_SCL.c **** /* APIs are not generated for P15[7:6] on PSoC 5 */
  21:.\Generated_Source\PSoC5/Pin_I2C_SCL.c **** #if !(CY_PSOC5A &&\
  22:.\Generated_Source\PSoC5/Pin_I2C_SCL.c **** 	 Pin_I2C_SCL__PORT == 15 && ((Pin_I2C_SCL__MASK & 0xC0) != 0))
ARM GAS  C:\DOCUME~1\ADMINI~1\LOCALS~1\Temp\cck5LmRr.s 			page 2


  23:.\Generated_Source\PSoC5/Pin_I2C_SCL.c **** 
  24:.\Generated_Source\PSoC5/Pin_I2C_SCL.c **** 
  25:.\Generated_Source\PSoC5/Pin_I2C_SCL.c **** /*******************************************************************************
  26:.\Generated_Source\PSoC5/Pin_I2C_SCL.c **** * Function Name: Pin_I2C_SCL_Write
  27:.\Generated_Source\PSoC5/Pin_I2C_SCL.c **** ********************************************************************************
  28:.\Generated_Source\PSoC5/Pin_I2C_SCL.c **** *
  29:.\Generated_Source\PSoC5/Pin_I2C_SCL.c **** * Summary:
  30:.\Generated_Source\PSoC5/Pin_I2C_SCL.c **** *  Assign a new value to the digital port's data output register.  
  31:.\Generated_Source\PSoC5/Pin_I2C_SCL.c **** *
  32:.\Generated_Source\PSoC5/Pin_I2C_SCL.c **** * Parameters:  
  33:.\Generated_Source\PSoC5/Pin_I2C_SCL.c **** *  prtValue:  The value to be assigned to the Digital Port. 
  34:.\Generated_Source\PSoC5/Pin_I2C_SCL.c **** *
  35:.\Generated_Source\PSoC5/Pin_I2C_SCL.c **** * Return: 
  36:.\Generated_Source\PSoC5/Pin_I2C_SCL.c **** *  None
  37:.\Generated_Source\PSoC5/Pin_I2C_SCL.c **** *  
  38:.\Generated_Source\PSoC5/Pin_I2C_SCL.c **** *******************************************************************************/
  39:.\Generated_Source\PSoC5/Pin_I2C_SCL.c **** void Pin_I2C_SCL_Write(uint8 value) 
  40:.\Generated_Source\PSoC5/Pin_I2C_SCL.c **** {
  32              		.loc 1 40 0
  33              		.cfi_startproc
  34              		@ args = 0, pretend = 0, frame = 0
  35              		@ frame_needed = 0, uses_anonymous_args = 0
  36              		@ link register save eliminated.
  37              	.LVL0:
  41:.\Generated_Source\PSoC5/Pin_I2C_SCL.c ****     uint8 staticBits = (Pin_I2C_SCL_DR & (uint8)(~Pin_I2C_SCL_MASK));
  38              		.loc 1 41 0
  39 0000 044B     		ldr	r3, .L3
  42:.\Generated_Source\PSoC5/Pin_I2C_SCL.c ****     Pin_I2C_SCL_DR = staticBits | ((uint8)(value << Pin_I2C_SCL_SHIFT) & Pin_I2C_SCL_MASK);
  40              		.loc 1 42 0
  41 0002 00F00100 		and	r0, r0, #1
  42              	.LVL1:
  43              		.loc 1 41 0
  44 0006 1A78     		ldrb	r2, [r3, #0]	@ zero_extendqisi2
  45              		.loc 1 42 0
  46 0008 02F0FE02 		and	r2, r2, #254
  47 000c 40EA0202 		orr	r2, r0, r2
  48 0010 1A70     		strb	r2, [r3, #0]
  43:.\Generated_Source\PSoC5/Pin_I2C_SCL.c **** }
  49              		.loc 1 43 0
  50 0012 7047     		bx	lr
  51              	.L4:
  52              		.align	2
  53              	.L3:
  54 0014 C0510040 		.word	1073762752
  55              		.cfi_endproc
  56              	.LFE0:
  57              		.size	Pin_I2C_SCL_Write, .-Pin_I2C_SCL_Write
  58              		.section	.text.Pin_I2C_SCL_SetDriveMode,"ax",%progbits
  59              		.align	1
  60              		.global	Pin_I2C_SCL_SetDriveMode
  61              		.thumb
  62              		.thumb_func
  63              		.type	Pin_I2C_SCL_SetDriveMode, %function
  64              	Pin_I2C_SCL_SetDriveMode:
  65              	.LFB1:
  44:.\Generated_Source\PSoC5/Pin_I2C_SCL.c **** 
  45:.\Generated_Source\PSoC5/Pin_I2C_SCL.c **** 
ARM GAS  C:\DOCUME~1\ADMINI~1\LOCALS~1\Temp\cck5LmRr.s 			page 3


  46:.\Generated_Source\PSoC5/Pin_I2C_SCL.c **** /*******************************************************************************
  47:.\Generated_Source\PSoC5/Pin_I2C_SCL.c **** * Function Name: Pin_I2C_SCL_SetDriveMode
  48:.\Generated_Source\PSoC5/Pin_I2C_SCL.c **** ********************************************************************************
  49:.\Generated_Source\PSoC5/Pin_I2C_SCL.c **** *
  50:.\Generated_Source\PSoC5/Pin_I2C_SCL.c **** * Summary:
  51:.\Generated_Source\PSoC5/Pin_I2C_SCL.c **** *  Change the drive mode on the pins of the port.
  52:.\Generated_Source\PSoC5/Pin_I2C_SCL.c **** * 
  53:.\Generated_Source\PSoC5/Pin_I2C_SCL.c **** * Parameters:  
  54:.\Generated_Source\PSoC5/Pin_I2C_SCL.c **** *  mode:  Change the pins to this drive mode.
  55:.\Generated_Source\PSoC5/Pin_I2C_SCL.c **** *
  56:.\Generated_Source\PSoC5/Pin_I2C_SCL.c **** * Return: 
  57:.\Generated_Source\PSoC5/Pin_I2C_SCL.c **** *  None
  58:.\Generated_Source\PSoC5/Pin_I2C_SCL.c **** *
  59:.\Generated_Source\PSoC5/Pin_I2C_SCL.c **** *******************************************************************************/
  60:.\Generated_Source\PSoC5/Pin_I2C_SCL.c **** void Pin_I2C_SCL_SetDriveMode(uint8 mode) 
  61:.\Generated_Source\PSoC5/Pin_I2C_SCL.c **** {
  66              		.loc 1 61 0
  67              		.cfi_startproc
  68              		@ args = 0, pretend = 0, frame = 0
  69              		@ frame_needed = 0, uses_anonymous_args = 0
  70              		@ link register save eliminated.
  71              	.LVL2:
  62:.\Generated_Source\PSoC5/Pin_I2C_SCL.c **** 	CyPins_SetPinDriveMode(Pin_I2C_SCL_0, mode);
  72              		.loc 1 62 0
  73 0000 044B     		ldr	r3, .L7
  74 0002 00F00E00 		and	r0, r0, #14
  75              	.LVL3:
  76 0006 1A78     		ldrb	r2, [r3, #0]	@ zero_extendqisi2
  77 0008 02F0F102 		and	r2, r2, #241
  78 000c 40EA0202 		orr	r2, r0, r2
  79 0010 1A70     		strb	r2, [r3, #0]
  63:.\Generated_Source\PSoC5/Pin_I2C_SCL.c **** }
  80              		.loc 1 63 0
  81 0012 7047     		bx	lr
  82              	.L8:
  83              		.align	2
  84              	.L7:
  85 0014 60500040 		.word	1073762400
  86              		.cfi_endproc
  87              	.LFE1:
  88              		.size	Pin_I2C_SCL_SetDriveMode, .-Pin_I2C_SCL_SetDriveMode
  89              		.section	.text.Pin_I2C_SCL_Read,"ax",%progbits
  90              		.align	1
  91              		.global	Pin_I2C_SCL_Read
  92              		.thumb
  93              		.thumb_func
  94              		.type	Pin_I2C_SCL_Read, %function
  95              	Pin_I2C_SCL_Read:
  96              	.LFB2:
  64:.\Generated_Source\PSoC5/Pin_I2C_SCL.c **** 
  65:.\Generated_Source\PSoC5/Pin_I2C_SCL.c **** 
  66:.\Generated_Source\PSoC5/Pin_I2C_SCL.c **** /*******************************************************************************
  67:.\Generated_Source\PSoC5/Pin_I2C_SCL.c **** * Function Name: Pin_I2C_SCL_Read
  68:.\Generated_Source\PSoC5/Pin_I2C_SCL.c **** ********************************************************************************
  69:.\Generated_Source\PSoC5/Pin_I2C_SCL.c **** *
  70:.\Generated_Source\PSoC5/Pin_I2C_SCL.c **** * Summary:
  71:.\Generated_Source\PSoC5/Pin_I2C_SCL.c **** *  Read the current value on the pins of the Digital Port in right justified 
ARM GAS  C:\DOCUME~1\ADMINI~1\LOCALS~1\Temp\cck5LmRr.s 			page 4


  72:.\Generated_Source\PSoC5/Pin_I2C_SCL.c **** *  form.
  73:.\Generated_Source\PSoC5/Pin_I2C_SCL.c **** *
  74:.\Generated_Source\PSoC5/Pin_I2C_SCL.c **** * Parameters:  
  75:.\Generated_Source\PSoC5/Pin_I2C_SCL.c **** *  None
  76:.\Generated_Source\PSoC5/Pin_I2C_SCL.c **** *
  77:.\Generated_Source\PSoC5/Pin_I2C_SCL.c **** * Return: 
  78:.\Generated_Source\PSoC5/Pin_I2C_SCL.c **** *  Returns the current value of the Digital Port as a right justified number
  79:.\Generated_Source\PSoC5/Pin_I2C_SCL.c **** *  
  80:.\Generated_Source\PSoC5/Pin_I2C_SCL.c **** * Note:
  81:.\Generated_Source\PSoC5/Pin_I2C_SCL.c **** *  Macro Pin_I2C_SCL_ReadPS calls this function. 
  82:.\Generated_Source\PSoC5/Pin_I2C_SCL.c **** *  
  83:.\Generated_Source\PSoC5/Pin_I2C_SCL.c **** *******************************************************************************/
  84:.\Generated_Source\PSoC5/Pin_I2C_SCL.c **** uint8 Pin_I2C_SCL_Read(void) 
  85:.\Generated_Source\PSoC5/Pin_I2C_SCL.c **** {
  97              		.loc 1 85 0
  98              		.cfi_startproc
  99              		@ args = 0, pretend = 0, frame = 0
 100              		@ frame_needed = 0, uses_anonymous_args = 0
 101              		@ link register save eliminated.
  86:.\Generated_Source\PSoC5/Pin_I2C_SCL.c ****     return (Pin_I2C_SCL_PS & Pin_I2C_SCL_MASK) >> Pin_I2C_SCL_SHIFT;
 102              		.loc 1 86 0
 103 0000 024B     		ldr	r3, .L11
 104 0002 1878     		ldrb	r0, [r3, #0]	@ zero_extendqisi2
  87:.\Generated_Source\PSoC5/Pin_I2C_SCL.c **** }
 105              		.loc 1 87 0
 106 0004 00F00100 		and	r0, r0, #1
 107 0008 7047     		bx	lr
 108              	.L12:
 109 000a 00BF     		.align	2
 110              	.L11:
 111 000c C1510040 		.word	1073762753
 112              		.cfi_endproc
 113              	.LFE2:
 114              		.size	Pin_I2C_SCL_Read, .-Pin_I2C_SCL_Read
 115              		.section	.text.Pin_I2C_SCL_ReadDataReg,"ax",%progbits
 116              		.align	1
 117              		.global	Pin_I2C_SCL_ReadDataReg
 118              		.thumb
 119              		.thumb_func
 120              		.type	Pin_I2C_SCL_ReadDataReg, %function
 121              	Pin_I2C_SCL_ReadDataReg:
 122              	.LFB3:
  88:.\Generated_Source\PSoC5/Pin_I2C_SCL.c **** 
  89:.\Generated_Source\PSoC5/Pin_I2C_SCL.c **** 
  90:.\Generated_Source\PSoC5/Pin_I2C_SCL.c **** /*******************************************************************************
  91:.\Generated_Source\PSoC5/Pin_I2C_SCL.c **** * Function Name: Pin_I2C_SCL_ReadDataReg
  92:.\Generated_Source\PSoC5/Pin_I2C_SCL.c **** ********************************************************************************
  93:.\Generated_Source\PSoC5/Pin_I2C_SCL.c **** *
  94:.\Generated_Source\PSoC5/Pin_I2C_SCL.c **** * Summary:
  95:.\Generated_Source\PSoC5/Pin_I2C_SCL.c **** *  Read the current value assigned to a Digital Port's data output register
  96:.\Generated_Source\PSoC5/Pin_I2C_SCL.c **** *
  97:.\Generated_Source\PSoC5/Pin_I2C_SCL.c **** * Parameters:  
  98:.\Generated_Source\PSoC5/Pin_I2C_SCL.c **** *  None 
  99:.\Generated_Source\PSoC5/Pin_I2C_SCL.c **** *
 100:.\Generated_Source\PSoC5/Pin_I2C_SCL.c **** * Return: 
 101:.\Generated_Source\PSoC5/Pin_I2C_SCL.c **** *  Returns the current value assigned to the Digital Port's data output register
 102:.\Generated_Source\PSoC5/Pin_I2C_SCL.c **** *  
ARM GAS  C:\DOCUME~1\ADMINI~1\LOCALS~1\Temp\cck5LmRr.s 			page 5


 103:.\Generated_Source\PSoC5/Pin_I2C_SCL.c **** *******************************************************************************/
 104:.\Generated_Source\PSoC5/Pin_I2C_SCL.c **** uint8 Pin_I2C_SCL_ReadDataReg(void) 
 105:.\Generated_Source\PSoC5/Pin_I2C_SCL.c **** {
 123              		.loc 1 105 0
 124              		.cfi_startproc
 125              		@ args = 0, pretend = 0, frame = 0
 126              		@ frame_needed = 0, uses_anonymous_args = 0
 127              		@ link register save eliminated.
 106:.\Generated_Source\PSoC5/Pin_I2C_SCL.c ****     return (Pin_I2C_SCL_DR & Pin_I2C_SCL_MASK) >> Pin_I2C_SCL_SHIFT;
 128              		.loc 1 106 0
 129 0000 024B     		ldr	r3, .L15
 130 0002 1878     		ldrb	r0, [r3, #0]	@ zero_extendqisi2
 107:.\Generated_Source\PSoC5/Pin_I2C_SCL.c **** }
 131              		.loc 1 107 0
 132 0004 00F00100 		and	r0, r0, #1
 133 0008 7047     		bx	lr
 134              	.L16:
 135 000a 00BF     		.align	2
 136              	.L15:
 137 000c C0510040 		.word	1073762752
 138              		.cfi_endproc
 139              	.LFE3:
 140              		.size	Pin_I2C_SCL_ReadDataReg, .-Pin_I2C_SCL_ReadDataReg
 141              		.text
 142              	.Letext0:
 143              		.section	.debug_loc,"",%progbits
 144              	.Ldebug_loc0:
 145              	.LLST1:
 146 0000 00000000 		.4byte	.LVL0
 147 0004 06000000 		.4byte	.LVL1
 148 0008 0100     		.2byte	0x1
 149 000a 50       		.byte	0x50
 150 000b 00000000 		.4byte	0x0
 151 000f 00000000 		.4byte	0x0
 152              	.LLST3:
 153 0013 00000000 		.4byte	.LVL2
 154 0017 06000000 		.4byte	.LVL3
 155 001b 0100     		.2byte	0x1
 156 001d 50       		.byte	0x50
 157 001e 00000000 		.4byte	0x0
 158 0022 00000000 		.4byte	0x0
 159              		.file 2 ".\\Generated_Source\\PSoC5\\/cytypes.h"
 160              		.section	.debug_info
 161 0000 13010000 		.4byte	0x113
 162 0004 0200     		.2byte	0x2
 163 0006 00000000 		.4byte	.Ldebug_abbrev0
 164 000a 04       		.byte	0x4
 165 000b 01       		.uleb128 0x1
 166 000c F2000000 		.4byte	.LASF18
 167 0010 01       		.byte	0x1
 168 0011 31000000 		.4byte	.LASF19
 169 0015 39010000 		.4byte	.LASF20
 170 0019 00000000 		.4byte	0x0
 171 001d 00000000 		.4byte	0x0
 172 0021 00000000 		.4byte	.Ldebug_ranges0+0x0
 173 0025 00000000 		.4byte	.Ldebug_line0
 174 0029 02       		.uleb128 0x2
ARM GAS  C:\DOCUME~1\ADMINI~1\LOCALS~1\Temp\cck5LmRr.s 			page 6


 175 002a 01       		.byte	0x1
 176 002b 06       		.byte	0x6
 177 002c 2D010000 		.4byte	.LASF0
 178 0030 02       		.uleb128 0x2
 179 0031 01       		.byte	0x1
 180 0032 08       		.byte	0x8
 181 0033 5E000000 		.4byte	.LASF1
 182 0037 02       		.uleb128 0x2
 183 0038 02       		.byte	0x2
 184 0039 05       		.byte	0x5
 185 003a 03010000 		.4byte	.LASF2
 186 003e 02       		.uleb128 0x2
 187 003f 02       		.byte	0x2
 188 0040 07       		.byte	0x7
 189 0041 7E000000 		.4byte	.LASF3
 190 0045 02       		.uleb128 0x2
 191 0046 04       		.byte	0x4
 192 0047 05       		.byte	0x5
 193 0048 24010000 		.4byte	.LASF4
 194 004c 02       		.uleb128 0x2
 195 004d 04       		.byte	0x4
 196 004e 07       		.byte	0x7
 197 004f 6C000000 		.4byte	.LASF5
 198 0053 02       		.uleb128 0x2
 199 0054 08       		.byte	0x8
 200 0055 05       		.byte	0x5
 201 0056 00000000 		.4byte	.LASF6
 202 005a 02       		.uleb128 0x2
 203 005b 08       		.byte	0x8
 204 005c 07       		.byte	0x7
 205 005d BD000000 		.4byte	.LASF7
 206 0061 03       		.uleb128 0x3
 207 0062 04       		.byte	0x4
 208 0063 05       		.byte	0x5
 209 0064 696E7400 		.ascii	"int\000"
 210 0068 02       		.uleb128 0x2
 211 0069 04       		.byte	0x4
 212 006a 07       		.byte	0x7
 213 006b B0000000 		.4byte	.LASF8
 214 006f 04       		.uleb128 0x4
 215 0070 0D010000 		.4byte	.LASF21
 216 0074 02       		.byte	0x2
 217 0075 4C       		.byte	0x4c
 218 0076 30000000 		.4byte	0x30
 219 007a 02       		.uleb128 0x2
 220 007b 04       		.byte	0x4
 221 007c 04       		.byte	0x4
 222 007d 58000000 		.4byte	.LASF9
 223 0081 02       		.uleb128 0x2
 224 0082 08       		.byte	0x8
 225 0083 04       		.byte	0x4
 226 0084 91000000 		.4byte	.LASF10
 227 0088 02       		.uleb128 0x2
 228 0089 01       		.byte	0x1
 229 008a 08       		.byte	0x8
 230 008b FE000000 		.4byte	.LASF11
 231 008f 05       		.uleb128 0x5
ARM GAS  C:\DOCUME~1\ADMINI~1\LOCALS~1\Temp\cck5LmRr.s 			page 7


 232 0090 01       		.byte	0x1
 233 0091 0E000000 		.4byte	.LASF12
 234 0095 01       		.byte	0x1
 235 0096 27       		.byte	0x27
 236 0097 01       		.byte	0x1
 237 0098 00000000 		.4byte	.LFB0
 238 009c 18000000 		.4byte	.LFE0
 239 00a0 01       		.byte	0x1
 240 00a1 5D       		.byte	0x5d
 241 00a2 C1000000 		.4byte	0xc1
 242 00a6 06       		.uleb128 0x6
 243 00a7 20000000 		.4byte	.LASF14
 244 00ab 01       		.byte	0x1
 245 00ac 27       		.byte	0x27
 246 00ad 6F000000 		.4byte	0x6f
 247 00b1 00000000 		.4byte	.LLST1
 248 00b5 07       		.uleb128 0x7
 249 00b6 26000000 		.4byte	.LASF22
 250 00ba 01       		.byte	0x1
 251 00bb 29       		.byte	0x29
 252 00bc 6F000000 		.4byte	0x6f
 253 00c0 00       		.byte	0x0
 254 00c1 05       		.uleb128 0x5
 255 00c2 01       		.byte	0x1
 256 00c3 D9000000 		.4byte	.LASF13
 257 00c7 01       		.byte	0x1
 258 00c8 3C       		.byte	0x3c
 259 00c9 01       		.byte	0x1
 260 00ca 00000000 		.4byte	.LFB1
 261 00ce 18000000 		.4byte	.LFE1
 262 00d2 01       		.byte	0x1
 263 00d3 5D       		.byte	0x5d
 264 00d4 E8000000 		.4byte	0xe8
 265 00d8 06       		.uleb128 0x6
 266 00d9 D4000000 		.4byte	.LASF15
 267 00dd 01       		.byte	0x1
 268 00de 3C       		.byte	0x3c
 269 00df 6F000000 		.4byte	0x6f
 270 00e3 13000000 		.4byte	.LLST3
 271 00e7 00       		.byte	0x0
 272 00e8 08       		.uleb128 0x8
 273 00e9 01       		.byte	0x1
 274 00ea 13010000 		.4byte	.LASF16
 275 00ee 01       		.byte	0x1
 276 00ef 54       		.byte	0x54
 277 00f0 01       		.byte	0x1
 278 00f1 6F000000 		.4byte	0x6f
 279 00f5 00000000 		.4byte	.LFB2
 280 00f9 10000000 		.4byte	.LFE2
 281 00fd 01       		.byte	0x1
 282 00fe 5D       		.byte	0x5d
 283 00ff 08       		.uleb128 0x8
 284 0100 01       		.byte	0x1
 285 0101 98000000 		.4byte	.LASF17
 286 0105 01       		.byte	0x1
 287 0106 68       		.byte	0x68
 288 0107 01       		.byte	0x1
ARM GAS  C:\DOCUME~1\ADMINI~1\LOCALS~1\Temp\cck5LmRr.s 			page 8


 289 0108 6F000000 		.4byte	0x6f
 290 010c 00000000 		.4byte	.LFB3
 291 0110 10000000 		.4byte	.LFE3
 292 0114 01       		.byte	0x1
 293 0115 5D       		.byte	0x5d
 294 0116 00       		.byte	0x0
 295              		.section	.debug_abbrev
 296 0000 01       		.uleb128 0x1
 297 0001 11       		.uleb128 0x11
 298 0002 01       		.byte	0x1
 299 0003 25       		.uleb128 0x25
 300 0004 0E       		.uleb128 0xe
 301 0005 13       		.uleb128 0x13
 302 0006 0B       		.uleb128 0xb
 303 0007 03       		.uleb128 0x3
 304 0008 0E       		.uleb128 0xe
 305 0009 1B       		.uleb128 0x1b
 306 000a 0E       		.uleb128 0xe
 307 000b 11       		.uleb128 0x11
 308 000c 01       		.uleb128 0x1
 309 000d 52       		.uleb128 0x52
 310 000e 01       		.uleb128 0x1
 311 000f 55       		.uleb128 0x55
 312 0010 06       		.uleb128 0x6
 313 0011 10       		.uleb128 0x10
 314 0012 06       		.uleb128 0x6
 315 0013 00       		.byte	0x0
 316 0014 00       		.byte	0x0
 317 0015 02       		.uleb128 0x2
 318 0016 24       		.uleb128 0x24
 319 0017 00       		.byte	0x0
 320 0018 0B       		.uleb128 0xb
 321 0019 0B       		.uleb128 0xb
 322 001a 3E       		.uleb128 0x3e
 323 001b 0B       		.uleb128 0xb
 324 001c 03       		.uleb128 0x3
 325 001d 0E       		.uleb128 0xe
 326 001e 00       		.byte	0x0
 327 001f 00       		.byte	0x0
 328 0020 03       		.uleb128 0x3
 329 0021 24       		.uleb128 0x24
 330 0022 00       		.byte	0x0
 331 0023 0B       		.uleb128 0xb
 332 0024 0B       		.uleb128 0xb
 333 0025 3E       		.uleb128 0x3e
 334 0026 0B       		.uleb128 0xb
 335 0027 03       		.uleb128 0x3
 336 0028 08       		.uleb128 0x8
 337 0029 00       		.byte	0x0
 338 002a 00       		.byte	0x0
 339 002b 04       		.uleb128 0x4
 340 002c 16       		.uleb128 0x16
 341 002d 00       		.byte	0x0
 342 002e 03       		.uleb128 0x3
 343 002f 0E       		.uleb128 0xe
 344 0030 3A       		.uleb128 0x3a
 345 0031 0B       		.uleb128 0xb
ARM GAS  C:\DOCUME~1\ADMINI~1\LOCALS~1\Temp\cck5LmRr.s 			page 9


 346 0032 3B       		.uleb128 0x3b
 347 0033 0B       		.uleb128 0xb
 348 0034 49       		.uleb128 0x49
 349 0035 13       		.uleb128 0x13
 350 0036 00       		.byte	0x0
 351 0037 00       		.byte	0x0
 352 0038 05       		.uleb128 0x5
 353 0039 2E       		.uleb128 0x2e
 354 003a 01       		.byte	0x1
 355 003b 3F       		.uleb128 0x3f
 356 003c 0C       		.uleb128 0xc
 357 003d 03       		.uleb128 0x3
 358 003e 0E       		.uleb128 0xe
 359 003f 3A       		.uleb128 0x3a
 360 0040 0B       		.uleb128 0xb
 361 0041 3B       		.uleb128 0x3b
 362 0042 0B       		.uleb128 0xb
 363 0043 27       		.uleb128 0x27
 364 0044 0C       		.uleb128 0xc
 365 0045 11       		.uleb128 0x11
 366 0046 01       		.uleb128 0x1
 367 0047 12       		.uleb128 0x12
 368 0048 01       		.uleb128 0x1
 369 0049 40       		.uleb128 0x40
 370 004a 0A       		.uleb128 0xa
 371 004b 01       		.uleb128 0x1
 372 004c 13       		.uleb128 0x13
 373 004d 00       		.byte	0x0
 374 004e 00       		.byte	0x0
 375 004f 06       		.uleb128 0x6
 376 0050 05       		.uleb128 0x5
 377 0051 00       		.byte	0x0
 378 0052 03       		.uleb128 0x3
 379 0053 0E       		.uleb128 0xe
 380 0054 3A       		.uleb128 0x3a
 381 0055 0B       		.uleb128 0xb
 382 0056 3B       		.uleb128 0x3b
 383 0057 0B       		.uleb128 0xb
 384 0058 49       		.uleb128 0x49
 385 0059 13       		.uleb128 0x13
 386 005a 02       		.uleb128 0x2
 387 005b 06       		.uleb128 0x6
 388 005c 00       		.byte	0x0
 389 005d 00       		.byte	0x0
 390 005e 07       		.uleb128 0x7
 391 005f 34       		.uleb128 0x34
 392 0060 00       		.byte	0x0
 393 0061 03       		.uleb128 0x3
 394 0062 0E       		.uleb128 0xe
 395 0063 3A       		.uleb128 0x3a
 396 0064 0B       		.uleb128 0xb
 397 0065 3B       		.uleb128 0x3b
 398 0066 0B       		.uleb128 0xb
 399 0067 49       		.uleb128 0x49
 400 0068 13       		.uleb128 0x13
 401 0069 00       		.byte	0x0
 402 006a 00       		.byte	0x0
ARM GAS  C:\DOCUME~1\ADMINI~1\LOCALS~1\Temp\cck5LmRr.s 			page 10


 403 006b 08       		.uleb128 0x8
 404 006c 2E       		.uleb128 0x2e
 405 006d 00       		.byte	0x0
 406 006e 3F       		.uleb128 0x3f
 407 006f 0C       		.uleb128 0xc
 408 0070 03       		.uleb128 0x3
 409 0071 0E       		.uleb128 0xe
 410 0072 3A       		.uleb128 0x3a
 411 0073 0B       		.uleb128 0xb
 412 0074 3B       		.uleb128 0x3b
 413 0075 0B       		.uleb128 0xb
 414 0076 27       		.uleb128 0x27
 415 0077 0C       		.uleb128 0xc
 416 0078 49       		.uleb128 0x49
 417 0079 13       		.uleb128 0x13
 418 007a 11       		.uleb128 0x11
 419 007b 01       		.uleb128 0x1
 420 007c 12       		.uleb128 0x12
 421 007d 01       		.uleb128 0x1
 422 007e 40       		.uleb128 0x40
 423 007f 0A       		.uleb128 0xa
 424 0080 00       		.byte	0x0
 425 0081 00       		.byte	0x0
 426 0082 00       		.byte	0x0
 427              		.section	.debug_pubnames,"",%progbits
 428 0000 72000000 		.4byte	0x72
 429 0004 0200     		.2byte	0x2
 430 0006 00000000 		.4byte	.Ldebug_info0
 431 000a 17010000 		.4byte	0x117
 432 000e 8F000000 		.4byte	0x8f
 433 0012 50696E5F 		.ascii	"Pin_I2C_SCL_Write\000"
 433      4932435F 
 433      53434C5F 
 433      57726974 
 433      6500
 434 0024 C1000000 		.4byte	0xc1
 435 0028 50696E5F 		.ascii	"Pin_I2C_SCL_SetDriveMode\000"
 435      4932435F 
 435      53434C5F 
 435      53657444 
 435      72697665 
 436 0041 E8000000 		.4byte	0xe8
 437 0045 50696E5F 		.ascii	"Pin_I2C_SCL_Read\000"
 437      4932435F 
 437      53434C5F 
 437      52656164 
 437      00
 438 0056 FF000000 		.4byte	0xff
 439 005a 50696E5F 		.ascii	"Pin_I2C_SCL_ReadDataReg\000"
 439      4932435F 
 439      53434C5F 
 439      52656164 
 439      44617461 
 440 0072 00000000 		.4byte	0x0
 441              		.section	.debug_aranges,"",%progbits
 442 0000 34000000 		.4byte	0x34
 443 0004 0200     		.2byte	0x2
ARM GAS  C:\DOCUME~1\ADMINI~1\LOCALS~1\Temp\cck5LmRr.s 			page 11


 444 0006 00000000 		.4byte	.Ldebug_info0
 445 000a 04       		.byte	0x4
 446 000b 00       		.byte	0x0
 447 000c 0000     		.2byte	0x0
 448 000e 0000     		.2byte	0x0
 449 0010 00000000 		.4byte	.LFB0
 450 0014 18000000 		.4byte	.LFE0-.LFB0
 451 0018 00000000 		.4byte	.LFB1
 452 001c 18000000 		.4byte	.LFE1-.LFB1
 453 0020 00000000 		.4byte	.LFB2
 454 0024 10000000 		.4byte	.LFE2-.LFB2
 455 0028 00000000 		.4byte	.LFB3
 456 002c 10000000 		.4byte	.LFE3-.LFB3
 457 0030 00000000 		.4byte	0x0
 458 0034 00000000 		.4byte	0x0
 459              		.section	.debug_ranges,"",%progbits
 460              	.Ldebug_ranges0:
 461 0000 00000000 		.4byte	.Ltext0
 462 0004 00000000 		.4byte	.Letext0
 463 0008 00000000 		.4byte	.LFB0
 464 000c 18000000 		.4byte	.LFE0
 465 0010 00000000 		.4byte	.LFB1
 466 0014 18000000 		.4byte	.LFE1
 467 0018 00000000 		.4byte	.LFB2
 468 001c 10000000 		.4byte	.LFE2
 469 0020 00000000 		.4byte	.LFB3
 470 0024 10000000 		.4byte	.LFE3
 471 0028 00000000 		.4byte	0x0
 472 002c 00000000 		.4byte	0x0
 473              		.section	.debug_str,"MS",%progbits,1
 474              	.LASF6:
 475 0000 6C6F6E67 		.ascii	"long long int\000"
 475      206C6F6E 
 475      6720696E 
 475      7400
 476              	.LASF12:
 477 000e 50696E5F 		.ascii	"Pin_I2C_SCL_Write\000"
 477      4932435F 
 477      53434C5F 
 477      57726974 
 477      6500
 478              	.LASF14:
 479 0020 76616C75 		.ascii	"value\000"
 479      6500
 480              	.LASF22:
 481 0026 73746174 		.ascii	"staticBits\000"
 481      69634269 
 481      747300
 482              	.LASF19:
 483 0031 2E5C4765 		.ascii	".\\Generated_Source\\PSoC5\\Pin_I2C_SCL.c\000"
 483      6E657261 
 483      7465645F 
 483      536F7572 
 483      63655C50 
 484              	.LASF9:
 485 0058 666C6F61 		.ascii	"float\000"
 485      7400
ARM GAS  C:\DOCUME~1\ADMINI~1\LOCALS~1\Temp\cck5LmRr.s 			page 12


 486              	.LASF1:
 487 005e 756E7369 		.ascii	"unsigned char\000"
 487      676E6564 
 487      20636861 
 487      7200
 488              	.LASF5:
 489 006c 6C6F6E67 		.ascii	"long unsigned int\000"
 489      20756E73 
 489      69676E65 
 489      6420696E 
 489      7400
 490              	.LASF3:
 491 007e 73686F72 		.ascii	"short unsigned int\000"
 491      7420756E 
 491      7369676E 
 491      65642069 
 491      6E7400
 492              	.LASF10:
 493 0091 646F7562 		.ascii	"double\000"
 493      6C6500
 494              	.LASF17:
 495 0098 50696E5F 		.ascii	"Pin_I2C_SCL_ReadDataReg\000"
 495      4932435F 
 495      53434C5F 
 495      52656164 
 495      44617461 
 496              	.LASF8:
 497 00b0 756E7369 		.ascii	"unsigned int\000"
 497      676E6564 
 497      20696E74 
 497      00
 498              	.LASF7:
 499 00bd 6C6F6E67 		.ascii	"long long unsigned int\000"
 499      206C6F6E 
 499      6720756E 
 499      7369676E 
 499      65642069 
 500              	.LASF15:
 501 00d4 6D6F6465 		.ascii	"mode\000"
 501      00
 502              	.LASF13:
 503 00d9 50696E5F 		.ascii	"Pin_I2C_SCL_SetDriveMode\000"
 503      4932435F 
 503      53434C5F 
 503      53657444 
 503      72697665 
 504              	.LASF18:
 505 00f2 474E5520 		.ascii	"GNU C 4.4.1\000"
 505      4320342E 
 505      342E3100 
 506              	.LASF11:
 507 00fe 63686172 		.ascii	"char\000"
 507      00
 508              	.LASF2:
 509 0103 73686F72 		.ascii	"short int\000"
 509      7420696E 
 509      7400
ARM GAS  C:\DOCUME~1\ADMINI~1\LOCALS~1\Temp\cck5LmRr.s 			page 13


 510              	.LASF21:
 511 010d 75696E74 		.ascii	"uint8\000"
 511      3800
 512              	.LASF16:
 513 0113 50696E5F 		.ascii	"Pin_I2C_SCL_Read\000"
 513      4932435F 
 513      53434C5F 
 513      52656164 
 513      00
 514              	.LASF4:
 515 0124 6C6F6E67 		.ascii	"long int\000"
 515      20696E74 
 515      00
 516              	.LASF0:
 517 012d 7369676E 		.ascii	"signed char\000"
 517      65642063 
 517      68617200 
 518              	.LASF20:
 519 0139 5C5C7073 		.ascii	"\\\\psf\\Home\\Desktop\\KitProg version 2_03\\KitPr"
 519      665C486F 
 519      6D655C44 
 519      65736B74 
 519      6F705C4B 
 520 0166 6F675C4B 		.ascii	"og\\KitProg.cydsn\000"
 520      69745072 
 520      6F672E63 
 520      7964736E 
 520      00
 521              		.ident	"GCC: (Sourcery G++ Lite 2010q1-188) 4.4.1"
