ARM GAS  C:\DOCUME~1\ADMINI~1\LOCALS~1\Temp\ccfOOdwj.s 			page 1


   1              		.syntax unified
   2              		.cpu cortex-m3
   3              		.fpu softvfp
   4              		.eabi_attribute 20, 1
   5              		.eabi_attribute 21, 1
   6              		.eabi_attribute 23, 3
   7              		.eabi_attribute 24, 1
   8              		.eabi_attribute 25, 1
   9              		.eabi_attribute 26, 1
  10              		.eabi_attribute 30, 4
  11              		.eabi_attribute 18, 4
  12              		.thumb
  13              		.file	"UART_Bridge_PM.c"
  14              		.section	.debug_abbrev,"",%progbits
  15              	.Ldebug_abbrev0:
  16              		.section	.debug_info,"",%progbits
  17              	.Ldebug_info0:
  18              		.section	.debug_line,"",%progbits
  19              	.Ldebug_line0:
  20 0000 CF000000 		.text
  20      02007800 
  20      00000201 
  20      FB0E0D00 
  20      01010101 
  21              	.Ltext0:
  22              		.cfi_sections	.debug_frame
  23              		.section	.text.UART_Bridge_SaveConfig,"ax",%progbits
  24              		.align	1
  25              		.global	UART_Bridge_SaveConfig
  26              		.thumb
  27              		.thumb_func
  28              		.type	UART_Bridge_SaveConfig, %function
  29              	UART_Bridge_SaveConfig:
  30              	.LFB0:
  31              		.file 1 ".\\Generated_Source\\PSoC5\\UART_Bridge_PM.c"
   1:.\Generated_Source\PSoC5/UART_Bridge_PM.c **** /*******************************************************************************
   2:.\Generated_Source\PSoC5/UART_Bridge_PM.c **** * File Name: UART_Bridge_PM.c
   3:.\Generated_Source\PSoC5/UART_Bridge_PM.c **** * Version 2.30
   4:.\Generated_Source\PSoC5/UART_Bridge_PM.c **** *
   5:.\Generated_Source\PSoC5/UART_Bridge_PM.c **** * Description:
   6:.\Generated_Source\PSoC5/UART_Bridge_PM.c **** *  This file provides Sleep/WakeUp APIs functionality.
   7:.\Generated_Source\PSoC5/UART_Bridge_PM.c **** *
   8:.\Generated_Source\PSoC5/UART_Bridge_PM.c **** * Note:
   9:.\Generated_Source\PSoC5/UART_Bridge_PM.c **** *
  10:.\Generated_Source\PSoC5/UART_Bridge_PM.c **** ********************************************************************************
  11:.\Generated_Source\PSoC5/UART_Bridge_PM.c **** * Copyright 2008-2012, Cypress Semiconductor Corporation.  All rights reserved.
  12:.\Generated_Source\PSoC5/UART_Bridge_PM.c **** * You may use this file only in accordance with the license, terms, conditions,
  13:.\Generated_Source\PSoC5/UART_Bridge_PM.c **** * disclaimers, and limitations in the end user license agreement accompanying
  14:.\Generated_Source\PSoC5/UART_Bridge_PM.c **** * the software package with which this file was provided.
  15:.\Generated_Source\PSoC5/UART_Bridge_PM.c **** *******************************************************************************/
  16:.\Generated_Source\PSoC5/UART_Bridge_PM.c **** 
  17:.\Generated_Source\PSoC5/UART_Bridge_PM.c **** #include "UART_Bridge.h"
  18:.\Generated_Source\PSoC5/UART_Bridge_PM.c **** 
  19:.\Generated_Source\PSoC5/UART_Bridge_PM.c **** 
  20:.\Generated_Source\PSoC5/UART_Bridge_PM.c **** /***************************************
  21:.\Generated_Source\PSoC5/UART_Bridge_PM.c **** * Local data allocation
  22:.\Generated_Source\PSoC5/UART_Bridge_PM.c **** ***************************************/
ARM GAS  C:\DOCUME~1\ADMINI~1\LOCALS~1\Temp\ccfOOdwj.s 			page 2


  23:.\Generated_Source\PSoC5/UART_Bridge_PM.c **** 
  24:.\Generated_Source\PSoC5/UART_Bridge_PM.c **** static UART_Bridge_BACKUP_STRUCT  UART_Bridge_backup =
  25:.\Generated_Source\PSoC5/UART_Bridge_PM.c **** {
  26:.\Generated_Source\PSoC5/UART_Bridge_PM.c ****     /* enableState - disabled */
  27:.\Generated_Source\PSoC5/UART_Bridge_PM.c ****     0u,
  28:.\Generated_Source\PSoC5/UART_Bridge_PM.c **** };
  29:.\Generated_Source\PSoC5/UART_Bridge_PM.c **** 
  30:.\Generated_Source\PSoC5/UART_Bridge_PM.c **** 
  31:.\Generated_Source\PSoC5/UART_Bridge_PM.c **** 
  32:.\Generated_Source\PSoC5/UART_Bridge_PM.c **** /*******************************************************************************
  33:.\Generated_Source\PSoC5/UART_Bridge_PM.c **** * Function Name: UART_Bridge_SaveConfig
  34:.\Generated_Source\PSoC5/UART_Bridge_PM.c **** ********************************************************************************
  35:.\Generated_Source\PSoC5/UART_Bridge_PM.c **** *
  36:.\Generated_Source\PSoC5/UART_Bridge_PM.c **** * Summary:
  37:.\Generated_Source\PSoC5/UART_Bridge_PM.c **** *  Saves the current user configuration.
  38:.\Generated_Source\PSoC5/UART_Bridge_PM.c **** *
  39:.\Generated_Source\PSoC5/UART_Bridge_PM.c **** * Parameters:
  40:.\Generated_Source\PSoC5/UART_Bridge_PM.c **** *  None.
  41:.\Generated_Source\PSoC5/UART_Bridge_PM.c **** *
  42:.\Generated_Source\PSoC5/UART_Bridge_PM.c **** * Return:
  43:.\Generated_Source\PSoC5/UART_Bridge_PM.c **** *  None.
  44:.\Generated_Source\PSoC5/UART_Bridge_PM.c **** *
  45:.\Generated_Source\PSoC5/UART_Bridge_PM.c **** * Global Variables:
  46:.\Generated_Source\PSoC5/UART_Bridge_PM.c **** *  UART_Bridge_backup - modified when non-retention registers are saved.
  47:.\Generated_Source\PSoC5/UART_Bridge_PM.c **** *
  48:.\Generated_Source\PSoC5/UART_Bridge_PM.c **** * Reentrant:
  49:.\Generated_Source\PSoC5/UART_Bridge_PM.c **** *  No.
  50:.\Generated_Source\PSoC5/UART_Bridge_PM.c **** *
  51:.\Generated_Source\PSoC5/UART_Bridge_PM.c **** *******************************************************************************/
  52:.\Generated_Source\PSoC5/UART_Bridge_PM.c **** void UART_Bridge_SaveConfig(void)
  53:.\Generated_Source\PSoC5/UART_Bridge_PM.c **** {
  32              		.loc 1 53 0
  33              		.cfi_startproc
  34              		@ args = 0, pretend = 0, frame = 0
  35              		@ frame_needed = 0, uses_anonymous_args = 0
  36              		@ link register save eliminated.
  54:.\Generated_Source\PSoC5/UART_Bridge_PM.c ****     #if (CY_UDB_V0)
  55:.\Generated_Source\PSoC5/UART_Bridge_PM.c **** 
  56:.\Generated_Source\PSoC5/UART_Bridge_PM.c ****         #if(UART_Bridge_CONTROL_REG_REMOVED == 0u)
  57:.\Generated_Source\PSoC5/UART_Bridge_PM.c ****             UART_Bridge_backup.cr = UART_Bridge_CONTROL_REG;
  58:.\Generated_Source\PSoC5/UART_Bridge_PM.c ****         #endif /* End UART_Bridge_CONTROL_REG_REMOVED */
  59:.\Generated_Source\PSoC5/UART_Bridge_PM.c **** 
  60:.\Generated_Source\PSoC5/UART_Bridge_PM.c ****         #if( (UART_Bridge_RX_ENABLED) || (UART_Bridge_HD_ENABLED) )
  61:.\Generated_Source\PSoC5/UART_Bridge_PM.c ****             UART_Bridge_backup.rx_period = UART_Bridge_RXBITCTR_PERIOD_REG;
  62:.\Generated_Source\PSoC5/UART_Bridge_PM.c ****             UART_Bridge_backup.rx_mask = UART_Bridge_RXSTATUS_MASK_REG;
  63:.\Generated_Source\PSoC5/UART_Bridge_PM.c ****             #if (UART_Bridge_RXHW_ADDRESS_ENABLED)
  64:.\Generated_Source\PSoC5/UART_Bridge_PM.c ****                 UART_Bridge_backup.rx_addr1 = UART_Bridge_RXADDRESS1_REG;
  65:.\Generated_Source\PSoC5/UART_Bridge_PM.c ****                 UART_Bridge_backup.rx_addr2 = UART_Bridge_RXADDRESS2_REG;
  66:.\Generated_Source\PSoC5/UART_Bridge_PM.c ****             #endif /* End UART_Bridge_RXHW_ADDRESS_ENABLED */
  67:.\Generated_Source\PSoC5/UART_Bridge_PM.c ****         #endif /* End UART_Bridge_RX_ENABLED | UART_Bridge_HD_ENABLED*/
  68:.\Generated_Source\PSoC5/UART_Bridge_PM.c **** 
  69:.\Generated_Source\PSoC5/UART_Bridge_PM.c ****         #if(UART_Bridge_TX_ENABLED)
  70:.\Generated_Source\PSoC5/UART_Bridge_PM.c ****             #if(UART_Bridge_TXCLKGEN_DP)
  71:.\Generated_Source\PSoC5/UART_Bridge_PM.c ****                 UART_Bridge_backup.tx_clk_ctr = UART_Bridge_TXBITCLKGEN_CTR_REG;
  72:.\Generated_Source\PSoC5/UART_Bridge_PM.c ****                 UART_Bridge_backup.tx_clk_compl = UART_Bridge_TXBITCLKTX_COMPLETE_REG;
  73:.\Generated_Source\PSoC5/UART_Bridge_PM.c ****             #else
  74:.\Generated_Source\PSoC5/UART_Bridge_PM.c ****                 UART_Bridge_backup.tx_period = UART_Bridge_TXBITCTR_PERIOD_REG;
ARM GAS  C:\DOCUME~1\ADMINI~1\LOCALS~1\Temp\ccfOOdwj.s 			page 3


  75:.\Generated_Source\PSoC5/UART_Bridge_PM.c ****             #endif /*End UART_Bridge_TXCLKGEN_DP */
  76:.\Generated_Source\PSoC5/UART_Bridge_PM.c ****             UART_Bridge_backup.tx_mask = UART_Bridge_TXSTATUS_MASK_REG;
  77:.\Generated_Source\PSoC5/UART_Bridge_PM.c ****         #endif /*End UART_Bridge_TX_ENABLED */
  78:.\Generated_Source\PSoC5/UART_Bridge_PM.c **** 
  79:.\Generated_Source\PSoC5/UART_Bridge_PM.c **** 
  80:.\Generated_Source\PSoC5/UART_Bridge_PM.c ****     #else /* CY_UDB_V1 */
  81:.\Generated_Source\PSoC5/UART_Bridge_PM.c **** 
  82:.\Generated_Source\PSoC5/UART_Bridge_PM.c ****         #if(UART_Bridge_CONTROL_REG_REMOVED == 0u)
  83:.\Generated_Source\PSoC5/UART_Bridge_PM.c ****             UART_Bridge_backup.cr = UART_Bridge_CONTROL_REG;
  84:.\Generated_Source\PSoC5/UART_Bridge_PM.c ****         #endif /* End UART_Bridge_CONTROL_REG_REMOVED */
  85:.\Generated_Source\PSoC5/UART_Bridge_PM.c **** 
  86:.\Generated_Source\PSoC5/UART_Bridge_PM.c ****     #endif  /* End CY_UDB_V0 */
  87:.\Generated_Source\PSoC5/UART_Bridge_PM.c **** }
  37              		.loc 1 87 0
  38 0000 7047     		bx	lr
  39              		.cfi_endproc
  40              	.LFE0:
  41              		.size	UART_Bridge_SaveConfig, .-UART_Bridge_SaveConfig
  42              		.section	.text.UART_Bridge_RestoreConfig,"ax",%progbits
  43              		.align	1
  44              		.global	UART_Bridge_RestoreConfig
  45              		.thumb
  46              		.thumb_func
  47              		.type	UART_Bridge_RestoreConfig, %function
  48              	UART_Bridge_RestoreConfig:
  49              	.LFB1:
  88:.\Generated_Source\PSoC5/UART_Bridge_PM.c **** 
  89:.\Generated_Source\PSoC5/UART_Bridge_PM.c **** 
  90:.\Generated_Source\PSoC5/UART_Bridge_PM.c **** /*******************************************************************************
  91:.\Generated_Source\PSoC5/UART_Bridge_PM.c **** * Function Name: UART_Bridge_RestoreConfig
  92:.\Generated_Source\PSoC5/UART_Bridge_PM.c **** ********************************************************************************
  93:.\Generated_Source\PSoC5/UART_Bridge_PM.c **** *
  94:.\Generated_Source\PSoC5/UART_Bridge_PM.c **** * Summary:
  95:.\Generated_Source\PSoC5/UART_Bridge_PM.c **** *  Restores the current user configuration.
  96:.\Generated_Source\PSoC5/UART_Bridge_PM.c **** *
  97:.\Generated_Source\PSoC5/UART_Bridge_PM.c **** * Parameters:
  98:.\Generated_Source\PSoC5/UART_Bridge_PM.c **** *  None.
  99:.\Generated_Source\PSoC5/UART_Bridge_PM.c **** *
 100:.\Generated_Source\PSoC5/UART_Bridge_PM.c **** * Return:
 101:.\Generated_Source\PSoC5/UART_Bridge_PM.c **** *  None.
 102:.\Generated_Source\PSoC5/UART_Bridge_PM.c **** *
 103:.\Generated_Source\PSoC5/UART_Bridge_PM.c **** * Global Variables:
 104:.\Generated_Source\PSoC5/UART_Bridge_PM.c **** *  UART_Bridge_backup - used when non-retention registers are restored.
 105:.\Generated_Source\PSoC5/UART_Bridge_PM.c **** *
 106:.\Generated_Source\PSoC5/UART_Bridge_PM.c **** * Reentrant:
 107:.\Generated_Source\PSoC5/UART_Bridge_PM.c **** *  No.
 108:.\Generated_Source\PSoC5/UART_Bridge_PM.c **** *
 109:.\Generated_Source\PSoC5/UART_Bridge_PM.c **** *******************************************************************************/
 110:.\Generated_Source\PSoC5/UART_Bridge_PM.c **** void UART_Bridge_RestoreConfig(void)
 111:.\Generated_Source\PSoC5/UART_Bridge_PM.c **** {
  50              		.loc 1 111 0
  51              		.cfi_startproc
  52              		@ args = 0, pretend = 0, frame = 0
  53              		@ frame_needed = 0, uses_anonymous_args = 0
  54              		@ link register save eliminated.
 112:.\Generated_Source\PSoC5/UART_Bridge_PM.c **** 
 113:.\Generated_Source\PSoC5/UART_Bridge_PM.c ****     #if (CY_UDB_V0)
ARM GAS  C:\DOCUME~1\ADMINI~1\LOCALS~1\Temp\ccfOOdwj.s 			page 4


 114:.\Generated_Source\PSoC5/UART_Bridge_PM.c **** 
 115:.\Generated_Source\PSoC5/UART_Bridge_PM.c ****         #if(UART_Bridge_CONTROL_REG_REMOVED == 0u)
 116:.\Generated_Source\PSoC5/UART_Bridge_PM.c ****             UART_Bridge_CONTROL_REG = UART_Bridge_backup.cr;
 117:.\Generated_Source\PSoC5/UART_Bridge_PM.c ****         #endif /* End UART_Bridge_CONTROL_REG_REMOVED */
 118:.\Generated_Source\PSoC5/UART_Bridge_PM.c **** 
 119:.\Generated_Source\PSoC5/UART_Bridge_PM.c ****         #if( (UART_Bridge_RX_ENABLED) || (UART_Bridge_HD_ENABLED) )
 120:.\Generated_Source\PSoC5/UART_Bridge_PM.c ****             UART_Bridge_RXBITCTR_PERIOD_REG = UART_Bridge_backup.rx_period;
 121:.\Generated_Source\PSoC5/UART_Bridge_PM.c ****             UART_Bridge_RXSTATUS_MASK_REG = UART_Bridge_backup.rx_mask;
 122:.\Generated_Source\PSoC5/UART_Bridge_PM.c ****             #if (UART_Bridge_RXHW_ADDRESS_ENABLED)
 123:.\Generated_Source\PSoC5/UART_Bridge_PM.c ****                 UART_Bridge_RXADDRESS1_REG = UART_Bridge_backup.rx_addr1;
 124:.\Generated_Source\PSoC5/UART_Bridge_PM.c ****                 UART_Bridge_RXADDRESS2_REG = UART_Bridge_backup.rx_addr2;
 125:.\Generated_Source\PSoC5/UART_Bridge_PM.c ****             #endif /* End UART_Bridge_RXHW_ADDRESS_ENABLED */
 126:.\Generated_Source\PSoC5/UART_Bridge_PM.c ****         #endif  /* End (UART_Bridge_RX_ENABLED) || (UART_Bridge_HD_ENABLED) */
 127:.\Generated_Source\PSoC5/UART_Bridge_PM.c **** 
 128:.\Generated_Source\PSoC5/UART_Bridge_PM.c ****         #if(UART_Bridge_TX_ENABLED)
 129:.\Generated_Source\PSoC5/UART_Bridge_PM.c ****             #if(UART_Bridge_TXCLKGEN_DP)
 130:.\Generated_Source\PSoC5/UART_Bridge_PM.c ****                 UART_Bridge_TXBITCLKGEN_CTR_REG = UART_Bridge_backup.tx_clk_ctr;
 131:.\Generated_Source\PSoC5/UART_Bridge_PM.c ****                 UART_Bridge_TXBITCLKTX_COMPLETE_REG = UART_Bridge_backup.tx_clk_compl;
 132:.\Generated_Source\PSoC5/UART_Bridge_PM.c ****             #else
 133:.\Generated_Source\PSoC5/UART_Bridge_PM.c ****                 UART_Bridge_TXBITCTR_PERIOD_REG = UART_Bridge_backup.tx_period;
 134:.\Generated_Source\PSoC5/UART_Bridge_PM.c ****             #endif /*End UART_Bridge_TXCLKGEN_DP */
 135:.\Generated_Source\PSoC5/UART_Bridge_PM.c ****             UART_Bridge_TXSTATUS_MASK_REG = UART_Bridge_backup.tx_mask;
 136:.\Generated_Source\PSoC5/UART_Bridge_PM.c ****         #endif /*End UART_Bridge_TX_ENABLED */
 137:.\Generated_Source\PSoC5/UART_Bridge_PM.c **** 
 138:.\Generated_Source\PSoC5/UART_Bridge_PM.c ****     #else /* CY_UDB_V1 */
 139:.\Generated_Source\PSoC5/UART_Bridge_PM.c **** 
 140:.\Generated_Source\PSoC5/UART_Bridge_PM.c ****         #if(UART_Bridge_CONTROL_REG_REMOVED == 0u)
 141:.\Generated_Source\PSoC5/UART_Bridge_PM.c ****             UART_Bridge_CONTROL_REG = UART_Bridge_backup.cr;
 142:.\Generated_Source\PSoC5/UART_Bridge_PM.c ****         #endif /* End UART_Bridge_CONTROL_REG_REMOVED */
 143:.\Generated_Source\PSoC5/UART_Bridge_PM.c **** 
 144:.\Generated_Source\PSoC5/UART_Bridge_PM.c ****     #endif  /* End CY_UDB_V0 */
 145:.\Generated_Source\PSoC5/UART_Bridge_PM.c **** }
  55              		.loc 1 145 0
  56 0000 7047     		bx	lr
  57              		.cfi_endproc
  58              	.LFE1:
  59              		.size	UART_Bridge_RestoreConfig, .-UART_Bridge_RestoreConfig
  60              		.section	.text.UART_Bridge_Wakeup,"ax",%progbits
  61              		.align	1
  62              		.global	UART_Bridge_Wakeup
  63              		.thumb
  64              		.thumb_func
  65              		.type	UART_Bridge_Wakeup, %function
  66              	UART_Bridge_Wakeup:
  67              	.LFB3:
 146:.\Generated_Source\PSoC5/UART_Bridge_PM.c **** 
 147:.\Generated_Source\PSoC5/UART_Bridge_PM.c **** 
 148:.\Generated_Source\PSoC5/UART_Bridge_PM.c **** /*******************************************************************************
 149:.\Generated_Source\PSoC5/UART_Bridge_PM.c **** * Function Name: UART_Bridge_Sleep
 150:.\Generated_Source\PSoC5/UART_Bridge_PM.c **** ********************************************************************************
 151:.\Generated_Source\PSoC5/UART_Bridge_PM.c **** *
 152:.\Generated_Source\PSoC5/UART_Bridge_PM.c **** * Summary:
 153:.\Generated_Source\PSoC5/UART_Bridge_PM.c **** *  Stops and saves the user configuration. Should be called
 154:.\Generated_Source\PSoC5/UART_Bridge_PM.c **** *  just prior to entering sleep.
 155:.\Generated_Source\PSoC5/UART_Bridge_PM.c **** *
 156:.\Generated_Source\PSoC5/UART_Bridge_PM.c **** *
 157:.\Generated_Source\PSoC5/UART_Bridge_PM.c **** * Parameters:
ARM GAS  C:\DOCUME~1\ADMINI~1\LOCALS~1\Temp\ccfOOdwj.s 			page 5


 158:.\Generated_Source\PSoC5/UART_Bridge_PM.c **** *  None.
 159:.\Generated_Source\PSoC5/UART_Bridge_PM.c **** *
 160:.\Generated_Source\PSoC5/UART_Bridge_PM.c **** * Return:
 161:.\Generated_Source\PSoC5/UART_Bridge_PM.c **** *  None.
 162:.\Generated_Source\PSoC5/UART_Bridge_PM.c **** *
 163:.\Generated_Source\PSoC5/UART_Bridge_PM.c **** * Global Variables:
 164:.\Generated_Source\PSoC5/UART_Bridge_PM.c **** *  UART_Bridge_backup - modified when non-retention registers are saved.
 165:.\Generated_Source\PSoC5/UART_Bridge_PM.c **** *
 166:.\Generated_Source\PSoC5/UART_Bridge_PM.c **** * Reentrant:
 167:.\Generated_Source\PSoC5/UART_Bridge_PM.c **** *  No.
 168:.\Generated_Source\PSoC5/UART_Bridge_PM.c **** *
 169:.\Generated_Source\PSoC5/UART_Bridge_PM.c **** *******************************************************************************/
 170:.\Generated_Source\PSoC5/UART_Bridge_PM.c **** void UART_Bridge_Sleep(void)
 171:.\Generated_Source\PSoC5/UART_Bridge_PM.c **** {
 172:.\Generated_Source\PSoC5/UART_Bridge_PM.c **** 
 173:.\Generated_Source\PSoC5/UART_Bridge_PM.c ****     #if(UART_Bridge_RX_ENABLED || UART_Bridge_HD_ENABLED)
 174:.\Generated_Source\PSoC5/UART_Bridge_PM.c ****         if((UART_Bridge_RXSTATUS_ACTL_REG  & UART_Bridge_INT_ENABLE) != 0u)
 175:.\Generated_Source\PSoC5/UART_Bridge_PM.c ****         {
 176:.\Generated_Source\PSoC5/UART_Bridge_PM.c ****             UART_Bridge_backup.enableState = 1u;
 177:.\Generated_Source\PSoC5/UART_Bridge_PM.c ****         }
 178:.\Generated_Source\PSoC5/UART_Bridge_PM.c ****         else
 179:.\Generated_Source\PSoC5/UART_Bridge_PM.c ****         {
 180:.\Generated_Source\PSoC5/UART_Bridge_PM.c ****             UART_Bridge_backup.enableState = 0u;
 181:.\Generated_Source\PSoC5/UART_Bridge_PM.c ****         }
 182:.\Generated_Source\PSoC5/UART_Bridge_PM.c ****     #else
 183:.\Generated_Source\PSoC5/UART_Bridge_PM.c ****         if((UART_Bridge_TXSTATUS_ACTL_REG  & UART_Bridge_INT_ENABLE) !=0u)
 184:.\Generated_Source\PSoC5/UART_Bridge_PM.c ****         {
 185:.\Generated_Source\PSoC5/UART_Bridge_PM.c ****             UART_Bridge_backup.enableState = 1u;
 186:.\Generated_Source\PSoC5/UART_Bridge_PM.c ****         }
 187:.\Generated_Source\PSoC5/UART_Bridge_PM.c ****         else
 188:.\Generated_Source\PSoC5/UART_Bridge_PM.c ****         {
 189:.\Generated_Source\PSoC5/UART_Bridge_PM.c ****             UART_Bridge_backup.enableState = 0u;
 190:.\Generated_Source\PSoC5/UART_Bridge_PM.c ****         }
 191:.\Generated_Source\PSoC5/UART_Bridge_PM.c ****     #endif /* End UART_Bridge_RX_ENABLED || UART_Bridge_HD_ENABLED*/
 192:.\Generated_Source\PSoC5/UART_Bridge_PM.c **** 
 193:.\Generated_Source\PSoC5/UART_Bridge_PM.c ****     UART_Bridge_Stop();
 194:.\Generated_Source\PSoC5/UART_Bridge_PM.c ****     UART_Bridge_SaveConfig();
 195:.\Generated_Source\PSoC5/UART_Bridge_PM.c **** }
 196:.\Generated_Source\PSoC5/UART_Bridge_PM.c **** 
 197:.\Generated_Source\PSoC5/UART_Bridge_PM.c **** 
 198:.\Generated_Source\PSoC5/UART_Bridge_PM.c **** /*******************************************************************************
 199:.\Generated_Source\PSoC5/UART_Bridge_PM.c **** * Function Name: UART_Bridge_Wakeup
 200:.\Generated_Source\PSoC5/UART_Bridge_PM.c **** ********************************************************************************
 201:.\Generated_Source\PSoC5/UART_Bridge_PM.c **** *
 202:.\Generated_Source\PSoC5/UART_Bridge_PM.c **** * Summary:
 203:.\Generated_Source\PSoC5/UART_Bridge_PM.c **** *  Restores and enables the user configuration. Should be called
 204:.\Generated_Source\PSoC5/UART_Bridge_PM.c **** *  just after awaking from sleep.
 205:.\Generated_Source\PSoC5/UART_Bridge_PM.c **** *
 206:.\Generated_Source\PSoC5/UART_Bridge_PM.c **** * Parameters:
 207:.\Generated_Source\PSoC5/UART_Bridge_PM.c **** *  None.
 208:.\Generated_Source\PSoC5/UART_Bridge_PM.c **** *
 209:.\Generated_Source\PSoC5/UART_Bridge_PM.c **** * Return:
 210:.\Generated_Source\PSoC5/UART_Bridge_PM.c **** *  None.
 211:.\Generated_Source\PSoC5/UART_Bridge_PM.c **** *
 212:.\Generated_Source\PSoC5/UART_Bridge_PM.c **** * Global Variables:
 213:.\Generated_Source\PSoC5/UART_Bridge_PM.c **** *  UART_Bridge_backup - used when non-retention registers are restored.
 214:.\Generated_Source\PSoC5/UART_Bridge_PM.c **** *
ARM GAS  C:\DOCUME~1\ADMINI~1\LOCALS~1\Temp\ccfOOdwj.s 			page 6


 215:.\Generated_Source\PSoC5/UART_Bridge_PM.c **** * Reentrant:
 216:.\Generated_Source\PSoC5/UART_Bridge_PM.c **** *  No.
 217:.\Generated_Source\PSoC5/UART_Bridge_PM.c **** *
 218:.\Generated_Source\PSoC5/UART_Bridge_PM.c **** *******************************************************************************/
 219:.\Generated_Source\PSoC5/UART_Bridge_PM.c **** void UART_Bridge_Wakeup(void)
 220:.\Generated_Source\PSoC5/UART_Bridge_PM.c **** {
  68              		.loc 1 220 0
  69              		.cfi_startproc
  70              		@ args = 0, pretend = 0, frame = 0
  71              		@ frame_needed = 0, uses_anonymous_args = 0
  72 0000 10B5     		push	{r4, lr}
  73              	.LCFI0:
  74              		.cfi_def_cfa_offset 8
 221:.\Generated_Source\PSoC5/UART_Bridge_PM.c ****     UART_Bridge_RestoreConfig();
 222:.\Generated_Source\PSoC5/UART_Bridge_PM.c ****     #if( (UART_Bridge_RX_ENABLED) || (UART_Bridge_HD_ENABLED) )
 223:.\Generated_Source\PSoC5/UART_Bridge_PM.c ****         UART_Bridge_ClearRxBuffer();
  75              		.loc 1 223 0
  76              		.cfi_offset 14, -4
  77              		.cfi_offset 4, -8
  78 0002 FFF7FEFF 		bl	UART_Bridge_ClearRxBuffer
 224:.\Generated_Source\PSoC5/UART_Bridge_PM.c ****     #endif /* End (UART_Bridge_RX_ENABLED) || (UART_Bridge_HD_ENABLED) */
 225:.\Generated_Source\PSoC5/UART_Bridge_PM.c ****     #if(UART_Bridge_TX_ENABLED || UART_Bridge_HD_ENABLED)
 226:.\Generated_Source\PSoC5/UART_Bridge_PM.c ****         UART_Bridge_ClearTxBuffer();
  79              		.loc 1 226 0
  80 0006 FFF7FEFF 		bl	UART_Bridge_ClearTxBuffer
 227:.\Generated_Source\PSoC5/UART_Bridge_PM.c ****     #endif /* End UART_Bridge_TX_ENABLED || UART_Bridge_HD_ENABLED */
 228:.\Generated_Source\PSoC5/UART_Bridge_PM.c **** 
 229:.\Generated_Source\PSoC5/UART_Bridge_PM.c ****     if(UART_Bridge_backup.enableState != 0u)
  81              		.loc 1 229 0
  82 000a 044B     		ldr	r3, .L9
  83 000c 1B78     		ldrb	r3, [r3, #0]	@ zero_extendqisi2
  84 000e 1BB1     		cbz	r3, .L7
 230:.\Generated_Source\PSoC5/UART_Bridge_PM.c ****     {
 231:.\Generated_Source\PSoC5/UART_Bridge_PM.c ****         UART_Bridge_Enable();
 232:.\Generated_Source\PSoC5/UART_Bridge_PM.c ****     }
 233:.\Generated_Source\PSoC5/UART_Bridge_PM.c **** }
  85              		.loc 1 233 0
  86 0010 BDE81040 		pop	{r4, lr}
  87              		.loc 1 231 0
  88 0014 FFF7FEBF 		b	UART_Bridge_Enable
  89              	.L7:
  90 0018 10BD     		pop	{r4, pc}
  91              	.L10:
  92 001a 00BF     		.align	2
  93              	.L9:
  94 001c 00000000 		.word	.LANCHOR0
  95              		.cfi_endproc
  96              	.LFE3:
  97              		.size	UART_Bridge_Wakeup, .-UART_Bridge_Wakeup
  98              		.section	.text.UART_Bridge_Sleep,"ax",%progbits
  99              		.align	1
 100              		.global	UART_Bridge_Sleep
 101              		.thumb
 102              		.thumb_func
 103              		.type	UART_Bridge_Sleep, %function
 104              	UART_Bridge_Sleep:
 105              	.LFB2:
ARM GAS  C:\DOCUME~1\ADMINI~1\LOCALS~1\Temp\ccfOOdwj.s 			page 7


 106              		.loc 1 171 0
 107              		.cfi_startproc
 108              		@ args = 0, pretend = 0, frame = 0
 109              		@ frame_needed = 0, uses_anonymous_args = 0
 110              		@ link register save eliminated.
 111              		.loc 1 174 0
 112 0000 044B     		ldr	r3, .L15
 113 0002 1B78     		ldrb	r3, [r3, #0]	@ zero_extendqisi2
 114 0004 13F01002 		ands	r2, r3, #16
 115 0008 034B     		ldr	r3, .L15+4
 116              		.loc 1 176 0
 117 000a 18BF     		it	ne
 118 000c 0122     		movne	r2, #1
 119              		.loc 1 180 0
 120 000e 1A70     		strb	r2, [r3, #0]
 121              		.loc 1 195 0
 122              		.loc 1 193 0
 123 0010 FFF7FEBF 		b	UART_Bridge_Stop
 124              	.L16:
 125              		.align	2
 126              	.L15:
 127 0014 94640040 		.word	1073767572
 128 0018 00000000 		.word	.LANCHOR0
 129              		.cfi_endproc
 130              	.LFE2:
 131              		.size	UART_Bridge_Sleep, .-UART_Bridge_Sleep
 132              		.bss
 133              		.align	2
 134              		.set	.LANCHOR0,. + 0
 135              		.type	UART_Bridge_backup, %object
 136              		.size	UART_Bridge_backup, 3
 137              	UART_Bridge_backup:
 138 0000 000000   		.space	3
 139 0003 00       		.text
 140              	.Letext0:
 141              		.section	.debug_loc,"",%progbits
 142              	.Ldebug_loc0:
 143              	.LLST2:
 144 0000 00000000 		.4byte	.LFB3
 145 0004 02000000 		.4byte	.LCFI0
 146 0008 0100     		.2byte	0x1
 147 000a 5D       		.byte	0x5d
 148 000b 02000000 		.4byte	.LCFI0
 149 000f 20000000 		.4byte	.LFE3
 150 0013 0200     		.2byte	0x2
 151 0015 7D       		.byte	0x7d
 152 0016 08       		.sleb128 8
 153 0017 00000000 		.4byte	0x0
 154 001b 00000000 		.4byte	0x0
 155              		.file 2 ".\\Generated_Source\\PSoC5\\/UART_Bridge.h"
 156              		.file 3 ".\\Generated_Source\\PSoC5\\/cytypes.h"
 157              		.section	.debug_info
 158 0000 3C010000 		.4byte	0x13c
 159 0004 0200     		.2byte	0x2
 160 0006 00000000 		.4byte	.Ldebug_abbrev0
 161 000a 04       		.byte	0x4
 162 000b 01       		.uleb128 0x1
ARM GAS  C:\DOCUME~1\ADMINI~1\LOCALS~1\Temp\ccfOOdwj.s 			page 8


 163 000c 76010000 		.4byte	.LASF21
 164 0010 01       		.byte	0x1
 165 0011 3C010000 		.4byte	.LASF22
 166 0015 95000000 		.4byte	.LASF23
 167 0019 00000000 		.4byte	0x0
 168 001d 00000000 		.4byte	0x0
 169 0021 00000000 		.4byte	.Ldebug_ranges0+0x0
 170 0025 00000000 		.4byte	.Ldebug_line0
 171 0029 02       		.uleb128 0x2
 172 002a 01       		.byte	0x1
 173 002b 06       		.byte	0x6
 174 002c 88010000 		.4byte	.LASF0
 175 0030 02       		.uleb128 0x2
 176 0031 01       		.byte	0x1
 177 0032 08       		.byte	0x8
 178 0033 2E010000 		.4byte	.LASF1
 179 0037 02       		.uleb128 0x2
 180 0038 02       		.byte	0x2
 181 0039 05       		.byte	0x5
 182 003a BF010000 		.4byte	.LASF2
 183 003e 02       		.uleb128 0x2
 184 003f 02       		.byte	0x2
 185 0040 07       		.byte	0x7
 186 0041 0E000000 		.4byte	.LASF3
 187 0045 02       		.uleb128 0x2
 188 0046 04       		.byte	0x4
 189 0047 05       		.byte	0x5
 190 0048 66010000 		.4byte	.LASF4
 191 004c 02       		.uleb128 0x2
 192 004d 04       		.byte	0x4
 193 004e 07       		.byte	0x7
 194 004f 79000000 		.4byte	.LASF5
 195 0053 02       		.uleb128 0x2
 196 0054 08       		.byte	0x8
 197 0055 05       		.byte	0x5
 198 0056 00000000 		.4byte	.LASF6
 199 005a 02       		.uleb128 0x2
 200 005b 08       		.byte	0x8
 201 005c 07       		.byte	0x7
 202 005d 17010000 		.4byte	.LASF7
 203 0061 03       		.uleb128 0x3
 204 0062 04       		.byte	0x4
 205 0063 05       		.byte	0x5
 206 0064 696E7400 		.ascii	"int\000"
 207 0068 02       		.uleb128 0x2
 208 0069 04       		.byte	0x4
 209 006a 07       		.byte	0x7
 210 006b 2D000000 		.4byte	.LASF8
 211 006f 04       		.uleb128 0x4
 212 0070 82010000 		.4byte	.LASF15
 213 0074 03       		.byte	0x3
 214 0075 4C       		.byte	0x4c
 215 0076 30000000 		.4byte	0x30
 216 007a 02       		.uleb128 0x2
 217 007b 04       		.byte	0x4
 218 007c 04       		.byte	0x4
 219 007d B9010000 		.4byte	.LASF9
ARM GAS  C:\DOCUME~1\ADMINI~1\LOCALS~1\Temp\ccfOOdwj.s 			page 9


 220 0081 02       		.uleb128 0x2
 221 0082 08       		.byte	0x8
 222 0083 04       		.byte	0x4
 223 0084 6F010000 		.4byte	.LASF10
 224 0088 02       		.uleb128 0x2
 225 0089 01       		.byte	0x1
 226 008a 08       		.byte	0x8
 227 008b C9010000 		.4byte	.LASF11
 228 008f 05       		.uleb128 0x5
 229 0090 04       		.byte	0x4
 230 0091 07       		.byte	0x7
 231 0092 06       		.uleb128 0x6
 232 0093 9F010000 		.4byte	.LASF24
 233 0097 03       		.byte	0x3
 234 0098 02       		.byte	0x2
 235 0099 46       		.byte	0x46
 236 009a C9000000 		.4byte	0xc9
 237 009e 07       		.uleb128 0x7
 238 009f 21000000 		.4byte	.LASF12
 239 00a3 02       		.byte	0x2
 240 00a4 47       		.byte	0x47
 241 00a5 6F000000 		.4byte	0x6f
 242 00a9 02       		.byte	0x2
 243 00aa 23       		.byte	0x23
 244 00ab 00       		.uleb128 0x0
 245 00ac 07       		.uleb128 0x7
 246 00ad 8B000000 		.4byte	.LASF13
 247 00b1 02       		.byte	0x2
 248 00b2 4D       		.byte	0x4d
 249 00b3 6F000000 		.4byte	0x6f
 250 00b7 02       		.byte	0x2
 251 00b8 23       		.byte	0x23
 252 00b9 01       		.uleb128 0x1
 253 00ba 07       		.uleb128 0x7
 254 00bb 94010000 		.4byte	.LASF14
 255 00bf 02       		.byte	0x2
 256 00c0 59       		.byte	0x59
 257 00c1 6F000000 		.4byte	0x6f
 258 00c5 02       		.byte	0x2
 259 00c6 23       		.byte	0x23
 260 00c7 02       		.uleb128 0x2
 261 00c8 00       		.byte	0x0
 262 00c9 04       		.uleb128 0x4
 263 00ca E6000000 		.4byte	.LASF16
 264 00ce 02       		.byte	0x2
 265 00cf 64       		.byte	0x64
 266 00d0 92000000 		.4byte	0x92
 267 00d4 08       		.uleb128 0x8
 268 00d5 01       		.byte	0x1
 269 00d6 5F000000 		.4byte	.LASF17
 270 00da 01       		.byte	0x1
 271 00db 6E       		.byte	0x6e
 272 00dc 01       		.byte	0x1
 273 00dd 01       		.byte	0x1
 274 00de 08       		.uleb128 0x8
 275 00df 01       		.byte	0x1
 276 00e0 00010000 		.4byte	.LASF18
ARM GAS  C:\DOCUME~1\ADMINI~1\LOCALS~1\Temp\ccfOOdwj.s 			page 10


 277 00e4 01       		.byte	0x1
 278 00e5 34       		.byte	0x34
 279 00e6 01       		.byte	0x1
 280 00e7 01       		.byte	0x1
 281 00e8 09       		.uleb128 0x9
 282 00e9 DE000000 		.4byte	0xde
 283 00ed 00000000 		.4byte	.LFB0
 284 00f1 02000000 		.4byte	.LFE0
 285 00f5 01       		.byte	0x1
 286 00f6 5D       		.byte	0x5d
 287 00f7 09       		.uleb128 0x9
 288 00f8 D4000000 		.4byte	0xd4
 289 00fc 00000000 		.4byte	.LFB1
 290 0100 02000000 		.4byte	.LFE1
 291 0104 01       		.byte	0x1
 292 0105 5D       		.byte	0x5d
 293 0106 0A       		.uleb128 0xa
 294 0107 01       		.byte	0x1
 295 0108 4C000000 		.4byte	.LASF19
 296 010c 01       		.byte	0x1
 297 010d DB       		.byte	0xdb
 298 010e 01       		.byte	0x1
 299 010f 00000000 		.4byte	.LFB3
 300 0113 20000000 		.4byte	.LFE3
 301 0117 00000000 		.4byte	.LLST2
 302 011b 0B       		.uleb128 0xb
 303 011c 01       		.byte	0x1
 304 011d 3A000000 		.4byte	.LASF20
 305 0121 01       		.byte	0x1
 306 0122 AA       		.byte	0xaa
 307 0123 01       		.byte	0x1
 308 0124 00000000 		.4byte	.LFB2
 309 0128 1C000000 		.4byte	.LFE2
 310 012c 01       		.byte	0x1
 311 012d 5D       		.byte	0x5d
 312 012e 0C       		.uleb128 0xc
 313 012f D3000000 		.4byte	.LASF25
 314 0133 01       		.byte	0x1
 315 0134 18       		.byte	0x18
 316 0135 C9000000 		.4byte	0xc9
 317 0139 05       		.byte	0x5
 318 013a 03       		.byte	0x3
 319 013b 00000000 		.4byte	UART_Bridge_backup
 320 013f 00       		.byte	0x0
 321              		.section	.debug_abbrev
 322 0000 01       		.uleb128 0x1
 323 0001 11       		.uleb128 0x11
 324 0002 01       		.byte	0x1
 325 0003 25       		.uleb128 0x25
 326 0004 0E       		.uleb128 0xe
 327 0005 13       		.uleb128 0x13
 328 0006 0B       		.uleb128 0xb
 329 0007 03       		.uleb128 0x3
 330 0008 0E       		.uleb128 0xe
 331 0009 1B       		.uleb128 0x1b
 332 000a 0E       		.uleb128 0xe
 333 000b 11       		.uleb128 0x11
ARM GAS  C:\DOCUME~1\ADMINI~1\LOCALS~1\Temp\ccfOOdwj.s 			page 11


 334 000c 01       		.uleb128 0x1
 335 000d 52       		.uleb128 0x52
 336 000e 01       		.uleb128 0x1
 337 000f 55       		.uleb128 0x55
 338 0010 06       		.uleb128 0x6
 339 0011 10       		.uleb128 0x10
 340 0012 06       		.uleb128 0x6
 341 0013 00       		.byte	0x0
 342 0014 00       		.byte	0x0
 343 0015 02       		.uleb128 0x2
 344 0016 24       		.uleb128 0x24
 345 0017 00       		.byte	0x0
 346 0018 0B       		.uleb128 0xb
 347 0019 0B       		.uleb128 0xb
 348 001a 3E       		.uleb128 0x3e
 349 001b 0B       		.uleb128 0xb
 350 001c 03       		.uleb128 0x3
 351 001d 0E       		.uleb128 0xe
 352 001e 00       		.byte	0x0
 353 001f 00       		.byte	0x0
 354 0020 03       		.uleb128 0x3
 355 0021 24       		.uleb128 0x24
 356 0022 00       		.byte	0x0
 357 0023 0B       		.uleb128 0xb
 358 0024 0B       		.uleb128 0xb
 359 0025 3E       		.uleb128 0x3e
 360 0026 0B       		.uleb128 0xb
 361 0027 03       		.uleb128 0x3
 362 0028 08       		.uleb128 0x8
 363 0029 00       		.byte	0x0
 364 002a 00       		.byte	0x0
 365 002b 04       		.uleb128 0x4
 366 002c 16       		.uleb128 0x16
 367 002d 00       		.byte	0x0
 368 002e 03       		.uleb128 0x3
 369 002f 0E       		.uleb128 0xe
 370 0030 3A       		.uleb128 0x3a
 371 0031 0B       		.uleb128 0xb
 372 0032 3B       		.uleb128 0x3b
 373 0033 0B       		.uleb128 0xb
 374 0034 49       		.uleb128 0x49
 375 0035 13       		.uleb128 0x13
 376 0036 00       		.byte	0x0
 377 0037 00       		.byte	0x0
 378 0038 05       		.uleb128 0x5
 379 0039 24       		.uleb128 0x24
 380 003a 00       		.byte	0x0
 381 003b 0B       		.uleb128 0xb
 382 003c 0B       		.uleb128 0xb
 383 003d 3E       		.uleb128 0x3e
 384 003e 0B       		.uleb128 0xb
 385 003f 00       		.byte	0x0
 386 0040 00       		.byte	0x0
 387 0041 06       		.uleb128 0x6
 388 0042 13       		.uleb128 0x13
 389 0043 01       		.byte	0x1
 390 0044 03       		.uleb128 0x3
ARM GAS  C:\DOCUME~1\ADMINI~1\LOCALS~1\Temp\ccfOOdwj.s 			page 12


 391 0045 0E       		.uleb128 0xe
 392 0046 0B       		.uleb128 0xb
 393 0047 0B       		.uleb128 0xb
 394 0048 3A       		.uleb128 0x3a
 395 0049 0B       		.uleb128 0xb
 396 004a 3B       		.uleb128 0x3b
 397 004b 0B       		.uleb128 0xb
 398 004c 01       		.uleb128 0x1
 399 004d 13       		.uleb128 0x13
 400 004e 00       		.byte	0x0
 401 004f 00       		.byte	0x0
 402 0050 07       		.uleb128 0x7
 403 0051 0D       		.uleb128 0xd
 404 0052 00       		.byte	0x0
 405 0053 03       		.uleb128 0x3
 406 0054 0E       		.uleb128 0xe
 407 0055 3A       		.uleb128 0x3a
 408 0056 0B       		.uleb128 0xb
 409 0057 3B       		.uleb128 0x3b
 410 0058 0B       		.uleb128 0xb
 411 0059 49       		.uleb128 0x49
 412 005a 13       		.uleb128 0x13
 413 005b 38       		.uleb128 0x38
 414 005c 0A       		.uleb128 0xa
 415 005d 00       		.byte	0x0
 416 005e 00       		.byte	0x0
 417 005f 08       		.uleb128 0x8
 418 0060 2E       		.uleb128 0x2e
 419 0061 00       		.byte	0x0
 420 0062 3F       		.uleb128 0x3f
 421 0063 0C       		.uleb128 0xc
 422 0064 03       		.uleb128 0x3
 423 0065 0E       		.uleb128 0xe
 424 0066 3A       		.uleb128 0x3a
 425 0067 0B       		.uleb128 0xb
 426 0068 3B       		.uleb128 0x3b
 427 0069 0B       		.uleb128 0xb
 428 006a 27       		.uleb128 0x27
 429 006b 0C       		.uleb128 0xc
 430 006c 20       		.uleb128 0x20
 431 006d 0B       		.uleb128 0xb
 432 006e 00       		.byte	0x0
 433 006f 00       		.byte	0x0
 434 0070 09       		.uleb128 0x9
 435 0071 2E       		.uleb128 0x2e
 436 0072 00       		.byte	0x0
 437 0073 31       		.uleb128 0x31
 438 0074 13       		.uleb128 0x13
 439 0075 11       		.uleb128 0x11
 440 0076 01       		.uleb128 0x1
 441 0077 12       		.uleb128 0x12
 442 0078 01       		.uleb128 0x1
 443 0079 40       		.uleb128 0x40
 444 007a 0A       		.uleb128 0xa
 445 007b 00       		.byte	0x0
 446 007c 00       		.byte	0x0
 447 007d 0A       		.uleb128 0xa
ARM GAS  C:\DOCUME~1\ADMINI~1\LOCALS~1\Temp\ccfOOdwj.s 			page 13


 448 007e 2E       		.uleb128 0x2e
 449 007f 00       		.byte	0x0
 450 0080 3F       		.uleb128 0x3f
 451 0081 0C       		.uleb128 0xc
 452 0082 03       		.uleb128 0x3
 453 0083 0E       		.uleb128 0xe
 454 0084 3A       		.uleb128 0x3a
 455 0085 0B       		.uleb128 0xb
 456 0086 3B       		.uleb128 0x3b
 457 0087 0B       		.uleb128 0xb
 458 0088 27       		.uleb128 0x27
 459 0089 0C       		.uleb128 0xc
 460 008a 11       		.uleb128 0x11
 461 008b 01       		.uleb128 0x1
 462 008c 12       		.uleb128 0x12
 463 008d 01       		.uleb128 0x1
 464 008e 40       		.uleb128 0x40
 465 008f 06       		.uleb128 0x6
 466 0090 00       		.byte	0x0
 467 0091 00       		.byte	0x0
 468 0092 0B       		.uleb128 0xb
 469 0093 2E       		.uleb128 0x2e
 470 0094 00       		.byte	0x0
 471 0095 3F       		.uleb128 0x3f
 472 0096 0C       		.uleb128 0xc
 473 0097 03       		.uleb128 0x3
 474 0098 0E       		.uleb128 0xe
 475 0099 3A       		.uleb128 0x3a
 476 009a 0B       		.uleb128 0xb
 477 009b 3B       		.uleb128 0x3b
 478 009c 0B       		.uleb128 0xb
 479 009d 27       		.uleb128 0x27
 480 009e 0C       		.uleb128 0xc
 481 009f 11       		.uleb128 0x11
 482 00a0 01       		.uleb128 0x1
 483 00a1 12       		.uleb128 0x12
 484 00a2 01       		.uleb128 0x1
 485 00a3 40       		.uleb128 0x40
 486 00a4 0A       		.uleb128 0xa
 487 00a5 00       		.byte	0x0
 488 00a6 00       		.byte	0x0
 489 00a7 0C       		.uleb128 0xc
 490 00a8 34       		.uleb128 0x34
 491 00a9 00       		.byte	0x0
 492 00aa 03       		.uleb128 0x3
 493 00ab 0E       		.uleb128 0xe
 494 00ac 3A       		.uleb128 0x3a
 495 00ad 0B       		.uleb128 0xb
 496 00ae 3B       		.uleb128 0x3b
 497 00af 0B       		.uleb128 0xb
 498 00b0 49       		.uleb128 0x49
 499 00b1 13       		.uleb128 0x13
 500 00b2 02       		.uleb128 0x2
 501 00b3 0A       		.uleb128 0xa
 502 00b4 00       		.byte	0x0
 503 00b5 00       		.byte	0x0
 504 00b6 00       		.byte	0x0
ARM GAS  C:\DOCUME~1\ADMINI~1\LOCALS~1\Temp\ccfOOdwj.s 			page 14


 505              		.section	.debug_pubnames,"",%progbits
 506 0000 74000000 		.4byte	0x74
 507 0004 0200     		.2byte	0x2
 508 0006 00000000 		.4byte	.Ldebug_info0
 509 000a 40010000 		.4byte	0x140
 510 000e E8000000 		.4byte	0xe8
 511 0012 55415254 		.ascii	"UART_Bridge_SaveConfig\000"
 511      5F427269 
 511      6467655F 
 511      53617665 
 511      436F6E66 
 512 0029 F7000000 		.4byte	0xf7
 513 002d 55415254 		.ascii	"UART_Bridge_RestoreConfig\000"
 513      5F427269 
 513      6467655F 
 513      52657374 
 513      6F726543 
 514 0047 06010000 		.4byte	0x106
 515 004b 55415254 		.ascii	"UART_Bridge_Wakeup\000"
 515      5F427269 
 515      6467655F 
 515      57616B65 
 515      757000
 516 005e 1B010000 		.4byte	0x11b
 517 0062 55415254 		.ascii	"UART_Bridge_Sleep\000"
 517      5F427269 
 517      6467655F 
 517      536C6565 
 517      7000
 518 0074 00000000 		.4byte	0x0
 519              		.section	.debug_aranges,"",%progbits
 520 0000 34000000 		.4byte	0x34
 521 0004 0200     		.2byte	0x2
 522 0006 00000000 		.4byte	.Ldebug_info0
 523 000a 04       		.byte	0x4
 524 000b 00       		.byte	0x0
 525 000c 0000     		.2byte	0x0
 526 000e 0000     		.2byte	0x0
 527 0010 00000000 		.4byte	.LFB0
 528 0014 02000000 		.4byte	.LFE0-.LFB0
 529 0018 00000000 		.4byte	.LFB1
 530 001c 02000000 		.4byte	.LFE1-.LFB1
 531 0020 00000000 		.4byte	.LFB3
 532 0024 20000000 		.4byte	.LFE3-.LFB3
 533 0028 00000000 		.4byte	.LFB2
 534 002c 1C000000 		.4byte	.LFE2-.LFB2
 535 0030 00000000 		.4byte	0x0
 536 0034 00000000 		.4byte	0x0
 537              		.section	.debug_ranges,"",%progbits
 538              	.Ldebug_ranges0:
 539 0000 00000000 		.4byte	.Ltext0
 540 0004 00000000 		.4byte	.Letext0
 541 0008 00000000 		.4byte	.LFB0
 542 000c 02000000 		.4byte	.LFE0
 543 0010 00000000 		.4byte	.LFB1
 544 0014 02000000 		.4byte	.LFE1
 545 0018 00000000 		.4byte	.LFB3
ARM GAS  C:\DOCUME~1\ADMINI~1\LOCALS~1\Temp\ccfOOdwj.s 			page 15


 546 001c 20000000 		.4byte	.LFE3
 547 0020 00000000 		.4byte	.LFB2
 548 0024 1C000000 		.4byte	.LFE2
 549 0028 00000000 		.4byte	0x0
 550 002c 00000000 		.4byte	0x0
 551              		.section	.debug_str,"MS",%progbits,1
 552              	.LASF6:
 553 0000 6C6F6E67 		.ascii	"long long int\000"
 553      206C6F6E 
 553      6720696E 
 553      7400
 554              	.LASF3:
 555 000e 73686F72 		.ascii	"short unsigned int\000"
 555      7420756E 
 555      7369676E 
 555      65642069 
 555      6E7400
 556              	.LASF12:
 557 0021 656E6162 		.ascii	"enableState\000"
 557      6C655374 
 557      61746500 
 558              	.LASF8:
 559 002d 756E7369 		.ascii	"unsigned int\000"
 559      676E6564 
 559      20696E74 
 559      00
 560              	.LASF20:
 561 003a 55415254 		.ascii	"UART_Bridge_Sleep\000"
 561      5F427269 
 561      6467655F 
 561      536C6565 
 561      7000
 562              	.LASF19:
 563 004c 55415254 		.ascii	"UART_Bridge_Wakeup\000"
 563      5F427269 
 563      6467655F 
 563      57616B65 
 563      757000
 564              	.LASF17:
 565 005f 55415254 		.ascii	"UART_Bridge_RestoreConfig\000"
 565      5F427269 
 565      6467655F 
 565      52657374 
 565      6F726543 
 566              	.LASF5:
 567 0079 6C6F6E67 		.ascii	"long unsigned int\000"
 567      20756E73 
 567      69676E65 
 567      6420696E 
 567      7400
 568              	.LASF13:
 569 008b 72785F70 		.ascii	"rx_period\000"
 569      6572696F 
 569      6400
 570              	.LASF23:
 571 0095 5C5C7073 		.ascii	"\\\\psf\\Home\\Desktop\\KitProg version 2_03\\KitPr"
 571      665C486F 
ARM GAS  C:\DOCUME~1\ADMINI~1\LOCALS~1\Temp\ccfOOdwj.s 			page 16


 571      6D655C44 
 571      65736B74 
 571      6F705C4B 
 572 00c2 6F675C4B 		.ascii	"og\\KitProg.cydsn\000"
 572      69745072 
 572      6F672E63 
 572      7964736E 
 572      00
 573              	.LASF25:
 574 00d3 55415254 		.ascii	"UART_Bridge_backup\000"
 574      5F427269 
 574      6467655F 
 574      6261636B 
 574      757000
 575              	.LASF16:
 576 00e6 55415254 		.ascii	"UART_Bridge_BACKUP_STRUCT\000"
 576      5F427269 
 576      6467655F 
 576      4241434B 
 576      55505F53 
 577              	.LASF18:
 578 0100 55415254 		.ascii	"UART_Bridge_SaveConfig\000"
 578      5F427269 
 578      6467655F 
 578      53617665 
 578      436F6E66 
 579              	.LASF7:
 580 0117 6C6F6E67 		.ascii	"long long unsigned int\000"
 580      206C6F6E 
 580      6720756E 
 580      7369676E 
 580      65642069 
 581              	.LASF1:
 582 012e 756E7369 		.ascii	"unsigned char\000"
 582      676E6564 
 582      20636861 
 582      7200
 583              	.LASF22:
 584 013c 2E5C4765 		.ascii	".\\Generated_Source\\PSoC5\\UART_Bridge_PM.c\000"
 584      6E657261 
 584      7465645F 
 584      536F7572 
 584      63655C50 
 585              	.LASF4:
 586 0166 6C6F6E67 		.ascii	"long int\000"
 586      20696E74 
 586      00
 587              	.LASF10:
 588 016f 646F7562 		.ascii	"double\000"
 588      6C6500
 589              	.LASF21:
 590 0176 474E5520 		.ascii	"GNU C 4.4.1\000"
 590      4320342E 
 590      342E3100 
 591              	.LASF15:
 592 0182 75696E74 		.ascii	"uint8\000"
 592      3800
ARM GAS  C:\DOCUME~1\ADMINI~1\LOCALS~1\Temp\ccfOOdwj.s 			page 17


 593              	.LASF0:
 594 0188 7369676E 		.ascii	"signed char\000"
 594      65642063 
 594      68617200 
 595              	.LASF14:
 596 0194 74785F63 		.ascii	"tx_clk_ctr\000"
 596      6C6B5F63 
 596      747200
 597              	.LASF24:
 598 019f 55415254 		.ascii	"UART_Bridge_backupStruct_\000"
 598      5F427269 
 598      6467655F 
 598      6261636B 
 598      75705374 
 599              	.LASF9:
 600 01b9 666C6F61 		.ascii	"float\000"
 600      7400
 601              	.LASF2:
 602 01bf 73686F72 		.ascii	"short int\000"
 602      7420696E 
 602      7400
 603              	.LASF11:
 604 01c9 63686172 		.ascii	"char\000"
 604      00
 605              		.ident	"GCC: (Sourcery G++ Lite 2010q1-188) 4.4.1"
