ARM GAS  C:\DOCUME~1\ADMINI~1\LOCALS~1\Temp\ccoseb5I.s 			page 1


   1              		.syntax unified
   2              		.cpu cortex-m3
   3              		.fpu softvfp
   4              		.eabi_attribute 20, 1
   5              		.eabi_attribute 21, 1
   6              		.eabi_attribute 23, 3
   7              		.eabi_attribute 24, 1
   8              		.eabi_attribute 25, 1
   9              		.eabi_attribute 26, 1
  10              		.eabi_attribute 30, 4
  11              		.eabi_attribute 18, 4
  12              		.thumb
  13              		.file	"USBFS_episr.c"
  14              		.section	.debug_abbrev,"",%progbits
  15              	.Ldebug_abbrev0:
  16              		.section	.debug_info,"",%progbits
  17              	.Ldebug_info0:
  18              		.section	.debug_line,"",%progbits
  19              	.Ldebug_line0:
  20 0000 4F010000 		.text
  20      02006F00 
  20      00000201 
  20      FB0E0D00 
  20      01010101 
  21              	.Ltext0:
  22              		.cfi_sections	.debug_frame
  23              		.section	.text.USBFS_EP_1_ISR,"ax",%progbits
  24              		.align	1
  25              		.global	USBFS_EP_1_ISR
  26              		.thumb
  27              		.thumb_func
  28              		.type	USBFS_EP_1_ISR, %function
  29              	USBFS_EP_1_ISR:
  30              	.LFB0:
  31              		.file 1 ".\\Generated_Source\\PSoC5\\USBFS_episr.c"
   1:.\Generated_Source\PSoC5/USBFS_episr.c **** /*******************************************************************************
   2:.\Generated_Source\PSoC5/USBFS_episr.c **** * File Name: USBFS_episr.c
   3:.\Generated_Source\PSoC5/USBFS_episr.c **** * Version 2.50
   4:.\Generated_Source\PSoC5/USBFS_episr.c **** *
   5:.\Generated_Source\PSoC5/USBFS_episr.c **** * Description:
   6:.\Generated_Source\PSoC5/USBFS_episr.c **** *  Data endpoint Interrupt Service Routines
   7:.\Generated_Source\PSoC5/USBFS_episr.c **** *
   8:.\Generated_Source\PSoC5/USBFS_episr.c **** * Note:
   9:.\Generated_Source\PSoC5/USBFS_episr.c **** *
  10:.\Generated_Source\PSoC5/USBFS_episr.c **** ********************************************************************************
  11:.\Generated_Source\PSoC5/USBFS_episr.c **** * Copyright 2008-2012, Cypress Semiconductor Corporation.  All rights reserved.
  12:.\Generated_Source\PSoC5/USBFS_episr.c **** * You may use this file only in accordance with the license, terms, conditions,
  13:.\Generated_Source\PSoC5/USBFS_episr.c **** * disclaimers, and limitations in the end user license agreement accompanying
  14:.\Generated_Source\PSoC5/USBFS_episr.c **** * the software package with which this file was provided.
  15:.\Generated_Source\PSoC5/USBFS_episr.c **** *******************************************************************************/
  16:.\Generated_Source\PSoC5/USBFS_episr.c **** 
  17:.\Generated_Source\PSoC5/USBFS_episr.c **** #include "USBFS.h"
  18:.\Generated_Source\PSoC5/USBFS_episr.c **** 
  19:.\Generated_Source\PSoC5/USBFS_episr.c **** 
  20:.\Generated_Source\PSoC5/USBFS_episr.c **** /***************************************
  21:.\Generated_Source\PSoC5/USBFS_episr.c **** * Custom Declarations
  22:.\Generated_Source\PSoC5/USBFS_episr.c **** ***************************************/
ARM GAS  C:\DOCUME~1\ADMINI~1\LOCALS~1\Temp\ccoseb5I.s 			page 2


  23:.\Generated_Source\PSoC5/USBFS_episr.c **** /* `#START CUSTOM_DECLARATIONS` Place your declaration here */
  24:.\Generated_Source\PSoC5/USBFS_episr.c **** extern volatile uint8 bUSBResetDetected;
  25:.\Generated_Source\PSoC5/USBFS_episr.c **** /* `#END` */
  26:.\Generated_Source\PSoC5/USBFS_episr.c **** 
  27:.\Generated_Source\PSoC5/USBFS_episr.c **** 
  28:.\Generated_Source\PSoC5/USBFS_episr.c **** /***************************************
  29:.\Generated_Source\PSoC5/USBFS_episr.c **** * External function references
  30:.\Generated_Source\PSoC5/USBFS_episr.c **** ***************************************/
  31:.\Generated_Source\PSoC5/USBFS_episr.c **** 
  32:.\Generated_Source\PSoC5/USBFS_episr.c **** void USBFS_InitComponent(uint8 device, uint8 mode) ;
  33:.\Generated_Source\PSoC5/USBFS_episr.c **** void USBFS_ReInitComponent(void) ;
  34:.\Generated_Source\PSoC5/USBFS_episr.c **** #if defined(USBFS_ENABLE_MIDI_STREAMING) && (USBFS_ENABLE_MIDI_API != 0u)
  35:.\Generated_Source\PSoC5/USBFS_episr.c ****     void USBFS_MIDI_OUT_EP_Service(void) ;
  36:.\Generated_Source\PSoC5/USBFS_episr.c **** #endif /* End USBFS_ENABLE_MIDI_STREAMING*/
  37:.\Generated_Source\PSoC5/USBFS_episr.c **** 
  38:.\Generated_Source\PSoC5/USBFS_episr.c **** 
  39:.\Generated_Source\PSoC5/USBFS_episr.c **** /***************************************
  40:.\Generated_Source\PSoC5/USBFS_episr.c **** * External references
  41:.\Generated_Source\PSoC5/USBFS_episr.c **** ***************************************/
  42:.\Generated_Source\PSoC5/USBFS_episr.c **** 
  43:.\Generated_Source\PSoC5/USBFS_episr.c **** extern volatile T_USBFS_EP_CTL_BLOCK USBFS_EP[];
  44:.\Generated_Source\PSoC5/USBFS_episr.c **** extern volatile uint8 USBFS_device;
  45:.\Generated_Source\PSoC5/USBFS_episr.c **** #if defined(USBFS_ENABLE_MIDI_STREAMING) && (USBFS_ENABLE_MIDI_API != 0u)
  46:.\Generated_Source\PSoC5/USBFS_episr.c ****     extern volatile uint8 USBFS_midi_out_ep;
  47:.\Generated_Source\PSoC5/USBFS_episr.c ****     extern volatile uint8 USBFS_midi_in_ep;
  48:.\Generated_Source\PSoC5/USBFS_episr.c ****     #if USBFS_MIDI_IN_BUFF_SIZE >= 256
  49:.\Generated_Source\PSoC5/USBFS_episr.c ****         extern volatile uint16 USBFS_midiInPointer;     /* Input endpoint buffer pointer */
  50:.\Generated_Source\PSoC5/USBFS_episr.c ****     #else
  51:.\Generated_Source\PSoC5/USBFS_episr.c ****         extern volatile uint8 USBFS_midiInPointer;      /* Input endpoint buffer pointer */
  52:.\Generated_Source\PSoC5/USBFS_episr.c ****     #endif /* End USBFS_MIDI_IN_BUFF_SIZE >=256 */    
  53:.\Generated_Source\PSoC5/USBFS_episr.c **** #endif /* End USBFS_ENABLE_MIDI_STREAMING*/
  54:.\Generated_Source\PSoC5/USBFS_episr.c **** 
  55:.\Generated_Source\PSoC5/USBFS_episr.c **** #if(USBFS_EP1_ISR_REMOVE == 0u)
  56:.\Generated_Source\PSoC5/USBFS_episr.c **** 
  57:.\Generated_Source\PSoC5/USBFS_episr.c **** 
  58:.\Generated_Source\PSoC5/USBFS_episr.c ****     /******************************************************************************
  59:.\Generated_Source\PSoC5/USBFS_episr.c ****     * Function Name: USBFS_EP_1_ISR
  60:.\Generated_Source\PSoC5/USBFS_episr.c ****     *******************************************************************************
  61:.\Generated_Source\PSoC5/USBFS_episr.c ****     *
  62:.\Generated_Source\PSoC5/USBFS_episr.c ****     * Summary:
  63:.\Generated_Source\PSoC5/USBFS_episr.c ****     *  Endpoint 1 Interrupt Service Routine
  64:.\Generated_Source\PSoC5/USBFS_episr.c ****     *
  65:.\Generated_Source\PSoC5/USBFS_episr.c ****     * Parameters:
  66:.\Generated_Source\PSoC5/USBFS_episr.c ****     *  None.
  67:.\Generated_Source\PSoC5/USBFS_episr.c ****     *
  68:.\Generated_Source\PSoC5/USBFS_episr.c ****     * Return:
  69:.\Generated_Source\PSoC5/USBFS_episr.c ****     *  None.
  70:.\Generated_Source\PSoC5/USBFS_episr.c ****     *
  71:.\Generated_Source\PSoC5/USBFS_episr.c ****     ******************************************************************************/
  72:.\Generated_Source\PSoC5/USBFS_episr.c ****     CY_ISR(USBFS_EP_1_ISR)
  73:.\Generated_Source\PSoC5/USBFS_episr.c ****     {
  32              		.loc 1 73 0
  33              		.cfi_startproc
  34              		@ args = 0, pretend = 0, frame = 0
  35              		@ frame_needed = 0, uses_anonymous_args = 0
  36              		@ link register save eliminated.
  74:.\Generated_Source\PSoC5/USBFS_episr.c ****         #if defined(USBFS_ENABLE_MIDI_STREAMING) && (USBFS_ENABLE_MIDI_API != 0u) && \
ARM GAS  C:\DOCUME~1\ADMINI~1\LOCALS~1\Temp\ccoseb5I.s 			page 3


  75:.\Generated_Source\PSoC5/USBFS_episr.c ****             (USBFS_EP_MM == USBFS__EP_DMAAUTO) && (CY_PSOC3)
  76:.\Generated_Source\PSoC5/USBFS_episr.c ****             uint8 int_en;
  77:.\Generated_Source\PSoC5/USBFS_episr.c ****         #endif /* CY_PSOC3 & ENABLE_MIDI_STREAMING */
  78:.\Generated_Source\PSoC5/USBFS_episr.c ****     
  79:.\Generated_Source\PSoC5/USBFS_episr.c ****         /* `#START EP1_USER_CODE` Place your code here */
  80:.\Generated_Source\PSoC5/USBFS_episr.c **** 
  81:.\Generated_Source\PSoC5/USBFS_episr.c ****         /* `#END` */
  82:.\Generated_Source\PSoC5/USBFS_episr.c **** 
  83:.\Generated_Source\PSoC5/USBFS_episr.c ****         #if defined(USBFS_ENABLE_MIDI_STREAMING) && (USBFS_ENABLE_MIDI_API != 0u) && \
  84:.\Generated_Source\PSoC5/USBFS_episr.c ****             (USBFS_EP_MM == USBFS__EP_DMAAUTO) && (CY_PSOC3)
  85:.\Generated_Source\PSoC5/USBFS_episr.c ****             int_en = EA;
  86:.\Generated_Source\PSoC5/USBFS_episr.c ****             CyGlobalIntEnable;  /* Make sure nested interrupt is enabled */
  87:.\Generated_Source\PSoC5/USBFS_episr.c ****         #endif /* CY_PSOC3 & ENABLE_MIDI_STREAMING */
  88:.\Generated_Source\PSoC5/USBFS_episr.c **** 
  89:.\Generated_Source\PSoC5/USBFS_episr.c ****         CY_GET_REG8(USBFS_SIE_EP1_CR0_PTR); /* Must read the mode reg */
  37              		.loc 1 89 0
  38 0000 0A4B     		ldr	r3, .L5
  39 0002 1B78     		ldrb	r3, [r3, #0]	@ zero_extendqisi2
  90:.\Generated_Source\PSoC5/USBFS_episr.c ****         /* Do not toggle ISOC endpoint */
  91:.\Generated_Source\PSoC5/USBFS_episr.c ****         if((USBFS_EP[USBFS_EP1].attrib & USBFS_EP_TYPE_MASK) !=
  40              		.loc 1 91 0
  41 0004 0A4B     		ldr	r3, .L5+4
  42 0006 1A7B     		ldrb	r2, [r3, #12]	@ zero_extendqisi2
  43 0008 02F00302 		and	r2, r2, #3
  44 000c 012A     		cmp	r2, #1
  45 000e 03D0     		beq	.L2
  92:.\Generated_Source\PSoC5/USBFS_episr.c ****                                                                                     USBFS_EP_TYPE_I
  93:.\Generated_Source\PSoC5/USBFS_episr.c ****         {
  94:.\Generated_Source\PSoC5/USBFS_episr.c ****             USBFS_EP[USBFS_EP1].epToggle ^= USBFS_EPX_CNT_DATA_TOGGLE;
  46              		.loc 1 94 0
  47 0010 DA7B     		ldrb	r2, [r3, #15]	@ zero_extendqisi2
  48 0012 82F08002 		eor	r2, r2, #128
  49 0016 DA73     		strb	r2, [r3, #15]
  50              	.L2:
  95:.\Generated_Source\PSoC5/USBFS_episr.c ****         }
  96:.\Generated_Source\PSoC5/USBFS_episr.c ****         USBFS_EP[USBFS_EP1].apiEpState = USBFS_EVENT_PENDING;
  51              		.loc 1 96 0
  52 0018 054B     		ldr	r3, .L5+4
  53 001a 0122     		movs	r2, #1
  54 001c 5A73     		strb	r2, [r3, #13]
  97:.\Generated_Source\PSoC5/USBFS_episr.c ****         CY_SET_REG8(USBFS_SIE_EP_INT_SR_PTR, CY_GET_REG8(USBFS_SIE_EP_INT_SR_PTR)
  55              		.loc 1 97 0
  56 001e 054B     		ldr	r3, .L5+8
  57 0020 1A78     		ldrb	r2, [r3, #0]	@ zero_extendqisi2
  58 0022 02F0FE02 		and	r2, r2, #254
  59 0026 1A70     		strb	r2, [r3, #0]
  98:.\Generated_Source\PSoC5/USBFS_episr.c ****                                                                             & ~USBFS_SIE_EP_INT_EP1
  99:.\Generated_Source\PSoC5/USBFS_episr.c **** 
 100:.\Generated_Source\PSoC5/USBFS_episr.c ****         #if defined(USBFS_ENABLE_MIDI_STREAMING) && (USBFS_ENABLE_MIDI_API != 0u) && \
 101:.\Generated_Source\PSoC5/USBFS_episr.c ****             (USBFS_EP_MM == USBFS__EP_DMAAUTO) 
 102:.\Generated_Source\PSoC5/USBFS_episr.c ****             if(USBFS_midi_out_ep == USBFS_EP1)
 103:.\Generated_Source\PSoC5/USBFS_episr.c ****             {
 104:.\Generated_Source\PSoC5/USBFS_episr.c ****                 USBFS_MIDI_OUT_EP_Service();
 105:.\Generated_Source\PSoC5/USBFS_episr.c ****             }   
 106:.\Generated_Source\PSoC5/USBFS_episr.c ****         #endif /* End USBFS_ENABLE_MIDI_STREAMING*/
 107:.\Generated_Source\PSoC5/USBFS_episr.c **** 
 108:.\Generated_Source\PSoC5/USBFS_episr.c ****         /* `#START EP1_END_USER_CODE` Place your code here */
ARM GAS  C:\DOCUME~1\ADMINI~1\LOCALS~1\Temp\ccoseb5I.s 			page 4


 109:.\Generated_Source\PSoC5/USBFS_episr.c **** 
 110:.\Generated_Source\PSoC5/USBFS_episr.c ****         /* `#END` */
 111:.\Generated_Source\PSoC5/USBFS_episr.c **** 
 112:.\Generated_Source\PSoC5/USBFS_episr.c ****         #if defined(USBFS_ENABLE_MIDI_STREAMING) && (USBFS_ENABLE_MIDI_API != 0u) && \
 113:.\Generated_Source\PSoC5/USBFS_episr.c ****             (USBFS_EP_MM == USBFS__EP_DMAAUTO) && (CY_PSOC3)
 114:.\Generated_Source\PSoC5/USBFS_episr.c ****             EA = int_en;
 115:.\Generated_Source\PSoC5/USBFS_episr.c ****         #endif /* CY_PSOC3 & ENABLE_MIDI_STREAMING */
 116:.\Generated_Source\PSoC5/USBFS_episr.c ****     }
  60              		.loc 1 116 0
  61 0028 7047     		bx	lr
  62              	.L6:
  63 002a 00BF     		.align	2
  64              	.L5:
  65 002c 0E600040 		.word	1073766414
  66 0030 00000000 		.word	USBFS_EP
  67 0034 0B600040 		.word	1073766411
  68              		.cfi_endproc
  69              	.LFE0:
  70              		.size	USBFS_EP_1_ISR, .-USBFS_EP_1_ISR
  71              		.section	.text.USBFS_EP_2_ISR,"ax",%progbits
  72              		.align	1
  73              		.global	USBFS_EP_2_ISR
  74              		.thumb
  75              		.thumb_func
  76              		.type	USBFS_EP_2_ISR, %function
  77              	USBFS_EP_2_ISR:
  78              	.LFB1:
 117:.\Generated_Source\PSoC5/USBFS_episr.c **** 
 118:.\Generated_Source\PSoC5/USBFS_episr.c **** #endif   /* End USBFS_EP1_ISR_REMOVE */
 119:.\Generated_Source\PSoC5/USBFS_episr.c **** 
 120:.\Generated_Source\PSoC5/USBFS_episr.c **** 
 121:.\Generated_Source\PSoC5/USBFS_episr.c **** #if(USBFS_EP2_ISR_REMOVE == 0u)
 122:.\Generated_Source\PSoC5/USBFS_episr.c **** 
 123:.\Generated_Source\PSoC5/USBFS_episr.c ****     /*******************************************************************************
 124:.\Generated_Source\PSoC5/USBFS_episr.c ****     * Function Name: USBFS_EP_2_ISR
 125:.\Generated_Source\PSoC5/USBFS_episr.c ****     ********************************************************************************
 126:.\Generated_Source\PSoC5/USBFS_episr.c ****     *
 127:.\Generated_Source\PSoC5/USBFS_episr.c ****     * Summary:
 128:.\Generated_Source\PSoC5/USBFS_episr.c ****     *  Endpoint 2 Interrupt Service Routine
 129:.\Generated_Source\PSoC5/USBFS_episr.c ****     *
 130:.\Generated_Source\PSoC5/USBFS_episr.c ****     * Parameters:
 131:.\Generated_Source\PSoC5/USBFS_episr.c ****     *  None.
 132:.\Generated_Source\PSoC5/USBFS_episr.c ****     *
 133:.\Generated_Source\PSoC5/USBFS_episr.c ****     * Return:
 134:.\Generated_Source\PSoC5/USBFS_episr.c ****     *  None.
 135:.\Generated_Source\PSoC5/USBFS_episr.c ****     *
 136:.\Generated_Source\PSoC5/USBFS_episr.c ****     *******************************************************************************/
 137:.\Generated_Source\PSoC5/USBFS_episr.c ****     CY_ISR(USBFS_EP_2_ISR)
 138:.\Generated_Source\PSoC5/USBFS_episr.c ****     {
  79              		.loc 1 138 0
  80              		.cfi_startproc
  81              		@ args = 0, pretend = 0, frame = 0
  82              		@ frame_needed = 0, uses_anonymous_args = 0
  83              		@ link register save eliminated.
 139:.\Generated_Source\PSoC5/USBFS_episr.c ****         #if defined(USBFS_ENABLE_MIDI_STREAMING) && (USBFS_ENABLE_MIDI_API != 0u) && \
 140:.\Generated_Source\PSoC5/USBFS_episr.c ****             (USBFS_EP_MM == USBFS__EP_DMAAUTO) && (CY_PSOC3)
 141:.\Generated_Source\PSoC5/USBFS_episr.c ****             uint8 int_en;
ARM GAS  C:\DOCUME~1\ADMINI~1\LOCALS~1\Temp\ccoseb5I.s 			page 5


 142:.\Generated_Source\PSoC5/USBFS_episr.c ****         #endif /* CY_PSOC3 & ENABLE_MIDI_STREAMING */
 143:.\Generated_Source\PSoC5/USBFS_episr.c ****     
 144:.\Generated_Source\PSoC5/USBFS_episr.c ****         /* `#START EP2_USER_CODE` Place your code here */
 145:.\Generated_Source\PSoC5/USBFS_episr.c **** 
 146:.\Generated_Source\PSoC5/USBFS_episr.c ****         /* `#END` */
 147:.\Generated_Source\PSoC5/USBFS_episr.c **** 
 148:.\Generated_Source\PSoC5/USBFS_episr.c ****         #if defined(USBFS_ENABLE_MIDI_STREAMING) && (USBFS_ENABLE_MIDI_API != 0u) && \
 149:.\Generated_Source\PSoC5/USBFS_episr.c ****             (USBFS_EP_MM == USBFS__EP_DMAAUTO) && (CY_PSOC3)
 150:.\Generated_Source\PSoC5/USBFS_episr.c ****             int_en = EA;
 151:.\Generated_Source\PSoC5/USBFS_episr.c ****             CyGlobalIntEnable;  /* Make sure nested interrupt is enabled */
 152:.\Generated_Source\PSoC5/USBFS_episr.c ****         #endif /* CY_PSOC3 & ENABLE_MIDI_STREAMING */
 153:.\Generated_Source\PSoC5/USBFS_episr.c **** 
 154:.\Generated_Source\PSoC5/USBFS_episr.c ****         CY_GET_REG8(USBFS_SIE_EP2_CR0_PTR); /* Must read the mode reg */
  84              		.loc 1 154 0
  85 0000 0A4B     		ldr	r3, .L10
  86 0002 1B78     		ldrb	r3, [r3, #0]	@ zero_extendqisi2
 155:.\Generated_Source\PSoC5/USBFS_episr.c ****         /* Do not toggle ISOC endpoint */
 156:.\Generated_Source\PSoC5/USBFS_episr.c ****         if((USBFS_EP[USBFS_EP2].attrib & USBFS_EP_TYPE_MASK) !=
  87              		.loc 1 156 0
  88 0004 0A4B     		ldr	r3, .L10+4
  89 0006 1A7E     		ldrb	r2, [r3, #24]	@ zero_extendqisi2
  90 0008 02F00302 		and	r2, r2, #3
  91 000c 012A     		cmp	r2, #1
  92 000e 03D0     		beq	.L8
 157:.\Generated_Source\PSoC5/USBFS_episr.c ****                                                                                     USBFS_EP_TYPE_I
 158:.\Generated_Source\PSoC5/USBFS_episr.c ****         {
 159:.\Generated_Source\PSoC5/USBFS_episr.c ****             USBFS_EP[USBFS_EP2].epToggle ^= USBFS_EPX_CNT_DATA_TOGGLE;
  93              		.loc 1 159 0
  94 0010 DA7E     		ldrb	r2, [r3, #27]	@ zero_extendqisi2
  95 0012 82F08002 		eor	r2, r2, #128
  96 0016 DA76     		strb	r2, [r3, #27]
  97              	.L8:
 160:.\Generated_Source\PSoC5/USBFS_episr.c ****         }
 161:.\Generated_Source\PSoC5/USBFS_episr.c ****         USBFS_EP[USBFS_EP2].apiEpState = USBFS_EVENT_PENDING;
  98              		.loc 1 161 0
  99 0018 054B     		ldr	r3, .L10+4
 100 001a 0122     		movs	r2, #1
 101 001c 5A76     		strb	r2, [r3, #25]
 162:.\Generated_Source\PSoC5/USBFS_episr.c ****         CY_SET_REG8(USBFS_SIE_EP_INT_SR_PTR, CY_GET_REG8(USBFS_SIE_EP_INT_SR_PTR)
 102              		.loc 1 162 0
 103 001e 054B     		ldr	r3, .L10+8
 104 0020 1A78     		ldrb	r2, [r3, #0]	@ zero_extendqisi2
 105 0022 02F0FD02 		and	r2, r2, #253
 106 0026 1A70     		strb	r2, [r3, #0]
 163:.\Generated_Source\PSoC5/USBFS_episr.c ****                                                                         & ~USBFS_SIE_EP_INT_EP2_MAS
 164:.\Generated_Source\PSoC5/USBFS_episr.c **** 
 165:.\Generated_Source\PSoC5/USBFS_episr.c ****         #if defined(USBFS_ENABLE_MIDI_STREAMING) && (USBFS_ENABLE_MIDI_API != 0u) && \
 166:.\Generated_Source\PSoC5/USBFS_episr.c ****             (USBFS_EP_MM == USBFS__EP_DMAAUTO)
 167:.\Generated_Source\PSoC5/USBFS_episr.c ****             if(USBFS_midi_out_ep == USBFS_EP2)
 168:.\Generated_Source\PSoC5/USBFS_episr.c ****             {
 169:.\Generated_Source\PSoC5/USBFS_episr.c ****                 USBFS_MIDI_OUT_EP_Service();
 170:.\Generated_Source\PSoC5/USBFS_episr.c ****             }   
 171:.\Generated_Source\PSoC5/USBFS_episr.c ****         #endif /* End USBFS_ENABLE_MIDI_STREAMING*/
 172:.\Generated_Source\PSoC5/USBFS_episr.c **** 
 173:.\Generated_Source\PSoC5/USBFS_episr.c ****         /* `#START EP2_END_USER_CODE` Place your code here */
 174:.\Generated_Source\PSoC5/USBFS_episr.c **** 
 175:.\Generated_Source\PSoC5/USBFS_episr.c ****         /* `#END` */
ARM GAS  C:\DOCUME~1\ADMINI~1\LOCALS~1\Temp\ccoseb5I.s 			page 6


 176:.\Generated_Source\PSoC5/USBFS_episr.c **** 
 177:.\Generated_Source\PSoC5/USBFS_episr.c ****         #if defined(USBFS_ENABLE_MIDI_STREAMING) && (USBFS_ENABLE_MIDI_API != 0u) && \
 178:.\Generated_Source\PSoC5/USBFS_episr.c ****             (USBFS_EP_MM == USBFS__EP_DMAAUTO) && (CY_PSOC3)
 179:.\Generated_Source\PSoC5/USBFS_episr.c ****             EA = int_en;
 180:.\Generated_Source\PSoC5/USBFS_episr.c ****         #endif /* CY_PSOC3 & ENABLE_MIDI_STREAMING */
 181:.\Generated_Source\PSoC5/USBFS_episr.c ****     }
 107              		.loc 1 181 0
 108 0028 7047     		bx	lr
 109              	.L11:
 110 002a 00BF     		.align	2
 111              	.L10:
 112 002c 1E600040 		.word	1073766430
 113 0030 00000000 		.word	USBFS_EP
 114 0034 0B600040 		.word	1073766411
 115              		.cfi_endproc
 116              	.LFE1:
 117              		.size	USBFS_EP_2_ISR, .-USBFS_EP_2_ISR
 118              		.section	.text.USBFS_EP_3_ISR,"ax",%progbits
 119              		.align	1
 120              		.global	USBFS_EP_3_ISR
 121              		.thumb
 122              		.thumb_func
 123              		.type	USBFS_EP_3_ISR, %function
 124              	USBFS_EP_3_ISR:
 125              	.LFB2:
 182:.\Generated_Source\PSoC5/USBFS_episr.c **** 
 183:.\Generated_Source\PSoC5/USBFS_episr.c **** #endif   /* End USBFS_EP2_ISR_REMOVE */
 184:.\Generated_Source\PSoC5/USBFS_episr.c **** 
 185:.\Generated_Source\PSoC5/USBFS_episr.c **** 
 186:.\Generated_Source\PSoC5/USBFS_episr.c **** #if(USBFS_EP3_ISR_REMOVE == 0u)
 187:.\Generated_Source\PSoC5/USBFS_episr.c **** 
 188:.\Generated_Source\PSoC5/USBFS_episr.c ****     /*******************************************************************************
 189:.\Generated_Source\PSoC5/USBFS_episr.c ****     * Function Name: USBFS_EP_3_ISR
 190:.\Generated_Source\PSoC5/USBFS_episr.c ****     ********************************************************************************
 191:.\Generated_Source\PSoC5/USBFS_episr.c ****     *
 192:.\Generated_Source\PSoC5/USBFS_episr.c ****     * Summary:
 193:.\Generated_Source\PSoC5/USBFS_episr.c ****     *  Endpoint 3 Interrupt Service Routine
 194:.\Generated_Source\PSoC5/USBFS_episr.c ****     *
 195:.\Generated_Source\PSoC5/USBFS_episr.c ****     * Parameters:
 196:.\Generated_Source\PSoC5/USBFS_episr.c ****     *  None.
 197:.\Generated_Source\PSoC5/USBFS_episr.c ****     *
 198:.\Generated_Source\PSoC5/USBFS_episr.c ****     * Return:
 199:.\Generated_Source\PSoC5/USBFS_episr.c ****     *  None.
 200:.\Generated_Source\PSoC5/USBFS_episr.c ****     *
 201:.\Generated_Source\PSoC5/USBFS_episr.c ****     *******************************************************************************/
 202:.\Generated_Source\PSoC5/USBFS_episr.c ****     CY_ISR(USBFS_EP_3_ISR)
 203:.\Generated_Source\PSoC5/USBFS_episr.c ****     {
 126              		.loc 1 203 0
 127              		.cfi_startproc
 128              		@ args = 0, pretend = 0, frame = 0
 129              		@ frame_needed = 0, uses_anonymous_args = 0
 130              		@ link register save eliminated.
 204:.\Generated_Source\PSoC5/USBFS_episr.c ****         #if defined(USBFS_ENABLE_MIDI_STREAMING) && (USBFS_ENABLE_MIDI_API != 0u) && \
 205:.\Generated_Source\PSoC5/USBFS_episr.c ****             (USBFS_EP_MM == USBFS__EP_DMAAUTO) && (CY_PSOC3)
 206:.\Generated_Source\PSoC5/USBFS_episr.c ****             uint8 int_en;
 207:.\Generated_Source\PSoC5/USBFS_episr.c ****         #endif /* CY_PSOC3 & ENABLE_MIDI_STREAMING */
 208:.\Generated_Source\PSoC5/USBFS_episr.c ****     
ARM GAS  C:\DOCUME~1\ADMINI~1\LOCALS~1\Temp\ccoseb5I.s 			page 7


 209:.\Generated_Source\PSoC5/USBFS_episr.c ****         /* `#START EP3_USER_CODE` Place your code here */
 210:.\Generated_Source\PSoC5/USBFS_episr.c **** 
 211:.\Generated_Source\PSoC5/USBFS_episr.c ****         /* `#END` */
 212:.\Generated_Source\PSoC5/USBFS_episr.c **** 
 213:.\Generated_Source\PSoC5/USBFS_episr.c ****         #if defined(USBFS_ENABLE_MIDI_STREAMING) && (USBFS_ENABLE_MIDI_API != 0u) && \
 214:.\Generated_Source\PSoC5/USBFS_episr.c ****             (USBFS_EP_MM == USBFS__EP_DMAAUTO) && (CY_PSOC3)
 215:.\Generated_Source\PSoC5/USBFS_episr.c ****             int_en = EA;
 216:.\Generated_Source\PSoC5/USBFS_episr.c ****             CyGlobalIntEnable;  /* Make sure nested interrupt is enabled */
 217:.\Generated_Source\PSoC5/USBFS_episr.c ****         #endif /* CY_PSOC3 & ENABLE_MIDI_STREAMING */
 218:.\Generated_Source\PSoC5/USBFS_episr.c **** 
 219:.\Generated_Source\PSoC5/USBFS_episr.c ****         CY_GET_REG8(USBFS_SIE_EP3_CR0_PTR); /* Must read the mode reg */
 131              		.loc 1 219 0
 132 0000 0C4B     		ldr	r3, .L15
 133 0002 1B78     		ldrb	r3, [r3, #0]	@ zero_extendqisi2
 220:.\Generated_Source\PSoC5/USBFS_episr.c ****         /* Do not toggle ISOC endpoint */
 221:.\Generated_Source\PSoC5/USBFS_episr.c ****         if((USBFS_EP[USBFS_EP3].attrib & USBFS_EP_TYPE_MASK) !=
 134              		.loc 1 221 0
 135 0004 0C4B     		ldr	r3, .L15+4
 136 0006 93F82420 		ldrb	r2, [r3, #36]	@ zero_extendqisi2
 137 000a 02F00302 		and	r2, r2, #3
 138 000e 012A     		cmp	r2, #1
 139 0010 05D0     		beq	.L13
 222:.\Generated_Source\PSoC5/USBFS_episr.c ****                                                                                     USBFS_EP_TYPE_I
 223:.\Generated_Source\PSoC5/USBFS_episr.c ****         {
 224:.\Generated_Source\PSoC5/USBFS_episr.c ****             USBFS_EP[USBFS_EP3].epToggle ^= USBFS_EPX_CNT_DATA_TOGGLE;
 140              		.loc 1 224 0
 141 0012 93F82720 		ldrb	r2, [r3, #39]	@ zero_extendqisi2
 142 0016 82F08002 		eor	r2, r2, #128
 143 001a 83F82720 		strb	r2, [r3, #39]
 144              	.L13:
 225:.\Generated_Source\PSoC5/USBFS_episr.c ****         }
 226:.\Generated_Source\PSoC5/USBFS_episr.c ****         USBFS_EP[USBFS_EP3].apiEpState = USBFS_EVENT_PENDING;
 145              		.loc 1 226 0
 146 001e 064B     		ldr	r3, .L15+4
 147 0020 0122     		movs	r2, #1
 148 0022 83F82520 		strb	r2, [r3, #37]
 227:.\Generated_Source\PSoC5/USBFS_episr.c ****         CY_SET_REG8(USBFS_SIE_EP_INT_SR_PTR, CY_GET_REG8(USBFS_SIE_EP_INT_SR_PTR)
 149              		.loc 1 227 0
 150 0026 054B     		ldr	r3, .L15+8
 151 0028 1A78     		ldrb	r2, [r3, #0]	@ zero_extendqisi2
 152 002a 02F0FB02 		and	r2, r2, #251
 153 002e 1A70     		strb	r2, [r3, #0]
 228:.\Generated_Source\PSoC5/USBFS_episr.c ****                                                                         & ~USBFS_SIE_EP_INT_EP3_MAS
 229:.\Generated_Source\PSoC5/USBFS_episr.c **** 
 230:.\Generated_Source\PSoC5/USBFS_episr.c ****         #if defined(USBFS_ENABLE_MIDI_STREAMING) && (USBFS_ENABLE_MIDI_API != 0u) && \
 231:.\Generated_Source\PSoC5/USBFS_episr.c ****             (USBFS_EP_MM == USBFS__EP_DMAAUTO) 
 232:.\Generated_Source\PSoC5/USBFS_episr.c ****             if(USBFS_midi_out_ep == USBFS_EP3)
 233:.\Generated_Source\PSoC5/USBFS_episr.c ****             {
 234:.\Generated_Source\PSoC5/USBFS_episr.c ****                 USBFS_MIDI_OUT_EP_Service();
 235:.\Generated_Source\PSoC5/USBFS_episr.c ****             }   
 236:.\Generated_Source\PSoC5/USBFS_episr.c ****         #endif /* End USBFS_ENABLE_MIDI_STREAMING*/
 237:.\Generated_Source\PSoC5/USBFS_episr.c **** 
 238:.\Generated_Source\PSoC5/USBFS_episr.c ****         /* `#START EP3_END_USER_CODE` Place your code here */
 239:.\Generated_Source\PSoC5/USBFS_episr.c **** 
 240:.\Generated_Source\PSoC5/USBFS_episr.c ****         /* `#END` */
 241:.\Generated_Source\PSoC5/USBFS_episr.c **** 
 242:.\Generated_Source\PSoC5/USBFS_episr.c ****         #if defined(USBFS_ENABLE_MIDI_STREAMING) && (USBFS_ENABLE_MIDI_API != 0u) && \
ARM GAS  C:\DOCUME~1\ADMINI~1\LOCALS~1\Temp\ccoseb5I.s 			page 8


 243:.\Generated_Source\PSoC5/USBFS_episr.c ****             (USBFS_EP_MM == USBFS__EP_DMAAUTO) && (CY_PSOC3)
 244:.\Generated_Source\PSoC5/USBFS_episr.c ****             EA = int_en;
 245:.\Generated_Source\PSoC5/USBFS_episr.c ****         #endif /* CY_PSOC3 & ENABLE_MIDI_STREAMING */
 246:.\Generated_Source\PSoC5/USBFS_episr.c ****     }
 154              		.loc 1 246 0
 155 0030 7047     		bx	lr
 156              	.L16:
 157 0032 00BF     		.align	2
 158              	.L15:
 159 0034 2E600040 		.word	1073766446
 160 0038 00000000 		.word	USBFS_EP
 161 003c 0B600040 		.word	1073766411
 162              		.cfi_endproc
 163              	.LFE2:
 164              		.size	USBFS_EP_3_ISR, .-USBFS_EP_3_ISR
 165              		.section	.text.USBFS_EP_4_ISR,"ax",%progbits
 166              		.align	1
 167              		.global	USBFS_EP_4_ISR
 168              		.thumb
 169              		.thumb_func
 170              		.type	USBFS_EP_4_ISR, %function
 171              	USBFS_EP_4_ISR:
 172              	.LFB3:
 247:.\Generated_Source\PSoC5/USBFS_episr.c **** 
 248:.\Generated_Source\PSoC5/USBFS_episr.c **** #endif   /* End USBFS_EP3_ISR_REMOVE */
 249:.\Generated_Source\PSoC5/USBFS_episr.c **** 
 250:.\Generated_Source\PSoC5/USBFS_episr.c **** 
 251:.\Generated_Source\PSoC5/USBFS_episr.c **** #if(USBFS_EP4_ISR_REMOVE == 0u)
 252:.\Generated_Source\PSoC5/USBFS_episr.c **** 
 253:.\Generated_Source\PSoC5/USBFS_episr.c ****     /*******************************************************************************
 254:.\Generated_Source\PSoC5/USBFS_episr.c ****     * Function Name: USBFS_EP_4_ISR
 255:.\Generated_Source\PSoC5/USBFS_episr.c ****     ********************************************************************************
 256:.\Generated_Source\PSoC5/USBFS_episr.c ****     *
 257:.\Generated_Source\PSoC5/USBFS_episr.c ****     * Summary:
 258:.\Generated_Source\PSoC5/USBFS_episr.c ****     *  Endpoint 4 Interrupt Service Routine
 259:.\Generated_Source\PSoC5/USBFS_episr.c ****     *
 260:.\Generated_Source\PSoC5/USBFS_episr.c ****     * Parameters:
 261:.\Generated_Source\PSoC5/USBFS_episr.c ****     *  None.
 262:.\Generated_Source\PSoC5/USBFS_episr.c ****     *
 263:.\Generated_Source\PSoC5/USBFS_episr.c ****     * Return:
 264:.\Generated_Source\PSoC5/USBFS_episr.c ****     *  None.
 265:.\Generated_Source\PSoC5/USBFS_episr.c ****     *
 266:.\Generated_Source\PSoC5/USBFS_episr.c ****     *******************************************************************************/
 267:.\Generated_Source\PSoC5/USBFS_episr.c ****     CY_ISR(USBFS_EP_4_ISR)
 268:.\Generated_Source\PSoC5/USBFS_episr.c ****     {
 173              		.loc 1 268 0
 174              		.cfi_startproc
 175              		@ args = 0, pretend = 0, frame = 0
 176              		@ frame_needed = 0, uses_anonymous_args = 0
 177              		@ link register save eliminated.
 269:.\Generated_Source\PSoC5/USBFS_episr.c ****         #if defined(USBFS_ENABLE_MIDI_STREAMING) && (USBFS_ENABLE_MIDI_API != 0u) && \
 270:.\Generated_Source\PSoC5/USBFS_episr.c ****             (USBFS_EP_MM == USBFS__EP_DMAAUTO) && (CY_PSOC3)
 271:.\Generated_Source\PSoC5/USBFS_episr.c ****             uint8 int_en;
 272:.\Generated_Source\PSoC5/USBFS_episr.c ****         #endif /* CY_PSOC3 & ENABLE_MIDI_STREAMING */
 273:.\Generated_Source\PSoC5/USBFS_episr.c ****     
 274:.\Generated_Source\PSoC5/USBFS_episr.c ****         /* `#START EP4_USER_CODE` Place your code here */
 275:.\Generated_Source\PSoC5/USBFS_episr.c **** 
ARM GAS  C:\DOCUME~1\ADMINI~1\LOCALS~1\Temp\ccoseb5I.s 			page 9


 276:.\Generated_Source\PSoC5/USBFS_episr.c ****         /* `#END` */
 277:.\Generated_Source\PSoC5/USBFS_episr.c **** 
 278:.\Generated_Source\PSoC5/USBFS_episr.c ****         #if defined(USBFS_ENABLE_MIDI_STREAMING) && (USBFS_ENABLE_MIDI_API != 0u) && \
 279:.\Generated_Source\PSoC5/USBFS_episr.c ****             (USBFS_EP_MM == USBFS__EP_DMAAUTO) && (CY_PSOC3)
 280:.\Generated_Source\PSoC5/USBFS_episr.c ****             int_en = EA;
 281:.\Generated_Source\PSoC5/USBFS_episr.c ****             CyGlobalIntEnable;  /* Make sure nested interrupt is enabled */
 282:.\Generated_Source\PSoC5/USBFS_episr.c ****         #endif /* CY_PSOC3 & ENABLE_MIDI_STREAMING */
 283:.\Generated_Source\PSoC5/USBFS_episr.c **** 
 284:.\Generated_Source\PSoC5/USBFS_episr.c ****         CY_GET_REG8(USBFS_SIE_EP4_CR0_PTR); /* Must read the mode reg */
 178              		.loc 1 284 0
 179 0000 0C4B     		ldr	r3, .L20
 180 0002 1B78     		ldrb	r3, [r3, #0]	@ zero_extendqisi2
 285:.\Generated_Source\PSoC5/USBFS_episr.c ****         /* Do not toggle ISOC endpoint */
 286:.\Generated_Source\PSoC5/USBFS_episr.c ****         if((USBFS_EP[USBFS_EP4].attrib & USBFS_EP_TYPE_MASK) !=
 181              		.loc 1 286 0
 182 0004 0C4B     		ldr	r3, .L20+4
 183 0006 93F83020 		ldrb	r2, [r3, #48]	@ zero_extendqisi2
 184 000a 02F00302 		and	r2, r2, #3
 185 000e 012A     		cmp	r2, #1
 186 0010 05D0     		beq	.L18
 287:.\Generated_Source\PSoC5/USBFS_episr.c ****                                                                                     USBFS_EP_TYPE_I
 288:.\Generated_Source\PSoC5/USBFS_episr.c ****         {
 289:.\Generated_Source\PSoC5/USBFS_episr.c ****             USBFS_EP[USBFS_EP4].epToggle ^= USBFS_EPX_CNT_DATA_TOGGLE;
 187              		.loc 1 289 0
 188 0012 93F83320 		ldrb	r2, [r3, #51]	@ zero_extendqisi2
 189 0016 82F08002 		eor	r2, r2, #128
 190 001a 83F83320 		strb	r2, [r3, #51]
 191              	.L18:
 290:.\Generated_Source\PSoC5/USBFS_episr.c ****         }
 291:.\Generated_Source\PSoC5/USBFS_episr.c ****         USBFS_EP[USBFS_EP4].apiEpState = USBFS_EVENT_PENDING;
 192              		.loc 1 291 0
 193 001e 064B     		ldr	r3, .L20+4
 194 0020 0122     		movs	r2, #1
 195 0022 83F83120 		strb	r2, [r3, #49]
 292:.\Generated_Source\PSoC5/USBFS_episr.c ****         CY_SET_REG8(USBFS_SIE_EP_INT_SR_PTR, CY_GET_REG8(USBFS_SIE_EP_INT_SR_PTR)
 196              		.loc 1 292 0
 197 0026 054B     		ldr	r3, .L20+8
 198 0028 1A78     		ldrb	r2, [r3, #0]	@ zero_extendqisi2
 199 002a 02F0F702 		and	r2, r2, #247
 200 002e 1A70     		strb	r2, [r3, #0]
 293:.\Generated_Source\PSoC5/USBFS_episr.c ****                                                                         & ~USBFS_SIE_EP_INT_EP4_MAS
 294:.\Generated_Source\PSoC5/USBFS_episr.c **** 
 295:.\Generated_Source\PSoC5/USBFS_episr.c ****         #if defined(USBFS_ENABLE_MIDI_STREAMING) && (USBFS_ENABLE_MIDI_API != 0u) && \
 296:.\Generated_Source\PSoC5/USBFS_episr.c ****             (USBFS_EP_MM == USBFS__EP_DMAAUTO) 
 297:.\Generated_Source\PSoC5/USBFS_episr.c ****             if(USBFS_midi_out_ep == USBFS_EP4)
 298:.\Generated_Source\PSoC5/USBFS_episr.c ****             {
 299:.\Generated_Source\PSoC5/USBFS_episr.c ****                 USBFS_MIDI_OUT_EP_Service();
 300:.\Generated_Source\PSoC5/USBFS_episr.c ****             }   
 301:.\Generated_Source\PSoC5/USBFS_episr.c ****         #endif /* End USBFS_ENABLE_MIDI_STREAMING*/
 302:.\Generated_Source\PSoC5/USBFS_episr.c **** 
 303:.\Generated_Source\PSoC5/USBFS_episr.c ****         /* `#START EP4_END_USER_CODE` Place your code here */
 304:.\Generated_Source\PSoC5/USBFS_episr.c **** 
 305:.\Generated_Source\PSoC5/USBFS_episr.c ****         /* `#END` */
 306:.\Generated_Source\PSoC5/USBFS_episr.c **** 
 307:.\Generated_Source\PSoC5/USBFS_episr.c ****         #if defined(USBFS_ENABLE_MIDI_STREAMING) && (USBFS_ENABLE_MIDI_API != 0u) && \
 308:.\Generated_Source\PSoC5/USBFS_episr.c ****             (USBFS_EP_MM == USBFS__EP_DMAAUTO) && (CY_PSOC3)
 309:.\Generated_Source\PSoC5/USBFS_episr.c ****             EA = int_en;
ARM GAS  C:\DOCUME~1\ADMINI~1\LOCALS~1\Temp\ccoseb5I.s 			page 10


 310:.\Generated_Source\PSoC5/USBFS_episr.c ****         #endif /* CY_PSOC3 & ENABLE_MIDI_STREAMING */
 311:.\Generated_Source\PSoC5/USBFS_episr.c ****     }
 201              		.loc 1 311 0
 202 0030 7047     		bx	lr
 203              	.L21:
 204 0032 00BF     		.align	2
 205              	.L20:
 206 0034 3E600040 		.word	1073766462
 207 0038 00000000 		.word	USBFS_EP
 208 003c 0B600040 		.word	1073766411
 209              		.cfi_endproc
 210              	.LFE3:
 211              		.size	USBFS_EP_4_ISR, .-USBFS_EP_4_ISR
 212              		.section	.text.USBFS_EP_5_ISR,"ax",%progbits
 213              		.align	1
 214              		.global	USBFS_EP_5_ISR
 215              		.thumb
 216              		.thumb_func
 217              		.type	USBFS_EP_5_ISR, %function
 218              	USBFS_EP_5_ISR:
 219              	.LFB4:
 312:.\Generated_Source\PSoC5/USBFS_episr.c **** 
 313:.\Generated_Source\PSoC5/USBFS_episr.c **** #endif   /* End USBFS_EP4_ISR_REMOVE */
 314:.\Generated_Source\PSoC5/USBFS_episr.c **** 
 315:.\Generated_Source\PSoC5/USBFS_episr.c **** 
 316:.\Generated_Source\PSoC5/USBFS_episr.c **** #if(USBFS_EP5_ISR_REMOVE == 0u)
 317:.\Generated_Source\PSoC5/USBFS_episr.c **** 
 318:.\Generated_Source\PSoC5/USBFS_episr.c ****     /*******************************************************************************
 319:.\Generated_Source\PSoC5/USBFS_episr.c ****     * Function Name: USBFS_EP_5_ISR
 320:.\Generated_Source\PSoC5/USBFS_episr.c ****     ********************************************************************************
 321:.\Generated_Source\PSoC5/USBFS_episr.c ****     *
 322:.\Generated_Source\PSoC5/USBFS_episr.c ****     * Summary:
 323:.\Generated_Source\PSoC5/USBFS_episr.c ****     *  Endpoint 5 Interrupt Service Routine
 324:.\Generated_Source\PSoC5/USBFS_episr.c ****     *
 325:.\Generated_Source\PSoC5/USBFS_episr.c ****     * Parameters:
 326:.\Generated_Source\PSoC5/USBFS_episr.c ****     *  None.
 327:.\Generated_Source\PSoC5/USBFS_episr.c ****     *
 328:.\Generated_Source\PSoC5/USBFS_episr.c ****     * Return:
 329:.\Generated_Source\PSoC5/USBFS_episr.c ****     *  None.
 330:.\Generated_Source\PSoC5/USBFS_episr.c ****     *
 331:.\Generated_Source\PSoC5/USBFS_episr.c ****     *******************************************************************************/
 332:.\Generated_Source\PSoC5/USBFS_episr.c ****     CY_ISR(USBFS_EP_5_ISR)
 333:.\Generated_Source\PSoC5/USBFS_episr.c ****     {
 220              		.loc 1 333 0
 221              		.cfi_startproc
 222              		@ args = 0, pretend = 0, frame = 0
 223              		@ frame_needed = 0, uses_anonymous_args = 0
 224              		@ link register save eliminated.
 334:.\Generated_Source\PSoC5/USBFS_episr.c ****         #if defined(USBFS_ENABLE_MIDI_STREAMING) && (USBFS_ENABLE_MIDI_API != 0u) && \
 335:.\Generated_Source\PSoC5/USBFS_episr.c ****             (USBFS_EP_MM == USBFS__EP_DMAAUTO) && (CY_PSOC3)
 336:.\Generated_Source\PSoC5/USBFS_episr.c ****             uint8 int_en;
 337:.\Generated_Source\PSoC5/USBFS_episr.c ****         #endif /* CY_PSOC3 & ENABLE_MIDI_STREAMING */
 338:.\Generated_Source\PSoC5/USBFS_episr.c ****     
 339:.\Generated_Source\PSoC5/USBFS_episr.c ****         /* `#START EP5_USER_CODE` Place your code here */
 340:.\Generated_Source\PSoC5/USBFS_episr.c **** 
 341:.\Generated_Source\PSoC5/USBFS_episr.c ****         /* `#END` */
 342:.\Generated_Source\PSoC5/USBFS_episr.c **** 
ARM GAS  C:\DOCUME~1\ADMINI~1\LOCALS~1\Temp\ccoseb5I.s 			page 11


 343:.\Generated_Source\PSoC5/USBFS_episr.c ****         #if defined(USBFS_ENABLE_MIDI_STREAMING) && (USBFS_ENABLE_MIDI_API != 0u) && \
 344:.\Generated_Source\PSoC5/USBFS_episr.c ****             (USBFS_EP_MM == USBFS__EP_DMAAUTO) && (CY_PSOC3)
 345:.\Generated_Source\PSoC5/USBFS_episr.c ****             int_en = EA;
 346:.\Generated_Source\PSoC5/USBFS_episr.c ****             CyGlobalIntEnable;  /* Make sure nested interrupt is enabled */
 347:.\Generated_Source\PSoC5/USBFS_episr.c ****         #endif /* CY_PSOC3 & ENABLE_MIDI_STREAMING */
 348:.\Generated_Source\PSoC5/USBFS_episr.c **** 
 349:.\Generated_Source\PSoC5/USBFS_episr.c ****         CY_GET_REG8(USBFS_SIE_EP5_CR0_PTR); /* Must read the mode reg */
 225              		.loc 1 349 0
 226 0000 0C4B     		ldr	r3, .L25
 227 0002 1B78     		ldrb	r3, [r3, #0]	@ zero_extendqisi2
 350:.\Generated_Source\PSoC5/USBFS_episr.c ****         /* Do not toggle ISOC endpoint */
 351:.\Generated_Source\PSoC5/USBFS_episr.c ****         if((USBFS_EP[USBFS_EP5].attrib & USBFS_EP_TYPE_MASK) !=
 228              		.loc 1 351 0
 229 0004 0C4B     		ldr	r3, .L25+4
 230 0006 93F83C20 		ldrb	r2, [r3, #60]	@ zero_extendqisi2
 231 000a 02F00302 		and	r2, r2, #3
 232 000e 012A     		cmp	r2, #1
 233 0010 05D0     		beq	.L23
 352:.\Generated_Source\PSoC5/USBFS_episr.c ****                                                                                     USBFS_EP_TYPE_I
 353:.\Generated_Source\PSoC5/USBFS_episr.c ****         {
 354:.\Generated_Source\PSoC5/USBFS_episr.c ****             USBFS_EP[USBFS_EP5].epToggle ^= USBFS_EPX_CNT_DATA_TOGGLE;
 234              		.loc 1 354 0
 235 0012 93F83F20 		ldrb	r2, [r3, #63]	@ zero_extendqisi2
 236 0016 82F08002 		eor	r2, r2, #128
 237 001a 83F83F20 		strb	r2, [r3, #63]
 238              	.L23:
 355:.\Generated_Source\PSoC5/USBFS_episr.c ****         }
 356:.\Generated_Source\PSoC5/USBFS_episr.c ****         USBFS_EP[USBFS_EP5].apiEpState = USBFS_EVENT_PENDING;
 239              		.loc 1 356 0
 240 001e 064B     		ldr	r3, .L25+4
 241 0020 0122     		movs	r2, #1
 242 0022 83F83D20 		strb	r2, [r3, #61]
 357:.\Generated_Source\PSoC5/USBFS_episr.c ****         CY_SET_REG8(USBFS_SIE_EP_INT_SR_PTR, CY_GET_REG8(USBFS_SIE_EP_INT_SR_PTR)
 243              		.loc 1 357 0
 244 0026 054B     		ldr	r3, .L25+8
 245 0028 1A78     		ldrb	r2, [r3, #0]	@ zero_extendqisi2
 246 002a 02F0EF02 		and	r2, r2, #239
 247 002e 1A70     		strb	r2, [r3, #0]
 358:.\Generated_Source\PSoC5/USBFS_episr.c ****                                                                         & ~USBFS_SIE_EP_INT_EP5_MAS
 359:.\Generated_Source\PSoC5/USBFS_episr.c **** 
 360:.\Generated_Source\PSoC5/USBFS_episr.c ****         #if defined(USBFS_ENABLE_MIDI_STREAMING) && (USBFS_ENABLE_MIDI_API != 0u) && \
 361:.\Generated_Source\PSoC5/USBFS_episr.c ****             (USBFS_EP_MM == USBFS__EP_DMAAUTO) 
 362:.\Generated_Source\PSoC5/USBFS_episr.c ****             if(USBFS_midi_out_ep == USBFS_EP5)
 363:.\Generated_Source\PSoC5/USBFS_episr.c ****             {
 364:.\Generated_Source\PSoC5/USBFS_episr.c ****                 USBFS_MIDI_OUT_EP_Service();
 365:.\Generated_Source\PSoC5/USBFS_episr.c ****             }   
 366:.\Generated_Source\PSoC5/USBFS_episr.c ****         #endif /* End USBFS_ENABLE_MIDI_STREAMING*/
 367:.\Generated_Source\PSoC5/USBFS_episr.c **** 
 368:.\Generated_Source\PSoC5/USBFS_episr.c ****         /* `#START EP5_END_USER_CODE` Place your code here */
 369:.\Generated_Source\PSoC5/USBFS_episr.c **** 
 370:.\Generated_Source\PSoC5/USBFS_episr.c ****         /* `#END` */
 371:.\Generated_Source\PSoC5/USBFS_episr.c **** 
 372:.\Generated_Source\PSoC5/USBFS_episr.c ****         #if defined(USBFS_ENABLE_MIDI_STREAMING) && (USBFS_ENABLE_MIDI_API != 0u) && \
 373:.\Generated_Source\PSoC5/USBFS_episr.c ****             (USBFS_EP_MM == USBFS__EP_DMAAUTO) && (CY_PSOC3)
 374:.\Generated_Source\PSoC5/USBFS_episr.c ****             EA = int_en;
 375:.\Generated_Source\PSoC5/USBFS_episr.c ****         #endif /* CY_PSOC3 & ENABLE_MIDI_STREAMING */
 376:.\Generated_Source\PSoC5/USBFS_episr.c ****     }
ARM GAS  C:\DOCUME~1\ADMINI~1\LOCALS~1\Temp\ccoseb5I.s 			page 12


 248              		.loc 1 376 0
 249 0030 7047     		bx	lr
 250              	.L26:
 251 0032 00BF     		.align	2
 252              	.L25:
 253 0034 4E600040 		.word	1073766478
 254 0038 00000000 		.word	USBFS_EP
 255 003c 0B600040 		.word	1073766411
 256              		.cfi_endproc
 257              	.LFE4:
 258              		.size	USBFS_EP_5_ISR, .-USBFS_EP_5_ISR
 259              		.section	.text.USBFS_EP_6_ISR,"ax",%progbits
 260              		.align	1
 261              		.global	USBFS_EP_6_ISR
 262              		.thumb
 263              		.thumb_func
 264              		.type	USBFS_EP_6_ISR, %function
 265              	USBFS_EP_6_ISR:
 266              	.LFB5:
 377:.\Generated_Source\PSoC5/USBFS_episr.c **** #endif   /* End USBFS_EP5_ISR_REMOVE */
 378:.\Generated_Source\PSoC5/USBFS_episr.c **** 
 379:.\Generated_Source\PSoC5/USBFS_episr.c **** 
 380:.\Generated_Source\PSoC5/USBFS_episr.c **** #if(USBFS_EP6_ISR_REMOVE == 0u)
 381:.\Generated_Source\PSoC5/USBFS_episr.c **** 
 382:.\Generated_Source\PSoC5/USBFS_episr.c ****     /*******************************************************************************
 383:.\Generated_Source\PSoC5/USBFS_episr.c ****     * Function Name: USBFS_EP_6_ISR
 384:.\Generated_Source\PSoC5/USBFS_episr.c ****     ********************************************************************************
 385:.\Generated_Source\PSoC5/USBFS_episr.c ****     *
 386:.\Generated_Source\PSoC5/USBFS_episr.c ****     * Summary:
 387:.\Generated_Source\PSoC5/USBFS_episr.c ****     *  Endpoint 6 Interrupt Service Routine
 388:.\Generated_Source\PSoC5/USBFS_episr.c ****     *
 389:.\Generated_Source\PSoC5/USBFS_episr.c ****     * Parameters:
 390:.\Generated_Source\PSoC5/USBFS_episr.c ****     *  None.
 391:.\Generated_Source\PSoC5/USBFS_episr.c ****     *
 392:.\Generated_Source\PSoC5/USBFS_episr.c ****     * Return:
 393:.\Generated_Source\PSoC5/USBFS_episr.c ****     *  None.
 394:.\Generated_Source\PSoC5/USBFS_episr.c ****     *
 395:.\Generated_Source\PSoC5/USBFS_episr.c ****     *******************************************************************************/
 396:.\Generated_Source\PSoC5/USBFS_episr.c ****     CY_ISR(USBFS_EP_6_ISR)
 397:.\Generated_Source\PSoC5/USBFS_episr.c ****     {
 267              		.loc 1 397 0
 268              		.cfi_startproc
 269              		@ args = 0, pretend = 0, frame = 0
 270              		@ frame_needed = 0, uses_anonymous_args = 0
 271              		@ link register save eliminated.
 398:.\Generated_Source\PSoC5/USBFS_episr.c ****         #if defined(USBFS_ENABLE_MIDI_STREAMING) && (USBFS_ENABLE_MIDI_API != 0u) && \
 399:.\Generated_Source\PSoC5/USBFS_episr.c ****             (USBFS_EP_MM == USBFS__EP_DMAAUTO) && (CY_PSOC3)
 400:.\Generated_Source\PSoC5/USBFS_episr.c ****             uint8 int_en;
 401:.\Generated_Source\PSoC5/USBFS_episr.c ****         #endif /* CY_PSOC3 & ENABLE_MIDI_STREAMING */
 402:.\Generated_Source\PSoC5/USBFS_episr.c ****     
 403:.\Generated_Source\PSoC5/USBFS_episr.c ****         /* `#START EP6_USER_CODE` Place your code here */
 404:.\Generated_Source\PSoC5/USBFS_episr.c **** 
 405:.\Generated_Source\PSoC5/USBFS_episr.c ****         /* `#END` */
 406:.\Generated_Source\PSoC5/USBFS_episr.c **** 
 407:.\Generated_Source\PSoC5/USBFS_episr.c ****         #if defined(USBFS_ENABLE_MIDI_STREAMING) && (USBFS_ENABLE_MIDI_API != 0u) && \
 408:.\Generated_Source\PSoC5/USBFS_episr.c ****             (USBFS_EP_MM == USBFS__EP_DMAAUTO) && (CY_PSOC3)
 409:.\Generated_Source\PSoC5/USBFS_episr.c ****             int_en = EA;
ARM GAS  C:\DOCUME~1\ADMINI~1\LOCALS~1\Temp\ccoseb5I.s 			page 13


 410:.\Generated_Source\PSoC5/USBFS_episr.c ****             CyGlobalIntEnable;  /* Make sure nested interrupt is enabled */
 411:.\Generated_Source\PSoC5/USBFS_episr.c ****         #endif /* CY_PSOC3 & ENABLE_MIDI_STREAMING */
 412:.\Generated_Source\PSoC5/USBFS_episr.c **** 
 413:.\Generated_Source\PSoC5/USBFS_episr.c ****         CY_GET_REG8(USBFS_SIE_EP6_CR0_PTR); /* Must read the mode reg */
 272              		.loc 1 413 0
 273 0000 0C4B     		ldr	r3, .L30
 274 0002 1B78     		ldrb	r3, [r3, #0]	@ zero_extendqisi2
 414:.\Generated_Source\PSoC5/USBFS_episr.c ****         /* Do not toggle ISOC endpoint */
 415:.\Generated_Source\PSoC5/USBFS_episr.c ****         if((USBFS_EP[USBFS_EP6].attrib & USBFS_EP_TYPE_MASK) !=
 275              		.loc 1 415 0
 276 0004 0C4B     		ldr	r3, .L30+4
 277 0006 93F84820 		ldrb	r2, [r3, #72]	@ zero_extendqisi2
 278 000a 02F00302 		and	r2, r2, #3
 279 000e 012A     		cmp	r2, #1
 280 0010 05D0     		beq	.L28
 416:.\Generated_Source\PSoC5/USBFS_episr.c ****                                                                                     USBFS_EP_TYPE_I
 417:.\Generated_Source\PSoC5/USBFS_episr.c ****         {
 418:.\Generated_Source\PSoC5/USBFS_episr.c ****             USBFS_EP[USBFS_EP6].epToggle ^= USBFS_EPX_CNT_DATA_TOGGLE;
 281              		.loc 1 418 0
 282 0012 93F84B20 		ldrb	r2, [r3, #75]	@ zero_extendqisi2
 283 0016 82F08002 		eor	r2, r2, #128
 284 001a 83F84B20 		strb	r2, [r3, #75]
 285              	.L28:
 419:.\Generated_Source\PSoC5/USBFS_episr.c ****         }
 420:.\Generated_Source\PSoC5/USBFS_episr.c ****         USBFS_EP[USBFS_EP6].apiEpState = USBFS_EVENT_PENDING;
 286              		.loc 1 420 0
 287 001e 064B     		ldr	r3, .L30+4
 288 0020 0122     		movs	r2, #1
 289 0022 83F84920 		strb	r2, [r3, #73]
 421:.\Generated_Source\PSoC5/USBFS_episr.c ****         CY_SET_REG8(USBFS_SIE_EP_INT_SR_PTR, CY_GET_REG8(USBFS_SIE_EP_INT_SR_PTR)
 290              		.loc 1 421 0
 291 0026 054B     		ldr	r3, .L30+8
 292 0028 1A78     		ldrb	r2, [r3, #0]	@ zero_extendqisi2
 293 002a 02F0DF02 		and	r2, r2, #223
 294 002e 1A70     		strb	r2, [r3, #0]
 422:.\Generated_Source\PSoC5/USBFS_episr.c ****                                                                         & ~USBFS_SIE_EP_INT_EP6_MAS
 423:.\Generated_Source\PSoC5/USBFS_episr.c **** 
 424:.\Generated_Source\PSoC5/USBFS_episr.c ****         #if defined(USBFS_ENABLE_MIDI_STREAMING) && (USBFS_ENABLE_MIDI_API != 0u) && \
 425:.\Generated_Source\PSoC5/USBFS_episr.c ****             (USBFS_EP_MM == USBFS__EP_DMAAUTO) 
 426:.\Generated_Source\PSoC5/USBFS_episr.c ****             if(USBFS_midi_out_ep == USBFS_EP6)
 427:.\Generated_Source\PSoC5/USBFS_episr.c ****             {
 428:.\Generated_Source\PSoC5/USBFS_episr.c ****                 USBFS_MIDI_OUT_EP_Service();
 429:.\Generated_Source\PSoC5/USBFS_episr.c ****             }   
 430:.\Generated_Source\PSoC5/USBFS_episr.c ****         #endif /* End USBFS_ENABLE_MIDI_STREAMING*/
 431:.\Generated_Source\PSoC5/USBFS_episr.c **** 
 432:.\Generated_Source\PSoC5/USBFS_episr.c ****         /* `#START EP6_END_USER_CODE` Place your code here */
 433:.\Generated_Source\PSoC5/USBFS_episr.c **** 
 434:.\Generated_Source\PSoC5/USBFS_episr.c ****         /* `#END` */
 435:.\Generated_Source\PSoC5/USBFS_episr.c **** 
 436:.\Generated_Source\PSoC5/USBFS_episr.c ****         #if defined(USBFS_ENABLE_MIDI_STREAMING) && (USBFS_ENABLE_MIDI_API != 0u) && \
 437:.\Generated_Source\PSoC5/USBFS_episr.c ****             (USBFS_EP_MM == USBFS__EP_DMAAUTO) && (CY_PSOC3)
 438:.\Generated_Source\PSoC5/USBFS_episr.c ****             EA = int_en;
 439:.\Generated_Source\PSoC5/USBFS_episr.c ****         #endif /* CY_PSOC3 & ENABLE_MIDI_STREAMING */
 440:.\Generated_Source\PSoC5/USBFS_episr.c ****     }
 295              		.loc 1 440 0
 296 0030 7047     		bx	lr
 297              	.L31:
ARM GAS  C:\DOCUME~1\ADMINI~1\LOCALS~1\Temp\ccoseb5I.s 			page 14


 298 0032 00BF     		.align	2
 299              	.L30:
 300 0034 5E600040 		.word	1073766494
 301 0038 00000000 		.word	USBFS_EP
 302 003c 0B600040 		.word	1073766411
 303              		.cfi_endproc
 304              	.LFE5:
 305              		.size	USBFS_EP_6_ISR, .-USBFS_EP_6_ISR
 306              		.section	.text.USBFS_EP_7_ISR,"ax",%progbits
 307              		.align	1
 308              		.global	USBFS_EP_7_ISR
 309              		.thumb
 310              		.thumb_func
 311              		.type	USBFS_EP_7_ISR, %function
 312              	USBFS_EP_7_ISR:
 313              	.LFB6:
 441:.\Generated_Source\PSoC5/USBFS_episr.c **** 
 442:.\Generated_Source\PSoC5/USBFS_episr.c **** #endif   /* End USBFS_EP6_ISR_REMOVE */
 443:.\Generated_Source\PSoC5/USBFS_episr.c **** 
 444:.\Generated_Source\PSoC5/USBFS_episr.c **** 
 445:.\Generated_Source\PSoC5/USBFS_episr.c **** #if(USBFS_EP7_ISR_REMOVE == 0u)
 446:.\Generated_Source\PSoC5/USBFS_episr.c **** 
 447:.\Generated_Source\PSoC5/USBFS_episr.c ****     /*******************************************************************************
 448:.\Generated_Source\PSoC5/USBFS_episr.c ****     * Function Name: USBFS_EP_7_ISR
 449:.\Generated_Source\PSoC5/USBFS_episr.c ****     ********************************************************************************
 450:.\Generated_Source\PSoC5/USBFS_episr.c ****     *
 451:.\Generated_Source\PSoC5/USBFS_episr.c ****     * Summary:
 452:.\Generated_Source\PSoC5/USBFS_episr.c ****     *  Endpoint 7 Interrupt Service Routine
 453:.\Generated_Source\PSoC5/USBFS_episr.c ****     *
 454:.\Generated_Source\PSoC5/USBFS_episr.c ****     * Parameters:
 455:.\Generated_Source\PSoC5/USBFS_episr.c ****     *  None.
 456:.\Generated_Source\PSoC5/USBFS_episr.c ****     *
 457:.\Generated_Source\PSoC5/USBFS_episr.c ****     * Return:
 458:.\Generated_Source\PSoC5/USBFS_episr.c ****     *  None.
 459:.\Generated_Source\PSoC5/USBFS_episr.c ****     *
 460:.\Generated_Source\PSoC5/USBFS_episr.c ****     *******************************************************************************/
 461:.\Generated_Source\PSoC5/USBFS_episr.c ****     CY_ISR(USBFS_EP_7_ISR)
 462:.\Generated_Source\PSoC5/USBFS_episr.c ****     {
 314              		.loc 1 462 0
 315              		.cfi_startproc
 316              		@ args = 0, pretend = 0, frame = 0
 317              		@ frame_needed = 0, uses_anonymous_args = 0
 318              		@ link register save eliminated.
 463:.\Generated_Source\PSoC5/USBFS_episr.c ****         #if defined(USBFS_ENABLE_MIDI_STREAMING) && (USBFS_ENABLE_MIDI_API != 0u) && \
 464:.\Generated_Source\PSoC5/USBFS_episr.c ****             (USBFS_EP_MM == USBFS__EP_DMAAUTO) && (CY_PSOC3)
 465:.\Generated_Source\PSoC5/USBFS_episr.c ****             uint8 int_en;
 466:.\Generated_Source\PSoC5/USBFS_episr.c ****         #endif /* CY_PSOC3 & ENABLE_MIDI_STREAMING */
 467:.\Generated_Source\PSoC5/USBFS_episr.c ****     
 468:.\Generated_Source\PSoC5/USBFS_episr.c ****         /* `#START EP7_USER_CODE` Place your code here */
 469:.\Generated_Source\PSoC5/USBFS_episr.c **** 
 470:.\Generated_Source\PSoC5/USBFS_episr.c ****         /* `#END` */
 471:.\Generated_Source\PSoC5/USBFS_episr.c **** 
 472:.\Generated_Source\PSoC5/USBFS_episr.c ****         #if defined(USBFS_ENABLE_MIDI_STREAMING) && (USBFS_ENABLE_MIDI_API != 0u) && \
 473:.\Generated_Source\PSoC5/USBFS_episr.c ****             (USBFS_EP_MM == USBFS__EP_DMAAUTO) && (CY_PSOC3)
 474:.\Generated_Source\PSoC5/USBFS_episr.c ****             int_en = EA;
 475:.\Generated_Source\PSoC5/USBFS_episr.c ****             CyGlobalIntEnable;  /* Make sure nested interrupt is enabled */
 476:.\Generated_Source\PSoC5/USBFS_episr.c ****         #endif /* CY_PSOC3 & ENABLE_MIDI_STREAMING */
ARM GAS  C:\DOCUME~1\ADMINI~1\LOCALS~1\Temp\ccoseb5I.s 			page 15


 477:.\Generated_Source\PSoC5/USBFS_episr.c **** 
 478:.\Generated_Source\PSoC5/USBFS_episr.c ****         CY_GET_REG8(USBFS_SIE_EP7_CR0_PTR); /* Must read the mode reg */
 319              		.loc 1 478 0
 320 0000 0C4B     		ldr	r3, .L35
 321 0002 1B78     		ldrb	r3, [r3, #0]	@ zero_extendqisi2
 479:.\Generated_Source\PSoC5/USBFS_episr.c ****         /* Do not toggle ISOC endpoint */
 480:.\Generated_Source\PSoC5/USBFS_episr.c ****         if((USBFS_EP[USBFS_EP7].attrib & USBFS_EP_TYPE_MASK) !=
 322              		.loc 1 480 0
 323 0004 0C4B     		ldr	r3, .L35+4
 324 0006 93F85420 		ldrb	r2, [r3, #84]	@ zero_extendqisi2
 325 000a 02F00302 		and	r2, r2, #3
 326 000e 012A     		cmp	r2, #1
 327 0010 05D0     		beq	.L33
 481:.\Generated_Source\PSoC5/USBFS_episr.c ****                                                                                     USBFS_EP_TYPE_I
 482:.\Generated_Source\PSoC5/USBFS_episr.c ****         {
 483:.\Generated_Source\PSoC5/USBFS_episr.c ****             USBFS_EP[USBFS_EP7].epToggle ^= USBFS_EPX_CNT_DATA_TOGGLE;
 328              		.loc 1 483 0
 329 0012 93F85720 		ldrb	r2, [r3, #87]	@ zero_extendqisi2
 330 0016 82F08002 		eor	r2, r2, #128
 331 001a 83F85720 		strb	r2, [r3, #87]
 332              	.L33:
 484:.\Generated_Source\PSoC5/USBFS_episr.c ****         }
 485:.\Generated_Source\PSoC5/USBFS_episr.c ****         USBFS_EP[USBFS_EP7].apiEpState = USBFS_EVENT_PENDING;
 333              		.loc 1 485 0
 334 001e 064B     		ldr	r3, .L35+4
 335 0020 0122     		movs	r2, #1
 336 0022 83F85520 		strb	r2, [r3, #85]
 486:.\Generated_Source\PSoC5/USBFS_episr.c ****         CY_SET_REG8(USBFS_SIE_EP_INT_SR_PTR, CY_GET_REG8(USBFS_SIE_EP_INT_SR_PTR)
 337              		.loc 1 486 0
 338 0026 054B     		ldr	r3, .L35+8
 339 0028 1A78     		ldrb	r2, [r3, #0]	@ zero_extendqisi2
 340 002a 02F0BF02 		and	r2, r2, #191
 341 002e 1A70     		strb	r2, [r3, #0]
 487:.\Generated_Source\PSoC5/USBFS_episr.c ****                                                                         & ~USBFS_SIE_EP_INT_EP7_MAS
 488:.\Generated_Source\PSoC5/USBFS_episr.c **** 
 489:.\Generated_Source\PSoC5/USBFS_episr.c ****         #if defined(USBFS_ENABLE_MIDI_STREAMING) && (USBFS_ENABLE_MIDI_API != 0u) && \
 490:.\Generated_Source\PSoC5/USBFS_episr.c ****             (USBFS_EP_MM == USBFS__EP_DMAAUTO) 
 491:.\Generated_Source\PSoC5/USBFS_episr.c ****             if(USBFS_midi_out_ep == USBFS_EP7)
 492:.\Generated_Source\PSoC5/USBFS_episr.c ****             {
 493:.\Generated_Source\PSoC5/USBFS_episr.c ****                 USBFS_MIDI_OUT_EP_Service();
 494:.\Generated_Source\PSoC5/USBFS_episr.c ****             }   
 495:.\Generated_Source\PSoC5/USBFS_episr.c ****         #endif /* End USBFS_ENABLE_MIDI_STREAMING*/
 496:.\Generated_Source\PSoC5/USBFS_episr.c **** 
 497:.\Generated_Source\PSoC5/USBFS_episr.c ****         /* `#START EP7_END_USER_CODE` Place your code here */
 498:.\Generated_Source\PSoC5/USBFS_episr.c **** 
 499:.\Generated_Source\PSoC5/USBFS_episr.c ****         /* `#END` */
 500:.\Generated_Source\PSoC5/USBFS_episr.c **** 
 501:.\Generated_Source\PSoC5/USBFS_episr.c ****         #if defined(USBFS_ENABLE_MIDI_STREAMING) && (USBFS_ENABLE_MIDI_API != 0u) && \
 502:.\Generated_Source\PSoC5/USBFS_episr.c ****             (USBFS_EP_MM == USBFS__EP_DMAAUTO) && (CY_PSOC3)
 503:.\Generated_Source\PSoC5/USBFS_episr.c ****             EA = int_en;
 504:.\Generated_Source\PSoC5/USBFS_episr.c ****         #endif /* CY_PSOC3 & ENABLE_MIDI_STREAMING */
 505:.\Generated_Source\PSoC5/USBFS_episr.c ****     }
 342              		.loc 1 505 0
 343 0030 7047     		bx	lr
 344              	.L36:
 345 0032 00BF     		.align	2
 346              	.L35:
ARM GAS  C:\DOCUME~1\ADMINI~1\LOCALS~1\Temp\ccoseb5I.s 			page 16


 347 0034 6E600040 		.word	1073766510
 348 0038 00000000 		.word	USBFS_EP
 349 003c 0B600040 		.word	1073766411
 350              		.cfi_endproc
 351              	.LFE6:
 352              		.size	USBFS_EP_7_ISR, .-USBFS_EP_7_ISR
 353              		.section	.text.USBFS_SOF_ISR,"ax",%progbits
 354              		.align	1
 355              		.global	USBFS_SOF_ISR
 356              		.thumb
 357              		.thumb_func
 358              		.type	USBFS_SOF_ISR, %function
 359              	USBFS_SOF_ISR:
 360              	.LFB7:
 506:.\Generated_Source\PSoC5/USBFS_episr.c **** 
 507:.\Generated_Source\PSoC5/USBFS_episr.c **** #endif   /* End USBFS_EP7_ISR_REMOVE */
 508:.\Generated_Source\PSoC5/USBFS_episr.c **** 
 509:.\Generated_Source\PSoC5/USBFS_episr.c **** 
 510:.\Generated_Source\PSoC5/USBFS_episr.c **** #if(USBFS_EP8_ISR_REMOVE == 0u)
 511:.\Generated_Source\PSoC5/USBFS_episr.c **** 
 512:.\Generated_Source\PSoC5/USBFS_episr.c ****     /*******************************************************************************
 513:.\Generated_Source\PSoC5/USBFS_episr.c ****     * Function Name: USBFS_EP_8_ISR
 514:.\Generated_Source\PSoC5/USBFS_episr.c ****     ********************************************************************************
 515:.\Generated_Source\PSoC5/USBFS_episr.c ****     *
 516:.\Generated_Source\PSoC5/USBFS_episr.c ****     * Summary:
 517:.\Generated_Source\PSoC5/USBFS_episr.c ****     *  Endpoint 8 Interrupt Service Routine
 518:.\Generated_Source\PSoC5/USBFS_episr.c ****     *
 519:.\Generated_Source\PSoC5/USBFS_episr.c ****     * Parameters:
 520:.\Generated_Source\PSoC5/USBFS_episr.c ****     *  None.
 521:.\Generated_Source\PSoC5/USBFS_episr.c ****     *
 522:.\Generated_Source\PSoC5/USBFS_episr.c ****     * Return:
 523:.\Generated_Source\PSoC5/USBFS_episr.c ****     *  None.
 524:.\Generated_Source\PSoC5/USBFS_episr.c ****     *
 525:.\Generated_Source\PSoC5/USBFS_episr.c ****     *******************************************************************************/
 526:.\Generated_Source\PSoC5/USBFS_episr.c ****     CY_ISR(USBFS_EP_8_ISR)
 527:.\Generated_Source\PSoC5/USBFS_episr.c ****     {
 528:.\Generated_Source\PSoC5/USBFS_episr.c ****         #if defined(USBFS_ENABLE_MIDI_STREAMING) && (USBFS_ENABLE_MIDI_API != 0u) && \
 529:.\Generated_Source\PSoC5/USBFS_episr.c ****             (USBFS_EP_MM == USBFS__EP_DMAAUTO) && (CY_PSOC3)
 530:.\Generated_Source\PSoC5/USBFS_episr.c ****             uint8 int_en;
 531:.\Generated_Source\PSoC5/USBFS_episr.c ****         #endif /* CY_PSOC3 & ENABLE_MIDI_STREAMING */
 532:.\Generated_Source\PSoC5/USBFS_episr.c ****     
 533:.\Generated_Source\PSoC5/USBFS_episr.c ****         /* `#START EP8_USER_CODE` Place your code here */
 534:.\Generated_Source\PSoC5/USBFS_episr.c **** 
 535:.\Generated_Source\PSoC5/USBFS_episr.c ****         /* `#END` */
 536:.\Generated_Source\PSoC5/USBFS_episr.c **** 
 537:.\Generated_Source\PSoC5/USBFS_episr.c ****         #if defined(USBFS_ENABLE_MIDI_STREAMING) && (USBFS_ENABLE_MIDI_API != 0u) && \
 538:.\Generated_Source\PSoC5/USBFS_episr.c ****             (USBFS_EP_MM == USBFS__EP_DMAAUTO) && (CY_PSOC3)
 539:.\Generated_Source\PSoC5/USBFS_episr.c ****             int_en = EA;
 540:.\Generated_Source\PSoC5/USBFS_episr.c ****             CyGlobalIntEnable;  /* Make sure nested interrupt is enabled */
 541:.\Generated_Source\PSoC5/USBFS_episr.c ****         #endif /* CY_PSOC3 & ENABLE_MIDI_STREAMING */
 542:.\Generated_Source\PSoC5/USBFS_episr.c **** 
 543:.\Generated_Source\PSoC5/USBFS_episr.c ****         CY_GET_REG8(USBFS_SIE_EP8_CR0_PTR); /* Must read the mode reg */
 544:.\Generated_Source\PSoC5/USBFS_episr.c ****         /* Do not toggle ISOC endpoint */
 545:.\Generated_Source\PSoC5/USBFS_episr.c ****         if((USBFS_EP[USBFS_EP8].attrib & USBFS_EP_TYPE_MASK) !=
 546:.\Generated_Source\PSoC5/USBFS_episr.c ****                                                                                     USBFS_EP_TYPE_I
 547:.\Generated_Source\PSoC5/USBFS_episr.c ****         {
 548:.\Generated_Source\PSoC5/USBFS_episr.c ****             USBFS_EP[USBFS_EP8].epToggle ^= USBFS_EPX_CNT_DATA_TOGGLE;
ARM GAS  C:\DOCUME~1\ADMINI~1\LOCALS~1\Temp\ccoseb5I.s 			page 17


 549:.\Generated_Source\PSoC5/USBFS_episr.c ****         }
 550:.\Generated_Source\PSoC5/USBFS_episr.c ****         USBFS_EP[USBFS_EP8].apiEpState = USBFS_EVENT_PENDING;
 551:.\Generated_Source\PSoC5/USBFS_episr.c ****         CY_SET_REG8(USBFS_SIE_EP_INT_SR_PTR, CY_GET_REG8(USBFS_SIE_EP_INT_SR_PTR)
 552:.\Generated_Source\PSoC5/USBFS_episr.c ****                                                                         & ~USBFS_SIE_EP_INT_EP8_MAS
 553:.\Generated_Source\PSoC5/USBFS_episr.c **** 
 554:.\Generated_Source\PSoC5/USBFS_episr.c ****         #if defined(USBFS_ENABLE_MIDI_STREAMING) && (USBFS_ENABLE_MIDI_API != 0u) && \
 555:.\Generated_Source\PSoC5/USBFS_episr.c ****             (USBFS_EP_MM == USBFS__EP_DMAAUTO) 
 556:.\Generated_Source\PSoC5/USBFS_episr.c ****             if(USBFS_midi_out_ep == USBFS_EP8)
 557:.\Generated_Source\PSoC5/USBFS_episr.c ****             {
 558:.\Generated_Source\PSoC5/USBFS_episr.c ****                 USBFS_MIDI_OUT_EP_Service();
 559:.\Generated_Source\PSoC5/USBFS_episr.c ****             }   
 560:.\Generated_Source\PSoC5/USBFS_episr.c ****         #endif /* End USBFS_ENABLE_MIDI_STREAMING*/
 561:.\Generated_Source\PSoC5/USBFS_episr.c **** 
 562:.\Generated_Source\PSoC5/USBFS_episr.c ****         /* `#START EP8_END_USER_CODE` Place your code here */
 563:.\Generated_Source\PSoC5/USBFS_episr.c **** 
 564:.\Generated_Source\PSoC5/USBFS_episr.c ****         /* `#END` */
 565:.\Generated_Source\PSoC5/USBFS_episr.c **** 
 566:.\Generated_Source\PSoC5/USBFS_episr.c ****         #if defined(USBFS_ENABLE_MIDI_STREAMING) && (USBFS_ENABLE_MIDI_API != 0u) && \
 567:.\Generated_Source\PSoC5/USBFS_episr.c ****             (USBFS_EP_MM == USBFS__EP_DMAAUTO) && (CY_PSOC3)
 568:.\Generated_Source\PSoC5/USBFS_episr.c ****             EA = int_en;
 569:.\Generated_Source\PSoC5/USBFS_episr.c ****         #endif /* CY_PSOC3 & ENABLE_MIDI_STREAMING */
 570:.\Generated_Source\PSoC5/USBFS_episr.c ****     }
 571:.\Generated_Source\PSoC5/USBFS_episr.c **** 
 572:.\Generated_Source\PSoC5/USBFS_episr.c **** #endif   /* End USBFS_EP8_ISR_REMOVE */
 573:.\Generated_Source\PSoC5/USBFS_episr.c **** 
 574:.\Generated_Source\PSoC5/USBFS_episr.c **** 
 575:.\Generated_Source\PSoC5/USBFS_episr.c **** /*******************************************************************************
 576:.\Generated_Source\PSoC5/USBFS_episr.c **** * Function Name: USBFS_SOF_ISR
 577:.\Generated_Source\PSoC5/USBFS_episr.c **** ********************************************************************************
 578:.\Generated_Source\PSoC5/USBFS_episr.c **** *
 579:.\Generated_Source\PSoC5/USBFS_episr.c **** * Summary:
 580:.\Generated_Source\PSoC5/USBFS_episr.c **** *  Start of Frame Interrupt Service Routine
 581:.\Generated_Source\PSoC5/USBFS_episr.c **** *
 582:.\Generated_Source\PSoC5/USBFS_episr.c **** * Parameters:
 583:.\Generated_Source\PSoC5/USBFS_episr.c **** *  None.
 584:.\Generated_Source\PSoC5/USBFS_episr.c **** *
 585:.\Generated_Source\PSoC5/USBFS_episr.c **** * Return:
 586:.\Generated_Source\PSoC5/USBFS_episr.c **** *  None.
 587:.\Generated_Source\PSoC5/USBFS_episr.c **** *
 588:.\Generated_Source\PSoC5/USBFS_episr.c **** *******************************************************************************/
 589:.\Generated_Source\PSoC5/USBFS_episr.c **** CY_ISR(USBFS_SOF_ISR)
 590:.\Generated_Source\PSoC5/USBFS_episr.c **** {
 361              		.loc 1 590 0
 362              		.cfi_startproc
 363              		@ args = 0, pretend = 0, frame = 0
 364              		@ frame_needed = 0, uses_anonymous_args = 0
 365              		@ link register save eliminated.
 591:.\Generated_Source\PSoC5/USBFS_episr.c ****     /* `#START SOF_USER_CODE` Place your code here */
 592:.\Generated_Source\PSoC5/USBFS_episr.c **** 
 593:.\Generated_Source\PSoC5/USBFS_episr.c ****     /* `#END` */
 594:.\Generated_Source\PSoC5/USBFS_episr.c **** }
 366              		.loc 1 594 0
 367 0000 7047     		bx	lr
 368              		.cfi_endproc
 369              	.LFE7:
 370              		.size	USBFS_SOF_ISR, .-USBFS_SOF_ISR
 371              		.section	.text.USBFS_BUS_RESET_ISR,"ax",%progbits
ARM GAS  C:\DOCUME~1\ADMINI~1\LOCALS~1\Temp\ccoseb5I.s 			page 18


 372              		.align	1
 373              		.global	USBFS_BUS_RESET_ISR
 374              		.thumb
 375              		.thumb_func
 376              		.type	USBFS_BUS_RESET_ISR, %function
 377              	USBFS_BUS_RESET_ISR:
 378              	.LFB8:
 595:.\Generated_Source\PSoC5/USBFS_episr.c **** 
 596:.\Generated_Source\PSoC5/USBFS_episr.c **** 
 597:.\Generated_Source\PSoC5/USBFS_episr.c **** /*******************************************************************************
 598:.\Generated_Source\PSoC5/USBFS_episr.c **** * Function Name: USBFS_BUS_RESET_ISR
 599:.\Generated_Source\PSoC5/USBFS_episr.c **** ********************************************************************************
 600:.\Generated_Source\PSoC5/USBFS_episr.c **** *
 601:.\Generated_Source\PSoC5/USBFS_episr.c **** * Summary:
 602:.\Generated_Source\PSoC5/USBFS_episr.c **** *  USB Bus Reset Interrupt Service Routine.  Calls _Start with the same
 603:.\Generated_Source\PSoC5/USBFS_episr.c **** *  parameters as the last USER call to _Start
 604:.\Generated_Source\PSoC5/USBFS_episr.c **** *
 605:.\Generated_Source\PSoC5/USBFS_episr.c **** * Parameters:
 606:.\Generated_Source\PSoC5/USBFS_episr.c **** *  None.
 607:.\Generated_Source\PSoC5/USBFS_episr.c **** *
 608:.\Generated_Source\PSoC5/USBFS_episr.c **** * Return:
 609:.\Generated_Source\PSoC5/USBFS_episr.c **** *  None.
 610:.\Generated_Source\PSoC5/USBFS_episr.c **** *
 611:.\Generated_Source\PSoC5/USBFS_episr.c **** *******************************************************************************/
 612:.\Generated_Source\PSoC5/USBFS_episr.c **** CY_ISR(USBFS_BUS_RESET_ISR)
 613:.\Generated_Source\PSoC5/USBFS_episr.c **** {
 379              		.loc 1 613 0
 380              		.cfi_startproc
 381              		@ args = 0, pretend = 0, frame = 0
 382              		@ frame_needed = 0, uses_anonymous_args = 0
 383              		@ link register save eliminated.
 614:.\Generated_Source\PSoC5/USBFS_episr.c ****     /* `#START BUS_RESET_USER_CODE` Place your code here */
 615:.\Generated_Source\PSoC5/USBFS_episr.c **** 	bUSBResetDetected = 1;
 384              		.loc 1 615 0
 385 0000 024B     		ldr	r3, .L41
 386 0002 0122     		movs	r2, #1
 387 0004 1A70     		strb	r2, [r3, #0]
 616:.\Generated_Source\PSoC5/USBFS_episr.c ****     /* `#END` */
 617:.\Generated_Source\PSoC5/USBFS_episr.c **** 
 618:.\Generated_Source\PSoC5/USBFS_episr.c ****     USBFS_ReInitComponent();
 619:.\Generated_Source\PSoC5/USBFS_episr.c **** }
 388              		.loc 1 619 0
 389              		.loc 1 618 0
 390 0006 FFF7FEBF 		b	USBFS_ReInitComponent
 391              	.L42:
 392 000a 00BF     		.align	2
 393              	.L41:
 394 000c 00000000 		.word	bUSBResetDetected
 395              		.cfi_endproc
 396              	.LFE8:
 397              		.size	USBFS_BUS_RESET_ISR, .-USBFS_BUS_RESET_ISR
 398              		.text
 399              	.Letext0:
 400              		.file 2 ".\\Generated_Source\\PSoC5\\/cytypes.h"
 401              		.file 3 ".\\Generated_Source\\PSoC5\\/USBFS.h"
 402              		.section	.debug_info
 403 0000 10020000 		.4byte	0x210
ARM GAS  C:\DOCUME~1\ADMINI~1\LOCALS~1\Temp\ccoseb5I.s 			page 19


 404 0004 0200     		.2byte	0x2
 405 0006 00000000 		.4byte	.Ldebug_abbrev0
 406 000a 04       		.byte	0x4
 407 000b 01       		.uleb128 0x1
 408 000c 79010000 		.4byte	.LASF35
 409 0010 01       		.byte	0x1
 410 0011 97000000 		.4byte	.LASF36
 411 0015 F4010000 		.4byte	.LASF37
 412 0019 00000000 		.4byte	0x0
 413 001d 00000000 		.4byte	0x0
 414 0021 00000000 		.4byte	.Ldebug_ranges0+0x0
 415 0025 00000000 		.4byte	.Ldebug_line0
 416 0029 02       		.uleb128 0x2
 417 002a 01       		.byte	0x1
 418 002b 06       		.byte	0x6
 419 002c E8010000 		.4byte	.LASF0
 420 0030 02       		.uleb128 0x2
 421 0031 01       		.byte	0x1
 422 0032 08       		.byte	0x8
 423 0033 89000000 		.4byte	.LASF1
 424 0037 02       		.uleb128 0x2
 425 0038 02       		.byte	0x2
 426 0039 05       		.byte	0x5
 427 003a A7010000 		.4byte	.LASF2
 428 003e 02       		.uleb128 0x2
 429 003f 02       		.byte	0x2
 430 0040 07       		.byte	0x7
 431 0041 2C000000 		.4byte	.LASF3
 432 0045 02       		.uleb128 0x2
 433 0046 04       		.byte	0x4
 434 0047 05       		.byte	0x5
 435 0048 D0010000 		.4byte	.LASF4
 436 004c 02       		.uleb128 0x2
 437 004d 04       		.byte	0x4
 438 004e 07       		.byte	0x7
 439 004f BE000000 		.4byte	.LASF5
 440 0053 02       		.uleb128 0x2
 441 0054 08       		.byte	0x8
 442 0055 05       		.byte	0x5
 443 0056 00000000 		.4byte	.LASF6
 444 005a 02       		.uleb128 0x2
 445 005b 08       		.byte	0x8
 446 005c 07       		.byte	0x7
 447 005d 33010000 		.4byte	.LASF7
 448 0061 03       		.uleb128 0x3
 449 0062 04       		.byte	0x4
 450 0063 05       		.byte	0x5
 451 0064 696E7400 		.ascii	"int\000"
 452 0068 02       		.uleb128 0x2
 453 0069 04       		.byte	0x4
 454 006a 07       		.byte	0x7
 455 006b 26010000 		.4byte	.LASF8
 456 006f 04       		.uleb128 0x4
 457 0070 B1010000 		.4byte	.LASF9
 458 0074 02       		.byte	0x2
 459 0075 4C       		.byte	0x4c
 460 0076 30000000 		.4byte	0x30
ARM GAS  C:\DOCUME~1\ADMINI~1\LOCALS~1\Temp\ccoseb5I.s 			page 20


 461 007a 04       		.uleb128 0x4
 462 007b 14010000 		.4byte	.LASF10
 463 007f 02       		.byte	0x2
 464 0080 4D       		.byte	0x4d
 465 0081 3E000000 		.4byte	0x3e
 466 0085 02       		.uleb128 0x2
 467 0086 04       		.byte	0x4
 468 0087 04       		.byte	0x4
 469 0088 7A000000 		.4byte	.LASF11
 470 008c 02       		.uleb128 0x2
 471 008d 08       		.byte	0x8
 472 008e 04       		.byte	0x4
 473 008f FB000000 		.4byte	.LASF12
 474 0093 02       		.uleb128 0x2
 475 0094 01       		.byte	0x1
 476 0095 08       		.byte	0x8
 477 0096 85010000 		.4byte	.LASF13
 478 009a 05       		.uleb128 0x5
 479 009b 6F000000 		.4byte	0x6f
 480 009f 06       		.uleb128 0x6
 481 00a0 04       		.byte	0x4
 482 00a1 07       		.byte	0x7
 483 00a2 07       		.uleb128 0x7
 484 00a3 8A010000 		.4byte	.LASF38
 485 00a7 0C       		.byte	0xc
 486 00a8 03       		.byte	0x3
 487 00a9 7B       		.byte	0x7b
 488 00aa 2D010000 		.4byte	0x12d
 489 00ae 08       		.uleb128 0x8
 490 00af 02010000 		.4byte	.LASF14
 491 00b3 03       		.byte	0x3
 492 00b4 7C       		.byte	0x7c
 493 00b5 6F000000 		.4byte	0x6f
 494 00b9 02       		.byte	0x2
 495 00ba 23       		.byte	0x23
 496 00bb 00       		.uleb128 0x0
 497 00bc 08       		.uleb128 0x8
 498 00bd 1B010000 		.4byte	.LASF15
 499 00c1 03       		.byte	0x3
 500 00c2 7D       		.byte	0x7d
 501 00c3 6F000000 		.4byte	0x6f
 502 00c7 02       		.byte	0x2
 503 00c8 23       		.byte	0x23
 504 00c9 01       		.uleb128 0x1
 505 00ca 08       		.uleb128 0x8
 506 00cb 4A010000 		.4byte	.LASF16
 507 00cf 03       		.byte	0x3
 508 00d0 7E       		.byte	0x7e
 509 00d1 6F000000 		.4byte	0x6f
 510 00d5 02       		.byte	0x2
 511 00d6 23       		.byte	0x23
 512 00d7 02       		.uleb128 0x2
 513 00d8 08       		.uleb128 0x8
 514 00d9 80000000 		.4byte	.LASF17
 515 00dd 03       		.byte	0x3
 516 00de 7F       		.byte	0x7f
 517 00df 6F000000 		.4byte	0x6f
ARM GAS  C:\DOCUME~1\ADMINI~1\LOCALS~1\Temp\ccoseb5I.s 			page 21


 518 00e3 02       		.byte	0x2
 519 00e4 23       		.byte	0x23
 520 00e5 03       		.uleb128 0x3
 521 00e6 08       		.uleb128 0x8
 522 00e7 D0000000 		.4byte	.LASF18
 523 00eb 03       		.byte	0x3
 524 00ec 80       		.byte	0x80
 525 00ed 6F000000 		.4byte	0x6f
 526 00f1 02       		.byte	0x2
 527 00f2 23       		.byte	0x23
 528 00f3 04       		.uleb128 0x4
 529 00f4 08       		.uleb128 0x8
 530 00f5 72010000 		.4byte	.LASF19
 531 00f9 03       		.byte	0x3
 532 00fa 81       		.byte	0x81
 533 00fb 6F000000 		.4byte	0x6f
 534 00ff 02       		.byte	0x2
 535 0100 23       		.byte	0x23
 536 0101 05       		.uleb128 0x5
 537 0102 08       		.uleb128 0x8
 538 0103 09010000 		.4byte	.LASF20
 539 0107 03       		.byte	0x3
 540 0108 82       		.byte	0x82
 541 0109 7A000000 		.4byte	0x7a
 542 010d 02       		.byte	0x2
 543 010e 23       		.byte	0x23
 544 010f 06       		.uleb128 0x6
 545 0110 08       		.uleb128 0x8
 546 0111 9C010000 		.4byte	.LASF21
 547 0115 03       		.byte	0x3
 548 0116 83       		.byte	0x83
 549 0117 7A000000 		.4byte	0x7a
 550 011b 02       		.byte	0x2
 551 011c 23       		.byte	0x23
 552 011d 08       		.uleb128 0x8
 553 011e 08       		.uleb128 0x8
 554 011f B7010000 		.4byte	.LASF22
 555 0123 03       		.byte	0x3
 556 0124 84       		.byte	0x84
 557 0125 6F000000 		.4byte	0x6f
 558 0129 02       		.byte	0x2
 559 012a 23       		.byte	0x23
 560 012b 0A       		.uleb128 0xa
 561 012c 00       		.byte	0x0
 562 012d 04       		.uleb128 0x4
 563 012e 51000000 		.4byte	.LASF23
 564 0132 03       		.byte	0x3
 565 0133 85       		.byte	0x85
 566 0134 A2000000 		.4byte	0xa2
 567 0138 09       		.uleb128 0x9
 568 0139 01       		.byte	0x1
 569 013a 63010000 		.4byte	.LASF24
 570 013e 01       		.byte	0x1
 571 013f 48       		.byte	0x48
 572 0140 01       		.byte	0x1
 573 0141 00000000 		.4byte	.LFB0
 574 0145 38000000 		.4byte	.LFE0
ARM GAS  C:\DOCUME~1\ADMINI~1\LOCALS~1\Temp\ccoseb5I.s 			page 22


 575 0149 01       		.byte	0x1
 576 014a 5D       		.byte	0x5d
 577 014b 09       		.uleb128 0x9
 578 014c 01       		.byte	0x1
 579 014d D9010000 		.4byte	.LASF25
 580 0151 01       		.byte	0x1
 581 0152 89       		.byte	0x89
 582 0153 01       		.byte	0x1
 583 0154 00000000 		.4byte	.LFB1
 584 0158 38000000 		.4byte	.LFE1
 585 015c 01       		.byte	0x1
 586 015d 5D       		.byte	0x5d
 587 015e 09       		.uleb128 0x9
 588 015f 01       		.byte	0x1
 589 0160 1D000000 		.4byte	.LASF26
 590 0164 01       		.byte	0x1
 591 0165 CA       		.byte	0xca
 592 0166 01       		.byte	0x1
 593 0167 00000000 		.4byte	.LFB2
 594 016b 40000000 		.4byte	.LFE2
 595 016f 01       		.byte	0x1
 596 0170 5D       		.byte	0x5d
 597 0171 0A       		.uleb128 0xa
 598 0172 01       		.byte	0x1
 599 0173 D5000000 		.4byte	.LASF27
 600 0177 01       		.byte	0x1
 601 0178 0B01     		.2byte	0x10b
 602 017a 01       		.byte	0x1
 603 017b 00000000 		.4byte	.LFB3
 604 017f 40000000 		.4byte	.LFE3
 605 0183 01       		.byte	0x1
 606 0184 5D       		.byte	0x5d
 607 0185 0A       		.uleb128 0xa
 608 0186 01       		.byte	0x1
 609 0187 54010000 		.4byte	.LASF28
 610 018b 01       		.byte	0x1
 611 018c 4C01     		.2byte	0x14c
 612 018e 01       		.byte	0x1
 613 018f 00000000 		.4byte	.LFB4
 614 0193 40000000 		.4byte	.LFE4
 615 0197 01       		.byte	0x1
 616 0198 5D       		.byte	0x5d
 617 0199 0A       		.uleb128 0xa
 618 019a 01       		.byte	0x1
 619 019b C1010000 		.4byte	.LASF29
 620 019f 01       		.byte	0x1
 621 01a0 8C01     		.2byte	0x18c
 622 01a2 01       		.byte	0x1
 623 01a3 00000000 		.4byte	.LFB5
 624 01a7 40000000 		.4byte	.LFE5
 625 01ab 01       		.byte	0x1
 626 01ac 5D       		.byte	0x5d
 627 01ad 0A       		.uleb128 0xa
 628 01ae 01       		.byte	0x1
 629 01af 0E000000 		.4byte	.LASF30
 630 01b3 01       		.byte	0x1
 631 01b4 CD01     		.2byte	0x1cd
ARM GAS  C:\DOCUME~1\ADMINI~1\LOCALS~1\Temp\ccoseb5I.s 			page 23


 632 01b6 01       		.byte	0x1
 633 01b7 00000000 		.4byte	.LFB6
 634 01bb 40000000 		.4byte	.LFE6
 635 01bf 01       		.byte	0x1
 636 01c0 5D       		.byte	0x5d
 637 01c1 0A       		.uleb128 0xa
 638 01c2 01       		.byte	0x1
 639 01c3 E4000000 		.4byte	.LASF31
 640 01c7 01       		.byte	0x1
 641 01c8 4D02     		.2byte	0x24d
 642 01ca 01       		.byte	0x1
 643 01cb 00000000 		.4byte	.LFB7
 644 01cf 02000000 		.4byte	.LFE7
 645 01d3 01       		.byte	0x1
 646 01d4 5D       		.byte	0x5d
 647 01d5 0A       		.uleb128 0xa
 648 01d6 01       		.byte	0x1
 649 01d7 66000000 		.4byte	.LASF32
 650 01db 01       		.byte	0x1
 651 01dc 6402     		.2byte	0x264
 652 01de 01       		.byte	0x1
 653 01df 00000000 		.4byte	.LFB8
 654 01e3 10000000 		.4byte	.LFE8
 655 01e7 01       		.byte	0x1
 656 01e8 5D       		.byte	0x5d
 657 01e9 0B       		.uleb128 0xb
 658 01ea 3F000000 		.4byte	.LASF33
 659 01ee 01       		.byte	0x1
 660 01ef 18       		.byte	0x18
 661 01f0 9A000000 		.4byte	0x9a
 662 01f4 01       		.byte	0x1
 663 01f5 01       		.byte	0x1
 664 01f6 0C       		.uleb128 0xc
 665 01f7 2D010000 		.4byte	0x12d
 666 01fb 01020000 		.4byte	0x201
 667 01ff 0D       		.uleb128 0xd
 668 0200 00       		.byte	0x0
 669 0201 0B       		.uleb128 0xb
 670 0202 F2000000 		.4byte	.LASF34
 671 0206 01       		.byte	0x1
 672 0207 2B       		.byte	0x2b
 673 0208 0E020000 		.4byte	0x20e
 674 020c 01       		.byte	0x1
 675 020d 01       		.byte	0x1
 676 020e 05       		.uleb128 0x5
 677 020f F6010000 		.4byte	0x1f6
 678 0213 00       		.byte	0x0
 679              		.section	.debug_abbrev
 680 0000 01       		.uleb128 0x1
 681 0001 11       		.uleb128 0x11
 682 0002 01       		.byte	0x1
 683 0003 25       		.uleb128 0x25
 684 0004 0E       		.uleb128 0xe
 685 0005 13       		.uleb128 0x13
 686 0006 0B       		.uleb128 0xb
 687 0007 03       		.uleb128 0x3
 688 0008 0E       		.uleb128 0xe
ARM GAS  C:\DOCUME~1\ADMINI~1\LOCALS~1\Temp\ccoseb5I.s 			page 24


 689 0009 1B       		.uleb128 0x1b
 690 000a 0E       		.uleb128 0xe
 691 000b 11       		.uleb128 0x11
 692 000c 01       		.uleb128 0x1
 693 000d 52       		.uleb128 0x52
 694 000e 01       		.uleb128 0x1
 695 000f 55       		.uleb128 0x55
 696 0010 06       		.uleb128 0x6
 697 0011 10       		.uleb128 0x10
 698 0012 06       		.uleb128 0x6
 699 0013 00       		.byte	0x0
 700 0014 00       		.byte	0x0
 701 0015 02       		.uleb128 0x2
 702 0016 24       		.uleb128 0x24
 703 0017 00       		.byte	0x0
 704 0018 0B       		.uleb128 0xb
 705 0019 0B       		.uleb128 0xb
 706 001a 3E       		.uleb128 0x3e
 707 001b 0B       		.uleb128 0xb
 708 001c 03       		.uleb128 0x3
 709 001d 0E       		.uleb128 0xe
 710 001e 00       		.byte	0x0
 711 001f 00       		.byte	0x0
 712 0020 03       		.uleb128 0x3
 713 0021 24       		.uleb128 0x24
 714 0022 00       		.byte	0x0
 715 0023 0B       		.uleb128 0xb
 716 0024 0B       		.uleb128 0xb
 717 0025 3E       		.uleb128 0x3e
 718 0026 0B       		.uleb128 0xb
 719 0027 03       		.uleb128 0x3
 720 0028 08       		.uleb128 0x8
 721 0029 00       		.byte	0x0
 722 002a 00       		.byte	0x0
 723 002b 04       		.uleb128 0x4
 724 002c 16       		.uleb128 0x16
 725 002d 00       		.byte	0x0
 726 002e 03       		.uleb128 0x3
 727 002f 0E       		.uleb128 0xe
 728 0030 3A       		.uleb128 0x3a
 729 0031 0B       		.uleb128 0xb
 730 0032 3B       		.uleb128 0x3b
 731 0033 0B       		.uleb128 0xb
 732 0034 49       		.uleb128 0x49
 733 0035 13       		.uleb128 0x13
 734 0036 00       		.byte	0x0
 735 0037 00       		.byte	0x0
 736 0038 05       		.uleb128 0x5
 737 0039 35       		.uleb128 0x35
 738 003a 00       		.byte	0x0
 739 003b 49       		.uleb128 0x49
 740 003c 13       		.uleb128 0x13
 741 003d 00       		.byte	0x0
 742 003e 00       		.byte	0x0
 743 003f 06       		.uleb128 0x6
 744 0040 24       		.uleb128 0x24
 745 0041 00       		.byte	0x0
ARM GAS  C:\DOCUME~1\ADMINI~1\LOCALS~1\Temp\ccoseb5I.s 			page 25


 746 0042 0B       		.uleb128 0xb
 747 0043 0B       		.uleb128 0xb
 748 0044 3E       		.uleb128 0x3e
 749 0045 0B       		.uleb128 0xb
 750 0046 00       		.byte	0x0
 751 0047 00       		.byte	0x0
 752 0048 07       		.uleb128 0x7
 753 0049 13       		.uleb128 0x13
 754 004a 01       		.byte	0x1
 755 004b 03       		.uleb128 0x3
 756 004c 0E       		.uleb128 0xe
 757 004d 0B       		.uleb128 0xb
 758 004e 0B       		.uleb128 0xb
 759 004f 3A       		.uleb128 0x3a
 760 0050 0B       		.uleb128 0xb
 761 0051 3B       		.uleb128 0x3b
 762 0052 0B       		.uleb128 0xb
 763 0053 01       		.uleb128 0x1
 764 0054 13       		.uleb128 0x13
 765 0055 00       		.byte	0x0
 766 0056 00       		.byte	0x0
 767 0057 08       		.uleb128 0x8
 768 0058 0D       		.uleb128 0xd
 769 0059 00       		.byte	0x0
 770 005a 03       		.uleb128 0x3
 771 005b 0E       		.uleb128 0xe
 772 005c 3A       		.uleb128 0x3a
 773 005d 0B       		.uleb128 0xb
 774 005e 3B       		.uleb128 0x3b
 775 005f 0B       		.uleb128 0xb
 776 0060 49       		.uleb128 0x49
 777 0061 13       		.uleb128 0x13
 778 0062 38       		.uleb128 0x38
 779 0063 0A       		.uleb128 0xa
 780 0064 00       		.byte	0x0
 781 0065 00       		.byte	0x0
 782 0066 09       		.uleb128 0x9
 783 0067 2E       		.uleb128 0x2e
 784 0068 00       		.byte	0x0
 785 0069 3F       		.uleb128 0x3f
 786 006a 0C       		.uleb128 0xc
 787 006b 03       		.uleb128 0x3
 788 006c 0E       		.uleb128 0xe
 789 006d 3A       		.uleb128 0x3a
 790 006e 0B       		.uleb128 0xb
 791 006f 3B       		.uleb128 0x3b
 792 0070 0B       		.uleb128 0xb
 793 0071 27       		.uleb128 0x27
 794 0072 0C       		.uleb128 0xc
 795 0073 11       		.uleb128 0x11
 796 0074 01       		.uleb128 0x1
 797 0075 12       		.uleb128 0x12
 798 0076 01       		.uleb128 0x1
 799 0077 40       		.uleb128 0x40
 800 0078 0A       		.uleb128 0xa
 801 0079 00       		.byte	0x0
 802 007a 00       		.byte	0x0
ARM GAS  C:\DOCUME~1\ADMINI~1\LOCALS~1\Temp\ccoseb5I.s 			page 26


 803 007b 0A       		.uleb128 0xa
 804 007c 2E       		.uleb128 0x2e
 805 007d 00       		.byte	0x0
 806 007e 3F       		.uleb128 0x3f
 807 007f 0C       		.uleb128 0xc
 808 0080 03       		.uleb128 0x3
 809 0081 0E       		.uleb128 0xe
 810 0082 3A       		.uleb128 0x3a
 811 0083 0B       		.uleb128 0xb
 812 0084 3B       		.uleb128 0x3b
 813 0085 05       		.uleb128 0x5
 814 0086 27       		.uleb128 0x27
 815 0087 0C       		.uleb128 0xc
 816 0088 11       		.uleb128 0x11
 817 0089 01       		.uleb128 0x1
 818 008a 12       		.uleb128 0x12
 819 008b 01       		.uleb128 0x1
 820 008c 40       		.uleb128 0x40
 821 008d 0A       		.uleb128 0xa
 822 008e 00       		.byte	0x0
 823 008f 00       		.byte	0x0
 824 0090 0B       		.uleb128 0xb
 825 0091 34       		.uleb128 0x34
 826 0092 00       		.byte	0x0
 827 0093 03       		.uleb128 0x3
 828 0094 0E       		.uleb128 0xe
 829 0095 3A       		.uleb128 0x3a
 830 0096 0B       		.uleb128 0xb
 831 0097 3B       		.uleb128 0x3b
 832 0098 0B       		.uleb128 0xb
 833 0099 49       		.uleb128 0x49
 834 009a 13       		.uleb128 0x13
 835 009b 3F       		.uleb128 0x3f
 836 009c 0C       		.uleb128 0xc
 837 009d 3C       		.uleb128 0x3c
 838 009e 0C       		.uleb128 0xc
 839 009f 00       		.byte	0x0
 840 00a0 00       		.byte	0x0
 841 00a1 0C       		.uleb128 0xc
 842 00a2 01       		.uleb128 0x1
 843 00a3 01       		.byte	0x1
 844 00a4 49       		.uleb128 0x49
 845 00a5 13       		.uleb128 0x13
 846 00a6 01       		.uleb128 0x1
 847 00a7 13       		.uleb128 0x13
 848 00a8 00       		.byte	0x0
 849 00a9 00       		.byte	0x0
 850 00aa 0D       		.uleb128 0xd
 851 00ab 21       		.uleb128 0x21
 852 00ac 00       		.byte	0x0
 853 00ad 00       		.byte	0x0
 854 00ae 00       		.byte	0x0
 855 00af 00       		.byte	0x0
 856              		.section	.debug_pubnames,"",%progbits
 857 0000 BD000000 		.4byte	0xbd
 858 0004 0200     		.2byte	0x2
 859 0006 00000000 		.4byte	.Ldebug_info0
ARM GAS  C:\DOCUME~1\ADMINI~1\LOCALS~1\Temp\ccoseb5I.s 			page 27


 860 000a 14020000 		.4byte	0x214
 861 000e 38010000 		.4byte	0x138
 862 0012 55534246 		.ascii	"USBFS_EP_1_ISR\000"
 862      535F4550 
 862      5F315F49 
 862      535200
 863 0021 4B010000 		.4byte	0x14b
 864 0025 55534246 		.ascii	"USBFS_EP_2_ISR\000"
 864      535F4550 
 864      5F325F49 
 864      535200
 865 0034 5E010000 		.4byte	0x15e
 866 0038 55534246 		.ascii	"USBFS_EP_3_ISR\000"
 866      535F4550 
 866      5F335F49 
 866      535200
 867 0047 71010000 		.4byte	0x171
 868 004b 55534246 		.ascii	"USBFS_EP_4_ISR\000"
 868      535F4550 
 868      5F345F49 
 868      535200
 869 005a 85010000 		.4byte	0x185
 870 005e 55534246 		.ascii	"USBFS_EP_5_ISR\000"
 870      535F4550 
 870      5F355F49 
 870      535200
 871 006d 99010000 		.4byte	0x199
 872 0071 55534246 		.ascii	"USBFS_EP_6_ISR\000"
 872      535F4550 
 872      5F365F49 
 872      535200
 873 0080 AD010000 		.4byte	0x1ad
 874 0084 55534246 		.ascii	"USBFS_EP_7_ISR\000"
 874      535F4550 
 874      5F375F49 
 874      535200
 875 0093 C1010000 		.4byte	0x1c1
 876 0097 55534246 		.ascii	"USBFS_SOF_ISR\000"
 876      535F534F 
 876      465F4953 
 876      5200
 877 00a5 D5010000 		.4byte	0x1d5
 878 00a9 55534246 		.ascii	"USBFS_BUS_RESET_ISR\000"
 878      535F4255 
 878      535F5245 
 878      5345545F 
 878      49535200 
 879 00bd 00000000 		.4byte	0x0
 880              		.section	.debug_aranges,"",%progbits
 881 0000 5C000000 		.4byte	0x5c
 882 0004 0200     		.2byte	0x2
 883 0006 00000000 		.4byte	.Ldebug_info0
 884 000a 04       		.byte	0x4
 885 000b 00       		.byte	0x0
 886 000c 0000     		.2byte	0x0
 887 000e 0000     		.2byte	0x0
 888 0010 00000000 		.4byte	.LFB0
ARM GAS  C:\DOCUME~1\ADMINI~1\LOCALS~1\Temp\ccoseb5I.s 			page 28


 889 0014 38000000 		.4byte	.LFE0-.LFB0
 890 0018 00000000 		.4byte	.LFB1
 891 001c 38000000 		.4byte	.LFE1-.LFB1
 892 0020 00000000 		.4byte	.LFB2
 893 0024 40000000 		.4byte	.LFE2-.LFB2
 894 0028 00000000 		.4byte	.LFB3
 895 002c 40000000 		.4byte	.LFE3-.LFB3
 896 0030 00000000 		.4byte	.LFB4
 897 0034 40000000 		.4byte	.LFE4-.LFB4
 898 0038 00000000 		.4byte	.LFB5
 899 003c 40000000 		.4byte	.LFE5-.LFB5
 900 0040 00000000 		.4byte	.LFB6
 901 0044 40000000 		.4byte	.LFE6-.LFB6
 902 0048 00000000 		.4byte	.LFB7
 903 004c 02000000 		.4byte	.LFE7-.LFB7
 904 0050 00000000 		.4byte	.LFB8
 905 0054 10000000 		.4byte	.LFE8-.LFB8
 906 0058 00000000 		.4byte	0x0
 907 005c 00000000 		.4byte	0x0
 908              		.section	.debug_ranges,"",%progbits
 909              	.Ldebug_ranges0:
 910 0000 00000000 		.4byte	.Ltext0
 911 0004 00000000 		.4byte	.Letext0
 912 0008 00000000 		.4byte	.LFB0
 913 000c 38000000 		.4byte	.LFE0
 914 0010 00000000 		.4byte	.LFB1
 915 0014 38000000 		.4byte	.LFE1
 916 0018 00000000 		.4byte	.LFB2
 917 001c 40000000 		.4byte	.LFE2
 918 0020 00000000 		.4byte	.LFB3
 919 0024 40000000 		.4byte	.LFE3
 920 0028 00000000 		.4byte	.LFB4
 921 002c 40000000 		.4byte	.LFE4
 922 0030 00000000 		.4byte	.LFB5
 923 0034 40000000 		.4byte	.LFE5
 924 0038 00000000 		.4byte	.LFB6
 925 003c 40000000 		.4byte	.LFE6
 926 0040 00000000 		.4byte	.LFB7
 927 0044 02000000 		.4byte	.LFE7
 928 0048 00000000 		.4byte	.LFB8
 929 004c 10000000 		.4byte	.LFE8
 930 0050 00000000 		.4byte	0x0
 931 0054 00000000 		.4byte	0x0
 932              		.section	.debug_str,"MS",%progbits,1
 933              	.LASF6:
 934 0000 6C6F6E67 		.ascii	"long long int\000"
 934      206C6F6E 
 934      6720696E 
 934      7400
 935              	.LASF30:
 936 000e 55534246 		.ascii	"USBFS_EP_7_ISR\000"
 936      535F4550 
 936      5F375F49 
 936      535200
 937              	.LASF26:
 938 001d 55534246 		.ascii	"USBFS_EP_3_ISR\000"
 938      535F4550 
ARM GAS  C:\DOCUME~1\ADMINI~1\LOCALS~1\Temp\ccoseb5I.s 			page 29


 938      5F335F49 
 938      535200
 939              	.LASF3:
 940 002c 73686F72 		.ascii	"short unsigned int\000"
 940      7420756E 
 940      7369676E 
 940      65642069 
 940      6E7400
 941              	.LASF33:
 942 003f 62555342 		.ascii	"bUSBResetDetected\000"
 942      52657365 
 942      74446574 
 942      65637465 
 942      6400
 943              	.LASF23:
 944 0051 545F5553 		.ascii	"T_USBFS_EP_CTL_BLOCK\000"
 944      4246535F 
 944      45505F43 
 944      544C5F42 
 944      4C4F434B 
 945              	.LASF32:
 946 0066 55534246 		.ascii	"USBFS_BUS_RESET_ISR\000"
 946      535F4255 
 946      535F5245 
 946      5345545F 
 946      49535200 
 947              	.LASF11:
 948 007a 666C6F61 		.ascii	"float\000"
 948      7400
 949              	.LASF17:
 950 0080 6570546F 		.ascii	"epToggle\000"
 950      67676C65 
 950      00
 951              	.LASF1:
 952 0089 756E7369 		.ascii	"unsigned char\000"
 952      676E6564 
 952      20636861 
 952      7200
 953              	.LASF36:
 954 0097 2E5C4765 		.ascii	".\\Generated_Source\\PSoC5\\USBFS_episr.c\000"
 954      6E657261 
 954      7465645F 
 954      536F7572 
 954      63655C50 
 955              	.LASF5:
 956 00be 6C6F6E67 		.ascii	"long unsigned int\000"
 956      20756E73 
 956      69676E65 
 956      6420696E 
 956      7400
 957              	.LASF18:
 958 00d0 61646472 		.ascii	"addr\000"
 958      00
 959              	.LASF27:
 960 00d5 55534246 		.ascii	"USBFS_EP_4_ISR\000"
 960      535F4550 
 960      5F345F49 
ARM GAS  C:\DOCUME~1\ADMINI~1\LOCALS~1\Temp\ccoseb5I.s 			page 30


 960      535200
 961              	.LASF31:
 962 00e4 55534246 		.ascii	"USBFS_SOF_ISR\000"
 962      535F534F 
 962      465F4953 
 962      5200
 963              	.LASF34:
 964 00f2 55534246 		.ascii	"USBFS_EP\000"
 964      535F4550 
 964      00
 965              	.LASF12:
 966 00fb 646F7562 		.ascii	"double\000"
 966      6C6500
 967              	.LASF14:
 968 0102 61747472 		.ascii	"attrib\000"
 968      696200
 969              	.LASF20:
 970 0109 62756666 		.ascii	"buffOffset\000"
 970      4F666673 
 970      657400
 971              	.LASF10:
 972 0114 75696E74 		.ascii	"uint16\000"
 972      313600
 973              	.LASF15:
 974 011b 61706945 		.ascii	"apiEpState\000"
 974      70537461 
 974      746500
 975              	.LASF8:
 976 0126 756E7369 		.ascii	"unsigned int\000"
 976      676E6564 
 976      20696E74 
 976      00
 977              	.LASF7:
 978 0133 6C6F6E67 		.ascii	"long long unsigned int\000"
 978      206C6F6E 
 978      6720756E 
 978      7369676E 
 978      65642069 
 979              	.LASF16:
 980 014a 68774570 		.ascii	"hwEpState\000"
 980      53746174 
 980      6500
 981              	.LASF28:
 982 0154 55534246 		.ascii	"USBFS_EP_5_ISR\000"
 982      535F4550 
 982      5F355F49 
 982      535200
 983              	.LASF24:
 984 0163 55534246 		.ascii	"USBFS_EP_1_ISR\000"
 984      535F4550 
 984      5F315F49 
 984      535200
 985              	.LASF19:
 986 0172 65704D6F 		.ascii	"epMode\000"
 986      646500
 987              	.LASF35:
 988 0179 474E5520 		.ascii	"GNU C 4.4.1\000"
ARM GAS  C:\DOCUME~1\ADMINI~1\LOCALS~1\Temp\ccoseb5I.s 			page 31


 988      4320342E 
 988      342E3100 
 989              	.LASF13:
 990 0185 63686172 		.ascii	"char\000"
 990      00
 991              	.LASF38:
 992 018a 5F555342 		.ascii	"_USBFS_EpCtlBlock\000"
 992      46535F45 
 992      7043746C 
 992      426C6F63 
 992      6B00
 993              	.LASF21:
 994 019c 62756666 		.ascii	"bufferSize\000"
 994      65725369 
 994      7A6500
 995              	.LASF2:
 996 01a7 73686F72 		.ascii	"short int\000"
 996      7420696E 
 996      7400
 997              	.LASF9:
 998 01b1 75696E74 		.ascii	"uint8\000"
 998      3800
 999              	.LASF22:
 1000 01b7 696E7465 		.ascii	"interface\000"
 1000      72666163 
 1000      6500
 1001              	.LASF29:
 1002 01c1 55534246 		.ascii	"USBFS_EP_6_ISR\000"
 1002      535F4550 
 1002      5F365F49 
 1002      535200
 1003              	.LASF4:
 1004 01d0 6C6F6E67 		.ascii	"long int\000"
 1004      20696E74 
 1004      00
 1005              	.LASF25:
 1006 01d9 55534246 		.ascii	"USBFS_EP_2_ISR\000"
 1006      535F4550 
 1006      5F325F49 
 1006      535200
 1007              	.LASF0:
 1008 01e8 7369676E 		.ascii	"signed char\000"
 1008      65642063 
 1008      68617200 
 1009              	.LASF37:
 1010 01f4 5C5C7073 		.ascii	"\\\\psf\\Home\\Desktop\\KitProg version 2_03\\KitPr"
 1010      665C486F 
 1010      6D655C44 
 1010      65736B74 
 1010      6F705C4B 
 1011 0221 6F675C4B 		.ascii	"og\\KitProg.cydsn\000"
 1011      69745072 
 1011      6F672E63 
 1011      7964736E 
 1011      00
 1012              		.ident	"GCC: (Sourcery G++ Lite 2010q1-188) 4.4.1"
