ARM GAS  C:\DOCUME~1\ADMINI~1\LOCALS~1\Temp\ccsC3cDp.s 			page 1


   1              		.syntax unified
   2              		.cpu cortex-m3
   3              		.fpu softvfp
   4              		.eabi_attribute 20, 1
   5              		.eabi_attribute 21, 1
   6              		.eabi_attribute 23, 3
   7              		.eabi_attribute 24, 1
   8              		.eabi_attribute 25, 1
   9              		.eabi_attribute 26, 1
  10              		.eabi_attribute 30, 4
  11              		.eabi_attribute 18, 4
  12              		.thumb
  13              		.file	"USBFS_commandinterface.c"
  14              		.section	.debug_abbrev,"",%progbits
  15              	.Ldebug_abbrev0:
  16              		.section	.debug_info,"",%progbits
  17              	.Ldebug_info0:
  18              		.section	.debug_line,"",%progbits
  19              	.Ldebug_line0:
  20 0000 B7000000 		.text
  20      02007000 
  20      00000201 
  20      FB0E0D00 
  20      01010101 
  21              	.Ltext0:
  22              		.cfi_sections	.debug_frame
  23              		.section	.text.ProgramInit,"ax",%progbits
  24              		.align	1
  25              		.global	ProgramInit
  26              		.thumb
  27              		.thumb_func
  28              		.type	ProgramInit, %function
  29              	ProgramInit:
  30              	.LFB29:
  31              		.file 1 ".\\USBFS_commandinterface.c"
   1:.\USBFS_commandinterface.c **** /*****************************************************************************
   2:.\USBFS_commandinterface.c **** * File Name: USBFS_commandInterface.c
   3:.\USBFS_commandinterface.c **** *
   4:.\USBFS_commandinterface.c **** * Version 2.03
   5:.\USBFS_commandinterface.c **** *
   6:.\USBFS_commandinterface.c **** * Description: Handles the USB control endpoint comands.
   7:.\USBFS_commandinterface.c **** *
   8:.\USBFS_commandinterface.c **** * Owner:
   9:.\USBFS_commandinterface.c **** *	Ranjith M, Applications Engineer (rnjt@cypress.com)
  10:.\USBFS_commandinterface.c **** *
  11:.\USBFS_commandinterface.c **** * Related Document:
  12:.\USBFS_commandinterface.c **** * 	001-85925 - CY8CKIT-042 PSoC 4 Pioneer Kit IROS
  13:.\USBFS_commandinterface.c **** *	RNJT#18
  14:.\USBFS_commandinterface.c **** *
  15:.\USBFS_commandinterface.c **** * Hardware Dependency:
  16:.\USBFS_commandinterface.c **** * 	CY8CKIT-042 (KitProg) 
  17:.\USBFS_commandinterface.c **** *
  18:.\USBFS_commandinterface.c **** * Code Tested With:
  19:.\USBFS_commandinterface.c **** * 	Creator 2.2
  20:.\USBFS_commandinterface.c **** *	GCC1 4.4.1
  21:.\USBFS_commandinterface.c **** *	CY8CKIT-042 Rev 1
  22:.\USBFS_commandinterface.c **** *
ARM GAS  C:\DOCUME~1\ADMINI~1\LOCALS~1\Temp\ccsC3cDp.s 			page 2


  23:.\USBFS_commandinterface.c **** ******************************************************************************
  24:.\USBFS_commandinterface.c **** * Copyright (2013), Cypress Semiconductor Corporation.
  25:.\USBFS_commandinterface.c **** ******************************************************************************
  26:.\USBFS_commandinterface.c **** * This software is owned by Cypress Semiconductor Corporation (Cypress) and is
  27:.\USBFS_commandinterface.c **** * protected by and subject to worldwide patent protection (United States and
  28:.\USBFS_commandinterface.c **** * foreign), United States copyright laws and international treaty provisions.
  29:.\USBFS_commandinterface.c **** * Cypress hereby grants to licensee a personal, non-exclusive, non-transferable
  30:.\USBFS_commandinterface.c **** * license to copy, use, modify, create derivative works of, and compile the
  31:.\USBFS_commandinterface.c **** * Cypress Source Code and derivative works for the sole purpose of creating
  32:.\USBFS_commandinterface.c **** * custom software in support of licensee product to be used only in conjunction
  33:.\USBFS_commandinterface.c **** * with a Cypress integrated circuit as specified in the applicable agreement.
  34:.\USBFS_commandinterface.c **** * Any reproduction, modification, translation, compilation, or representation of
  35:.\USBFS_commandinterface.c **** * this software except as specified above is prohibited without the express
  36:.\USBFS_commandinterface.c **** * written permission of Cypress.
  37:.\USBFS_commandinterface.c **** *
  38:.\USBFS_commandinterface.c **** * Disclaimer: CYPRESS MAKES NO WARRANTY OF ANY KIND, EXPRESS OR IMPLIED, WITH
  39:.\USBFS_commandinterface.c **** * REGARD TO THIS MATERIAL, INCLUDING, BUT NOT LIMITED TO, THE IMPLIED
  40:.\USBFS_commandinterface.c **** * WARRANTIES OF MERCHANTABILITY AND FITNESS FOR A PARTICULAR PURPOSE.
  41:.\USBFS_commandinterface.c **** * Cypress reserves the right to make changes without further notice to the
  42:.\USBFS_commandinterface.c **** * materials described herein. Cypress does not assume any liability arising out
  43:.\USBFS_commandinterface.c **** * of the application or use of any product or circuit described herein. Cypress
  44:.\USBFS_commandinterface.c **** * does not authorize its products for use as critical components in life-support
  45:.\USBFS_commandinterface.c **** * systems where a malfunction or failure may reasonably be expected to result in
  46:.\USBFS_commandinterface.c **** * significant injury to the user. The inclusion of Cypress' product in a life-
  47:.\USBFS_commandinterface.c **** * support systems application implies that the manufacturer assumes all risk of
  48:.\USBFS_commandinterface.c **** * such use and in doing so indemnifies Cypress against all charges. Use may be
  49:.\USBFS_commandinterface.c **** * limited by and subject to the applicable Cypress software license agreement.
  50:.\USBFS_commandinterface.c **** *****************************************************************************/
  51:.\USBFS_commandinterface.c **** /* This module contains code that attempts to combine the functionality of the 2 
  52:.\USBFS_commandinterface.c **** * chip solution employed in the PSoC MiniProgrammer.  That device uses a 66113 
  53:.\USBFS_commandinterface.c **** * for the USB interface and a 27543 to program the target device.  Communication
  54:.\USBFS_commandinterface.c **** * between the 66113 and 27543 is generally via a parallel bus although there is 
  55:.\USBFS_commandinterface.c **** * also an ISSP connection so that the 27543 can be field reprogrammed via the 
  56:.\USBFS_commandinterface.c **** * 66113.  Note that the 66113 is an OTP part.
  57:.\USBFS_commandinterface.c **** *
  58:.\USBFS_commandinterface.c **** * Communication between the PSoC Programmer GUI and the 66113 is mainly via 
  59:.\USBFS_commandinterface.c **** * "no data" control transfers.  So, an example control transfer's data may 
  60:.\USBFS_commandinterface.c **** * look like the following (in hex) C0 02 07 01 00 01 00 01	
  61:.\USBFS_commandinterface.c **** * the C0 is the "Device to Host Vendor Request", 02 is bRequest - in our case, 
  62:.\USBFS_commandinterface.c **** * a write.  the 07 01 will show up on the CATC as a Big Endian wValue - we only
  63:.\USBFS_commandinterface.c **** * care about the raw bytes.  So, the 07 is the command and the 01 is the mode.
  64:.\USBFS_commandinterface.c **** * The 66113 code takes care of commands 1 thru 6 internally. Command 7 is passed
  65:.\USBFS_commandinterface.c **** * on to the 27543 via the parallel interface.  Since we are emulating the 27543, 
  66:.\USBFS_commandinterface.c **** * we will need to add code to handle command #7 here.
  67:.\USBFS_commandinterface.c **** *****************************************************************************/
  68:.\USBFS_commandinterface.c **** 
  69:.\USBFS_commandinterface.c **** #include "kitprog.h"
  70:.\USBFS_commandinterface.c **** 
  71:.\USBFS_commandinterface.c **** /*****************************************************************************
  72:.\USBFS_commandinterface.c **** * Local Function Prototypes
  73:.\USBFS_commandinterface.c **** *****************************************************************************/
  74:.\USBFS_commandinterface.c **** void ProgramInit(void);
  75:.\USBFS_commandinterface.c **** void VendorCmd(void);
  76:.\USBFS_commandinterface.c **** /*****************************************************************************
  77:.\USBFS_commandinterface.c **** * Local Global Variable Declarations
  78:.\USBFS_commandinterface.c **** ******************************************************************************/
  79:.\USBFS_commandinterface.c **** uint8 pendingOp;
ARM GAS  C:\DOCUME~1\ADMINI~1\LOCALS~1\Temp\ccsC3cDp.s 			page 3


  80:.\USBFS_commandinterface.c **** uint8 fTcBusy;
  81:.\USBFS_commandinterface.c **** uint8 pifData[2];
  82:.\USBFS_commandinterface.c **** uint8 pifBuf[64];
  83:.\USBFS_commandinterface.c **** uint8 progMode;
  84:.\USBFS_commandinterface.c **** /*******************************************************************************/
  85:.\USBFS_commandinterface.c **** extern volatile T_USBFS_TD USBFS_currentTD;
  86:.\USBFS_commandinterface.c **** /*******************************************************************************
  87:.\USBFS_commandinterface.c **** * Function Name: ProgramInit()
  88:.\USBFS_commandinterface.c **** ********************************************************************************
  89:.\USBFS_commandinterface.c **** * Summary: Initializes the variables for the programming operation.
  90:.\USBFS_commandinterface.c **** *   
  91:.\USBFS_commandinterface.c **** *
  92:.\USBFS_commandinterface.c **** * Parameters:
  93:.\USBFS_commandinterface.c **** *  void
  94:.\USBFS_commandinterface.c **** *
  95:.\USBFS_commandinterface.c **** * Return:
  96:.\USBFS_commandinterface.c **** *  void
  97:.\USBFS_commandinterface.c **** *
  98:.\USBFS_commandinterface.c **** * Global Variables:
  99:.\USBFS_commandinterface.c **** * pendingOp	: Clears the flag which indicattes any pending programming operation
 100:.\USBFS_commandinterface.c **** *
 101:.\USBFS_commandinterface.c **** * fTcBust	: Clears the busy flag which indicates the PC that the PSoC 5LP is 
 102:.\USBFS_commandinterface.c **** * currently busy in a programming operation
 103:.\USBFS_commandinterface.c **** *
 104:.\USBFS_commandinterface.c **** *******************************************************************************/
 105:.\USBFS_commandinterface.c **** void ProgramInit(void)
 106:.\USBFS_commandinterface.c **** {
  32              		.loc 1 106 0
  33              		.cfi_startproc
  34              		@ args = 0, pretend = 0, frame = 0
  35              		@ frame_needed = 0, uses_anonymous_args = 0
  36              		@ link register save eliminated.
 107:.\USBFS_commandinterface.c ****     pendingOp = CLEAR_OP;
  37              		.loc 1 107 0
  38 0000 024A     		ldr	r2, .L3
  39 0002 0023     		movs	r3, #0
  40 0004 1370     		strb	r3, [r2, #0]
 108:.\USBFS_commandinterface.c ****     fTcBusy = CLEAR_BUSY;
  41              		.loc 1 108 0
  42 0006 024A     		ldr	r2, .L3+4
  43 0008 1370     		strb	r3, [r2, #0]
 109:.\USBFS_commandinterface.c **** }
  44              		.loc 1 109 0
  45 000a 7047     		bx	lr
  46              	.L4:
  47              		.align	2
  48              	.L3:
  49 000c 00000000 		.word	pendingOp
  50 0010 00000000 		.word	fTcBusy
  51              		.cfi_endproc
  52              	.LFE29:
  53              		.size	ProgramInit, .-ProgramInit
  54              		.section	.text.VendorCmd,"ax",%progbits
  55              		.align	1
  56              		.global	VendorCmd
  57              		.thumb
  58              		.thumb_func
ARM GAS  C:\DOCUME~1\ADMINI~1\LOCALS~1\Temp\ccsC3cDp.s 			page 4


  59              		.type	VendorCmd, %function
  60              	VendorCmd:
  61              	.LFB30:
 110:.\USBFS_commandinterface.c **** /*******************************************************************************
 111:.\USBFS_commandinterface.c **** * Function Name: VendorCmd()
 112:.\USBFS_commandinterface.c **** ********************************************************************************
 113:.\USBFS_commandinterface.c **** * Summary:
 114:.\USBFS_commandinterface.c **** * Entry point from the USBFS user module. Called inside the function 
 115:.\USBFS_commandinterface.c **** * USBFS_HandleVendorRqst() defined inside USBFS_vnd.c
 116:.\USBFS_commandinterface.c **** *
 117:.\USBFS_commandinterface.c **** * Parameters:
 118:.\USBFS_commandinterface.c **** *  void
 119:.\USBFS_commandinterface.c **** *
 120:.\USBFS_commandinterface.c **** * Return:
 121:.\USBFS_commandinterface.c **** *  void
 122:.\USBFS_commandinterface.c **** *
 123:.\USBFS_commandinterface.c **** * Global Variables: 
 124:.\USBFS_commandinterface.c **** * pifBuf	: Bufer to send data to through the USB control endpoint
 125:.\USBFS_commandinterface.c **** * pifData	: Buffer to store commands received through the USB control endpoint
 126:.\USBFS_commandinterface.c **** * progMode	: Next programming operation to be performed
 127:.\USBFS_commandinterface.c **** * 
 128:.\USBFS_commandinterface.c **** ******************************************************************************/
 129:.\USBFS_commandinterface.c **** void VendorCmd(void)
 130:.\USBFS_commandinterface.c **** {
  62              		.loc 1 130 0
  63              		.cfi_startproc
  64              		@ args = 0, pretend = 0, frame = 8
  65              		@ frame_needed = 0, uses_anonymous_args = 0
  66 0000 13B5     		push	{r0, r1, r4, lr}
  67              	.LCFI0:
  68              		.cfi_def_cfa_offset 16
 131:.\USBFS_commandinterface.c **** 	/* Varaible to store ACK to be send to the USB packet */
 132:.\USBFS_commandinterface.c ****     uint8 progRes;
 133:.\USBFS_commandinterface.c **** 	/* Varaible to store the data which indicates whether the received command is a programming comman
 134:.\USBFS_commandinterface.c **** 	uint8 progCmd;
 135:.\USBFS_commandinterface.c **** 	progRes = USB_OK_ACK;
 136:.\USBFS_commandinterface.c ****     
 137:.\USBFS_commandinterface.c **** 	/* If executing a previous instruction, initiate a zero length USB transfer */
 138:.\USBFS_commandinterface.c **** 	if(fTcBusy == SET_BUSY)
  69              		.loc 1 138 0
  70 0002 1B4A     		ldr	r2, .L11
  71 0004 1378     		ldrb	r3, [r2, #0]	@ zero_extendqisi2
  72 0006 012B     		cmp	r3, #1
  73 0008 1A4B     		ldr	r3, .L11+4
  74 000a 03D1     		bne	.L6
  75              		.cfi_offset 14, -4
  76              		.cfi_offset 4, -8
  77              		.cfi_offset 1, -12
  78              		.cfi_offset 0, -16
 139:.\USBFS_commandinterface.c **** 	{
 140:.\USBFS_commandinterface.c **** 		USBFS_currentTD.count = 0;
  79              		.loc 1 140 0
  80 000c 4FF00002 		mov	r2, #0	@ movhi
  81 0010 1A80     		strh	r2, [r3, #0]	@ movhi
  82 0012 2CE0     		b	.L9
  83              	.L6:
 141:.\USBFS_commandinterface.c **** 	} 
ARM GAS  C:\DOCUME~1\ADMINI~1\LOCALS~1\Temp\ccsC3cDp.s 			page 5


 142:.\USBFS_commandinterface.c ****     else 
 143:.\USBFS_commandinterface.c ****     {
 144:.\USBFS_commandinterface.c **** 		/* Extract the count of bytes received. */
 145:.\USBFS_commandinterface.c **** 		USBFS_currentTD.count = ((uint16)CY_GET_REG8(USBFS_EP0_DR6_PTR)) + 
  84              		.loc 1 145 0
  85 0014 1849     		ldr	r1, .L11+8
 146:.\USBFS_commandinterface.c ****                                   ((uint16)CY_GET_REG8(USBFS_EP0_DR7_PTR)<<8);
  86              		.loc 1 146 0
  87 0016 1948     		ldr	r0, .L11+12
  88              		.loc 1 145 0
  89 0018 0978     		ldrb	r1, [r1, #0]	@ zero_extendqisi2
  90              		.loc 1 146 0
  91 001a 0078     		ldrb	r0, [r0, #0]	@ zero_extendqisi2
  92              		.loc 1 145 0
  93 001c 01EB0021 		add	r1, r1, r0, lsl #8
  94 0020 89B2     		uxth	r1, r1
  95 0022 1980     		strh	r1, [r3, #0]	@ movhi
 147:.\USBFS_commandinterface.c **** 
 148:.\USBFS_commandinterface.c **** 		/* If a read operation, set the data pointer to the databuffer address. */
 149:.\USBFS_commandinterface.c ****         if(CY_GET_REG8(USBFS_EP0_DR1_PTR) == READ_CMD)
  96              		.loc 1 149 0
  97 0024 1649     		ldr	r1, .L11+16
  98 0026 0878     		ldrb	r0, [r1, #0]	@ zero_extendqisi2
  99 0028 0128     		cmp	r0, #1
 100 002a 02D1     		bne	.L8
 150:.\USBFS_commandinterface.c ****         {
 151:.\USBFS_commandinterface.c ****             USBFS_currentTD.pData = &pifBuf[0];
 101              		.loc 1 151 0
 102 002c 154A     		ldr	r2, .L11+20
 103 002e 5A60     		str	r2, [r3, #4]
 104 0030 1DE0     		b	.L9
 105              	.L8:
 152:.\USBFS_commandinterface.c ****         } 
 153:.\USBFS_commandinterface.c **** 		/* If a write operation, extract the commands from the USB control endpoint registers */
 154:.\USBFS_commandinterface.c ****         else if(CY_GET_REG8(USBFS_EP0_DR1_PTR) == WRITE_CMD)
 106              		.loc 1 154 0
 107 0032 0978     		ldrb	r1, [r1, #0]	@ zero_extendqisi2
 108 0034 0229     		cmp	r1, #2
 109 0036 1AD1     		bne	.L9
 155:.\USBFS_commandinterface.c ****         {
 156:.\USBFS_commandinterface.c ****             /* Acknowledge the command */
 157:.\USBFS_commandinterface.c **** 			USBFS_currentTD.pData = &progRes;
 110              		.loc 1 157 0
 111 0038 0DF10701 		add	r1, sp, #7
 112 003c 5960     		str	r1, [r3, #4]
 158:.\USBFS_commandinterface.c **** 			
 159:.\USBFS_commandinterface.c **** 			/* progCmd checks if the command is a programing command. */
 160:.\USBFS_commandinterface.c ****             progCmd  = CY_GET_REG8(USBFS_EP0_DR2_PTR);
 113              		.loc 1 160 0
 114 003e 124B     		ldr	r3, .L11+24
 161:.\USBFS_commandinterface.c **** 			
 162:.\USBFS_commandinterface.c **** 			/* progMode stores the programming operation type */
 163:.\USBFS_commandinterface.c ****             progMode = CY_GET_REG8(USBFS_EP0_DR3_PTR);
 115              		.loc 1 163 0
 116 0040 1249     		ldr	r1, .L11+28
 117              		.loc 1 160 0
 118 0042 1878     		ldrb	r0, [r3, #0]	@ zero_extendqisi2
ARM GAS  C:\DOCUME~1\ADMINI~1\LOCALS~1\Temp\ccsC3cDp.s 			page 6


 119              		.loc 1 163 0
 120 0044 0133     		adds	r3, r3, #1
 121 0046 1B78     		ldrb	r3, [r3, #0]	@ zero_extendqisi2
 164:.\USBFS_commandinterface.c **** 			
 165:.\USBFS_commandinterface.c **** 			/* Array pifData stores the values such as the aquire mode (Reset/Powercycle), device to be acqu
 166:.\USBFS_commandinterface.c **** 			* number of retries before declaring the programming operation to have failed, and the protocol 
 167:.\USBFS_commandinterface.c **** 			* depend on the current value of the variable progMode */
 168:.\USBFS_commandinterface.c ****             pifData[0] = CY_GET_REG8(USBFS_EP0_DR4_PTR);
 169:.\USBFS_commandinterface.c ****             pifData[1]  = CY_GET_REG8(USBFS_EP0_DR5_PTR);
 122              		.loc 1 169 0
 123 0048 114C     		ldr	r4, .L11+32
 124              		.loc 1 163 0
 125 004a 0B70     		strb	r3, [r1, #0]
 126              		.loc 1 168 0
 127 004c 1149     		ldr	r1, .L11+36
 170:.\USBFS_commandinterface.c ****             
 171:.\USBFS_commandinterface.c **** 			/* If the command is a programming command */
 172:.\USBFS_commandinterface.c ****             if(progCmd == PROGRAM_CMD)
 128              		.loc 1 172 0
 129 004e 0728     		cmp	r0, #7
 130              		.loc 1 168 0
 131 0050 91F800C0 		ldrb	ip, [r1, #0]	@ zero_extendqisi2
 132 0054 1049     		ldr	r1, .L11+40
 133 0056 81F800C0 		strb	ip, [r1, #0]
 134              		.loc 1 169 0
 135 005a 94F800C0 		ldrb	ip, [r4, #0]	@ zero_extendqisi2
 136 005e 81F801C0 		strb	ip, [r1, #1]
 137              		.loc 1 172 0
 138 0062 04D1     		bne	.L9
 173:.\USBFS_commandinterface.c ****             {	
 174:.\USBFS_commandinterface.c ****                 if(progMode != CMD_BUFFER)
 139              		.loc 1 174 0
 140 0064 1BB1     		cbz	r3, .L9
 175:.\USBFS_commandinterface.c ****                 {
 176:.\USBFS_commandinterface.c ****                     /* Pass the command to pending operation */
 177:.\USBFS_commandinterface.c **** 					pendingOp = progMode;
 141              		.loc 1 177 0
 142 0066 0D49     		ldr	r1, .L11+44
 143 0068 0B70     		strb	r3, [r1, #0]
 178:.\USBFS_commandinterface.c **** 					
 179:.\USBFS_commandinterface.c ****                     /* Set the busy flag */
 180:.\USBFS_commandinterface.c ****                     fTcBusy = SET_BUSY;				
 144              		.loc 1 180 0
 145 006a 0123     		movs	r3, #1
 146 006c 1370     		strb	r3, [r2, #0]
 147              	.L9:
 181:.\USBFS_commandinterface.c ****                 }
 182:.\USBFS_commandinterface.c ****             }
 183:.\USBFS_commandinterface.c ****         } 
 184:.\USBFS_commandinterface.c ****         else 
 185:.\USBFS_commandinterface.c ****         {
 186:.\USBFS_commandinterface.c **** 			/* do nothing */
 187:.\USBFS_commandinterface.c ****         }
 188:.\USBFS_commandinterface.c **** 	
 189:.\USBFS_commandinterface.c ****     }
 190:.\USBFS_commandinterface.c **** 	return;
 191:.\USBFS_commandinterface.c **** }
ARM GAS  C:\DOCUME~1\ADMINI~1\LOCALS~1\Temp\ccsC3cDp.s 			page 7


 148              		.loc 1 191 0
 149 006e 1CBD     		pop	{r2, r3, r4, pc}
 150              	.L12:
 151              		.align	2
 152              	.L11:
 153 0070 00000000 		.word	fTcBusy
 154 0074 00000000 		.word	USBFS_currentTD
 155 0078 06600040 		.word	1073766406
 156 007c 07600040 		.word	1073766407
 157 0080 01600040 		.word	1073766401
 158 0084 00000000 		.word	pifBuf
 159 0088 02600040 		.word	1073766402
 160 008c 00000000 		.word	progMode
 161 0090 05600040 		.word	1073766405
 162 0094 04600040 		.word	1073766404
 163 0098 00000000 		.word	pifData
 164 009c 00000000 		.word	pendingOp
 165              		.cfi_endproc
 166              	.LFE30:
 167              		.size	VendorCmd, .-VendorCmd
 168              		.comm	pendingOp,1,1
 169              		.comm	fTcBusy,1,1
 170              		.comm	pifData,2,4
 171              		.comm	pifBuf,64,4
 172              		.comm	progMode,1,1
 173              		.text
 174              	.Letext0:
 175              		.section	.debug_loc,"",%progbits
 176              	.Ldebug_loc0:
 177              	.LLST1:
 178 0000 00000000 		.4byte	.LFB30
 179 0004 02000000 		.4byte	.LCFI0
 180 0008 0100     		.2byte	0x1
 181 000a 5D       		.byte	0x5d
 182 000b 02000000 		.4byte	.LCFI0
 183 000f A0000000 		.4byte	.LFE30
 184 0013 0200     		.2byte	0x2
 185 0015 7D       		.byte	0x7d
 186 0016 10       		.sleb128 16
 187 0017 00000000 		.4byte	0x0
 188 001b 00000000 		.4byte	0x0
 189              		.file 2 "./Generated_Source/PSoC5/cytypes.h"
 190              		.file 3 "./Generated_Source/PSoC5/USBFS.h"
 191              		.file 4 "./Generated_Source/PSoC5/core_cm3.h"
 192              		.section	.debug_info
 193 0000 06020000 		.4byte	0x206
 194 0004 0200     		.2byte	0x2
 195 0006 00000000 		.4byte	.Ldebug_abbrev0
 196 000a 04       		.byte	0x4
 197 000b 01       		.uleb128 0x1
 198 000c 54010000 		.4byte	.LASF30
 199 0010 01       		.byte	0x1
 200 0011 EB000000 		.4byte	.LASF31
 201 0015 94010000 		.4byte	.LASF32
 202 0019 00000000 		.4byte	0x0
 203 001d 00000000 		.4byte	0x0
 204 0021 00000000 		.4byte	.Ldebug_ranges0+0x0
ARM GAS  C:\DOCUME~1\ADMINI~1\LOCALS~1\Temp\ccsC3cDp.s 			page 8


 205 0025 00000000 		.4byte	.Ldebug_line0
 206 0029 02       		.uleb128 0x2
 207 002a 01       		.byte	0x1
 208 002b 06       		.byte	0x6
 209 002c 88010000 		.4byte	.LASF0
 210 0030 02       		.uleb128 0x2
 211 0031 01       		.byte	0x1
 212 0032 08       		.byte	0x8
 213 0033 C3000000 		.4byte	.LASF1
 214 0037 02       		.uleb128 0x2
 215 0038 02       		.byte	0x2
 216 0039 05       		.byte	0x5
 217 003a 6F010000 		.4byte	.LASF2
 218 003e 02       		.uleb128 0x2
 219 003f 02       		.byte	0x2
 220 0040 07       		.byte	0x7
 221 0041 A3000000 		.4byte	.LASF3
 222 0045 02       		.uleb128 0x2
 223 0046 04       		.byte	0x4
 224 0047 05       		.byte	0x5
 225 0048 7F010000 		.4byte	.LASF4
 226 004c 02       		.uleb128 0x2
 227 004d 04       		.byte	0x4
 228 004e 07       		.byte	0x7
 229 004f 91000000 		.4byte	.LASF5
 230 0053 02       		.uleb128 0x2
 231 0054 08       		.byte	0x8
 232 0055 05       		.byte	0x5
 233 0056 00000000 		.4byte	.LASF6
 234 005a 02       		.uleb128 0x2
 235 005b 08       		.byte	0x8
 236 005c 07       		.byte	0x7
 237 005d 2D010000 		.4byte	.LASF7
 238 0061 03       		.uleb128 0x3
 239 0062 04       		.byte	0x4
 240 0063 05       		.byte	0x5
 241 0064 696E7400 		.ascii	"int\000"
 242 0068 02       		.uleb128 0x2
 243 0069 04       		.byte	0x4
 244 006a 07       		.byte	0x7
 245 006b 18010000 		.4byte	.LASF8
 246 006f 04       		.uleb128 0x4
 247 0070 79010000 		.4byte	.LASF9
 248 0074 02       		.byte	0x2
 249 0075 4C       		.byte	0x4c
 250 0076 30000000 		.4byte	0x30
 251 007a 04       		.uleb128 0x4
 252 007b E4000000 		.4byte	.LASF10
 253 007f 02       		.byte	0x2
 254 0080 4D       		.byte	0x4d
 255 0081 3E000000 		.4byte	0x3e
 256 0085 02       		.uleb128 0x2
 257 0086 04       		.byte	0x4
 258 0087 04       		.byte	0x4
 259 0088 52000000 		.4byte	.LASF11
 260 008c 02       		.uleb128 0x2
 261 008d 08       		.byte	0x8
ARM GAS  C:\DOCUME~1\ADMINI~1\LOCALS~1\Temp\ccsC3cDp.s 			page 9


 262 008e 04       		.byte	0x4
 263 008f D1000000 		.4byte	.LASF12
 264 0093 02       		.uleb128 0x2
 265 0094 01       		.byte	0x1
 266 0095 08       		.byte	0x8
 267 0096 60010000 		.4byte	.LASF13
 268 009a 05       		.uleb128 0x5
 269 009b 6F000000 		.4byte	0x6f
 270 009f 06       		.uleb128 0x6
 271 00a0 04       		.byte	0x4
 272 00a1 07       		.byte	0x7
 273 00a2 07       		.uleb128 0x7
 274 00a3 60000000 		.4byte	.LASF17
 275 00a7 04       		.byte	0x4
 276 00a8 03       		.byte	0x3
 277 00a9 92       		.byte	0x92
 278 00aa CB000000 		.4byte	0xcb
 279 00ae 08       		.uleb128 0x8
 280 00af 33000000 		.4byte	.LASF14
 281 00b3 03       		.byte	0x3
 282 00b4 93       		.byte	0x93
 283 00b5 6F000000 		.4byte	0x6f
 284 00b9 02       		.byte	0x2
 285 00ba 23       		.byte	0x23
 286 00bb 00       		.uleb128 0x0
 287 00bc 08       		.uleb128 0x8
 288 00bd DB010000 		.4byte	.LASF15
 289 00c1 03       		.byte	0x3
 290 00c2 94       		.byte	0x94
 291 00c3 7A000000 		.4byte	0x7a
 292 00c7 02       		.byte	0x2
 293 00c8 23       		.byte	0x23
 294 00c9 02       		.uleb128 0x2
 295 00ca 00       		.byte	0x0
 296 00cb 04       		.uleb128 0x4
 297 00cc 77000000 		.4byte	.LASF16
 298 00d0 03       		.byte	0x3
 299 00d1 95       		.byte	0x95
 300 00d2 A2000000 		.4byte	0xa2
 301 00d6 07       		.uleb128 0x7
 302 00d7 06010000 		.4byte	.LASF18
 303 00db 0C       		.byte	0xc
 304 00dc 03       		.byte	0x3
 305 00dd 98       		.byte	0x98
 306 00de 0D010000 		.4byte	0x10d
 307 00e2 08       		.uleb128 0x8
 308 00e3 2D000000 		.4byte	.LASF19
 309 00e7 03       		.byte	0x3
 310 00e8 99       		.byte	0x99
 311 00e9 7A000000 		.4byte	0x7a
 312 00ed 02       		.byte	0x2
 313 00ee 23       		.byte	0x23
 314 00ef 00       		.uleb128 0x0
 315 00f0 08       		.uleb128 0x8
 316 00f1 41000000 		.4byte	.LASF20
 317 00f5 03       		.byte	0x3
 318 00f6 9A       		.byte	0x9a
ARM GAS  C:\DOCUME~1\ADMINI~1\LOCALS~1\Temp\ccsC3cDp.s 			page 10


 319 00f7 0D010000 		.4byte	0x10d
 320 00fb 02       		.byte	0x2
 321 00fc 23       		.byte	0x23
 322 00fd 04       		.uleb128 0x4
 323 00fe 08       		.uleb128 0x8
 324 00ff 0E000000 		.4byte	.LASF21
 325 0103 03       		.byte	0x3
 326 0104 9B       		.byte	0x9b
 327 0105 13010000 		.4byte	0x113
 328 0109 02       		.byte	0x2
 329 010a 23       		.byte	0x23
 330 010b 08       		.uleb128 0x8
 331 010c 00       		.byte	0x0
 332 010d 09       		.uleb128 0x9
 333 010e 04       		.byte	0x4
 334 010f 9A000000 		.4byte	0x9a
 335 0113 09       		.uleb128 0x9
 336 0114 04       		.byte	0x4
 337 0115 CB000000 		.4byte	0xcb
 338 0119 04       		.uleb128 0x4
 339 011a 47000000 		.4byte	.LASF22
 340 011e 03       		.byte	0x3
 341 011f 9C       		.byte	0x9c
 342 0120 D6000000 		.4byte	0xd6
 343 0124 0A       		.uleb128 0xa
 344 0125 01       		.byte	0x1
 345 0126 D8000000 		.4byte	.LASF33
 346 012a 01       		.byte	0x1
 347 012b 69       		.byte	0x69
 348 012c 01       		.byte	0x1
 349 012d 00000000 		.4byte	.LFB29
 350 0131 14000000 		.4byte	.LFE29
 351 0135 01       		.byte	0x1
 352 0136 5D       		.byte	0x5d
 353 0137 0B       		.uleb128 0xb
 354 0138 01       		.byte	0x1
 355 0139 23000000 		.4byte	.LASF34
 356 013d 01       		.byte	0x1
 357 013e 81       		.byte	0x81
 358 013f 01       		.byte	0x1
 359 0140 00000000 		.4byte	.LFB30
 360 0144 A0000000 		.4byte	.LFE30
 361 0148 00000000 		.4byte	.LLST1
 362 014c 6A010000 		.4byte	0x16a
 363 0150 0C       		.uleb128 0xc
 364 0151 25010000 		.4byte	.LASF35
 365 0155 01       		.byte	0x1
 366 0156 84       		.byte	0x84
 367 0157 6F000000 		.4byte	0x6f
 368 015b 02       		.byte	0x2
 369 015c 91       		.byte	0x91
 370 015d 77       		.sleb128 -9
 371 015e 0D       		.uleb128 0xd
 372 015f 10010000 		.4byte	.LASF36
 373 0163 01       		.byte	0x1
 374 0164 86       		.byte	0x86
 375 0165 6F000000 		.4byte	0x6f
ARM GAS  C:\DOCUME~1\ADMINI~1\LOCALS~1\Temp\ccsC3cDp.s 			page 11


 376 0169 00       		.byte	0x0
 377 016a 0E       		.uleb128 0xe
 378 016b B6000000 		.4byte	.LASF23
 379 016f 04       		.byte	0x4
 380 0170 CE06     		.2byte	0x6ce
 381 0172 78010000 		.4byte	0x178
 382 0176 01       		.byte	0x1
 383 0177 01       		.byte	0x1
 384 0178 05       		.uleb128 0x5
 385 0179 61000000 		.4byte	0x61
 386 017d 0F       		.uleb128 0xf
 387 017e 65010000 		.4byte	.LASF24
 388 0182 01       		.byte	0x1
 389 0183 4F       		.byte	0x4f
 390 0184 6F000000 		.4byte	0x6f
 391 0188 01       		.byte	0x1
 392 0189 05       		.byte	0x5
 393 018a 03       		.byte	0x3
 394 018b 00000000 		.4byte	pendingOp
 395 018f 0F       		.uleb128 0xf
 396 0190 1B000000 		.4byte	.LASF25
 397 0194 01       		.byte	0x1
 398 0195 50       		.byte	0x50
 399 0196 6F000000 		.4byte	0x6f
 400 019a 01       		.byte	0x1
 401 019b 05       		.byte	0x5
 402 019c 03       		.byte	0x3
 403 019d 00000000 		.4byte	fTcBusy
 404 01a1 10       		.uleb128 0x10
 405 01a2 6F000000 		.4byte	0x6f
 406 01a6 B1010000 		.4byte	0x1b1
 407 01aa 11       		.uleb128 0x11
 408 01ab 9F000000 		.4byte	0x9f
 409 01af 01       		.byte	0x1
 410 01b0 00       		.byte	0x0
 411 01b1 0F       		.uleb128 0xf
 412 01b2 58000000 		.4byte	.LASF26
 413 01b6 01       		.byte	0x1
 414 01b7 51       		.byte	0x51
 415 01b8 A1010000 		.4byte	0x1a1
 416 01bc 01       		.byte	0x1
 417 01bd 05       		.byte	0x5
 418 01be 03       		.byte	0x3
 419 01bf 00000000 		.4byte	pifData
 420 01c3 10       		.uleb128 0x10
 421 01c4 6F000000 		.4byte	0x6f
 422 01c8 D3010000 		.4byte	0x1d3
 423 01cc 11       		.uleb128 0x11
 424 01cd 9F000000 		.4byte	0x9f
 425 01d1 3F       		.byte	0x3f
 426 01d2 00       		.byte	0x0
 427 01d3 0F       		.uleb128 0xf
 428 01d4 3A000000 		.4byte	.LASF27
 429 01d8 01       		.byte	0x1
 430 01d9 52       		.byte	0x52
 431 01da C3010000 		.4byte	0x1c3
 432 01de 01       		.byte	0x1
ARM GAS  C:\DOCUME~1\ADMINI~1\LOCALS~1\Temp\ccsC3cDp.s 			page 12


 433 01df 05       		.byte	0x5
 434 01e0 03       		.byte	0x3
 435 01e1 00000000 		.4byte	pifBuf
 436 01e5 0F       		.uleb128 0xf
 437 01e6 D2010000 		.4byte	.LASF28
 438 01ea 01       		.byte	0x1
 439 01eb 53       		.byte	0x53
 440 01ec 6F000000 		.4byte	0x6f
 441 01f0 01       		.byte	0x1
 442 01f1 05       		.byte	0x5
 443 01f2 03       		.byte	0x3
 444 01f3 00000000 		.4byte	progMode
 445 01f7 12       		.uleb128 0x12
 446 01f8 44010000 		.4byte	.LASF29
 447 01fc 01       		.byte	0x1
 448 01fd 55       		.byte	0x55
 449 01fe 04020000 		.4byte	0x204
 450 0202 01       		.byte	0x1
 451 0203 01       		.byte	0x1
 452 0204 05       		.uleb128 0x5
 453 0205 19010000 		.4byte	0x119
 454 0209 00       		.byte	0x0
 455              		.section	.debug_abbrev
 456 0000 01       		.uleb128 0x1
 457 0001 11       		.uleb128 0x11
 458 0002 01       		.byte	0x1
 459 0003 25       		.uleb128 0x25
 460 0004 0E       		.uleb128 0xe
 461 0005 13       		.uleb128 0x13
 462 0006 0B       		.uleb128 0xb
 463 0007 03       		.uleb128 0x3
 464 0008 0E       		.uleb128 0xe
 465 0009 1B       		.uleb128 0x1b
 466 000a 0E       		.uleb128 0xe
 467 000b 11       		.uleb128 0x11
 468 000c 01       		.uleb128 0x1
 469 000d 52       		.uleb128 0x52
 470 000e 01       		.uleb128 0x1
 471 000f 55       		.uleb128 0x55
 472 0010 06       		.uleb128 0x6
 473 0011 10       		.uleb128 0x10
 474 0012 06       		.uleb128 0x6
 475 0013 00       		.byte	0x0
 476 0014 00       		.byte	0x0
 477 0015 02       		.uleb128 0x2
 478 0016 24       		.uleb128 0x24
 479 0017 00       		.byte	0x0
 480 0018 0B       		.uleb128 0xb
 481 0019 0B       		.uleb128 0xb
 482 001a 3E       		.uleb128 0x3e
 483 001b 0B       		.uleb128 0xb
 484 001c 03       		.uleb128 0x3
 485 001d 0E       		.uleb128 0xe
 486 001e 00       		.byte	0x0
 487 001f 00       		.byte	0x0
 488 0020 03       		.uleb128 0x3
 489 0021 24       		.uleb128 0x24
ARM GAS  C:\DOCUME~1\ADMINI~1\LOCALS~1\Temp\ccsC3cDp.s 			page 13


 490 0022 00       		.byte	0x0
 491 0023 0B       		.uleb128 0xb
 492 0024 0B       		.uleb128 0xb
 493 0025 3E       		.uleb128 0x3e
 494 0026 0B       		.uleb128 0xb
 495 0027 03       		.uleb128 0x3
 496 0028 08       		.uleb128 0x8
 497 0029 00       		.byte	0x0
 498 002a 00       		.byte	0x0
 499 002b 04       		.uleb128 0x4
 500 002c 16       		.uleb128 0x16
 501 002d 00       		.byte	0x0
 502 002e 03       		.uleb128 0x3
 503 002f 0E       		.uleb128 0xe
 504 0030 3A       		.uleb128 0x3a
 505 0031 0B       		.uleb128 0xb
 506 0032 3B       		.uleb128 0x3b
 507 0033 0B       		.uleb128 0xb
 508 0034 49       		.uleb128 0x49
 509 0035 13       		.uleb128 0x13
 510 0036 00       		.byte	0x0
 511 0037 00       		.byte	0x0
 512 0038 05       		.uleb128 0x5
 513 0039 35       		.uleb128 0x35
 514 003a 00       		.byte	0x0
 515 003b 49       		.uleb128 0x49
 516 003c 13       		.uleb128 0x13
 517 003d 00       		.byte	0x0
 518 003e 00       		.byte	0x0
 519 003f 06       		.uleb128 0x6
 520 0040 24       		.uleb128 0x24
 521 0041 00       		.byte	0x0
 522 0042 0B       		.uleb128 0xb
 523 0043 0B       		.uleb128 0xb
 524 0044 3E       		.uleb128 0x3e
 525 0045 0B       		.uleb128 0xb
 526 0046 00       		.byte	0x0
 527 0047 00       		.byte	0x0
 528 0048 07       		.uleb128 0x7
 529 0049 13       		.uleb128 0x13
 530 004a 01       		.byte	0x1
 531 004b 03       		.uleb128 0x3
 532 004c 0E       		.uleb128 0xe
 533 004d 0B       		.uleb128 0xb
 534 004e 0B       		.uleb128 0xb
 535 004f 3A       		.uleb128 0x3a
 536 0050 0B       		.uleb128 0xb
 537 0051 3B       		.uleb128 0x3b
 538 0052 0B       		.uleb128 0xb
 539 0053 01       		.uleb128 0x1
 540 0054 13       		.uleb128 0x13
 541 0055 00       		.byte	0x0
 542 0056 00       		.byte	0x0
 543 0057 08       		.uleb128 0x8
 544 0058 0D       		.uleb128 0xd
 545 0059 00       		.byte	0x0
 546 005a 03       		.uleb128 0x3
ARM GAS  C:\DOCUME~1\ADMINI~1\LOCALS~1\Temp\ccsC3cDp.s 			page 14


 547 005b 0E       		.uleb128 0xe
 548 005c 3A       		.uleb128 0x3a
 549 005d 0B       		.uleb128 0xb
 550 005e 3B       		.uleb128 0x3b
 551 005f 0B       		.uleb128 0xb
 552 0060 49       		.uleb128 0x49
 553 0061 13       		.uleb128 0x13
 554 0062 38       		.uleb128 0x38
 555 0063 0A       		.uleb128 0xa
 556 0064 00       		.byte	0x0
 557 0065 00       		.byte	0x0
 558 0066 09       		.uleb128 0x9
 559 0067 0F       		.uleb128 0xf
 560 0068 00       		.byte	0x0
 561 0069 0B       		.uleb128 0xb
 562 006a 0B       		.uleb128 0xb
 563 006b 49       		.uleb128 0x49
 564 006c 13       		.uleb128 0x13
 565 006d 00       		.byte	0x0
 566 006e 00       		.byte	0x0
 567 006f 0A       		.uleb128 0xa
 568 0070 2E       		.uleb128 0x2e
 569 0071 00       		.byte	0x0
 570 0072 3F       		.uleb128 0x3f
 571 0073 0C       		.uleb128 0xc
 572 0074 03       		.uleb128 0x3
 573 0075 0E       		.uleb128 0xe
 574 0076 3A       		.uleb128 0x3a
 575 0077 0B       		.uleb128 0xb
 576 0078 3B       		.uleb128 0x3b
 577 0079 0B       		.uleb128 0xb
 578 007a 27       		.uleb128 0x27
 579 007b 0C       		.uleb128 0xc
 580 007c 11       		.uleb128 0x11
 581 007d 01       		.uleb128 0x1
 582 007e 12       		.uleb128 0x12
 583 007f 01       		.uleb128 0x1
 584 0080 40       		.uleb128 0x40
 585 0081 0A       		.uleb128 0xa
 586 0082 00       		.byte	0x0
 587 0083 00       		.byte	0x0
 588 0084 0B       		.uleb128 0xb
 589 0085 2E       		.uleb128 0x2e
 590 0086 01       		.byte	0x1
 591 0087 3F       		.uleb128 0x3f
 592 0088 0C       		.uleb128 0xc
 593 0089 03       		.uleb128 0x3
 594 008a 0E       		.uleb128 0xe
 595 008b 3A       		.uleb128 0x3a
 596 008c 0B       		.uleb128 0xb
 597 008d 3B       		.uleb128 0x3b
 598 008e 0B       		.uleb128 0xb
 599 008f 27       		.uleb128 0x27
 600 0090 0C       		.uleb128 0xc
 601 0091 11       		.uleb128 0x11
 602 0092 01       		.uleb128 0x1
 603 0093 12       		.uleb128 0x12
ARM GAS  C:\DOCUME~1\ADMINI~1\LOCALS~1\Temp\ccsC3cDp.s 			page 15


 604 0094 01       		.uleb128 0x1
 605 0095 40       		.uleb128 0x40
 606 0096 06       		.uleb128 0x6
 607 0097 01       		.uleb128 0x1
 608 0098 13       		.uleb128 0x13
 609 0099 00       		.byte	0x0
 610 009a 00       		.byte	0x0
 611 009b 0C       		.uleb128 0xc
 612 009c 34       		.uleb128 0x34
 613 009d 00       		.byte	0x0
 614 009e 03       		.uleb128 0x3
 615 009f 0E       		.uleb128 0xe
 616 00a0 3A       		.uleb128 0x3a
 617 00a1 0B       		.uleb128 0xb
 618 00a2 3B       		.uleb128 0x3b
 619 00a3 0B       		.uleb128 0xb
 620 00a4 49       		.uleb128 0x49
 621 00a5 13       		.uleb128 0x13
 622 00a6 02       		.uleb128 0x2
 623 00a7 0A       		.uleb128 0xa
 624 00a8 00       		.byte	0x0
 625 00a9 00       		.byte	0x0
 626 00aa 0D       		.uleb128 0xd
 627 00ab 34       		.uleb128 0x34
 628 00ac 00       		.byte	0x0
 629 00ad 03       		.uleb128 0x3
 630 00ae 0E       		.uleb128 0xe
 631 00af 3A       		.uleb128 0x3a
 632 00b0 0B       		.uleb128 0xb
 633 00b1 3B       		.uleb128 0x3b
 634 00b2 0B       		.uleb128 0xb
 635 00b3 49       		.uleb128 0x49
 636 00b4 13       		.uleb128 0x13
 637 00b5 00       		.byte	0x0
 638 00b6 00       		.byte	0x0
 639 00b7 0E       		.uleb128 0xe
 640 00b8 34       		.uleb128 0x34
 641 00b9 00       		.byte	0x0
 642 00ba 03       		.uleb128 0x3
 643 00bb 0E       		.uleb128 0xe
 644 00bc 3A       		.uleb128 0x3a
 645 00bd 0B       		.uleb128 0xb
 646 00be 3B       		.uleb128 0x3b
 647 00bf 05       		.uleb128 0x5
 648 00c0 49       		.uleb128 0x49
 649 00c1 13       		.uleb128 0x13
 650 00c2 3F       		.uleb128 0x3f
 651 00c3 0C       		.uleb128 0xc
 652 00c4 3C       		.uleb128 0x3c
 653 00c5 0C       		.uleb128 0xc
 654 00c6 00       		.byte	0x0
 655 00c7 00       		.byte	0x0
 656 00c8 0F       		.uleb128 0xf
 657 00c9 34       		.uleb128 0x34
 658 00ca 00       		.byte	0x0
 659 00cb 03       		.uleb128 0x3
 660 00cc 0E       		.uleb128 0xe
ARM GAS  C:\DOCUME~1\ADMINI~1\LOCALS~1\Temp\ccsC3cDp.s 			page 16


 661 00cd 3A       		.uleb128 0x3a
 662 00ce 0B       		.uleb128 0xb
 663 00cf 3B       		.uleb128 0x3b
 664 00d0 0B       		.uleb128 0xb
 665 00d1 49       		.uleb128 0x49
 666 00d2 13       		.uleb128 0x13
 667 00d3 3F       		.uleb128 0x3f
 668 00d4 0C       		.uleb128 0xc
 669 00d5 02       		.uleb128 0x2
 670 00d6 0A       		.uleb128 0xa
 671 00d7 00       		.byte	0x0
 672 00d8 00       		.byte	0x0
 673 00d9 10       		.uleb128 0x10
 674 00da 01       		.uleb128 0x1
 675 00db 01       		.byte	0x1
 676 00dc 49       		.uleb128 0x49
 677 00dd 13       		.uleb128 0x13
 678 00de 01       		.uleb128 0x1
 679 00df 13       		.uleb128 0x13
 680 00e0 00       		.byte	0x0
 681 00e1 00       		.byte	0x0
 682 00e2 11       		.uleb128 0x11
 683 00e3 21       		.uleb128 0x21
 684 00e4 00       		.byte	0x0
 685 00e5 49       		.uleb128 0x49
 686 00e6 13       		.uleb128 0x13
 687 00e7 2F       		.uleb128 0x2f
 688 00e8 0B       		.uleb128 0xb
 689 00e9 00       		.byte	0x0
 690 00ea 00       		.byte	0x0
 691 00eb 12       		.uleb128 0x12
 692 00ec 34       		.uleb128 0x34
 693 00ed 00       		.byte	0x0
 694 00ee 03       		.uleb128 0x3
 695 00ef 0E       		.uleb128 0xe
 696 00f0 3A       		.uleb128 0x3a
 697 00f1 0B       		.uleb128 0xb
 698 00f2 3B       		.uleb128 0x3b
 699 00f3 0B       		.uleb128 0xb
 700 00f4 49       		.uleb128 0x49
 701 00f5 13       		.uleb128 0x13
 702 00f6 3F       		.uleb128 0x3f
 703 00f7 0C       		.uleb128 0xc
 704 00f8 3C       		.uleb128 0x3c
 705 00f9 0C       		.uleb128 0xc
 706 00fa 00       		.byte	0x0
 707 00fb 00       		.byte	0x0
 708 00fc 00       		.byte	0x0
 709              		.section	.debug_pubnames,"",%progbits
 710 0000 6A000000 		.4byte	0x6a
 711 0004 0200     		.2byte	0x2
 712 0006 00000000 		.4byte	.Ldebug_info0
 713 000a 0A020000 		.4byte	0x20a
 714 000e 24010000 		.4byte	0x124
 715 0012 50726F67 		.ascii	"ProgramInit\000"
 715      72616D49 
 715      6E697400 
ARM GAS  C:\DOCUME~1\ADMINI~1\LOCALS~1\Temp\ccsC3cDp.s 			page 17


 716 001e 37010000 		.4byte	0x137
 717 0022 56656E64 		.ascii	"VendorCmd\000"
 717      6F72436D 
 717      6400
 718 002c 7D010000 		.4byte	0x17d
 719 0030 70656E64 		.ascii	"pendingOp\000"
 719      696E674F 
 719      7000
 720 003a 8F010000 		.4byte	0x18f
 721 003e 66546342 		.ascii	"fTcBusy\000"
 721      75737900 
 722 0046 B1010000 		.4byte	0x1b1
 723 004a 70696644 		.ascii	"pifData\000"
 723      61746100 
 724 0052 D3010000 		.4byte	0x1d3
 725 0056 70696642 		.ascii	"pifBuf\000"
 725      756600
 726 005d E5010000 		.4byte	0x1e5
 727 0061 70726F67 		.ascii	"progMode\000"
 727      4D6F6465 
 727      00
 728 006a 00000000 		.4byte	0x0
 729              		.section	.debug_aranges,"",%progbits
 730 0000 24000000 		.4byte	0x24
 731 0004 0200     		.2byte	0x2
 732 0006 00000000 		.4byte	.Ldebug_info0
 733 000a 04       		.byte	0x4
 734 000b 00       		.byte	0x0
 735 000c 0000     		.2byte	0x0
 736 000e 0000     		.2byte	0x0
 737 0010 00000000 		.4byte	.LFB29
 738 0014 14000000 		.4byte	.LFE29-.LFB29
 739 0018 00000000 		.4byte	.LFB30
 740 001c A0000000 		.4byte	.LFE30-.LFB30
 741 0020 00000000 		.4byte	0x0
 742 0024 00000000 		.4byte	0x0
 743              		.section	.debug_ranges,"",%progbits
 744              	.Ldebug_ranges0:
 745 0000 00000000 		.4byte	.Ltext0
 746 0004 00000000 		.4byte	.Letext0
 747 0008 00000000 		.4byte	.LFB29
 748 000c 14000000 		.4byte	.LFE29
 749 0010 00000000 		.4byte	.LFB30
 750 0014 A0000000 		.4byte	.LFE30
 751 0018 00000000 		.4byte	0x0
 752 001c 00000000 		.4byte	0x0
 753              		.section	.debug_str,"MS",%progbits,1
 754              	.LASF6:
 755 0000 6C6F6E67 		.ascii	"long long int\000"
 755      206C6F6E 
 755      6720696E 
 755      7400
 756              	.LASF21:
 757 000e 70537461 		.ascii	"pStatusBlock\000"
 757      74757342 
 757      6C6F636B 
 757      00
ARM GAS  C:\DOCUME~1\ADMINI~1\LOCALS~1\Temp\ccsC3cDp.s 			page 18


 758              	.LASF25:
 759 001b 66546342 		.ascii	"fTcBusy\000"
 759      75737900 
 760              	.LASF34:
 761 0023 56656E64 		.ascii	"VendorCmd\000"
 761      6F72436D 
 761      6400
 762              	.LASF19:
 763 002d 636F756E 		.ascii	"count\000"
 763      7400
 764              	.LASF14:
 765 0033 73746174 		.ascii	"status\000"
 765      757300
 766              	.LASF27:
 767 003a 70696642 		.ascii	"pifBuf\000"
 767      756600
 768              	.LASF20:
 769 0041 70446174 		.ascii	"pData\000"
 769      6100
 770              	.LASF22:
 771 0047 545F5553 		.ascii	"T_USBFS_TD\000"
 771      4246535F 
 771      544400
 772              	.LASF11:
 773 0052 666C6F61 		.ascii	"float\000"
 773      7400
 774              	.LASF26:
 775 0058 70696644 		.ascii	"pifData\000"
 775      61746100 
 776              	.LASF17:
 777 0060 5F555342 		.ascii	"_USBFS_XferStatusBlock\000"
 777      46535F58 
 777      66657253 
 777      74617475 
 777      73426C6F 
 778              	.LASF16:
 779 0077 545F5553 		.ascii	"T_USBFS_XFER_STATUS_BLOCK\000"
 779      4246535F 
 779      58464552 
 779      5F535441 
 779      5455535F 
 780              	.LASF5:
 781 0091 6C6F6E67 		.ascii	"long unsigned int\000"
 781      20756E73 
 781      69676E65 
 781      6420696E 
 781      7400
 782              	.LASF3:
 783 00a3 73686F72 		.ascii	"short unsigned int\000"
 783      7420756E 
 783      7369676E 
 783      65642069 
 783      6E7400
 784              	.LASF23:
 785 00b6 49544D5F 		.ascii	"ITM_RxBuffer\000"
 785      52784275 
 785      66666572 
ARM GAS  C:\DOCUME~1\ADMINI~1\LOCALS~1\Temp\ccsC3cDp.s 			page 19


 785      00
 786              	.LASF1:
 787 00c3 756E7369 		.ascii	"unsigned char\000"
 787      676E6564 
 787      20636861 
 787      7200
 788              	.LASF12:
 789 00d1 646F7562 		.ascii	"double\000"
 789      6C6500
 790              	.LASF33:
 791 00d8 50726F67 		.ascii	"ProgramInit\000"
 791      72616D49 
 791      6E697400 
 792              	.LASF10:
 793 00e4 75696E74 		.ascii	"uint16\000"
 793      313600
 794              	.LASF31:
 795 00eb 2E5C5553 		.ascii	".\\USBFS_commandinterface.c\000"
 795      4246535F 
 795      636F6D6D 
 795      616E6469 
 795      6E746572 
 796              	.LASF18:
 797 0106 5F555342 		.ascii	"_USBFS_Td\000"
 797      46535F54 
 797      6400
 798              	.LASF36:
 799 0110 70726F67 		.ascii	"progCmd\000"
 799      436D6400 
 800              	.LASF8:
 801 0118 756E7369 		.ascii	"unsigned int\000"
 801      676E6564 
 801      20696E74 
 801      00
 802              	.LASF35:
 803 0125 70726F67 		.ascii	"progRes\000"
 803      52657300 
 804              	.LASF7:
 805 012d 6C6F6E67 		.ascii	"long long unsigned int\000"
 805      206C6F6E 
 805      6720756E 
 805      7369676E 
 805      65642069 
 806              	.LASF29:
 807 0144 55534246 		.ascii	"USBFS_currentTD\000"
 807      535F6375 
 807      7272656E 
 807      74544400 
 808              	.LASF30:
 809 0154 474E5520 		.ascii	"GNU C 4.4.1\000"
 809      4320342E 
 809      342E3100 
 810              	.LASF13:
 811 0160 63686172 		.ascii	"char\000"
 811      00
 812              	.LASF24:
 813 0165 70656E64 		.ascii	"pendingOp\000"
ARM GAS  C:\DOCUME~1\ADMINI~1\LOCALS~1\Temp\ccsC3cDp.s 			page 20


 813      696E674F 
 813      7000
 814              	.LASF2:
 815 016f 73686F72 		.ascii	"short int\000"
 815      7420696E 
 815      7400
 816              	.LASF9:
 817 0179 75696E74 		.ascii	"uint8\000"
 817      3800
 818              	.LASF4:
 819 017f 6C6F6E67 		.ascii	"long int\000"
 819      20696E74 
 819      00
 820              	.LASF0:
 821 0188 7369676E 		.ascii	"signed char\000"
 821      65642063 
 821      68617200 
 822              	.LASF32:
 823 0194 5C5C7073 		.ascii	"\\\\psf\\Home\\Desktop\\KitProg version 2_03\\KitPr"
 823      665C486F 
 823      6D655C44 
 823      65736B74 
 823      6F705C4B 
 824 01c1 6F675C4B 		.ascii	"og\\KitProg.cydsn\000"
 824      69745072 
 824      6F672E63 
 824      7964736E 
 824      00
 825              	.LASF28:
 826 01d2 70726F67 		.ascii	"progMode\000"
 826      4D6F6465 
 826      00
 827              	.LASF15:
 828 01db 6C656E67 		.ascii	"length\000"
 828      746800
 829              		.ident	"GCC: (Sourcery G++ Lite 2010q1-188) 4.4.1"
