ARM GAS  C:\DOCUME~1\ADMINI~1\LOCALS~1\Temp\ccLcjgVL.s 			page 1


   1              		.syntax unified
   2              		.cpu cortex-m3
   3              		.fpu softvfp
   4              		.eabi_attribute 20, 1
   5              		.eabi_attribute 21, 1
   6              		.eabi_attribute 23, 3
   7              		.eabi_attribute 24, 1
   8              		.eabi_attribute 25, 1
   9              		.eabi_attribute 26, 1
  10              		.eabi_attribute 30, 4
  11              		.eabi_attribute 18, 4
  12              		.thumb
  13              		.file	"USBFS_vnd.c"
  14              		.section	.debug_abbrev,"",%progbits
  15              	.Ldebug_abbrev0:
  16              		.section	.debug_info,"",%progbits
  17              	.Ldebug_info0:
  18              		.section	.debug_line,"",%progbits
  19              	.Ldebug_line0:
  20 0000 A6000000 		.text
  20      02008900 
  20      00000201 
  20      FB0E0D00 
  20      01010101 
  21              	.Ltext0:
  22              		.cfi_sections	.debug_frame
  23              		.section	.text.USBFS_HandleVendorRqst,"ax",%progbits
  24              		.align	1
  25              		.global	USBFS_HandleVendorRqst
  26              		.thumb
  27              		.thumb_func
  28              		.type	USBFS_HandleVendorRqst, %function
  29              	USBFS_HandleVendorRqst:
  30              	.LFB29:
  31              		.file 1 ".\\Generated_Source\\PSoC5\\USBFS_vnd.c"
   1:.\Generated_Source\PSoC5/USBFS_vnd.c **** /*******************************************************************************
   2:.\Generated_Source\PSoC5/USBFS_vnd.c **** * File Name: USBFS_vnd.c
   3:.\Generated_Source\PSoC5/USBFS_vnd.c **** * Version 2.50
   4:.\Generated_Source\PSoC5/USBFS_vnd.c **** *
   5:.\Generated_Source\PSoC5/USBFS_vnd.c **** * Description:
   6:.\Generated_Source\PSoC5/USBFS_vnd.c **** *  USB vendor request handler.
   7:.\Generated_Source\PSoC5/USBFS_vnd.c **** *
   8:.\Generated_Source\PSoC5/USBFS_vnd.c **** * Note:
   9:.\Generated_Source\PSoC5/USBFS_vnd.c **** *
  10:.\Generated_Source\PSoC5/USBFS_vnd.c **** ********************************************************************************
  11:.\Generated_Source\PSoC5/USBFS_vnd.c **** * Copyright 2008-2012, Cypress Semiconductor Corporation.  All rights reserved.
  12:.\Generated_Source\PSoC5/USBFS_vnd.c **** * You may use this file only in accordance with the license, terms, conditions,
  13:.\Generated_Source\PSoC5/USBFS_vnd.c **** * disclaimers, and limitations in the end user license agreement accompanying
  14:.\Generated_Source\PSoC5/USBFS_vnd.c **** * the software package with which this file was provided.
  15:.\Generated_Source\PSoC5/USBFS_vnd.c **** *******************************************************************************/
  16:.\Generated_Source\PSoC5/USBFS_vnd.c **** 
  17:.\Generated_Source\PSoC5/USBFS_vnd.c **** #include "USBFS.h"
  18:.\Generated_Source\PSoC5/USBFS_vnd.c **** 
  19:.\Generated_Source\PSoC5/USBFS_vnd.c **** #if(USBFS_EXTERN_VND == USBFS_FALSE)
  20:.\Generated_Source\PSoC5/USBFS_vnd.c **** 
  21:.\Generated_Source\PSoC5/USBFS_vnd.c **** 
  22:.\Generated_Source\PSoC5/USBFS_vnd.c **** /***************************************
ARM GAS  C:\DOCUME~1\ADMINI~1\LOCALS~1\Temp\ccLcjgVL.s 			page 2


  23:.\Generated_Source\PSoC5/USBFS_vnd.c **** * Vendor Specific Declarations
  24:.\Generated_Source\PSoC5/USBFS_vnd.c **** ***************************************/
  25:.\Generated_Source\PSoC5/USBFS_vnd.c **** 
  26:.\Generated_Source\PSoC5/USBFS_vnd.c **** /* `#START VENDOR_SPECIFIC_DECLARATIONS` Place your declaration here */
  27:.\Generated_Source\PSoC5/USBFS_vnd.c **** #include "kitprog.h"
  28:.\Generated_Source\PSoC5/USBFS_vnd.c **** /* `#END` */
  29:.\Generated_Source\PSoC5/USBFS_vnd.c **** 
  30:.\Generated_Source\PSoC5/USBFS_vnd.c **** 
  31:.\Generated_Source\PSoC5/USBFS_vnd.c **** /***************************************
  32:.\Generated_Source\PSoC5/USBFS_vnd.c **** * External References
  33:.\Generated_Source\PSoC5/USBFS_vnd.c **** ***************************************/
  34:.\Generated_Source\PSoC5/USBFS_vnd.c **** 
  35:.\Generated_Source\PSoC5/USBFS_vnd.c **** uint8 USBFS_InitControlRead(void) ;
  36:.\Generated_Source\PSoC5/USBFS_vnd.c **** uint8 USBFS_InitControlWrite(void) ;
  37:.\Generated_Source\PSoC5/USBFS_vnd.c **** 
  38:.\Generated_Source\PSoC5/USBFS_vnd.c **** 
  39:.\Generated_Source\PSoC5/USBFS_vnd.c **** extern uint8 CYCODE USBFS_MSOS_CONFIGURATION_DESCR[];
  40:.\Generated_Source\PSoC5/USBFS_vnd.c **** 
  41:.\Generated_Source\PSoC5/USBFS_vnd.c **** extern volatile T_USBFS_TD USBFS_currentTD;
  42:.\Generated_Source\PSoC5/USBFS_vnd.c **** 
  43:.\Generated_Source\PSoC5/USBFS_vnd.c **** 
  44:.\Generated_Source\PSoC5/USBFS_vnd.c **** /*******************************************************************************
  45:.\Generated_Source\PSoC5/USBFS_vnd.c **** * Function Name: USBFS_HandleVendorRqst
  46:.\Generated_Source\PSoC5/USBFS_vnd.c **** ********************************************************************************
  47:.\Generated_Source\PSoC5/USBFS_vnd.c **** *
  48:.\Generated_Source\PSoC5/USBFS_vnd.c **** * Summary:
  49:.\Generated_Source\PSoC5/USBFS_vnd.c **** *  This routine provide users with a method to implement vendor specifc
  50:.\Generated_Source\PSoC5/USBFS_vnd.c **** *  requests.
  51:.\Generated_Source\PSoC5/USBFS_vnd.c **** *
  52:.\Generated_Source\PSoC5/USBFS_vnd.c **** *  To implement vendor specific requests, add your code in this function to
  53:.\Generated_Source\PSoC5/USBFS_vnd.c **** *  decode and disposition the request.  If the request is handled, your code
  54:.\Generated_Source\PSoC5/USBFS_vnd.c **** *  must set the variable "requestHandled" to TRUE, indicating that the
  55:.\Generated_Source\PSoC5/USBFS_vnd.c **** *  request has been handled.
  56:.\Generated_Source\PSoC5/USBFS_vnd.c **** *
  57:.\Generated_Source\PSoC5/USBFS_vnd.c **** * Parameters:
  58:.\Generated_Source\PSoC5/USBFS_vnd.c **** *  None.
  59:.\Generated_Source\PSoC5/USBFS_vnd.c **** *
  60:.\Generated_Source\PSoC5/USBFS_vnd.c **** * Return:
  61:.\Generated_Source\PSoC5/USBFS_vnd.c **** *  requestHandled.
  62:.\Generated_Source\PSoC5/USBFS_vnd.c **** *
  63:.\Generated_Source\PSoC5/USBFS_vnd.c **** * Reentrant:
  64:.\Generated_Source\PSoC5/USBFS_vnd.c **** *  No.
  65:.\Generated_Source\PSoC5/USBFS_vnd.c **** *
  66:.\Generated_Source\PSoC5/USBFS_vnd.c **** *******************************************************************************/
  67:.\Generated_Source\PSoC5/USBFS_vnd.c **** uint8 USBFS_HandleVendorRqst(void) 
  68:.\Generated_Source\PSoC5/USBFS_vnd.c **** {
  32              		.loc 1 68 0
  33              		.cfi_startproc
  34              		@ args = 0, pretend = 0, frame = 0
  35              		@ frame_needed = 0, uses_anonymous_args = 0
  36 0000 10B5     		push	{r4, lr}
  37              	.LCFI0:
  38              		.cfi_def_cfa_offset 8
  69:.\Generated_Source\PSoC5/USBFS_vnd.c ****     uint8 requestHandled = USBFS_FALSE;
  70:.\Generated_Source\PSoC5/USBFS_vnd.c **** 
  71:.\Generated_Source\PSoC5/USBFS_vnd.c ****     if ((CY_GET_REG8(USBFS_bmRequestType) & USBFS_RQST_DIR_MASK) == USBFS_RQST_DIR_D2H)
  39              		.loc 1 71 0
ARM GAS  C:\DOCUME~1\ADMINI~1\LOCALS~1\Temp\ccLcjgVL.s 			page 3


  40 0002 064B     		ldr	r3, .L4
  41 0004 1B78     		ldrb	r3, [r3, #0]	@ zero_extendqisi2
  42 0006 13F0800F 		tst	r3, #128
  72:.\Generated_Source\PSoC5/USBFS_vnd.c ****     {
  73:.\Generated_Source\PSoC5/USBFS_vnd.c ****         /* Control Read */
  74:.\Generated_Source\PSoC5/USBFS_vnd.c ****         switch (CY_GET_REG8(USBFS_bRequest))
  43              		.loc 1 74 0
  44 000a 1CBF     		itt	ne
  45 000c 044B     		ldrne	r3, .L4+4
  46 000e 1B78     		ldrbne	r3, [r3, #0]	@ zero_extendqisi2
  75:.\Generated_Source\PSoC5/USBFS_vnd.c ****         {
  76:.\Generated_Source\PSoC5/USBFS_vnd.c ****             case USBFS_GET_EXTENDED_CONFIG_DESCRIPTOR:
  77:.\Generated_Source\PSoC5/USBFS_vnd.c ****                 #if defined(USBFS_ENABLE_MSOS_STRING)
  78:.\Generated_Source\PSoC5/USBFS_vnd.c ****                     USBFS_currentTD.pData = &USBFS_MSOS_CONFIGURATION_DESCR[0u];
  79:.\Generated_Source\PSoC5/USBFS_vnd.c ****                     USBFS_currentTD.count = USBFS_MSOS_CONFIGURATION_DESCR[0u];
  80:.\Generated_Source\PSoC5/USBFS_vnd.c ****                     requestHandled  = USBFS_InitControlRead();
  81:.\Generated_Source\PSoC5/USBFS_vnd.c ****                 #endif /* End USBFS_ENABLE_MSOS_STRING */
  82:.\Generated_Source\PSoC5/USBFS_vnd.c ****                 break;
  83:.\Generated_Source\PSoC5/USBFS_vnd.c ****             default:
  84:.\Generated_Source\PSoC5/USBFS_vnd.c ****                 break;
  85:.\Generated_Source\PSoC5/USBFS_vnd.c ****         }
  86:.\Generated_Source\PSoC5/USBFS_vnd.c ****     }
  87:.\Generated_Source\PSoC5/USBFS_vnd.c **** 
  88:.\Generated_Source\PSoC5/USBFS_vnd.c ****     /* `#START VENDOR_SPECIFIC_CODE` Place your vendor specific request here */
  89:.\Generated_Source\PSoC5/USBFS_vnd.c **** 	
  90:.\Generated_Source\PSoC5/USBFS_vnd.c **** 	/* service the vendor specific command. VendorCmd() defined in the USBFS_commandInterface.c */
  91:.\Generated_Source\PSoC5/USBFS_vnd.c **** 	VendorCmd();		
  47              		.loc 1 91 0
  48              		.cfi_offset 14, -4
  49              		.cfi_offset 4, -8
  50 0010 FFF7FEFF 		bl	VendorCmd
  92:.\Generated_Source\PSoC5/USBFS_vnd.c **** 	requestHandled = USBFS_InitControlRead();
  93:.\Generated_Source\PSoC5/USBFS_vnd.c **** 	
  94:.\Generated_Source\PSoC5/USBFS_vnd.c ****     /* `#END` */
  95:.\Generated_Source\PSoC5/USBFS_vnd.c **** 
  96:.\Generated_Source\PSoC5/USBFS_vnd.c ****     return(requestHandled);
  97:.\Generated_Source\PSoC5/USBFS_vnd.c **** }
  51              		.loc 1 97 0
  52 0014 BDE81040 		pop	{r4, lr}
  53              		.loc 1 92 0
  54 0018 FFF7FEBF 		b	USBFS_InitControlRead
  55              	.L5:
  56              		.align	2
  57              	.L4:
  58 001c 00600040 		.word	1073766400
  59 0020 01600040 		.word	1073766401
  60              		.cfi_endproc
  61              	.LFE29:
  62              		.size	USBFS_HandleVendorRqst, .-USBFS_HandleVendorRqst
  63              		.text
  64              	.Letext0:
  65              		.section	.debug_loc,"",%progbits
  66              	.Ldebug_loc0:
  67              	.LLST0:
  68 0000 00000000 		.4byte	.LFB29
  69 0004 02000000 		.4byte	.LCFI0
  70 0008 0100     		.2byte	0x1
ARM GAS  C:\DOCUME~1\ADMINI~1\LOCALS~1\Temp\ccLcjgVL.s 			page 4


  71 000a 5D       		.byte	0x5d
  72 000b 02000000 		.4byte	.LCFI0
  73 000f 24000000 		.4byte	.LFE29
  74 0013 0200     		.2byte	0x2
  75 0015 7D       		.byte	0x7d
  76 0016 08       		.sleb128 8
  77 0017 00000000 		.4byte	0x0
  78 001b 00000000 		.4byte	0x0
  79              		.file 2 ".\\Generated_Source\\PSoC5\\/cytypes.h"
  80              		.file 3 "./Generated_Source/PSoC5/core_cm3.h"
  81              		.section	.debug_info
  82 0000 CB000000 		.4byte	0xcb
  83 0004 0200     		.2byte	0x2
  84 0006 00000000 		.4byte	.Ldebug_abbrev0
  85 000a 04       		.byte	0x4
  86 000b 01       		.uleb128 0x1
  87 000c A8000000 		.4byte	.LASF12
  88 0010 01       		.byte	0x1
  89 0011 2E000000 		.4byte	.LASF13
  90 0015 C7000000 		.4byte	.LASF14
  91 0019 00000000 		.4byte	0x0
  92 001d 00000000 		.4byte	0x0
  93 0021 00000000 		.4byte	.Ldebug_ranges0+0x0
  94 0025 00000000 		.4byte	.Ldebug_line0
  95 0029 02       		.uleb128 0x2
  96 002a 01       		.byte	0x1
  97 002b 06       		.byte	0x6
  98 002c 22010000 		.4byte	.LASF0
  99 0030 02       		.uleb128 0x2
 100 0031 01       		.byte	0x1
 101 0032 08       		.byte	0x8
 102 0033 B4000000 		.4byte	.LASF1
 103 0037 02       		.uleb128 0x2
 104 0038 02       		.byte	0x2
 105 0039 05       		.byte	0x5
 106 003a 34010000 		.4byte	.LASF2
 107 003e 02       		.uleb128 0x2
 108 003f 02       		.byte	0x2
 109 0040 07       		.byte	0x7
 110 0041 0E000000 		.4byte	.LASF3
 111 0045 02       		.uleb128 0x2
 112 0046 04       		.byte	0x4
 113 0047 05       		.byte	0x5
 114 0048 05010000 		.4byte	.LASF4
 115 004c 02       		.uleb128 0x2
 116 004d 04       		.byte	0x4
 117 004e 07       		.byte	0x7
 118 004f 70000000 		.4byte	.LASF5
 119 0053 02       		.uleb128 0x2
 120 0054 08       		.byte	0x8
 121 0055 05       		.byte	0x5
 122 0056 00000000 		.4byte	.LASF6
 123 005a 02       		.uleb128 0x2
 124 005b 08       		.byte	0x8
 125 005c 07       		.byte	0x7
 126 005d 91000000 		.4byte	.LASF7
 127 0061 03       		.uleb128 0x3
ARM GAS  C:\DOCUME~1\ADMINI~1\LOCALS~1\Temp\ccLcjgVL.s 			page 5


 128 0062 04       		.byte	0x4
 129 0063 05       		.byte	0x5
 130 0064 696E7400 		.ascii	"int\000"
 131 0068 02       		.uleb128 0x2
 132 0069 04       		.byte	0x4
 133 006a 07       		.byte	0x7
 134 006b 21000000 		.4byte	.LASF8
 135 006f 04       		.uleb128 0x4
 136 0070 6A000000 		.4byte	.LASF15
 137 0074 02       		.byte	0x2
 138 0075 4C       		.byte	0x4c
 139 0076 30000000 		.4byte	0x30
 140 007a 02       		.uleb128 0x2
 141 007b 04       		.byte	0x4
 142 007c 04       		.byte	0x4
 143 007d 2E010000 		.4byte	.LASF9
 144 0081 02       		.uleb128 0x2
 145 0082 08       		.byte	0x8
 146 0083 04       		.byte	0x4
 147 0084 0E010000 		.4byte	.LASF10
 148 0088 02       		.uleb128 0x2
 149 0089 01       		.byte	0x1
 150 008a 08       		.byte	0x8
 151 008b C2000000 		.4byte	.LASF11
 152 008f 05       		.uleb128 0x5
 153 0090 04       		.byte	0x4
 154 0091 07       		.byte	0x7
 155 0092 06       		.uleb128 0x6
 156 0093 01       		.byte	0x1
 157 0094 53000000 		.4byte	.LASF16
 158 0098 01       		.byte	0x1
 159 0099 43       		.byte	0x43
 160 009a 01       		.byte	0x1
 161 009b 6F000000 		.4byte	0x6f
 162 009f 00000000 		.4byte	.LFB29
 163 00a3 24000000 		.4byte	.LFE29
 164 00a7 00000000 		.4byte	.LLST0
 165 00ab BB000000 		.4byte	0xbb
 166 00af 07       		.uleb128 0x7
 167 00b0 82000000 		.4byte	.LASF17
 168 00b4 01       		.byte	0x1
 169 00b5 45       		.byte	0x45
 170 00b6 6F000000 		.4byte	0x6f
 171 00ba 00       		.byte	0x0
 172 00bb 08       		.uleb128 0x8
 173 00bc 15010000 		.4byte	.LASF18
 174 00c0 03       		.byte	0x3
 175 00c1 CE06     		.2byte	0x6ce
 176 00c3 C9000000 		.4byte	0xc9
 177 00c7 01       		.byte	0x1
 178 00c8 01       		.byte	0x1
 179 00c9 09       		.uleb128 0x9
 180 00ca 61000000 		.4byte	0x61
 181 00ce 00       		.byte	0x0
 182              		.section	.debug_abbrev
 183 0000 01       		.uleb128 0x1
 184 0001 11       		.uleb128 0x11
ARM GAS  C:\DOCUME~1\ADMINI~1\LOCALS~1\Temp\ccLcjgVL.s 			page 6


 185 0002 01       		.byte	0x1
 186 0003 25       		.uleb128 0x25
 187 0004 0E       		.uleb128 0xe
 188 0005 13       		.uleb128 0x13
 189 0006 0B       		.uleb128 0xb
 190 0007 03       		.uleb128 0x3
 191 0008 0E       		.uleb128 0xe
 192 0009 1B       		.uleb128 0x1b
 193 000a 0E       		.uleb128 0xe
 194 000b 11       		.uleb128 0x11
 195 000c 01       		.uleb128 0x1
 196 000d 52       		.uleb128 0x52
 197 000e 01       		.uleb128 0x1
 198 000f 55       		.uleb128 0x55
 199 0010 06       		.uleb128 0x6
 200 0011 10       		.uleb128 0x10
 201 0012 06       		.uleb128 0x6
 202 0013 00       		.byte	0x0
 203 0014 00       		.byte	0x0
 204 0015 02       		.uleb128 0x2
 205 0016 24       		.uleb128 0x24
 206 0017 00       		.byte	0x0
 207 0018 0B       		.uleb128 0xb
 208 0019 0B       		.uleb128 0xb
 209 001a 3E       		.uleb128 0x3e
 210 001b 0B       		.uleb128 0xb
 211 001c 03       		.uleb128 0x3
 212 001d 0E       		.uleb128 0xe
 213 001e 00       		.byte	0x0
 214 001f 00       		.byte	0x0
 215 0020 03       		.uleb128 0x3
 216 0021 24       		.uleb128 0x24
 217 0022 00       		.byte	0x0
 218 0023 0B       		.uleb128 0xb
 219 0024 0B       		.uleb128 0xb
 220 0025 3E       		.uleb128 0x3e
 221 0026 0B       		.uleb128 0xb
 222 0027 03       		.uleb128 0x3
 223 0028 08       		.uleb128 0x8
 224 0029 00       		.byte	0x0
 225 002a 00       		.byte	0x0
 226 002b 04       		.uleb128 0x4
 227 002c 16       		.uleb128 0x16
 228 002d 00       		.byte	0x0
 229 002e 03       		.uleb128 0x3
 230 002f 0E       		.uleb128 0xe
 231 0030 3A       		.uleb128 0x3a
 232 0031 0B       		.uleb128 0xb
 233 0032 3B       		.uleb128 0x3b
 234 0033 0B       		.uleb128 0xb
 235 0034 49       		.uleb128 0x49
 236 0035 13       		.uleb128 0x13
 237 0036 00       		.byte	0x0
 238 0037 00       		.byte	0x0
 239 0038 05       		.uleb128 0x5
 240 0039 24       		.uleb128 0x24
 241 003a 00       		.byte	0x0
ARM GAS  C:\DOCUME~1\ADMINI~1\LOCALS~1\Temp\ccLcjgVL.s 			page 7


 242 003b 0B       		.uleb128 0xb
 243 003c 0B       		.uleb128 0xb
 244 003d 3E       		.uleb128 0x3e
 245 003e 0B       		.uleb128 0xb
 246 003f 00       		.byte	0x0
 247 0040 00       		.byte	0x0
 248 0041 06       		.uleb128 0x6
 249 0042 2E       		.uleb128 0x2e
 250 0043 01       		.byte	0x1
 251 0044 3F       		.uleb128 0x3f
 252 0045 0C       		.uleb128 0xc
 253 0046 03       		.uleb128 0x3
 254 0047 0E       		.uleb128 0xe
 255 0048 3A       		.uleb128 0x3a
 256 0049 0B       		.uleb128 0xb
 257 004a 3B       		.uleb128 0x3b
 258 004b 0B       		.uleb128 0xb
 259 004c 27       		.uleb128 0x27
 260 004d 0C       		.uleb128 0xc
 261 004e 49       		.uleb128 0x49
 262 004f 13       		.uleb128 0x13
 263 0050 11       		.uleb128 0x11
 264 0051 01       		.uleb128 0x1
 265 0052 12       		.uleb128 0x12
 266 0053 01       		.uleb128 0x1
 267 0054 40       		.uleb128 0x40
 268 0055 06       		.uleb128 0x6
 269 0056 01       		.uleb128 0x1
 270 0057 13       		.uleb128 0x13
 271 0058 00       		.byte	0x0
 272 0059 00       		.byte	0x0
 273 005a 07       		.uleb128 0x7
 274 005b 34       		.uleb128 0x34
 275 005c 00       		.byte	0x0
 276 005d 03       		.uleb128 0x3
 277 005e 0E       		.uleb128 0xe
 278 005f 3A       		.uleb128 0x3a
 279 0060 0B       		.uleb128 0xb
 280 0061 3B       		.uleb128 0x3b
 281 0062 0B       		.uleb128 0xb
 282 0063 49       		.uleb128 0x49
 283 0064 13       		.uleb128 0x13
 284 0065 00       		.byte	0x0
 285 0066 00       		.byte	0x0
 286 0067 08       		.uleb128 0x8
 287 0068 34       		.uleb128 0x34
 288 0069 00       		.byte	0x0
 289 006a 03       		.uleb128 0x3
 290 006b 0E       		.uleb128 0xe
 291 006c 3A       		.uleb128 0x3a
 292 006d 0B       		.uleb128 0xb
 293 006e 3B       		.uleb128 0x3b
 294 006f 05       		.uleb128 0x5
 295 0070 49       		.uleb128 0x49
 296 0071 13       		.uleb128 0x13
 297 0072 3F       		.uleb128 0x3f
 298 0073 0C       		.uleb128 0xc
ARM GAS  C:\DOCUME~1\ADMINI~1\LOCALS~1\Temp\ccLcjgVL.s 			page 8


 299 0074 3C       		.uleb128 0x3c
 300 0075 0C       		.uleb128 0xc
 301 0076 00       		.byte	0x0
 302 0077 00       		.byte	0x0
 303 0078 09       		.uleb128 0x9
 304 0079 35       		.uleb128 0x35
 305 007a 00       		.byte	0x0
 306 007b 49       		.uleb128 0x49
 307 007c 13       		.uleb128 0x13
 308 007d 00       		.byte	0x0
 309 007e 00       		.byte	0x0
 310 007f 00       		.byte	0x0
 311              		.section	.debug_pubnames,"",%progbits
 312 0000 29000000 		.4byte	0x29
 313 0004 0200     		.2byte	0x2
 314 0006 00000000 		.4byte	.Ldebug_info0
 315 000a CF000000 		.4byte	0xcf
 316 000e 92000000 		.4byte	0x92
 317 0012 55534246 		.ascii	"USBFS_HandleVendorRqst\000"
 317      535F4861 
 317      6E646C65 
 317      56656E64 
 317      6F725271 
 318 0029 00000000 		.4byte	0x0
 319              		.section	.debug_aranges,"",%progbits
 320 0000 1C000000 		.4byte	0x1c
 321 0004 0200     		.2byte	0x2
 322 0006 00000000 		.4byte	.Ldebug_info0
 323 000a 04       		.byte	0x4
 324 000b 00       		.byte	0x0
 325 000c 0000     		.2byte	0x0
 326 000e 0000     		.2byte	0x0
 327 0010 00000000 		.4byte	.LFB29
 328 0014 24000000 		.4byte	.LFE29-.LFB29
 329 0018 00000000 		.4byte	0x0
 330 001c 00000000 		.4byte	0x0
 331              		.section	.debug_ranges,"",%progbits
 332              	.Ldebug_ranges0:
 333 0000 00000000 		.4byte	.Ltext0
 334 0004 00000000 		.4byte	.Letext0
 335 0008 00000000 		.4byte	.LFB29
 336 000c 24000000 		.4byte	.LFE29
 337 0010 00000000 		.4byte	0x0
 338 0014 00000000 		.4byte	0x0
 339              		.section	.debug_str,"MS",%progbits,1
 340              	.LASF6:
 341 0000 6C6F6E67 		.ascii	"long long int\000"
 341      206C6F6E 
 341      6720696E 
 341      7400
 342              	.LASF3:
 343 000e 73686F72 		.ascii	"short unsigned int\000"
 343      7420756E 
 343      7369676E 
 343      65642069 
 343      6E7400
 344              	.LASF8:
ARM GAS  C:\DOCUME~1\ADMINI~1\LOCALS~1\Temp\ccLcjgVL.s 			page 9


 345 0021 756E7369 		.ascii	"unsigned int\000"
 345      676E6564 
 345      20696E74 
 345      00
 346              	.LASF13:
 347 002e 2E5C4765 		.ascii	".\\Generated_Source\\PSoC5\\USBFS_vnd.c\000"
 347      6E657261 
 347      7465645F 
 347      536F7572 
 347      63655C50 
 348              	.LASF16:
 349 0053 55534246 		.ascii	"USBFS_HandleVendorRqst\000"
 349      535F4861 
 349      6E646C65 
 349      56656E64 
 349      6F725271 
 350              	.LASF15:
 351 006a 75696E74 		.ascii	"uint8\000"
 351      3800
 352              	.LASF5:
 353 0070 6C6F6E67 		.ascii	"long unsigned int\000"
 353      20756E73 
 353      69676E65 
 353      6420696E 
 353      7400
 354              	.LASF17:
 355 0082 72657175 		.ascii	"requestHandled\000"
 355      65737448 
 355      616E646C 
 355      656400
 356              	.LASF7:
 357 0091 6C6F6E67 		.ascii	"long long unsigned int\000"
 357      206C6F6E 
 357      6720756E 
 357      7369676E 
 357      65642069 
 358              	.LASF12:
 359 00a8 474E5520 		.ascii	"GNU C 4.4.1\000"
 359      4320342E 
 359      342E3100 
 360              	.LASF1:
 361 00b4 756E7369 		.ascii	"unsigned char\000"
 361      676E6564 
 361      20636861 
 361      7200
 362              	.LASF11:
 363 00c2 63686172 		.ascii	"char\000"
 363      00
 364              	.LASF14:
 365 00c7 5C5C7073 		.ascii	"\\\\psf\\Home\\Desktop\\KitProg version 2_03\\KitPr"
 365      665C486F 
 365      6D655C44 
 365      65736B74 
 365      6F705C4B 
 366 00f4 6F675C4B 		.ascii	"og\\KitProg.cydsn\000"
 366      69745072 
 366      6F672E63 
ARM GAS  C:\DOCUME~1\ADMINI~1\LOCALS~1\Temp\ccLcjgVL.s 			page 10


 366      7964736E 
 366      00
 367              	.LASF4:
 368 0105 6C6F6E67 		.ascii	"long int\000"
 368      20696E74 
 368      00
 369              	.LASF10:
 370 010e 646F7562 		.ascii	"double\000"
 370      6C6500
 371              	.LASF18:
 372 0115 49544D5F 		.ascii	"ITM_RxBuffer\000"
 372      52784275 
 372      66666572 
 372      00
 373              	.LASF0:
 374 0122 7369676E 		.ascii	"signed char\000"
 374      65642063 
 374      68617200 
 375              	.LASF9:
 376 012e 666C6F61 		.ascii	"float\000"
 376      7400
 377              	.LASF2:
 378 0134 73686F72 		.ascii	"short int\000"
 378      7420696E 
 378      7400
 379              		.ident	"GCC: (Sourcery G++ Lite 2010q1-188) 4.4.1"
