ARM GAS  C:\DOCUME~1\ADMINI~1\LOCALS~1\Temp\ccqF2cmD.s 			page 1


   1              		.syntax unified
   2              		.cpu cortex-m3
   3              		.fpu softvfp
   4              		.eabi_attribute 20, 1
   5              		.eabi_attribute 21, 1
   6              		.eabi_attribute 23, 3
   7              		.eabi_attribute 24, 1
   8              		.eabi_attribute 25, 1
   9              		.eabi_attribute 26, 1
  10              		.eabi_attribute 30, 4
  11              		.eabi_attribute 18, 4
  12              		.thumb
  13              		.file	"USBFS_pm.c"
  14              		.section	.debug_abbrev,"",%progbits
  15              	.Ldebug_abbrev0:
  16              		.section	.debug_info,"",%progbits
  17              	.Ldebug_info0:
  18              		.section	.debug_line,"",%progbits
  19              	.Ldebug_line0:
  20 0000 37010000 		.text
  20      02007900 
  20      00000201 
  20      FB0E0D00 
  20      01010101 
  21              	.Ltext0:
  22              		.cfi_sections	.debug_frame
  23              		.section	.text.USBFS_DP_ISR,"ax",%progbits
  24              		.align	1
  25              		.global	USBFS_DP_ISR
  26              		.thumb
  27              		.thumb_func
  28              		.type	USBFS_DP_ISR, %function
  29              	USBFS_DP_ISR:
  30              	.LFB29:
  31              		.file 1 ".\\Generated_Source\\PSoC5\\USBFS_pm.c"
   1:.\Generated_Source\PSoC5/USBFS_pm.c **** /*******************************************************************************
   2:.\Generated_Source\PSoC5/USBFS_pm.c **** * File Name: USBFS_pm.c
   3:.\Generated_Source\PSoC5/USBFS_pm.c **** * Version 2.50
   4:.\Generated_Source\PSoC5/USBFS_pm.c **** *
   5:.\Generated_Source\PSoC5/USBFS_pm.c **** * Description:
   6:.\Generated_Source\PSoC5/USBFS_pm.c **** *  This file provides Suspend/Resume APIs functionality.
   7:.\Generated_Source\PSoC5/USBFS_pm.c **** *
   8:.\Generated_Source\PSoC5/USBFS_pm.c **** * Note:
   9:.\Generated_Source\PSoC5/USBFS_pm.c **** *
  10:.\Generated_Source\PSoC5/USBFS_pm.c **** ********************************************************************************
  11:.\Generated_Source\PSoC5/USBFS_pm.c **** * Copyright 2008-2012, Cypress Semiconductor Corporation.  All rights reserved.
  12:.\Generated_Source\PSoC5/USBFS_pm.c **** * You may use this file only in accordance with the license, terms, conditions,
  13:.\Generated_Source\PSoC5/USBFS_pm.c **** * disclaimers, and limitations in the end user license agreement accompanying
  14:.\Generated_Source\PSoC5/USBFS_pm.c **** * the software package with which this file was provided.
  15:.\Generated_Source\PSoC5/USBFS_pm.c **** *******************************************************************************/
  16:.\Generated_Source\PSoC5/USBFS_pm.c **** 
  17:.\Generated_Source\PSoC5/USBFS_pm.c **** #include <device.h>
  18:.\Generated_Source\PSoC5/USBFS_pm.c **** #include "USBFS.h"
  19:.\Generated_Source\PSoC5/USBFS_pm.c **** 
  20:.\Generated_Source\PSoC5/USBFS_pm.c **** 
  21:.\Generated_Source\PSoC5/USBFS_pm.c **** /***************************************
  22:.\Generated_Source\PSoC5/USBFS_pm.c **** * Custom Declarations
ARM GAS  C:\DOCUME~1\ADMINI~1\LOCALS~1\Temp\ccqF2cmD.s 			page 2


  23:.\Generated_Source\PSoC5/USBFS_pm.c **** ***************************************/
  24:.\Generated_Source\PSoC5/USBFS_pm.c **** /* `#START PM_CUSTOM_DECLARATIONS` Place your declaration here */
  25:.\Generated_Source\PSoC5/USBFS_pm.c **** 
  26:.\Generated_Source\PSoC5/USBFS_pm.c **** /* `#END` */
  27:.\Generated_Source\PSoC5/USBFS_pm.c **** 
  28:.\Generated_Source\PSoC5/USBFS_pm.c **** 
  29:.\Generated_Source\PSoC5/USBFS_pm.c **** /***************************************
  30:.\Generated_Source\PSoC5/USBFS_pm.c **** * Local data allocation
  31:.\Generated_Source\PSoC5/USBFS_pm.c **** ***************************************/
  32:.\Generated_Source\PSoC5/USBFS_pm.c **** 
  33:.\Generated_Source\PSoC5/USBFS_pm.c **** static USBFS_BACKUP_STRUCT  USBFS_backup;
  34:.\Generated_Source\PSoC5/USBFS_pm.c **** 
  35:.\Generated_Source\PSoC5/USBFS_pm.c **** 
  36:.\Generated_Source\PSoC5/USBFS_pm.c **** /***************************************
  37:.\Generated_Source\PSoC5/USBFS_pm.c **** * External data references
  38:.\Generated_Source\PSoC5/USBFS_pm.c **** ***************************************/
  39:.\Generated_Source\PSoC5/USBFS_pm.c **** 
  40:.\Generated_Source\PSoC5/USBFS_pm.c **** extern volatile uint8 USBFS_configuration;
  41:.\Generated_Source\PSoC5/USBFS_pm.c **** 
  42:.\Generated_Source\PSoC5/USBFS_pm.c **** 
  43:.\Generated_Source\PSoC5/USBFS_pm.c **** /***************************************
  44:.\Generated_Source\PSoC5/USBFS_pm.c **** * External function references
  45:.\Generated_Source\PSoC5/USBFS_pm.c **** ***************************************/
  46:.\Generated_Source\PSoC5/USBFS_pm.c **** 
  47:.\Generated_Source\PSoC5/USBFS_pm.c **** extern void USBFS_ConfigReg(void) ;
  48:.\Generated_Source\PSoC5/USBFS_pm.c **** #if(USBFS_EP_MM != USBFS__EP_MANUAL)
  49:.\Generated_Source\PSoC5/USBFS_pm.c ****     extern void USBFS_Stop_DMA(uint8 epNumber) ;
  50:.\Generated_Source\PSoC5/USBFS_pm.c **** #endif   /* End USBFS_EP_MM != USBFS__EP_MANUAL */
  51:.\Generated_Source\PSoC5/USBFS_pm.c **** 
  52:.\Generated_Source\PSoC5/USBFS_pm.c **** #if((USBFS_DP_ISR_REMOVE == 0u) && (!CY_PSOC5A))
  53:.\Generated_Source\PSoC5/USBFS_pm.c **** 
  54:.\Generated_Source\PSoC5/USBFS_pm.c **** 
  55:.\Generated_Source\PSoC5/USBFS_pm.c ****     /*******************************************************************************
  56:.\Generated_Source\PSoC5/USBFS_pm.c ****     * Function Name: USBFS_DP_Interrupt
  57:.\Generated_Source\PSoC5/USBFS_pm.c ****     ********************************************************************************
  58:.\Generated_Source\PSoC5/USBFS_pm.c ****     *
  59:.\Generated_Source\PSoC5/USBFS_pm.c ****     * Summary:
  60:.\Generated_Source\PSoC5/USBFS_pm.c ****     *  This Interrupt Service Routine handles DP pin changes for wake-up from
  61:.\Generated_Source\PSoC5/USBFS_pm.c ****     *  the sleep mode.
  62:.\Generated_Source\PSoC5/USBFS_pm.c ****     *
  63:.\Generated_Source\PSoC5/USBFS_pm.c ****     * Parameters:
  64:.\Generated_Source\PSoC5/USBFS_pm.c ****     *  None.
  65:.\Generated_Source\PSoC5/USBFS_pm.c ****     *
  66:.\Generated_Source\PSoC5/USBFS_pm.c ****     * Return:
  67:.\Generated_Source\PSoC5/USBFS_pm.c ****     *  None.
  68:.\Generated_Source\PSoC5/USBFS_pm.c ****     *
  69:.\Generated_Source\PSoC5/USBFS_pm.c ****     *******************************************************************************/
  70:.\Generated_Source\PSoC5/USBFS_pm.c ****     CY_ISR(USBFS_DP_ISR)
  71:.\Generated_Source\PSoC5/USBFS_pm.c ****     {
  32              		.loc 1 71 0
  33              		.cfi_startproc
  34              		@ args = 0, pretend = 0, frame = 0
  35              		@ frame_needed = 0, uses_anonymous_args = 0
  36              		@ link register save eliminated.
  72:.\Generated_Source\PSoC5/USBFS_pm.c ****         /* `#START DP_USER_CODE` Place your code here */
  73:.\Generated_Source\PSoC5/USBFS_pm.c **** 
  74:.\Generated_Source\PSoC5/USBFS_pm.c ****         /* `#END` */
ARM GAS  C:\DOCUME~1\ADMINI~1\LOCALS~1\Temp\ccqF2cmD.s 			page 3


  75:.\Generated_Source\PSoC5/USBFS_pm.c **** 
  76:.\Generated_Source\PSoC5/USBFS_pm.c ****         /* Clears active interrupt */
  77:.\Generated_Source\PSoC5/USBFS_pm.c ****         CY_GET_REG8(USBFS_DP_INTSTAT_PTR);
  37              		.loc 1 77 0
  38 0000 014B     		ldr	r3, .L3
  39 0002 1B78     		ldrb	r3, [r3, #0]	@ zero_extendqisi2
  78:.\Generated_Source\PSoC5/USBFS_pm.c ****     }
  40              		.loc 1 78 0
  41 0004 7047     		bx	lr
  42              	.L4:
  43 0006 00BF     		.align	2
  44              	.L3:
  45 0008 8F450040 		.word	1073759631
  46              		.cfi_endproc
  47              	.LFE29:
  48              		.size	USBFS_DP_ISR, .-USBFS_DP_ISR
  49              		.section	.text.USBFS_SaveConfig,"ax",%progbits
  50              		.align	1
  51              		.global	USBFS_SaveConfig
  52              		.thumb
  53              		.thumb_func
  54              		.type	USBFS_SaveConfig, %function
  55              	USBFS_SaveConfig:
  56              	.LFB30:
  79:.\Generated_Source\PSoC5/USBFS_pm.c **** 
  80:.\Generated_Source\PSoC5/USBFS_pm.c **** #endif /* (USBFS_DP_ISR_REMOVE == 0u) && (!CY_PSOC5A) */
  81:.\Generated_Source\PSoC5/USBFS_pm.c **** 
  82:.\Generated_Source\PSoC5/USBFS_pm.c **** 
  83:.\Generated_Source\PSoC5/USBFS_pm.c **** /*******************************************************************************
  84:.\Generated_Source\PSoC5/USBFS_pm.c **** * Function Name: USBFS_SaveConfig
  85:.\Generated_Source\PSoC5/USBFS_pm.c **** ********************************************************************************
  86:.\Generated_Source\PSoC5/USBFS_pm.c **** *
  87:.\Generated_Source\PSoC5/USBFS_pm.c **** * Summary:
  88:.\Generated_Source\PSoC5/USBFS_pm.c **** *  Saves the current user configuration.
  89:.\Generated_Source\PSoC5/USBFS_pm.c **** *
  90:.\Generated_Source\PSoC5/USBFS_pm.c **** * Parameters:
  91:.\Generated_Source\PSoC5/USBFS_pm.c **** *  None.
  92:.\Generated_Source\PSoC5/USBFS_pm.c **** *
  93:.\Generated_Source\PSoC5/USBFS_pm.c **** * Return:
  94:.\Generated_Source\PSoC5/USBFS_pm.c **** *  None.
  95:.\Generated_Source\PSoC5/USBFS_pm.c **** *
  96:.\Generated_Source\PSoC5/USBFS_pm.c **** * Reentrant:
  97:.\Generated_Source\PSoC5/USBFS_pm.c **** *  No.
  98:.\Generated_Source\PSoC5/USBFS_pm.c **** *
  99:.\Generated_Source\PSoC5/USBFS_pm.c **** *******************************************************************************/
 100:.\Generated_Source\PSoC5/USBFS_pm.c **** void USBFS_SaveConfig(void) 
 101:.\Generated_Source\PSoC5/USBFS_pm.c **** {
  57              		.loc 1 101 0
  58              		.cfi_startproc
  59              		@ args = 0, pretend = 0, frame = 0
  60              		@ frame_needed = 0, uses_anonymous_args = 0
  61              		@ link register save eliminated.
 102:.\Generated_Source\PSoC5/USBFS_pm.c **** 
 103:.\Generated_Source\PSoC5/USBFS_pm.c **** }
  62              		.loc 1 103 0
  63 0000 7047     		bx	lr
  64              		.cfi_endproc
ARM GAS  C:\DOCUME~1\ADMINI~1\LOCALS~1\Temp\ccqF2cmD.s 			page 4


  65              	.LFE30:
  66              		.size	USBFS_SaveConfig, .-USBFS_SaveConfig
  67              		.section	.text.USBFS_Suspend,"ax",%progbits
  68              		.align	1
  69              		.global	USBFS_Suspend
  70              		.thumb
  71              		.thumb_func
  72              		.type	USBFS_Suspend, %function
  73              	USBFS_Suspend:
  74              	.LFB32:
 104:.\Generated_Source\PSoC5/USBFS_pm.c **** 
 105:.\Generated_Source\PSoC5/USBFS_pm.c **** 
 106:.\Generated_Source\PSoC5/USBFS_pm.c **** /*******************************************************************************
 107:.\Generated_Source\PSoC5/USBFS_pm.c **** * Function Name: USBFS_RestoreConfig
 108:.\Generated_Source\PSoC5/USBFS_pm.c **** ********************************************************************************
 109:.\Generated_Source\PSoC5/USBFS_pm.c **** *
 110:.\Generated_Source\PSoC5/USBFS_pm.c **** * Summary:
 111:.\Generated_Source\PSoC5/USBFS_pm.c **** *  Restores the current user configuration.
 112:.\Generated_Source\PSoC5/USBFS_pm.c **** *
 113:.\Generated_Source\PSoC5/USBFS_pm.c **** * Parameters:
 114:.\Generated_Source\PSoC5/USBFS_pm.c **** *  None.
 115:.\Generated_Source\PSoC5/USBFS_pm.c **** *
 116:.\Generated_Source\PSoC5/USBFS_pm.c **** * Return:
 117:.\Generated_Source\PSoC5/USBFS_pm.c **** *  None.
 118:.\Generated_Source\PSoC5/USBFS_pm.c **** *
 119:.\Generated_Source\PSoC5/USBFS_pm.c **** * Reentrant:
 120:.\Generated_Source\PSoC5/USBFS_pm.c **** *  No.
 121:.\Generated_Source\PSoC5/USBFS_pm.c **** *
 122:.\Generated_Source\PSoC5/USBFS_pm.c **** *******************************************************************************/
 123:.\Generated_Source\PSoC5/USBFS_pm.c **** void USBFS_RestoreConfig(void) 
 124:.\Generated_Source\PSoC5/USBFS_pm.c **** {
 125:.\Generated_Source\PSoC5/USBFS_pm.c ****     if(USBFS_configuration != 0)
 126:.\Generated_Source\PSoC5/USBFS_pm.c ****     {
 127:.\Generated_Source\PSoC5/USBFS_pm.c ****         USBFS_ConfigReg();    
 128:.\Generated_Source\PSoC5/USBFS_pm.c ****     }
 129:.\Generated_Source\PSoC5/USBFS_pm.c **** }
 130:.\Generated_Source\PSoC5/USBFS_pm.c **** 
 131:.\Generated_Source\PSoC5/USBFS_pm.c **** 
 132:.\Generated_Source\PSoC5/USBFS_pm.c **** /*******************************************************************************
 133:.\Generated_Source\PSoC5/USBFS_pm.c **** * Function Name: USBFS_Suspend
 134:.\Generated_Source\PSoC5/USBFS_pm.c **** ********************************************************************************
 135:.\Generated_Source\PSoC5/USBFS_pm.c **** *
 136:.\Generated_Source\PSoC5/USBFS_pm.c **** * Summary:
 137:.\Generated_Source\PSoC5/USBFS_pm.c **** *  This function disables the USBFS block and prepares for power donwn mode.
 138:.\Generated_Source\PSoC5/USBFS_pm.c **** *
 139:.\Generated_Source\PSoC5/USBFS_pm.c **** * Parameters:
 140:.\Generated_Source\PSoC5/USBFS_pm.c **** *  None.
 141:.\Generated_Source\PSoC5/USBFS_pm.c **** *
 142:.\Generated_Source\PSoC5/USBFS_pm.c **** * Return:
 143:.\Generated_Source\PSoC5/USBFS_pm.c **** *   None.
 144:.\Generated_Source\PSoC5/USBFS_pm.c **** *
 145:.\Generated_Source\PSoC5/USBFS_pm.c **** * Global variables:
 146:.\Generated_Source\PSoC5/USBFS_pm.c **** *  USBFS_backup.enable:  modified.
 147:.\Generated_Source\PSoC5/USBFS_pm.c **** *
 148:.\Generated_Source\PSoC5/USBFS_pm.c **** * Reentrant:
 149:.\Generated_Source\PSoC5/USBFS_pm.c **** *  No.
 150:.\Generated_Source\PSoC5/USBFS_pm.c **** *
ARM GAS  C:\DOCUME~1\ADMINI~1\LOCALS~1\Temp\ccqF2cmD.s 			page 5


 151:.\Generated_Source\PSoC5/USBFS_pm.c **** *******************************************************************************/
 152:.\Generated_Source\PSoC5/USBFS_pm.c **** void USBFS_Suspend(void) 
 153:.\Generated_Source\PSoC5/USBFS_pm.c **** {
  75              		.loc 1 153 0
  76              		.cfi_startproc
  77              		@ args = 0, pretend = 0, frame = 0
  78              		@ frame_needed = 0, uses_anonymous_args = 0
  79 0000 2DE9F041 		push	{r4, r5, r6, r7, r8, lr}
  80              	.LCFI0:
  81              		.cfi_def_cfa_offset 24
 154:.\Generated_Source\PSoC5/USBFS_pm.c ****     uint8 enableInterrupts;
 155:.\Generated_Source\PSoC5/USBFS_pm.c ****     enableInterrupts = CyEnterCriticalSection();
  82              		.loc 1 155 0
  83              		.cfi_offset 14, -4
  84              		.cfi_offset 8, -8
  85              		.cfi_offset 7, -12
  86              		.cfi_offset 6, -16
  87              		.cfi_offset 5, -20
  88              		.cfi_offset 4, -24
  89 0004 FFF7FEFF 		bl	CyEnterCriticalSection
 156:.\Generated_Source\PSoC5/USBFS_pm.c **** 
 157:.\Generated_Source\PSoC5/USBFS_pm.c ****     if((CY_GET_REG8(USBFS_CR0_PTR) & USBFS_CR0_ENABLE) != 0u)
  90              		.loc 1 157 0
  91 0008 294F     		ldr	r7, .L12
  92              		.loc 1 155 0
  93 000a 8046     		mov	r8, r0
  94              	.LVL0:
  95              		.loc 1 157 0
  96 000c 3B78     		ldrb	r3, [r7, #0]	@ zero_extendqisi2
  97 000e 294D     		ldr	r5, .L12+4
  98 0010 13F0800F 		tst	r3, #128
  99 0014 37D0     		beq	.L8
 158:.\Generated_Source\PSoC5/USBFS_pm.c ****     {   /* USB block is enabled */
 159:.\Generated_Source\PSoC5/USBFS_pm.c ****         USBFS_backup.enableState = 1u;
 100              		.loc 1 159 0
 101 0016 0126     		movs	r6, #1
 160:.\Generated_Source\PSoC5/USBFS_pm.c **** 
 161:.\Generated_Source\PSoC5/USBFS_pm.c ****         #if(USBFS_EP_MM != USBFS__EP_MANUAL)
 162:.\Generated_Source\PSoC5/USBFS_pm.c ****             USBFS_Stop_DMA(USBFS_MAX_EP);     /* Stop all DMAs */
 163:.\Generated_Source\PSoC5/USBFS_pm.c ****         #endif   /* End USBFS_EP_MM != USBFS__EP_MANUAL */
 164:.\Generated_Source\PSoC5/USBFS_pm.c **** 
 165:.\Generated_Source\PSoC5/USBFS_pm.c ****         #if(CY_PSOC5A)
 166:.\Generated_Source\PSoC5/USBFS_pm.c ****             /* Disable USBIO block */
 167:.\Generated_Source\PSoC5/USBFS_pm.c ****             USBFS_PM_AVAIL_CR_REG &= ~USBFS_PM_AVAIL_EN_FSUSBIO;
 168:.\Generated_Source\PSoC5/USBFS_pm.c ****         #endif /* End CY_PSOC5A */
 169:.\Generated_Source\PSoC5/USBFS_pm.c **** 
 170:.\Generated_Source\PSoC5/USBFS_pm.c ****         /* Power Down Sequencing for USBIO for TO4*/
 171:.\Generated_Source\PSoC5/USBFS_pm.c ****         #if(!CY_PSOC5A)
 172:.\Generated_Source\PSoC5/USBFS_pm.c ****             /* Ensure USB transmit enable is low (USB_USBIO_CR0.ten). - Manual Transmission - Disab
 173:.\Generated_Source\PSoC5/USBFS_pm.c ****             USBFS_USBIO_CR0_REG &= ~USBFS_USBIO_CR0_TEN;
 102              		.loc 1 173 0
 103 0018 274B     		ldr	r3, .L12+8
 104              		.loc 1 159 0
 105 001a 2E70     		strb	r6, [r5, #0]
 106              		.loc 1 173 0
 107 001c 1A78     		ldrb	r2, [r3, #0]	@ zero_extendqisi2
 174:.\Generated_Source\PSoC5/USBFS_pm.c ****             CyDelayUs(0);  /*~50ns delay */
ARM GAS  C:\DOCUME~1\ADMINI~1\LOCALS~1\Temp\ccqF2cmD.s 			page 6


 175:.\Generated_Source\PSoC5/USBFS_pm.c **** 
 176:.\Generated_Source\PSoC5/USBFS_pm.c ****             /* Disable the USBIO by asserting PM.USB_CR0.fsusbio_pd_n(Inverted) and pd_pullup_hv(In
 177:.\Generated_Source\PSoC5/USBFS_pm.c ****             USBFS_PM_USB_CR0_REG &= \
 108              		.loc 1 177 0
 109 001e 274C     		ldr	r4, .L12+12
 110              		.loc 1 173 0
 111 0020 02F07F02 		and	r2, r2, #127
 112 0024 1A70     		strb	r2, [r3, #0]
 113              		.loc 1 174 0
 114 0026 0020     		movs	r0, #0
 115 0028 FFF7FEFF 		bl	CyDelayUs
 116              		.loc 1 177 0
 117 002c 2378     		ldrb	r3, [r4, #0]	@ zero_extendqisi2
 178:.\Generated_Source\PSoC5/USBFS_pm.c ****                                     ~(USBFS_PM_USB_CR0_PD_N | USBFS_PM_USB_CR0_PD_PULLUP_N);
 179:.\Generated_Source\PSoC5/USBFS_pm.c ****          #endif /* End !CY_PSOC5A */
 180:.\Generated_Source\PSoC5/USBFS_pm.c **** 
 181:.\Generated_Source\PSoC5/USBFS_pm.c ****         /* Disable the SIE */
 182:.\Generated_Source\PSoC5/USBFS_pm.c ****         USBFS_CR0_REG &= ~USBFS_CR0_ENABLE;
 183:.\Generated_Source\PSoC5/USBFS_pm.c **** 
 184:.\Generated_Source\PSoC5/USBFS_pm.c ****         #if(!CY_PSOC5A)
 185:.\Generated_Source\PSoC5/USBFS_pm.c ****             CyDelayUs(0);  /*~50ns delay */
 118              		.loc 1 185 0
 119 002e 0020     		movs	r0, #0
 120              		.loc 1 177 0
 121 0030 03F0F903 		and	r3, r3, #249
 122 0034 2370     		strb	r3, [r4, #0]
 123              		.loc 1 182 0
 124 0036 3B78     		ldrb	r3, [r7, #0]	@ zero_extendqisi2
 125 0038 03F07F03 		and	r3, r3, #127
 126 003c 3B70     		strb	r3, [r7, #0]
 127              		.loc 1 185 0
 128 003e FFF7FEFF 		bl	CyDelayUs
 186:.\Generated_Source\PSoC5/USBFS_pm.c ****             /* Store mode and Disable VRegulator*/
 187:.\Generated_Source\PSoC5/USBFS_pm.c ****             USBFS_backup.mode = USBFS_CR1_REG & USBFS_CR1_REG_ENABLE;
 129              		.loc 1 187 0
 130 0042 1F4B     		ldr	r3, .L12+16
 188:.\Generated_Source\PSoC5/USBFS_pm.c ****             USBFS_CR1_REG &= ~USBFS_CR1_REG_ENABLE;
 189:.\Generated_Source\PSoC5/USBFS_pm.c **** 
 190:.\Generated_Source\PSoC5/USBFS_pm.c ****             CyDelayUs(1);  /* 0.5 us min delay */
 131              		.loc 1 190 0
 132 0044 3046     		mov	r0, r6
 133              		.loc 1 187 0
 134 0046 1A78     		ldrb	r2, [r3, #0]	@ zero_extendqisi2
 135 0048 3240     		ands	r2, r2, r6
 136 004a 6A70     		strb	r2, [r5, #1]
 137              		.loc 1 188 0
 138 004c 1A78     		ldrb	r2, [r3, #0]	@ zero_extendqisi2
 139 004e 02F0FE02 		and	r2, r2, #254
 140 0052 1A70     		strb	r2, [r3, #0]
 141              		.loc 1 190 0
 142 0054 FFF7FEFF 		bl	CyDelayUs
 191:.\Generated_Source\PSoC5/USBFS_pm.c ****             /* Disable the USBIO reference by setting PM.USB_CR0.fsusbio_ref_en.*/
 192:.\Generated_Source\PSoC5/USBFS_pm.c ****             USBFS_PM_USB_CR0_REG &= ~USBFS_PM_USB_CR0_REF_EN;
 143              		.loc 1 192 0
 144 0058 2378     		ldrb	r3, [r4, #0]	@ zero_extendqisi2
 193:.\Generated_Source\PSoC5/USBFS_pm.c **** 
 194:.\Generated_Source\PSoC5/USBFS_pm.c ****             /* Switch DP and DM terminals to GPIO mode and disconnect 1.5k pullup*/
ARM GAS  C:\DOCUME~1\ADMINI~1\LOCALS~1\Temp\ccqF2cmD.s 			page 7


 195:.\Generated_Source\PSoC5/USBFS_pm.c ****             USBFS_USBIO_CR1_REG |= USBFS_USBIO_CR1_IOMODE;
 196:.\Generated_Source\PSoC5/USBFS_pm.c **** 
 197:.\Generated_Source\PSoC5/USBFS_pm.c ****         #endif /* End !CY_PSOC5A*/
 198:.\Generated_Source\PSoC5/USBFS_pm.c **** 
 199:.\Generated_Source\PSoC5/USBFS_pm.c ****         /* Disable USB in ACT PM */
 200:.\Generated_Source\PSoC5/USBFS_pm.c ****         USBFS_PM_ACT_CFG_REG &= ~USBFS_PM_ACT_EN_FSUSB;
 201:.\Generated_Source\PSoC5/USBFS_pm.c ****         /* Disable USB block for Standby Power Mode */
 202:.\Generated_Source\PSoC5/USBFS_pm.c ****         USBFS_PM_STBY_CFG_REG &= ~USBFS_PM_STBY_EN_FSUSB;
 203:.\Generated_Source\PSoC5/USBFS_pm.c ****         CyDelayUs(1); /* min  0.5us delay required */
 145              		.loc 1 203 0
 146 005a 3046     		mov	r0, r6
 147              		.loc 1 192 0
 148 005c 03F0FE03 		and	r3, r3, #254
 149 0060 2370     		strb	r3, [r4, #0]
 150              		.loc 1 195 0
 151 0062 184B     		ldr	r3, .L12+20
 152 0064 1A78     		ldrb	r2, [r3, #0]	@ zero_extendqisi2
 153 0066 42F02002 		orr	r2, r2, #32
 154 006a 1A70     		strb	r2, [r3, #0]
 155              		.loc 1 200 0
 156 006c 164B     		ldr	r3, .L12+24
 157 006e 1A78     		ldrb	r2, [r3, #0]	@ zero_extendqisi2
 158 0070 02F0FE02 		and	r2, r2, #254
 159 0074 1A70     		strb	r2, [r3, #0]
 160              		.loc 1 202 0
 161 0076 1033     		adds	r3, r3, #16
 162 0078 1A78     		ldrb	r2, [r3, #0]	@ zero_extendqisi2
 163 007a 02F0FE02 		and	r2, r2, #254
 164 007e 1A70     		strb	r2, [r3, #0]
 165              		.loc 1 203 0
 166 0080 FFF7FEFF 		bl	CyDelayUs
 167 0084 01E0     		b	.L9
 168              	.L8:
 204:.\Generated_Source\PSoC5/USBFS_pm.c **** 
 205:.\Generated_Source\PSoC5/USBFS_pm.c ****     }
 206:.\Generated_Source\PSoC5/USBFS_pm.c ****     else
 207:.\Generated_Source\PSoC5/USBFS_pm.c ****     {
 208:.\Generated_Source\PSoC5/USBFS_pm.c ****         USBFS_backup.enableState = 0u;
 169              		.loc 1 208 0
 170 0086 0023     		movs	r3, #0
 171 0088 2B70     		strb	r3, [r5, #0]
 172              	.L9:
 209:.\Generated_Source\PSoC5/USBFS_pm.c ****     }
 210:.\Generated_Source\PSoC5/USBFS_pm.c ****     CyExitCriticalSection(enableInterrupts);
 173              		.loc 1 210 0
 174 008a 4046     		mov	r0, r8
 175 008c FFF7FEFF 		bl	CyExitCriticalSection
 211:.\Generated_Source\PSoC5/USBFS_pm.c **** 
 212:.\Generated_Source\PSoC5/USBFS_pm.c ****     /* Set the DP Interrupt for wake-up from sleep mode. */
 213:.\Generated_Source\PSoC5/USBFS_pm.c ****     #if((USBFS_DP_ISR_REMOVE == 0u) && (!CY_PSOC5A))
 214:.\Generated_Source\PSoC5/USBFS_pm.c ****         CyIntSetVector(USBFS_DP_INTC_VECT_NUM,   USBFS_DP_ISR);
 176              		.loc 1 214 0
 177 0090 0E49     		ldr	r1, .L12+28
 178 0092 0C20     		movs	r0, #12
 179 0094 FFF7FEFF 		bl	CyIntSetVector
 215:.\Generated_Source\PSoC5/USBFS_pm.c ****         CyIntSetPriority(USBFS_DP_INTC_VECT_NUM, USBFS_DP_INTC_PRIOR);
 180              		.loc 1 215 0
ARM GAS  C:\DOCUME~1\ADMINI~1\LOCALS~1\Temp\ccqF2cmD.s 			page 8


 181 0098 0C20     		movs	r0, #12
 182 009a 0621     		movs	r1, #6
 183 009c FFF7FEFF 		bl	CyIntSetPriority
 216:.\Generated_Source\PSoC5/USBFS_pm.c ****         CyIntClearPending(USBFS_DP_INTC_VECT_NUM);
 184              		.loc 1 216 0
 185 00a0 0B4A     		ldr	r2, .L12+32
 186 00a2 4FF48053 		mov	r3, #4096
 187 00a6 1360     		str	r3, [r2, #0]
 217:.\Generated_Source\PSoC5/USBFS_pm.c ****         CyIntEnable(USBFS_DP_INTC_VECT_NUM);
 188              		.loc 1 217 0
 189 00a8 0A4A     		ldr	r2, .L12+36
 190 00aa 1360     		str	r3, [r2, #0]
 218:.\Generated_Source\PSoC5/USBFS_pm.c ****     #endif /* (USBFS_DP_ISR_REMOVE == 0u) && (!CY_PSOC5A) */
 219:.\Generated_Source\PSoC5/USBFS_pm.c **** 
 220:.\Generated_Source\PSoC5/USBFS_pm.c **** }
 191              		.loc 1 220 0
 192 00ac BDE8F081 		pop	{r4, r5, r6, r7, r8, pc}
 193              	.L13:
 194              		.align	2
 195              	.L12:
 196 00b0 08600040 		.word	1073766408
 197 00b4 00000000 		.word	.LANCHOR0
 198 00b8 10600040 		.word	1073766416
 199 00bc 94430040 		.word	1073759124
 200 00c0 09600040 		.word	1073766409
 201 00c4 12600040 		.word	1073766418
 202 00c8 A5430040 		.word	1073759141
 203 00cc 00000000 		.word	USBFS_DP_ISR
 204 00d0 80E200E0 		.word	-536812928
 205 00d4 00E100E0 		.word	-536813312
 206              		.cfi_endproc
 207              	.LFE32:
 208              		.size	USBFS_Suspend, .-USBFS_Suspend
 209              		.section	.text.USBFS_RestoreConfig,"ax",%progbits
 210              		.align	1
 211              		.global	USBFS_RestoreConfig
 212              		.thumb
 213              		.thumb_func
 214              		.type	USBFS_RestoreConfig, %function
 215              	USBFS_RestoreConfig:
 216              	.LFB31:
 217              		.loc 1 124 0
 218              		.cfi_startproc
 219              		@ args = 0, pretend = 0, frame = 0
 220              		@ frame_needed = 0, uses_anonymous_args = 0
 221              		@ link register save eliminated.
 222              		.loc 1 125 0
 223 0000 024B     		ldr	r3, .L17
 224 0002 1B78     		ldrb	r3, [r3, #0]	@ zero_extendqisi2
 225 0004 0BB1     		cbz	r3, .L16
 226              		.loc 1 129 0
 227              		.loc 1 127 0
 228 0006 FFF7FEBF 		b	USBFS_ConfigReg
 229              	.L16:
 230 000a 7047     		bx	lr
 231              	.L18:
 232              		.align	2
ARM GAS  C:\DOCUME~1\ADMINI~1\LOCALS~1\Temp\ccqF2cmD.s 			page 9


 233              	.L17:
 234 000c 00000000 		.word	USBFS_configuration
 235              		.cfi_endproc
 236              	.LFE31:
 237              		.size	USBFS_RestoreConfig, .-USBFS_RestoreConfig
 238              		.section	.text.USBFS_Resume,"ax",%progbits
 239              		.align	1
 240              		.global	USBFS_Resume
 241              		.thumb
 242              		.thumb_func
 243              		.type	USBFS_Resume, %function
 244              	USBFS_Resume:
 245              	.LFB33:
 221:.\Generated_Source\PSoC5/USBFS_pm.c **** 
 222:.\Generated_Source\PSoC5/USBFS_pm.c **** 
 223:.\Generated_Source\PSoC5/USBFS_pm.c **** /*******************************************************************************
 224:.\Generated_Source\PSoC5/USBFS_pm.c **** * Function Name: USBFS_Resume
 225:.\Generated_Source\PSoC5/USBFS_pm.c **** ********************************************************************************
 226:.\Generated_Source\PSoC5/USBFS_pm.c **** *
 227:.\Generated_Source\PSoC5/USBFS_pm.c **** * Summary:
 228:.\Generated_Source\PSoC5/USBFS_pm.c **** *  This function enables the USBFS block after power down mode.
 229:.\Generated_Source\PSoC5/USBFS_pm.c **** *
 230:.\Generated_Source\PSoC5/USBFS_pm.c **** * Parameters:
 231:.\Generated_Source\PSoC5/USBFS_pm.c **** *  None.
 232:.\Generated_Source\PSoC5/USBFS_pm.c **** *
 233:.\Generated_Source\PSoC5/USBFS_pm.c **** * Return:
 234:.\Generated_Source\PSoC5/USBFS_pm.c **** *  None.
 235:.\Generated_Source\PSoC5/USBFS_pm.c **** *
 236:.\Generated_Source\PSoC5/USBFS_pm.c **** * Global variables:
 237:.\Generated_Source\PSoC5/USBFS_pm.c **** *  USBFS_backup - checked.
 238:.\Generated_Source\PSoC5/USBFS_pm.c **** *
 239:.\Generated_Source\PSoC5/USBFS_pm.c **** * Reentrant:
 240:.\Generated_Source\PSoC5/USBFS_pm.c **** *  No.
 241:.\Generated_Source\PSoC5/USBFS_pm.c **** *
 242:.\Generated_Source\PSoC5/USBFS_pm.c **** *******************************************************************************/
 243:.\Generated_Source\PSoC5/USBFS_pm.c **** void USBFS_Resume(void) 
 244:.\Generated_Source\PSoC5/USBFS_pm.c **** {
 246              		.loc 1 244 0
 247              		.cfi_startproc
 248              		@ args = 0, pretend = 0, frame = 0
 249              		@ frame_needed = 0, uses_anonymous_args = 0
 250 0000 70B5     		push	{r4, r5, r6, lr}
 251              	.LCFI1:
 252              		.cfi_def_cfa_offset 16
 245:.\Generated_Source\PSoC5/USBFS_pm.c ****     uint8 enableInterrupts;
 246:.\Generated_Source\PSoC5/USBFS_pm.c ****     enableInterrupts = CyEnterCriticalSection();
 253              		.loc 1 246 0
 254              		.cfi_offset 14, -4
 255              		.cfi_offset 6, -8
 256              		.cfi_offset 5, -12
 257              		.cfi_offset 4, -16
 258 0002 FFF7FEFF 		bl	CyEnterCriticalSection
 247:.\Generated_Source\PSoC5/USBFS_pm.c **** 
 248:.\Generated_Source\PSoC5/USBFS_pm.c ****     if(USBFS_backup.enableState != 0u)
 259              		.loc 1 248 0
 260 0006 244D     		ldr	r5, .L22
 261              		.loc 1 246 0
ARM GAS  C:\DOCUME~1\ADMINI~1\LOCALS~1\Temp\ccqF2cmD.s 			page 10


 262 0008 0646     		mov	r6, r0
 263              	.LVL1:
 264              		.loc 1 248 0
 265 000a 2B78     		ldrb	r3, [r5, #0]	@ zero_extendqisi2
 266 000c 002B     		cmp	r3, #0
 267 000e 3ED0     		beq	.L20
 249:.\Generated_Source\PSoC5/USBFS_pm.c ****     {
 250:.\Generated_Source\PSoC5/USBFS_pm.c ****         #if((USBFS_DP_ISR_REMOVE == 0u) && (!CY_PSOC5A))
 251:.\Generated_Source\PSoC5/USBFS_pm.c ****             CyIntDisable(USBFS_DP_INTC_VECT_NUM);
 268              		.loc 1 251 0
 269 0010 224B     		ldr	r3, .L22+4
 270 0012 4FF48052 		mov	r2, #4096
 271 0016 1A60     		str	r2, [r3, #0]
 252:.\Generated_Source\PSoC5/USBFS_pm.c ****         #endif /* End USBFS_DP_ISR_REMOVE */
 253:.\Generated_Source\PSoC5/USBFS_pm.c **** 
 254:.\Generated_Source\PSoC5/USBFS_pm.c ****         #if(CY_PSOC5A)
 255:.\Generated_Source\PSoC5/USBFS_pm.c ****             /* Enable USBIO block */
 256:.\Generated_Source\PSoC5/USBFS_pm.c ****             USBFS_PM_AVAIL_CR_REG |= USBFS_PM_AVAIL_EN_FSUSBIO;
 257:.\Generated_Source\PSoC5/USBFS_pm.c **** 
 258:.\Generated_Source\PSoC5/USBFS_pm.c ****             /* Bus Reset Length, It has correct default value in ES3 */
 259:.\Generated_Source\PSoC5/USBFS_pm.c ****             USBFS_BUS_RST_CNT_REG = USBFS_BUS_RST_COUNT;
 260:.\Generated_Source\PSoC5/USBFS_pm.c ****         #endif /* End CY_PSOC5A */
 261:.\Generated_Source\PSoC5/USBFS_pm.c **** 
 262:.\Generated_Source\PSoC5/USBFS_pm.c ****         /* Enable USB block */
 263:.\Generated_Source\PSoC5/USBFS_pm.c ****         USBFS_PM_ACT_CFG_REG |= USBFS_PM_ACT_EN_FSUSB;
 272              		.loc 1 263 0
 273 0018 214B     		ldr	r3, .L22+8
 264:.\Generated_Source\PSoC5/USBFS_pm.c ****         /* Enable USB block for Standby Power Mode */
 265:.\Generated_Source\PSoC5/USBFS_pm.c ****         USBFS_PM_STBY_CFG_REG |= USBFS_PM_STBY_EN_FSUSB;
 266:.\Generated_Source\PSoC5/USBFS_pm.c ****         /* Enable core clock */
 267:.\Generated_Source\PSoC5/USBFS_pm.c ****         USBFS_USB_CLK_EN_REG |= USBFS_USB_CLK_ENABLE;
 268:.\Generated_Source\PSoC5/USBFS_pm.c **** 
 269:.\Generated_Source\PSoC5/USBFS_pm.c ****         /* USBIO Wakeup Sequencing for TO4 */
 270:.\Generated_Source\PSoC5/USBFS_pm.c ****         #if (!CY_PSOC5A)
 271:.\Generated_Source\PSoC5/USBFS_pm.c ****             /* Enable the USBIO reference by setting PM.USB_CR0.fsusbio_ref_en.*/
 272:.\Generated_Source\PSoC5/USBFS_pm.c ****             USBFS_PM_USB_CR0_REG |= USBFS_PM_USB_CR0_REF_EN;
 274              		.loc 1 272 0
 275 001a 224C     		ldr	r4, .L22+12
 276              		.loc 1 263 0
 277 001c 1A78     		ldrb	r2, [r3, #0]	@ zero_extendqisi2
 273:.\Generated_Source\PSoC5/USBFS_pm.c ****             /* The reference will be available ~40us after power restored */
 274:.\Generated_Source\PSoC5/USBFS_pm.c ****             CyDelayUs(40);
 278              		.loc 1 274 0
 279 001e 2820     		movs	r0, #40
 280              		.loc 1 263 0
 281 0020 42F00102 		orr	r2, r2, #1
 282 0024 1A70     		strb	r2, [r3, #0]
 283              		.loc 1 265 0
 284 0026 1033     		adds	r3, r3, #16
 285 0028 1A78     		ldrb	r2, [r3, #0]	@ zero_extendqisi2
 286 002a 42F00102 		orr	r2, r2, #1
 287 002e 1A70     		strb	r2, [r3, #0]
 288              		.loc 1 267 0
 289 0030 1D4B     		ldr	r3, .L22+16
 290 0032 1A78     		ldrb	r2, [r3, #0]	@ zero_extendqisi2
 291 0034 42F00102 		orr	r2, r2, #1
 292 0038 1A70     		strb	r2, [r3, #0]
ARM GAS  C:\DOCUME~1\ADMINI~1\LOCALS~1\Temp\ccqF2cmD.s 			page 11


 293              		.loc 1 272 0
 294 003a 2378     		ldrb	r3, [r4, #0]	@ zero_extendqisi2
 295 003c 43F00103 		orr	r3, r3, #1
 296 0040 2370     		strb	r3, [r4, #0]
 297              		.loc 1 274 0
 298 0042 FFF7FEFF 		bl	CyDelayUs
 275:.\Generated_Source\PSoC5/USBFS_pm.c ****             /* Return VRegulator*/
 276:.\Generated_Source\PSoC5/USBFS_pm.c ****             USBFS_CR1_REG |= USBFS_backup.mode;
 299              		.loc 1 276 0
 300 0046 194B     		ldr	r3, .L22+20
 301 0048 6A78     		ldrb	r2, [r5, #1]	@ zero_extendqisi2
 302 004a 1978     		ldrb	r1, [r3, #0]	@ zero_extendqisi2
 277:.\Generated_Source\PSoC5/USBFS_pm.c ****             CyDelayUs(0);  /*~50ns delay */
 303              		.loc 1 277 0
 304 004c 0020     		movs	r0, #0
 305              		.loc 1 276 0
 306 004e 41EA0202 		orr	r2, r1, r2
 307 0052 1A70     		strb	r2, [r3, #0]
 308              		.loc 1 277 0
 309 0054 FFF7FEFF 		bl	CyDelayUs
 278:.\Generated_Source\PSoC5/USBFS_pm.c ****             /* Enable USBIO */
 279:.\Generated_Source\PSoC5/USBFS_pm.c ****             USBFS_PM_USB_CR0_REG |= USBFS_PM_USB_CR0_PD_N;
 310              		.loc 1 279 0
 311 0058 2378     		ldrb	r3, [r4, #0]	@ zero_extendqisi2
 280:.\Generated_Source\PSoC5/USBFS_pm.c ****             CyDelayUs(2);
 312              		.loc 1 280 0
 313 005a 0220     		movs	r0, #2
 314              		.loc 1 279 0
 315 005c 43F00203 		orr	r3, r3, #2
 316 0060 2370     		strb	r3, [r4, #0]
 317              		.loc 1 280 0
 318 0062 FFF7FEFF 		bl	CyDelayUs
 281:.\Generated_Source\PSoC5/USBFS_pm.c ****             /* Set the USBIO pull-up enable */
 282:.\Generated_Source\PSoC5/USBFS_pm.c ****             USBFS_PM_USB_CR0_REG |= USBFS_PM_USB_CR0_PD_PULLUP_N;
 319              		.loc 1 282 0
 320 0066 2378     		ldrb	r3, [r4, #0]	@ zero_extendqisi2
 283:.\Generated_Source\PSoC5/USBFS_pm.c ****         #endif /* End !CY_PSOC5A */
 284:.\Generated_Source\PSoC5/USBFS_pm.c **** 
 285:.\Generated_Source\PSoC5/USBFS_pm.c ****         /* Reinit Arbiter congiguration for DMA transfers */
 286:.\Generated_Source\PSoC5/USBFS_pm.c ****         #if(USBFS_EP_MM != USBFS__EP_MANUAL)
 287:.\Generated_Source\PSoC5/USBFS_pm.c ****             /* usb arb interrupt enable */
 288:.\Generated_Source\PSoC5/USBFS_pm.c ****             USBFS_ARB_INT_EN_REG = USBFS_ARB_INT_MASK;
 289:.\Generated_Source\PSoC5/USBFS_pm.c ****             #if(USBFS_EP_MM == USBFS__EP_DMAMANUAL)
 290:.\Generated_Source\PSoC5/USBFS_pm.c ****                 USBFS_ARB_CFG_REG = USBFS_ARB_CFG_MANUAL_DMA;
 291:.\Generated_Source\PSoC5/USBFS_pm.c ****             #endif   /* End USBFS_EP_MM == USBFS__EP_DMAMANUAL */
 292:.\Generated_Source\PSoC5/USBFS_pm.c ****             #if(USBFS_EP_MM == USBFS__EP_DMAAUTO)
 293:.\Generated_Source\PSoC5/USBFS_pm.c ****                 /*Set cfg cmplt this rises DMA request when the full configuration is done */
 294:.\Generated_Source\PSoC5/USBFS_pm.c ****                 USBFS_ARB_CFG_REG = USBFS_ARB_CFG_AUTO_DMA | USBFS_ARB_CFG_AUTO_MEM;
 295:.\Generated_Source\PSoC5/USBFS_pm.c ****             #endif   /* End USBFS_EP_MM == USBFS__EP_DMAAUTO */
 296:.\Generated_Source\PSoC5/USBFS_pm.c ****         #endif   /* End USBFS_EP_MM != USBFS__EP_MANUAL */
 297:.\Generated_Source\PSoC5/USBFS_pm.c **** 
 298:.\Generated_Source\PSoC5/USBFS_pm.c ****         /* STALL_IN_OUT */
 299:.\Generated_Source\PSoC5/USBFS_pm.c ****         CY_SET_REG8(USBFS_EP0_CR_PTR, USBFS_MODE_STALL_IN_OUT);
 321              		.loc 1 299 0
 322 0068 0322     		movs	r2, #3
 323              		.loc 1 282 0
 324 006a 43F00403 		orr	r3, r3, #4
ARM GAS  C:\DOCUME~1\ADMINI~1\LOCALS~1\Temp\ccqF2cmD.s 			page 12


 325 006e 2370     		strb	r3, [r4, #0]
 326              		.loc 1 299 0
 327 0070 0F4B     		ldr	r3, .L22+24
 300:.\Generated_Source\PSoC5/USBFS_pm.c ****         /* Enable the SIE with a last address */
 301:.\Generated_Source\PSoC5/USBFS_pm.c ****         USBFS_CR0_REG |= USBFS_CR0_ENABLE;
 302:.\Generated_Source\PSoC5/USBFS_pm.c ****         CyDelayCycles(1);
 328              		.loc 1 302 0
 329 0072 0120     		movs	r0, #1
 330              		.loc 1 299 0
 331 0074 1A70     		strb	r2, [r3, #0]
 332              		.loc 1 301 0
 333 0076 203B     		subs	r3, r3, #32
 334 0078 1A78     		ldrb	r2, [r3, #0]	@ zero_extendqisi2
 335 007a 42F08002 		orr	r2, r2, #128
 336 007e 1A70     		strb	r2, [r3, #0]
 337              		.loc 1 302 0
 338 0080 FFF7FEFF 		bl	CyDelayCycles
 303:.\Generated_Source\PSoC5/USBFS_pm.c ****         /* Finally, Enable d+ pullup and select iomode to USB mode*/
 304:.\Generated_Source\PSoC5/USBFS_pm.c ****         CY_SET_REG8(USBFS_USBIO_CR1_PTR, USBFS_USBIO_CR1_USBPUEN);
 339              		.loc 1 304 0
 340 0084 0B4B     		ldr	r3, .L22+28
 341 0086 0422     		movs	r2, #4
 342 0088 1A70     		strb	r2, [r3, #0]
 305:.\Generated_Source\PSoC5/USBFS_pm.c **** 
 306:.\Generated_Source\PSoC5/USBFS_pm.c ****         /* Restore USB register settings */
 307:.\Generated_Source\PSoC5/USBFS_pm.c ****         USBFS_RestoreConfig();
 343              		.loc 1 307 0
 344 008a FFF7FEFF 		bl	USBFS_RestoreConfig
 345              	.L20:
 308:.\Generated_Source\PSoC5/USBFS_pm.c ****     
 309:.\Generated_Source\PSoC5/USBFS_pm.c ****     }
 310:.\Generated_Source\PSoC5/USBFS_pm.c ****     CyExitCriticalSection(enableInterrupts);
 346              		.loc 1 310 0
 347 008e 3046     		mov	r0, r6
 311:.\Generated_Source\PSoC5/USBFS_pm.c **** }
 348              		.loc 1 311 0
 349 0090 BDE87040 		pop	{r4, r5, r6, lr}
 350              		.loc 1 310 0
 351 0094 FFF7FEBF 		b	CyExitCriticalSection
 352              	.L23:
 353              		.align	2
 354              	.L22:
 355 0098 00000000 		.word	.LANCHOR0
 356 009c 80E100E0 		.word	-536813184
 357 00a0 A5430040 		.word	1073759141
 358 00a4 94430040 		.word	1073759124
 359 00a8 9D600040 		.word	1073766557
 360 00ac 09600040 		.word	1073766409
 361 00b0 28600040 		.word	1073766440
 362 00b4 12600040 		.word	1073766418
 363              		.cfi_endproc
 364              	.LFE33:
 365              		.size	USBFS_Resume, .-USBFS_Resume
 366              		.bss
 367              		.align	2
 368              		.set	.LANCHOR0,. + 0
 369              		.type	USBFS_backup, %object
ARM GAS  C:\DOCUME~1\ADMINI~1\LOCALS~1\Temp\ccqF2cmD.s 			page 13


 370              		.size	USBFS_backup, 2
 371              	USBFS_backup:
 372 0000 0000     		.space	2
 373 0002 0000     		.text
 374              	.Letext0:
 375              		.section	.debug_loc,"",%progbits
 376              	.Ldebug_loc0:
 377              	.LLST2:
 378 0000 00000000 		.4byte	.LFB32
 379 0004 04000000 		.4byte	.LCFI0
 380 0008 0100     		.2byte	0x1
 381 000a 5D       		.byte	0x5d
 382 000b 04000000 		.4byte	.LCFI0
 383 000f D8000000 		.4byte	.LFE32
 384 0013 0200     		.2byte	0x2
 385 0015 7D       		.byte	0x7d
 386 0016 18       		.sleb128 24
 387 0017 00000000 		.4byte	0x0
 388 001b 00000000 		.4byte	0x0
 389              	.LLST4:
 390 001f 00000000 		.4byte	.LFB33
 391 0023 02000000 		.4byte	.LCFI1
 392 0027 0100     		.2byte	0x1
 393 0029 5D       		.byte	0x5d
 394 002a 02000000 		.4byte	.LCFI1
 395 002e B8000000 		.4byte	.LFE33
 396 0032 0200     		.2byte	0x2
 397 0034 7D       		.byte	0x7d
 398 0035 10       		.sleb128 16
 399 0036 00000000 		.4byte	0x0
 400 003a 00000000 		.4byte	0x0
 401              		.file 2 "./Generated_Source/PSoC5/USBFS.h"
 402              		.file 3 "./Generated_Source/PSoC5/cytypes.h"
 403              		.file 4 "./Generated_Source/PSoC5/core_cm3.h"
 404              		.section	.debug_info
 405 0000 80010000 		.4byte	0x180
 406 0004 0200     		.2byte	0x2
 407 0006 00000000 		.4byte	.Ldebug_abbrev0
 408 000a 04       		.byte	0x4
 409 000b 01       		.uleb128 0x1
 410 000c E5000000 		.4byte	.LASF25
 411 0010 01       		.byte	0x1
 412 0011 82010000 		.4byte	.LASF26
 413 0015 27010000 		.4byte	.LASF27
 414 0019 00000000 		.4byte	0x0
 415 001d 00000000 		.4byte	0x0
 416 0021 00000000 		.4byte	.Ldebug_ranges0+0x0
 417 0025 00000000 		.4byte	.Ldebug_line0
 418 0029 02       		.uleb128 0x2
 419 002a 01       		.byte	0x1
 420 002b 06       		.byte	0x6
 421 002c B3010000 		.4byte	.LASF0
 422 0030 02       		.uleb128 0x2
 423 0031 01       		.byte	0x1
 424 0032 08       		.byte	0x8
 425 0033 29000000 		.4byte	.LASF1
 426 0037 02       		.uleb128 0x2
ARM GAS  C:\DOCUME~1\ADMINI~1\LOCALS~1\Temp\ccqF2cmD.s 			page 14


 427 0038 02       		.byte	0x2
 428 0039 05       		.byte	0x5
 429 003a C5010000 		.4byte	.LASF2
 430 003e 02       		.uleb128 0x2
 431 003f 02       		.byte	0x2
 432 0040 07       		.byte	0x7
 433 0041 85000000 		.4byte	.LASF3
 434 0045 02       		.uleb128 0x2
 435 0046 04       		.byte	0x4
 436 0047 05       		.byte	0x5
 437 0048 65010000 		.4byte	.LASF4
 438 004c 02       		.uleb128 0x2
 439 004d 04       		.byte	0x4
 440 004e 07       		.byte	0x7
 441 004f 5C000000 		.4byte	.LASF5
 442 0053 02       		.uleb128 0x2
 443 0054 08       		.byte	0x8
 444 0055 05       		.byte	0x5
 445 0056 00000000 		.4byte	.LASF6
 446 005a 02       		.uleb128 0x2
 447 005b 08       		.byte	0x8
 448 005c 07       		.byte	0x7
 449 005d 6E000000 		.4byte	.LASF7
 450 0061 03       		.uleb128 0x3
 451 0062 04       		.byte	0x4
 452 0063 05       		.byte	0x5
 453 0064 696E7400 		.ascii	"int\000"
 454 0068 02       		.uleb128 0x2
 455 0069 04       		.byte	0x4
 456 006a 07       		.byte	0x7
 457 006b 1C000000 		.4byte	.LASF8
 458 006f 04       		.uleb128 0x4
 459 0070 3C000000 		.4byte	.LASF14
 460 0074 03       		.byte	0x3
 461 0075 4C       		.byte	0x4c
 462 0076 30000000 		.4byte	0x30
 463 007a 02       		.uleb128 0x2
 464 007b 04       		.byte	0x4
 465 007c 04       		.byte	0x4
 466 007d BF010000 		.4byte	.LASF9
 467 0081 02       		.uleb128 0x2
 468 0082 08       		.byte	0x8
 469 0083 04       		.byte	0x4
 470 0084 7B010000 		.4byte	.LASF10
 471 0088 02       		.uleb128 0x2
 472 0089 01       		.byte	0x1
 473 008a 08       		.byte	0x8
 474 008b 0E010000 		.4byte	.LASF11
 475 008f 05       		.uleb128 0x5
 476 0090 6F000000 		.4byte	0x6f
 477 0094 06       		.uleb128 0x6
 478 0095 04       		.byte	0x4
 479 0096 07       		.byte	0x7
 480 0097 07       		.uleb128 0x7
 481 0098 BD000000 		.4byte	.LASF28
 482 009c 02       		.byte	0x2
 483 009d 02       		.byte	0x2
ARM GAS  C:\DOCUME~1\ADMINI~1\LOCALS~1\Temp\ccqF2cmD.s 			page 15


 484 009e A6       		.byte	0xa6
 485 009f C0000000 		.4byte	0xc0
 486 00a3 08       		.uleb128 0x8
 487 00a4 02010000 		.4byte	.LASF12
 488 00a8 02       		.byte	0x2
 489 00a9 A7       		.byte	0xa7
 490 00aa 6F000000 		.4byte	0x6f
 491 00ae 02       		.byte	0x2
 492 00af 23       		.byte	0x23
 493 00b0 00       		.uleb128 0x0
 494 00b1 08       		.uleb128 0x8
 495 00b2 37000000 		.4byte	.LASF13
 496 00b6 02       		.byte	0x2
 497 00b7 A8       		.byte	0xa8
 498 00b8 6F000000 		.4byte	0x6f
 499 00bc 02       		.byte	0x2
 500 00bd 23       		.byte	0x23
 501 00be 01       		.uleb128 0x1
 502 00bf 00       		.byte	0x0
 503 00c0 04       		.uleb128 0x4
 504 00c1 A9000000 		.4byte	.LASF15
 505 00c5 02       		.byte	0x2
 506 00c6 A9       		.byte	0xa9
 507 00c7 97000000 		.4byte	0x97
 508 00cb 09       		.uleb128 0x9
 509 00cc 01       		.byte	0x1
 510 00cd 42000000 		.4byte	.LASF16
 511 00d1 01       		.byte	0x1
 512 00d2 46       		.byte	0x46
 513 00d3 01       		.byte	0x1
 514 00d4 00000000 		.4byte	.LFB29
 515 00d8 0C000000 		.4byte	.LFE29
 516 00dc 01       		.byte	0x1
 517 00dd 5D       		.byte	0x5d
 518 00de 09       		.uleb128 0x9
 519 00df 01       		.byte	0x1
 520 00e0 F1000000 		.4byte	.LASF17
 521 00e4 01       		.byte	0x1
 522 00e5 64       		.byte	0x64
 523 00e6 01       		.byte	0x1
 524 00e7 00000000 		.4byte	.LFB30
 525 00eb 02000000 		.4byte	.LFE30
 526 00ef 01       		.byte	0x1
 527 00f0 5D       		.byte	0x5d
 528 00f1 0A       		.uleb128 0xa
 529 00f2 01       		.byte	0x1
 530 00f3 0E000000 		.4byte	.LASF19
 531 00f7 01       		.byte	0x1
 532 00f8 98       		.byte	0x98
 533 00f9 01       		.byte	0x1
 534 00fa 00000000 		.4byte	.LFB32
 535 00fe D8000000 		.4byte	.LFE32
 536 0102 00000000 		.4byte	.LLST2
 537 0106 18010000 		.4byte	0x118
 538 010a 0B       		.uleb128 0xb
 539 010b 98000000 		.4byte	.LASF21
 540 010f 01       		.byte	0x1
ARM GAS  C:\DOCUME~1\ADMINI~1\LOCALS~1\Temp\ccqF2cmD.s 			page 16


 541 0110 9A       		.byte	0x9a
 542 0111 6F000000 		.4byte	0x6f
 543 0115 01       		.byte	0x1
 544 0116 58       		.byte	0x58
 545 0117 00       		.byte	0x0
 546 0118 09       		.uleb128 0x9
 547 0119 01       		.byte	0x1
 548 011a D1000000 		.4byte	.LASF18
 549 011e 01       		.byte	0x1
 550 011f 7B       		.byte	0x7b
 551 0120 01       		.byte	0x1
 552 0121 00000000 		.4byte	.LFB31
 553 0125 10000000 		.4byte	.LFE31
 554 0129 01       		.byte	0x1
 555 012a 5D       		.byte	0x5d
 556 012b 0A       		.uleb128 0xa
 557 012c 01       		.byte	0x1
 558 012d 4F000000 		.4byte	.LASF20
 559 0131 01       		.byte	0x1
 560 0132 F3       		.byte	0xf3
 561 0133 01       		.byte	0x1
 562 0134 00000000 		.4byte	.LFB33
 563 0138 B8000000 		.4byte	.LFE33
 564 013c 1F000000 		.4byte	.LLST4
 565 0140 52010000 		.4byte	0x152
 566 0144 0B       		.uleb128 0xb
 567 0145 98000000 		.4byte	.LASF21
 568 0149 01       		.byte	0x1
 569 014a F5       		.byte	0xf5
 570 014b 6F000000 		.4byte	0x6f
 571 014f 01       		.byte	0x1
 572 0150 56       		.byte	0x56
 573 0151 00       		.byte	0x0
 574 0152 0B       		.uleb128 0xb
 575 0153 6E010000 		.4byte	.LASF22
 576 0157 01       		.byte	0x1
 577 0158 21       		.byte	0x21
 578 0159 C0000000 		.4byte	0xc0
 579 015d 05       		.byte	0x5
 580 015e 03       		.byte	0x3
 581 015f 00000000 		.4byte	USBFS_backup
 582 0163 0C       		.uleb128 0xc
 583 0164 A6010000 		.4byte	.LASF23
 584 0168 04       		.byte	0x4
 585 0169 CE06     		.2byte	0x6ce
 586 016b 71010000 		.4byte	0x171
 587 016f 01       		.byte	0x1
 588 0170 01       		.byte	0x1
 589 0171 05       		.uleb128 0x5
 590 0172 61000000 		.4byte	0x61
 591 0176 0D       		.uleb128 0xd
 592 0177 13010000 		.4byte	.LASF24
 593 017b 01       		.byte	0x1
 594 017c 28       		.byte	0x28
 595 017d 8F000000 		.4byte	0x8f
 596 0181 01       		.byte	0x1
 597 0182 01       		.byte	0x1
ARM GAS  C:\DOCUME~1\ADMINI~1\LOCALS~1\Temp\ccqF2cmD.s 			page 17


 598 0183 00       		.byte	0x0
 599              		.section	.debug_abbrev
 600 0000 01       		.uleb128 0x1
 601 0001 11       		.uleb128 0x11
 602 0002 01       		.byte	0x1
 603 0003 25       		.uleb128 0x25
 604 0004 0E       		.uleb128 0xe
 605 0005 13       		.uleb128 0x13
 606 0006 0B       		.uleb128 0xb
 607 0007 03       		.uleb128 0x3
 608 0008 0E       		.uleb128 0xe
 609 0009 1B       		.uleb128 0x1b
 610 000a 0E       		.uleb128 0xe
 611 000b 11       		.uleb128 0x11
 612 000c 01       		.uleb128 0x1
 613 000d 52       		.uleb128 0x52
 614 000e 01       		.uleb128 0x1
 615 000f 55       		.uleb128 0x55
 616 0010 06       		.uleb128 0x6
 617 0011 10       		.uleb128 0x10
 618 0012 06       		.uleb128 0x6
 619 0013 00       		.byte	0x0
 620 0014 00       		.byte	0x0
 621 0015 02       		.uleb128 0x2
 622 0016 24       		.uleb128 0x24
 623 0017 00       		.byte	0x0
 624 0018 0B       		.uleb128 0xb
 625 0019 0B       		.uleb128 0xb
 626 001a 3E       		.uleb128 0x3e
 627 001b 0B       		.uleb128 0xb
 628 001c 03       		.uleb128 0x3
 629 001d 0E       		.uleb128 0xe
 630 001e 00       		.byte	0x0
 631 001f 00       		.byte	0x0
 632 0020 03       		.uleb128 0x3
 633 0021 24       		.uleb128 0x24
 634 0022 00       		.byte	0x0
 635 0023 0B       		.uleb128 0xb
 636 0024 0B       		.uleb128 0xb
 637 0025 3E       		.uleb128 0x3e
 638 0026 0B       		.uleb128 0xb
 639 0027 03       		.uleb128 0x3
 640 0028 08       		.uleb128 0x8
 641 0029 00       		.byte	0x0
 642 002a 00       		.byte	0x0
 643 002b 04       		.uleb128 0x4
 644 002c 16       		.uleb128 0x16
 645 002d 00       		.byte	0x0
 646 002e 03       		.uleb128 0x3
 647 002f 0E       		.uleb128 0xe
 648 0030 3A       		.uleb128 0x3a
 649 0031 0B       		.uleb128 0xb
 650 0032 3B       		.uleb128 0x3b
 651 0033 0B       		.uleb128 0xb
 652 0034 49       		.uleb128 0x49
 653 0035 13       		.uleb128 0x13
 654 0036 00       		.byte	0x0
ARM GAS  C:\DOCUME~1\ADMINI~1\LOCALS~1\Temp\ccqF2cmD.s 			page 18


 655 0037 00       		.byte	0x0
 656 0038 05       		.uleb128 0x5
 657 0039 35       		.uleb128 0x35
 658 003a 00       		.byte	0x0
 659 003b 49       		.uleb128 0x49
 660 003c 13       		.uleb128 0x13
 661 003d 00       		.byte	0x0
 662 003e 00       		.byte	0x0
 663 003f 06       		.uleb128 0x6
 664 0040 24       		.uleb128 0x24
 665 0041 00       		.byte	0x0
 666 0042 0B       		.uleb128 0xb
 667 0043 0B       		.uleb128 0xb
 668 0044 3E       		.uleb128 0x3e
 669 0045 0B       		.uleb128 0xb
 670 0046 00       		.byte	0x0
 671 0047 00       		.byte	0x0
 672 0048 07       		.uleb128 0x7
 673 0049 13       		.uleb128 0x13
 674 004a 01       		.byte	0x1
 675 004b 03       		.uleb128 0x3
 676 004c 0E       		.uleb128 0xe
 677 004d 0B       		.uleb128 0xb
 678 004e 0B       		.uleb128 0xb
 679 004f 3A       		.uleb128 0x3a
 680 0050 0B       		.uleb128 0xb
 681 0051 3B       		.uleb128 0x3b
 682 0052 0B       		.uleb128 0xb
 683 0053 01       		.uleb128 0x1
 684 0054 13       		.uleb128 0x13
 685 0055 00       		.byte	0x0
 686 0056 00       		.byte	0x0
 687 0057 08       		.uleb128 0x8
 688 0058 0D       		.uleb128 0xd
 689 0059 00       		.byte	0x0
 690 005a 03       		.uleb128 0x3
 691 005b 0E       		.uleb128 0xe
 692 005c 3A       		.uleb128 0x3a
 693 005d 0B       		.uleb128 0xb
 694 005e 3B       		.uleb128 0x3b
 695 005f 0B       		.uleb128 0xb
 696 0060 49       		.uleb128 0x49
 697 0061 13       		.uleb128 0x13
 698 0062 38       		.uleb128 0x38
 699 0063 0A       		.uleb128 0xa
 700 0064 00       		.byte	0x0
 701 0065 00       		.byte	0x0
 702 0066 09       		.uleb128 0x9
 703 0067 2E       		.uleb128 0x2e
 704 0068 00       		.byte	0x0
 705 0069 3F       		.uleb128 0x3f
 706 006a 0C       		.uleb128 0xc
 707 006b 03       		.uleb128 0x3
 708 006c 0E       		.uleb128 0xe
 709 006d 3A       		.uleb128 0x3a
 710 006e 0B       		.uleb128 0xb
 711 006f 3B       		.uleb128 0x3b
ARM GAS  C:\DOCUME~1\ADMINI~1\LOCALS~1\Temp\ccqF2cmD.s 			page 19


 712 0070 0B       		.uleb128 0xb
 713 0071 27       		.uleb128 0x27
 714 0072 0C       		.uleb128 0xc
 715 0073 11       		.uleb128 0x11
 716 0074 01       		.uleb128 0x1
 717 0075 12       		.uleb128 0x12
 718 0076 01       		.uleb128 0x1
 719 0077 40       		.uleb128 0x40
 720 0078 0A       		.uleb128 0xa
 721 0079 00       		.byte	0x0
 722 007a 00       		.byte	0x0
 723 007b 0A       		.uleb128 0xa
 724 007c 2E       		.uleb128 0x2e
 725 007d 01       		.byte	0x1
 726 007e 3F       		.uleb128 0x3f
 727 007f 0C       		.uleb128 0xc
 728 0080 03       		.uleb128 0x3
 729 0081 0E       		.uleb128 0xe
 730 0082 3A       		.uleb128 0x3a
 731 0083 0B       		.uleb128 0xb
 732 0084 3B       		.uleb128 0x3b
 733 0085 0B       		.uleb128 0xb
 734 0086 27       		.uleb128 0x27
 735 0087 0C       		.uleb128 0xc
 736 0088 11       		.uleb128 0x11
 737 0089 01       		.uleb128 0x1
 738 008a 12       		.uleb128 0x12
 739 008b 01       		.uleb128 0x1
 740 008c 40       		.uleb128 0x40
 741 008d 06       		.uleb128 0x6
 742 008e 01       		.uleb128 0x1
 743 008f 13       		.uleb128 0x13
 744 0090 00       		.byte	0x0
 745 0091 00       		.byte	0x0
 746 0092 0B       		.uleb128 0xb
 747 0093 34       		.uleb128 0x34
 748 0094 00       		.byte	0x0
 749 0095 03       		.uleb128 0x3
 750 0096 0E       		.uleb128 0xe
 751 0097 3A       		.uleb128 0x3a
 752 0098 0B       		.uleb128 0xb
 753 0099 3B       		.uleb128 0x3b
 754 009a 0B       		.uleb128 0xb
 755 009b 49       		.uleb128 0x49
 756 009c 13       		.uleb128 0x13
 757 009d 02       		.uleb128 0x2
 758 009e 0A       		.uleb128 0xa
 759 009f 00       		.byte	0x0
 760 00a0 00       		.byte	0x0
 761 00a1 0C       		.uleb128 0xc
 762 00a2 34       		.uleb128 0x34
 763 00a3 00       		.byte	0x0
 764 00a4 03       		.uleb128 0x3
 765 00a5 0E       		.uleb128 0xe
 766 00a6 3A       		.uleb128 0x3a
 767 00a7 0B       		.uleb128 0xb
 768 00a8 3B       		.uleb128 0x3b
ARM GAS  C:\DOCUME~1\ADMINI~1\LOCALS~1\Temp\ccqF2cmD.s 			page 20


 769 00a9 05       		.uleb128 0x5
 770 00aa 49       		.uleb128 0x49
 771 00ab 13       		.uleb128 0x13
 772 00ac 3F       		.uleb128 0x3f
 773 00ad 0C       		.uleb128 0xc
 774 00ae 3C       		.uleb128 0x3c
 775 00af 0C       		.uleb128 0xc
 776 00b0 00       		.byte	0x0
 777 00b1 00       		.byte	0x0
 778 00b2 0D       		.uleb128 0xd
 779 00b3 34       		.uleb128 0x34
 780 00b4 00       		.byte	0x0
 781 00b5 03       		.uleb128 0x3
 782 00b6 0E       		.uleb128 0xe
 783 00b7 3A       		.uleb128 0x3a
 784 00b8 0B       		.uleb128 0xb
 785 00b9 3B       		.uleb128 0x3b
 786 00ba 0B       		.uleb128 0xb
 787 00bb 49       		.uleb128 0x49
 788 00bc 13       		.uleb128 0x13
 789 00bd 3F       		.uleb128 0x3f
 790 00be 0C       		.uleb128 0xc
 791 00bf 3C       		.uleb128 0x3c
 792 00c0 0C       		.uleb128 0xc
 793 00c1 00       		.byte	0x0
 794 00c2 00       		.byte	0x0
 795 00c3 00       		.byte	0x0
 796              		.section	.debug_pubnames,"",%progbits
 797 0000 6F000000 		.4byte	0x6f
 798 0004 0200     		.2byte	0x2
 799 0006 00000000 		.4byte	.Ldebug_info0
 800 000a 84010000 		.4byte	0x184
 801 000e CB000000 		.4byte	0xcb
 802 0012 55534246 		.ascii	"USBFS_DP_ISR\000"
 802      535F4450 
 802      5F495352 
 802      00
 803 001f DE000000 		.4byte	0xde
 804 0023 55534246 		.ascii	"USBFS_SaveConfig\000"
 804      535F5361 
 804      7665436F 
 804      6E666967 
 804      00
 805 0034 F1000000 		.4byte	0xf1
 806 0038 55534246 		.ascii	"USBFS_Suspend\000"
 806      535F5375 
 806      7370656E 
 806      6400
 807 0046 18010000 		.4byte	0x118
 808 004a 55534246 		.ascii	"USBFS_RestoreConfig\000"
 808      535F5265 
 808      73746F72 
 808      65436F6E 
 808      66696700 
 809 005e 2B010000 		.4byte	0x12b
 810 0062 55534246 		.ascii	"USBFS_Resume\000"
 810      535F5265 
ARM GAS  C:\DOCUME~1\ADMINI~1\LOCALS~1\Temp\ccqF2cmD.s 			page 21


 810      73756D65 
 810      00
 811 006f 00000000 		.4byte	0x0
 812              		.section	.debug_aranges,"",%progbits
 813 0000 3C000000 		.4byte	0x3c
 814 0004 0200     		.2byte	0x2
 815 0006 00000000 		.4byte	.Ldebug_info0
 816 000a 04       		.byte	0x4
 817 000b 00       		.byte	0x0
 818 000c 0000     		.2byte	0x0
 819 000e 0000     		.2byte	0x0
 820 0010 00000000 		.4byte	.LFB29
 821 0014 0C000000 		.4byte	.LFE29-.LFB29
 822 0018 00000000 		.4byte	.LFB30
 823 001c 02000000 		.4byte	.LFE30-.LFB30
 824 0020 00000000 		.4byte	.LFB32
 825 0024 D8000000 		.4byte	.LFE32-.LFB32
 826 0028 00000000 		.4byte	.LFB31
 827 002c 10000000 		.4byte	.LFE31-.LFB31
 828 0030 00000000 		.4byte	.LFB33
 829 0034 B8000000 		.4byte	.LFE33-.LFB33
 830 0038 00000000 		.4byte	0x0
 831 003c 00000000 		.4byte	0x0
 832              		.section	.debug_ranges,"",%progbits
 833              	.Ldebug_ranges0:
 834 0000 00000000 		.4byte	.Ltext0
 835 0004 00000000 		.4byte	.Letext0
 836 0008 00000000 		.4byte	.LFB29
 837 000c 0C000000 		.4byte	.LFE29
 838 0010 00000000 		.4byte	.LFB30
 839 0014 02000000 		.4byte	.LFE30
 840 0018 00000000 		.4byte	.LFB32
 841 001c D8000000 		.4byte	.LFE32
 842 0020 00000000 		.4byte	.LFB31
 843 0024 10000000 		.4byte	.LFE31
 844 0028 00000000 		.4byte	.LFB33
 845 002c B8000000 		.4byte	.LFE33
 846 0030 00000000 		.4byte	0x0
 847 0034 00000000 		.4byte	0x0
 848              		.section	.debug_str,"MS",%progbits,1
 849              	.LASF6:
 850 0000 6C6F6E67 		.ascii	"long long int\000"
 850      206C6F6E 
 850      6720696E 
 850      7400
 851              	.LASF19:
 852 000e 55534246 		.ascii	"USBFS_Suspend\000"
 852      535F5375 
 852      7370656E 
 852      6400
 853              	.LASF8:
 854 001c 756E7369 		.ascii	"unsigned int\000"
 854      676E6564 
 854      20696E74 
 854      00
 855              	.LASF1:
 856 0029 756E7369 		.ascii	"unsigned char\000"
ARM GAS  C:\DOCUME~1\ADMINI~1\LOCALS~1\Temp\ccqF2cmD.s 			page 22


 856      676E6564 
 856      20636861 
 856      7200
 857              	.LASF13:
 858 0037 6D6F6465 		.ascii	"mode\000"
 858      00
 859              	.LASF14:
 860 003c 75696E74 		.ascii	"uint8\000"
 860      3800
 861              	.LASF16:
 862 0042 55534246 		.ascii	"USBFS_DP_ISR\000"
 862      535F4450 
 862      5F495352 
 862      00
 863              	.LASF20:
 864 004f 55534246 		.ascii	"USBFS_Resume\000"
 864      535F5265 
 864      73756D65 
 864      00
 865              	.LASF5:
 866 005c 6C6F6E67 		.ascii	"long unsigned int\000"
 866      20756E73 
 866      69676E65 
 866      6420696E 
 866      7400
 867              	.LASF7:
 868 006e 6C6F6E67 		.ascii	"long long unsigned int\000"
 868      206C6F6E 
 868      6720756E 
 868      7369676E 
 868      65642069 
 869              	.LASF3:
 870 0085 73686F72 		.ascii	"short unsigned int\000"
 870      7420756E 
 870      7369676E 
 870      65642069 
 870      6E7400
 871              	.LASF21:
 872 0098 656E6162 		.ascii	"enableInterrupts\000"
 872      6C65496E 
 872      74657272 
 872      75707473 
 872      00
 873              	.LASF15:
 874 00a9 55534246 		.ascii	"USBFS_BACKUP_STRUCT\000"
 874      535F4241 
 874      434B5550 
 874      5F535452 
 874      55435400 
 875              	.LASF28:
 876 00bd 5F555342 		.ascii	"_USBFS_BackupStruct\000"
 876      46535F42 
 876      61636B75 
 876      70537472 
 876      75637400 
 877              	.LASF18:
 878 00d1 55534246 		.ascii	"USBFS_RestoreConfig\000"
ARM GAS  C:\DOCUME~1\ADMINI~1\LOCALS~1\Temp\ccqF2cmD.s 			page 23


 878      535F5265 
 878      73746F72 
 878      65436F6E 
 878      66696700 
 879              	.LASF25:
 880 00e5 474E5520 		.ascii	"GNU C 4.4.1\000"
 880      4320342E 
 880      342E3100 
 881              	.LASF17:
 882 00f1 55534246 		.ascii	"USBFS_SaveConfig\000"
 882      535F5361 
 882      7665436F 
 882      6E666967 
 882      00
 883              	.LASF12:
 884 0102 656E6162 		.ascii	"enableState\000"
 884      6C655374 
 884      61746500 
 885              	.LASF11:
 886 010e 63686172 		.ascii	"char\000"
 886      00
 887              	.LASF24:
 888 0113 55534246 		.ascii	"USBFS_configuration\000"
 888      535F636F 
 888      6E666967 
 888      75726174 
 888      696F6E00 
 889              	.LASF27:
 890 0127 5C5C7073 		.ascii	"\\\\psf\\Home\\Desktop\\KitProg version 2_03\\KitPr"
 890      665C486F 
 890      6D655C44 
 890      65736B74 
 890      6F705C4B 
 891 0154 6F675C4B 		.ascii	"og\\KitProg.cydsn\000"
 891      69745072 
 891      6F672E63 
 891      7964736E 
 891      00
 892              	.LASF4:
 893 0165 6C6F6E67 		.ascii	"long int\000"
 893      20696E74 
 893      00
 894              	.LASF22:
 895 016e 55534246 		.ascii	"USBFS_backup\000"
 895      535F6261 
 895      636B7570 
 895      00
 896              	.LASF10:
 897 017b 646F7562 		.ascii	"double\000"
 897      6C6500
 898              	.LASF26:
 899 0182 2E5C4765 		.ascii	".\\Generated_Source\\PSoC5\\USBFS_pm.c\000"
 899      6E657261 
 899      7465645F 
 899      536F7572 
 899      63655C50 
 900              	.LASF23:
ARM GAS  C:\DOCUME~1\ADMINI~1\LOCALS~1\Temp\ccqF2cmD.s 			page 24


 901 01a6 49544D5F 		.ascii	"ITM_RxBuffer\000"
 901      52784275 
 901      66666572 
 901      00
 902              	.LASF0:
 903 01b3 7369676E 		.ascii	"signed char\000"
 903      65642063 
 903      68617200 
 904              	.LASF9:
 905 01bf 666C6F61 		.ascii	"float\000"
 905      7400
 906              	.LASF2:
 907 01c5 73686F72 		.ascii	"short int\000"
 907      7420696E 
 907      7400
 908              		.ident	"GCC: (Sourcery G++ Lite 2010q1-188) 4.4.1"
