ARM GAS  C:\DOCUME~1\ADMINI~1\LOCALS~1\Temp\cc02lNry.s 			page 1


   1              		.syntax unified
   2              		.cpu cortex-m3
   3              		.fpu softvfp
   4              		.eabi_attribute 20, 1
   5              		.eabi_attribute 21, 1
   6              		.eabi_attribute 23, 3
   7              		.eabi_attribute 24, 1
   8              		.eabi_attribute 25, 1
   9              		.eabi_attribute 26, 1
  10              		.eabi_attribute 30, 4
  11              		.eabi_attribute 18, 4
  12              		.thumb
  13              		.file	"version.c"
  14              		.section	.debug_abbrev,"",%progbits
  15              	.Ldebug_abbrev0:
  16              		.section	.debug_info,"",%progbits
  17              	.Ldebug_info0:
  18              		.section	.debug_line,"",%progbits
  19              	.Ldebug_line0:
  20 0000 C8000000 		.text
  20      02005600 
  20      00000201 
  20      FB0E0D00 
  20      01010101 
  21              	.Ltext0:
  22              		.cfi_sections	.debug_frame
  23              		.section	.text.GetHWVersion,"ax",%progbits
  24              		.align	1
  25              		.global	GetHWVersion
  26              		.thumb
  27              		.thumb_func
  28              		.type	GetHWVersion, %function
  29              	GetHWVersion:
  30              	.LFB30:
  31              		.file 1 ".\\version.c"
   1:.\version.c   **** /*****************************************************************************
   2:.\version.c   **** * File Name: version.c
   3:.\version.c   **** * Version 2.03
   4:.\version.c   **** *
   5:.\version.c   **** * Description:
   6:.\version.c   **** *  This file provides the source code to handle version information.
   7:.\version.c   **** *
   8:.\version.c   **** * Owner:
   9:.\version.c   **** *	Ranjith M, Applications Engineer (rnjt@cypress.com)
  10:.\version.c   **** *
  11:.\version.c   **** * Related Document:
  12:.\version.c   **** * 	001-85925 - CY8CKIT-042 PSoC 4 Pioneer Kit IROS
  13:.\version.c   **** *
  14:.\version.c   **** * Hardware Dependency:
  15:.\version.c   **** * 	CY8CKIT-042 (KitProg) 
  16:.\version.c   **** *
  17:.\version.c   **** * Code Tested With:
  18:.\version.c   **** * 	Creator 2.2
  19:.\version.c   **** *	GCC1 4.4.1
  20:.\version.c   **** *	CY8CKIT-042 Rev 1
  21:.\version.c   **** *
  22:.\version.c   **** ******************************************************************************
ARM GAS  C:\DOCUME~1\ADMINI~1\LOCALS~1\Temp\cc02lNry.s 			page 2


  23:.\version.c   **** * Copyright (2013), Cypress Semiconductor Corporation.
  24:.\version.c   **** ******************************************************************************
  25:.\version.c   **** * This software is owned by Cypress Semiconductor Corporation (Cypress) and is
  26:.\version.c   **** * protected by and subject to worldwide patent protection (United States and
  27:.\version.c   **** * foreign), United States copyright laws and international treaty provisions.
  28:.\version.c   **** * Cypress hereby grants to licensee a personal, non-exclusive, non-transferable
  29:.\version.c   **** * license to copy, use, modify, create derivative works of, and compile the
  30:.\version.c   **** * Cypress Source Code and derivative works for the sole purpose of creating
  31:.\version.c   **** * custom software in support of licensee product to be used only in conjunction
  32:.\version.c   **** * with a Cypress integrated circuit as specified in the applicable agreement.
  33:.\version.c   **** * Any reproduction, modification, translation, compilation, or representation of
  34:.\version.c   **** * this software except as specified above is prohibited without the express
  35:.\version.c   **** * written permission of Cypress.
  36:.\version.c   **** *
  37:.\version.c   **** * Disclaimer: CYPRESS MAKES NO WARRANTY OF ANY KIND, EXPRESS OR IMPLIED, WITH
  38:.\version.c   **** * REGARD TO THIS MATERIAL, INCLUDING, BUT NOT LIMITED TO, THE IMPLIED
  39:.\version.c   **** * WARRANTIES OF MERCHANTABILITY AND FITNESS FOR A PARTICULAR PURPOSE.
  40:.\version.c   **** * Cypress reserves the right to make changes without further notice to the
  41:.\version.c   **** * materials described herein. Cypress does not assume any liability arising out
  42:.\version.c   **** * of the application or use of any product or circuit described herein. Cypress
  43:.\version.c   **** * does not authorize its products for use as critical components in life-support
  44:.\version.c   **** * systems where a malfunction or failure may reasonably be expected to result in
  45:.\version.c   **** * significant injury to the user. The inclusion of Cypress' product in a life-
  46:.\version.c   **** * support systems application implies that the manufacturer assumes all risk of
  47:.\version.c   **** * such use and in doing so indemnifies Cypress against all charges. Use may be
  48:.\version.c   **** * limited by and subject to the applicable Cypress software license agreement.
  49:.\version.c   **** *****************************************************************************/
  50:.\version.c   **** 
  51:.\version.c   **** #include "kitprog.h"
  52:.\version.c   **** 
  53:.\version.c   **** /*****************************************************************************
  54:.\version.c   **** * Local Function Prototypes
  55:.\version.c   **** *****************************************************************************/
  56:.\version.c   **** static uint8 CheckHWVerPerPin(uint8 bValuePullup, uint8 bValuePullDwn);
  57:.\version.c   **** 
  58:.\version.c   **** /*****************************************************************************
  59:.\version.c   **** * Global Variable Declarations
  60:.\version.c   **** *****************************************************************************/
  61:.\version.c   **** uint8 kitProgHWVersion = 0;
  62:.\version.c   **** /*****************************************************************************
  63:.\version.c   **** * Local Global Variable Declarations
  64:.\version.c   **** *****************************************************************************/
  65:.\version.c   **** 
  66:.\version.c   **** volatile struct{
  67:.\version.c   ****     uint8 signature[16]; 
  68:.\version.c   ****     uint8 verMajor;
  69:.\version.c   ****     uint8 verMinor;
  70:.\version.c   **** }version = 
  71:.\version.c   **** {
  72:.\version.c   **** 	/* Signature retained due to compatibility requirements with the programmer. */
  73:.\version.c   ****     "Cypress-TTBridge", 
  74:.\version.c   ****     VER_MAJOR, 
  75:.\version.c   ****     VER_MINOR,
  76:.\version.c   **** };
  77:.\version.c   **** 
  78:.\version.c   **** 
  79:.\version.c   **** /*******************************************************************************
ARM GAS  C:\DOCUME~1\ADMINI~1\LOCALS~1\Temp\cc02lNry.s 			page 3


  80:.\version.c   **** * The Hardware verison pins are either connected to the ground or left floating.
  81:.\version.c   **** * There are 6 hardware revision pins, P2[6:1]. A floating pin is equivalent to a 0
  82:.\version.c   **** * and a grounded pin equivalent to 1 in version calculcation. So, if all pins 
  83:.\version.c   **** * are floating, hardware revision is 000000b (=0x00). The number of versions can
  84:.\version.c   **** * thus go upto 111111b (=0x3F).
  85:.\version.c   **** * ------------------------------------------------------------------------------
  86:.\version.c   **** 
  87:.\version.c   **** ********************************************************************************/
  88:.\version.c   **** 
  89:.\version.c   **** /*******************************************************************************
  90:.\version.c   **** * Function Name: CheckHWVerPerPin()
  91:.\version.c   **** ********************************************************************************
  92:.\version.c   **** * Summary:
  93:.\version.c   **** * Checks whether the pins are floating or grounded.
  94:.\version.c   **** *
  95:.\version.c   **** * Parameters:
  96:.\version.c   **** *  void
  97:.\version.c   **** *
  98:.\version.c   **** * Return:
  99:.\version.c   **** *  void
 100:.\version.c   **** *
 101:.\version.c   **** *******************************************************************************/
 102:.\version.c   **** uint8 CheckHWVerPerPin(uint8 bValuePullup, uint8 bValuePullDwn)
 103:.\version.c   **** {
 104:.\version.c   ****     uint8 bHwVer = NOT_CONNECTED;
 105:.\version.c   ****     
 106:.\version.c   ****     if(bValuePullup != 0 && bValuePullDwn == 0)
 107:.\version.c   ****     {
 108:.\version.c   ****         /* Follows pull up/down, so it is floating */
 109:.\version.c   ****         bHwVer = NOT_CONNECTED;
 110:.\version.c   ****     }
 111:.\version.c   ****     else if(bValuePullup == 0 && bValuePullDwn == 0) 
 112:.\version.c   ****     {
 113:.\version.c   ****         /* Always LOW, so it is GND */
 114:.\version.c   ****         bHwVer = GROUND;
 115:.\version.c   ****     }
 116:.\version.c   ****     else
 117:.\version.c   ****     {
 118:.\version.c   ****         /* Shall not be here because these lines are never pulled up in the hardware */
 119:.\version.c   ****     }
 120:.\version.c   ****     
 121:.\version.c   ****     return bHwVer;
 122:.\version.c   **** }
 123:.\version.c   **** 
 124:.\version.c   **** /*******************************************************************************
 125:.\version.c   **** * Function Name: GetHWVersion()
 126:.\version.c   **** ********************************************************************************
 127:.\version.c   **** * Summary:
 128:.\version.c   **** * Calculates the hardware version of the KitProg board.
 129:.\version.c   **** *
 130:.\version.c   **** * Parameters:
 131:.\version.c   **** *  void
 132:.\version.c   **** *
 133:.\version.c   **** * Return:
 134:.\version.c   **** *  void
 135:.\version.c   **** *
 136:.\version.c   **** *******************************************************************************/
ARM GAS  C:\DOCUME~1\ADMINI~1\LOCALS~1\Temp\cc02lNry.s 			page 4


 137:.\version.c   **** void GetHWVersion(void)
 138:.\version.c   **** {
  32              		.loc 1 138 0
  33              		.cfi_startproc
  34              		@ args = 0, pretend = 0, frame = 16
  35              		@ frame_needed = 0, uses_anonymous_args = 0
  36 0000 2DE9F045 		push	{r4, r5, r6, r7, r8, sl, lr}
  37              	.LCFI0:
  38              		.cfi_def_cfa_offset 28
 139:.\version.c   ****     uint8 bValuePullUp[6];
 140:.\version.c   ****     uint8 bValuePullDwn[6];
 141:.\version.c   **** 	uint8 sigCheck[16];
 142:.\version.c   **** 	uint8 verCheck;
 143:.\version.c   **** 	uint8 index = 0;
 144:.\version.c   **** 	uint8 ver = 0;
 145:.\version.c   ****     
 146:.\version.c   **** 	/* To avoid the signature value being optimized out by the compiler. */
 147:.\version.c   **** 	sigCheck[0] = version.signature[0];
  39              		.loc 1 147 0
  40 0004 734B     		ldr	r3, .L7
 148:.\version.c   **** 	verCheck = version.verMajor + version.verMinor;
 149:.\version.c   **** 
 150:.\version.c   **** 	
 151:.\version.c   ****     /* Drive pins resistive pull up and down */
 152:.\version.c   ****     CyPins_SetPinDriveMode(Pin_HWVersionA_0, Pin_HWVersionA_DM_RES_UPDWN);
  41              		.loc 1 152 0
  42 0006 DFF8E4A1 		ldr	sl, .L7+24
  43              		.cfi_offset 14, -4
  44              		.cfi_offset 10, -8
  45              		.cfi_offset 8, -12
  46              		.cfi_offset 7, -16
  47              		.cfi_offset 6, -20
  48              		.cfi_offset 5, -24
  49              		.cfi_offset 4, -28
  50              		.loc 1 147 0
  51 000a 1A78     		ldrb	r2, [r3, #0]	@ zero_extendqisi2
  52              		.loc 1 148 0
  53 000c 1A7C     		ldrb	r2, [r3, #16]	@ zero_extendqisi2
  54 000e 5B7C     		ldrb	r3, [r3, #17]	@ zero_extendqisi2
  55              		.loc 1 152 0
  56 0010 9AF80030 		ldrb	r3, [sl, #0]	@ zero_extendqisi2
 153:.\version.c   **** 	CyPins_SetPinDriveMode(Pin_HWVersionB_0, Pin_HWVersionB_DM_RES_UPDWN);
  57              		.loc 1 153 0
  58 0014 DFF8D881 		ldr	r8, .L7+28
  59              		.loc 1 152 0
  60 0018 43F00E03 		orr	r3, r3, #14
  61 001c 8AF80030 		strb	r3, [sl, #0]
  62              		.loc 1 153 0
  63 0020 98F80030 		ldrb	r3, [r8, #0]	@ zero_extendqisi2
 154:.\version.c   **** 	CyPins_SetPinDriveMode(Pin_HWVersionC_0, Pin_HWVersionC_DM_RES_UPDWN);
  64              		.loc 1 154 0
  65 0024 6C4F     		ldr	r7, .L7+4
  66              		.loc 1 153 0
  67 0026 43F00E03 		orr	r3, r3, #14
  68 002a 88F80030 		strb	r3, [r8, #0]
  69              		.loc 1 154 0
  70 002e 3B78     		ldrb	r3, [r7, #0]	@ zero_extendqisi2
ARM GAS  C:\DOCUME~1\ADMINI~1\LOCALS~1\Temp\cc02lNry.s 			page 5


 155:.\version.c   **** 	CyPins_SetPinDriveMode(Pin_HWVersionD_0, Pin_HWVersionD_DM_RES_UPDWN);
  71              		.loc 1 155 0
  72 0030 6A4E     		ldr	r6, .L7+8
  73              		.loc 1 154 0
  74 0032 43F00E03 		orr	r3, r3, #14
  75 0036 3B70     		strb	r3, [r7, #0]
  76              		.loc 1 155 0
  77 0038 3378     		ldrb	r3, [r6, #0]	@ zero_extendqisi2
 156:.\version.c   **** 	CyPins_SetPinDriveMode(Pin_HWVersionE_0, Pin_HWVersionE_DM_RES_UPDWN);
  78              		.loc 1 156 0
  79 003a 694D     		ldr	r5, .L7+12
  80              		.loc 1 155 0
  81 003c 43F00E03 		orr	r3, r3, #14
  82 0040 3370     		strb	r3, [r6, #0]
  83              		.loc 1 156 0
  84 0042 2B78     		ldrb	r3, [r5, #0]	@ zero_extendqisi2
 157:.\version.c   **** 	CyPins_SetPinDriveMode(Pin_HWVersionF_0, Pin_HWVersionF_DM_RES_UPDWN);
  85              		.loc 1 157 0
  86 0044 674C     		ldr	r4, .L7+16
  87              		.loc 1 156 0
  88 0046 43F00E03 		orr	r3, r3, #14
  89 004a 2B70     		strb	r3, [r5, #0]
  90              		.loc 1 157 0
  91 004c 2378     		ldrb	r3, [r4, #0]	@ zero_extendqisi2
  92              		.loc 1 138 0
  93 004e 85B0     		sub	sp, sp, #20
  94              	.LCFI1:
  95              		.cfi_def_cfa_offset 48
  96              		.loc 1 157 0
  97 0050 43F00E03 		orr	r3, r3, #14
  98 0054 2370     		strb	r3, [r4, #0]
 158:.\version.c   **** 
 159:.\version.c   **** 	/* Set and Clear the pin to check whether the pins are floating or grounded. */
 160:.\version.c   **** 	/* Set the pins */
 161:.\version.c   ****     CyPins_SetPin(Pin_HWVersionA_0);
  99              		.loc 1 161 0
 100 0056 9AF80030 		ldrb	r3, [sl, #0]	@ zero_extendqisi2
 162:.\version.c   **** 	CyPins_SetPin(Pin_HWVersionB_0);
 163:.\version.c   **** 	CyPins_SetPin(Pin_HWVersionC_0);
 164:.\version.c   **** 	CyPins_SetPin(Pin_HWVersionD_0);
 165:.\version.c   **** 	CyPins_SetPin(Pin_HWVersionE_0);
 166:.\version.c   **** 	CyPins_SetPin(Pin_HWVersionF_0);
 167:.\version.c   **** 	
 168:.\version.c   ****     CyDelay(10);
 101              		.loc 1 168 0
 102 005a 0A20     		movs	r0, #10
 103              		.loc 1 161 0
 104 005c 43F00103 		orr	r3, r3, #1
 105 0060 8AF80030 		strb	r3, [sl, #0]
 106              		.loc 1 162 0
 107 0064 98F80030 		ldrb	r3, [r8, #0]	@ zero_extendqisi2
 108 0068 43F00103 		orr	r3, r3, #1
 109 006c 88F80030 		strb	r3, [r8, #0]
 110              		.loc 1 163 0
 111 0070 3B78     		ldrb	r3, [r7, #0]	@ zero_extendqisi2
 112 0072 43F00103 		orr	r3, r3, #1
 113 0076 3B70     		strb	r3, [r7, #0]
ARM GAS  C:\DOCUME~1\ADMINI~1\LOCALS~1\Temp\cc02lNry.s 			page 6


 114              		.loc 1 164 0
 115 0078 3378     		ldrb	r3, [r6, #0]	@ zero_extendqisi2
 116 007a 43F00103 		orr	r3, r3, #1
 117 007e 3370     		strb	r3, [r6, #0]
 118              		.loc 1 165 0
 119 0080 2B78     		ldrb	r3, [r5, #0]	@ zero_extendqisi2
 120 0082 43F00103 		orr	r3, r3, #1
 121 0086 2B70     		strb	r3, [r5, #0]
 122              		.loc 1 166 0
 123 0088 2378     		ldrb	r3, [r4, #0]	@ zero_extendqisi2
 124 008a 43F00103 		orr	r3, r3, #1
 125 008e 2370     		strb	r3, [r4, #0]
 126              		.loc 1 168 0
 127 0090 FFF7FEFF 		bl	CyDelay
 169:.\version.c   **** 	/* Read back the pins */
 170:.\version.c   **** 	bValuePullUp[0] = CyPins_ReadPin(Pin_HWVersionA_0);
 128              		.loc 1 170 0
 129 0094 9AF80030 		ldrb	r3, [sl, #0]	@ zero_extendqisi2
 171:.\version.c   **** 	bValuePullUp[1] = CyPins_ReadPin(Pin_HWVersionB_0);
 172:.\version.c   **** 	bValuePullUp[2] = CyPins_ReadPin(Pin_HWVersionC_0);
 173:.\version.c   **** 	bValuePullUp[3] = CyPins_ReadPin(Pin_HWVersionD_0);
 174:.\version.c   **** 	bValuePullUp[4] = CyPins_ReadPin(Pin_HWVersionE_0);
 175:.\version.c   **** 	bValuePullUp[5] = CyPins_ReadPin(Pin_HWVersionF_0);
 176:.\version.c   **** 	
 177:.\version.c   **** 	/* Clear the pins */
 178:.\version.c   ****     CyPins_ClearPin(Pin_HWVersionA_0);
 179:.\version.c   **** 	CyPins_ClearPin(Pin_HWVersionB_0);
 180:.\version.c   **** 	CyPins_ClearPin(Pin_HWVersionC_0);
 181:.\version.c   **** 	CyPins_ClearPin(Pin_HWVersionD_0);
 182:.\version.c   **** 	CyPins_ClearPin(Pin_HWVersionE_0);
 183:.\version.c   **** 	CyPins_ClearPin(Pin_HWVersionF_0);
 184:.\version.c   ****     
 185:.\version.c   **** 	CyDelay(10);
 130              		.loc 1 185 0
 131 0098 0A20     		movs	r0, #10
 132              		.loc 1 170 0
 133 009a 03F01003 		and	r3, r3, #16
 134 009e 8DF80830 		strb	r3, [sp, #8]
 135              		.loc 1 171 0
 136 00a2 98F80030 		ldrb	r3, [r8, #0]	@ zero_extendqisi2
 137 00a6 03F01003 		and	r3, r3, #16
 138 00aa 8DF80930 		strb	r3, [sp, #9]
 139              		.loc 1 172 0
 140 00ae 3B78     		ldrb	r3, [r7, #0]	@ zero_extendqisi2
 141 00b0 03F01003 		and	r3, r3, #16
 142 00b4 8DF80A30 		strb	r3, [sp, #10]
 143              		.loc 1 173 0
 144 00b8 3378     		ldrb	r3, [r6, #0]	@ zero_extendqisi2
 145 00ba 03F01003 		and	r3, r3, #16
 146 00be 8DF80B30 		strb	r3, [sp, #11]
 147              		.loc 1 174 0
 148 00c2 2B78     		ldrb	r3, [r5, #0]	@ zero_extendqisi2
 149 00c4 03F01003 		and	r3, r3, #16
 150 00c8 8DF80C30 		strb	r3, [sp, #12]
 151              		.loc 1 175 0
 152 00cc 2378     		ldrb	r3, [r4, #0]	@ zero_extendqisi2
 153 00ce 03F01003 		and	r3, r3, #16
ARM GAS  C:\DOCUME~1\ADMINI~1\LOCALS~1\Temp\cc02lNry.s 			page 7


 154 00d2 8DF80D30 		strb	r3, [sp, #13]
 155              		.loc 1 178 0
 156 00d6 9AF80030 		ldrb	r3, [sl, #0]	@ zero_extendqisi2
 157 00da 03F0FE03 		and	r3, r3, #254
 158 00de 8AF80030 		strb	r3, [sl, #0]
 159              		.loc 1 179 0
 160 00e2 98F80030 		ldrb	r3, [r8, #0]	@ zero_extendqisi2
 161 00e6 03F0FE03 		and	r3, r3, #254
 162 00ea 88F80030 		strb	r3, [r8, #0]
 163              		.loc 1 180 0
 164 00ee 3B78     		ldrb	r3, [r7, #0]	@ zero_extendqisi2
 165 00f0 03F0FE03 		and	r3, r3, #254
 166 00f4 3B70     		strb	r3, [r7, #0]
 167              		.loc 1 181 0
 168 00f6 3378     		ldrb	r3, [r6, #0]	@ zero_extendqisi2
 169 00f8 03F0FE03 		and	r3, r3, #254
 170 00fc 3370     		strb	r3, [r6, #0]
 171              		.loc 1 182 0
 172 00fe 2B78     		ldrb	r3, [r5, #0]	@ zero_extendqisi2
 173 0100 03F0FE03 		and	r3, r3, #254
 174 0104 2B70     		strb	r3, [r5, #0]
 175              		.loc 1 183 0
 176 0106 2378     		ldrb	r3, [r4, #0]	@ zero_extendqisi2
 177 0108 03F0FE03 		and	r3, r3, #254
 178 010c 2370     		strb	r3, [r4, #0]
 179              		.loc 1 185 0
 180 010e FFF7FEFF 		bl	CyDelay
 186:.\version.c   **** 	/* Read back the pins */
 187:.\version.c   **** 	bValuePullDwn[0] = CyPins_ReadPin(Pin_HWVersionA_0);
 181              		.loc 1 187 0
 182 0112 9AF80030 		ldrb	r3, [sl, #0]	@ zero_extendqisi2
 183 0116 03F01003 		and	r3, r3, #16
 184 011a 8DF80030 		strb	r3, [sp, #0]
 188:.\version.c   **** 	bValuePullDwn[1] = CyPins_ReadPin(Pin_HWVersionB_0);
 185              		.loc 1 188 0
 186 011e 98F80030 		ldrb	r3, [r8, #0]	@ zero_extendqisi2
 187 0122 03F01003 		and	r3, r3, #16
 188 0126 8DF80130 		strb	r3, [sp, #1]
 189:.\version.c   **** 	bValuePullDwn[2] = CyPins_ReadPin(Pin_HWVersionC_0);
 189              		.loc 1 189 0
 190 012a 3B78     		ldrb	r3, [r7, #0]	@ zero_extendqisi2
 191 012c 03F01003 		and	r3, r3, #16
 192 0130 8DF80230 		strb	r3, [sp, #2]
 190:.\version.c   **** 	bValuePullDwn[3] = CyPins_ReadPin(Pin_HWVersionD_0);
 193              		.loc 1 190 0
 194 0134 3378     		ldrb	r3, [r6, #0]	@ zero_extendqisi2
 195 0136 03F01003 		and	r3, r3, #16
 196 013a 8DF80330 		strb	r3, [sp, #3]
 191:.\version.c   **** 	bValuePullDwn[4] = CyPins_ReadPin(Pin_HWVersionE_0);
 197              		.loc 1 191 0
 198 013e 2B78     		ldrb	r3, [r5, #0]	@ zero_extendqisi2
 199 0140 03F01003 		and	r3, r3, #16
 200 0144 8DF80430 		strb	r3, [sp, #4]
 192:.\version.c   **** 	bValuePullDwn[5] = CyPins_ReadPin(Pin_HWVersionF_0);
 201              		.loc 1 192 0
 202 0148 2378     		ldrb	r3, [r4, #0]	@ zero_extendqisi2
 203 014a 03F01003 		and	r3, r3, #16
ARM GAS  C:\DOCUME~1\ADMINI~1\LOCALS~1\Temp\cc02lNry.s 			page 8


 204 014e 8DF80530 		strb	r3, [sp, #5]
 193:.\version.c   ****     
 194:.\version.c   ****     /* Drive to Hi-Z to save power */
 195:.\version.c   ****     CyPins_SetPinDriveMode(Pin_HWVersionA_0, Pin_HWVersionA_DM_DIG_HIZ);
 205              		.loc 1 195 0
 206 0152 9AF80030 		ldrb	r3, [sl, #0]	@ zero_extendqisi2
 207 0156 03F0F103 		and	r3, r3, #241
 208 015a 43F00203 		orr	r3, r3, #2
 209 015e 8AF80030 		strb	r3, [sl, #0]
 196:.\version.c   **** 	CyPins_SetPinDriveMode(Pin_HWVersionB_0, Pin_HWVersionB_DM_DIG_HIZ);
 210              		.loc 1 196 0
 211 0162 98F80030 		ldrb	r3, [r8, #0]	@ zero_extendqisi2
 212 0166 03F0F103 		and	r3, r3, #241
 213 016a 43F00203 		orr	r3, r3, #2
 214 016e 88F80030 		strb	r3, [r8, #0]
 197:.\version.c   **** 	CyPins_SetPinDriveMode(Pin_HWVersionC_0, Pin_HWVersionC_DM_DIG_HIZ);
 215              		.loc 1 197 0
 216 0172 3B78     		ldrb	r3, [r7, #0]	@ zero_extendqisi2
 217 0174 03F0F103 		and	r3, r3, #241
 218 0178 43F00203 		orr	r3, r3, #2
 219 017c 3B70     		strb	r3, [r7, #0]
 198:.\version.c   **** 	CyPins_SetPinDriveMode(Pin_HWVersionD_0, Pin_HWVersionD_DM_DIG_HIZ);
 220              		.loc 1 198 0
 221 017e 3378     		ldrb	r3, [r6, #0]	@ zero_extendqisi2
 222 0180 03F0F103 		and	r3, r3, #241
 223 0184 43F00203 		orr	r3, r3, #2
 224 0188 3370     		strb	r3, [r6, #0]
 199:.\version.c   **** 	CyPins_SetPinDriveMode(Pin_HWVersionE_0, Pin_HWVersionE_DM_DIG_HIZ);
 225              		.loc 1 199 0
 226 018a 2B78     		ldrb	r3, [r5, #0]	@ zero_extendqisi2
 227 018c 03F0F103 		and	r3, r3, #241
 228 0190 43F00203 		orr	r3, r3, #2
 229 0194 2B70     		strb	r3, [r5, #0]
 200:.\version.c   **** 	CyPins_SetPinDriveMode(Pin_HWVersionF_0, Pin_HWVersionF_DM_DIG_HIZ);
 230              		.loc 1 200 0
 231 0196 2378     		ldrb	r3, [r4, #0]	@ zero_extendqisi2
 232 0198 03F0F103 		and	r3, r3, #241
 233 019c 43F00203 		orr	r3, r3, #2
 234 01a0 2370     		strb	r3, [r4, #0]
 235 01a2 0023     		movs	r3, #0
 236 01a4 1A46     		mov	r2, r3
 237              	.LVL0:
 238              	.L4:
 239              	.LBB4:
 240              	.LBB5:
 241              		.loc 1 106 0
 242 01a6 02A8     		add	r0, sp, #8
 243 01a8 C05C     		ldrb	r0, [r0, r3]	@ zero_extendqisi2
 244              	.LBE5:
 245              	.LBE4:
 201:.\version.c   ****     
 202:.\version.c   ****     
 203:.\version.c   **** 	/* Calculate the HW version */
 204:.\version.c   **** 	for(index = 0; index < 6; index++)
 205:.\version.c   **** 	{
 206:.\version.c   ****     	ver = ver + ((CheckHWVerPerPin(bValuePullUp[index], bValuePullDwn[index]) - 1) * (0x01 << inde
 246              		.loc 1 206 0
ARM GAS  C:\DOCUME~1\ADMINI~1\LOCALS~1\Temp\cc02lNry.s 			page 9


 247 01aa 1DF80310 		ldrb	r1, [sp, r3]	@ zero_extendqisi2
 248              	.LBB7:
 249              	.LBB6:
 250              		.loc 1 106 0
 251 01ae 10B9     		cbnz	r0, .L2
 252              		.loc 1 111 0
 253 01b0 09B9     		cbnz	r1, .L2
 254 01b2 0231     		adds	r1, r1, #2
 255              	.LVL1:
 256 01b4 00E0     		b	.L3
 257              	.LVL2:
 258              	.L2:
 259 01b6 0121     		movs	r1, #1
 260              	.LVL3:
 261              	.L3:
 262              	.LBE6:
 263              	.LBE7:
 264              		.loc 1 206 0
 265 01b8 0139     		subs	r1, r1, #1
 266              	.LVL4:
 267 01ba 9940     		lsls	r1, r1, r3
 268 01bc 0133     		adds	r3, r3, #1
 269 01be 5218     		adds	r2, r2, r1
 270              	.LVL5:
 271              		.loc 1 204 0
 272 01c0 062B     		cmp	r3, #6
 273              		.loc 1 206 0
 274 01c2 D2B2     		uxtb	r2, r2
 275              	.LVL6:
 276              		.loc 1 204 0
 277 01c4 EFD1     		bne	.L4
 207:.\version.c   **** 	}
 208:.\version.c   **** 					 
 209:.\version.c   **** 	kitProgHWVersion = ver - 1;
 278              		.loc 1 209 0
 279 01c6 084B     		ldr	r3, .L7+20
 280 01c8 013A     		subs	r2, r2, #1
 281              	.LVL7:
 282 01ca 1A70     		strb	r2, [r3, #0]
 210:.\version.c   **** 	return;
 211:.\version.c   **** }
 283              		.loc 1 211 0
 284 01cc 05B0     		add	sp, sp, #20
 285 01ce BDE8F085 		pop	{r4, r5, r6, r7, r8, sl, pc}
 286              	.L8:
 287 01d2 00BF     		.align	2
 288              	.L7:
 289 01d4 00000000 		.word	.LANCHOR0
 290 01d8 06500040 		.word	1073762310
 291 01dc 07500040 		.word	1073762311
 292 01e0 1A500040 		.word	1073762330
 293 01e4 1B500040 		.word	1073762331
 294 01e8 00000000 		.word	.LANCHOR1
 295 01ec 04500040 		.word	1073762308
 296 01f0 05500040 		.word	1073762309
 297              		.cfi_endproc
 298              	.LFE30:
ARM GAS  C:\DOCUME~1\ADMINI~1\LOCALS~1\Temp\cc02lNry.s 			page 10


 299              		.size	GetHWVersion, .-GetHWVersion
 300              		.global	kitProgHWVersion
 301              		.global	version
 302              		.data
 303              		.align	2
 304              		.set	.LANCHOR0,. + 0
 305              		.type	version, %object
 306              		.size	version, 18
 307              	version:
 308 0000 43797072 		.ascii	"Cypress-TTBridge"
 308      6573732D 
 308      54544272 
 308      69646765 
 309 0010 02       		.byte	2
 310 0011 03       		.byte	3
 311 0012 0000     		.bss
 312              		.set	.LANCHOR1,. + 0
 313              		.type	kitProgHWVersion, %object
 314              		.size	kitProgHWVersion, 1
 315              	kitProgHWVersion:
 316 0000 00       		.space	1
 317              		.text
 318              	.Letext0:
 319              		.section	.debug_loc,"",%progbits
 320              	.Ldebug_loc0:
 321              	.LLST0:
 322 0000 00000000 		.4byte	.LFB30
 323 0004 04000000 		.4byte	.LCFI0
 324 0008 0100     		.2byte	0x1
 325 000a 5D       		.byte	0x5d
 326 000b 04000000 		.4byte	.LCFI0
 327 000f 50000000 		.4byte	.LCFI1
 328 0013 0200     		.2byte	0x2
 329 0015 7D       		.byte	0x7d
 330 0016 1C       		.sleb128 28
 331 0017 50000000 		.4byte	.LCFI1
 332 001b F4010000 		.4byte	.LFE30
 333 001f 0200     		.2byte	0x2
 334 0021 7D       		.byte	0x7d
 335 0022 30       		.sleb128 48
 336 0023 00000000 		.4byte	0x0
 337 0027 00000000 		.4byte	0x0
 338              	.LLST1:
 339 002b A6010000 		.4byte	.LVL0
 340 002f C0010000 		.4byte	.LVL5
 341 0033 0100     		.2byte	0x1
 342 0035 52       		.byte	0x52
 343 0036 C4010000 		.4byte	.LVL6
 344 003a CA010000 		.4byte	.LVL7
 345 003e 0100     		.2byte	0x1
 346 0040 52       		.byte	0x52
 347 0041 00000000 		.4byte	0x0
 348 0045 00000000 		.4byte	0x0
 349              	.LLST2:
 350 0049 B4010000 		.4byte	.LVL1
 351 004d B6010000 		.4byte	.LVL2
 352 0051 0100     		.2byte	0x1
ARM GAS  C:\DOCUME~1\ADMINI~1\LOCALS~1\Temp\cc02lNry.s 			page 11


 353 0053 51       		.byte	0x51
 354 0054 B8010000 		.4byte	.LVL3
 355 0058 BA010000 		.4byte	.LVL4
 356 005c 0100     		.2byte	0x1
 357 005e 51       		.byte	0x51
 358 005f 00000000 		.4byte	0x0
 359 0063 00000000 		.4byte	0x0
 360              		.file 2 "./Generated_Source/PSoC5/core_cm3.h"
 361              		.file 3 "./Generated_Source/PSoC5/cytypes.h"
 362              		.section	.debug_info
 363 0000 E0010000 		.4byte	0x1e0
 364 0004 0200     		.2byte	0x2
 365 0006 00000000 		.4byte	.Ldebug_abbrev0
 366 000a 04       		.byte	0x4
 367 000b 01       		.uleb128 0x1
 368 000c E7000000 		.4byte	.LASF25
 369 0010 01       		.byte	0x1
 370 0011 99000000 		.4byte	.LASF26
 371 0015 3C010000 		.4byte	.LASF27
 372 0019 00000000 		.4byte	0x0
 373 001d 00000000 		.4byte	0x0
 374 0021 30000000 		.4byte	.Ldebug_ranges0+0x30
 375 0025 00000000 		.4byte	.Ldebug_line0
 376 0029 02       		.uleb128 0x2
 377 002a 01       		.byte	0x1
 378 002b 06       		.byte	0x6
 379 002c 30010000 		.4byte	.LASF0
 380 0030 02       		.uleb128 0x2
 381 0031 01       		.byte	0x1
 382 0032 08       		.byte	0x8
 383 0033 52000000 		.4byte	.LASF1
 384 0037 02       		.uleb128 0x2
 385 0038 02       		.byte	0x2
 386 0039 05       		.byte	0x5
 387 003a 10010000 		.4byte	.LASF2
 388 003e 02       		.uleb128 0x2
 389 003f 02       		.byte	0x2
 390 0040 07       		.byte	0x7
 391 0041 72000000 		.4byte	.LASF3
 392 0045 02       		.uleb128 0x2
 393 0046 04       		.byte	0x4
 394 0047 05       		.byte	0x5
 395 0048 20010000 		.4byte	.LASF4
 396 004c 02       		.uleb128 0x2
 397 004d 04       		.byte	0x4
 398 004e 07       		.byte	0x7
 399 004f 60000000 		.4byte	.LASF5
 400 0053 02       		.uleb128 0x2
 401 0054 08       		.byte	0x8
 402 0055 05       		.byte	0x5
 403 0056 00000000 		.4byte	.LASF6
 404 005a 02       		.uleb128 0x2
 405 005b 08       		.byte	0x8
 406 005c 07       		.byte	0x7
 407 005d BA000000 		.4byte	.LASF7
 408 0061 03       		.uleb128 0x3
 409 0062 04       		.byte	0x4
ARM GAS  C:\DOCUME~1\ADMINI~1\LOCALS~1\Temp\cc02lNry.s 			page 12


 410 0063 05       		.byte	0x5
 411 0064 696E7400 		.ascii	"int\000"
 412 0068 02       		.uleb128 0x2
 413 0069 04       		.byte	0x4
 414 006a 07       		.byte	0x7
 415 006b AD000000 		.4byte	.LASF8
 416 006f 04       		.uleb128 0x4
 417 0070 1A010000 		.4byte	.LASF28
 418 0074 03       		.byte	0x3
 419 0075 4C       		.byte	0x4c
 420 0076 30000000 		.4byte	0x30
 421 007a 02       		.uleb128 0x2
 422 007b 04       		.byte	0x4
 423 007c 04       		.byte	0x4
 424 007d 4C000000 		.4byte	.LASF9
 425 0081 02       		.uleb128 0x2
 426 0082 08       		.byte	0x8
 427 0083 04       		.byte	0x4
 428 0084 92000000 		.4byte	.LASF10
 429 0088 02       		.uleb128 0x2
 430 0089 01       		.byte	0x1
 431 008a 08       		.byte	0x8
 432 008b F3000000 		.4byte	.LASF11
 433 008f 05       		.uleb128 0x5
 434 0090 04       		.byte	0x4
 435 0091 07       		.byte	0x7
 436 0092 06       		.uleb128 0x6
 437 0093 12       		.byte	0x12
 438 0094 01       		.byte	0x1
 439 0095 42       		.byte	0x42
 440 0096 C5000000 		.4byte	0xc5
 441 009a 07       		.uleb128 0x7
 442 009b 1F000000 		.4byte	.LASF12
 443 009f 01       		.byte	0x1
 444 00a0 43       		.byte	0x43
 445 00a1 C5000000 		.4byte	0xc5
 446 00a5 02       		.byte	0x2
 447 00a6 23       		.byte	0x23
 448 00a7 00       		.uleb128 0x0
 449 00a8 07       		.uleb128 0x7
 450 00a9 DE000000 		.4byte	.LASF13
 451 00ad 01       		.byte	0x1
 452 00ae 44       		.byte	0x44
 453 00af 6F000000 		.4byte	0x6f
 454 00b3 02       		.byte	0x2
 455 00b4 23       		.byte	0x23
 456 00b5 10       		.uleb128 0x10
 457 00b6 07       		.uleb128 0x7
 458 00b7 07010000 		.4byte	.LASF14
 459 00bb 01       		.byte	0x1
 460 00bc 45       		.byte	0x45
 461 00bd 6F000000 		.4byte	0x6f
 462 00c1 02       		.byte	0x2
 463 00c2 23       		.byte	0x23
 464 00c3 11       		.uleb128 0x11
 465 00c4 00       		.byte	0x0
 466 00c5 08       		.uleb128 0x8
ARM GAS  C:\DOCUME~1\ADMINI~1\LOCALS~1\Temp\cc02lNry.s 			page 13


 467 00c6 6F000000 		.4byte	0x6f
 468 00ca D5000000 		.4byte	0xd5
 469 00ce 09       		.uleb128 0x9
 470 00cf 8F000000 		.4byte	0x8f
 471 00d3 0F       		.byte	0xf
 472 00d4 00       		.byte	0x0
 473 00d5 0A       		.uleb128 0xa
 474 00d6 0E000000 		.4byte	.LASF29
 475 00da 01       		.byte	0x1
 476 00db 66       		.byte	0x66
 477 00dc 01       		.byte	0x1
 478 00dd 6F000000 		.4byte	0x6f
 479 00e1 01       		.byte	0x1
 480 00e2 08010000 		.4byte	0x108
 481 00e6 0B       		.uleb128 0xb
 482 00e7 29000000 		.4byte	.LASF15
 483 00eb 01       		.byte	0x1
 484 00ec 66       		.byte	0x66
 485 00ed 6F000000 		.4byte	0x6f
 486 00f1 0B       		.uleb128 0xb
 487 00f2 7A010000 		.4byte	.LASF16
 488 00f6 01       		.byte	0x1
 489 00f7 66       		.byte	0x66
 490 00f8 6F000000 		.4byte	0x6f
 491 00fc 0C       		.uleb128 0xc
 492 00fd 29010000 		.4byte	.LASF18
 493 0101 01       		.byte	0x1
 494 0102 68       		.byte	0x68
 495 0103 6F000000 		.4byte	0x6f
 496 0107 00       		.byte	0x0
 497 0108 0D       		.uleb128 0xd
 498 0109 01       		.byte	0x1
 499 010a 85000000 		.4byte	.LASF30
 500 010e 01       		.byte	0x1
 501 010f 89       		.byte	0x89
 502 0110 01       		.byte	0x1
 503 0111 00000000 		.4byte	.LFB30
 504 0115 F4010000 		.4byte	.LFE30
 505 0119 00000000 		.4byte	.LLST0
 506 011d 97010000 		.4byte	0x197
 507 0121 0E       		.uleb128 0xe
 508 0122 3F000000 		.4byte	.LASF17
 509 0126 01       		.byte	0x1
 510 0127 8B       		.byte	0x8b
 511 0128 97010000 		.4byte	0x197
 512 012c 02       		.byte	0x2
 513 012d 91       		.byte	0x91
 514 012e 58       		.sleb128 -40
 515 012f 0E       		.uleb128 0xe
 516 0130 7A010000 		.4byte	.LASF16
 517 0134 01       		.byte	0x1
 518 0135 8C       		.byte	0x8c
 519 0136 97010000 		.4byte	0x197
 520 013a 02       		.byte	0x2
 521 013b 91       		.byte	0x91
 522 013c 50       		.sleb128 -48
 523 013d 0C       		.uleb128 0xc
ARM GAS  C:\DOCUME~1\ADMINI~1\LOCALS~1\Temp\cc02lNry.s 			page 14


 524 013e 36000000 		.4byte	.LASF19
 525 0142 01       		.byte	0x1
 526 0143 8D       		.byte	0x8d
 527 0144 C5000000 		.4byte	0xc5
 528 0148 0C       		.uleb128 0xc
 529 0149 F8000000 		.4byte	.LASF20
 530 014d 01       		.byte	0x1
 531 014e 8E       		.byte	0x8e
 532 014f 6F000000 		.4byte	0x6f
 533 0153 0C       		.uleb128 0xc
 534 0154 01010000 		.4byte	.LASF21
 535 0158 01       		.byte	0x1
 536 0159 8F       		.byte	0x8f
 537 015a 6F000000 		.4byte	0x6f
 538 015e 0F       		.uleb128 0xf
 539 015f 76657200 		.ascii	"ver\000"
 540 0163 01       		.byte	0x1
 541 0164 90       		.byte	0x90
 542 0165 6F000000 		.4byte	0x6f
 543 0169 2B000000 		.4byte	.LLST1
 544 016d 10       		.uleb128 0x10
 545 016e D5000000 		.4byte	0xd5
 546 0172 A6010000 		.4byte	.LBB4
 547 0176 00000000 		.4byte	.Ldebug_ranges0+0x0
 548 017a 01       		.byte	0x1
 549 017b CE       		.byte	0xce
 550 017c 11       		.uleb128 0x11
 551 017d F1000000 		.4byte	0xf1
 552 0181 11       		.uleb128 0x11
 553 0182 E6000000 		.4byte	0xe6
 554 0186 12       		.uleb128 0x12
 555 0187 18000000 		.4byte	.Ldebug_ranges0+0x18
 556 018b 13       		.uleb128 0x13
 557 018c FC000000 		.4byte	0xfc
 558 0190 49000000 		.4byte	.LLST2
 559 0194 00       		.byte	0x0
 560 0195 00       		.byte	0x0
 561 0196 00       		.byte	0x0
 562 0197 08       		.uleb128 0x8
 563 0198 6F000000 		.4byte	0x6f
 564 019c A7010000 		.4byte	0x1a7
 565 01a0 09       		.uleb128 0x9
 566 01a1 8F000000 		.4byte	0x8f
 567 01a5 05       		.byte	0x5
 568 01a6 00       		.byte	0x0
 569 01a7 14       		.uleb128 0x14
 570 01a8 D1000000 		.4byte	.LASF22
 571 01ac 02       		.byte	0x2
 572 01ad CE06     		.2byte	0x6ce
 573 01af B5010000 		.4byte	0x1b5
 574 01b3 01       		.byte	0x1
 575 01b4 01       		.byte	0x1
 576 01b5 15       		.uleb128 0x15
 577 01b6 61000000 		.4byte	0x61
 578 01ba 16       		.uleb128 0x16
 579 01bb 88010000 		.4byte	.LASF23
 580 01bf 01       		.byte	0x1
ARM GAS  C:\DOCUME~1\ADMINI~1\LOCALS~1\Temp\cc02lNry.s 			page 15


 581 01c0 3D       		.byte	0x3d
 582 01c1 6F000000 		.4byte	0x6f
 583 01c5 01       		.byte	0x1
 584 01c6 05       		.byte	0x5
 585 01c7 03       		.byte	0x3
 586 01c8 00000000 		.4byte	kitProgHWVersion
 587 01cc 16       		.uleb128 0x16
 588 01cd A5000000 		.4byte	.LASF24
 589 01d1 01       		.byte	0x1
 590 01d2 46       		.byte	0x46
 591 01d3 DE010000 		.4byte	0x1de
 592 01d7 01       		.byte	0x1
 593 01d8 05       		.byte	0x5
 594 01d9 03       		.byte	0x3
 595 01da 00000000 		.4byte	version
 596 01de 15       		.uleb128 0x15
 597 01df 92000000 		.4byte	0x92
 598 01e3 00       		.byte	0x0
 599              		.section	.debug_abbrev
 600 0000 01       		.uleb128 0x1
 601 0001 11       		.uleb128 0x11
 602 0002 01       		.byte	0x1
 603 0003 25       		.uleb128 0x25
 604 0004 0E       		.uleb128 0xe
 605 0005 13       		.uleb128 0x13
 606 0006 0B       		.uleb128 0xb
 607 0007 03       		.uleb128 0x3
 608 0008 0E       		.uleb128 0xe
 609 0009 1B       		.uleb128 0x1b
 610 000a 0E       		.uleb128 0xe
 611 000b 11       		.uleb128 0x11
 612 000c 01       		.uleb128 0x1
 613 000d 52       		.uleb128 0x52
 614 000e 01       		.uleb128 0x1
 615 000f 55       		.uleb128 0x55
 616 0010 06       		.uleb128 0x6
 617 0011 10       		.uleb128 0x10
 618 0012 06       		.uleb128 0x6
 619 0013 00       		.byte	0x0
 620 0014 00       		.byte	0x0
 621 0015 02       		.uleb128 0x2
 622 0016 24       		.uleb128 0x24
 623 0017 00       		.byte	0x0
 624 0018 0B       		.uleb128 0xb
 625 0019 0B       		.uleb128 0xb
 626 001a 3E       		.uleb128 0x3e
 627 001b 0B       		.uleb128 0xb
 628 001c 03       		.uleb128 0x3
 629 001d 0E       		.uleb128 0xe
 630 001e 00       		.byte	0x0
 631 001f 00       		.byte	0x0
 632 0020 03       		.uleb128 0x3
 633 0021 24       		.uleb128 0x24
 634 0022 00       		.byte	0x0
 635 0023 0B       		.uleb128 0xb
 636 0024 0B       		.uleb128 0xb
 637 0025 3E       		.uleb128 0x3e
ARM GAS  C:\DOCUME~1\ADMINI~1\LOCALS~1\Temp\cc02lNry.s 			page 16


 638 0026 0B       		.uleb128 0xb
 639 0027 03       		.uleb128 0x3
 640 0028 08       		.uleb128 0x8
 641 0029 00       		.byte	0x0
 642 002a 00       		.byte	0x0
 643 002b 04       		.uleb128 0x4
 644 002c 16       		.uleb128 0x16
 645 002d 00       		.byte	0x0
 646 002e 03       		.uleb128 0x3
 647 002f 0E       		.uleb128 0xe
 648 0030 3A       		.uleb128 0x3a
 649 0031 0B       		.uleb128 0xb
 650 0032 3B       		.uleb128 0x3b
 651 0033 0B       		.uleb128 0xb
 652 0034 49       		.uleb128 0x49
 653 0035 13       		.uleb128 0x13
 654 0036 00       		.byte	0x0
 655 0037 00       		.byte	0x0
 656 0038 05       		.uleb128 0x5
 657 0039 24       		.uleb128 0x24
 658 003a 00       		.byte	0x0
 659 003b 0B       		.uleb128 0xb
 660 003c 0B       		.uleb128 0xb
 661 003d 3E       		.uleb128 0x3e
 662 003e 0B       		.uleb128 0xb
 663 003f 00       		.byte	0x0
 664 0040 00       		.byte	0x0
 665 0041 06       		.uleb128 0x6
 666 0042 13       		.uleb128 0x13
 667 0043 01       		.byte	0x1
 668 0044 0B       		.uleb128 0xb
 669 0045 0B       		.uleb128 0xb
 670 0046 3A       		.uleb128 0x3a
 671 0047 0B       		.uleb128 0xb
 672 0048 3B       		.uleb128 0x3b
 673 0049 0B       		.uleb128 0xb
 674 004a 01       		.uleb128 0x1
 675 004b 13       		.uleb128 0x13
 676 004c 00       		.byte	0x0
 677 004d 00       		.byte	0x0
 678 004e 07       		.uleb128 0x7
 679 004f 0D       		.uleb128 0xd
 680 0050 00       		.byte	0x0
 681 0051 03       		.uleb128 0x3
 682 0052 0E       		.uleb128 0xe
 683 0053 3A       		.uleb128 0x3a
 684 0054 0B       		.uleb128 0xb
 685 0055 3B       		.uleb128 0x3b
 686 0056 0B       		.uleb128 0xb
 687 0057 49       		.uleb128 0x49
 688 0058 13       		.uleb128 0x13
 689 0059 38       		.uleb128 0x38
 690 005a 0A       		.uleb128 0xa
 691 005b 00       		.byte	0x0
 692 005c 00       		.byte	0x0
 693 005d 08       		.uleb128 0x8
 694 005e 01       		.uleb128 0x1
ARM GAS  C:\DOCUME~1\ADMINI~1\LOCALS~1\Temp\cc02lNry.s 			page 17


 695 005f 01       		.byte	0x1
 696 0060 49       		.uleb128 0x49
 697 0061 13       		.uleb128 0x13
 698 0062 01       		.uleb128 0x1
 699 0063 13       		.uleb128 0x13
 700 0064 00       		.byte	0x0
 701 0065 00       		.byte	0x0
 702 0066 09       		.uleb128 0x9
 703 0067 21       		.uleb128 0x21
 704 0068 00       		.byte	0x0
 705 0069 49       		.uleb128 0x49
 706 006a 13       		.uleb128 0x13
 707 006b 2F       		.uleb128 0x2f
 708 006c 0B       		.uleb128 0xb
 709 006d 00       		.byte	0x0
 710 006e 00       		.byte	0x0
 711 006f 0A       		.uleb128 0xa
 712 0070 2E       		.uleb128 0x2e
 713 0071 01       		.byte	0x1
 714 0072 03       		.uleb128 0x3
 715 0073 0E       		.uleb128 0xe
 716 0074 3A       		.uleb128 0x3a
 717 0075 0B       		.uleb128 0xb
 718 0076 3B       		.uleb128 0x3b
 719 0077 0B       		.uleb128 0xb
 720 0078 27       		.uleb128 0x27
 721 0079 0C       		.uleb128 0xc
 722 007a 49       		.uleb128 0x49
 723 007b 13       		.uleb128 0x13
 724 007c 20       		.uleb128 0x20
 725 007d 0B       		.uleb128 0xb
 726 007e 01       		.uleb128 0x1
 727 007f 13       		.uleb128 0x13
 728 0080 00       		.byte	0x0
 729 0081 00       		.byte	0x0
 730 0082 0B       		.uleb128 0xb
 731 0083 05       		.uleb128 0x5
 732 0084 00       		.byte	0x0
 733 0085 03       		.uleb128 0x3
 734 0086 0E       		.uleb128 0xe
 735 0087 3A       		.uleb128 0x3a
 736 0088 0B       		.uleb128 0xb
 737 0089 3B       		.uleb128 0x3b
 738 008a 0B       		.uleb128 0xb
 739 008b 49       		.uleb128 0x49
 740 008c 13       		.uleb128 0x13
 741 008d 00       		.byte	0x0
 742 008e 00       		.byte	0x0
 743 008f 0C       		.uleb128 0xc
 744 0090 34       		.uleb128 0x34
 745 0091 00       		.byte	0x0
 746 0092 03       		.uleb128 0x3
 747 0093 0E       		.uleb128 0xe
 748 0094 3A       		.uleb128 0x3a
 749 0095 0B       		.uleb128 0xb
 750 0096 3B       		.uleb128 0x3b
 751 0097 0B       		.uleb128 0xb
ARM GAS  C:\DOCUME~1\ADMINI~1\LOCALS~1\Temp\cc02lNry.s 			page 18


 752 0098 49       		.uleb128 0x49
 753 0099 13       		.uleb128 0x13
 754 009a 00       		.byte	0x0
 755 009b 00       		.byte	0x0
 756 009c 0D       		.uleb128 0xd
 757 009d 2E       		.uleb128 0x2e
 758 009e 01       		.byte	0x1
 759 009f 3F       		.uleb128 0x3f
 760 00a0 0C       		.uleb128 0xc
 761 00a1 03       		.uleb128 0x3
 762 00a2 0E       		.uleb128 0xe
 763 00a3 3A       		.uleb128 0x3a
 764 00a4 0B       		.uleb128 0xb
 765 00a5 3B       		.uleb128 0x3b
 766 00a6 0B       		.uleb128 0xb
 767 00a7 27       		.uleb128 0x27
 768 00a8 0C       		.uleb128 0xc
 769 00a9 11       		.uleb128 0x11
 770 00aa 01       		.uleb128 0x1
 771 00ab 12       		.uleb128 0x12
 772 00ac 01       		.uleb128 0x1
 773 00ad 40       		.uleb128 0x40
 774 00ae 06       		.uleb128 0x6
 775 00af 01       		.uleb128 0x1
 776 00b0 13       		.uleb128 0x13
 777 00b1 00       		.byte	0x0
 778 00b2 00       		.byte	0x0
 779 00b3 0E       		.uleb128 0xe
 780 00b4 34       		.uleb128 0x34
 781 00b5 00       		.byte	0x0
 782 00b6 03       		.uleb128 0x3
 783 00b7 0E       		.uleb128 0xe
 784 00b8 3A       		.uleb128 0x3a
 785 00b9 0B       		.uleb128 0xb
 786 00ba 3B       		.uleb128 0x3b
 787 00bb 0B       		.uleb128 0xb
 788 00bc 49       		.uleb128 0x49
 789 00bd 13       		.uleb128 0x13
 790 00be 02       		.uleb128 0x2
 791 00bf 0A       		.uleb128 0xa
 792 00c0 00       		.byte	0x0
 793 00c1 00       		.byte	0x0
 794 00c2 0F       		.uleb128 0xf
 795 00c3 34       		.uleb128 0x34
 796 00c4 00       		.byte	0x0
 797 00c5 03       		.uleb128 0x3
 798 00c6 08       		.uleb128 0x8
 799 00c7 3A       		.uleb128 0x3a
 800 00c8 0B       		.uleb128 0xb
 801 00c9 3B       		.uleb128 0x3b
 802 00ca 0B       		.uleb128 0xb
 803 00cb 49       		.uleb128 0x49
 804 00cc 13       		.uleb128 0x13
 805 00cd 02       		.uleb128 0x2
 806 00ce 06       		.uleb128 0x6
 807 00cf 00       		.byte	0x0
 808 00d0 00       		.byte	0x0
ARM GAS  C:\DOCUME~1\ADMINI~1\LOCALS~1\Temp\cc02lNry.s 			page 19


 809 00d1 10       		.uleb128 0x10
 810 00d2 1D       		.uleb128 0x1d
 811 00d3 01       		.byte	0x1
 812 00d4 31       		.uleb128 0x31
 813 00d5 13       		.uleb128 0x13
 814 00d6 52       		.uleb128 0x52
 815 00d7 01       		.uleb128 0x1
 816 00d8 55       		.uleb128 0x55
 817 00d9 06       		.uleb128 0x6
 818 00da 58       		.uleb128 0x58
 819 00db 0B       		.uleb128 0xb
 820 00dc 59       		.uleb128 0x59
 821 00dd 0B       		.uleb128 0xb
 822 00de 00       		.byte	0x0
 823 00df 00       		.byte	0x0
 824 00e0 11       		.uleb128 0x11
 825 00e1 05       		.uleb128 0x5
 826 00e2 00       		.byte	0x0
 827 00e3 31       		.uleb128 0x31
 828 00e4 13       		.uleb128 0x13
 829 00e5 00       		.byte	0x0
 830 00e6 00       		.byte	0x0
 831 00e7 12       		.uleb128 0x12
 832 00e8 0B       		.uleb128 0xb
 833 00e9 01       		.byte	0x1
 834 00ea 55       		.uleb128 0x55
 835 00eb 06       		.uleb128 0x6
 836 00ec 00       		.byte	0x0
 837 00ed 00       		.byte	0x0
 838 00ee 13       		.uleb128 0x13
 839 00ef 34       		.uleb128 0x34
 840 00f0 00       		.byte	0x0
 841 00f1 31       		.uleb128 0x31
 842 00f2 13       		.uleb128 0x13
 843 00f3 02       		.uleb128 0x2
 844 00f4 06       		.uleb128 0x6
 845 00f5 00       		.byte	0x0
 846 00f6 00       		.byte	0x0
 847 00f7 14       		.uleb128 0x14
 848 00f8 34       		.uleb128 0x34
 849 00f9 00       		.byte	0x0
 850 00fa 03       		.uleb128 0x3
 851 00fb 0E       		.uleb128 0xe
 852 00fc 3A       		.uleb128 0x3a
 853 00fd 0B       		.uleb128 0xb
 854 00fe 3B       		.uleb128 0x3b
 855 00ff 05       		.uleb128 0x5
 856 0100 49       		.uleb128 0x49
 857 0101 13       		.uleb128 0x13
 858 0102 3F       		.uleb128 0x3f
 859 0103 0C       		.uleb128 0xc
 860 0104 3C       		.uleb128 0x3c
 861 0105 0C       		.uleb128 0xc
 862 0106 00       		.byte	0x0
 863 0107 00       		.byte	0x0
 864 0108 15       		.uleb128 0x15
 865 0109 35       		.uleb128 0x35
ARM GAS  C:\DOCUME~1\ADMINI~1\LOCALS~1\Temp\cc02lNry.s 			page 20


 866 010a 00       		.byte	0x0
 867 010b 49       		.uleb128 0x49
 868 010c 13       		.uleb128 0x13
 869 010d 00       		.byte	0x0
 870 010e 00       		.byte	0x0
 871 010f 16       		.uleb128 0x16
 872 0110 34       		.uleb128 0x34
 873 0111 00       		.byte	0x0
 874 0112 03       		.uleb128 0x3
 875 0113 0E       		.uleb128 0xe
 876 0114 3A       		.uleb128 0x3a
 877 0115 0B       		.uleb128 0xb
 878 0116 3B       		.uleb128 0x3b
 879 0117 0B       		.uleb128 0xb
 880 0118 49       		.uleb128 0x49
 881 0119 13       		.uleb128 0x13
 882 011a 3F       		.uleb128 0x3f
 883 011b 0C       		.uleb128 0xc
 884 011c 02       		.uleb128 0x2
 885 011d 0A       		.uleb128 0xa
 886 011e 00       		.byte	0x0
 887 011f 00       		.byte	0x0
 888 0120 00       		.byte	0x0
 889              		.section	.debug_pubnames,"",%progbits
 890 0000 40000000 		.4byte	0x40
 891 0004 0200     		.2byte	0x2
 892 0006 00000000 		.4byte	.Ldebug_info0
 893 000a E4010000 		.4byte	0x1e4
 894 000e 08010000 		.4byte	0x108
 895 0012 47657448 		.ascii	"GetHWVersion\000"
 895      57566572 
 895      73696F6E 
 895      00
 896 001f BA010000 		.4byte	0x1ba
 897 0023 6B697450 		.ascii	"kitProgHWVersion\000"
 897      726F6748 
 897      57566572 
 897      73696F6E 
 897      00
 898 0034 CC010000 		.4byte	0x1cc
 899 0038 76657273 		.ascii	"version\000"
 899      696F6E00 
 900 0040 00000000 		.4byte	0x0
 901              		.section	.debug_aranges,"",%progbits
 902 0000 1C000000 		.4byte	0x1c
 903 0004 0200     		.2byte	0x2
 904 0006 00000000 		.4byte	.Ldebug_info0
 905 000a 04       		.byte	0x4
 906 000b 00       		.byte	0x0
 907 000c 0000     		.2byte	0x0
 908 000e 0000     		.2byte	0x0
 909 0010 00000000 		.4byte	.LFB30
 910 0014 F4010000 		.4byte	.LFE30-.LFB30
 911 0018 00000000 		.4byte	0x0
 912 001c 00000000 		.4byte	0x0
 913              		.section	.debug_ranges,"",%progbits
 914              	.Ldebug_ranges0:
ARM GAS  C:\DOCUME~1\ADMINI~1\LOCALS~1\Temp\cc02lNry.s 			page 21


 915 0000 A6010000 		.4byte	.LBB4
 916 0004 AA010000 		.4byte	.LBE4
 917 0008 AE010000 		.4byte	.LBB7
 918 000c B8010000 		.4byte	.LBE7
 919 0010 00000000 		.4byte	0x0
 920 0014 00000000 		.4byte	0x0
 921 0018 A6010000 		.4byte	.LBB5
 922 001c AA010000 		.4byte	.LBE5
 923 0020 AE010000 		.4byte	.LBB6
 924 0024 B8010000 		.4byte	.LBE6
 925 0028 00000000 		.4byte	0x0
 926 002c 00000000 		.4byte	0x0
 927 0030 00000000 		.4byte	.Ltext0
 928 0034 00000000 		.4byte	.Letext0
 929 0038 00000000 		.4byte	.LFB30
 930 003c F4010000 		.4byte	.LFE30
 931 0040 00000000 		.4byte	0x0
 932 0044 00000000 		.4byte	0x0
 933              		.section	.debug_str,"MS",%progbits,1
 934              	.LASF6:
 935 0000 6C6F6E67 		.ascii	"long long int\000"
 935      206C6F6E 
 935      6720696E 
 935      7400
 936              	.LASF29:
 937 000e 43686563 		.ascii	"CheckHWVerPerPin\000"
 937      6B485756 
 937      65725065 
 937      7250696E 
 937      00
 938              	.LASF12:
 939 001f 7369676E 		.ascii	"signature\000"
 939      61747572 
 939      6500
 940              	.LASF15:
 941 0029 6256616C 		.ascii	"bValuePullup\000"
 941      75655075 
 941      6C6C7570 
 941      00
 942              	.LASF19:
 943 0036 73696743 		.ascii	"sigCheck\000"
 943      6865636B 
 943      00
 944              	.LASF17:
 945 003f 6256616C 		.ascii	"bValuePullUp\000"
 945      75655075 
 945      6C6C5570 
 945      00
 946              	.LASF9:
 947 004c 666C6F61 		.ascii	"float\000"
 947      7400
 948              	.LASF1:
 949 0052 756E7369 		.ascii	"unsigned char\000"
 949      676E6564 
 949      20636861 
 949      7200
 950              	.LASF5:
ARM GAS  C:\DOCUME~1\ADMINI~1\LOCALS~1\Temp\cc02lNry.s 			page 22


 951 0060 6C6F6E67 		.ascii	"long unsigned int\000"
 951      20756E73 
 951      69676E65 
 951      6420696E 
 951      7400
 952              	.LASF3:
 953 0072 73686F72 		.ascii	"short unsigned int\000"
 953      7420756E 
 953      7369676E 
 953      65642069 
 953      6E7400
 954              	.LASF30:
 955 0085 47657448 		.ascii	"GetHWVersion\000"
 955      57566572 
 955      73696F6E 
 955      00
 956              	.LASF10:
 957 0092 646F7562 		.ascii	"double\000"
 957      6C6500
 958              	.LASF26:
 959 0099 2E5C7665 		.ascii	".\\version.c\000"
 959      7273696F 
 959      6E2E6300 
 960              	.LASF24:
 961 00a5 76657273 		.ascii	"version\000"
 961      696F6E00 
 962              	.LASF8:
 963 00ad 756E7369 		.ascii	"unsigned int\000"
 963      676E6564 
 963      20696E74 
 963      00
 964              	.LASF7:
 965 00ba 6C6F6E67 		.ascii	"long long unsigned int\000"
 965      206C6F6E 
 965      6720756E 
 965      7369676E 
 965      65642069 
 966              	.LASF22:
 967 00d1 49544D5F 		.ascii	"ITM_RxBuffer\000"
 967      52784275 
 967      66666572 
 967      00
 968              	.LASF13:
 969 00de 7665724D 		.ascii	"verMajor\000"
 969      616A6F72 
 969      00
 970              	.LASF25:
 971 00e7 474E5520 		.ascii	"GNU C 4.4.1\000"
 971      4320342E 
 971      342E3100 
 972              	.LASF11:
 973 00f3 63686172 		.ascii	"char\000"
 973      00
 974              	.LASF20:
 975 00f8 76657243 		.ascii	"verCheck\000"
 975      6865636B 
 975      00
ARM GAS  C:\DOCUME~1\ADMINI~1\LOCALS~1\Temp\cc02lNry.s 			page 23


 976              	.LASF21:
 977 0101 696E6465 		.ascii	"index\000"
 977      7800
 978              	.LASF14:
 979 0107 7665724D 		.ascii	"verMinor\000"
 979      696E6F72 
 979      00
 980              	.LASF2:
 981 0110 73686F72 		.ascii	"short int\000"
 981      7420696E 
 981      7400
 982              	.LASF28:
 983 011a 75696E74 		.ascii	"uint8\000"
 983      3800
 984              	.LASF4:
 985 0120 6C6F6E67 		.ascii	"long int\000"
 985      20696E74 
 985      00
 986              	.LASF18:
 987 0129 62487756 		.ascii	"bHwVer\000"
 987      657200
 988              	.LASF0:
 989 0130 7369676E 		.ascii	"signed char\000"
 989      65642063 
 989      68617200 
 990              	.LASF27:
 991 013c 5C5C7073 		.ascii	"\\\\psf\\Home\\Desktop\\KitProg version 2_03\\KitPr"
 991      665C486F 
 991      6D655C44 
 991      65736B74 
 991      6F705C4B 
 992 0169 6F675C4B 		.ascii	"og\\KitProg.cydsn\000"
 992      69745072 
 992      6F672E63 
 992      7964736E 
 992      00
 993              	.LASF16:
 994 017a 6256616C 		.ascii	"bValuePullDwn\000"
 994      75655075 
 994      6C6C4477 
 994      6E00
 995              	.LASF23:
 996 0188 6B697450 		.ascii	"kitProgHWVersion\000"
 996      726F6748 
 996      57566572 
 996      73696F6E 
 996      00
 997              		.ident	"GCC: (Sourcery G++ Lite 2010q1-188) 4.4.1"
